05:44:09,837 |-INFO in ch.qos.logback.classic.LoggerContext[default] - Could NOT find resource [logback-test.xml]
05:44:09,838 |-INFO in ch.qos.logback.classic.LoggerContext[default] - Could NOT find resource [logback.groovy]
05:44:09,838 |-INFO in ch.qos.logback.classic.LoggerContext[default] - Found resource [logback.xml] at [jar:file:/root/flamestream/lib/flamestream-runtime-1.0-SNAPSHOT.jar!/logback.xml]
05:44:09,839 |-WARN in ch.qos.logback.classic.LoggerContext[default] - Resource [logback.xml] occurs multiple times on the classpath.
05:44:09,839 |-WARN in ch.qos.logback.classic.LoggerContext[default] - Resource [logback.xml] occurs at [jar:file:/root/flamestream/lib/flamestream-runtime-1.0-SNAPSHOT.jar!/logback.xml]
05:44:09,839 |-WARN in ch.qos.logback.classic.LoggerContext[default] - Resource [logback.xml] occurs at [jar:file:/root/flamestream/flamestream-runtime-1.0-SNAPSHOT.jar!/logback.xml]
05:44:09,859 |-INFO in ch.qos.logback.core.joran.spi.ConfigurationWatchList@3fb6a447 - URL [jar:file:/root/flamestream/lib/flamestream-runtime-1.0-SNAPSHOT.jar!/logback.xml] is not of type file
05:44:09,935 |-INFO in ch.qos.logback.classic.joran.action.ConfigurationAction - debug attribute not set
05:44:09,936 |-INFO in ch.qos.logback.core.joran.action.AppenderAction - About to instantiate appender of type [ch.qos.logback.core.ConsoleAppender]
05:44:09,948 |-INFO in ch.qos.logback.core.joran.action.AppenderAction - Naming appender as [STDOUT]
05:44:09,966 |-INFO in ch.qos.logback.core.joran.action.NestedComplexPropertyIA - Assuming default type [ch.qos.logback.classic.encoder.PatternLayoutEncoder] for [encoder] property
05:44:10,055 |-INFO in ch.qos.logback.core.joran.action.AppenderAction - About to instantiate appender of type [ch.qos.logback.core.rolling.RollingFileAppender]
05:44:10,060 |-INFO in ch.qos.logback.core.joran.action.AppenderAction - Naming appender as [FILE]
05:44:10,092 |-INFO in c.q.l.core.rolling.TimeBasedRollingPolicy@127618319 - No compression will be used
05:44:10,093 |-INFO in c.q.l.core.rolling.TimeBasedRollingPolicy@127618319 - Will use the pattern /tmp/application_%d{yyyy-MM-dd}.%i.log for the active file
05:44:10,096 |-INFO in ch.qos.logback.core.rolling.SizeAndTimeBasedFNATP@6b2fad11 - The date pattern is 'yyyy-MM-dd' from file name pattern '/tmp/application_%d{yyyy-MM-dd}.%i.log'.
05:44:10,096 |-INFO in ch.qos.logback.core.rolling.SizeAndTimeBasedFNATP@6b2fad11 - Roll-over at midnight.
05:44:10,101 |-INFO in ch.qos.logback.core.rolling.SizeAndTimeBasedFNATP@6b2fad11 - Setting initial period to Tue Jun 11 05:42:47 UTC 2019
05:44:10,101 |-WARN in ch.qos.logback.core.rolling.SizeAndTimeBasedFNATP@6b2fad11 - SizeAndTimeBasedFNATP is deprecated. Use SizeAndTimeBasedRollingPolicy instead
05:44:10,101 |-WARN in ch.qos.logback.core.rolling.SizeAndTimeBasedFNATP@6b2fad11 - For more information see http://logback.qos.ch/manual/appenders.html#SizeAndTimeBasedRollingPolicy
05:44:10,105 |-INFO in ch.qos.logback.core.joran.action.NestedComplexPropertyIA - Assuming default type [ch.qos.logback.classic.encoder.PatternLayoutEncoder] for [encoder] property
05:44:10,110 |-INFO in ch.qos.logback.core.rolling.RollingFileAppender[FILE] - Active log file name: /tmp/application.log
05:44:10,110 |-INFO in ch.qos.logback.core.rolling.RollingFileAppender[FILE] - File property is set to [/tmp/application.log]
05:44:10,111 |-INFO in ch.qos.logback.classic.joran.action.RootLoggerAction - Setting level of ROOT logger to WARN
05:44:10,111 |-INFO in ch.qos.logback.core.joran.action.AppenderRefAction - Attaching appender named [STDOUT] to Logger[ROOT]
05:44:10,113 |-INFO in ch.qos.logback.core.joran.action.AppenderRefAction - Attaching appender named [FILE] to Logger[ROOT]
05:44:10,113 |-INFO in ch.qos.logback.classic.joran.action.ConfigurationAction - End of configuration.
05:44:10,114 |-INFO in ch.qos.logback.classic.joran.JoranConfigurator@79698539 - Registering current configuration as safe fallback point

Ama winner
Ama winner
2019-06-11T05:44:11.435+0000: 1.784: [Full GC (Metadata GC Threshold) 2019-06-11T05:44:11.435+0000: 1.784: [Tenured: 0K->15241K(341376K), 0.0412956 secs] 117750K->15241K(494976K), [Metaspace: 20732K->20732K(1067008K)], 0.0413640 secs] [Times: user=0.04 sys=0.00, real=0.04 secs] 
05:44:29.657 [Curator-PathChildrenCache-1] WARN  o.a.c.u.ZKPaths  - The version of ZooKeeper being used doesn't support Container nodes. CreateMode.PERSISTENT will be used instead.
2019-06-11T05:44:32.023+0000: 22.372: [GC (Allocation Failure) 2019-06-11T05:44:32.023+0000: 22.372: [DefNew: 136576K->17023K(153600K), 0.0385746 secs] 151817K->52597K(494976K), 0.0386459 secs] [Times: user=0.04 sys=0.00, real=0.04 secs] 
2019-06-11T05:44:33.901+0000: 24.251: [Full GC (Metadata GC Threshold) 2019-06-11T05:44:33.901+0000: 24.251: [Tenured: 35573K->43972K(341376K), 0.0441377 secs] 99540K->43972K(494976K), [Metaspace: 34608K->34608K(1079296K)], 0.0442089 secs] [Times: user=0.05 sys=0.00, real=0.05 secs] 
2019-06-11T05:44:38.958+0000: 29.308: [GC (Allocation Failure) 2019-06-11T05:44:38.958+0000: 29.308: [DefNew: 136576K->244K(153600K), 0.0020360 secs] 180548K->44217K(494976K), 0.0020926 secs] [Times: user=0.00 sys=0.00, real=0.00 secs] 
2019-06-11T05:44:44.053+0000: 34.403: [GC (Allocation Failure) 2019-06-11T05:44:44.053+0000: 34.403: [DefNew: 136820K->246K(153600K), 0.0018484 secs] 180793K->44218K(494976K), 0.0019009 secs] [Times: user=0.01 sys=0.00, real=0.00 secs] 
2019-06-11T05:44:49.269+0000: 39.619: [GC (Allocation Failure) 2019-06-11T05:44:49.269+0000: 39.619: [DefNew: 136822K->245K(153600K), 0.0018716 secs] 180794K->44218K(494976K), 0.0019304 secs] [Times: user=0.01 sys=0.00, real=0.00 secs] 
2019-06-11T05:44:55.978+0000: 46.327: [GC (Allocation Failure) 2019-06-11T05:44:55.978+0000: 46.327: [DefNew: 136821K->246K(153600K), 0.0019135 secs] 180794K->44219K(494976K), 0.0019710 secs] [Times: user=0.01 sys=0.00, real=0.00 secs] 
05:45:09.763 [Curator-PathChildrenCache-0] ERROR o.a.c.f.r.c.PathChildrenCache  - 
java.lang.IllegalStateException: instance must be started before calling this method
	at org.apache.curator.shaded.com.google.common.base.Preconditions.checkState(Preconditions.java:444)
	at org.apache.curator.framework.imps.CuratorFrameworkImpl.getChildren(CuratorFrameworkImpl.java:456)
	at org.apache.curator.framework.recipes.cache.PathChildrenCache.refresh(PathChildrenCache.java:521)
	at org.apache.curator.framework.recipes.cache.RefreshOperation.invoke(RefreshOperation.java:35)
	at org.apache.curator.framework.recipes.cache.PathChildrenCache$9.run(PathChildrenCache.java:786)
	at java.util.concurrent.Executors$RunnableAdapter.call(Executors.java:511)
	at java.util.concurrent.FutureTask.run(FutureTask.java:266)
	at java.util.concurrent.Executors$RunnableAdapter.call(Executors.java:511)
	at java.util.concurrent.FutureTask.run(FutureTask.java:266)
	at java.util.concurrent.ThreadPoolExecutor.runWorker(ThreadPoolExecutor.java:1149)
	at java.util.concurrent.ThreadPoolExecutor$Worker.run(ThreadPoolExecutor.java:624)
	at java.lang.Thread.run(Thread.java:748)
Heap
 def new generation   total 153600K, used 71739K [0x00000000e0c00000, 0x00000000eb2a0000, 0x00000000eb2a0000)
  eden space 136576K,  52% used [0x00000000e0c00000, 0x00000000e51d1370, 0x00000000e9160000)
  from space 17024K,   1% used [0x00000000ea200000, 0x00000000ea23dab8, 0x00000000eb2a0000)
  to   space 17024K,   0% used [0x00000000e9160000, 0x00000000e9160000, 0x00000000ea200000)
 tenured generation   total 341376K, used 43972K [0x00000000eb2a0000, 0x0000000100000000, 0x0000000100000000)
   the space 341376K,  12% used [0x00000000eb2a0000, 0x00000000edd91248, 0x00000000edd91400, 0x0000000100000000)
 Metaspace       used 35824K, capacity 36722K, committed 36864K, reserved 1081344K
  class space    used 4828K, capacity 5045K, committed 5120K, reserved 1048576K
