15:30:19,634 |-INFO in ch.qos.logback.classic.LoggerContext[default] - Could NOT find resource [logback-test.xml]
15:30:19,634 |-INFO in ch.qos.logback.classic.LoggerContext[default] - Could NOT find resource [logback.groovy]
15:30:19,635 |-INFO in ch.qos.logback.classic.LoggerContext[default] - Found resource [logback.xml] at [jar:file:/root/flamestream/lib/flamestream-runtime-1.0-SNAPSHOT.jar!/logback.xml]
15:30:19,635 |-WARN in ch.qos.logback.classic.LoggerContext[default] - Resource [logback.xml] occurs multiple times on the classpath.
15:30:19,636 |-WARN in ch.qos.logback.classic.LoggerContext[default] - Resource [logback.xml] occurs at [jar:file:/root/flamestream/lib/flamestream-runtime-1.0-SNAPSHOT.jar!/logback.xml]
15:30:19,636 |-WARN in ch.qos.logback.classic.LoggerContext[default] - Resource [logback.xml] occurs at [jar:file:/root/flamestream/flamestream-runtime-1.0-SNAPSHOT.jar!/logback.xml]
15:30:19,655 |-INFO in ch.qos.logback.core.joran.spi.ConfigurationWatchList@3fb6a447 - URL [jar:file:/root/flamestream/lib/flamestream-runtime-1.0-SNAPSHOT.jar!/logback.xml] is not of type file
15:30:19,721 |-INFO in ch.qos.logback.classic.joran.action.ConfigurationAction - debug attribute not set
15:30:19,721 |-INFO in ch.qos.logback.core.joran.action.AppenderAction - About to instantiate appender of type [ch.qos.logback.core.ConsoleAppender]
15:30:19,738 |-INFO in ch.qos.logback.core.joran.action.AppenderAction - Naming appender as [STDOUT]
15:30:19,757 |-INFO in ch.qos.logback.core.joran.action.NestedComplexPropertyIA - Assuming default type [ch.qos.logback.classic.encoder.PatternLayoutEncoder] for [encoder] property
15:30:19,834 |-INFO in ch.qos.logback.core.joran.action.AppenderAction - About to instantiate appender of type [ch.qos.logback.core.rolling.RollingFileAppender]
15:30:19,843 |-INFO in ch.qos.logback.core.joran.action.AppenderAction - Naming appender as [FILE]
15:30:19,873 |-INFO in c.q.l.core.rolling.TimeBasedRollingPolicy@127618319 - No compression will be used
15:30:19,874 |-INFO in c.q.l.core.rolling.TimeBasedRollingPolicy@127618319 - Will use the pattern /tmp/application_%d{yyyy-MM-dd}.%i.log for the active file
15:30:19,877 |-INFO in ch.qos.logback.core.rolling.SizeAndTimeBasedFNATP@6b2fad11 - The date pattern is 'yyyy-MM-dd' from file name pattern '/tmp/application_%d{yyyy-MM-dd}.%i.log'.
15:30:19,877 |-INFO in ch.qos.logback.core.rolling.SizeAndTimeBasedFNATP@6b2fad11 - Roll-over at midnight.
15:30:19,882 |-INFO in ch.qos.logback.core.rolling.SizeAndTimeBasedFNATP@6b2fad11 - Setting initial period to Mon Jun 10 15:29:06 UTC 2019
15:30:19,882 |-WARN in ch.qos.logback.core.rolling.SizeAndTimeBasedFNATP@6b2fad11 - SizeAndTimeBasedFNATP is deprecated. Use SizeAndTimeBasedRollingPolicy instead
15:30:19,882 |-WARN in ch.qos.logback.core.rolling.SizeAndTimeBasedFNATP@6b2fad11 - For more information see http://logback.qos.ch/manual/appenders.html#SizeAndTimeBasedRollingPolicy
15:30:19,886 |-INFO in ch.qos.logback.core.joran.action.NestedComplexPropertyIA - Assuming default type [ch.qos.logback.classic.encoder.PatternLayoutEncoder] for [encoder] property
15:30:19,891 |-INFO in ch.qos.logback.core.rolling.RollingFileAppender[FILE] - Active log file name: /tmp/application.log
15:30:19,891 |-INFO in ch.qos.logback.core.rolling.RollingFileAppender[FILE] - File property is set to [/tmp/application.log]
15:30:19,892 |-INFO in ch.qos.logback.classic.joran.action.RootLoggerAction - Setting level of ROOT logger to WARN
15:30:19,892 |-INFO in ch.qos.logback.core.joran.action.AppenderRefAction - Attaching appender named [STDOUT] to Logger[ROOT]
15:30:19,894 |-INFO in ch.qos.logback.core.joran.action.AppenderRefAction - Attaching appender named [FILE] to Logger[ROOT]
15:30:19,894 |-INFO in ch.qos.logback.classic.joran.action.ConfigurationAction - End of configuration.
15:30:19,894 |-INFO in ch.qos.logback.classic.joran.JoranConfigurator@79698539 - Registering current configuration as safe fallback point

Ama winner
Ama winner
2019-06-10T15:30:21.521+0000: 2.073: [Full GC (Metadata GC Threshold) 2019-06-10T15:30:21.521+0000: 2.073: [Tenured: 0K->15257K(341376K), 0.0388895 secs] 117718K->15257K(494976K), [Metaspace: 20747K->20747K(1067008K)], 0.0389569 secs] [Times: user=0.04 sys=0.01, real=0.04 secs] 
15:30:33.284 [Curator-PathChildrenCache-1] WARN  o.a.c.u.ZKPaths  - The version of ZooKeeper being used doesn't support Container nodes. CreateMode.PERSISTENT will be used instead.
2019-06-10T15:30:35.707+0000: 16.259: [GC (Allocation Failure) 2019-06-10T15:30:35.707+0000: 16.259: [DefNew: 135870K->16442K(153600K), 0.0282639 secs] 151127K->51230K(494976K), 0.0283361 secs] [Times: user=0.02 sys=0.00, real=0.03 secs] 
2019-06-10T15:30:40.120+0000: 20.672: [Full GC (Metadata GC Threshold) 2019-06-10T15:30:40.120+0000: 20.672: [Tenured: 34788K->43544K(341376K), 0.0654643 secs] 163267K->43544K(494976K), [Metaspace: 34601K->34601K(1079296K)], 0.0655433 secs] [Times: user=0.06 sys=0.00, real=0.07 secs] 
2019-06-10T15:30:45.647+0000: 26.199: [GC (Allocation Failure) 2019-06-10T15:30:45.647+0000: 26.199: [DefNew: 136576K->90K(153600K), 0.0018217 secs] 180120K->43634K(494976K), 0.0018845 secs] [Times: user=0.01 sys=0.00, real=0.00 secs] 
2019-06-10T15:30:51.080+0000: 31.632: [GC (Allocation Failure) 2019-06-10T15:30:51.080+0000: 31.632: [DefNew: 136666K->94K(153600K), 0.0017157 secs] 180210K->43639K(494976K), 0.0017761 secs] [Times: user=0.00 sys=0.00, real=0.00 secs] 
2019-06-10T15:30:56.487+0000: 37.039: [GC (Allocation Failure) 2019-06-10T15:30:56.487+0000: 37.039: [DefNew: 136670K->125K(153600K), 0.0017740 secs] 180215K->43670K(494976K), 0.0018361 secs] [Times: user=0.00 sys=0.00, real=0.00 secs] 
2019-06-10T15:31:06.683+0000: 47.234: [GC (Allocation Failure) 2019-06-10T15:31:06.683+0000: 47.235: [DefNew: 136701K->535K(153600K), 0.0026189 secs] 180246K->44080K(494976K), 0.0026773 secs] [Times: user=0.00 sys=0.00, real=0.01 secs] 
15:31:06.722 [Curator-PathChildrenCache-0] ERROR o.a.c.f.r.c.PathChildrenCache  - 
java.lang.IllegalStateException: instance must be started before calling this method
	at org.apache.curator.shaded.com.google.common.base.Preconditions.checkState(Preconditions.java:444)
	at org.apache.curator.framework.imps.CuratorFrameworkImpl.getChildren(CuratorFrameworkImpl.java:456)
	at org.apache.curator.framework.recipes.cache.PathChildrenCache.refresh(PathChildrenCache.java:521)
	at org.apache.curator.framework.recipes.cache.RefreshOperation.invoke(RefreshOperation.java:35)
	at org.apache.curator.framework.recipes.cache.PathChildrenCache$9.run(PathChildrenCache.java:786)
	at java.util.concurrent.Executors$RunnableAdapter.call(Executors.java:511)
	at java.util.concurrent.FutureTask.run(FutureTask.java:266)
	at java.util.concurrent.Executors$RunnableAdapter.call(Executors.java:511)
	at java.util.concurrent.FutureTask.run(FutureTask.java:266)
	at java.util.concurrent.ThreadPoolExecutor.runWorker(ThreadPoolExecutor.java:1149)
	at java.util.concurrent.ThreadPoolExecutor$Worker.run(ThreadPoolExecutor.java:624)
	at java.lang.Thread.run(Thread.java:748)
Heap
 def new generation   total 153600K, used 11433K [0x00000000e0c00000, 0x00000000eb2a0000, 0x00000000eb2a0000)
  eden space 136576K,   7% used [0x00000000e0c00000, 0x00000000e16a4858, 0x00000000e9160000)
  from space 17024K,   3% used [0x00000000ea200000, 0x00000000ea285fa0, 0x00000000eb2a0000)
  to   space 17024K,   0% used [0x00000000e9160000, 0x00000000e9160000, 0x00000000ea200000)
 tenured generation   total 341376K, used 43544K [0x00000000eb2a0000, 0x0000000100000000, 0x0000000100000000)
   the space 341376K,  12% used [0x00000000eb2a0000, 0x00000000edd26378, 0x00000000edd26400, 0x0000000100000000)
 Metaspace       used 35666K, capacity 36544K, committed 36864K, reserved 1081344K
  class space    used 4816K, capacity 5010K, committed 5120K, reserved 1048576K
