20:06:32,647 |-INFO in ch.qos.logback.classic.LoggerContext[default] - Could NOT find resource [logback-test.xml]
20:06:32,647 |-INFO in ch.qos.logback.classic.LoggerContext[default] - Could NOT find resource [logback.groovy]
20:06:32,647 |-INFO in ch.qos.logback.classic.LoggerContext[default] - Found resource [logback.xml] at [jar:file:/root/flamestream/lib/flamestream-runtime-1.0-SNAPSHOT.jar!/logback.xml]
20:06:32,648 |-WARN in ch.qos.logback.classic.LoggerContext[default] - Resource [logback.xml] occurs multiple times on the classpath.
20:06:32,648 |-WARN in ch.qos.logback.classic.LoggerContext[default] - Resource [logback.xml] occurs at [jar:file:/root/flamestream/lib/flamestream-runtime-1.0-SNAPSHOT.jar!/logback.xml]
20:06:32,648 |-WARN in ch.qos.logback.classic.LoggerContext[default] - Resource [logback.xml] occurs at [jar:file:/root/flamestream/flamestream-runtime-1.0-SNAPSHOT.jar!/logback.xml]
20:06:32,669 |-INFO in ch.qos.logback.core.joran.spi.ConfigurationWatchList@3fb6a447 - URL [jar:file:/root/flamestream/lib/flamestream-runtime-1.0-SNAPSHOT.jar!/logback.xml] is not of type file
20:06:32,740 |-INFO in ch.qos.logback.classic.joran.action.ConfigurationAction - debug attribute not set
20:06:32,740 |-INFO in ch.qos.logback.core.joran.action.AppenderAction - About to instantiate appender of type [ch.qos.logback.core.ConsoleAppender]
20:06:32,754 |-INFO in ch.qos.logback.core.joran.action.AppenderAction - Naming appender as [STDOUT]
20:06:32,774 |-INFO in ch.qos.logback.core.joran.action.NestedComplexPropertyIA - Assuming default type [ch.qos.logback.classic.encoder.PatternLayoutEncoder] for [encoder] property
20:06:32,856 |-INFO in ch.qos.logback.core.joran.action.AppenderAction - About to instantiate appender of type [ch.qos.logback.core.rolling.RollingFileAppender]
20:06:32,864 |-INFO in ch.qos.logback.core.joran.action.AppenderAction - Naming appender as [FILE]
20:06:32,895 |-INFO in c.q.l.core.rolling.TimeBasedRollingPolicy@127618319 - No compression will be used
20:06:32,896 |-INFO in c.q.l.core.rolling.TimeBasedRollingPolicy@127618319 - Will use the pattern /tmp/application_%d{yyyy-MM-dd}.%i.log for the active file
20:06:32,899 |-INFO in ch.qos.logback.core.rolling.SizeAndTimeBasedFNATP@6b2fad11 - The date pattern is 'yyyy-MM-dd' from file name pattern '/tmp/application_%d{yyyy-MM-dd}.%i.log'.
20:06:32,899 |-INFO in ch.qos.logback.core.rolling.SizeAndTimeBasedFNATP@6b2fad11 - Roll-over at midnight.
20:06:32,904 |-INFO in ch.qos.logback.core.rolling.SizeAndTimeBasedFNATP@6b2fad11 - Setting initial period to Fri Jun 28 20:05:21 UTC 2019
20:06:32,904 |-WARN in ch.qos.logback.core.rolling.SizeAndTimeBasedFNATP@6b2fad11 - SizeAndTimeBasedFNATP is deprecated. Use SizeAndTimeBasedRollingPolicy instead
20:06:32,904 |-WARN in ch.qos.logback.core.rolling.SizeAndTimeBasedFNATP@6b2fad11 - For more information see http://logback.qos.ch/manual/appenders.html#SizeAndTimeBasedRollingPolicy
20:06:32,908 |-INFO in ch.qos.logback.core.joran.action.NestedComplexPropertyIA - Assuming default type [ch.qos.logback.classic.encoder.PatternLayoutEncoder] for [encoder] property
20:06:32,913 |-INFO in ch.qos.logback.core.rolling.RollingFileAppender[FILE] - Active log file name: /tmp/application.log
20:06:32,913 |-INFO in ch.qos.logback.core.rolling.RollingFileAppender[FILE] - File property is set to [/tmp/application.log]
20:06:32,914 |-INFO in ch.qos.logback.classic.joran.action.RootLoggerAction - Setting level of ROOT logger to INFO
20:06:32,914 |-INFO in ch.qos.logback.core.joran.action.AppenderRefAction - Attaching appender named [STDOUT] to Logger[ROOT]
20:06:32,916 |-INFO in ch.qos.logback.core.joran.action.AppenderRefAction - Attaching appender named [FILE] to Logger[ROOT]
20:06:32,916 |-INFO in ch.qos.logback.classic.joran.action.ConfigurationAction - End of configuration.
20:06:32,916 |-INFO in ch.qos.logback.classic.joran.JoranConfigurator@79698539 - Registering current configuration as safe fallback point

20:06:32.921 [main] INFO  c.s.f.r.WorkerApplication  - Starting worker with workerConfig 'WorkerConfig{id='10.0.0.52', localAddress=10.0.0.52:5412, zkString='10.0.0.4:12181', snapshotPath='/root/flamestream/data', guarantees=AT_MOST_ONCE, maxElementsInGraph=100, millisBetweenCommits=5000000, defaultMinimalTime=0, distributedAcker=false}'
20:06:34.222 [worker-akka.actor.default-dispatcher-6] INFO  a.e.s.Slf4jLogger  - Slf4jLogger started
Ama winner
Ama winner
20:06:34.610 [worker-akka.actor.default-dispatcher-6] INFO  a.r.a.a.ArteryAeronUdpTransport(akka://worker) akka.remote.artery.aeron.ArteryAeronUdpTransport(akka://worker) - Started embedded media driver in directory [/dev/shm/aeron-10.0.0.52]
2019-06-28T20:06:34.671+0000: 2.212: [Full GC (Metadata GC Threshold) 2019-06-28T20:06:34.671+0000: 2.212: [Tenured: 0K->15044K(1024000K), 0.0471837 secs] 172224K->15044K(1484800K), [Metaspace: 20734K->20734K(1067008K)], 0.0472479 secs] [Times: user=0.05 sys=0.00, real=0.04 secs] 
20:06:34.858 [worker-akka.actor.default-dispatcher-6] INFO  a.r.a.a.ArteryAeronUdpTransport(akka://worker) akka.remote.artery.aeron.ArteryAeronUdpTransport(akka://worker) - Remoting started with transport [Artery aeron-udp]; listening on address [akka://worker@10.0.0.52:5412] with UID [5850539533970147867]
20:06:35.172 [worker-akka.actor.default-dispatcher-3] INFO  a.a.RepointableActorRef akka://worker/user/watcher - Starting...
20:06:35.271 [worker-akka.actor.default-dispatcher-5] INFO  o.a.c.u.Compatibility  - Running in ZooKeeper 3.4.x compatibility mode
20:06:35.320 [worker-akka.actor.default-dispatcher-5] INFO  o.a.c.f.i.CuratorFrameworkImpl  - Starting
20:06:35.338 [worker-akka.actor.default-dispatcher-5] INFO  o.a.z.ZooKeeper  - Client environment:zookeeper.version=3.4.9-1757313, built on 08/23/2016 06:50 GMT
20:06:35.339 [worker-akka.actor.default-dispatcher-5] INFO  o.a.z.ZooKeeper  - Client environment:host.name=<NA>
20:06:35.339 [worker-akka.actor.default-dispatcher-5] INFO  o.a.z.ZooKeeper  - Client environment:java.version=1.8.0_212
20:06:35.339 [worker-akka.actor.default-dispatcher-5] INFO  o.a.z.ZooKeeper  - Client environment:java.vendor=Oracle Corporation
20:06:35.339 [worker-akka.actor.default-dispatcher-5] INFO  o.a.z.ZooKeeper  - Client environment:java.home=/usr/lib/jvm/java-8-openjdk-amd64/jre
20:06:35.340 [worker-akka.actor.default-dispatcher-5] INFO  o.a.z.ZooKeeper  - Client environment:java.class.path=lib/commons-cli-1.4.jar:lib/minlog-1.3.0.jar:lib/asm-5.0.4.jar:lib/commons-csv-1.4.jar:lib/annotations-13.0.jar:lib/akka-slf4j_2.11-2.5.15.jar:lib/lz4-1.3.0.jar:lib/scala-java8-compat_2.11-0.7.0.jar:lib/jblas-1.2.4.jar:lib/objenesis-2.1.jar:lib/jackson-annotations-2.8.0.jar:lib/akka-actor_2.11-2.5.15.jar:lib/curator-client-4.0.1.jar:lib/aeron-client-1.9.3.jar:lib/leveldb-0.7.jar:lib/flamestream-core-1.0-SNAPSHOT.jar:lib/reflectasm-1.07-shaded.jar:lib/akka-testkit_2.11-2.5.15.jar:lib/slf4j-simple-1.8.0-beta4.jar:lib/commons-lang-2.6.jar:lib/curator-recipes-4.0.1.jar:lib/logback-classic-1.2.3.jar:lib/jool-0.9.12.jar:lib/kryo-4.0.0.jar:lib/ssl-config-core_2.11-0.2.4.jar:lib/jackson-annotations-2.9.6.jar:lib/leveldbjni-all-1.8.jar:lib/jackson-core-2.8.4.jar:lib/netty-3.10.6.Final.jar:lib/trove4j-3.0.3.jar:lib/logback-core-1.2.3.jar:lib/flamestream-examples-1.0-SNAPSHOT.jar:lib/jackson-databind-2.8.4.jar:lib/flamestream-runtime-1.0-SNAPSHOT.jar:lib/slf4j-api-1.7.24.jar:lib/jline-0.9.94.jar:lib/jedis-2.9.0.jar:lib/akka-protobuf_2.11-2.5.15.jar:lib/kryonet-2.21.jar:lib/akka-kryo-serialization_2.11-0.5.0.jar:lib/config-1.3.1.jar:lib/testng-6.10.jar:lib/agrona-0.9.18.jar:lib/leveldb-api-0.7.jar:lib/reactive-streams-1.0.2.jar:lib/reflectasm-1.11.3.jar:lib/jcommander-1.48.jar:lib/minlog-1.2.jar:lib/akka-stream_2.11-2.5.15.jar:lib/scala-parser-combinators_2.11-1.1.1.jar:lib/zookeeper-3.4.9.jar:lib/commons-1.4.9.jar:lib/commons-pool2-2.4.2.jar:lib/commons-io-2.4.jar:lib/akka-remote_2.11-2.5.15.jar:lib/rocksdbjni-5.5.1.jar:lib/guava-21.0.jar:lib/aeron-driver-1.9.3.jar:lib/flamestream-core-1.0-SNAPSHOT-tests.jar:lib/annotations-12.0.jar:lib/curator-framework-4.0.1.jar:lib/scala-library-2.11.12.jar:flamestream-runtime-1.0-SNAPSHOT.jar
20:06:35.340 [worker-akka.actor.default-dispatcher-5] INFO  o.a.z.ZooKeeper  - Client environment:java.library.path=/usr/java/packages/lib/amd64:/usr/lib/x86_64-linux-gnu/jni:/lib/x86_64-linux-gnu:/usr/lib/x86_64-linux-gnu:/usr/lib/jni:/lib:/usr/lib
20:06:35.340 [worker-akka.actor.default-dispatcher-5] INFO  o.a.z.ZooKeeper  - Client environment:java.io.tmpdir=/tmp
20:06:35.340 [worker-akka.actor.default-dispatcher-5] INFO  o.a.z.ZooKeeper  - Client environment:java.compiler=<NA>
20:06:35.341 [worker-akka.actor.default-dispatcher-5] INFO  o.a.z.ZooKeeper  - Client environment:os.name=Linux
20:06:35.341 [worker-akka.actor.default-dispatcher-5] INFO  o.a.z.ZooKeeper  - Client environment:os.arch=amd64
20:06:35.341 [worker-akka.actor.default-dispatcher-5] INFO  o.a.z.ZooKeeper  - Client environment:os.version=4.4.0-1049-aws
20:06:35.341 [worker-akka.actor.default-dispatcher-5] INFO  o.a.z.ZooKeeper  - Client environment:user.name=root
20:06:35.341 [worker-akka.actor.default-dispatcher-5] INFO  o.a.z.ZooKeeper  - Client environment:user.home=/root
20:06:35.342 [worker-akka.actor.default-dispatcher-5] INFO  o.a.z.ZooKeeper  - Client environment:user.dir=/root/flamestream
20:06:35.343 [worker-akka.actor.default-dispatcher-5] INFO  o.a.z.ZooKeeper  - Initiating client connection, connectString=10.0.0.4:12181 sessionTimeout=60000 watcher=org.apache.curator.ConnectionState@42abbcc0
20:06:35.378 [worker-akka.actor.default-dispatcher-5-SendThread(10.0.0.4:12181)] INFO  o.a.z.ClientCnxn  - Opening socket connection to server 10.0.0.4/10.0.0.4:12181. Will not attempt to authenticate using SASL (unknown error)
20:06:35.381 [worker-akka.actor.default-dispatcher-5] INFO  o.a.c.f.i.CuratorFrameworkImpl  - Default schema
20:06:35.385 [worker-akka.actor.default-dispatcher-5-SendThread(10.0.0.4:12181)] INFO  o.a.z.ClientCnxn  - Socket connection established to 10.0.0.4/10.0.0.4:12181, initiating session
20:06:35.392 [worker-akka.actor.default-dispatcher-5-SendThread(10.0.0.4:12181)] INFO  o.a.z.ClientCnxn  - Session establishment complete on server 10.0.0.4/10.0.0.4:12181, sessionid = 0x1000040eef10003, negotiated timeout = 60000
20:06:35.402 [worker-akka.actor.default-dispatcher-5-EventThread] INFO  o.a.c.f.s.ConnectionStateManager  - State change: CONNECTED
20:06:35.411 [worker-akka.actor.default-dispatcher-3] INFO  a.a.RepointableActorRef akka://worker/user/watcher - Initializing rocksDB backend
20:06:36.091 [worker-akka.actor.default-dispatcher-6] INFO  a.a.LocalActorRef akka://worker/user/watcher/processing-watcher - Starting...
20:06:45.393 [worker-akka.actor.default-dispatcher-5] INFO  a.a.LocalActorRef akka://worker/user/watcher/processing-watcher/$a - Starting...
20:06:45.417 [worker-akka.actor.default-dispatcher-6] INFO  a.a.LocalActorRef akka://worker/user/watcher/processing-watcher/$a - Stopped
20:06:45.841 [worker-akka.actor.default-dispatcher-4] INFO  a.a.LocalActorRef akka://worker/user/watcher/processing-watcher/$c/$a - Starting...
20:06:45.858 [worker-akka.actor.default-dispatcher-3] INFO  a.a.LocalActorRef akka://worker/user/watcher/processing-watcher/$c - Starting...
20:06:45.875 [worker-akka.actor.default-dispatcher-2] INFO  a.a.LocalActorRef akka://worker/user/watcher/processing-watcher/graph/graph - Starting...
20:06:45.881 [worker-akka.actor.default-dispatcher-4] INFO  a.a.LocalActorRef akka://worker/user/watcher/processing-watcher/graph/negotiator - Starting...
20:06:45.882 [worker-akka.actor.default-dispatcher-4] INFO  a.a.LocalActorRef akka://worker/user/watcher/processing-watcher/graph/edge - Starting...
20:06:45.885 [worker-akka.actor.default-dispatcher-6] INFO  a.a.LocalActorRef akka://worker/user/watcher/processing-watcher/graph/graph - Finishing constructor
20:06:45.889 [worker-akka.actor.default-dispatcher-6] INFO  a.a.LocalActorRef akka://worker/user/watcher/processing-watcher/graph - Starting FlameNode with config 'ClusterConfig{paths={10.0.0.114=akka://worker@10.0.0.114:5412/user/watcher/processing-watcher/graph, 10.0.0.52=akka://worker@10.0.0.52:5412/user/watcher/processing-watcher/graph}, masterLocation='10.0.0.114', hashGroups={10.0.0.114=com.spbsu.flamestream.runtime.config.HashGroup@917575e4, 10.0.0.52=com.spbsu.flamestream.runtime.config.HashGroup@3cf37c27}}'
20:06:45.911 [worker-akka.actor.default-dispatcher-5] INFO  a.a.LocalActorRef akka://worker/user/watcher/processing-watcher/graph/negotiator - Requesting ticket for the frontClass FlameSocketGraphDeployerFront@10.0.0.52
20:06:45.982 [worker-akka.actor.default-dispatcher-11] INFO  c.s.f.r.e.s.SocketRear  - FlameSocketGraphDeployerRear@10.0.0.52: connecting to 10.0.0.4:5678
20:06:45.991 [worker-akka.actor.default-dispatcher-14] INFO  a.a.LocalActorRef akka://worker/user/watcher/processing-watcher/graph/graph - Received last commit 'LastCommit{globalTime=(0000000, min@min)}'
20:06:45.998 [worker-akka.actor.default-dispatcher-14] INFO  a.a.LocalActorRef akka://worker/user/watcher/processing-watcher/graph/edge/FlameSocketGraphDeployerFront - Starting...
20:06:45.999 [worker-akka.actor.default-dispatcher-11] INFO  c.s.f.r.e.s.SocketRear  - FlameSocketGraphDeployerRear@10.0.0.52: connected to 10.0.0.4:5678
20:06:46.000 [worker-akka.actor.default-dispatcher-11] INFO  a.a.LocalActorRef akka://worker/user/watcher/processing-watcher/graph/edge/FlameSocketGraphDeployerRear - Starting...
20:06:46.016 [worker-akka.actor.default-dispatcher-2] INFO  a.a.LocalActorRef akka://worker/user/watcher/processing-watcher/graph/negotiator - Ticket for the frontClass received: FrontTicket{allowedTimestamp=(0000000, FlameSocketGraphDeployerFront@10.0.0.52)}
20:06:46.017 [worker-akka.actor.default-dispatcher-11] INFO  c.s.f.r.e.s.SocketFront  - FlameSocketGraphDeployerFront@10.0.0.52: connecting to 10.0.0.4:4567
20:06:46.164 [worker-akka.actor.default-dispatcher-14] INFO  a.a.LocalActorRef akka://worker/user/watcher/processing-watcher/graph/graph/$a - Starting...
20:06:46.185 [worker-akka.actor.default-dispatcher-11] INFO  a.a.LocalActorRef akka://worker/user/watcher/processing-watcher/graph/graph/$b - Starting...
20:06:46.189 [worker-akka.actor.default-dispatcher-11] INFO  a.a.LocalActorRef akka://worker/user/watcher/processing-watcher/graph/graph/$c - Starting...
20:06:46.194 [worker-akka.actor.default-dispatcher-11] INFO  a.a.LocalActorRef akka://worker/user/watcher/processing-watcher/graph/graph/$d - Starting...
20:06:46.196 [worker-akka.actor.default-dispatcher-11] INFO  a.a.LocalActorRef akka://worker/user/watcher/processing-watcher/graph/graph/$e - Starting...
20:06:46.197 [worker-akka.actor.default-dispatcher-11] INFO  a.a.LocalActorRef akka://worker/user/watcher/processing-watcher/graph/graph/$f - Starting...
20:06:46.199 [worker-akka.actor.default-dispatcher-11] INFO  a.a.LocalActorRef akka://worker/user/watcher/processing-watcher/graph/graph/$g - Starting...
20:06:46.201 [worker-akka.actor.default-dispatcher-11] INFO  a.a.LocalActorRef akka://worker/user/watcher/processing-watcher/graph/graph/$h - Starting...
20:06:46.202 [worker-akka.actor.default-dispatcher-11] INFO  a.a.LocalActorRef akka://worker/user/watcher/processing-watcher/graph/graph/$i - Starting...
20:06:46.203 [worker-akka.actor.default-dispatcher-11] INFO  a.a.LocalActorRef akka://worker/user/watcher/processing-watcher/graph/graph/$j - Starting...
20:06:46.210 [worker-akka.actor.default-dispatcher-11] INFO  a.a.LocalActorRef akka://worker/user/watcher/processing-watcher/graph/graph/$k - Starting...
20:06:46.217 [worker-akka.actor.default-dispatcher-11] INFO  a.a.LocalActorRef akka://worker/user/watcher/processing-watcher/graph/graph/$k - Attached rear to graph (-9223372036854775808, min@min)
20:06:46.220 [worker-akka.actor.default-dispatcher-11] INFO  a.a.LocalActorRef akka://worker/user/watcher/processing-watcher/graph/graph/$l - Starting...
20:06:46.221 [worker-akka.actor.default-dispatcher-11] INFO  a.a.LocalActorRef akka://worker/user/watcher/processing-watcher/graph/graph/$m - Starting...
20:06:46.223 [worker-akka.actor.default-dispatcher-11] INFO  a.a.LocalActorRef akka://worker/user/watcher/processing-watcher/graph/graph/$n - Starting...
20:06:46.224 [worker-akka.actor.default-dispatcher-11] INFO  a.a.LocalActorRef akka://worker/user/watcher/processing-watcher/graph/graph/$o - Starting...
20:06:46.227 [worker-akka.actor.default-dispatcher-11] INFO  a.a.LocalActorRef akka://worker/user/watcher/processing-watcher/graph/graph/$p - Starting...
20:06:46.228 [worker-akka.actor.default-dispatcher-11] INFO  a.a.LocalActorRef akka://worker/user/watcher/processing-watcher/graph/graph/$q - Starting...
20:06:46.230 [worker-akka.actor.default-dispatcher-11] INFO  a.a.LocalActorRef akka://worker/user/watcher/processing-watcher/graph/graph/$r - Starting...
20:06:46.230 [worker-akka.actor.default-dispatcher-11] INFO  a.a.LocalActorRef akka://worker/user/watcher/processing-watcher/graph/graph/$s - Starting...
20:06:46.231 [worker-akka.actor.default-dispatcher-11] INFO  a.a.LocalActorRef akka://worker/user/watcher/processing-watcher/graph/graph/$t - Starting...
20:06:46.233 [worker-akka.actor.default-dispatcher-11] INFO  a.a.LocalActorRef akka://worker/user/watcher/processing-watcher/graph/graph/$u - Starting...
20:06:46.234 [worker-akka.actor.default-dispatcher-11] INFO  a.a.LocalActorRef akka://worker/user/watcher/processing-watcher/graph/graph/$v - Starting...
20:06:46.235 [worker-akka.actor.default-dispatcher-11] INFO  a.a.LocalActorRef akka://worker/user/watcher/processing-watcher/graph/graph/$w - Starting...
20:06:46.236 [worker-akka.actor.default-dispatcher-11] INFO  a.a.LocalActorRef akka://worker/user/watcher/processing-watcher/graph/graph/$x - Starting...
20:06:46.238 [worker-akka.actor.default-dispatcher-11] INFO  a.a.LocalActorRef akka://worker/user/watcher/processing-watcher/graph/graph/$y - Starting...
20:06:46.239 [worker-akka.actor.default-dispatcher-11] INFO  a.a.LocalActorRef akka://worker/user/watcher/processing-watcher/graph/graph/$z - Starting...
20:06:46.240 [worker-akka.actor.default-dispatcher-11] INFO  a.a.LocalActorRef akka://worker/user/watcher/processing-watcher/graph/graph/$A - Starting...
20:06:46.241 [worker-akka.actor.default-dispatcher-4] INFO  a.a.LocalActorRef akka://worker/user/watcher/processing-watcher/graph/graph/$B - Starting...
20:06:46.242 [worker-akka.actor.default-dispatcher-11] INFO  a.a.LocalActorRef akka://worker/user/watcher/processing-watcher/graph/graph/$C - Starting...
20:06:46.244 [worker-akka.actor.default-dispatcher-11] INFO  a.a.LocalActorRef akka://worker/user/watcher/processing-watcher/graph/graph/$D - Starting...
20:06:46.245 [worker-akka.actor.default-dispatcher-11] INFO  a.a.LocalActorRef akka://worker/user/watcher/processing-watcher/graph/graph/$E - Starting...
20:06:46.246 [worker-akka.actor.default-dispatcher-11] INFO  a.a.LocalActorRef akka://worker/user/watcher/processing-watcher/graph/graph/$F - Starting...
20:06:46.248 [worker-akka.actor.default-dispatcher-11] INFO  a.a.LocalActorRef akka://worker/user/watcher/processing-watcher/graph/graph/$G - Starting...
20:06:46.249 [worker-akka.actor.default-dispatcher-11] INFO  a.a.LocalActorRef akka://worker/user/watcher/processing-watcher/graph/graph/$H - Starting...
20:06:46.250 [worker-akka.actor.default-dispatcher-11] INFO  a.a.LocalActorRef akka://worker/user/watcher/processing-watcher/graph/graph/$I - Starting...
20:06:46.251 [worker-akka.actor.default-dispatcher-11] INFO  a.a.LocalActorRef akka://worker/user/watcher/processing-watcher/graph/graph/$J - Starting...
20:06:46.253 [worker-akka.actor.default-dispatcher-11] INFO  a.a.LocalActorRef akka://worker/user/watcher/processing-watcher/graph/graph/$K - Starting...
20:06:46.254 [worker-akka.actor.default-dispatcher-11] INFO  a.a.LocalActorRef akka://worker/user/watcher/processing-watcher/graph/graph/$L - Starting...
20:06:46.256 [worker-akka.actor.default-dispatcher-11] INFO  a.a.LocalActorRef akka://worker/user/watcher/processing-watcher/graph/graph/$M - Starting...
20:06:46.257 [worker-akka.actor.default-dispatcher-11] INFO  a.a.LocalActorRef akka://worker/user/watcher/processing-watcher/graph/graph/$N - Starting...
20:06:46.257 [worker-akka.actor.default-dispatcher-11] INFO  a.a.LocalActorRef akka://worker/user/watcher/processing-watcher/graph/graph/$O - Starting...
20:06:46.261 [worker-akka.actor.default-dispatcher-11] INFO  a.a.LocalActorRef akka://worker/user/watcher/processing-watcher/graph/graph/$P - Starting...
20:06:46.261 [worker-akka.actor.default-dispatcher-11] INFO  a.a.LocalActorRef akka://worker/user/watcher/processing-watcher/graph/graph/$Q - Starting...
20:06:46.262 [worker-akka.actor.default-dispatcher-11] INFO  a.a.LocalActorRef akka://worker/user/watcher/processing-watcher/graph/graph/$R - Starting...
20:06:46.264 [worker-akka.actor.default-dispatcher-11] INFO  a.a.LocalActorRef akka://worker/user/watcher/processing-watcher/graph/graph/$S - Starting...
20:06:46.265 [worker-akka.actor.default-dispatcher-11] INFO  a.a.LocalActorRef akka://worker/user/watcher/processing-watcher/graph/graph/$T - Starting...
20:06:46.266 [worker-akka.actor.default-dispatcher-11] INFO  a.a.LocalActorRef akka://worker/user/watcher/processing-watcher/graph/graph/$U - Starting...
20:06:46.267 [worker-akka.actor.default-dispatcher-4] INFO  a.a.LocalActorRef akka://worker/user/watcher/processing-watcher/graph/graph/$V - Starting...
20:06:46.268 [worker-akka.actor.default-dispatcher-4] INFO  a.a.LocalActorRef akka://worker/user/watcher/processing-watcher/graph/graph/$W - Starting...
20:06:46.268 [worker-akka.actor.default-dispatcher-4] INFO  a.a.LocalActorRef akka://worker/user/watcher/processing-watcher/graph/graph/$X - Starting...
20:06:46.269 [worker-akka.actor.default-dispatcher-4] INFO  a.a.LocalActorRef akka://worker/user/watcher/processing-watcher/graph/graph/$Y - Starting...
20:06:46.270 [worker-akka.actor.default-dispatcher-4] INFO  a.a.LocalActorRef akka://worker/user/watcher/processing-watcher/graph/graph/$Z - Starting...
20:06:46.271 [worker-akka.actor.default-dispatcher-4] INFO  a.a.LocalActorRef akka://worker/user/watcher/processing-watcher/graph/graph/$0 - Starting...
20:06:46.273 [worker-akka.actor.default-dispatcher-4] INFO  a.a.LocalActorRef akka://worker/user/watcher/processing-watcher/graph/graph/$1 - Starting...
WatermarksVsAckerGraph start -1000
2019-06-28T20:06:50.386+0000: 17.927: [GC (Allocation Failure) 2019-06-28T20:06:50.386+0000: 17.927: [DefNew: 409600K->14380K(460800K), 0.0818237 secs] 424644K->224736K(1484800K), 0.0818908 secs] [Times: user=0.05 sys=0.03, real=0.09 secs] 
WatermarksVsAckerGraph start -900
WatermarksVsAckerGraph start -800
WatermarksVsAckerGraph start -700
WatermarksVsAckerGraph start -600
WatermarksVsAckerGraph start -500
2019-06-28T20:07:11.884+0000: 39.424: [Full GC (Metadata GC Threshold) 2019-06-28T20:07:11.884+0000: 39.424: [Tenured: 210356K->215024K(1024000K), 0.0418110 secs] 318813K->215024K(1484800K), [Metaspace: 34661K->34661K(1079296K)], 0.0418833 secs] [Times: user=0.04 sys=0.01, real=0.04 secs] 
WatermarksVsAckerGraph start -400
WatermarksVsAckerGraph start -300
WatermarksVsAckerGraph start -200
WatermarksVsAckerGraph start -100
WatermarksVsAckerGraph start 0
WatermarksVsAckerGraph start 100
WatermarksVsAckerGraph start 200
WatermarksVsAckerGraph start 300
WatermarksVsAckerGraph start 400
WatermarksVsAckerGraph start 500
WatermarksVsAckerGraph start 600
WatermarksVsAckerGraph start 700
WatermarksVsAckerGraph start 800
WatermarksVsAckerGraph start 900
WatermarksVsAckerGraph start 1000
WatermarksVsAckerGraph start 1100
WatermarksVsAckerGraph start 1200
WatermarksVsAckerGraph start 1300
WatermarksVsAckerGraph start 1400
WatermarksVsAckerGraph start 1500
WatermarksVsAckerGraph start 1600
WatermarksVsAckerGraph start 1700
WatermarksVsAckerGraph start 1800
WatermarksVsAckerGraph start 1900
WatermarksVsAckerGraph start 2000
WatermarksVsAckerGraph start 2100
WatermarksVsAckerGraph start 2200
WatermarksVsAckerGraph start 2300
WatermarksVsAckerGraph start 2400
WatermarksVsAckerGraph start 2500
WatermarksVsAckerGraph start 2600
WatermarksVsAckerGraph start 2700
WatermarksVsAckerGraph start 2800
WatermarksVsAckerGraph start 2900
WatermarksVsAckerGraph start 3000
WatermarksVsAckerGraph start 3100
WatermarksVsAckerGraph start 3200
WatermarksVsAckerGraph start 3300
WatermarksVsAckerGraph start 3400
WatermarksVsAckerGraph start 3500
WatermarksVsAckerGraph start 3600
2019-06-28T20:07:48.094+0000: 75.635: [GC (Allocation Failure) 2019-06-28T20:07:48.095+0000: 75.635: [DefNew: 409600K->329K(460800K), 0.0019732 secs] 624624K->215354K(1484800K), 0.0020414 secs] [Times: user=0.00 sys=0.00, real=0.00 secs] 
WatermarksVsAckerGraph start 3700
WatermarksVsAckerGraph start 3800
WatermarksVsAckerGraph start 3900
WatermarksVsAckerGraph start 4000
WatermarksVsAckerGraph start 4100
WatermarksVsAckerGraph start 4200
WatermarksVsAckerGraph start 4300
WatermarksVsAckerGraph start 4400
WatermarksVsAckerGraph start 4500
WatermarksVsAckerGraph start 4600
WatermarksVsAckerGraph start 4700
WatermarksVsAckerGraph start 4800
WatermarksVsAckerGraph start 4900
WatermarksVsAckerGraph start 5000
WatermarksVsAckerGraph start 5100
WatermarksVsAckerGraph start 5200
WatermarksVsAckerGraph start 5300
WatermarksVsAckerGraph start 5400
WatermarksVsAckerGraph start 5500
WatermarksVsAckerGraph start 5600
WatermarksVsAckerGraph start 5700
WatermarksVsAckerGraph start 5800
WatermarksVsAckerGraph start 5900
WatermarksVsAckerGraph start 6000
WatermarksVsAckerGraph start 6100
WatermarksVsAckerGraph start 6200
WatermarksVsAckerGraph start 6300
WatermarksVsAckerGraph start 6400
WatermarksVsAckerGraph start 6500
WatermarksVsAckerGraph start 6600
WatermarksVsAckerGraph start 6700
WatermarksVsAckerGraph start 6800
WatermarksVsAckerGraph start 6900
WatermarksVsAckerGraph start 7000
WatermarksVsAckerGraph start 7100
WatermarksVsAckerGraph start 7200
WatermarksVsAckerGraph start 7300
WatermarksVsAckerGraph start 7400
WatermarksVsAckerGraph start 7500
WatermarksVsAckerGraph start 7600
WatermarksVsAckerGraph start 7700
WatermarksVsAckerGraph start 7800
WatermarksVsAckerGraph start 7900
WatermarksVsAckerGraph start 8000
WatermarksVsAckerGraph start 8100
2019-06-28T20:08:02.523+0000: 90.063: [GC (Allocation Failure) 2019-06-28T20:08:02.523+0000: 90.063: [DefNew: 409929K->85K(460800K), 0.0017409 secs] 624954K->215110K(1484800K), 0.0018011 secs] [Times: user=0.01 sys=0.00, real=0.00 secs] 
WatermarksVsAckerGraph start 8200
WatermarksVsAckerGraph start 8300
WatermarksVsAckerGraph start 8400
WatermarksVsAckerGraph start 8500
WatermarksVsAckerGraph start 8600
WatermarksVsAckerGraph start 8700
WatermarksVsAckerGraph start 8800
WatermarksVsAckerGraph start 8900
WatermarksVsAckerGraph start 9000
WatermarksVsAckerGraph start 9100
WatermarksVsAckerGraph start 9200
WatermarksVsAckerGraph start 9300
WatermarksVsAckerGraph start 9400
WatermarksVsAckerGraph start 9500
WatermarksVsAckerGraph start 9600
WatermarksVsAckerGraph start 9700
WatermarksVsAckerGraph start 9800
WatermarksVsAckerGraph start 9900
20:08:08.403 [Client] INFO  c.s.f.r.e.s.SocketRear  - FlameSocketGraphDeployerRear@10.0.0.52: has been disconnected from Connection 1
20:08:08.404 [Client] INFO  c.s.f.r.e.s.SocketFront  - FlameSocketGraphDeployerFront@10.0.0.52 has been disconnected from Connection 1
20:08:17.525 [worker-akka.actor.default-dispatcher-13] INFO  a.a.LocalActorRef akka://worker/user/watcher/processing-watcher/graph/graph/$0 - Stopped
20:08:17.526 [worker-akka.actor.default-dispatcher-13] INFO  a.a.LocalActorRef akka://worker/user/watcher/processing-watcher/graph/edge/FlameSocketGraphDeployerRear - Stopped
20:08:17.528 [worker-akka.actor.default-dispatcher-14] INFO  a.a.LocalActorRef akka://worker/user/watcher/processing-watcher/graph/negotiator - Stopped
20:08:17.534 [worker-akka.actor.default-dispatcher-16] INFO  a.a.LocalActorRef akka://worker/user/watcher/processing-watcher/graph/graph/$1 - Stopped
20:08:17.540 [worker-akka.actor.default-dispatcher-16] INFO  a.a.LocalActorRef akka://worker/user/watcher/processing-watcher/graph/graph/$A - Stopped
20:08:17.540 [worker-akka.actor.default-dispatcher-16] INFO  a.a.LocalActorRef akka://worker/user/watcher/processing-watcher/graph/edge/FlameSocketGraphDeployerFront - Stopped
20:08:17.540 [worker-akka.actor.default-dispatcher-16] INFO  a.a.LocalActorRef akka://worker/user/watcher/processing-watcher/graph/edge - Stopped
20:08:17.541 [worker-akka.actor.default-dispatcher-16] INFO  a.a.LocalActorRef akka://worker/user/watcher/processing-watcher/$c/$a - Stopped
20:08:17.541 [worker-akka.actor.default-dispatcher-10] INFO  a.a.LocalActorRef akka://worker/user/watcher/processing-watcher/$c/$a - Message [com.spbsu.flamestream.runtime.utils.akka.PingActor$InnerPing] from Actor[akka://worker/user/watcher/processing-watcher/$c/$a#85039127] to Actor[akka://worker/user/watcher/processing-watcher/$c/$a#85039127] was not delivered. [1] dead letters encountered. If this is not an expected behavior, then [Actor[akka://worker/user/watcher/processing-watcher/$c/$a#85039127]] may have terminated unexpectedly, This logging can be turned off or adjusted with configuration settings 'akka.log-dead-letters' and 'akka.log-dead-letters-during-shutdown'.
20:08:17.541 [worker-akka.actor.default-dispatcher-10] INFO  a.a.LocalActorRef akka://worker/user/watcher/processing-watcher/graph/graph/$B - Stopped
20:08:17.541 [worker-akka.actor.default-dispatcher-10] INFO  a.a.LocalActorRef akka://worker/user/watcher/processing-watcher/graph/graph/$C - Stopped
20:08:17.541 [worker-akka.actor.default-dispatcher-10] INFO  a.a.LocalActorRef akka://worker/user/watcher/processing-watcher/graph/graph/$D - Stopped
20:08:17.542 [worker-akka.actor.default-dispatcher-10] INFO  a.a.LocalActorRef akka://worker/user/watcher/processing-watcher/graph/graph/$E - Stopped
20:08:17.542 [worker-akka.actor.default-dispatcher-3] INFO  a.a.LocalActorRef akka://worker/user/watcher/processing-watcher/graph/graph/$F - Stopped
20:08:17.542 [worker-akka.actor.default-dispatcher-3] INFO  a.a.LocalActorRef akka://worker/user/watcher/processing-watcher/graph/graph/$G - Stopped
20:08:17.542 [worker-akka.actor.default-dispatcher-3] INFO  a.a.LocalActorRef akka://worker/user/watcher/processing-watcher/graph/graph/$H - Stopped
20:08:17.543 [worker-akka.actor.default-dispatcher-3] INFO  a.a.LocalActorRef akka://worker/user/watcher/processing-watcher/graph/graph/$I - Stopped
20:08:17.543 [worker-akka.actor.default-dispatcher-3] INFO  a.a.LocalActorRef akka://worker/user/watcher/processing-watcher/graph/graph/$J - Stopped
20:08:17.543 [worker-akka.actor.default-dispatcher-6] INFO  a.a.LocalActorRef akka://worker/user/watcher/processing-watcher/graph/graph/$K - Stopped
20:08:17.543 [worker-akka.actor.default-dispatcher-6] INFO  a.a.LocalActorRef akka://worker/user/watcher/processing-watcher/graph/graph/$L - Stopped
20:08:17.543 [worker-akka.actor.default-dispatcher-6] INFO  a.a.LocalActorRef akka://worker/user/watcher/processing-watcher/graph/graph/$M - Stopped
20:08:17.544 [worker-akka.actor.default-dispatcher-6] INFO  a.a.LocalActorRef akka://worker/user/watcher/processing-watcher/graph/graph/$N - Stopped
20:08:17.544 [worker-akka.actor.default-dispatcher-6] INFO  a.a.LocalActorRef akka://worker/user/watcher/processing-watcher/graph/graph/$O - Stopped
20:08:17.544 [worker-akka.actor.default-dispatcher-6] INFO  a.a.LocalActorRef akka://worker/user/watcher/processing-watcher/graph/graph/$P - Stopped
20:08:17.544 [worker-akka.actor.default-dispatcher-6] INFO  a.a.LocalActorRef akka://worker/user/watcher/processing-watcher/graph/graph/$Q - Stopped
20:08:17.544 [worker-akka.actor.default-dispatcher-6] INFO  a.a.LocalActorRef akka://worker/user/watcher/processing-watcher/graph/graph/$R - Stopped
20:08:17.545 [worker-akka.actor.default-dispatcher-6] INFO  a.a.LocalActorRef akka://worker/user/watcher/processing-watcher/graph/graph/$S - Stopped
20:08:17.545 [worker-akka.actor.default-dispatcher-6] INFO  a.a.LocalActorRef akka://worker/user/watcher/processing-watcher/graph/graph/$T - Stopped
20:08:17.545 [worker-akka.actor.default-dispatcher-15] INFO  a.a.LocalActorRef akka://worker/user/watcher/processing-watcher/graph/graph/$U - Stopped
20:08:17.547 [worker-akka.actor.default-dispatcher-3] INFO  a.a.LocalActorRef akka://worker/user/watcher/processing-watcher/graph/graph/$V - Stopped
20:08:17.547 [worker-akka.actor.default-dispatcher-3] INFO  a.a.LocalActorRef akka://worker/user/watcher/processing-watcher/graph/graph/$W - Stopped
20:08:17.547 [worker-akka.actor.default-dispatcher-3] INFO  a.a.LocalActorRef akka://worker/user/watcher/processing-watcher/$c - Stopped
20:08:17.547 [worker-akka.actor.default-dispatcher-3] INFO  a.a.LocalActorRef akka://worker/user/watcher/processing-watcher/graph/graph/$X - Stopped
20:08:17.548 [worker-akka.actor.default-dispatcher-3] INFO  a.a.LocalActorRef akka://worker/user/watcher/processing-watcher/graph/graph/$Y - Stopped
20:08:17.548 [worker-akka.actor.default-dispatcher-2] INFO  a.a.LocalActorRef akka://worker/user/watcher/processing-watcher/graph/graph/$Z - Stopped
20:08:17.548 [worker-akka.actor.default-dispatcher-2] INFO  a.a.LocalActorRef akka://worker/user/watcher/processing-watcher/graph/graph/$a - Stopped
20:08:17.548 [worker-akka.actor.default-dispatcher-2] INFO  a.a.LocalActorRef akka://worker/user/watcher/processing-watcher/graph/graph/$b - Stopped
20:08:17.548 [worker-akka.actor.default-dispatcher-2] INFO  a.a.LocalActorRef akka://worker/user/watcher/processing-watcher/$c/$a - Message [com.spbsu.flamestream.runtime.utils.akka.PingActor$Stop] from Actor[akka://worker/user/watcher/processing-watcher/$c#584659470] to Actor[akka://worker/user/watcher/processing-watcher/$c/$a#85039127] was not delivered. [2] dead letters encountered. If this is not an expected behavior, then [Actor[akka://worker/user/watcher/processing-watcher/$c/$a#85039127]] may have terminated unexpectedly, This logging can be turned off or adjusted with configuration settings 'akka.log-dead-letters' and 'akka.log-dead-letters-during-shutdown'.
20:08:17.549 [worker-akka.actor.default-dispatcher-2] INFO  a.a.LocalActorRef akka://worker/user/watcher/processing-watcher/$c - Message [com.spbsu.flamestream.runtime.master.acker.LocalAcker$Flush] from Actor[akka://worker/user/watcher/processing-watcher/$c/$a#85039127] to Actor[akka://worker/user/watcher/processing-watcher/$c#584659470] was not delivered. [3] dead letters encountered. If this is not an expected behavior, then [Actor[akka://worker/user/watcher/processing-watcher/$c#584659470]] may have terminated unexpectedly, This logging can be turned off or adjusted with configuration settings 'akka.log-dead-letters' and 'akka.log-dead-letters-during-shutdown'.
20:08:17.550 [worker-akka.actor.default-dispatcher-6] INFO  a.a.LocalActorRef akka://worker/user/watcher/processing-watcher/graph/graph/$c - Stopped
20:08:17.550 [worker-akka.actor.default-dispatcher-6] INFO  a.a.LocalActorRef akka://worker/user/watcher/processing-watcher/graph/graph/$d - Stopped
20:08:17.550 [worker-akka.actor.default-dispatcher-6] INFO  a.a.LocalActorRef akka://worker/user/watcher/processing-watcher/graph/graph/$e - Stopped
20:08:17.550 [worker-akka.actor.default-dispatcher-6] INFO  a.a.LocalActorRef akka://worker/user/watcher/processing-watcher/graph/graph/$f - Stopped
20:08:17.550 [worker-akka.actor.default-dispatcher-6] INFO  a.a.LocalActorRef akka://worker/user/watcher/processing-watcher/graph/graph/$g - Stopped
20:08:17.551 [worker-akka.actor.default-dispatcher-3] INFO  a.a.LocalActorRef akka://worker/user/watcher/processing-watcher/graph/graph/$h - Stopped
20:08:17.551 [worker-akka.actor.default-dispatcher-3] INFO  a.a.LocalActorRef akka://worker/user/watcher/processing-watcher/graph/graph/$i - Stopped
20:08:17.551 [worker-akka.actor.default-dispatcher-3] INFO  a.a.LocalActorRef akka://worker/user/watcher/processing-watcher/graph/graph/$j - Stopped
20:08:17.552 [worker-akka.actor.default-dispatcher-3] INFO  a.a.LocalActorRef akka://worker/user/watcher/processing-watcher/graph/graph/$k - Stopped
20:08:17.552 [worker-akka.actor.default-dispatcher-3] INFO  a.a.LocalActorRef akka://worker/user/watcher/processing-watcher/graph/graph/$l - Stopped
20:08:17.552 [worker-akka.actor.default-dispatcher-3] INFO  a.a.LocalActorRef akka://worker/user/watcher/processing-watcher/graph/graph/$m - Stopped
20:08:17.553 [worker-akka.actor.default-dispatcher-3] INFO  a.a.LocalActorRef akka://worker/user/watcher/processing-watcher/graph/graph/$n - Stopped
20:08:17.559 [worker-akka.actor.default-dispatcher-3] INFO  a.a.LocalActorRef akka://worker/user/watcher/processing-watcher/graph/graph/$o - Stopped
20:08:17.559 [worker-akka.actor.default-dispatcher-3] INFO  a.a.LocalActorRef akka://worker/user/watcher/processing-watcher/graph/graph/$p - Stopped
20:08:17.559 [worker-akka.actor.default-dispatcher-3] INFO  a.a.LocalActorRef akka://worker/user/watcher/processing-watcher/graph/graph/$q - Stopped
20:08:17.559 [worker-akka.actor.default-dispatcher-3] INFO  a.a.LocalActorRef akka://worker/user/watcher/processing-watcher/graph/graph/$r - Stopped
20:08:17.564 [worker-akka.actor.default-dispatcher-3] INFO  a.a.LocalActorRef akka://worker/user/watcher/processing-watcher/graph/graph/$s - Stopped
20:08:17.565 [worker-akka.actor.default-dispatcher-6] INFO  a.a.LocalActorRef akka://worker/user/watcher/processing-watcher/graph/graph/$t - Stopped
20:08:17.566 [worker-akka.actor.default-dispatcher-6] INFO  a.a.LocalActorRef akka://worker/user/watcher/processing-watcher/graph/graph/$u - Stopped
20:08:17.566 [worker-akka.actor.default-dispatcher-6] INFO  a.a.LocalActorRef akka://worker/user/watcher/processing-watcher/graph/graph/$v - Stopped
20:08:17.566 [worker-akka.actor.default-dispatcher-6] INFO  a.a.LocalActorRef akka://worker/user/watcher/processing-watcher/graph/graph/$w - Stopped
20:08:17.566 [worker-akka.actor.default-dispatcher-6] INFO  a.a.LocalActorRef akka://worker/user/watcher/processing-watcher/graph/graph/$x - Stopped
20:08:17.566 [worker-akka.actor.default-dispatcher-16] INFO  a.a.LocalActorRef akka://worker/user/watcher/processing-watcher/graph/graph/$y - Stopped
20:08:17.566 [worker-akka.actor.default-dispatcher-16] INFO  a.a.LocalActorRef akka://worker/user/watcher/processing-watcher/graph/graph/$z - Stopped
20:08:17.567 [worker-akka.actor.default-dispatcher-16] INFO  a.a.LocalActorRef akka://worker/user/watcher/processing-watcher/graph/graph - Stopped
20:08:17.568 [worker-akka.actor.default-dispatcher-6] INFO  a.a.LocalActorRef akka://worker/user/watcher/processing-watcher/graph - Stopped
20:08:17.569 [worker-akka.actor.default-dispatcher-16] INFO  a.a.LocalActorRef akka://worker/user/watcher/processing-watcher - Stopped
20:08:17.570 [Curator-Framework-0] INFO  o.a.c.f.i.CuratorFrameworkImpl  - backgroundOperationsLoop exiting
20:08:17.575 [Curator-PathChildrenCache-0] ERROR o.a.c.f.r.c.PathChildrenCache  - 
java.lang.IllegalStateException: instance must be started before calling this method
	at org.apache.curator.shaded.com.google.common.base.Preconditions.checkState(Preconditions.java:444)
	at org.apache.curator.framework.imps.CuratorFrameworkImpl.getChildren(CuratorFrameworkImpl.java:456)
	at org.apache.curator.framework.recipes.cache.PathChildrenCache.refresh(PathChildrenCache.java:521)
	at org.apache.curator.framework.recipes.cache.RefreshOperation.invoke(RefreshOperation.java:35)
	at org.apache.curator.framework.recipes.cache.PathChildrenCache$9.run(PathChildrenCache.java:786)
	at java.util.concurrent.Executors$RunnableAdapter.call(Executors.java:511)
	at java.util.concurrent.FutureTask.run(FutureTask.java:266)
	at java.util.concurrent.Executors$RunnableAdapter.call(Executors.java:511)
	at java.util.concurrent.FutureTask.run(FutureTask.java:266)
	at java.util.concurrent.ThreadPoolExecutor.runWorker(ThreadPoolExecutor.java:1149)
	at java.util.concurrent.ThreadPoolExecutor$Worker.run(ThreadPoolExecutor.java:624)
	at java.lang.Thread.run(Thread.java:748)
20:08:17.576 [worker-akka.actor.default-dispatcher-16] INFO  o.a.z.ZooKeeper  - Session: 0x1000040eef10003 closed
20:08:17.576 [worker-akka.actor.default-dispatcher-5-EventThread] INFO  o.a.z.ClientCnxn  - EventThread shut down for session: 0x1000040eef10003
20:08:17.580 [worker-akka.actor.default-dispatcher-16] INFO  a.a.RepointableActorRef akka://worker/user/watcher - Stopped
20:08:17.583 [worker-akka.actor.default-dispatcher-3] INFO  a.r.RemoteActorRefProvider$RemotingTerminator akka://worker@10.0.0.52:5412/system/remoting-terminator - Shutting down remote daemon.
20:08:17.586 [worker-akka.actor.default-dispatcher-3] INFO  a.r.RemoteActorRefProvider$RemotingTerminator akka://worker@10.0.0.52:5412/system/remoting-terminator - Remote daemon shut down; proceeding with flushing remote transports.
20:08:18.652 [worker-akka.actor.default-dispatcher-18] INFO  a.r.RemoteActorRefProvider$RemotingTerminator akka://worker@10.0.0.52:5412/system/remoting-terminator - Remoting shut down.
Heap
 def new generation   total 460800K, used 213500K [0x00000000a2400000, 0x00000000c1800000, 0x00000000c1800000)
  eden space 409600K,  52% used [0x00000000a2400000, 0x00000000af469bb0, 0x00000000bb400000)
  from space 51200K,   0% used [0x00000000be600000, 0x00000000be6154d0, 0x00000000c1800000)
  to   space 51200K,   0% used [0x00000000bb400000, 0x00000000bb400000, 0x00000000be600000)
 tenured generation   total 1024000K, used 215024K [0x00000000c1800000, 0x0000000100000000, 0x0000000100000000)
   the space 1024000K,  20% used [0x00000000c1800000, 0x00000000ce9fc3f8, 0x00000000ce9fc400, 0x0000000100000000)
 Metaspace       used 35893K, capacity 36788K, committed 37120K, reserved 1081344K
  class space    used 4858K, capacity 5062K, committed 5120K, reserved 1048576K
