17:38:49,795 |-INFO in ch.qos.logback.classic.LoggerContext[default] - Could NOT find resource [logback-test.xml]
17:38:49,795 |-INFO in ch.qos.logback.classic.LoggerContext[default] - Could NOT find resource [logback.groovy]
17:38:49,796 |-INFO in ch.qos.logback.classic.LoggerContext[default] - Found resource [logback.xml] at [jar:file:/home/nikitasokolov/flamestream/lib/flamestream-runtime-1.0-SNAPSHOT.jar!/logback.xml]
17:38:49,796 |-WARN in ch.qos.logback.classic.LoggerContext[default] - Resource [logback.xml] occurs multiple times on the classpath.
17:38:49,796 |-WARN in ch.qos.logback.classic.LoggerContext[default] - Resource [logback.xml] occurs at [jar:file:/home/nikitasokolov/flamestream/lib/flamestream-runtime-1.0-SNAPSHOT.jar!/logback.xml]
17:38:49,796 |-WARN in ch.qos.logback.classic.LoggerContext[default] - Resource [logback.xml] occurs at [jar:file:/home/nikitasokolov/flamestream/flamestream-runtime-1.0-SNAPSHOT.jar!/logback.xml]
17:38:49,813 |-INFO in ch.qos.logback.core.joran.spi.ConfigurationWatchList@2f7a2457 - URL [jar:file:/home/nikitasokolov/flamestream/lib/flamestream-runtime-1.0-SNAPSHOT.jar!/logback.xml] is not of type file
17:38:49,865 |-INFO in ch.qos.logback.classic.joran.action.ConfigurationAction - debug attribute not set
17:38:49,865 |-INFO in ch.qos.logback.core.joran.action.AppenderAction - About to instantiate appender of type [ch.qos.logback.core.ConsoleAppender]
17:38:49,873 |-INFO in ch.qos.logback.core.joran.action.AppenderAction - Naming appender as [STDOUT]
17:38:49,880 |-INFO in ch.qos.logback.core.joran.action.NestedComplexPropertyIA - Assuming default type [ch.qos.logback.classic.encoder.PatternLayoutEncoder] for [encoder] property
17:38:49,936 |-INFO in ch.qos.logback.core.joran.action.AppenderAction - About to instantiate appender of type [ch.qos.logback.core.rolling.RollingFileAppender]
17:38:49,941 |-INFO in ch.qos.logback.core.joran.action.AppenderAction - Naming appender as [FILE]
17:38:49,962 |-INFO in c.q.l.core.rolling.TimeBasedRollingPolicy@1449621165 - No compression will be used
17:38:49,964 |-INFO in c.q.l.core.rolling.TimeBasedRollingPolicy@1449621165 - Will use the pattern /tmp/application_%d{yyyy-MM-dd}.%i.log for the active file
17:38:49,966 |-INFO in ch.qos.logback.core.rolling.SizeAndTimeBasedFNATP@6108b2d7 - The date pattern is 'yyyy-MM-dd' from file name pattern '/tmp/application_%d{yyyy-MM-dd}.%i.log'.
17:38:49,967 |-INFO in ch.qos.logback.core.rolling.SizeAndTimeBasedFNATP@6108b2d7 - Roll-over at midnight.
17:38:49,971 |-INFO in ch.qos.logback.core.rolling.SizeAndTimeBasedFNATP@6108b2d7 - Setting initial period to Wed May 29 17:37:08 MSK 2019
17:38:49,971 |-WARN in ch.qos.logback.core.rolling.SizeAndTimeBasedFNATP@6108b2d7 - SizeAndTimeBasedFNATP is deprecated. Use SizeAndTimeBasedRollingPolicy instead
17:38:49,971 |-WARN in ch.qos.logback.core.rolling.SizeAndTimeBasedFNATP@6108b2d7 - For more information see http://logback.qos.ch/manual/appenders.html#SizeAndTimeBasedRollingPolicy
17:38:49,975 |-INFO in ch.qos.logback.core.joran.action.NestedComplexPropertyIA - Assuming default type [ch.qos.logback.classic.encoder.PatternLayoutEncoder] for [encoder] property
17:38:49,977 |-INFO in ch.qos.logback.core.rolling.RollingFileAppender[FILE] - Active log file name: /tmp/application.log
17:38:49,977 |-INFO in ch.qos.logback.core.rolling.RollingFileAppender[FILE] - File property is set to [/tmp/application.log]
17:38:49,978 |-INFO in ch.qos.logback.classic.joran.action.RootLoggerAction - Setting level of ROOT logger to WARN
17:38:49,979 |-INFO in ch.qos.logback.core.joran.action.AppenderRefAction - Attaching appender named [STDOUT] to Logger[ROOT]
17:38:49,979 |-INFO in ch.qos.logback.core.joran.action.AppenderRefAction - Attaching appender named [FILE] to Logger[ROOT]
17:38:49,979 |-INFO in ch.qos.logback.classic.joran.action.ConfigurationAction - End of configuration.
17:38:49,980 |-INFO in ch.qos.logback.classic.joran.JoranConfigurator@1554909b - Registering current configuration as safe fallback point

2019-05-29T17:38:50.993+0300: 1.406: [GC (Metadata GC Threshold) [PSYoungGen: 95231K->15815K(149504K)] 95231K->15895K(491008K), 0.0186587 secs] [Times: user=0.05 sys=0.05, real=0.02 secs] 
2019-05-29T17:38:51.012+0300: 1.424: [Full GC (Metadata GC Threshold) [PSYoungGen: 15815K->0K(149504K)] [ParOldGen: 80K->14983K(341504K)] 15895K->14983K(491008K), [Metaspace: 20804K->20804K(1067008K)], 0.0252424 secs] [Times: user=0.16 sys=0.01, real=0.02 secs] 
17:39:01.666 [Curator-PathChildrenCache-1] WARN  o.a.c.u.ZKPaths  - The version of ZooKeeper being used doesn't support Container nodes. CreateMode.PERSISTENT will be used instead.
2019-05-29T17:39:02.779+0300: 13.191: [GC (Metadata GC Threshold) [PSYoungGen: 125687K->15476K(149504K)] 140670K->49998K(491008K), 0.0273899 secs] [Times: user=0.20 sys=0.01, real=0.03 secs] 
2019-05-29T17:39:02.806+0300: 13.219: [Full GC (Metadata GC Threshold) [PSYoungGen: 15476K->0K(149504K)] [ParOldGen: 34522K->38545K(341504K)] 49998K->38545K(491008K), [Metaspace: 34525K->34525K(1079296K)], 0.0337146 secs] [Times: user=0.15 sys=0.03, real=0.03 secs] 
2019-05-29T17:39:24.455+0300: 34.867: [GC (Allocation Failure) [PSYoungGen: 128512K->512K(149504K)] 167057K->39065K(491008K), 0.0067275 secs] [Times: user=0.05 sys=0.01, real=0.00 secs] 
2019-05-29T17:39:48.200+0300: 58.612: [GC (Allocation Failure) [PSYoungGen: 129024K->448K(149504K)] 167577K->39009K(491008K), 0.0039173 secs] [Times: user=0.03 sys=0.00, real=0.01 secs] 
2019-05-29T17:40:15.198+0300: 85.610: [GC (Allocation Failure) [PSYoungGen: 128960K->727K(149504K)] 167521K->39296K(491008K), 0.0049077 secs] [Times: user=0.03 sys=0.00, real=0.00 secs] 
2019-05-29T17:40:54.311+0300: 124.723: [GC (Allocation Failure) [PSYoungGen: 129239K->858K(150016K)] 167808K->39435K(491520K), 0.0044622 secs] [Times: user=0.02 sys=0.01, real=0.00 secs] 
17:40:54.334 [Curator-PathChildrenCache-0] ERROR o.a.c.f.r.c.PathChildrenCache  - 
java.lang.IllegalStateException: instance must be started before calling this method
	at org.apache.curator.shaded.com.google.common.base.Preconditions.checkState(Preconditions.java:444)
	at org.apache.curator.framework.imps.CuratorFrameworkImpl.getChildren(CuratorFrameworkImpl.java:456)
	at org.apache.curator.framework.recipes.cache.PathChildrenCache.refresh(PathChildrenCache.java:521)
	at org.apache.curator.framework.recipes.cache.RefreshOperation.invoke(RefreshOperation.java:35)
	at org.apache.curator.framework.recipes.cache.PathChildrenCache$9.run(PathChildrenCache.java:786)
	at java.util.concurrent.Executors$RunnableAdapter.call(Executors.java:511)
	at java.util.concurrent.FutureTask.run(FutureTask.java:266)
	at java.util.concurrent.Executors$RunnableAdapter.call(Executors.java:511)
	at java.util.concurrent.FutureTask.run(FutureTask.java:266)
	at java.util.concurrent.ThreadPoolExecutor.runWorker(ThreadPoolExecutor.java:1149)
	at java.util.concurrent.ThreadPoolExecutor$Worker.run(ThreadPoolExecutor.java:624)
	at java.lang.Thread.run(Thread.java:748)
Heap
 PSYoungGen      total 150016K, used 8194K [0x00000000f5980000, 0x0000000100000000, 0x0000000100000000)
  eden space 129024K, 5% used [0x00000000f5980000,0x00000000f60aa090,0x00000000fd780000)
  from space 20992K, 4% used [0x00000000feb80000,0x00000000fec56930,0x0000000100000000)
  to   space 20480K, 0% used [0x00000000fd780000,0x00000000fd780000,0x00000000feb80000)
 ParOldGen       total 341504K, used 38577K [0x00000000e0c00000, 0x00000000f5980000, 0x00000000f5980000)
  object space 341504K, 11% used [0x00000000e0c00000,0x00000000e31ac418,0x00000000f5980000)
 Metaspace       used 36065K, capacity 36936K, committed 37208K, reserved 1081344K
  class space    used 4977K, capacity 5156K, committed 5248K, reserved 1048576K
