20:03:19,591 |-INFO in ch.qos.logback.classic.LoggerContext[default] - Could NOT find resource [logback-test.xml]
20:03:19,591 |-INFO in ch.qos.logback.classic.LoggerContext[default] - Could NOT find resource [logback.groovy]
20:03:19,591 |-INFO in ch.qos.logback.classic.LoggerContext[default] - Found resource [logback.xml] at [jar:file:/root/flamestream/lib/flamestream-runtime-1.0-SNAPSHOT.jar!/logback.xml]
20:03:19,592 |-WARN in ch.qos.logback.classic.LoggerContext[default] - Resource [logback.xml] occurs multiple times on the classpath.
20:03:19,592 |-WARN in ch.qos.logback.classic.LoggerContext[default] - Resource [logback.xml] occurs at [jar:file:/root/flamestream/lib/flamestream-runtime-1.0-SNAPSHOT.jar!/logback.xml]
20:03:19,592 |-WARN in ch.qos.logback.classic.LoggerContext[default] - Resource [logback.xml] occurs at [jar:file:/root/flamestream/flamestream-runtime-1.0-SNAPSHOT.jar!/logback.xml]
20:03:19,615 |-INFO in ch.qos.logback.core.joran.spi.ConfigurationWatchList@3fb6a447 - URL [jar:file:/root/flamestream/lib/flamestream-runtime-1.0-SNAPSHOT.jar!/logback.xml] is not of type file
20:03:19,690 |-INFO in ch.qos.logback.classic.joran.action.ConfigurationAction - debug attribute not set
20:03:19,690 |-INFO in ch.qos.logback.core.joran.action.AppenderAction - About to instantiate appender of type [ch.qos.logback.core.ConsoleAppender]
20:03:19,704 |-INFO in ch.qos.logback.core.joran.action.AppenderAction - Naming appender as [STDOUT]
20:03:19,722 |-INFO in ch.qos.logback.core.joran.action.NestedComplexPropertyIA - Assuming default type [ch.qos.logback.classic.encoder.PatternLayoutEncoder] for [encoder] property
20:03:19,809 |-INFO in ch.qos.logback.core.joran.action.AppenderAction - About to instantiate appender of type [ch.qos.logback.core.rolling.RollingFileAppender]
20:03:19,814 |-INFO in ch.qos.logback.core.joran.action.AppenderAction - Naming appender as [FILE]
20:03:19,846 |-INFO in c.q.l.core.rolling.TimeBasedRollingPolicy@127618319 - No compression will be used
20:03:19,848 |-INFO in c.q.l.core.rolling.TimeBasedRollingPolicy@127618319 - Will use the pattern /tmp/application_%d{yyyy-MM-dd}.%i.log for the active file
20:03:19,851 |-INFO in ch.qos.logback.core.rolling.SizeAndTimeBasedFNATP@6b2fad11 - The date pattern is 'yyyy-MM-dd' from file name pattern '/tmp/application_%d{yyyy-MM-dd}.%i.log'.
20:03:19,851 |-INFO in ch.qos.logback.core.rolling.SizeAndTimeBasedFNATP@6b2fad11 - Roll-over at midnight.
20:03:19,856 |-INFO in ch.qos.logback.core.rolling.SizeAndTimeBasedFNATP@6b2fad11 - Setting initial period to Mon Jun 10 20:01:52 UTC 2019
20:03:19,856 |-WARN in ch.qos.logback.core.rolling.SizeAndTimeBasedFNATP@6b2fad11 - SizeAndTimeBasedFNATP is deprecated. Use SizeAndTimeBasedRollingPolicy instead
20:03:19,856 |-WARN in ch.qos.logback.core.rolling.SizeAndTimeBasedFNATP@6b2fad11 - For more information see http://logback.qos.ch/manual/appenders.html#SizeAndTimeBasedRollingPolicy
20:03:19,860 |-INFO in ch.qos.logback.core.joran.action.NestedComplexPropertyIA - Assuming default type [ch.qos.logback.classic.encoder.PatternLayoutEncoder] for [encoder] property
20:03:19,865 |-INFO in ch.qos.logback.core.rolling.RollingFileAppender[FILE] - Active log file name: /tmp/application.log
20:03:19,865 |-INFO in ch.qos.logback.core.rolling.RollingFileAppender[FILE] - File property is set to [/tmp/application.log]
20:03:19,866 |-INFO in ch.qos.logback.classic.joran.action.RootLoggerAction - Setting level of ROOT logger to WARN
20:03:19,866 |-INFO in ch.qos.logback.core.joran.action.AppenderRefAction - Attaching appender named [STDOUT] to Logger[ROOT]
20:03:19,868 |-INFO in ch.qos.logback.core.joran.action.AppenderRefAction - Attaching appender named [FILE] to Logger[ROOT]
20:03:19,868 |-INFO in ch.qos.logback.classic.joran.action.ConfigurationAction - End of configuration.
20:03:19,868 |-INFO in ch.qos.logback.classic.joran.JoranConfigurator@79698539 - Registering current configuration as safe fallback point

Ama winner
Ama winner
2019-06-10T20:03:21.166+0000: 1.759: [Full GC (Metadata GC Threshold) 2019-06-10T20:03:21.166+0000: 1.759: [Tenured: 0K->15241K(341376K), 0.0370270 secs] 117751K->15241K(494976K), [Metaspace: 20739K->20739K(1067008K)], 0.0370967 secs] [Times: user=0.04 sys=0.00, real=0.04 secs] 
20:03:44.504 [Curator-PathChildrenCache-1] WARN  o.a.c.u.ZKPaths  - The version of ZooKeeper being used doesn't support Container nodes. CreateMode.PERSISTENT will be used instead.
2019-06-10T20:03:46.640+0000: 27.233: [GC (Allocation Failure) 2019-06-10T20:03:46.640+0000: 27.233: [DefNew: 136576K->17024K(153600K), 0.0291493 secs] 151817K->52490K(494976K), 0.0292182 secs] [Times: user=0.02 sys=0.01, real=0.03 secs] 
2019-06-10T20:03:47.724+0000: 28.317: [Full GC (Metadata GC Threshold) 2019-06-10T20:03:47.724+0000: 28.317: [Tenured: 35466K->43765K(341376K), 0.0610505 secs] 75326K->43765K(494976K), [Metaspace: 34556K->34556K(1079296K)], 0.0611381 secs] [Times: user=0.06 sys=0.00, real=0.06 secs] 
2019-06-10T20:03:50.873+0000: 31.466: [GC (Allocation Failure) 2019-06-10T20:03:50.873+0000: 31.466: [DefNew: 136576K->92K(153600K), 0.0019170 secs] 180341K->43857K(494976K), 0.0019769 secs] [Times: user=0.00 sys=0.00, real=0.00 secs] 
2019-06-10T20:03:54.109+0000: 34.702: [GC (Allocation Failure) 2019-06-10T20:03:54.109+0000: 34.702: [DefNew: 136668K->103K(153600K), 0.0017082 secs] 180433K->43868K(494976K), 0.0017674 secs] [Times: user=0.00 sys=0.00, real=0.00 secs] 
2019-06-10T20:03:57.401+0000: 37.993: [GC (Allocation Failure) 2019-06-10T20:03:57.401+0000: 37.993: [DefNew: 136679K->138K(153600K), 0.0018036 secs] 180444K->43903K(494976K), 0.0018656 secs] [Times: user=0.00 sys=0.00, real=0.00 secs] 
2019-06-10T20:04:10.850+0000: 51.442: [GC (Allocation Failure) 2019-06-10T20:04:10.850+0000: 51.442: [DefNew: 136714K->192K(153600K), 0.0020546 secs] 180479K->43957K(494976K), 0.0021060 secs] [Times: user=0.00 sys=0.00, real=0.00 secs] 
20:04:10.923 [Curator-PathChildrenCache-0] ERROR o.a.c.f.r.c.PathChildrenCache  - 
java.lang.IllegalStateException: instance must be started before calling this method
	at org.apache.curator.shaded.com.google.common.base.Preconditions.checkState(Preconditions.java:444)
	at org.apache.curator.framework.imps.CuratorFrameworkImpl.getChildren(CuratorFrameworkImpl.java:456)
	at org.apache.curator.framework.recipes.cache.PathChildrenCache.refresh(PathChildrenCache.java:521)
	at org.apache.curator.framework.recipes.cache.RefreshOperation.invoke(RefreshOperation.java:35)
	at org.apache.curator.framework.recipes.cache.PathChildrenCache$9.run(PathChildrenCache.java:786)
	at java.util.concurrent.Executors$RunnableAdapter.call(Executors.java:511)
	at java.util.concurrent.FutureTask.run(FutureTask.java:266)
	at java.util.concurrent.Executors$RunnableAdapter.call(Executors.java:511)
	at java.util.concurrent.FutureTask.run(FutureTask.java:266)
	at java.util.concurrent.ThreadPoolExecutor.runWorker(ThreadPoolExecutor.java:1149)
	at java.util.concurrent.ThreadPoolExecutor$Worker.run(ThreadPoolExecutor.java:624)
	at java.lang.Thread.run(Thread.java:748)
Heap
 def new generation   total 153600K, used 22424K [0x00000000e0c00000, 0x00000000eb2a0000, 0x00000000eb2a0000)
  eden space 136576K,  16% used [0x00000000e0c00000, 0x00000000e21b5e90, 0x00000000e9160000)
  from space 17024K,   1% used [0x00000000ea200000, 0x00000000ea230340, 0x00000000eb2a0000)
  to   space 17024K,   0% used [0x00000000e9160000, 0x00000000e9160000, 0x00000000ea200000)
 tenured generation   total 341376K, used 43765K [0x00000000eb2a0000, 0x0000000100000000, 0x0000000100000000)
   the space 341376K,  12% used [0x00000000eb2a0000, 0x00000000edd5d4b8, 0x00000000edd5d600, 0x0000000100000000)
 Metaspace       used 35730K, capacity 36646K, committed 36864K, reserved 1081344K
  class space    used 4827K, capacity 5017K, committed 5120K, reserved 1048576K
