19:32:38,106 |-INFO in ch.qos.logback.classic.LoggerContext[default] - Could NOT find resource [logback-test.xml]
19:32:38,106 |-INFO in ch.qos.logback.classic.LoggerContext[default] - Could NOT find resource [logback.groovy]
19:32:38,106 |-INFO in ch.qos.logback.classic.LoggerContext[default] - Found resource [logback.xml] at [jar:file:/root/flamestream/lib/flamestream-runtime-1.0-SNAPSHOT.jar!/logback.xml]
19:32:38,106 |-WARN in ch.qos.logback.classic.LoggerContext[default] - Resource [logback.xml] occurs multiple times on the classpath.
19:32:38,111 |-WARN in ch.qos.logback.classic.LoggerContext[default] - Resource [logback.xml] occurs at [jar:file:/root/flamestream/lib/flamestream-runtime-1.0-SNAPSHOT.jar!/logback.xml]
19:32:38,111 |-WARN in ch.qos.logback.classic.LoggerContext[default] - Resource [logback.xml] occurs at [jar:file:/root/flamestream/flamestream-runtime-1.0-SNAPSHOT.jar!/logback.xml]
19:32:38,130 |-INFO in ch.qos.logback.core.joran.spi.ConfigurationWatchList@3fb6a447 - URL [jar:file:/root/flamestream/lib/flamestream-runtime-1.0-SNAPSHOT.jar!/logback.xml] is not of type file
19:32:38,197 |-INFO in ch.qos.logback.classic.joran.action.ConfigurationAction - debug attribute not set
19:32:38,198 |-INFO in ch.qos.logback.core.joran.action.AppenderAction - About to instantiate appender of type [ch.qos.logback.core.ConsoleAppender]
19:32:38,214 |-INFO in ch.qos.logback.core.joran.action.AppenderAction - Naming appender as [STDOUT]
19:32:38,227 |-INFO in ch.qos.logback.core.joran.action.NestedComplexPropertyIA - Assuming default type [ch.qos.logback.classic.encoder.PatternLayoutEncoder] for [encoder] property
19:32:38,332 |-INFO in ch.qos.logback.core.joran.action.AppenderAction - About to instantiate appender of type [ch.qos.logback.core.rolling.RollingFileAppender]
19:32:38,343 |-INFO in ch.qos.logback.core.joran.action.AppenderAction - Naming appender as [FILE]
19:32:38,370 |-INFO in c.q.l.core.rolling.TimeBasedRollingPolicy@127618319 - No compression will be used
19:32:38,371 |-INFO in c.q.l.core.rolling.TimeBasedRollingPolicy@127618319 - Will use the pattern /tmp/application_%d{yyyy-MM-dd}.%i.log for the active file
19:32:38,374 |-INFO in ch.qos.logback.core.rolling.SizeAndTimeBasedFNATP@6b2fad11 - The date pattern is 'yyyy-MM-dd' from file name pattern '/tmp/application_%d{yyyy-MM-dd}.%i.log'.
19:32:38,374 |-INFO in ch.qos.logback.core.rolling.SizeAndTimeBasedFNATP@6b2fad11 - Roll-over at midnight.
19:32:38,380 |-INFO in ch.qos.logback.core.rolling.SizeAndTimeBasedFNATP@6b2fad11 - Setting initial period to Mon Jun 10 19:31:10 UTC 2019
19:32:38,380 |-WARN in ch.qos.logback.core.rolling.SizeAndTimeBasedFNATP@6b2fad11 - SizeAndTimeBasedFNATP is deprecated. Use SizeAndTimeBasedRollingPolicy instead
19:32:38,380 |-WARN in ch.qos.logback.core.rolling.SizeAndTimeBasedFNATP@6b2fad11 - For more information see http://logback.qos.ch/manual/appenders.html#SizeAndTimeBasedRollingPolicy
19:32:38,384 |-INFO in ch.qos.logback.core.joran.action.NestedComplexPropertyIA - Assuming default type [ch.qos.logback.classic.encoder.PatternLayoutEncoder] for [encoder] property
19:32:38,389 |-INFO in ch.qos.logback.core.rolling.RollingFileAppender[FILE] - Active log file name: /tmp/application.log
19:32:38,389 |-INFO in ch.qos.logback.core.rolling.RollingFileAppender[FILE] - File property is set to [/tmp/application.log]
19:32:38,390 |-INFO in ch.qos.logback.classic.joran.action.RootLoggerAction - Setting level of ROOT logger to WARN
19:32:38,390 |-INFO in ch.qos.logback.core.joran.action.AppenderRefAction - Attaching appender named [STDOUT] to Logger[ROOT]
19:32:38,392 |-INFO in ch.qos.logback.core.joran.action.AppenderRefAction - Attaching appender named [FILE] to Logger[ROOT]
19:32:38,392 |-INFO in ch.qos.logback.classic.joran.action.ConfigurationAction - End of configuration.
19:32:38,393 |-INFO in ch.qos.logback.classic.joran.JoranConfigurator@79698539 - Registering current configuration as safe fallback point

Ama winner
Ama winner
2019-06-10T19:32:39.676+0000: 1.753: [Full GC (Metadata GC Threshold) 2019-06-10T19:32:39.677+0000: 1.754: [Tenured: 0K->15144K(341376K), 0.0396044 secs] 114923K->15144K(494976K), [Metaspace: 20735K->20735K(1067008K)], 0.0396725 secs] [Times: user=0.03 sys=0.00, real=0.04 secs] 
19:32:52.296 [Curator-PathChildrenCache-1] WARN  o.a.c.u.ZKPaths  - The version of ZooKeeper being used doesn't support Container nodes. CreateMode.PERSISTENT will be used instead.
2019-06-10T19:32:54.604+0000: 16.681: [GC (Allocation Failure) 2019-06-10T19:32:54.604+0000: 16.681: [DefNew: 136576K->17023K(153600K), 0.0276548 secs] 151720K->52495K(494976K), 0.0277230 secs] [Times: user=0.02 sys=0.00, real=0.03 secs] 
2019-06-10T19:32:57.036+0000: 19.113: [Full GC (Metadata GC Threshold) 2019-06-10T19:32:57.036+0000: 19.113: [Tenured: 35471K->43878K(341376K), 0.0892921 secs] 109016K->43878K(494976K), [Metaspace: 34610K->34610K(1079296K)], 0.0893857 secs] [Times: user=0.08 sys=0.01, real=0.09 secs] 
2019-06-10T19:33:02.050+0000: 24.127: [GC (Allocation Failure) 2019-06-10T19:33:02.050+0000: 24.127: [DefNew: 136576K->60K(153600K), 0.0017655 secs] 180454K->43938K(494976K), 0.0018252 secs] [Times: user=0.01 sys=0.00, real=0.01 secs] 
2019-06-10T19:33:07.064+0000: 29.141: [GC (Allocation Failure) 2019-06-10T19:33:07.064+0000: 29.141: [DefNew: 136636K->67K(153600K), 0.0016202 secs] 180514K->43945K(494976K), 0.0016883 secs] [Times: user=0.00 sys=0.00, real=0.00 secs] 
2019-06-10T19:33:12.139+0000: 34.216: [GC (Allocation Failure) 2019-06-10T19:33:12.139+0000: 34.216: [DefNew: 136643K->64K(153600K), 0.0017093 secs] 180521K->43943K(494976K), 0.0017716 secs] [Times: user=0.00 sys=0.00, real=0.00 secs] 
2019-06-10T19:33:17.166+0000: 39.243: [GC (Allocation Failure) 2019-06-10T19:33:17.166+0000: 39.243: [DefNew: 136640K->68K(153600K), 0.0016815 secs] 180519K->43947K(494976K), 0.0017406 secs] [Times: user=0.00 sys=0.00, real=0.00 secs] 
19:33:31.216 [Curator-PathChildrenCache-0] ERROR o.a.c.f.r.c.PathChildrenCache  - 
java.lang.IllegalStateException: instance must be started before calling this method
	at org.apache.curator.shaded.com.google.common.base.Preconditions.checkState(Preconditions.java:444)
	at org.apache.curator.framework.imps.CuratorFrameworkImpl.getChildren(CuratorFrameworkImpl.java:456)
	at org.apache.curator.framework.recipes.cache.PathChildrenCache.refresh(PathChildrenCache.java:521)
	at org.apache.curator.framework.recipes.cache.RefreshOperation.invoke(RefreshOperation.java:35)
	at org.apache.curator.framework.recipes.cache.PathChildrenCache$9.run(PathChildrenCache.java:786)
	at java.util.concurrent.Executors$RunnableAdapter.call(Executors.java:511)
	at java.util.concurrent.FutureTask.run(FutureTask.java:266)
	at java.util.concurrent.Executors$RunnableAdapter.call(Executors.java:511)
	at java.util.concurrent.FutureTask.run(FutureTask.java:266)
	at java.util.concurrent.ThreadPoolExecutor.runWorker(ThreadPoolExecutor.java:1149)
	at java.util.concurrent.ThreadPoolExecutor$Worker.run(ThreadPoolExecutor.java:624)
	at java.lang.Thread.run(Thread.java:748)
Heap
 def new generation   total 153600K, used 125004K [0x00000000e0c00000, 0x00000000eb2a0000, 0x00000000eb2a0000)
  eden space 136576K,  91% used [0x00000000e0c00000, 0x00000000e8601fb0, 0x00000000e9160000)
  from space 17024K,   0% used [0x00000000ea200000, 0x00000000ea211370, 0x00000000eb2a0000)
  to   space 17024K,   0% used [0x00000000e9160000, 0x00000000e9160000, 0x00000000ea200000)
 tenured generation   total 341376K, used 43878K [0x00000000eb2a0000, 0x0000000100000000, 0x0000000100000000)
   the space 341376K,  12% used [0x00000000eb2a0000, 0x00000000edd79ba0, 0x00000000edd79c00, 0x0000000100000000)
 Metaspace       used 35688K, capacity 36544K, committed 36864K, reserved 1081344K
  class space    used 4815K, capacity 5010K, committed 5120K, reserved 1048576K
