07:53:52,465 |-INFO in ch.qos.logback.classic.LoggerContext[default] - Could NOT find resource [logback-test.xml]
07:53:52,468 |-INFO in ch.qos.logback.classic.LoggerContext[default] - Could NOT find resource [logback.groovy]
07:53:52,468 |-INFO in ch.qos.logback.classic.LoggerContext[default] - Found resource [logback.xml] at [jar:file:/root/flamestream/lib/flamestream-runtime-1.0-SNAPSHOT.jar!/logback.xml]
07:53:52,469 |-WARN in ch.qos.logback.classic.LoggerContext[default] - Resource [logback.xml] occurs multiple times on the classpath.
07:53:52,469 |-WARN in ch.qos.logback.classic.LoggerContext[default] - Resource [logback.xml] occurs at [jar:file:/root/flamestream/lib/flamestream-runtime-1.0-SNAPSHOT.jar!/logback.xml]
07:53:52,469 |-WARN in ch.qos.logback.classic.LoggerContext[default] - Resource [logback.xml] occurs at [jar:file:/root/flamestream/flamestream-runtime-1.0-SNAPSHOT.jar!/logback.xml]
07:53:52,489 |-INFO in ch.qos.logback.core.joran.spi.ConfigurationWatchList@3fb6a447 - URL [jar:file:/root/flamestream/lib/flamestream-runtime-1.0-SNAPSHOT.jar!/logback.xml] is not of type file
07:53:52,556 |-INFO in ch.qos.logback.classic.joran.action.ConfigurationAction - debug attribute not set
07:53:52,556 |-INFO in ch.qos.logback.core.joran.action.AppenderAction - About to instantiate appender of type [ch.qos.logback.core.ConsoleAppender]
07:53:52,572 |-INFO in ch.qos.logback.core.joran.action.AppenderAction - Naming appender as [STDOUT]
07:53:52,589 |-INFO in ch.qos.logback.core.joran.action.NestedComplexPropertyIA - Assuming default type [ch.qos.logback.classic.encoder.PatternLayoutEncoder] for [encoder] property
07:53:52,681 |-INFO in ch.qos.logback.core.joran.action.AppenderAction - About to instantiate appender of type [ch.qos.logback.core.rolling.RollingFileAppender]
07:53:52,687 |-INFO in ch.qos.logback.core.joran.action.AppenderAction - Naming appender as [FILE]
07:53:52,724 |-INFO in c.q.l.core.rolling.TimeBasedRollingPolicy@127618319 - No compression will be used
07:53:52,725 |-INFO in c.q.l.core.rolling.TimeBasedRollingPolicy@127618319 - Will use the pattern /tmp/application_%d{yyyy-MM-dd}.%i.log for the active file
07:53:52,728 |-INFO in ch.qos.logback.core.rolling.SizeAndTimeBasedFNATP@6b2fad11 - The date pattern is 'yyyy-MM-dd' from file name pattern '/tmp/application_%d{yyyy-MM-dd}.%i.log'.
07:53:52,728 |-INFO in ch.qos.logback.core.rolling.SizeAndTimeBasedFNATP@6b2fad11 - Roll-over at midnight.
07:53:52,733 |-INFO in ch.qos.logback.core.rolling.SizeAndTimeBasedFNATP@6b2fad11 - Setting initial period to Tue Jun 11 07:52:31 UTC 2019
07:53:52,733 |-WARN in ch.qos.logback.core.rolling.SizeAndTimeBasedFNATP@6b2fad11 - SizeAndTimeBasedFNATP is deprecated. Use SizeAndTimeBasedRollingPolicy instead
07:53:52,733 |-WARN in ch.qos.logback.core.rolling.SizeAndTimeBasedFNATP@6b2fad11 - For more information see http://logback.qos.ch/manual/appenders.html#SizeAndTimeBasedRollingPolicy
07:53:52,737 |-INFO in ch.qos.logback.core.joran.action.NestedComplexPropertyIA - Assuming default type [ch.qos.logback.classic.encoder.PatternLayoutEncoder] for [encoder] property
07:53:52,742 |-INFO in ch.qos.logback.core.rolling.RollingFileAppender[FILE] - Active log file name: /tmp/application.log
07:53:52,742 |-INFO in ch.qos.logback.core.rolling.RollingFileAppender[FILE] - File property is set to [/tmp/application.log]
07:53:52,743 |-INFO in ch.qos.logback.classic.joran.action.RootLoggerAction - Setting level of ROOT logger to WARN
07:53:52,743 |-INFO in ch.qos.logback.core.joran.action.AppenderRefAction - Attaching appender named [STDOUT] to Logger[ROOT]
07:53:52,745 |-INFO in ch.qos.logback.core.joran.action.AppenderRefAction - Attaching appender named [FILE] to Logger[ROOT]
07:53:52,745 |-INFO in ch.qos.logback.classic.joran.action.ConfigurationAction - End of configuration.
07:53:52,746 |-INFO in ch.qos.logback.classic.joran.JoranConfigurator@79698539 - Registering current configuration as safe fallback point

Ama winner
Ama winner
2019-06-11T07:53:54.029+0000: 1.746: [Full GC (Metadata GC Threshold) 2019-06-11T07:53:54.029+0000: 1.746: [Tenured: 0K->15240K(341376K), 0.0384511 secs] 114987K->15240K(494976K), [Metaspace: 20727K->20727K(1067008K)], 0.0385172 secs] [Times: user=0.03 sys=0.01, real=0.04 secs] 
07:54:11.306 [Curator-PathChildrenCache-1] WARN  o.a.c.u.ZKPaths  - The version of ZooKeeper being used doesn't support Container nodes. CreateMode.PERSISTENT will be used instead.
2019-06-11T07:54:13.597+0000: 21.314: [GC (Allocation Failure) 2019-06-11T07:54:13.597+0000: 21.314: [DefNew: 136576K->17023K(153600K), 0.0248574 secs] 151816K->52785K(494976K), 0.0249362 secs] [Times: user=0.02 sys=0.01, real=0.02 secs] 
2019-06-11T07:54:17.356+0000: 25.072: [GC (Allocation Failure) 2019-06-11T07:54:17.356+0000: 25.072: [DefNew: 153599K->218K(153600K), 0.0105070 secs] 189361K->44323K(494976K), 0.0105688 secs] [Times: user=0.01 sys=0.00, real=0.01 secs] 
2019-06-11T07:54:20.832+0000: 28.548: [GC (Allocation Failure) 2019-06-11T07:54:20.832+0000: 28.548: [DefNew: 136794K->219K(153600K), 0.0026596 secs] 180899K->44324K(494976K), 0.0027323 secs] [Times: user=0.01 sys=0.00, real=0.01 secs] 
2019-06-11T07:54:24.296+0000: 32.012: [GC (Allocation Failure) 2019-06-11T07:54:24.296+0000: 32.013: [DefNew: 136795K->223K(153600K), 0.0023863 secs] 180900K->44328K(494976K), 0.0024645 secs] [Times: user=0.00 sys=0.00, real=0.00 secs] 
2019-06-11T07:54:27.768+0000: 35.484: [GC (Allocation Failure) 2019-06-11T07:54:27.768+0000: 35.484: [DefNew: 136799K->224K(153600K), 0.0024082 secs] 180904K->44329K(494976K), 0.0024726 secs] [Times: user=0.01 sys=0.00, real=0.00 secs] 
2019-06-11T07:54:32.190+0000: 39.907: [Full GC (Metadata GC Threshold) 2019-06-11T07:54:32.190+0000: 39.907: [Tenured: 44105K->44355K(341376K), 0.0522604 secs] 146314K->44355K(494976K), [Metaspace: 34620K->34620K(1079296K)], 0.0523338 secs] [Times: user=0.05 sys=0.00, real=0.05 secs] 
07:54:38.402 [Curator-PathChildrenCache-0] ERROR o.a.c.f.r.c.PathChildrenCache  - 
java.lang.IllegalStateException: instance must be started before calling this method
	at org.apache.curator.shaded.com.google.common.base.Preconditions.checkState(Preconditions.java:444)
	at org.apache.curator.framework.imps.CuratorFrameworkImpl.getChildren(CuratorFrameworkImpl.java:456)
	at org.apache.curator.framework.recipes.cache.PathChildrenCache.refresh(PathChildrenCache.java:521)
	at org.apache.curator.framework.recipes.cache.RefreshOperation.invoke(RefreshOperation.java:35)
	at org.apache.curator.framework.recipes.cache.PathChildrenCache$9.run(PathChildrenCache.java:786)
	at java.util.concurrent.Executors$RunnableAdapter.call(Executors.java:511)
	at java.util.concurrent.FutureTask.run(FutureTask.java:266)
	at java.util.concurrent.Executors$RunnableAdapter.call(Executors.java:511)
	at java.util.concurrent.FutureTask.run(FutureTask.java:266)
	at java.util.concurrent.ThreadPoolExecutor.runWorker(ThreadPoolExecutor.java:1149)
	at java.util.concurrent.ThreadPoolExecutor$Worker.run(ThreadPoolExecutor.java:624)
	at java.lang.Thread.run(Thread.java:748)
Heap
 def new generation   total 153600K, used 51363K [0x00000000e0c00000, 0x00000000eb2a0000, 0x00000000eb2a0000)
  eden space 136576K,  37% used [0x00000000e0c00000, 0x00000000e3e28f00, 0x00000000e9160000)
  from space 17024K,   0% used [0x00000000ea200000, 0x00000000ea200000, 0x00000000eb2a0000)
  to   space 17024K,   0% used [0x00000000e9160000, 0x00000000e9160000, 0x00000000ea200000)
 tenured generation   total 341376K, used 44355K [0x00000000eb2a0000, 0x0000000100000000, 0x0000000100000000)
   the space 341376K,  12% used [0x00000000eb2a0000, 0x00000000eddf0d40, 0x00000000eddf0e00, 0x0000000100000000)
 Metaspace       used 35536K, capacity 36404K, committed 36608K, reserved 1081344K
  class space    used 4810K, capacity 5008K, committed 5120K, reserved 1048576K
