15:26:24,810 |-INFO in ch.qos.logback.classic.LoggerContext[default] - Could NOT find resource [logback-test.xml]
15:26:24,810 |-INFO in ch.qos.logback.classic.LoggerContext[default] - Could NOT find resource [logback.groovy]
15:26:24,811 |-INFO in ch.qos.logback.classic.LoggerContext[default] - Found resource [logback.xml] at [jar:file:/root/flamestream/lib/flamestream-runtime-1.0-SNAPSHOT.jar!/logback.xml]
15:26:24,812 |-WARN in ch.qos.logback.classic.LoggerContext[default] - Resource [logback.xml] occurs multiple times on the classpath.
15:26:24,812 |-WARN in ch.qos.logback.classic.LoggerContext[default] - Resource [logback.xml] occurs at [jar:file:/root/flamestream/lib/flamestream-runtime-1.0-SNAPSHOT.jar!/logback.xml]
15:26:24,812 |-WARN in ch.qos.logback.classic.LoggerContext[default] - Resource [logback.xml] occurs at [jar:file:/root/flamestream/flamestream-runtime-1.0-SNAPSHOT.jar!/logback.xml]
15:26:24,831 |-INFO in ch.qos.logback.core.joran.spi.ConfigurationWatchList@3fb6a447 - URL [jar:file:/root/flamestream/lib/flamestream-runtime-1.0-SNAPSHOT.jar!/logback.xml] is not of type file
15:26:24,897 |-INFO in ch.qos.logback.classic.joran.action.ConfigurationAction - debug attribute not set
15:26:24,897 |-INFO in ch.qos.logback.core.joran.action.AppenderAction - About to instantiate appender of type [ch.qos.logback.core.ConsoleAppender]
15:26:24,913 |-INFO in ch.qos.logback.core.joran.action.AppenderAction - Naming appender as [STDOUT]
15:26:24,933 |-INFO in ch.qos.logback.core.joran.action.NestedComplexPropertyIA - Assuming default type [ch.qos.logback.classic.encoder.PatternLayoutEncoder] for [encoder] property
15:26:25,017 |-INFO in ch.qos.logback.core.joran.action.AppenderAction - About to instantiate appender of type [ch.qos.logback.core.rolling.RollingFileAppender]
15:26:25,022 |-INFO in ch.qos.logback.core.joran.action.AppenderAction - Naming appender as [FILE]
15:26:25,053 |-INFO in c.q.l.core.rolling.TimeBasedRollingPolicy@127618319 - No compression will be used
15:26:25,054 |-INFO in c.q.l.core.rolling.TimeBasedRollingPolicy@127618319 - Will use the pattern /tmp/application_%d{yyyy-MM-dd}.%i.log for the active file
15:26:25,057 |-INFO in ch.qos.logback.core.rolling.SizeAndTimeBasedFNATP@6b2fad11 - The date pattern is 'yyyy-MM-dd' from file name pattern '/tmp/application_%d{yyyy-MM-dd}.%i.log'.
15:26:25,057 |-INFO in ch.qos.logback.core.rolling.SizeAndTimeBasedFNATP@6b2fad11 - Roll-over at midnight.
15:26:25,062 |-INFO in ch.qos.logback.core.rolling.SizeAndTimeBasedFNATP@6b2fad11 - Setting initial period to Mon Jun 10 15:25:09 UTC 2019
15:26:25,062 |-WARN in ch.qos.logback.core.rolling.SizeAndTimeBasedFNATP@6b2fad11 - SizeAndTimeBasedFNATP is deprecated. Use SizeAndTimeBasedRollingPolicy instead
15:26:25,062 |-WARN in ch.qos.logback.core.rolling.SizeAndTimeBasedFNATP@6b2fad11 - For more information see http://logback.qos.ch/manual/appenders.html#SizeAndTimeBasedRollingPolicy
15:26:25,066 |-INFO in ch.qos.logback.core.joran.action.NestedComplexPropertyIA - Assuming default type [ch.qos.logback.classic.encoder.PatternLayoutEncoder] for [encoder] property
15:26:25,071 |-INFO in ch.qos.logback.core.rolling.RollingFileAppender[FILE] - Active log file name: /tmp/application.log
15:26:25,071 |-INFO in ch.qos.logback.core.rolling.RollingFileAppender[FILE] - File property is set to [/tmp/application.log]
15:26:25,072 |-INFO in ch.qos.logback.classic.joran.action.RootLoggerAction - Setting level of ROOT logger to WARN
15:26:25,072 |-INFO in ch.qos.logback.core.joran.action.AppenderRefAction - Attaching appender named [STDOUT] to Logger[ROOT]
15:26:25,074 |-INFO in ch.qos.logback.core.joran.action.AppenderRefAction - Attaching appender named [FILE] to Logger[ROOT]
15:26:25,075 |-INFO in ch.qos.logback.classic.joran.action.ConfigurationAction - End of configuration.
15:26:25,075 |-INFO in ch.qos.logback.classic.joran.JoranConfigurator@79698539 - Registering current configuration as safe fallback point

Ama winner
Ama winner
2019-06-10T15:26:26.364+0000: 1.742: [Full GC (Metadata GC Threshold) 2019-06-10T15:26:26.364+0000: 1.742: [Tenured: 0K->15241K(341376K), 0.0405067 secs] 115021K->15241K(494976K), [Metaspace: 20734K->20734K(1067008K)], 0.0405742 secs] [Times: user=0.04 sys=0.00, real=0.04 secs] 
15:26:38.161 [Curator-PathChildrenCache-1] WARN  o.a.c.u.ZKPaths  - The version of ZooKeeper being used doesn't support Container nodes. CreateMode.PERSISTENT will be used instead.
2019-06-10T15:26:40.156+0000: 15.534: [GC (Allocation Failure) 2019-06-10T15:26:40.156+0000: 15.534: [DefNew: 120660K->17023K(153600K), 0.0199996 secs] 135901K->32829K(494976K), 0.0200674 secs] [Times: user=0.02 sys=0.01, real=0.02 secs] 
2019-06-10T15:26:41.651+0000: 17.029: [Full GC (Metadata GC Threshold) 2019-06-10T15:26:41.651+0000: 17.029: [Tenured: 15805K->44116K(341376K), 0.0506319 secs] 88635K->44116K(494976K), [Metaspace: 34586K->34586K(1079296K)], 0.0507112 secs] [Times: user=0.04 sys=0.02, real=0.04 secs] 
2019-06-10T15:26:45.783+0000: 21.161: [GC (Allocation Failure) 2019-06-10T15:26:45.783+0000: 21.161: [DefNew: 136576K->60K(153600K), 0.0018687 secs] 180692K->44176K(494976K), 0.0019288 secs] [Times: user=0.00 sys=0.00, real=0.00 secs] 
2019-06-10T15:26:50.118+0000: 25.496: [GC (Allocation Failure) 2019-06-10T15:26:50.118+0000: 25.496: [DefNew: 136636K->102K(153600K), 0.0018033 secs] 180752K->44219K(494976K), 0.0018657 secs] [Times: user=0.00 sys=0.00, real=0.00 secs] 
2019-06-10T15:26:54.424+0000: 29.802: [GC (Allocation Failure) 2019-06-10T15:26:54.424+0000: 29.802: [DefNew: 136678K->139K(153600K), 0.0017902 secs] 180795K->44256K(494976K), 0.0018483 secs] [Times: user=0.00 sys=0.00, real=0.00 secs] 
15:27:04.440 [Curator-PathChildrenCache-0] ERROR o.a.c.f.r.c.PathChildrenCache  - 
java.lang.IllegalStateException: instance must be started before calling this method
	at org.apache.curator.shaded.com.google.common.base.Preconditions.checkState(Preconditions.java:444)
	at org.apache.curator.framework.imps.CuratorFrameworkImpl.getChildren(CuratorFrameworkImpl.java:456)
	at org.apache.curator.framework.recipes.cache.PathChildrenCache.refresh(PathChildrenCache.java:521)
	at org.apache.curator.framework.recipes.cache.RefreshOperation.invoke(RefreshOperation.java:35)
	at org.apache.curator.framework.recipes.cache.PathChildrenCache$9.run(PathChildrenCache.java:786)
	at java.util.concurrent.Executors$RunnableAdapter.call(Executors.java:511)
	at java.util.concurrent.FutureTask.run(FutureTask.java:266)
	at java.util.concurrent.Executors$RunnableAdapter.call(Executors.java:511)
	at java.util.concurrent.FutureTask.run(FutureTask.java:266)
	at java.util.concurrent.ThreadPoolExecutor.runWorker(ThreadPoolExecutor.java:1149)
	at java.util.concurrent.ThreadPoolExecutor$Worker.run(ThreadPoolExecutor.java:624)
	at java.lang.Thread.run(Thread.java:748)
2019-06-10T15:27:05.473+0000: 40.851: [GC (Allocation Failure) 2019-06-10T15:27:05.473+0000: 40.851: [DefNew: 136715K->762K(153600K), 0.0030871 secs] 180832K->44878K(494976K), 0.0031547 secs] [Times: user=0.01 sys=0.00, real=0.00 secs] 
Heap
 def new generation   total 153600K, used 7325K [0x00000000e0c00000, 0x00000000eb2a0000, 0x00000000eb2a0000)
  eden space 136576K,   4% used [0x00000000e0c00000, 0x00000000e1268d40, 0x00000000e9160000)
  from space 17024K,   4% used [0x00000000ea200000, 0x00000000ea2be878, 0x00000000eb2a0000)
  to   space 17024K,   0% used [0x00000000e9160000, 0x00000000e9160000, 0x00000000ea200000)
 tenured generation   total 341376K, used 44116K [0x00000000eb2a0000, 0x0000000100000000, 0x0000000100000000)
   the space 341376K,  12% used [0x00000000eb2a0000, 0x00000000eddb52f8, 0x00000000eddb5400, 0x0000000100000000)
 Metaspace       used 35703K, capacity 36646K, committed 36864K, reserved 1081344K
  class space    used 4827K, capacity 5043K, committed 5120K, reserved 1048576K
