05:36:06,472 |-INFO in ch.qos.logback.classic.LoggerContext[default] - Could NOT find resource [logback-test.xml]
05:36:06,473 |-INFO in ch.qos.logback.classic.LoggerContext[default] - Could NOT find resource [logback.groovy]
05:36:06,473 |-INFO in ch.qos.logback.classic.LoggerContext[default] - Found resource [logback.xml] at [jar:file:/root/flamestream/lib/flamestream-runtime-1.0-SNAPSHOT.jar!/logback.xml]
05:36:06,473 |-WARN in ch.qos.logback.classic.LoggerContext[default] - Resource [logback.xml] occurs multiple times on the classpath.
05:36:06,473 |-WARN in ch.qos.logback.classic.LoggerContext[default] - Resource [logback.xml] occurs at [jar:file:/root/flamestream/lib/flamestream-runtime-1.0-SNAPSHOT.jar!/logback.xml]
05:36:06,473 |-WARN in ch.qos.logback.classic.LoggerContext[default] - Resource [logback.xml] occurs at [jar:file:/root/flamestream/flamestream-runtime-1.0-SNAPSHOT.jar!/logback.xml]
05:36:06,494 |-INFO in ch.qos.logback.core.joran.spi.ConfigurationWatchList@3fb6a447 - URL [jar:file:/root/flamestream/lib/flamestream-runtime-1.0-SNAPSHOT.jar!/logback.xml] is not of type file
05:36:06,560 |-INFO in ch.qos.logback.classic.joran.action.ConfigurationAction - debug attribute not set
05:36:06,561 |-INFO in ch.qos.logback.core.joran.action.AppenderAction - About to instantiate appender of type [ch.qos.logback.core.ConsoleAppender]
05:36:06,576 |-INFO in ch.qos.logback.core.joran.action.AppenderAction - Naming appender as [STDOUT]
05:36:06,597 |-INFO in ch.qos.logback.core.joran.action.NestedComplexPropertyIA - Assuming default type [ch.qos.logback.classic.encoder.PatternLayoutEncoder] for [encoder] property
05:36:06,681 |-INFO in ch.qos.logback.core.joran.action.AppenderAction - About to instantiate appender of type [ch.qos.logback.core.rolling.RollingFileAppender]
05:36:06,686 |-INFO in ch.qos.logback.core.joran.action.AppenderAction - Naming appender as [FILE]
05:36:06,715 |-INFO in c.q.l.core.rolling.TimeBasedRollingPolicy@127618319 - No compression will be used
05:36:06,717 |-INFO in c.q.l.core.rolling.TimeBasedRollingPolicy@127618319 - Will use the pattern /tmp/application_%d{yyyy-MM-dd}.%i.log for the active file
05:36:06,720 |-INFO in ch.qos.logback.core.rolling.SizeAndTimeBasedFNATP@6b2fad11 - The date pattern is 'yyyy-MM-dd' from file name pattern '/tmp/application_%d{yyyy-MM-dd}.%i.log'.
05:36:06,720 |-INFO in ch.qos.logback.core.rolling.SizeAndTimeBasedFNATP@6b2fad11 - Roll-over at midnight.
05:36:06,725 |-INFO in ch.qos.logback.core.rolling.SizeAndTimeBasedFNATP@6b2fad11 - Setting initial period to Tue Jun 11 05:34:43 UTC 2019
05:36:06,725 |-WARN in ch.qos.logback.core.rolling.SizeAndTimeBasedFNATP@6b2fad11 - SizeAndTimeBasedFNATP is deprecated. Use SizeAndTimeBasedRollingPolicy instead
05:36:06,725 |-WARN in ch.qos.logback.core.rolling.SizeAndTimeBasedFNATP@6b2fad11 - For more information see http://logback.qos.ch/manual/appenders.html#SizeAndTimeBasedRollingPolicy
05:36:06,729 |-INFO in ch.qos.logback.core.joran.action.NestedComplexPropertyIA - Assuming default type [ch.qos.logback.classic.encoder.PatternLayoutEncoder] for [encoder] property
05:36:06,734 |-INFO in ch.qos.logback.core.rolling.RollingFileAppender[FILE] - Active log file name: /tmp/application.log
05:36:06,734 |-INFO in ch.qos.logback.core.rolling.RollingFileAppender[FILE] - File property is set to [/tmp/application.log]
05:36:06,735 |-INFO in ch.qos.logback.classic.joran.action.RootLoggerAction - Setting level of ROOT logger to WARN
05:36:06,735 |-INFO in ch.qos.logback.core.joran.action.AppenderRefAction - Attaching appender named [STDOUT] to Logger[ROOT]
05:36:06,735 |-INFO in ch.qos.logback.core.joran.action.AppenderRefAction - Attaching appender named [FILE] to Logger[ROOT]
05:36:06,735 |-INFO in ch.qos.logback.classic.joran.action.ConfigurationAction - End of configuration.
05:36:06,736 |-INFO in ch.qos.logback.classic.joran.JoranConfigurator@79698539 - Registering current configuration as safe fallback point

Ama winner
Ama winner
2019-06-11T05:36:08.051+0000: 1.759: [Full GC (Metadata GC Threshold) 2019-06-11T05:36:08.051+0000: 1.759: [Tenured: 0K->15208K(341376K), 0.0352085 secs] 114986K->15208K(494976K), [Metaspace: 20743K->20743K(1067008K)], 0.0352810 secs] [Times: user=0.03 sys=0.00, real=0.03 secs] 
05:36:24.047 [Curator-PathChildrenCache-1] WARN  o.a.c.u.ZKPaths  - The version of ZooKeeper being used doesn't support Container nodes. CreateMode.PERSISTENT will be used instead.
2019-06-11T05:36:26.445+0000: 20.153: [GC (Allocation Failure) 2019-06-11T05:36:26.445+0000: 20.153: [DefNew: 136576K->17023K(153600K), 0.0267021 secs] 151784K->52808K(494976K), 0.0267742 secs] [Times: user=0.01 sys=0.01, real=0.03 secs] 
2019-06-11T05:36:28.465+0000: 22.174: [Full GC (Metadata GC Threshold) 2019-06-11T05:36:28.465+0000: 22.174: [Tenured: 35784K->44346K(341376K), 0.0610301 secs] 134108K->44346K(494976K), [Metaspace: 34618K->34618K(1079296K)], 0.0611077 secs] [Times: user=0.06 sys=0.00, real=0.06 secs] 
2019-06-11T05:36:31.126+0000: 24.834: [GC (Allocation Failure) 2019-06-11T05:36:31.126+0000: 24.834: [DefNew: 136576K->93K(153600K), 0.0017155 secs] 180922K->44440K(494976K), 0.0017728 secs] [Times: user=0.00 sys=0.00, real=0.00 secs] 
2019-06-11T05:36:33.679+0000: 27.388: [GC (Allocation Failure) 2019-06-11T05:36:33.679+0000: 27.388: [DefNew: 136669K->91K(153600K), 0.0016237 secs] 181016K->44438K(494976K), 0.0016863 secs] [Times: user=0.01 sys=0.00, real=0.00 secs] 
05:36:43.363 [Curator-PathChildrenCache-0] ERROR o.a.c.f.r.c.PathChildrenCache  - 
java.lang.IllegalStateException: instance must be started before calling this method
	at org.apache.curator.shaded.com.google.common.base.Preconditions.checkState(Preconditions.java:444)
	at org.apache.curator.framework.imps.CuratorFrameworkImpl.getChildren(CuratorFrameworkImpl.java:456)
	at org.apache.curator.framework.recipes.cache.PathChildrenCache.refresh(PathChildrenCache.java:521)
	at org.apache.curator.framework.recipes.cache.RefreshOperation.invoke(RefreshOperation.java:35)
	at org.apache.curator.framework.recipes.cache.PathChildrenCache$9.run(PathChildrenCache.java:786)
	at java.util.concurrent.Executors$RunnableAdapter.call(Executors.java:511)
	at java.util.concurrent.FutureTask.run(FutureTask.java:266)
	at java.util.concurrent.Executors$RunnableAdapter.call(Executors.java:511)
	at java.util.concurrent.FutureTask.run(FutureTask.java:266)
	at java.util.concurrent.ThreadPoolExecutor.runWorker(ThreadPoolExecutor.java:1149)
	at java.util.concurrent.ThreadPoolExecutor$Worker.run(ThreadPoolExecutor.java:624)
	at java.lang.Thread.run(Thread.java:748)
Heap
 def new generation   total 153600K, used 120358K [0x00000000e0c00000, 0x00000000eb2a0000, 0x00000000eb2a0000)
  eden space 136576K,  88% used [0x00000000e0c00000, 0x00000000e8172f38, 0x00000000e9160000)
  from space 17024K,   0% used [0x00000000ea200000, 0x00000000ea216c80, 0x00000000eb2a0000)
  to   space 17024K,   0% used [0x00000000e9160000, 0x00000000e9160000, 0x00000000ea200000)
 tenured generation   total 341376K, used 44346K [0x00000000eb2a0000, 0x0000000100000000, 0x0000000100000000)
   the space 341376K,  12% used [0x00000000eb2a0000, 0x00000000eddeeba0, 0x00000000eddeec00, 0x0000000100000000)
 Metaspace       used 35695K, capacity 36570K, committed 36864K, reserved 1081344K
  class space    used 4827K, capacity 5041K, committed 5120K, reserved 1048576K
