18:50:33,408 |-INFO in ch.qos.logback.classic.LoggerContext[default] - Could NOT find resource [logback-test.xml]
18:50:33,408 |-INFO in ch.qos.logback.classic.LoggerContext[default] - Could NOT find resource [logback.groovy]
18:50:33,408 |-INFO in ch.qos.logback.classic.LoggerContext[default] - Found resource [logback.xml] at [jar:file:/root/flamestream/lib/flamestream-runtime-1.0-SNAPSHOT.jar!/logback.xml]
18:50:33,409 |-WARN in ch.qos.logback.classic.LoggerContext[default] - Resource [logback.xml] occurs multiple times on the classpath.
18:50:33,412 |-WARN in ch.qos.logback.classic.LoggerContext[default] - Resource [logback.xml] occurs at [jar:file:/root/flamestream/lib/flamestream-runtime-1.0-SNAPSHOT.jar!/logback.xml]
18:50:33,412 |-WARN in ch.qos.logback.classic.LoggerContext[default] - Resource [logback.xml] occurs at [jar:file:/root/flamestream/flamestream-runtime-1.0-SNAPSHOT.jar!/logback.xml]
18:50:33,432 |-INFO in ch.qos.logback.core.joran.spi.ConfigurationWatchList@3fb6a447 - URL [jar:file:/root/flamestream/lib/flamestream-runtime-1.0-SNAPSHOT.jar!/logback.xml] is not of type file
18:50:33,502 |-INFO in ch.qos.logback.classic.joran.action.ConfigurationAction - debug attribute not set
18:50:33,502 |-INFO in ch.qos.logback.core.joran.action.AppenderAction - About to instantiate appender of type [ch.qos.logback.core.ConsoleAppender]
18:50:33,518 |-INFO in ch.qos.logback.core.joran.action.AppenderAction - Naming appender as [STDOUT]
18:50:33,535 |-INFO in ch.qos.logback.core.joran.action.NestedComplexPropertyIA - Assuming default type [ch.qos.logback.classic.encoder.PatternLayoutEncoder] for [encoder] property
18:50:33,624 |-INFO in ch.qos.logback.core.joran.action.AppenderAction - About to instantiate appender of type [ch.qos.logback.core.rolling.RollingFileAppender]
18:50:33,633 |-INFO in ch.qos.logback.core.joran.action.AppenderAction - Naming appender as [FILE]
18:50:33,664 |-INFO in c.q.l.core.rolling.TimeBasedRollingPolicy@127618319 - No compression will be used
18:50:33,665 |-INFO in c.q.l.core.rolling.TimeBasedRollingPolicy@127618319 - Will use the pattern /tmp/application_%d{yyyy-MM-dd}.%i.log for the active file
18:50:33,668 |-INFO in ch.qos.logback.core.rolling.SizeAndTimeBasedFNATP@6b2fad11 - The date pattern is 'yyyy-MM-dd' from file name pattern '/tmp/application_%d{yyyy-MM-dd}.%i.log'.
18:50:33,668 |-INFO in ch.qos.logback.core.rolling.SizeAndTimeBasedFNATP@6b2fad11 - Roll-over at midnight.
18:50:33,673 |-INFO in ch.qos.logback.core.rolling.SizeAndTimeBasedFNATP@6b2fad11 - Setting initial period to Mon Jun 10 18:49:00 UTC 2019
18:50:33,673 |-WARN in ch.qos.logback.core.rolling.SizeAndTimeBasedFNATP@6b2fad11 - SizeAndTimeBasedFNATP is deprecated. Use SizeAndTimeBasedRollingPolicy instead
18:50:33,673 |-WARN in ch.qos.logback.core.rolling.SizeAndTimeBasedFNATP@6b2fad11 - For more information see http://logback.qos.ch/manual/appenders.html#SizeAndTimeBasedRollingPolicy
18:50:33,677 |-INFO in ch.qos.logback.core.joran.action.NestedComplexPropertyIA - Assuming default type [ch.qos.logback.classic.encoder.PatternLayoutEncoder] for [encoder] property
18:50:33,682 |-INFO in ch.qos.logback.core.rolling.RollingFileAppender[FILE] - Active log file name: /tmp/application.log
18:50:33,682 |-INFO in ch.qos.logback.core.rolling.RollingFileAppender[FILE] - File property is set to [/tmp/application.log]
18:50:33,683 |-INFO in ch.qos.logback.classic.joran.action.RootLoggerAction - Setting level of ROOT logger to WARN
18:50:33,683 |-INFO in ch.qos.logback.core.joran.action.AppenderRefAction - Attaching appender named [STDOUT] to Logger[ROOT]
18:50:33,685 |-INFO in ch.qos.logback.core.joran.action.AppenderRefAction - Attaching appender named [FILE] to Logger[ROOT]
18:50:33,685 |-INFO in ch.qos.logback.classic.joran.action.ConfigurationAction - End of configuration.
18:50:33,686 |-INFO in ch.qos.logback.classic.joran.JoranConfigurator@79698539 - Registering current configuration as safe fallback point

Ama winner
Ama winner
2019-06-10T18:50:35.044+0000: 1.821: [Full GC (Metadata GC Threshold) 2019-06-10T18:50:35.044+0000: 1.821: [Tenured: 0K->15241K(341376K), 0.0400677 secs] 114987K->15241K(494976K), [Metaspace: 20736K->20736K(1067008K)], 0.0401381 secs] [Times: user=0.03 sys=0.01, real=0.04 secs] 
18:50:53.039 [Curator-PathChildrenCache-1] WARN  o.a.c.u.ZKPaths  - The version of ZooKeeper being used doesn't support Container nodes. CreateMode.PERSISTENT will be used instead.
2019-06-10T18:50:55.512+0000: 22.290: [GC (Allocation Failure) 2019-06-10T18:50:55.513+0000: 22.290: [DefNew: 136576K->17023K(153600K), 0.0276567 secs] 151817K->52744K(494976K), 0.0277341 secs] [Times: user=0.01 sys=0.01, real=0.03 secs] 
2019-06-10T18:50:56.164+0000: 22.942: [Full GC (Metadata GC Threshold) 2019-06-10T18:50:56.164+0000: 22.942: [Tenured: 35720K->44226K(341376K), 0.0381149 secs] 76701K->44226K(494976K), [Metaspace: 34562K->34562K(1079296K)], 0.0381862 secs] [Times: user=0.03 sys=0.00, real=0.04 secs] 
2019-06-10T18:51:00.704+0000: 27.481: [GC (Allocation Failure) 2019-06-10T18:51:00.704+0000: 27.481: [DefNew: 136576K->86K(153600K), 0.0020299 secs] 180802K->44313K(494976K), 0.0020850 secs] [Times: user=0.00 sys=0.00, real=0.01 secs] 
2019-06-10T18:51:05.297+0000: 32.074: [GC (Allocation Failure) 2019-06-10T18:51:05.297+0000: 32.074: [DefNew: 136662K->128K(153600K), 0.0018634 secs] 180889K->44355K(494976K), 0.0019413 secs] [Times: user=0.01 sys=0.00, real=0.01 secs] 
2019-06-10T18:51:09.889+0000: 36.667: [GC (Allocation Failure) 2019-06-10T18:51:09.889+0000: 36.667: [DefNew: 136704K->168K(153600K), 0.0019402 secs] 180931K->44394K(494976K), 0.0019994 secs] [Times: user=0.01 sys=0.00, real=0.00 secs] 
2019-06-10T18:51:14.515+0000: 41.292: [GC (Allocation Failure) 2019-06-10T18:51:14.515+0000: 41.292: [DefNew: 136744K->195K(153600K), 0.0019279 secs] 180970K->44422K(494976K), 0.0019974 secs] [Times: user=0.00 sys=0.00, real=0.00 secs] 
18:51:24.863 [Curator-PathChildrenCache-0] ERROR o.a.c.f.r.c.PathChildrenCache  - 
java.lang.IllegalStateException: instance must be started before calling this method
	at org.apache.curator.shaded.com.google.common.base.Preconditions.checkState(Preconditions.java:444)
	at org.apache.curator.framework.imps.CuratorFrameworkImpl.getChildren(CuratorFrameworkImpl.java:456)
	at org.apache.curator.framework.recipes.cache.PathChildrenCache.refresh(PathChildrenCache.java:521)
	at org.apache.curator.framework.recipes.cache.RefreshOperation.invoke(RefreshOperation.java:35)
	at org.apache.curator.framework.recipes.cache.PathChildrenCache$9.run(PathChildrenCache.java:786)
	at java.util.concurrent.Executors$RunnableAdapter.call(Executors.java:511)
	at java.util.concurrent.FutureTask.run(FutureTask.java:266)
	at java.util.concurrent.Executors$RunnableAdapter.call(Executors.java:511)
	at java.util.concurrent.FutureTask.run(FutureTask.java:266)
	at java.util.concurrent.ThreadPoolExecutor.runWorker(ThreadPoolExecutor.java:1149)
	at java.util.concurrent.ThreadPoolExecutor$Worker.run(ThreadPoolExecutor.java:624)
	at java.lang.Thread.run(Thread.java:748)
Heap
 def new generation   total 153600K, used 118665K [0x00000000e0c00000, 0x00000000eb2a0000, 0x00000000eb2a0000)
  eden space 136576K,  86% used [0x00000000e0c00000, 0x00000000e7fb17b0, 0x00000000e9160000)
  from space 17024K,   1% used [0x00000000ea200000, 0x00000000ea230ff0, 0x00000000eb2a0000)
  to   space 17024K,   0% used [0x00000000e9160000, 0x00000000e9160000, 0x00000000ea200000)
 tenured generation   total 341376K, used 44226K [0x00000000eb2a0000, 0x0000000100000000, 0x0000000100000000)
   the space 341376K,  12% used [0x00000000eb2a0000, 0x00000000eddd09a0, 0x00000000eddd0a00, 0x0000000100000000)
 Metaspace       used 36006K, capacity 36910K, committed 37120K, reserved 1081344K
  class space    used 4832K, capacity 5055K, committed 5120K, reserved 1048576K
