17:39:35,806 |-INFO in ch.qos.logback.classic.LoggerContext[default] - Could NOT find resource [logback-test.xml]
17:39:35,806 |-INFO in ch.qos.logback.classic.LoggerContext[default] - Could NOT find resource [logback.groovy]
17:39:35,807 |-INFO in ch.qos.logback.classic.LoggerContext[default] - Found resource [logback.xml] at [jar:file:/root/flamestream/lib/flamestream-runtime-1.0-SNAPSHOT.jar!/logback.xml]
17:39:35,807 |-WARN in ch.qos.logback.classic.LoggerContext[default] - Resource [logback.xml] occurs multiple times on the classpath.
17:39:35,808 |-WARN in ch.qos.logback.classic.LoggerContext[default] - Resource [logback.xml] occurs at [jar:file:/root/flamestream/lib/flamestream-runtime-1.0-SNAPSHOT.jar!/logback.xml]
17:39:35,808 |-WARN in ch.qos.logback.classic.LoggerContext[default] - Resource [logback.xml] occurs at [jar:file:/root/flamestream/flamestream-runtime-1.0-SNAPSHOT.jar!/logback.xml]
17:39:35,826 |-INFO in ch.qos.logback.core.joran.spi.ConfigurationWatchList@3fb6a447 - URL [jar:file:/root/flamestream/lib/flamestream-runtime-1.0-SNAPSHOT.jar!/logback.xml] is not of type file
17:39:35,890 |-INFO in ch.qos.logback.classic.joran.action.ConfigurationAction - debug attribute not set
17:39:35,891 |-INFO in ch.qos.logback.core.joran.action.AppenderAction - About to instantiate appender of type [ch.qos.logback.core.ConsoleAppender]
17:39:35,906 |-INFO in ch.qos.logback.core.joran.action.AppenderAction - Naming appender as [STDOUT]
17:39:35,926 |-INFO in ch.qos.logback.core.joran.action.NestedComplexPropertyIA - Assuming default type [ch.qos.logback.classic.encoder.PatternLayoutEncoder] for [encoder] property
17:39:36,003 |-INFO in ch.qos.logback.core.joran.action.AppenderAction - About to instantiate appender of type [ch.qos.logback.core.rolling.RollingFileAppender]
17:39:36,011 |-INFO in ch.qos.logback.core.joran.action.AppenderAction - Naming appender as [FILE]
17:39:36,040 |-INFO in c.q.l.core.rolling.TimeBasedRollingPolicy@127618319 - No compression will be used
17:39:36,042 |-INFO in c.q.l.core.rolling.TimeBasedRollingPolicy@127618319 - Will use the pattern /tmp/application_%d{yyyy-MM-dd}.%i.log for the active file
17:39:36,044 |-INFO in ch.qos.logback.core.rolling.SizeAndTimeBasedFNATP@6b2fad11 - The date pattern is 'yyyy-MM-dd' from file name pattern '/tmp/application_%d{yyyy-MM-dd}.%i.log'.
17:39:36,044 |-INFO in ch.qos.logback.core.rolling.SizeAndTimeBasedFNATP@6b2fad11 - Roll-over at midnight.
17:39:36,050 |-INFO in ch.qos.logback.core.rolling.SizeAndTimeBasedFNATP@6b2fad11 - Setting initial period to Mon Jun 10 17:38:08 UTC 2019
17:39:36,050 |-WARN in ch.qos.logback.core.rolling.SizeAndTimeBasedFNATP@6b2fad11 - SizeAndTimeBasedFNATP is deprecated. Use SizeAndTimeBasedRollingPolicy instead
17:39:36,050 |-WARN in ch.qos.logback.core.rolling.SizeAndTimeBasedFNATP@6b2fad11 - For more information see http://logback.qos.ch/manual/appenders.html#SizeAndTimeBasedRollingPolicy
17:39:36,053 |-INFO in ch.qos.logback.core.joran.action.NestedComplexPropertyIA - Assuming default type [ch.qos.logback.classic.encoder.PatternLayoutEncoder] for [encoder] property
17:39:36,058 |-INFO in ch.qos.logback.core.rolling.RollingFileAppender[FILE] - Active log file name: /tmp/application.log
17:39:36,058 |-INFO in ch.qos.logback.core.rolling.RollingFileAppender[FILE] - File property is set to [/tmp/application.log]
17:39:36,059 |-INFO in ch.qos.logback.classic.joran.action.RootLoggerAction - Setting level of ROOT logger to WARN
17:39:36,059 |-INFO in ch.qos.logback.core.joran.action.AppenderRefAction - Attaching appender named [STDOUT] to Logger[ROOT]
17:39:36,061 |-INFO in ch.qos.logback.core.joran.action.AppenderRefAction - Attaching appender named [FILE] to Logger[ROOT]
17:39:36,061 |-INFO in ch.qos.logback.classic.joran.action.ConfigurationAction - End of configuration.
17:39:36,061 |-INFO in ch.qos.logback.classic.joran.JoranConfigurator@79698539 - Registering current configuration as safe fallback point

Ama winner
Ama winner
2019-06-10T17:39:37.390+0000: 1.770: [Full GC (Metadata GC Threshold) 2019-06-10T17:39:37.390+0000: 1.770: [Tenured: 0K->15241K(341376K), 0.0399902 secs] 117750K->15241K(494976K), [Metaspace: 20738K->20738K(1067008K)], 0.0400562 secs] [Times: user=0.04 sys=0.01, real=0.04 secs] 
17:39:54.070 [Curator-PathChildrenCache-1] WARN  o.a.c.u.ZKPaths  - The version of ZooKeeper being used doesn't support Container nodes. CreateMode.PERSISTENT will be used instead.
2019-06-10T17:39:56.427+0000: 20.807: [GC (Allocation Failure) 2019-06-10T17:39:56.427+0000: 20.807: [DefNew: 136576K->17024K(153600K), 0.0275845 secs] 151817K->52651K(494976K), 0.0276512 secs] [Times: user=0.01 sys=0.01, real=0.03 secs] 
2019-06-10T17:39:57.751+0000: 22.130: [Full GC (Metadata GC Threshold) 2019-06-10T17:39:57.751+0000: 22.130: [Tenured: 35627K->44204K(341376K), 0.0503305 secs] 95512K->44204K(494976K), [Metaspace: 34584K->34584K(1079296K)], 0.0504068 secs] [Times: user=0.05 sys=0.00, real=0.05 secs] 
2019-06-10T17:40:00.411+0000: 24.791: [GC (Allocation Failure) 2019-06-10T17:40:00.411+0000: 24.791: [DefNew: 136576K->82K(153600K), 0.0018545 secs] 180780K->44286K(494976K), 0.0019122 secs] [Times: user=0.00 sys=0.00, real=0.00 secs] 
2019-06-10T17:40:03.185+0000: 27.565: [GC (Allocation Failure) 2019-06-10T17:40:03.185+0000: 27.565: [DefNew: 136658K->95K(153600K), 0.0016655 secs] 180862K->44300K(494976K), 0.0017253 secs] [Times: user=0.00 sys=0.00, real=0.00 secs] 
2019-06-10T17:40:12.228+0000: 36.608: [GC (Allocation Failure) 2019-06-10T17:40:12.229+0000: 36.608: [DefNew: 136671K->546K(153600K), 0.0058303 secs] 180876K->44750K(494976K), 0.0058828 secs] [Times: user=0.00 sys=0.00, real=0.00 secs] 
17:40:12.243 [Curator-PathChildrenCache-0] ERROR o.a.c.f.r.c.PathChildrenCache  - 
java.lang.IllegalStateException: instance must be started before calling this method
	at org.apache.curator.shaded.com.google.common.base.Preconditions.checkState(Preconditions.java:444)
	at org.apache.curator.framework.imps.CuratorFrameworkImpl.getChildren(CuratorFrameworkImpl.java:456)
	at org.apache.curator.framework.recipes.cache.PathChildrenCache.refresh(PathChildrenCache.java:521)
	at org.apache.curator.framework.recipes.cache.RefreshOperation.invoke(RefreshOperation.java:35)
	at org.apache.curator.framework.recipes.cache.PathChildrenCache$9.run(PathChildrenCache.java:786)
	at java.util.concurrent.Executors$RunnableAdapter.call(Executors.java:511)
	at java.util.concurrent.FutureTask.run(FutureTask.java:266)
	at java.util.concurrent.Executors$RunnableAdapter.call(Executors.java:511)
	at java.util.concurrent.FutureTask.run(FutureTask.java:266)
	at java.util.concurrent.ThreadPoolExecutor.runWorker(ThreadPoolExecutor.java:1149)
	at java.util.concurrent.ThreadPoolExecutor$Worker.run(ThreadPoolExecutor.java:624)
	at java.lang.Thread.run(Thread.java:748)
Heap
 def new generation   total 153600K, used 11168K [0x00000000e0c00000, 0x00000000eb2a0000, 0x00000000eb2a0000)
  eden space 136576K,   7% used [0x00000000e0c00000, 0x00000000e165fa30, 0x00000000e9160000)
  from space 17024K,   3% used [0x00000000e9160000, 0x00000000e91e88b0, 0x00000000ea200000)
  to   space 17024K,   0% used [0x00000000ea200000, 0x00000000ea200000, 0x00000000eb2a0000)
 tenured generation   total 341376K, used 44204K [0x00000000eb2a0000, 0x0000000100000000, 0x0000000100000000)
   the space 341376K,  12% used [0x00000000eb2a0000, 0x00000000eddcb080, 0x00000000eddcb200, 0x0000000100000000)
 Metaspace       used 35682K, capacity 36640K, committed 36864K, reserved 1081344K
  class space    used 4827K, capacity 5042K, committed 5120K, reserved 1048576K
