08:30:38,671 |-INFO in ch.qos.logback.classic.LoggerContext[default] - Could NOT find resource [logback-test.xml]
08:30:38,671 |-INFO in ch.qos.logback.classic.LoggerContext[default] - Could NOT find resource [logback.groovy]
08:30:38,671 |-INFO in ch.qos.logback.classic.LoggerContext[default] - Found resource [logback.xml] at [jar:file:/home/nikitasokolov/flamestream/lib/flamestream-runtime-1.0-SNAPSHOT.jar!/logback.xml]
08:30:38,672 |-WARN in ch.qos.logback.classic.LoggerContext[default] - Resource [logback.xml] occurs multiple times on the classpath.
08:30:38,672 |-WARN in ch.qos.logback.classic.LoggerContext[default] - Resource [logback.xml] occurs at [jar:file:/home/nikitasokolov/flamestream/lib/flamestream-runtime-1.0-SNAPSHOT.jar!/logback.xml]
08:30:38,672 |-WARN in ch.qos.logback.classic.LoggerContext[default] - Resource [logback.xml] occurs at [jar:file:/home/nikitasokolov/flamestream/flamestream-runtime-1.0-SNAPSHOT.jar!/logback.xml]
08:30:38,688 |-INFO in ch.qos.logback.core.joran.spi.ConfigurationWatchList@6108b2d7 - URL [jar:file:/home/nikitasokolov/flamestream/lib/flamestream-runtime-1.0-SNAPSHOT.jar!/logback.xml] is not of type file
08:30:38,737 |-INFO in ch.qos.logback.classic.joran.action.ConfigurationAction - debug attribute not set
08:30:38,738 |-INFO in ch.qos.logback.core.joran.action.AppenderAction - About to instantiate appender of type [ch.qos.logback.core.ConsoleAppender]
08:30:38,747 |-INFO in ch.qos.logback.core.joran.action.AppenderAction - Naming appender as [STDOUT]
08:30:38,755 |-INFO in ch.qos.logback.core.joran.action.NestedComplexPropertyIA - Assuming default type [ch.qos.logback.classic.encoder.PatternLayoutEncoder] for [encoder] property
08:30:38,814 |-INFO in ch.qos.logback.core.joran.action.AppenderAction - About to instantiate appender of type [ch.qos.logback.core.rolling.RollingFileAppender]
08:30:38,819 |-INFO in ch.qos.logback.core.joran.action.AppenderAction - Naming appender as [FILE]
08:30:38,841 |-INFO in c.q.l.core.rolling.TimeBasedRollingPolicy@357863579 - No compression will be used
08:30:38,843 |-INFO in c.q.l.core.rolling.TimeBasedRollingPolicy@357863579 - Will use the pattern /tmp/application_%d{yyyy-MM-dd}.%i.log for the active file
08:30:38,846 |-INFO in ch.qos.logback.core.rolling.SizeAndTimeBasedFNATP@6bf256fa - The date pattern is 'yyyy-MM-dd' from file name pattern '/tmp/application_%d{yyyy-MM-dd}.%i.log'.
08:30:38,846 |-INFO in ch.qos.logback.core.rolling.SizeAndTimeBasedFNATP@6bf256fa - Roll-over at midnight.
08:30:38,850 |-INFO in ch.qos.logback.core.rolling.SizeAndTimeBasedFNATP@6bf256fa - Setting initial period to Mon Jun 10 08:29:55 MSK 2019
08:30:38,850 |-WARN in ch.qos.logback.core.rolling.SizeAndTimeBasedFNATP@6bf256fa - SizeAndTimeBasedFNATP is deprecated. Use SizeAndTimeBasedRollingPolicy instead
08:30:38,850 |-WARN in ch.qos.logback.core.rolling.SizeAndTimeBasedFNATP@6bf256fa - For more information see http://logback.qos.ch/manual/appenders.html#SizeAndTimeBasedRollingPolicy
08:30:38,854 |-INFO in ch.qos.logback.core.joran.action.NestedComplexPropertyIA - Assuming default type [ch.qos.logback.classic.encoder.PatternLayoutEncoder] for [encoder] property
08:30:38,856 |-INFO in ch.qos.logback.core.rolling.RollingFileAppender[FILE] - Active log file name: /tmp/application.log
08:30:38,856 |-INFO in ch.qos.logback.core.rolling.RollingFileAppender[FILE] - File property is set to [/tmp/application.log]
08:30:38,857 |-INFO in ch.qos.logback.classic.joran.action.RootLoggerAction - Setting level of ROOT logger to WARN
08:30:38,857 |-INFO in ch.qos.logback.core.joran.action.AppenderRefAction - Attaching appender named [STDOUT] to Logger[ROOT]
08:30:38,858 |-INFO in ch.qos.logback.core.joran.action.AppenderRefAction - Attaching appender named [FILE] to Logger[ROOT]
08:30:38,858 |-INFO in ch.qos.logback.classic.joran.action.ConfigurationAction - End of configuration.
08:30:38,859 |-INFO in ch.qos.logback.classic.joran.JoranConfigurator@6cd8737 - Registering current configuration as safe fallback point

2019-06-10T08:30:39.819+0300: 1.342: [GC (Metadata GC Threshold) [PSYoungGen: 110722K->15956K(149504K)] 110722K->16036K(491008K), 0.0212896 secs] [Times: user=0.08 sys=0.02, real=0.02 secs] 
2019-06-10T08:30:39.841+0300: 1.363: [Full GC (Metadata GC Threshold) [PSYoungGen: 15956K->0K(149504K)] [ParOldGen: 80K->15078K(341504K)] 16036K->15078K(491008K), [Metaspace: 20802K->20802K(1067008K)], 0.0295908 secs] [Times: user=0.18 sys=0.02, real=0.03 secs] 
08:30:47.149 [Curator-PathChildrenCache-1] WARN  o.a.c.u.ZKPaths  - The version of ZooKeeper being used doesn't support Container nodes. CreateMode.PERSISTENT will be used instead.
2019-06-10T08:30:48.188+0300: 9.710: [GC (Metadata GC Threshold) [PSYoungGen: 122040K->16541K(149504K)] 137118K->51158K(491008K), 0.0276759 secs] [Times: user=0.23 sys=0.02, real=0.03 secs] 
2019-06-10T08:30:48.216+0300: 9.738: [Full GC (Metadata GC Threshold) [PSYoungGen: 16541K->0K(149504K)] [ParOldGen: 34617K->39605K(341504K)] 51158K->39605K(491008K), [Metaspace: 34525K->34525K(1079296K)], 0.0446702 secs] [Times: user=0.26 sys=0.01, real=0.05 secs] 
2019-06-10T08:31:26.047+0300: 47.570: [GC (Allocation Failure) [PSYoungGen: 128512K->480K(149504K)] 168117K->40093K(491008K), 0.0052348 secs] [Times: user=0.03 sys=0.00, real=0.01 secs] 
08:32:11.340 [Curator-PathChildrenCache-0] ERROR o.a.c.f.r.c.PathChildrenCache  - 
java.lang.IllegalStateException: instance must be started before calling this method
	at org.apache.curator.shaded.com.google.common.base.Preconditions.checkState(Preconditions.java:444)
	at org.apache.curator.framework.imps.CuratorFrameworkImpl.getChildren(CuratorFrameworkImpl.java:456)
	at org.apache.curator.framework.recipes.cache.PathChildrenCache.refresh(PathChildrenCache.java:521)
	at org.apache.curator.framework.recipes.cache.RefreshOperation.invoke(RefreshOperation.java:35)
	at org.apache.curator.framework.recipes.cache.PathChildrenCache$9.run(PathChildrenCache.java:786)
	at java.util.concurrent.Executors$RunnableAdapter.call(Executors.java:511)
	at java.util.concurrent.FutureTask.run(FutureTask.java:266)
	at java.util.concurrent.Executors$RunnableAdapter.call(Executors.java:511)
	at java.util.concurrent.FutureTask.run(FutureTask.java:266)
	at java.util.concurrent.ThreadPoolExecutor.runWorker(ThreadPoolExecutor.java:1149)
	at java.util.concurrent.ThreadPoolExecutor$Worker.run(ThreadPoolExecutor.java:624)
	at java.lang.Thread.run(Thread.java:748)
Heap
 PSYoungGen      total 149504K, used 113370K [0x00000000f5980000, 0x0000000100000000, 0x0000000100000000)
  eden space 128512K, 87% used [0x00000000f5980000,0x00000000fc7beb90,0x00000000fd700000)
  from space 20992K, 2% used [0x00000000fd700000,0x00000000fd778030,0x00000000feb80000)
  to   space 20992K, 0% used [0x00000000feb80000,0x00000000feb80000,0x0000000100000000)
 ParOldGen       total 341504K, used 39613K [0x00000000e0c00000, 0x00000000f5980000, 0x00000000f5980000)
  object space 341504K, 11% used [0x00000000e0c00000,0x00000000e32af6f8,0x00000000f5980000)
 Metaspace       used 36092K, capacity 36942K, committed 37208K, reserved 1081344K
  class space    used 4979K, capacity 5167K, committed 5248K, reserved 1048576K
