08:43:15,911 |-INFO in ch.qos.logback.classic.LoggerContext[default] - Could NOT find resource [logback-test.xml]
08:43:15,911 |-INFO in ch.qos.logback.classic.LoggerContext[default] - Could NOT find resource [logback.groovy]
08:43:15,911 |-INFO in ch.qos.logback.classic.LoggerContext[default] - Found resource [logback.xml] at [jar:file:/home/nikitasokolov/flamestream/lib/flamestream-runtime-1.0-SNAPSHOT.jar!/logback.xml]
08:43:15,912 |-WARN in ch.qos.logback.classic.LoggerContext[default] - Resource [logback.xml] occurs multiple times on the classpath.
08:43:15,912 |-WARN in ch.qos.logback.classic.LoggerContext[default] - Resource [logback.xml] occurs at [jar:file:/home/nikitasokolov/flamestream/lib/flamestream-runtime-1.0-SNAPSHOT.jar!/logback.xml]
08:43:15,912 |-WARN in ch.qos.logback.classic.LoggerContext[default] - Resource [logback.xml] occurs at [jar:file:/home/nikitasokolov/flamestream/flamestream-runtime-1.0-SNAPSHOT.jar!/logback.xml]
08:43:15,927 |-INFO in ch.qos.logback.core.joran.spi.ConfigurationWatchList@6108b2d7 - URL [jar:file:/home/nikitasokolov/flamestream/lib/flamestream-runtime-1.0-SNAPSHOT.jar!/logback.xml] is not of type file
08:43:15,976 |-INFO in ch.qos.logback.classic.joran.action.ConfigurationAction - debug attribute not set
08:43:15,976 |-INFO in ch.qos.logback.core.joran.action.AppenderAction - About to instantiate appender of type [ch.qos.logback.core.ConsoleAppender]
08:43:15,984 |-INFO in ch.qos.logback.core.joran.action.AppenderAction - Naming appender as [STDOUT]
08:43:15,991 |-INFO in ch.qos.logback.core.joran.action.NestedComplexPropertyIA - Assuming default type [ch.qos.logback.classic.encoder.PatternLayoutEncoder] for [encoder] property
08:43:16,044 |-INFO in ch.qos.logback.core.joran.action.AppenderAction - About to instantiate appender of type [ch.qos.logback.core.rolling.RollingFileAppender]
08:43:16,050 |-INFO in ch.qos.logback.core.joran.action.AppenderAction - Naming appender as [FILE]
08:43:16,074 |-INFO in c.q.l.core.rolling.TimeBasedRollingPolicy@357863579 - No compression will be used
08:43:16,075 |-INFO in c.q.l.core.rolling.TimeBasedRollingPolicy@357863579 - Will use the pattern /tmp/application_%d{yyyy-MM-dd}.%i.log for the active file
08:43:16,078 |-INFO in ch.qos.logback.core.rolling.SizeAndTimeBasedFNATP@6bf256fa - The date pattern is 'yyyy-MM-dd' from file name pattern '/tmp/application_%d{yyyy-MM-dd}.%i.log'.
08:43:16,078 |-INFO in ch.qos.logback.core.rolling.SizeAndTimeBasedFNATP@6bf256fa - Roll-over at midnight.
08:43:16,082 |-INFO in ch.qos.logback.core.rolling.SizeAndTimeBasedFNATP@6bf256fa - Setting initial period to Mon Jun 10 08:42:29 MSK 2019
08:43:16,082 |-WARN in ch.qos.logback.core.rolling.SizeAndTimeBasedFNATP@6bf256fa - SizeAndTimeBasedFNATP is deprecated. Use SizeAndTimeBasedRollingPolicy instead
08:43:16,082 |-WARN in ch.qos.logback.core.rolling.SizeAndTimeBasedFNATP@6bf256fa - For more information see http://logback.qos.ch/manual/appenders.html#SizeAndTimeBasedRollingPolicy
08:43:16,087 |-INFO in ch.qos.logback.core.joran.action.NestedComplexPropertyIA - Assuming default type [ch.qos.logback.classic.encoder.PatternLayoutEncoder] for [encoder] property
08:43:16,090 |-INFO in ch.qos.logback.core.rolling.RollingFileAppender[FILE] - Active log file name: /tmp/application.log
08:43:16,090 |-INFO in ch.qos.logback.core.rolling.RollingFileAppender[FILE] - File property is set to [/tmp/application.log]
08:43:16,091 |-INFO in ch.qos.logback.classic.joran.action.RootLoggerAction - Setting level of ROOT logger to WARN
08:43:16,091 |-INFO in ch.qos.logback.core.joran.action.AppenderRefAction - Attaching appender named [STDOUT] to Logger[ROOT]
08:43:16,092 |-INFO in ch.qos.logback.core.joran.action.AppenderRefAction - Attaching appender named [FILE] to Logger[ROOT]
08:43:16,092 |-INFO in ch.qos.logback.classic.joran.action.ConfigurationAction - End of configuration.
08:43:16,093 |-INFO in ch.qos.logback.classic.joran.JoranConfigurator@6cd8737 - Registering current configuration as safe fallback point

2019-06-10T08:43:17.092+0300: 1.385: [GC (Metadata GC Threshold) [PSYoungGen: 110722K->15993K(149504K)] 110722K->16073K(491008K), 0.0257365 secs] [Times: user=0.08 sys=0.04, real=0.02 secs] 
2019-06-10T08:43:17.118+0300: 1.411: [Full GC (Metadata GC Threshold) [PSYoungGen: 15993K->0K(149504K)] [ParOldGen: 80K->15078K(341504K)] 16073K->15078K(491008K), [Metaspace: 20802K->20802K(1067008K)], 0.0292728 secs] [Times: user=0.20 sys=0.02, real=0.02 secs] 
08:43:27.448 [Curator-PathChildrenCache-1] WARN  o.a.c.u.ZKPaths  - The version of ZooKeeper being used doesn't support Container nodes. CreateMode.PERSISTENT will be used instead.
2019-06-10T08:43:28.525+0300: 12.818: [GC (Metadata GC Threshold) [PSYoungGen: 123934K->16470K(149504K)] 139013K->51088K(491008K), 0.0307379 secs] [Times: user=0.27 sys=0.03, real=0.03 secs] 
2019-06-10T08:43:28.556+0300: 12.849: [Full GC (Metadata GC Threshold) [PSYoungGen: 16470K->0K(149504K)] [ParOldGen: 34617K->39373K(341504K)] 51088K->39373K(491008K), [Metaspace: 34524K->34524K(1079296K)], 0.0521815 secs] [Times: user=0.38 sys=0.01, real=0.05 secs] 
2019-06-10T08:43:56.980+0300: 41.273: [GC (Allocation Failure) [PSYoungGen: 128512K->448K(149504K)] 167885K->39829K(491008K), 0.0048377 secs] [Times: user=0.01 sys=0.01, real=0.00 secs] 
08:44:22.712 [Curator-PathChildrenCache-0] ERROR o.a.c.f.r.c.PathChildrenCache  - 
java.lang.IllegalStateException: instance must be started before calling this method
	at org.apache.curator.shaded.com.google.common.base.Preconditions.checkState(Preconditions.java:444)
	at org.apache.curator.framework.imps.CuratorFrameworkImpl.getChildren(CuratorFrameworkImpl.java:456)
	at org.apache.curator.framework.recipes.cache.PathChildrenCache.refresh(PathChildrenCache.java:521)
	at org.apache.curator.framework.recipes.cache.RefreshOperation.invoke(RefreshOperation.java:35)
	at org.apache.curator.framework.recipes.cache.PathChildrenCache$9.run(PathChildrenCache.java:786)
	at java.util.concurrent.Executors$RunnableAdapter.call(Executors.java:511)
	at java.util.concurrent.FutureTask.run(FutureTask.java:266)
	at java.util.concurrent.Executors$RunnableAdapter.call(Executors.java:511)
	at java.util.concurrent.FutureTask.run(FutureTask.java:266)
	at java.util.concurrent.ThreadPoolExecutor.runWorker(ThreadPoolExecutor.java:1149)
	at java.util.concurrent.ThreadPoolExecutor$Worker.run(ThreadPoolExecutor.java:624)
	at java.lang.Thread.run(Thread.java:748)
Heap
 PSYoungGen      total 149504K, used 101956K [0x00000000f5980000, 0x0000000100000000, 0x0000000100000000)
  eden space 128512K, 78% used [0x00000000f5980000,0x00000000fbca1200,0x00000000fd700000)
  from space 20992K, 2% used [0x00000000fd700000,0x00000000fd770040,0x00000000feb80000)
  to   space 20992K, 0% used [0x00000000feb80000,0x00000000feb80000,0x0000000100000000)
 ParOldGen       total 341504K, used 39381K [0x00000000e0c00000, 0x00000000f5980000, 0x00000000f5980000)
  object space 341504K, 11% used [0x00000000e0c00000,0x00000000e3275580,0x00000000f5980000)
 Metaspace       used 35973K, capacity 36820K, committed 36952K, reserved 1081344K
  class space    used 4980K, capacity 5168K, committed 5248K, reserved 1048576K
