03:59:05,174 |-INFO in ch.qos.logback.classic.LoggerContext[default] - Could NOT find resource [logback-test.xml]
03:59:05,174 |-INFO in ch.qos.logback.classic.LoggerContext[default] - Could NOT find resource [logback.groovy]
03:59:05,174 |-INFO in ch.qos.logback.classic.LoggerContext[default] - Found resource [logback.xml] at [jar:file:/root/flamestream/lib/flamestream-runtime-1.0-SNAPSHOT.jar!/logback.xml]
03:59:05,178 |-WARN in ch.qos.logback.classic.LoggerContext[default] - Resource [logback.xml] occurs multiple times on the classpath.
03:59:05,178 |-WARN in ch.qos.logback.classic.LoggerContext[default] - Resource [logback.xml] occurs at [jar:file:/root/flamestream/lib/flamestream-runtime-1.0-SNAPSHOT.jar!/logback.xml]
03:59:05,178 |-WARN in ch.qos.logback.classic.LoggerContext[default] - Resource [logback.xml] occurs at [jar:file:/root/flamestream/flamestream-runtime-1.0-SNAPSHOT.jar!/logback.xml]
03:59:05,199 |-INFO in ch.qos.logback.core.joran.spi.ConfigurationWatchList@3fb6a447 - URL [jar:file:/root/flamestream/lib/flamestream-runtime-1.0-SNAPSHOT.jar!/logback.xml] is not of type file
03:59:05,273 |-INFO in ch.qos.logback.classic.joran.action.ConfigurationAction - debug attribute not set
03:59:05,273 |-INFO in ch.qos.logback.core.joran.action.AppenderAction - About to instantiate appender of type [ch.qos.logback.core.ConsoleAppender]
03:59:05,291 |-INFO in ch.qos.logback.core.joran.action.AppenderAction - Naming appender as [STDOUT]
03:59:05,304 |-INFO in ch.qos.logback.core.joran.action.NestedComplexPropertyIA - Assuming default type [ch.qos.logback.classic.encoder.PatternLayoutEncoder] for [encoder] property
03:59:05,393 |-INFO in ch.qos.logback.core.joran.action.AppenderAction - About to instantiate appender of type [ch.qos.logback.core.rolling.RollingFileAppender]
03:59:05,404 |-INFO in ch.qos.logback.core.joran.action.AppenderAction - Naming appender as [FILE]
03:59:05,432 |-INFO in c.q.l.core.rolling.TimeBasedRollingPolicy@127618319 - No compression will be used
03:59:05,434 |-INFO in c.q.l.core.rolling.TimeBasedRollingPolicy@127618319 - Will use the pattern /tmp/application_%d{yyyy-MM-dd}.%i.log for the active file
03:59:05,436 |-INFO in ch.qos.logback.core.rolling.SizeAndTimeBasedFNATP@6b2fad11 - The date pattern is 'yyyy-MM-dd' from file name pattern '/tmp/application_%d{yyyy-MM-dd}.%i.log'.
03:59:05,436 |-INFO in ch.qos.logback.core.rolling.SizeAndTimeBasedFNATP@6b2fad11 - Roll-over at midnight.
03:59:05,442 |-INFO in ch.qos.logback.core.rolling.SizeAndTimeBasedFNATP@6b2fad11 - Setting initial period to Mon Jul 08 03:57:21 UTC 2019
03:59:05,442 |-WARN in ch.qos.logback.core.rolling.SizeAndTimeBasedFNATP@6b2fad11 - SizeAndTimeBasedFNATP is deprecated. Use SizeAndTimeBasedRollingPolicy instead
03:59:05,442 |-WARN in ch.qos.logback.core.rolling.SizeAndTimeBasedFNATP@6b2fad11 - For more information see http://logback.qos.ch/manual/appenders.html#SizeAndTimeBasedRollingPolicy
03:59:05,446 |-INFO in ch.qos.logback.core.joran.action.NestedComplexPropertyIA - Assuming default type [ch.qos.logback.classic.encoder.PatternLayoutEncoder] for [encoder] property
03:59:05,451 |-INFO in ch.qos.logback.core.rolling.RollingFileAppender[FILE] - Active log file name: /tmp/application.log
03:59:05,451 |-INFO in ch.qos.logback.core.rolling.RollingFileAppender[FILE] - File property is set to [/tmp/application.log]
03:59:05,452 |-INFO in ch.qos.logback.classic.joran.action.RootLoggerAction - Setting level of ROOT logger to INFO
03:59:05,452 |-INFO in ch.qos.logback.core.joran.action.AppenderRefAction - Attaching appender named [STDOUT] to Logger[ROOT]
03:59:05,454 |-INFO in ch.qos.logback.core.joran.action.AppenderRefAction - Attaching appender named [FILE] to Logger[ROOT]
03:59:05,454 |-INFO in ch.qos.logback.classic.joran.action.ConfigurationAction - End of configuration.
03:59:05,455 |-INFO in ch.qos.logback.classic.joran.JoranConfigurator@79698539 - Registering current configuration as safe fallback point

03:59:05.459 [main] INFO  c.s.f.r.WorkerApplication  - Starting worker with workerConfig 'WorkerConfig{id='10.0.0.114', localAddress=10.0.0.114:5412, zkString='10.0.0.71:12181', snapshotPath='/root/flamestream/data', guarantees=AT_MOST_ONCE, maxElementsInGraph=100, millisBetweenCommits=5000000, defaultMinimalTime=0, distributedAcker=false}'
03:59:06.486 [worker-akka.actor.default-dispatcher-3] INFO  a.e.s.Slf4jLogger  - Slf4jLogger started
Ama winner
Ama winner
03:59:06.770 [worker-akka.actor.default-dispatcher-3] INFO  a.r.a.a.ArteryAeronUdpTransport(akka://worker) akka.remote.artery.aeron.ArteryAeronUdpTransport(akka://worker) - Started embedded media driver in directory [/dev/shm/aeron-10.0.0.114]
2019-07-08T03:59:06.875+0000: 1.882: [Full GC (Metadata GC Threshold) 2019-07-08T03:59:06.875+0000: 1.882: [Tenured: 0K->15072K(1024000K), 0.0809018 secs] 164032K->15072K(1484800K), [Metaspace: 20730K->20730K(1067008K)], 0.0809710 secs] [Times: user=0.05 sys=0.00, real=0.08 secs] 
03:59:07.075 [worker-akka.actor.default-dispatcher-3] INFO  a.r.a.a.ArteryAeronUdpTransport(akka://worker) akka.remote.artery.aeron.ArteryAeronUdpTransport(akka://worker) - Remoting started with transport [Artery aeron-udp]; listening on address [akka://worker@10.0.0.114:5412] with UID [-5429864236328753893]
03:59:07.348 [worker-akka.actor.default-dispatcher-2] INFO  a.a.RepointableActorRef akka://worker/user/watcher - Starting...
03:59:07.449 [worker-akka.actor.default-dispatcher-6] INFO  o.a.c.u.Compatibility  - Running in ZooKeeper 3.4.x compatibility mode
03:59:07.497 [worker-akka.actor.default-dispatcher-6] INFO  o.a.c.f.i.CuratorFrameworkImpl  - Starting
03:59:07.516 [worker-akka.actor.default-dispatcher-6] INFO  o.a.z.ZooKeeper  - Client environment:zookeeper.version=3.4.9-1757313, built on 08/23/2016 06:50 GMT
03:59:07.517 [worker-akka.actor.default-dispatcher-6] INFO  o.a.z.ZooKeeper  - Client environment:host.name=<NA>
03:59:07.517 [worker-akka.actor.default-dispatcher-6] INFO  o.a.z.ZooKeeper  - Client environment:java.version=1.8.0_212
03:59:07.518 [worker-akka.actor.default-dispatcher-6] INFO  o.a.z.ZooKeeper  - Client environment:java.vendor=Oracle Corporation
03:59:07.518 [worker-akka.actor.default-dispatcher-6] INFO  o.a.z.ZooKeeper  - Client environment:java.home=/usr/lib/jvm/java-8-openjdk-amd64/jre
03:59:07.518 [worker-akka.actor.default-dispatcher-6] INFO  o.a.z.ZooKeeper  - Client environment:java.class.path=lib/commons-cli-1.4.jar:lib/minlog-1.3.0.jar:lib/asm-5.0.4.jar:lib/commons-csv-1.4.jar:lib/annotations-13.0.jar:lib/akka-slf4j_2.11-2.5.15.jar:lib/lz4-1.3.0.jar:lib/scala-java8-compat_2.11-0.7.0.jar:lib/jblas-1.2.4.jar:lib/objenesis-2.1.jar:lib/jackson-annotations-2.8.0.jar:lib/akka-actor_2.11-2.5.15.jar:lib/curator-client-4.0.1.jar:lib/aeron-client-1.9.3.jar:lib/leveldb-0.7.jar:lib/flamestream-core-1.0-SNAPSHOT.jar:lib/reflectasm-1.07-shaded.jar:lib/akka-testkit_2.11-2.5.15.jar:lib/slf4j-simple-1.8.0-beta4.jar:lib/commons-lang-2.6.jar:lib/curator-recipes-4.0.1.jar:lib/logback-classic-1.2.3.jar:lib/jool-0.9.12.jar:lib/kryo-4.0.0.jar:lib/ssl-config-core_2.11-0.2.4.jar:lib/jackson-annotations-2.9.6.jar:lib/leveldbjni-all-1.8.jar:lib/jackson-core-2.8.4.jar:lib/netty-3.10.6.Final.jar:lib/trove4j-3.0.3.jar:lib/logback-core-1.2.3.jar:lib/flamestream-examples-1.0-SNAPSHOT.jar:lib/jackson-databind-2.8.4.jar:lib/flamestream-runtime-1.0-SNAPSHOT.jar:lib/slf4j-api-1.7.24.jar:lib/jline-0.9.94.jar:lib/jedis-2.9.0.jar:lib/akka-protobuf_2.11-2.5.15.jar:lib/kryonet-2.21.jar:lib/akka-kryo-serialization_2.11-0.5.0.jar:lib/config-1.3.1.jar:lib/testng-6.10.jar:lib/agrona-0.9.18.jar:lib/leveldb-api-0.7.jar:lib/reactive-streams-1.0.2.jar:lib/reflectasm-1.11.3.jar:lib/jcommander-1.48.jar:lib/minlog-1.2.jar:lib/akka-stream_2.11-2.5.15.jar:lib/scala-parser-combinators_2.11-1.1.1.jar:lib/zookeeper-3.4.9.jar:lib/commons-1.4.9.jar:lib/commons-pool2-2.4.2.jar:lib/commons-io-2.4.jar:lib/akka-remote_2.11-2.5.15.jar:lib/rocksdbjni-5.5.1.jar:lib/guava-21.0.jar:lib/aeron-driver-1.9.3.jar:lib/flamestream-core-1.0-SNAPSHOT-tests.jar:lib/annotations-12.0.jar:lib/curator-framework-4.0.1.jar:lib/scala-library-2.11.12.jar:flamestream-runtime-1.0-SNAPSHOT.jar
03:59:07.518 [worker-akka.actor.default-dispatcher-6] INFO  o.a.z.ZooKeeper  - Client environment:java.library.path=/usr/java/packages/lib/amd64:/usr/lib/x86_64-linux-gnu/jni:/lib/x86_64-linux-gnu:/usr/lib/x86_64-linux-gnu:/usr/lib/jni:/lib:/usr/lib
03:59:07.518 [worker-akka.actor.default-dispatcher-6] INFO  o.a.z.ZooKeeper  - Client environment:java.io.tmpdir=/tmp
03:59:07.518 [worker-akka.actor.default-dispatcher-6] INFO  o.a.z.ZooKeeper  - Client environment:java.compiler=<NA>
03:59:07.519 [worker-akka.actor.default-dispatcher-6] INFO  o.a.z.ZooKeeper  - Client environment:os.name=Linux
03:59:07.519 [worker-akka.actor.default-dispatcher-6] INFO  o.a.z.ZooKeeper  - Client environment:os.arch=amd64
03:59:07.520 [worker-akka.actor.default-dispatcher-6] INFO  o.a.z.ZooKeeper  - Client environment:os.version=4.4.0-1049-aws
03:59:07.520 [worker-akka.actor.default-dispatcher-6] INFO  o.a.z.ZooKeeper  - Client environment:user.name=root
03:59:07.520 [worker-akka.actor.default-dispatcher-6] INFO  o.a.z.ZooKeeper  - Client environment:user.home=/root
03:59:07.520 [worker-akka.actor.default-dispatcher-6] INFO  o.a.z.ZooKeeper  - Client environment:user.dir=/root/flamestream
03:59:07.521 [worker-akka.actor.default-dispatcher-6] INFO  o.a.z.ZooKeeper  - Initiating client connection, connectString=10.0.0.71:12181 sessionTimeout=60000 watcher=org.apache.curator.ConnectionState@5816119c
03:59:07.555 [worker-akka.actor.default-dispatcher-6-SendThread(10.0.0.71:12181)] INFO  o.a.z.ClientCnxn  - Opening socket connection to server 10.0.0.71/10.0.0.71:12181. Will not attempt to authenticate using SASL (unknown error)
03:59:07.560 [worker-akka.actor.default-dispatcher-6] INFO  o.a.c.f.i.CuratorFrameworkImpl  - Default schema
03:59:07.564 [worker-akka.actor.default-dispatcher-6-SendThread(10.0.0.71:12181)] INFO  o.a.z.ClientCnxn  - Socket connection established to 10.0.0.71/10.0.0.71:12181, initiating session
03:59:07.572 [worker-akka.actor.default-dispatcher-6-SendThread(10.0.0.71:12181)] INFO  o.a.z.ClientCnxn  - Session establishment complete on server 10.0.0.71/10.0.0.71:12181, sessionid = 0x10011b76c7b0002, negotiated timeout = 60000
03:59:07.588 [worker-akka.actor.default-dispatcher-6-EventThread] INFO  o.a.c.f.s.ConnectionStateManager  - State change: CONNECTED
03:59:07.590 [worker-akka.actor.default-dispatcher-2] INFO  a.a.RepointableActorRef akka://worker/user/watcher - Initializing rocksDB backend
03:59:08.198 [worker-akka.actor.default-dispatcher-3] INFO  a.a.LocalActorRef akka://worker/user/watcher/client-watcher - Starting...
03:59:08.212 [worker-akka.actor.default-dispatcher-3] INFO  a.a.LocalActorRef akka://worker/user/watcher/processing-watcher - Starting...
03:59:08.237 [worker-akka.actor.default-dispatcher-2] INFO  a.a.LocalActorRef akka://worker/user/watcher/acker - Starting...
03:59:25.370 [Curator-PathChildrenCache-2] WARN  o.a.c.u.ZKPaths  - The version of ZooKeeper being used doesn't support Container nodes. CreateMode.PERSISTENT will be used instead.
03:59:25.444 [worker-akka.actor.default-dispatcher-3] INFO  a.a.LocalActorRef akka://worker/user/watcher/processing-watcher/$a - Starting...
03:59:25.462 [worker-akka.actor.default-dispatcher-3] INFO  a.a.LocalActorRef akka://worker/user/watcher/processing-watcher/$a - Stopped
03:59:25.517 [worker-akka.actor.default-dispatcher-3] INFO  a.a.LocalActorRef akka://worker/user/watcher/processing-watcher/$c/$a - Starting...
03:59:25.530 [worker-akka.actor.default-dispatcher-6] INFO  a.a.LocalActorRef akka://worker/user/watcher/processing-watcher/$c - Starting...
03:59:25.560 [worker-akka.actor.default-dispatcher-6] INFO  a.a.LocalActorRef akka://worker/user/watcher/processing-watcher/registry-holder - Starting...
03:59:25.575 [worker-akka.actor.default-dispatcher-2] INFO  a.a.LocalActorRef akka://worker/user/watcher/processing-watcher/committer/acker-ping - Starting...
03:59:25.579 [worker-akka.actor.default-dispatcher-2] INFO  a.a.LocalActorRef akka://worker/user/watcher/processing-watcher/committer - Starting...
03:59:25.612 [worker-akka.actor.default-dispatcher-2] INFO  a.a.LocalActorRef akka://worker/user/watcher/processing-watcher/graph/graph - Starting...
03:59:25.614 [worker-akka.actor.default-dispatcher-2] INFO  a.a.LocalActorRef akka://worker/user/watcher/processing-watcher/registry-holder - Got gimme 'com.spbsu.flamestream.runtime.master.acker.api.commit.GimmeLastCommit@7e953e4b'
03:59:26.044 [worker-akka.actor.default-dispatcher-4] INFO  a.a.LocalActorRef akka://worker/user/watcher/processing-watcher/graph/graph - Finishing constructor
03:59:26.049 [worker-akka.actor.default-dispatcher-10] INFO  a.a.LocalActorRef akka://worker/user/watcher/processing-watcher/registry-holder - Got gimme 'com.spbsu.flamestream.runtime.master.acker.api.commit.GimmeLastCommit@12730078'
03:59:26.050 [worker-akka.actor.default-dispatcher-10] INFO  a.a.LocalActorRef akka://worker/user/watcher/processing-watcher/graph/edge - Starting...
03:59:26.053 [worker-akka.actor.default-dispatcher-2] INFO  a.a.LocalActorRef akka://worker/user/watcher/processing-watcher/graph/graph - Received last commit 'LastCommit{globalTime=(0000000, min@min)}'
03:59:26.054 [worker-akka.actor.default-dispatcher-2] INFO  a.a.LocalActorRef akka://worker/user/watcher/processing-watcher/graph/negotiator - Starting...
03:59:26.059 [worker-akka.actor.default-dispatcher-4] INFO  a.a.LocalActorRef akka://worker/user/watcher/processing-watcher/graph - Starting FlameNode with config 'ClusterConfig{paths={10.0.0.117=akka://worker@10.0.0.117:5412/user/watcher/processing-watcher/graph, 10.0.0.114=akka://worker@10.0.0.114:5412/user/watcher/processing-watcher/graph, 10.0.0.110=akka://worker@10.0.0.110:5412/user/watcher/processing-watcher/graph}, masterLocation='10.0.0.114', hashGroups={10.0.0.117=com.spbsu.flamestream.runtime.config.HashGroup@1f59cbe7, 10.0.0.114=com.spbsu.flamestream.runtime.config.HashGroup@16abcc19, 10.0.0.110=com.spbsu.flamestream.runtime.config.HashGroup@e4c64013}}'
03:59:26.064 [worker-akka.actor.default-dispatcher-10] INFO  a.a.LocalActorRef akka://worker/user/watcher/processing-watcher/graph/negotiator - Requesting ticket for the frontClass FlameSocketGraphDeployerFront@10.0.0.114
03:59:26.153 [worker-akka.actor.default-dispatcher-4] INFO  c.s.f.r.e.s.SocketRear  - FlameSocketGraphDeployerRear@10.0.0.114: connecting to 10.0.0.71:5678
03:59:26.168 [worker-akka.actor.default-dispatcher-13] INFO  a.a.LocalActorRef akka://worker/user/watcher/processing-watcher/graph/edge/FlameSocketGraphDeployerFront - Starting...
03:59:26.170 [worker-akka.actor.default-dispatcher-4] INFO  c.s.f.r.e.s.SocketRear  - FlameSocketGraphDeployerRear@10.0.0.114: connected to 10.0.0.71:5678
03:59:26.172 [worker-akka.actor.default-dispatcher-4] INFO  a.a.LocalActorRef akka://worker/user/watcher/processing-watcher/graph/edge/FlameSocketGraphDeployerRear - Starting...
03:59:26.253 [worker-akka.actor.default-dispatcher-6] INFO  a.a.LocalActorRef akka://worker/user/watcher/processing-watcher/registry-holder/$a - Starting...
03:59:26.255 [worker-akka.actor.default-dispatcher-4] INFO  a.a.LocalActorRef akka://worker/user/watcher/processing-watcher/registry-holder/$a - Stopped
03:59:26.256 [worker-akka.actor.default-dispatcher-6] INFO  a.a.LocalActorRef akka://worker/user/watcher/processing-watcher/registry-holder - Registering timestamp 0 for FlameSocketGraphDeployerFront@10.0.0.114
03:59:26.279 [worker-akka.actor.default-dispatcher-6] INFO  a.a.LocalActorRef akka://worker/user/watcher/processing-watcher/registry-holder - Got gimme 'com.spbsu.flamestream.runtime.master.acker.api.commit.GimmeLastCommit@7b11a936'
03:59:26.283 [worker-akka.actor.default-dispatcher-6] INFO  a.a.LocalActorRef akka://worker/user/watcher/processing-watcher/registry-holder - Got gimme 'com.spbsu.flamestream.runtime.master.acker.api.commit.GimmeLastCommit@2db788dd'
03:59:26.295 [worker-akka.actor.default-dispatcher-6] INFO  a.a.LocalActorRef akka://worker/user/watcher/processing-watcher/graph/negotiator - Ticket for the frontClass received: FrontTicket{allowedTimestamp=(0000000, FlameSocketGraphDeployerFront@10.0.0.114)}
03:59:26.297 [worker-akka.actor.default-dispatcher-6] INFO  c.s.f.r.e.s.SocketFront  - FlameSocketGraphDeployerFront@10.0.0.114: connecting to 10.0.0.71:4567
03:59:26.311 [worker-akka.actor.default-dispatcher-4] INFO  a.a.LocalActorRef akka://worker/user/watcher/processing-watcher/graph/graph/$a - Starting...
03:59:26.312 [worker-akka.actor.default-dispatcher-4] INFO  a.a.LocalActorRef akka://worker/user/watcher/processing-watcher/graph/graph/$b - Starting...
03:59:26.313 [worker-akka.actor.default-dispatcher-4] INFO  a.a.LocalActorRef akka://worker/user/watcher/processing-watcher/graph/graph/$c - Starting...
03:59:26.314 [worker-akka.actor.default-dispatcher-4] INFO  a.a.LocalActorRef akka://worker/user/watcher/processing-watcher/graph/graph/$d - Starting...
03:59:26.314 [worker-akka.actor.default-dispatcher-4] INFO  a.a.LocalActorRef akka://worker/user/watcher/processing-watcher/graph/graph/$e - Starting...
03:59:26.316 [worker-akka.actor.default-dispatcher-4] INFO  a.a.LocalActorRef akka://worker/user/watcher/processing-watcher/graph/graph/$f - Starting...
03:59:26.318 [worker-akka.actor.default-dispatcher-4] INFO  a.a.LocalActorRef akka://worker/user/watcher/processing-watcher/graph/graph/$g - Starting...
03:59:26.319 [worker-akka.actor.default-dispatcher-4] INFO  a.a.LocalActorRef akka://worker/user/watcher/processing-watcher/graph/graph/$h - Starting...
03:59:26.320 [worker-akka.actor.default-dispatcher-4] INFO  a.a.LocalActorRef akka://worker/user/watcher/processing-watcher/graph/graph/$i - Starting...
03:59:26.321 [worker-akka.actor.default-dispatcher-4] INFO  a.a.LocalActorRef akka://worker/user/watcher/processing-watcher/graph/graph/$j - Starting...
03:59:26.322 [worker-akka.actor.default-dispatcher-4] INFO  a.a.LocalActorRef akka://worker/user/watcher/processing-watcher/graph/graph/$k - Starting...
03:59:26.323 [worker-akka.actor.default-dispatcher-4] INFO  a.a.LocalActorRef akka://worker/user/watcher/processing-watcher/graph/graph/$l - Starting...
03:59:26.324 [worker-akka.actor.default-dispatcher-4] INFO  a.a.LocalActorRef akka://worker/user/watcher/processing-watcher/graph/graph/$m - Starting...
03:59:26.326 [worker-akka.actor.default-dispatcher-4] INFO  a.a.LocalActorRef akka://worker/user/watcher/processing-watcher/graph/graph/$n - Starting...
03:59:26.326 [worker-akka.actor.default-dispatcher-4] INFO  a.a.LocalActorRef akka://worker/user/watcher/processing-watcher/graph/graph/$o - Starting...
03:59:26.329 [worker-akka.actor.default-dispatcher-4] INFO  a.a.LocalActorRef akka://worker/user/watcher/processing-watcher/graph/graph/$p - Starting...
03:59:26.330 [worker-akka.actor.default-dispatcher-4] INFO  a.a.LocalActorRef akka://worker/user/watcher/processing-watcher/graph/graph/$q - Starting...
03:59:26.331 [worker-akka.actor.default-dispatcher-4] INFO  a.a.LocalActorRef akka://worker/user/watcher/processing-watcher/graph/graph/$r - Starting...
03:59:26.332 [worker-akka.actor.default-dispatcher-4] INFO  a.a.LocalActorRef akka://worker/user/watcher/processing-watcher/graph/graph/$s - Starting...
03:59:26.334 [worker-akka.actor.default-dispatcher-4] INFO  a.a.LocalActorRef akka://worker/user/watcher/processing-watcher/graph/graph/$t - Starting...
03:59:26.334 [worker-akka.actor.default-dispatcher-4] INFO  a.a.LocalActorRef akka://worker/user/watcher/processing-watcher/graph/graph/$u - Starting...
03:59:26.335 [worker-akka.actor.default-dispatcher-4] INFO  a.a.LocalActorRef akka://worker/user/watcher/processing-watcher/graph/graph/$v - Starting...
03:59:26.337 [worker-akka.actor.default-dispatcher-4] INFO  a.a.LocalActorRef akka://worker/user/watcher/processing-watcher/graph/graph/$w - Starting...
03:59:26.339 [worker-akka.actor.default-dispatcher-4] INFO  a.a.LocalActorRef akka://worker/user/watcher/processing-watcher/graph/graph/$x - Starting...
03:59:26.340 [worker-akka.actor.default-dispatcher-4] INFO  a.a.LocalActorRef akka://worker/user/watcher/processing-watcher/graph/graph/$y - Starting...
03:59:26.340 [worker-akka.actor.default-dispatcher-4] INFO  a.a.LocalActorRef akka://worker/user/watcher/processing-watcher/graph/graph/$z - Starting...
03:59:26.341 [worker-akka.actor.default-dispatcher-4] INFO  a.a.LocalActorRef akka://worker/user/watcher/processing-watcher/graph/graph/$A - Starting...
03:59:26.342 [worker-akka.actor.default-dispatcher-4] INFO  a.a.LocalActorRef akka://worker/user/watcher/processing-watcher/graph/graph/$B - Starting...
03:59:26.342 [worker-akka.actor.default-dispatcher-4] INFO  a.a.LocalActorRef akka://worker/user/watcher/processing-watcher/graph/graph/$C - Starting...
03:59:26.342 [worker-akka.actor.default-dispatcher-4] INFO  a.a.LocalActorRef akka://worker/user/watcher/processing-watcher/graph/graph/$D - Starting...
03:59:26.343 [worker-akka.actor.default-dispatcher-4] INFO  a.a.LocalActorRef akka://worker/user/watcher/processing-watcher/graph/graph/$E - Starting...
03:59:26.344 [worker-akka.actor.default-dispatcher-4] INFO  a.a.LocalActorRef akka://worker/user/watcher/processing-watcher/graph/graph/$F - Starting...
03:59:26.344 [worker-akka.actor.default-dispatcher-4] INFO  a.a.LocalActorRef akka://worker/user/watcher/processing-watcher/graph/graph/$G - Starting...
03:59:26.344 [worker-akka.actor.default-dispatcher-4] INFO  a.a.LocalActorRef akka://worker/user/watcher/processing-watcher/graph/graph/$H - Starting...
03:59:26.344 [worker-akka.actor.default-dispatcher-4] INFO  a.a.LocalActorRef akka://worker/user/watcher/processing-watcher/graph/graph/$I - Starting...
03:59:26.354 [worker-akka.actor.default-dispatcher-4] INFO  a.a.LocalActorRef akka://worker/user/watcher/processing-watcher/graph/graph/$J - Starting...
03:59:26.356 [worker-akka.actor.default-dispatcher-13] INFO  a.a.LocalActorRef akka://worker/user/watcher/processing-watcher/graph/graph/$K - Starting...
03:59:26.357 [worker-akka.actor.default-dispatcher-13] INFO  a.a.LocalActorRef akka://worker/user/watcher/processing-watcher/graph/graph/$L - Starting...
03:59:26.357 [worker-akka.actor.default-dispatcher-13] INFO  a.a.LocalActorRef akka://worker/user/watcher/processing-watcher/graph/graph/$M - Starting...
03:59:26.358 [worker-akka.actor.default-dispatcher-13] INFO  a.a.LocalActorRef akka://worker/user/watcher/processing-watcher/graph/graph/$N - Starting...
03:59:26.359 [worker-akka.actor.default-dispatcher-13] INFO  a.a.LocalActorRef akka://worker/user/watcher/processing-watcher/graph/graph/$O - Starting...
03:59:26.360 [worker-akka.actor.default-dispatcher-13] INFO  a.a.LocalActorRef akka://worker/user/watcher/processing-watcher/graph/graph/$P - Starting...
03:59:26.360 [worker-akka.actor.default-dispatcher-13] INFO  a.a.LocalActorRef akka://worker/user/watcher/processing-watcher/graph/graph/$Q - Starting...
03:59:26.361 [worker-akka.actor.default-dispatcher-13] INFO  a.a.LocalActorRef akka://worker/user/watcher/processing-watcher/graph/graph/$R - Starting...
03:59:26.362 [worker-akka.actor.default-dispatcher-13] INFO  a.a.LocalActorRef akka://worker/user/watcher/processing-watcher/graph/graph/$S - Starting...
03:59:26.424 [worker-akka.actor.default-dispatcher-13] INFO  a.a.LocalActorRef akka://worker/user/watcher/processing-watcher/graph/graph/$T - Starting...
03:59:26.432 [Client] INFO  c.s.f.r.e.s.SocketFront  - FlameSocketGraphDeployerFront@10.0.0.114 has been disconnected from Connection 1
03:59:26.443 [worker-akka.actor.default-dispatcher-6] INFO  a.a.LocalActorRef akka://worker/user/watcher/processing-watcher/graph/graph/$T - Attached rear to graph (-9223372036854775808, min@min)
03:59:26.447 [worker-akka.actor.default-dispatcher-6] INFO  a.a.LocalActorRef akka://worker/user/watcher/processing-watcher/graph/graph/$U - Starting...
03:59:26.448 [worker-akka.actor.default-dispatcher-6] INFO  a.a.LocalActorRef akka://worker/user/watcher/processing-watcher/graph/graph/$V - Starting...
03:59:26.448 [worker-akka.actor.default-dispatcher-6] INFO  a.a.LocalActorRef akka://worker/user/watcher/processing-watcher/graph/graph/$W - Starting...
03:59:26.449 [worker-akka.actor.default-dispatcher-6] INFO  a.a.LocalActorRef akka://worker/user/watcher/processing-watcher/graph/graph/$X - Starting...
03:59:26.450 [worker-akka.actor.default-dispatcher-6] INFO  a.a.LocalActorRef akka://worker/user/watcher/processing-watcher/graph/graph/$Y - Starting...
03:59:26.452 [worker-akka.actor.default-dispatcher-6] INFO  a.a.LocalActorRef akka://worker/user/watcher/processing-watcher/graph/graph/$Z - Starting...
03:59:26.452 [worker-akka.actor.default-dispatcher-6] INFO  a.a.LocalActorRef akka://worker/user/watcher/processing-watcher/graph/graph/$0 - Starting...
03:59:26.453 [worker-akka.actor.default-dispatcher-6] INFO  a.a.LocalActorRef akka://worker/user/watcher/processing-watcher/graph/graph/$1 - Starting...
03:59:26.457 [worker-akka.actor.default-dispatcher-6] INFO  a.a.LocalActorRef akka://worker/user/watcher/processing-watcher/registry-holder/$b - Starting...
03:59:26.459 [worker-akka.actor.default-dispatcher-13] INFO  a.a.LocalActorRef akka://worker/user/watcher/processing-watcher/registry-holder/$c - Starting...
03:59:26.460 [worker-akka.actor.default-dispatcher-6] INFO  a.a.LocalActorRef akka://worker/user/watcher/processing-watcher/registry-holder/$b - Stopped
03:59:26.461 [worker-akka.actor.default-dispatcher-13] INFO  a.a.LocalActorRef akka://worker/user/watcher/processing-watcher/registry-holder/$c - Stopped
03:59:26.462 [worker-akka.actor.default-dispatcher-6] INFO  a.a.LocalActorRef akka://worker/user/watcher/processing-watcher/registry-holder - Registering timestamp 0 for FlameSocketGraphDeployerFront@10.0.0.110
03:59:26.472 [worker-akka.actor.default-dispatcher-6] INFO  a.a.LocalActorRef akka://worker/user/watcher/processing-watcher/registry-holder - Registering timestamp 0 for FlameSocketGraphDeployerFront@10.0.0.117
03:59:26.481 [worker-akka.actor.default-dispatcher-6] INFO  a.a.LocalActorRef akka://worker/user/watcher/processing-watcher/committer - Initiating commit for time '(0000000, min@min)'
03:59:26.511 [worker-akka.actor.default-dispatcher-6] INFO  a.a.LocalActorRef akka://worker/user/watcher/processing-watcher/committer - Manager 'Actor[akka://worker/user/watcher/processing-watcher/graph/graph#-902341335]' has prepared
03:59:26.514 [worker-akka.actor.default-dispatcher-6] INFO  a.a.LocalActorRef akka://worker/user/watcher/acker - Unregistering front FlameSocketGraphDeployerFront@10.0.0.114
03:59:26.622 [worker-akka.actor.default-dispatcher-6] INFO  a.a.LocalActorRef akka://worker/user/watcher/processing-watcher/committer - Manager 'Actor[akka://worker@10.0.0.117:5412/user/watcher/processing-watcher/graph/graph#1915092642]' has prepared
03:59:26.634 [worker-akka.actor.default-dispatcher-5] INFO  a.a.LocalActorRef akka://worker/user/watcher/processing-watcher/committer - Manager 'Actor[akka://worker@10.0.0.110:5412/user/watcher/processing-watcher/graph/graph#932263350]' has prepared
03:59:26.634 [worker-akka.actor.default-dispatcher-5] INFO  a.a.LocalActorRef akka://worker/user/watcher/processing-watcher/committer - All managers have prepared, committing
03:59:26.796 [worker-akka.actor.default-dispatcher-6] INFO  a.a.LocalActorRef akka://worker/user/watcher/acker - Unregistering front FlameSocketGraphDeployerFront@10.0.0.117
2019-07-08T03:59:27.480+0000: 22.488: [Full GC (Metadata GC Threshold) 2019-07-08T03:59:27.480+0000: 22.488: [Tenured: 15072K->226009K(1024000K), 0.1444151 secs] 418113K->226009K(1484800K), [Metaspace: 34450K->34450K(1079296K)], 0.1444935 secs] [Times: user=0.09 sys=0.05, real=0.14 secs] 
2019-07-08T04:02:46.857+0000: 221.865: [GC (Allocation Failure) 2019-07-08T04:02:46.857+0000: 221.865: [DefNew: 409600K->375K(460800K), 0.0045334 secs] 635609K->226384K(1484800K), 0.0045924 secs] [Times: user=0.01 sys=0.00, real=0.01 secs] 
2019-07-08T04:03:42.481+0000: 277.488: [GC (Allocation Failure) 2019-07-08T04:03:42.481+0000: 277.488: [DefNew: 409975K->183K(460800K), 0.0028634 secs] 635984K->226193K(1484800K), 0.0029307 secs] [Times: user=0.00 sys=0.00, real=0.00 secs] 
2019-07-08T04:03:47.822+0000: 282.830: [GC (Allocation Failure) 2019-07-08T04:03:47.823+0000: 282.830: [DefNew: 409783K->366K(460800K), 0.0023478 secs] 635793K->226376K(1484800K), 0.0030640 secs] [Times: user=0.00 sys=0.00, real=0.00 secs] 
2019-07-08T04:03:53.177+0000: 288.185: [GC (Allocation Failure) 2019-07-08T04:03:53.177+0000: 288.185: [DefNew: 409966K->279K(460800K), 0.0023329 secs] 635976K->226289K(1484800K), 0.0023936 secs] [Times: user=0.00 sys=0.00, real=0.01 secs] 
2019-07-08T04:03:58.519+0000: 293.527: [GC (Allocation Failure) 2019-07-08T04:03:58.519+0000: 293.527: [DefNew: 409879K->457K(460800K), 0.0025348 secs] 635889K->226467K(1484800K), 0.0026090 secs] [Times: user=0.01 sys=0.00, real=0.00 secs] 
2019-07-08T04:04:03.946+0000: 298.954: [GC (Allocation Failure) 2019-07-08T04:04:03.946+0000: 298.954: [DefNew: 410057K->389K(460800K), 0.0023120 secs] 636067K->226399K(1484800K), 0.0023705 secs] [Times: user=0.00 sys=0.00, real=0.00 secs] 
2019-07-08T04:04:09.297+0000: 304.304: [GC (Allocation Failure) 2019-07-08T04:04:09.297+0000: 304.304: [DefNew: 409989K->326K(460800K), 0.0022698 secs] 635999K->226336K(1484800K), 0.0023301 secs] [Times: user=0.00 sys=0.00, real=0.01 secs] 
2019-07-08T04:04:14.664+0000: 309.672: [GC (Allocation Failure) 2019-07-08T04:04:14.665+0000: 309.672: [DefNew: 409926K->486K(460800K), 0.0023449 secs] 635936K->226495K(1484800K), 0.0024083 secs] [Times: user=0.00 sys=0.00, real=0.00 secs] 
2019-07-08T04:04:20.013+0000: 315.021: [GC (Allocation Failure) 2019-07-08T04:04:20.014+0000: 315.021: [DefNew: 410086K->683K(460800K), 0.0028189 secs] 636095K->226693K(1484800K), 0.0028883 secs] [Times: user=0.00 sys=0.00, real=0.00 secs] 
2019-07-08T04:04:25.368+0000: 320.376: [GC (Allocation Failure) 2019-07-08T04:04:25.368+0000: 320.376: [DefNew: 410283K->518K(460800K), 0.0024434 secs] 636293K->226528K(1484800K), 0.0025159 secs] [Times: user=0.00 sys=0.00, real=0.00 secs] 
2019-07-08T04:04:30.746+0000: 325.754: [GC (Allocation Failure) 2019-07-08T04:04:30.746+0000: 325.754: [DefNew: 410118K->532K(460800K), 0.0023781 secs] 636128K->226542K(1484800K), 0.0024397 secs] [Times: user=0.00 sys=0.00, real=0.00 secs] 
2019-07-08T04:04:36.099+0000: 331.106: [GC (Allocation Failure) 2019-07-08T04:04:36.099+0000: 331.106: [DefNew: 410132K->470K(460800K), 0.0022971 secs] 636142K->226480K(1484800K), 0.0023560 secs] [Times: user=0.00 sys=0.00, real=0.01 secs] 
2019-07-08T04:04:41.478+0000: 336.486: [GC (Allocation Failure) 2019-07-08T04:04:41.479+0000: 336.486: [DefNew: 410070K->580K(460800K), 0.0025826 secs] 636080K->226590K(1484800K), 0.0026386 secs] [Times: user=0.00 sys=0.00, real=0.01 secs] 
2019-07-08T04:04:46.849+0000: 341.857: [GC (Allocation Failure) 2019-07-08T04:04:46.849+0000: 341.857: [DefNew: 410180K->614K(460800K), 0.0024169 secs] 636190K->226624K(1484800K), 0.0024895 secs] [Times: user=0.00 sys=0.00, real=0.01 secs] 
2019-07-08T04:04:52.231+0000: 347.239: [GC (Allocation Failure) 2019-07-08T04:04:52.231+0000: 347.239: [DefNew: 410214K->785K(460800K), 0.0028612 secs] 636224K->226795K(1484800K), 0.0029293 secs] [Times: user=0.00 sys=0.00, real=0.00 secs] 
2019-07-08T04:04:57.603+0000: 352.610: [GC (Allocation Failure) 2019-07-08T04:04:57.603+0000: 352.610: [DefNew: 410385K->447K(460800K), 0.0023257 secs] 636395K->226548K(1484800K), 0.0024010 secs] [Times: user=0.00 sys=0.00, real=0.00 secs] 
2019-07-08T04:05:03.173+0000: 358.180: [GC (Allocation Failure) 2019-07-08T04:05:03.173+0000: 358.180: [DefNew: 410047K->617K(460800K), 0.0022218 secs] 636148K->226737K(1484800K), 0.0022887 secs] [Times: user=0.00 sys=0.00, real=0.00 secs] 
2019-07-08T04:05:08.574+0000: 363.582: [GC (Allocation Failure) 2019-07-08T04:05:08.574+0000: 363.582: [DefNew: 410217K->436K(460800K), 0.0020478 secs] 636337K->226588K(1484800K), 0.0021015 secs] [Times: user=0.00 sys=0.00, real=0.00 secs] 
04:05:12.032 [Client] INFO  c.s.f.r.e.s.SocketRear  - FlameSocketGraphDeployerRear@10.0.0.114: has been disconnected from Connection 1
04:05:12.040 [worker-akka.actor.default-dispatcher-13] INFO  a.a.LocalActorRef akka://worker/user/watcher/acker - Unregistering front FlameSocketGraphDeployerFront@10.0.0.110
04:06:03.334 [worker-akka.actor.default-dispatcher-4] INFO  a.a.LocalActorRef akka://worker/user/watcher/acker - Stopped
04:06:03.334 [Curator-Framework-0] INFO  o.a.c.f.i.CuratorFrameworkImpl  - backgroundOperationsLoop exiting
04:06:03.338 [worker-akka.actor.default-dispatcher-2] INFO  a.a.LocalActorRef akka://worker/user/watcher/processing-watcher/graph/edge/FlameSocketGraphDeployerFront - Stopped
04:06:03.341 [worker-akka.actor.default-dispatcher-13] INFO  a.a.LocalActorRef akka://worker/user/watcher/processing-watcher/committer/acker-ping - Stopped
04:06:03.344 [worker-akka.actor.default-dispatcher-3] INFO  a.a.LocalActorRef akka://worker/user/watcher/processing-watcher/graph/edge/FlameSocketGraphDeployerRear - Stopped
04:06:03.344 [worker-akka.actor.default-dispatcher-3] INFO  a.a.LocalActorRef akka://worker/user/watcher/processing-watcher/graph/edge - Stopped
04:06:03.345 [worker-akka.actor.default-dispatcher-12] INFO  a.a.LocalActorRef akka://worker/user/watcher/processing-watcher/graph/negotiator - Stopped
04:06:03.347 [worker-akka.actor.default-dispatcher-15] INFO  a.a.LocalActorRef akka://worker/user/watcher/processing-watcher/graph/graph/$0 - Stopped
04:06:03.347 [worker-akka.actor.default-dispatcher-15] INFO  a.a.LocalActorRef akka://worker/user/watcher/processing-watcher/graph/graph/$1 - Stopped
04:06:03.347 [worker-akka.actor.default-dispatcher-15] INFO  a.a.LocalActorRef akka://worker/user/watcher/processing-watcher/graph/graph/$A - Stopped
04:06:03.351 [worker-akka.actor.default-dispatcher-5] INFO  a.a.LocalActorRef akka://worker/user/watcher/processing-watcher/$c/$a - Stopped
04:06:03.351 [worker-akka.actor.default-dispatcher-5] INFO  a.a.LocalActorRef akka://worker/user/watcher/processing-watcher/$c/$a - Message [com.spbsu.flamestream.runtime.utils.akka.PingActor$InnerPing] from Actor[akka://worker/user/watcher/processing-watcher/$c/$a#749493449] to Actor[akka://worker/user/watcher/processing-watcher/$c/$a#749493449] was not delivered. [1] dead letters encountered. If this is not an expected behavior, then [Actor[akka://worker/user/watcher/processing-watcher/$c/$a#749493449]] may have terminated unexpectedly, This logging can be turned off or adjusted with configuration settings 'akka.log-dead-letters' and 'akka.log-dead-letters-during-shutdown'.
04:06:03.353 [worker-akka.actor.default-dispatcher-15] INFO  a.a.LocalActorRef akka://worker/user/watcher/processing-watcher/graph/graph/$B - Stopped
04:06:03.354 [worker-akka.actor.default-dispatcher-15] INFO  a.a.LocalActorRef akka://worker/user/watcher/processing-watcher/graph/graph/$C - Stopped
04:06:03.354 [worker-akka.actor.default-dispatcher-15] INFO  a.a.LocalActorRef akka://worker/user/watcher/processing-watcher/graph/graph/$D - Stopped
04:06:03.354 [worker-akka.actor.default-dispatcher-15] INFO  a.a.LocalActorRef akka://worker/user/watcher/processing-watcher/graph/graph/$E - Stopped
04:06:03.354 [worker-akka.actor.default-dispatcher-15] INFO  a.a.LocalActorRef akka://worker/user/watcher/processing-watcher/graph/graph/$F - Stopped
04:06:03.354 [worker-akka.actor.default-dispatcher-12] INFO  a.a.LocalActorRef akka://worker/user/watcher/processing-watcher/graph/graph/$G - Stopped
04:06:03.354 [worker-akka.actor.default-dispatcher-12] INFO  a.a.LocalActorRef akka://worker/user/watcher/processing-watcher/graph/graph/$H - Stopped
04:06:03.355 [worker-akka.actor.default-dispatcher-12] INFO  a.a.LocalActorRef akka://worker/user/watcher/processing-watcher/graph/graph/$I - Stopped
04:06:03.355 [worker-akka.actor.default-dispatcher-12] INFO  a.a.LocalActorRef akka://worker/user/watcher/processing-watcher/graph/graph/$J - Stopped
04:06:03.355 [worker-akka.actor.default-dispatcher-12] INFO  a.a.LocalActorRef akka://worker/user/watcher/processing-watcher/graph/graph/$K - Stopped
04:06:03.355 [worker-akka.actor.default-dispatcher-12] INFO  a.a.LocalActorRef akka://worker/user/watcher/processing-watcher/graph/graph/$L - Stopped
04:06:03.356 [worker-akka.actor.default-dispatcher-12] INFO  a.a.LocalActorRef akka://worker/user/watcher/processing-watcher/graph/graph/$M - Stopped
04:06:03.356 [worker-akka.actor.default-dispatcher-12] INFO  a.a.LocalActorRef akka://worker/user/watcher/processing-watcher/graph/graph/$N - Stopped
04:06:03.356 [worker-akka.actor.default-dispatcher-12] INFO  a.a.LocalActorRef akka://worker/user/watcher/processing-watcher/graph/graph/$O - Stopped
04:06:03.356 [worker-akka.actor.default-dispatcher-12] INFO  a.a.LocalActorRef akka://worker/user/watcher/processing-watcher/graph/graph/$P - Stopped
04:06:03.363 [Curator-PathChildrenCache-0] ERROR o.a.c.f.r.c.PathChildrenCache  - 
java.lang.IllegalStateException: instance must be started before calling this method
	at org.apache.curator.shaded.com.google.common.base.Preconditions.checkState(Preconditions.java:444)
	at org.apache.curator.framework.imps.CuratorFrameworkImpl.getChildren(CuratorFrameworkImpl.java:456)
	at org.apache.curator.framework.recipes.cache.PathChildrenCache.refresh(PathChildrenCache.java:521)
	at org.apache.curator.framework.recipes.cache.RefreshOperation.invoke(RefreshOperation.java:35)
	at org.apache.curator.framework.recipes.cache.PathChildrenCache$9.run(PathChildrenCache.java:786)
	at java.util.concurrent.Executors$RunnableAdapter.call(Executors.java:511)
	at java.util.concurrent.FutureTask.run(FutureTask.java:266)
	at java.util.concurrent.Executors$RunnableAdapter.call(Executors.java:511)
	at java.util.concurrent.FutureTask.run(FutureTask.java:266)
	at java.util.concurrent.ThreadPoolExecutor.runWorker(ThreadPoolExecutor.java:1149)
	at java.util.concurrent.ThreadPoolExecutor$Worker.run(ThreadPoolExecutor.java:624)
	at java.lang.Thread.run(Thread.java:748)
04:06:03.364 [worker-akka.actor.default-dispatcher-12] INFO  a.a.LocalActorRef akka://worker/user/watcher/processing-watcher/graph/graph/$Q - Stopped
04:06:03.365 [worker-akka.actor.default-dispatcher-12] INFO  a.a.LocalActorRef akka://worker/user/watcher/processing-watcher/graph/graph/$R - Stopped
04:06:03.366 [worker-akka.actor.default-dispatcher-12] INFO  a.a.LocalActorRef akka://worker/user/watcher/processing-watcher/graph/graph/$S - Stopped
04:06:03.367 [worker-akka.actor.default-dispatcher-12] INFO  a.a.LocalActorRef akka://worker/user/watcher/processing-watcher/graph/graph/$T - Stopped
04:06:03.369 [worker-akka.actor.default-dispatcher-12] INFO  a.a.LocalActorRef akka://worker/user/watcher/processing-watcher/graph/graph/$U - Stopped
04:06:03.370 [worker-akka.actor.default-dispatcher-4] INFO  a.a.LocalActorRef akka://worker/user/watcher/processing-watcher/graph/graph/$V - Stopped
04:06:03.370 [worker-akka.actor.default-dispatcher-4] INFO  a.a.LocalActorRef akka://worker/user/watcher/processing-watcher/graph/graph/$W - Stopped
04:06:03.370 [worker-akka.actor.default-dispatcher-4] INFO  a.a.LocalActorRef akka://worker/user/watcher/processing-watcher/graph/graph/$X - Stopped
04:06:03.370 [worker-akka.actor.default-dispatcher-4] INFO  a.a.LocalActorRef akka://worker/user/watcher/processing-watcher/graph/graph/$Y - Stopped
04:06:03.370 [worker-akka.actor.default-dispatcher-4] INFO  a.a.LocalActorRef akka://worker/user/watcher/processing-watcher/graph/graph/$Z - Stopped
04:06:03.371 [worker-akka.actor.default-dispatcher-4] INFO  a.a.LocalActorRef akka://worker/user/watcher/processing-watcher/graph/graph/$a - Stopped
04:06:03.374 [worker-akka.actor.default-dispatcher-4] INFO  a.a.LocalActorRef akka://worker/user/watcher/processing-watcher/graph/graph/$b - Stopped
04:06:03.375 [worker-akka.actor.default-dispatcher-4] INFO  a.a.LocalActorRef akka://worker/user/watcher/processing-watcher/graph/graph/$c - Stopped
04:06:03.375 [worker-akka.actor.default-dispatcher-4] INFO  a.a.LocalActorRef akka://worker/user/watcher/processing-watcher/graph/graph/$d - Stopped
04:06:03.375 [worker-akka.actor.default-dispatcher-4] INFO  a.a.LocalActorRef akka://worker/user/watcher/processing-watcher/graph/graph/$e - Stopped
04:06:03.375 [worker-akka.actor.default-dispatcher-4] INFO  a.a.LocalActorRef akka://worker/user/watcher/processing-watcher/graph/graph/$f - Stopped
04:06:03.375 [worker-akka.actor.default-dispatcher-4] INFO  a.a.LocalActorRef akka://worker/user/watcher/processing-watcher/graph/graph/$g - Stopped
04:06:03.375 [worker-akka.actor.default-dispatcher-4] INFO  a.a.LocalActorRef akka://worker/user/watcher/processing-watcher/graph/graph/$h - Stopped
04:06:03.376 [worker-akka.actor.default-dispatcher-6] INFO  o.a.z.ZooKeeper  - Session: 0x10011b76c7b0002 closed
04:06:03.376 [worker-akka.actor.default-dispatcher-6-EventThread] INFO  o.a.z.ClientCnxn  - EventThread shut down for session: 0x10011b76c7b0002
04:06:03.377 [worker-akka.actor.default-dispatcher-4] INFO  a.a.LocalActorRef akka://worker/user/watcher/processing-watcher/graph/graph/$i - Stopped
04:06:03.377 [worker-akka.actor.default-dispatcher-4] INFO  a.a.LocalActorRef akka://worker/user/watcher/processing-watcher/graph/graph/$j - Stopped
04:06:03.377 [worker-akka.actor.default-dispatcher-14] INFO  a.a.LocalActorRef akka://worker/user/watcher/processing-watcher/graph/graph/$k - Stopped
04:06:03.377 [worker-akka.actor.default-dispatcher-14] INFO  a.a.LocalActorRef akka://worker/user/watcher/processing-watcher/graph/graph/$l - Stopped
04:06:03.377 [worker-akka.actor.default-dispatcher-14] INFO  a.a.LocalActorRef akka://worker/user/watcher/processing-watcher/graph/graph/$m - Stopped
04:06:03.377 [worker-akka.actor.default-dispatcher-14] INFO  a.a.LocalActorRef akka://worker/user/watcher/processing-watcher/graph/graph/$n - Stopped
04:06:03.378 [worker-akka.actor.default-dispatcher-14] INFO  a.a.LocalActorRef akka://worker/user/watcher/processing-watcher/graph/graph/$o - Stopped
04:06:03.378 [worker-akka.actor.default-dispatcher-14] INFO  a.a.LocalActorRef akka://worker/user/watcher/processing-watcher/graph/graph/$p - Stopped
04:06:03.378 [worker-akka.actor.default-dispatcher-14] INFO  a.a.LocalActorRef akka://worker/user/watcher/processing-watcher/graph/graph/$q - Stopped
04:06:03.378 [worker-akka.actor.default-dispatcher-14] INFO  a.a.LocalActorRef akka://worker/user/watcher/processing-watcher/graph/graph/$r - Stopped
04:06:03.378 [worker-akka.actor.default-dispatcher-14] INFO  a.a.LocalActorRef akka://worker/user/watcher/processing-watcher/graph/graph/$s - Stopped
04:06:03.378 [worker-akka.actor.default-dispatcher-14] INFO  a.a.LocalActorRef akka://worker/user/watcher/processing-watcher/graph/graph/$t - Stopped
04:06:03.379 [worker-akka.actor.default-dispatcher-15] INFO  a.a.LocalActorRef akka://worker/user/watcher/processing-watcher/graph/graph/$u - Stopped
04:06:03.379 [worker-akka.actor.default-dispatcher-15] INFO  a.a.LocalActorRef akka://worker/user/watcher/processing-watcher/graph/graph/$v - Stopped
04:06:03.379 [worker-akka.actor.default-dispatcher-15] INFO  a.a.LocalActorRef akka://worker/user/watcher/client-watcher - Stopped
04:06:03.383 [worker-akka.actor.default-dispatcher-18] INFO  a.a.LocalActorRef akka://worker/user/watcher/processing-watcher/graph/graph/$w - Stopped
04:06:03.383 [worker-akka.actor.default-dispatcher-18] INFO  a.a.LocalActorRef akka://worker/user/watcher/processing-watcher/graph/graph/$x - Stopped
04:06:03.383 [worker-akka.actor.default-dispatcher-18] INFO  a.a.LocalActorRef akka://worker/user/watcher/processing-watcher/registry-holder - Stopped
04:06:03.383 [worker-akka.actor.default-dispatcher-18] INFO  a.a.LocalActorRef akka://worker/user/watcher/processing-watcher/graph/graph/$y - Stopped
04:06:03.384 [worker-akka.actor.default-dispatcher-18] INFO  a.a.LocalActorRef akka://worker/user/watcher/processing-watcher/graph/graph/$z - Stopped
04:06:03.384 [worker-akka.actor.default-dispatcher-17] INFO  a.a.LocalActorRef akka://worker/user/watcher/processing-watcher/graph/graph - Stopped
04:06:03.384 [worker-akka.actor.default-dispatcher-17] INFO  a.a.LocalActorRef akka://worker/user/watcher/processing-watcher/$c - Stopped
04:06:03.385 [worker-akka.actor.default-dispatcher-17] INFO  a.a.LocalActorRef akka://worker/user/watcher/processing-watcher/committer - Stopped
04:06:03.385 [worker-akka.actor.default-dispatcher-17] INFO  a.a.LocalActorRef akka://worker/user/watcher/processing-watcher/$c/$a - Message [com.spbsu.flamestream.runtime.utils.akka.PingActor$Stop] from Actor[akka://worker/user/watcher/processing-watcher/$c#-467397302] to Actor[akka://worker/user/watcher/processing-watcher/$c/$a#749493449] was not delivered. [2] dead letters encountered. If this is not an expected behavior, then [Actor[akka://worker/user/watcher/processing-watcher/$c/$a#749493449]] may have terminated unexpectedly, This logging can be turned off or adjusted with configuration settings 'akka.log-dead-letters' and 'akka.log-dead-letters-during-shutdown'.
04:06:03.385 [worker-akka.actor.default-dispatcher-17] INFO  a.a.LocalActorRef akka://worker/user/watcher/processing-watcher/$c - Message [com.spbsu.flamestream.runtime.master.acker.LocalAcker$Flush] from Actor[akka://worker/user/watcher/processing-watcher/$c/$a#749493449] to Actor[akka://worker/user/watcher/processing-watcher/$c#-467397302] was not delivered. [3] dead letters encountered. If this is not an expected behavior, then [Actor[akka://worker/user/watcher/processing-watcher/$c#-467397302]] may have terminated unexpectedly, This logging can be turned off or adjusted with configuration settings 'akka.log-dead-letters' and 'akka.log-dead-letters-during-shutdown'.
04:06:03.387 [worker-akka.actor.default-dispatcher-6] INFO  a.a.LocalActorRef akka://worker/user/watcher/processing-watcher/committer/acker-ping - Message [com.spbsu.flamestream.runtime.utils.akka.PingActor$Stop] from Actor[akka://worker/user/watcher/processing-watcher/committer#499745245] to Actor[akka://worker/user/watcher/processing-watcher/committer/acker-ping#112711616] was not delivered. [4] dead letters encountered. If this is not an expected behavior, then [Actor[akka://worker/user/watcher/processing-watcher/committer/acker-ping#112711616]] may have terminated unexpectedly, This logging can be turned off or adjusted with configuration settings 'akka.log-dead-letters' and 'akka.log-dead-letters-during-shutdown'.
04:06:03.387 [worker-akka.actor.default-dispatcher-16] INFO  a.a.LocalActorRef akka://worker/user/watcher/processing-watcher/graph - Stopped
04:06:03.388 [worker-akka.actor.default-dispatcher-16] INFO  a.a.LocalActorRef akka://worker/user/watcher/processing-watcher - Stopped
04:06:03.389 [worker-akka.actor.default-dispatcher-16] INFO  a.a.RepointableActorRef akka://worker/user/watcher - Stopped
04:06:03.395 [worker-akka.actor.default-dispatcher-19] INFO  a.r.RemoteActorRefProvider$RemotingTerminator akka://worker@10.0.0.114:5412/system/remoting-terminator - Shutting down remote daemon.
04:06:03.399 [worker-akka.actor.default-dispatcher-21] INFO  a.r.RemoteActorRefProvider$RemotingTerminator akka://worker@10.0.0.114:5412/system/remoting-terminator - Remote daemon shut down; proceeding with flushing remote transports.
04:06:04.491 [worker-akka.actor.default-dispatcher-19] INFO  a.r.RemoteActorRefProvider$RemotingTerminator akka://worker@10.0.0.114:5412/system/remoting-terminator - Remoting shut down.
Heap
 def new generation   total 460800K, used 310618K [0x00000000a2400000, 0x00000000c1800000, 0x00000000c1800000)
  eden space 409600K,  75% used [0x00000000a2400000, 0x00000000b52e99c8, 0x00000000bb400000)
  from space 51200K,   0% used [0x00000000bb400000, 0x00000000bb46d048, 0x00000000be600000)
  to   space 51200K,   0% used [0x00000000be600000, 0x00000000be600000, 0x00000000c1800000)
 tenured generation   total 1024000K, used 226152K [0x00000000c1800000, 0x0000000100000000, 0x0000000100000000)
   the space 1024000K,  22% used [0x00000000c1800000, 0x00000000cf4da310, 0x00000000cf4da400, 0x0000000100000000)
 Metaspace       used 36325K, capacity 37262K, committed 37376K, reserved 1081344K
  class space    used 4898K, capacity 5115K, committed 5120K, reserved 1048576K
