16:20:30,638 |-INFO in ch.qos.logback.classic.LoggerContext[default] - Could NOT find resource [logback-test.xml]
16:20:30,638 |-INFO in ch.qos.logback.classic.LoggerContext[default] - Could NOT find resource [logback.groovy]
16:20:30,638 |-INFO in ch.qos.logback.classic.LoggerContext[default] - Found resource [logback.xml] at [jar:file:/root/flamestream/lib/flamestream-runtime-1.0-SNAPSHOT.jar!/logback.xml]
16:20:30,642 |-WARN in ch.qos.logback.classic.LoggerContext[default] - Resource [logback.xml] occurs multiple times on the classpath.
16:20:30,642 |-WARN in ch.qos.logback.classic.LoggerContext[default] - Resource [logback.xml] occurs at [jar:file:/root/flamestream/lib/flamestream-runtime-1.0-SNAPSHOT.jar!/logback.xml]
16:20:30,642 |-WARN in ch.qos.logback.classic.LoggerContext[default] - Resource [logback.xml] occurs at [jar:file:/root/flamestream/flamestream-runtime-1.0-SNAPSHOT.jar!/logback.xml]
16:20:30,662 |-INFO in ch.qos.logback.core.joran.spi.ConfigurationWatchList@3fb6a447 - URL [jar:file:/root/flamestream/lib/flamestream-runtime-1.0-SNAPSHOT.jar!/logback.xml] is not of type file
16:20:30,729 |-INFO in ch.qos.logback.classic.joran.action.ConfigurationAction - debug attribute not set
16:20:30,730 |-INFO in ch.qos.logback.core.joran.action.AppenderAction - About to instantiate appender of type [ch.qos.logback.core.ConsoleAppender]
16:20:30,745 |-INFO in ch.qos.logback.core.joran.action.AppenderAction - Naming appender as [STDOUT]
16:20:30,765 |-INFO in ch.qos.logback.core.joran.action.NestedComplexPropertyIA - Assuming default type [ch.qos.logback.classic.encoder.PatternLayoutEncoder] for [encoder] property
16:20:30,862 |-INFO in ch.qos.logback.core.joran.action.AppenderAction - About to instantiate appender of type [ch.qos.logback.core.rolling.RollingFileAppender]
16:20:30,875 |-INFO in ch.qos.logback.core.joran.action.AppenderAction - Naming appender as [FILE]
16:20:30,903 |-INFO in c.q.l.core.rolling.TimeBasedRollingPolicy@127618319 - No compression will be used
16:20:30,904 |-INFO in c.q.l.core.rolling.TimeBasedRollingPolicy@127618319 - Will use the pattern /tmp/application_%d{yyyy-MM-dd}.%i.log for the active file
16:20:30,906 |-INFO in ch.qos.logback.core.rolling.SizeAndTimeBasedFNATP@6b2fad11 - The date pattern is 'yyyy-MM-dd' from file name pattern '/tmp/application_%d{yyyy-MM-dd}.%i.log'.
16:20:30,906 |-INFO in ch.qos.logback.core.rolling.SizeAndTimeBasedFNATP@6b2fad11 - Roll-over at midnight.
16:20:30,912 |-INFO in ch.qos.logback.core.rolling.SizeAndTimeBasedFNATP@6b2fad11 - Setting initial period to Sun Jul 07 16:19:17 UTC 2019
16:20:30,912 |-WARN in ch.qos.logback.core.rolling.SizeAndTimeBasedFNATP@6b2fad11 - SizeAndTimeBasedFNATP is deprecated. Use SizeAndTimeBasedRollingPolicy instead
16:20:30,912 |-WARN in ch.qos.logback.core.rolling.SizeAndTimeBasedFNATP@6b2fad11 - For more information see http://logback.qos.ch/manual/appenders.html#SizeAndTimeBasedRollingPolicy
16:20:30,917 |-INFO in ch.qos.logback.core.joran.action.NestedComplexPropertyIA - Assuming default type [ch.qos.logback.classic.encoder.PatternLayoutEncoder] for [encoder] property
16:20:30,921 |-INFO in ch.qos.logback.core.rolling.RollingFileAppender[FILE] - Active log file name: /tmp/application.log
16:20:30,921 |-INFO in ch.qos.logback.core.rolling.RollingFileAppender[FILE] - File property is set to [/tmp/application.log]
16:20:30,922 |-INFO in ch.qos.logback.classic.joran.action.RootLoggerAction - Setting level of ROOT logger to INFO
16:20:30,922 |-INFO in ch.qos.logback.core.joran.action.AppenderRefAction - Attaching appender named [STDOUT] to Logger[ROOT]
16:20:30,922 |-INFO in ch.qos.logback.core.joran.action.AppenderRefAction - Attaching appender named [FILE] to Logger[ROOT]
16:20:30,922 |-INFO in ch.qos.logback.classic.joran.action.ConfigurationAction - End of configuration.
16:20:30,924 |-INFO in ch.qos.logback.classic.joran.JoranConfigurator@79698539 - Registering current configuration as safe fallback point

16:20:30.928 [main] INFO  c.s.f.r.WorkerApplication  - Starting worker with workerConfig 'WorkerConfig{id='10.0.0.114', localAddress=10.0.0.114:5412, zkString='10.0.0.71:12181', snapshotPath='/root/flamestream/data', guarantees=AT_MOST_ONCE, maxElementsInGraph=100, millisBetweenCommits=5000000, defaultMinimalTime=0, distributedAcker=false}'
16:20:31.920 [worker-akka.actor.default-dispatcher-7] INFO  a.e.s.Slf4jLogger  - Slf4jLogger started
Ama winner
Ama winner
16:20:32.184 [worker-akka.actor.default-dispatcher-7] INFO  a.r.a.a.ArteryAeronUdpTransport(akka://worker) akka.remote.artery.aeron.ArteryAeronUdpTransport(akka://worker) - Started embedded media driver in directory [/dev/shm/aeron-10.0.0.114]
2019-07-07T16:20:32.243+0000: 1.790: [Full GC (Metadata GC Threshold) 2019-07-07T16:20:32.245+0000: 1.790: [Tenured: 0K->15079K(1024000K), 0.0461592 secs] 172256K->15079K(1484800K), [Metaspace: 20732K->20732K(1067008K)], 0.0476657 secs] [Times: user=0.04 sys=0.00, real=0.05 secs] 
16:20:32.431 [worker-akka.actor.default-dispatcher-7] INFO  a.r.a.a.ArteryAeronUdpTransport(akka://worker) akka.remote.artery.aeron.ArteryAeronUdpTransport(akka://worker) - Remoting started with transport [Artery aeron-udp]; listening on address [akka://worker@10.0.0.114:5412] with UID [-8975802551832433340]
16:20:32.738 [worker-akka.actor.default-dispatcher-2] INFO  a.a.RepointableActorRef akka://worker/user/watcher - Starting...
16:20:32.837 [worker-akka.actor.default-dispatcher-7] INFO  o.a.c.u.Compatibility  - Running in ZooKeeper 3.4.x compatibility mode
16:20:32.884 [worker-akka.actor.default-dispatcher-7] INFO  o.a.c.f.i.CuratorFrameworkImpl  - Starting
16:20:32.902 [worker-akka.actor.default-dispatcher-7] INFO  o.a.z.ZooKeeper  - Client environment:zookeeper.version=3.4.9-1757313, built on 08/23/2016 06:50 GMT
16:20:32.903 [worker-akka.actor.default-dispatcher-7] INFO  o.a.z.ZooKeeper  - Client environment:host.name=<NA>
16:20:32.904 [worker-akka.actor.default-dispatcher-7] INFO  o.a.z.ZooKeeper  - Client environment:java.version=1.8.0_212
16:20:32.904 [worker-akka.actor.default-dispatcher-7] INFO  o.a.z.ZooKeeper  - Client environment:java.vendor=Oracle Corporation
16:20:32.904 [worker-akka.actor.default-dispatcher-7] INFO  o.a.z.ZooKeeper  - Client environment:java.home=/usr/lib/jvm/java-8-openjdk-amd64/jre
16:20:32.904 [worker-akka.actor.default-dispatcher-7] INFO  o.a.z.ZooKeeper  - Client environment:java.class.path=lib/commons-cli-1.4.jar:lib/minlog-1.3.0.jar:lib/asm-5.0.4.jar:lib/commons-csv-1.4.jar:lib/annotations-13.0.jar:lib/akka-slf4j_2.11-2.5.15.jar:lib/lz4-1.3.0.jar:lib/scala-java8-compat_2.11-0.7.0.jar:lib/jblas-1.2.4.jar:lib/objenesis-2.1.jar:lib/jackson-annotations-2.8.0.jar:lib/akka-actor_2.11-2.5.15.jar:lib/curator-client-4.0.1.jar:lib/aeron-client-1.9.3.jar:lib/leveldb-0.7.jar:lib/flamestream-core-1.0-SNAPSHOT.jar:lib/reflectasm-1.07-shaded.jar:lib/akka-testkit_2.11-2.5.15.jar:lib/slf4j-simple-1.8.0-beta4.jar:lib/commons-lang-2.6.jar:lib/curator-recipes-4.0.1.jar:lib/logback-classic-1.2.3.jar:lib/jool-0.9.12.jar:lib/kryo-4.0.0.jar:lib/ssl-config-core_2.11-0.2.4.jar:lib/jackson-annotations-2.9.6.jar:lib/leveldbjni-all-1.8.jar:lib/jackson-core-2.8.4.jar:lib/netty-3.10.6.Final.jar:lib/trove4j-3.0.3.jar:lib/logback-core-1.2.3.jar:lib/flamestream-examples-1.0-SNAPSHOT.jar:lib/jackson-databind-2.8.4.jar:lib/flamestream-runtime-1.0-SNAPSHOT.jar:lib/slf4j-api-1.7.24.jar:lib/jline-0.9.94.jar:lib/jedis-2.9.0.jar:lib/akka-protobuf_2.11-2.5.15.jar:lib/kryonet-2.21.jar:lib/akka-kryo-serialization_2.11-0.5.0.jar:lib/config-1.3.1.jar:lib/testng-6.10.jar:lib/agrona-0.9.18.jar:lib/leveldb-api-0.7.jar:lib/reactive-streams-1.0.2.jar:lib/reflectasm-1.11.3.jar:lib/jcommander-1.48.jar:lib/minlog-1.2.jar:lib/akka-stream_2.11-2.5.15.jar:lib/scala-parser-combinators_2.11-1.1.1.jar:lib/zookeeper-3.4.9.jar:lib/commons-1.4.9.jar:lib/commons-pool2-2.4.2.jar:lib/commons-io-2.4.jar:lib/akka-remote_2.11-2.5.15.jar:lib/rocksdbjni-5.5.1.jar:lib/guava-21.0.jar:lib/aeron-driver-1.9.3.jar:lib/flamestream-core-1.0-SNAPSHOT-tests.jar:lib/annotations-12.0.jar:lib/curator-framework-4.0.1.jar:lib/scala-library-2.11.12.jar:flamestream-runtime-1.0-SNAPSHOT.jar
16:20:32.904 [worker-akka.actor.default-dispatcher-7] INFO  o.a.z.ZooKeeper  - Client environment:java.library.path=/usr/java/packages/lib/amd64:/usr/lib/x86_64-linux-gnu/jni:/lib/x86_64-linux-gnu:/usr/lib/x86_64-linux-gnu:/usr/lib/jni:/lib:/usr/lib
16:20:32.904 [worker-akka.actor.default-dispatcher-7] INFO  o.a.z.ZooKeeper  - Client environment:java.io.tmpdir=/tmp
16:20:32.904 [worker-akka.actor.default-dispatcher-7] INFO  o.a.z.ZooKeeper  - Client environment:java.compiler=<NA>
16:20:32.905 [worker-akka.actor.default-dispatcher-7] INFO  o.a.z.ZooKeeper  - Client environment:os.name=Linux
16:20:32.906 [worker-akka.actor.default-dispatcher-7] INFO  o.a.z.ZooKeeper  - Client environment:os.arch=amd64
16:20:32.906 [worker-akka.actor.default-dispatcher-7] INFO  o.a.z.ZooKeeper  - Client environment:os.version=4.4.0-1049-aws
16:20:32.907 [worker-akka.actor.default-dispatcher-7] INFO  o.a.z.ZooKeeper  - Client environment:user.name=root
16:20:32.907 [worker-akka.actor.default-dispatcher-7] INFO  o.a.z.ZooKeeper  - Client environment:user.home=/root
16:20:32.907 [worker-akka.actor.default-dispatcher-7] INFO  o.a.z.ZooKeeper  - Client environment:user.dir=/root/flamestream
16:20:32.908 [worker-akka.actor.default-dispatcher-7] INFO  o.a.z.ZooKeeper  - Initiating client connection, connectString=10.0.0.71:12181 sessionTimeout=60000 watcher=org.apache.curator.ConnectionState@3c53d5b9
16:20:32.940 [worker-akka.actor.default-dispatcher-7-SendThread(10.0.0.71:12181)] INFO  o.a.z.ClientCnxn  - Opening socket connection to server 10.0.0.71/10.0.0.71:12181. Will not attempt to authenticate using SASL (unknown error)
16:20:32.945 [worker-akka.actor.default-dispatcher-7] INFO  o.a.c.f.i.CuratorFrameworkImpl  - Default schema
16:20:32.948 [worker-akka.actor.default-dispatcher-7-SendThread(10.0.0.71:12181)] INFO  o.a.z.ClientCnxn  - Socket connection established to 10.0.0.71/10.0.0.71:12181, initiating session
16:20:32.962 [worker-akka.actor.default-dispatcher-7-SendThread(10.0.0.71:12181)] INFO  o.a.z.ClientCnxn  - Session establishment complete on server 10.0.0.71/10.0.0.71:12181, sessionid = 0x1000f3813730003, negotiated timeout = 60000
16:20:32.973 [worker-akka.actor.default-dispatcher-7-EventThread] INFO  o.a.c.f.s.ConnectionStateManager  - State change: CONNECTED
16:20:32.979 [worker-akka.actor.default-dispatcher-2] INFO  a.a.RepointableActorRef akka://worker/user/watcher - Initializing rocksDB backend
16:20:33.686 [worker-akka.actor.default-dispatcher-6] INFO  a.a.LocalActorRef akka://worker/user/watcher/processing-watcher - Starting...
16:20:44.373 [worker-akka.actor.default-dispatcher-7] INFO  a.a.LocalActorRef akka://worker/user/watcher/processing-watcher/$a - Starting...
16:20:44.397 [worker-akka.actor.default-dispatcher-6] INFO  a.a.LocalActorRef akka://worker/user/watcher/processing-watcher/$a - Stopped
16:20:44.932 [worker-akka.actor.default-dispatcher-3] INFO  a.a.LocalActorRef akka://worker/user/watcher/processing-watcher/$c/$a - Starting...
16:20:44.939 [worker-akka.actor.default-dispatcher-2] INFO  a.a.LocalActorRef akka://worker/user/watcher/processing-watcher/$c - Starting...
16:20:44.967 [worker-akka.actor.default-dispatcher-3] INFO  a.a.LocalActorRef akka://worker/user/watcher/processing-watcher/graph/graph - Starting...
16:20:45.384 [worker-akka.actor.default-dispatcher-3] INFO  a.a.LocalActorRef akka://worker/user/watcher/processing-watcher/graph/graph - Finishing constructor
16:20:45.385 [worker-akka.actor.default-dispatcher-6] INFO  a.a.LocalActorRef akka://worker/user/watcher/processing-watcher/graph/negotiator - Starting...
16:20:45.387 [worker-akka.actor.default-dispatcher-3] INFO  a.a.LocalActorRef akka://worker/user/watcher/processing-watcher/graph/edge - Starting...
16:20:45.390 [worker-akka.actor.default-dispatcher-6] INFO  a.a.LocalActorRef akka://worker/user/watcher/processing-watcher/graph - Starting FlameNode with config 'ClusterConfig{paths={10.0.0.117=akka://worker@10.0.0.117:5412/user/watcher/processing-watcher/graph, 10.0.0.114=akka://worker@10.0.0.114:5412/user/watcher/processing-watcher/graph, 10.0.0.110=akka://worker@10.0.0.110:5412/user/watcher/processing-watcher/graph, 10.0.0.156=akka://worker@10.0.0.156:5412/user/watcher/processing-watcher/graph}, masterLocation='10.0.0.117', hashGroups={10.0.0.117=com.spbsu.flamestream.runtime.config.HashGroup@4d808b88, 10.0.0.114=com.spbsu.flamestream.runtime.config.HashGroup@eb0f6c33, 10.0.0.110=com.spbsu.flamestream.runtime.config.HashGroup@2bf20748, 10.0.0.156=com.spbsu.flamestream.runtime.config.HashGroup@79891f16}}'
16:20:45.401 [worker-akka.actor.default-dispatcher-5] INFO  a.a.LocalActorRef akka://worker/user/watcher/processing-watcher/graph/negotiator - Requesting ticket for the frontClass FlameSocketGraphDeployerFront@10.0.0.114
16:20:45.406 [worker-akka.actor.default-dispatcher-7] INFO  a.a.LocalActorRef akka://worker/user/watcher/processing-watcher/graph/graph - Received last commit 'LastCommit{globalTime=(0000000, min@min)}'
16:20:45.513 [worker-akka.actor.default-dispatcher-7] INFO  a.a.LocalActorRef akka://worker/user/watcher/processing-watcher/graph/edge/FlameSocketGraphDeployerFront - Starting...
16:20:45.517 [worker-akka.actor.default-dispatcher-3] INFO  c.s.f.r.e.s.SocketRear  - FlameSocketGraphDeployerRear@10.0.0.114: connecting to 10.0.0.71:5678
16:20:45.523 [worker-akka.actor.default-dispatcher-6] INFO  a.a.LocalActorRef akka://worker/user/watcher/processing-watcher/graph/negotiator - Ticket for the frontClass received: FrontTicket{allowedTimestamp=(0000000, FlameSocketGraphDeployerFront@10.0.0.114)}
16:20:45.524 [worker-akka.actor.default-dispatcher-6] INFO  c.s.f.r.e.s.SocketFront  - FlameSocketGraphDeployerFront@10.0.0.114: connecting to 10.0.0.71:4567
16:20:45.530 [worker-akka.actor.default-dispatcher-3] INFO  c.s.f.r.e.s.SocketRear  - FlameSocketGraphDeployerRear@10.0.0.114: connected to 10.0.0.71:5678
16:20:45.531 [worker-akka.actor.default-dispatcher-3] INFO  a.a.LocalActorRef akka://worker/user/watcher/processing-watcher/graph/edge/FlameSocketGraphDeployerRear - Starting...
16:20:45.635 [worker-akka.actor.default-dispatcher-3] INFO  a.a.LocalActorRef akka://worker/user/watcher/processing-watcher/graph/graph/$a - Starting...
16:20:45.641 [worker-akka.actor.default-dispatcher-3] INFO  a.a.LocalActorRef akka://worker/user/watcher/processing-watcher/graph/graph/$b - Starting...
16:20:45.642 [worker-akka.actor.default-dispatcher-3] INFO  a.a.LocalActorRef akka://worker/user/watcher/processing-watcher/graph/graph/$c - Starting...
16:20:45.645 [worker-akka.actor.default-dispatcher-3] INFO  a.a.LocalActorRef akka://worker/user/watcher/processing-watcher/graph/graph/$d - Starting...
16:20:45.645 [worker-akka.actor.default-dispatcher-3] INFO  a.a.LocalActorRef akka://worker/user/watcher/processing-watcher/graph/graph/$e - Starting...
16:20:45.646 [worker-akka.actor.default-dispatcher-3] INFO  a.a.LocalActorRef akka://worker/user/watcher/processing-watcher/graph/graph/$f - Starting...
16:20:45.648 [worker-akka.actor.default-dispatcher-3] INFO  a.a.LocalActorRef akka://worker/user/watcher/processing-watcher/graph/graph/$g - Starting...
16:20:45.649 [worker-akka.actor.default-dispatcher-3] INFO  a.a.LocalActorRef akka://worker/user/watcher/processing-watcher/graph/graph/$h - Starting...
16:20:45.650 [worker-akka.actor.default-dispatcher-3] INFO  a.a.LocalActorRef akka://worker/user/watcher/processing-watcher/graph/graph/$i - Starting...
16:20:45.652 [worker-akka.actor.default-dispatcher-3] INFO  a.a.LocalActorRef akka://worker/user/watcher/processing-watcher/graph/graph/$j - Starting...
16:20:45.653 [worker-akka.actor.default-dispatcher-3] INFO  a.a.LocalActorRef akka://worker/user/watcher/processing-watcher/graph/graph/$k - Starting...
16:20:45.654 [worker-akka.actor.default-dispatcher-3] INFO  a.a.LocalActorRef akka://worker/user/watcher/processing-watcher/graph/graph/$l - Starting...
16:20:45.655 [worker-akka.actor.default-dispatcher-3] INFO  a.a.LocalActorRef akka://worker/user/watcher/processing-watcher/graph/graph/$m - Starting...
16:20:45.656 [worker-akka.actor.default-dispatcher-3] INFO  a.a.LocalActorRef akka://worker/user/watcher/processing-watcher/graph/graph/$n - Starting...
16:20:45.657 [worker-akka.actor.default-dispatcher-3] INFO  a.a.LocalActorRef akka://worker/user/watcher/processing-watcher/graph/graph/$o - Starting...
16:20:45.660 [worker-akka.actor.default-dispatcher-3] INFO  a.a.LocalActorRef akka://worker/user/watcher/processing-watcher/graph/graph/$p - Starting...
16:20:45.661 [worker-akka.actor.default-dispatcher-3] INFO  a.a.LocalActorRef akka://worker/user/watcher/processing-watcher/graph/graph/$q - Starting...
16:20:45.663 [worker-akka.actor.default-dispatcher-3] INFO  a.a.LocalActorRef akka://worker/user/watcher/processing-watcher/graph/graph/$r - Starting...
16:20:45.664 [worker-akka.actor.default-dispatcher-3] INFO  a.a.LocalActorRef akka://worker/user/watcher/processing-watcher/graph/graph/$s - Starting...
16:20:45.665 [worker-akka.actor.default-dispatcher-3] INFO  a.a.LocalActorRef akka://worker/user/watcher/processing-watcher/graph/graph/$t - Starting...
16:20:45.667 [worker-akka.actor.default-dispatcher-3] INFO  a.a.LocalActorRef akka://worker/user/watcher/processing-watcher/graph/graph/$u - Starting...
16:20:45.668 [worker-akka.actor.default-dispatcher-3] INFO  a.a.LocalActorRef akka://worker/user/watcher/processing-watcher/graph/graph/$v - Starting...
16:20:45.674 [worker-akka.actor.default-dispatcher-3] INFO  a.a.LocalActorRef akka://worker/user/watcher/processing-watcher/graph/graph/$w - Starting...
16:20:45.692 [worker-akka.actor.default-dispatcher-3] INFO  a.a.LocalActorRef akka://worker/user/watcher/processing-watcher/graph/graph/$w - Attached rear to graph (-9223372036854775808, min@min)
16:20:45.694 [worker-akka.actor.default-dispatcher-3] INFO  a.a.LocalActorRef akka://worker/user/watcher/processing-watcher/graph/graph/$x - Starting...
16:20:45.696 [worker-akka.actor.default-dispatcher-3] INFO  a.a.LocalActorRef akka://worker/user/watcher/processing-watcher/graph/graph/$y - Starting...
16:20:45.698 [worker-akka.actor.default-dispatcher-3] INFO  a.a.LocalActorRef akka://worker/user/watcher/processing-watcher/graph/graph/$z - Starting...
16:20:45.700 [worker-akka.actor.default-dispatcher-3] INFO  a.a.LocalActorRef akka://worker/user/watcher/processing-watcher/graph/graph/$A - Starting...
16:20:45.701 [worker-akka.actor.default-dispatcher-3] INFO  a.a.LocalActorRef akka://worker/user/watcher/processing-watcher/graph/graph/$B - Starting...
16:20:45.702 [worker-akka.actor.default-dispatcher-3] INFO  a.a.LocalActorRef akka://worker/user/watcher/processing-watcher/graph/graph/$C - Starting...
16:20:45.704 [worker-akka.actor.default-dispatcher-3] INFO  a.a.LocalActorRef akka://worker/user/watcher/processing-watcher/graph/graph/$D - Starting...
16:20:45.706 [worker-akka.actor.default-dispatcher-3] INFO  a.a.LocalActorRef akka://worker/user/watcher/processing-watcher/graph/graph/$E - Starting...
16:20:45.709 [worker-akka.actor.default-dispatcher-3] INFO  a.a.LocalActorRef akka://worker/user/watcher/processing-watcher/graph/graph/$F - Starting...
16:20:45.710 [worker-akka.actor.default-dispatcher-3] INFO  a.a.LocalActorRef akka://worker/user/watcher/processing-watcher/graph/graph/$G - Starting...
16:20:45.713 [worker-akka.actor.default-dispatcher-3] INFO  a.a.LocalActorRef akka://worker/user/watcher/processing-watcher/graph/graph/$H - Starting...
16:20:45.713 [worker-akka.actor.default-dispatcher-3] INFO  a.a.LocalActorRef akka://worker/user/watcher/processing-watcher/graph/graph/$I - Starting...
16:20:45.714 [worker-akka.actor.default-dispatcher-3] INFO  a.a.LocalActorRef akka://worker/user/watcher/processing-watcher/graph/graph/$J - Starting...
16:20:45.714 [worker-akka.actor.default-dispatcher-3] INFO  a.a.LocalActorRef akka://worker/user/watcher/processing-watcher/graph/graph/$K - Starting...
16:20:45.716 [worker-akka.actor.default-dispatcher-3] INFO  a.a.LocalActorRef akka://worker/user/watcher/processing-watcher/graph/graph/$L - Starting...
16:20:45.717 [worker-akka.actor.default-dispatcher-3] INFO  a.a.LocalActorRef akka://worker/user/watcher/processing-watcher/graph/graph/$M - Starting...
16:20:45.718 [worker-akka.actor.default-dispatcher-3] INFO  a.a.LocalActorRef akka://worker/user/watcher/processing-watcher/graph/graph/$N - Starting...
16:20:45.720 [worker-akka.actor.default-dispatcher-3] INFO  a.a.LocalActorRef akka://worker/user/watcher/processing-watcher/graph/graph/$O - Starting...
16:20:45.721 [worker-akka.actor.default-dispatcher-3] INFO  a.a.LocalActorRef akka://worker/user/watcher/processing-watcher/graph/graph/$P - Starting...
16:20:45.722 [worker-akka.actor.default-dispatcher-3] INFO  a.a.LocalActorRef akka://worker/user/watcher/processing-watcher/graph/graph/$Q - Starting...
16:20:45.723 [worker-akka.actor.default-dispatcher-3] INFO  a.a.LocalActorRef akka://worker/user/watcher/processing-watcher/graph/graph/$R - Starting...
16:20:45.725 [worker-akka.actor.default-dispatcher-3] INFO  a.a.LocalActorRef akka://worker/user/watcher/processing-watcher/graph/graph/$S - Starting...
16:20:45.727 [worker-akka.actor.default-dispatcher-3] INFO  a.a.LocalActorRef akka://worker/user/watcher/processing-watcher/graph/graph/$T - Starting...
16:20:45.729 [worker-akka.actor.default-dispatcher-3] INFO  a.a.LocalActorRef akka://worker/user/watcher/processing-watcher/graph/graph/$U - Starting...
16:20:45.731 [worker-akka.actor.default-dispatcher-3] INFO  a.a.LocalActorRef akka://worker/user/watcher/processing-watcher/graph/graph/$V - Starting...
16:20:45.731 [worker-akka.actor.default-dispatcher-3] INFO  a.a.LocalActorRef akka://worker/user/watcher/processing-watcher/graph/graph/$W - Starting...
16:20:45.732 [worker-akka.actor.default-dispatcher-3] INFO  a.a.LocalActorRef akka://worker/user/watcher/processing-watcher/graph/graph/$X - Starting...
16:20:45.733 [worker-akka.actor.default-dispatcher-3] INFO  a.a.LocalActorRef akka://worker/user/watcher/processing-watcher/graph/graph/$Y - Starting...
16:20:45.734 [worker-akka.actor.default-dispatcher-3] INFO  a.a.LocalActorRef akka://worker/user/watcher/processing-watcher/graph/graph/$Z - Starting...
16:20:45.736 [worker-akka.actor.default-dispatcher-3] INFO  a.a.LocalActorRef akka://worker/user/watcher/processing-watcher/graph/graph/$0 - Starting...
16:20:45.737 [worker-akka.actor.default-dispatcher-3] INFO  a.a.LocalActorRef akka://worker/user/watcher/processing-watcher/graph/graph/$1 - Starting...
16:20:45.851 [Client] INFO  c.s.f.r.e.s.SocketFront  - FlameSocketGraphDeployerFront@10.0.0.114 has been disconnected from Connection 4
2019-07-07T16:21:08.220+0000: 37.764: [GC (Allocation Failure) 2019-07-07T16:21:08.220+0000: 37.764: [DefNew: 409600K->14718K(460800K), 0.0948170 secs] 424679K->225110K(1484800K), 0.0948916 secs] [Times: user=0.03 sys=0.06, real=0.09 secs] 
2019-07-07T16:21:32.397+0000: 61.942: [Full GC (Metadata GC Threshold) 2019-07-07T16:21:32.397+0000: 61.942: [Tenured: 210392K->215489K(1024000K), 0.0391962 secs] 298145K->215489K(1484800K), [Metaspace: 34561K->34561K(1079296K)], 0.0392781 secs] [Times: user=0.04 sys=0.00, real=0.04 secs] 
2019-07-07T16:25:06.430+0000: 275.975: [GC (Allocation Failure) 2019-07-07T16:25:06.430+0000: 275.975: [DefNew: 409600K->320K(460800K), 0.0020630 secs] 625089K->215809K(1484800K), 0.0021294 secs] [Times: user=0.01 sys=0.00, real=0.01 secs] 
2019-07-07T16:25:32.976+0000: 302.521: [GC (Allocation Failure) 2019-07-07T16:25:32.976+0000: 302.521: [DefNew: 409920K->96K(460800K), 0.0019130 secs] 625409K->215585K(1484800K), 0.0019778 secs] [Times: user=0.00 sys=0.00, real=0.00 secs] 
2019-07-07T16:25:59.850+0000: 329.395: [GC (Allocation Failure) 2019-07-07T16:25:59.850+0000: 329.395: [DefNew: 409696K->108K(460800K), 0.0018543 secs] 625185K->215597K(1484800K), 0.0019201 secs] [Times: user=0.00 sys=0.00, real=0.01 secs] 
2019-07-07T16:26:27.565+0000: 357.109: [GC (Allocation Failure) 2019-07-07T16:26:27.565+0000: 357.109: [DefNew: 409708K->108K(460800K), 0.0018597 secs] 625197K->215597K(1484800K), 0.0019158 secs] [Times: user=0.00 sys=0.00, real=0.00 secs] 
2019-07-07T16:26:54.692+0000: 384.237: [GC (Allocation Failure) 2019-07-07T16:26:54.692+0000: 384.237: [DefNew: 409708K->104K(460800K), 0.0018717 secs] 625197K->215593K(1484800K), 0.0019371 secs] [Times: user=0.00 sys=0.00, real=0.00 secs] 
2019-07-07T16:27:22.269+0000: 411.814: [GC (Allocation Failure) 2019-07-07T16:27:22.269+0000: 411.814: [DefNew: 409704K->107K(460800K), 0.0018707 secs] 625193K->215596K(1484800K), 0.0019420 secs] [Times: user=0.00 sys=0.00, real=0.01 secs] 
2019-07-07T16:27:49.861+0000: 439.406: [GC (Allocation Failure) 2019-07-07T16:27:49.861+0000: 439.406: [DefNew: 409707K->101K(460800K), 0.0019468 secs] 625196K->215590K(1484800K), 0.0020126 secs] [Times: user=0.00 sys=0.00, real=0.00 secs] 
2019-07-07T16:28:17.588+0000: 467.133: [GC (Allocation Failure) 2019-07-07T16:28:17.588+0000: 467.133: [DefNew: 409701K->108K(460800K), 0.0018610 secs] 625190K->215598K(1484800K), 0.0019240 secs] [Times: user=0.00 sys=0.00, real=0.00 secs] 
2019-07-07T16:28:45.397+0000: 494.942: [GC (Allocation Failure) 2019-07-07T16:28:45.397+0000: 494.942: [DefNew: 409708K->102K(460800K), 0.0018919 secs] 625198K->215592K(1484800K), 0.0019674 secs] [Times: user=0.00 sys=0.00, real=0.01 secs] 
16:29:11.792 [Client] INFO  c.s.f.r.e.s.SocketRear  - FlameSocketGraphDeployerRear@10.0.0.114: has been disconnected from Connection 4
16:29:19.760 [worker-akka.actor.default-dispatcher-6] INFO  a.a.LocalActorRef akka://worker/user/watcher/processing-watcher/$c/$a - Stopped
16:29:19.772 [worker-akka.actor.default-dispatcher-6] INFO  a.a.LocalActorRef akka://worker/user/watcher/processing-watcher/graph/negotiator - Stopped
16:29:19.772 [worker-akka.actor.default-dispatcher-6] INFO  a.a.LocalActorRef akka://worker/user/watcher/processing-watcher/graph/graph/$0 - Stopped
16:29:19.773 [worker-akka.actor.default-dispatcher-6] INFO  a.a.LocalActorRef akka://worker/user/watcher/processing-watcher/graph/graph/$1 - Stopped
16:29:19.773 [worker-akka.actor.default-dispatcher-6] INFO  a.a.LocalActorRef akka://worker/user/watcher/processing-watcher/graph/graph/$A - Stopped
16:29:19.774 [worker-akka.actor.default-dispatcher-6] INFO  a.a.LocalActorRef akka://worker/user/watcher/processing-watcher/graph/graph/$B - Stopped
16:29:19.776 [worker-akka.actor.default-dispatcher-3] INFO  a.a.LocalActorRef akka://worker/user/watcher/processing-watcher/graph/graph/$C - Stopped
16:29:19.777 [worker-akka.actor.default-dispatcher-3] INFO  a.a.LocalActorRef akka://worker/user/watcher/processing-watcher/graph/graph/$D - Stopped
16:29:19.777 [worker-akka.actor.default-dispatcher-3] INFO  a.a.LocalActorRef akka://worker/user/watcher/processing-watcher/graph/graph/$E - Stopped
2019-07-07T16:29:19.779+0000: 529.324: [GC (Allocation Failure) 2019-07-07T16:29:19.779+0000: 529.324: [DefNew: 409702K->306K(460800K), 0.0072576 secs] 625192K->215795K(1484800K), 0.0073113 secs] [Times: user=0.01 sys=0.00, real=0.00 secs] 
16:29:19.777 [worker-akka.actor.default-dispatcher-3] INFO  a.a.LocalActorRef akka://worker/user/watcher/processing-watcher/graph/graph/$F - Stopped
16:29:19.799 [worker-akka.actor.default-dispatcher-3] INFO  a.a.LocalActorRef akka://worker/user/watcher/processing-watcher/graph/graph/$G - Stopped
16:29:19.800 [worker-akka.actor.default-dispatcher-15] INFO  a.a.LocalActorRef akka://worker/user/watcher/processing-watcher/graph/graph/$H - Stopped
16:29:19.801 [worker-akka.actor.default-dispatcher-15] INFO  a.a.LocalActorRef akka://worker/user/watcher/processing-watcher/graph/graph/$I - Stopped
16:29:19.801 [worker-akka.actor.default-dispatcher-15] INFO  a.a.LocalActorRef akka://worker/user/watcher/processing-watcher/graph/graph/$J - Stopped
16:29:19.802 [worker-akka.actor.default-dispatcher-15] INFO  a.a.LocalActorRef akka://worker/user/watcher/processing-watcher/graph/graph/$K - Stopped
16:29:19.802 [worker-akka.actor.default-dispatcher-15] INFO  a.a.LocalActorRef akka://worker/user/watcher/processing-watcher/graph/graph/$L - Stopped
16:29:19.805 [worker-akka.actor.default-dispatcher-7] INFO  a.a.LocalActorRef akka://worker/user/watcher/processing-watcher/graph/graph/$M - Stopped
16:29:19.805 [worker-akka.actor.default-dispatcher-7] INFO  a.a.LocalActorRef akka://worker/user/watcher/processing-watcher/graph/graph/$N - Stopped
16:29:19.805 [worker-akka.actor.default-dispatcher-7] INFO  a.a.LocalActorRef akka://worker/user/watcher/processing-watcher/graph/graph/$O - Stopped
16:29:19.806 [worker-akka.actor.default-dispatcher-7] INFO  a.a.LocalActorRef akka://worker/user/watcher/processing-watcher/graph/graph/$P - Stopped
16:29:19.806 [worker-akka.actor.default-dispatcher-7] INFO  a.a.LocalActorRef akka://worker/user/watcher/processing-watcher/graph/graph/$Q - Stopped
16:29:19.808 [Curator-Framework-0] INFO  o.a.c.f.i.CuratorFrameworkImpl  - backgroundOperationsLoop exiting
16:29:19.808 [worker-akka.actor.default-dispatcher-7] INFO  a.a.LocalActorRef akka://worker/user/watcher/processing-watcher/graph/graph/$R - Stopped
16:29:19.809 [worker-akka.actor.default-dispatcher-7] INFO  a.a.LocalActorRef akka://worker/user/watcher/processing-watcher/graph/graph/$S - Stopped
16:29:19.809 [worker-akka.actor.default-dispatcher-7] INFO  a.a.LocalActorRef akka://worker/user/watcher/processing-watcher/graph/graph/$T - Stopped
16:29:19.809 [worker-akka.actor.default-dispatcher-7] INFO  a.a.LocalActorRef akka://worker/user/watcher/processing-watcher/graph/graph/$U - Stopped
16:29:19.809 [worker-akka.actor.default-dispatcher-7] INFO  a.a.LocalActorRef akka://worker/user/watcher/processing-watcher/graph/graph/$V - Stopped
16:29:19.813 [worker-akka.actor.default-dispatcher-13] INFO  a.a.LocalActorRef akka://worker/user/watcher/processing-watcher/graph/graph/$W - Stopped
16:29:19.813 [worker-akka.actor.default-dispatcher-13] INFO  a.a.LocalActorRef akka://worker/user/watcher/processing-watcher/graph/graph/$X - Stopped
16:29:19.813 [worker-akka.actor.default-dispatcher-13] INFO  a.a.LocalActorRef akka://worker/user/watcher/processing-watcher/graph/graph/$Y - Stopped
16:29:19.813 [worker-akka.actor.default-dispatcher-13] INFO  a.a.LocalActorRef akka://worker/user/watcher/processing-watcher/graph/graph/$Z - Stopped
16:29:19.814 [worker-akka.actor.default-dispatcher-13] INFO  a.a.LocalActorRef akka://worker/user/watcher/processing-watcher/graph/graph/$a - Stopped
16:29:19.814 [worker-akka.actor.default-dispatcher-3] INFO  a.a.LocalActorRef akka://worker/user/watcher/processing-watcher/graph/graph/$b - Stopped
16:29:19.814 [worker-akka.actor.default-dispatcher-3] INFO  a.a.LocalActorRef akka://worker/user/watcher/processing-watcher/graph/graph/$c - Stopped
16:29:19.814 [worker-akka.actor.default-dispatcher-3] INFO  a.a.LocalActorRef akka://worker/user/watcher/processing-watcher/graph/graph/$d - Stopped
16:29:19.814 [worker-akka.actor.default-dispatcher-3] INFO  a.a.LocalActorRef akka://worker/user/watcher/processing-watcher/graph/graph/$e - Stopped
16:29:19.815 [worker-akka.actor.default-dispatcher-3] INFO  a.a.LocalActorRef akka://worker/user/watcher/processing-watcher/graph/graph/$f - Stopped
16:29:19.815 [worker-akka.actor.default-dispatcher-3] INFO  a.a.LocalActorRef akka://worker/user/watcher/processing-watcher/graph/graph/$g - Stopped
16:29:19.815 [worker-akka.actor.default-dispatcher-3] INFO  a.a.LocalActorRef akka://worker/user/watcher/processing-watcher/graph/graph/$h - Stopped
16:29:19.815 [worker-akka.actor.default-dispatcher-3] INFO  a.a.LocalActorRef akka://worker/user/watcher/processing-watcher/graph/graph/$i - Stopped
16:29:19.815 [worker-akka.actor.default-dispatcher-3] INFO  a.a.LocalActorRef akka://worker/user/watcher/processing-watcher/graph/graph/$j - Stopped
16:29:19.815 [worker-akka.actor.default-dispatcher-3] INFO  a.a.LocalActorRef akka://worker/user/watcher/processing-watcher/graph/graph/$k - Stopped
16:29:19.816 [worker-akka.actor.default-dispatcher-14] INFO  a.a.LocalActorRef akka://worker/user/watcher/processing-watcher/graph/graph/$l - Stopped
16:29:19.816 [worker-akka.actor.default-dispatcher-14] INFO  a.a.LocalActorRef akka://worker/user/watcher/processing-watcher/graph/graph/$m - Stopped
16:29:19.816 [worker-akka.actor.default-dispatcher-14] INFO  a.a.LocalActorRef akka://worker/user/watcher/processing-watcher/graph/graph/$n - Stopped
16:29:19.816 [worker-akka.actor.default-dispatcher-14] INFO  a.a.LocalActorRef akka://worker/user/watcher/processing-watcher/graph/graph/$o - Stopped
16:29:19.816 [worker-akka.actor.default-dispatcher-14] INFO  a.a.LocalActorRef akka://worker/user/watcher/processing-watcher/graph/graph/$p - Stopped
16:29:19.817 [worker-akka.actor.default-dispatcher-4] INFO  a.a.LocalActorRef akka://worker/user/watcher/processing-watcher/graph/edge/FlameSocketGraphDeployerFront - Stopped
16:29:19.817 [worker-akka.actor.default-dispatcher-4] INFO  a.a.LocalActorRef akka://worker/user/watcher/processing-watcher/graph/graph/$q - Stopped
16:29:19.817 [worker-akka.actor.default-dispatcher-4] INFO  a.a.LocalActorRef akka://worker/user/watcher/processing-watcher/graph/graph/$r - Stopped
16:29:19.817 [worker-akka.actor.default-dispatcher-4] INFO  a.a.LocalActorRef akka://worker/user/watcher/processing-watcher/graph/graph/$s - Stopped
16:29:19.818 [worker-akka.actor.default-dispatcher-4] INFO  a.a.LocalActorRef akka://worker/user/watcher/processing-watcher/graph/graph/$t - Stopped
16:29:19.818 [worker-akka.actor.default-dispatcher-6] INFO  a.a.LocalActorRef akka://worker/user/watcher/processing-watcher/graph/graph/$u - Stopped
16:29:19.818 [worker-akka.actor.default-dispatcher-6] INFO  a.a.LocalActorRef akka://worker/user/watcher/processing-watcher/graph/graph/$v - Stopped
16:29:19.818 [worker-akka.actor.default-dispatcher-6] INFO  a.a.LocalActorRef akka://worker/user/watcher/processing-watcher/graph/graph/$w - Stopped
16:29:19.818 [worker-akka.actor.default-dispatcher-6] INFO  a.a.LocalActorRef akka://worker/user/watcher/processing-watcher/graph/graph/$x - Stopped
16:29:19.819 [worker-akka.actor.default-dispatcher-6] INFO  a.a.LocalActorRef akka://worker/user/watcher/processing-watcher/graph/graph/$y - Stopped
16:29:19.820 [worker-akka.actor.default-dispatcher-6] INFO  a.a.LocalActorRef akka://worker/user/watcher/processing-watcher/graph/graph/$z - Stopped
16:29:19.820 [worker-akka.actor.default-dispatcher-6] INFO  a.a.LocalActorRef akka://worker/user/watcher/processing-watcher/graph/graph - Stopped
16:29:19.820 [worker-akka.actor.default-dispatcher-6] INFO  a.a.LocalActorRef akka://worker/user/watcher/processing-watcher/$c/$a - Message [com.spbsu.flamestream.runtime.utils.akka.PingActor$InnerPing] from Actor[akka://worker/user/watcher/processing-watcher/$c/$a#801601675] to Actor[akka://worker/user/watcher/processing-watcher/$c/$a#801601675] was not delivered. [1] dead letters encountered. If this is not an expected behavior, then [Actor[akka://worker/user/watcher/processing-watcher/$c/$a#801601675]] may have terminated unexpectedly, This logging can be turned off or adjusted with configuration settings 'akka.log-dead-letters' and 'akka.log-dead-letters-during-shutdown'.
16:29:19.820 [worker-akka.actor.default-dispatcher-6] INFO  a.a.LocalActorRef akka://worker/user/watcher/processing-watcher/graph/edge/FlameSocketGraphDeployerRear - Stopped
16:29:19.820 [worker-akka.actor.default-dispatcher-6] INFO  a.a.LocalActorRef akka://worker/user/watcher/processing-watcher/graph/edge - Stopped
16:29:19.821 [worker-akka.actor.default-dispatcher-13] INFO  a.a.LocalActorRef akka://worker/user/watcher/processing-watcher/graph - Stopped
16:29:19.821 [worker-akka.actor.default-dispatcher-13] INFO  a.a.LocalActorRef akka://worker/user/watcher/processing-watcher/$c - Stopped
16:29:19.821 [worker-akka.actor.default-dispatcher-13] INFO  a.a.LocalActorRef akka://worker/user/watcher/processing-watcher/$c/$a - Message [com.spbsu.flamestream.runtime.utils.akka.PingActor$Stop] from Actor[akka://worker/user/watcher/processing-watcher/$c#237325163] to Actor[akka://worker/user/watcher/processing-watcher/$c/$a#801601675] was not delivered. [2] dead letters encountered. If this is not an expected behavior, then [Actor[akka://worker/user/watcher/processing-watcher/$c/$a#801601675]] may have terminated unexpectedly, This logging can be turned off or adjusted with configuration settings 'akka.log-dead-letters' and 'akka.log-dead-letters-during-shutdown'.
16:29:19.821 [worker-akka.actor.default-dispatcher-13] INFO  a.a.LocalActorRef akka://worker/user/watcher/processing-watcher - Stopped
16:29:19.821 [worker-akka.actor.default-dispatcher-7-EventThread] INFO  o.a.z.ClientCnxn  - EventThread shut down for session: 0x1000f3813730003
16:29:19.822 [worker-akka.actor.default-dispatcher-11] INFO  o.a.z.ZooKeeper  - Session: 0x1000f3813730003 closed
16:29:19.822 [worker-akka.actor.default-dispatcher-14] INFO  a.a.RepointableActorRef akka://worker/user/watcher - Stopped
16:29:19.828 [Curator-PathChildrenCache-0] ERROR o.a.c.f.r.c.PathChildrenCache  - 
java.lang.IllegalStateException: instance must be started before calling this method
	at org.apache.curator.shaded.com.google.common.base.Preconditions.checkState(Preconditions.java:444)
	at org.apache.curator.framework.imps.CuratorFrameworkImpl.getChildren(CuratorFrameworkImpl.java:456)
	at org.apache.curator.framework.recipes.cache.PathChildrenCache.refresh(PathChildrenCache.java:521)
	at org.apache.curator.framework.recipes.cache.RefreshOperation.invoke(RefreshOperation.java:35)
	at org.apache.curator.framework.recipes.cache.PathChildrenCache$9.run(PathChildrenCache.java:786)
	at java.util.concurrent.Executors$RunnableAdapter.call(Executors.java:511)
	at java.util.concurrent.FutureTask.run(FutureTask.java:266)
	at java.util.concurrent.Executors$RunnableAdapter.call(Executors.java:511)
	at java.util.concurrent.FutureTask.run(FutureTask.java:266)
	at java.util.concurrent.ThreadPoolExecutor.runWorker(ThreadPoolExecutor.java:1149)
	at java.util.concurrent.ThreadPoolExecutor$Worker.run(ThreadPoolExecutor.java:624)
	at java.lang.Thread.run(Thread.java:748)
16:29:19.843 [worker-akka.actor.default-dispatcher-17] INFO  a.r.RemoteActorRefProvider$RemotingTerminator akka://worker@10.0.0.114:5412/system/remoting-terminator - Shutting down remote daemon.
16:29:19.843 [worker-akka.actor.default-dispatcher-17] INFO  a.r.RemoteActorRefProvider$RemotingTerminator akka://worker@10.0.0.114:5412/system/remoting-terminator - Remote daemon shut down; proceeding with flushing remote transports.
16:29:20.030 [worker-akka.actor.default-dispatcher-14] INFO  a.r.RemoteActorRefProvider$RemotingTerminator akka://worker@10.0.0.114:5412/system/remoting-terminator - Remoting shut down.
Heap
 def new generation   total 460800K, used 33917K [0x00000000a2400000, 0x00000000c1800000, 0x00000000c1800000)
  eden space 409600K,   8% used [0x00000000a2400000, 0x00000000a44d2a60, 0x00000000bb400000)
  from space 51200K,   0% used [0x00000000be600000, 0x00000000be64ca50, 0x00000000c1800000)
  to   space 51200K,   0% used [0x00000000bb400000, 0x00000000bb400000, 0x00000000be600000)
 tenured generation   total 1024000K, used 215489K [0x00000000c1800000, 0x0000000100000000, 0x0000000100000000)
   the space 1024000K,  21% used [0x00000000c1800000, 0x00000000cea70490, 0x00000000cea70600, 0x0000000100000000)
 Metaspace       used 36019K, capacity 36852K, committed 37120K, reserved 1081344K
  class space    used 4836K, capacity 5024K, committed 5120K, reserved 1048576K
