07:42:22,733 |-INFO in ch.qos.logback.classic.LoggerContext[default] - Could NOT find resource [logback-test.xml]
07:42:22,733 |-INFO in ch.qos.logback.classic.LoggerContext[default] - Could NOT find resource [logback.groovy]
07:42:22,733 |-INFO in ch.qos.logback.classic.LoggerContext[default] - Found resource [logback.xml] at [jar:file:/root/flamestream/lib/flamestream-runtime-1.0-SNAPSHOT.jar!/logback.xml]
07:42:22,734 |-WARN in ch.qos.logback.classic.LoggerContext[default] - Resource [logback.xml] occurs multiple times on the classpath.
07:42:22,734 |-WARN in ch.qos.logback.classic.LoggerContext[default] - Resource [logback.xml] occurs at [jar:file:/root/flamestream/lib/flamestream-runtime-1.0-SNAPSHOT.jar!/logback.xml]
07:42:22,734 |-WARN in ch.qos.logback.classic.LoggerContext[default] - Resource [logback.xml] occurs at [jar:file:/root/flamestream/flamestream-runtime-1.0-SNAPSHOT.jar!/logback.xml]
07:42:22,757 |-INFO in ch.qos.logback.core.joran.spi.ConfigurationWatchList@3fb6a447 - URL [jar:file:/root/flamestream/lib/flamestream-runtime-1.0-SNAPSHOT.jar!/logback.xml] is not of type file
07:42:22,831 |-INFO in ch.qos.logback.classic.joran.action.ConfigurationAction - debug attribute not set
07:42:22,831 |-INFO in ch.qos.logback.core.joran.action.AppenderAction - About to instantiate appender of type [ch.qos.logback.core.ConsoleAppender]
07:42:22,841 |-INFO in ch.qos.logback.core.joran.action.AppenderAction - Naming appender as [STDOUT]
07:42:22,861 |-INFO in ch.qos.logback.core.joran.action.NestedComplexPropertyIA - Assuming default type [ch.qos.logback.classic.encoder.PatternLayoutEncoder] for [encoder] property
07:42:22,950 |-INFO in ch.qos.logback.core.joran.action.AppenderAction - About to instantiate appender of type [ch.qos.logback.core.rolling.RollingFileAppender]
07:42:22,955 |-INFO in ch.qos.logback.core.joran.action.AppenderAction - Naming appender as [FILE]
07:42:22,987 |-INFO in c.q.l.core.rolling.TimeBasedRollingPolicy@127618319 - No compression will be used
07:42:22,988 |-INFO in c.q.l.core.rolling.TimeBasedRollingPolicy@127618319 - Will use the pattern /tmp/application_%d{yyyy-MM-dd}.%i.log for the active file
07:42:22,991 |-INFO in ch.qos.logback.core.rolling.SizeAndTimeBasedFNATP@6b2fad11 - The date pattern is 'yyyy-MM-dd' from file name pattern '/tmp/application_%d{yyyy-MM-dd}.%i.log'.
07:42:22,991 |-INFO in ch.qos.logback.core.rolling.SizeAndTimeBasedFNATP@6b2fad11 - Roll-over at midnight.
07:42:22,996 |-INFO in ch.qos.logback.core.rolling.SizeAndTimeBasedFNATP@6b2fad11 - Setting initial period to Tue Jun 11 07:41:02 UTC 2019
07:42:22,996 |-WARN in ch.qos.logback.core.rolling.SizeAndTimeBasedFNATP@6b2fad11 - SizeAndTimeBasedFNATP is deprecated. Use SizeAndTimeBasedRollingPolicy instead
07:42:22,996 |-WARN in ch.qos.logback.core.rolling.SizeAndTimeBasedFNATP@6b2fad11 - For more information see http://logback.qos.ch/manual/appenders.html#SizeAndTimeBasedRollingPolicy
07:42:23,000 |-INFO in ch.qos.logback.core.joran.action.NestedComplexPropertyIA - Assuming default type [ch.qos.logback.classic.encoder.PatternLayoutEncoder] for [encoder] property
07:42:23,005 |-INFO in ch.qos.logback.core.rolling.RollingFileAppender[FILE] - Active log file name: /tmp/application.log
07:42:23,005 |-INFO in ch.qos.logback.core.rolling.RollingFileAppender[FILE] - File property is set to [/tmp/application.log]
07:42:23,006 |-INFO in ch.qos.logback.classic.joran.action.RootLoggerAction - Setting level of ROOT logger to WARN
07:42:23,006 |-INFO in ch.qos.logback.core.joran.action.AppenderRefAction - Attaching appender named [STDOUT] to Logger[ROOT]
07:42:23,006 |-INFO in ch.qos.logback.core.joran.action.AppenderRefAction - Attaching appender named [FILE] to Logger[ROOT]
07:42:23,006 |-INFO in ch.qos.logback.classic.joran.action.ConfigurationAction - End of configuration.
07:42:23,007 |-INFO in ch.qos.logback.classic.joran.JoranConfigurator@79698539 - Registering current configuration as safe fallback point

Ama winner
Ama winner
2019-06-11T07:42:24.292+0000: 1.741: [Full GC (Metadata GC Threshold) 2019-06-11T07:42:24.292+0000: 1.741: [Tenured: 0K->15176K(341376K), 0.0345870 secs] 114923K->15176K(494976K), [Metaspace: 20732K->20732K(1067008K)], 0.0346639 secs] [Times: user=0.03 sys=0.00, real=0.04 secs] 
07:42:36.102 [Curator-PathChildrenCache-1] WARN  o.a.c.u.ZKPaths  - The version of ZooKeeper being used doesn't support Container nodes. CreateMode.PERSISTENT will be used instead.
2019-06-11T07:42:38.500+0000: 15.950: [GC (Allocation Failure) 2019-06-11T07:42:38.500+0000: 15.950: [DefNew: 136576K->17023K(153600K), 0.0250443 secs] 151752K->52356K(494976K), 0.0251216 secs] [Times: user=0.02 sys=0.01, real=0.02 secs] 
2019-06-11T07:42:44.848+0000: 22.297: [Full GC (Metadata GC Threshold) 2019-06-11T07:42:44.848+0000: 22.297: [Tenured: 35332K->43692K(341376K), 0.0600370 secs] 185461K->43692K(494976K), [Metaspace: 34626K->34626K(1079296K)], 0.0601071 secs] [Times: user=0.06 sys=0.00, real=0.06 secs] 
2019-06-11T07:42:51.538+0000: 28.988: [GC (Allocation Failure) 2019-06-11T07:42:51.538+0000: 28.988: [DefNew: 136576K->49K(153600K), 0.0017377 secs] 180268K->43742K(494976K), 0.0017957 secs] [Times: user=0.00 sys=0.00, real=0.00 secs] 
2019-06-11T07:42:58.171+0000: 35.621: [GC (Allocation Failure) 2019-06-11T07:42:58.171+0000: 35.621: [DefNew: 136625K->49K(153600K), 0.0016111 secs] 180318K->43742K(494976K), 0.0016707 secs] [Times: user=0.00 sys=0.00, real=0.00 secs] 
2019-06-11T07:43:04.927+0000: 42.376: [GC (Allocation Failure) 2019-06-11T07:43:04.927+0000: 42.377: [DefNew: 136625K->58K(153600K), 0.0016436 secs] 180318K->43751K(494976K), 0.0017029 secs] [Times: user=0.00 sys=0.00, real=0.00 secs] 
2019-06-11T07:43:11.698+0000: 49.147: [GC (Allocation Failure) 2019-06-11T07:43:11.698+0000: 49.147: [DefNew: 136634K->58K(153600K), 0.0016558 secs] 180327K->43751K(494976K), 0.0017164 secs] [Times: user=0.00 sys=0.00, real=0.00 secs] 
07:43:24.245 [Curator-PathChildrenCache-0] ERROR o.a.c.f.r.c.PathChildrenCache  - 
java.lang.IllegalStateException: instance must be started before calling this method
	at org.apache.curator.shaded.com.google.common.base.Preconditions.checkState(Preconditions.java:444)
	at org.apache.curator.framework.imps.CuratorFrameworkImpl.getChildren(CuratorFrameworkImpl.java:456)
	at org.apache.curator.framework.recipes.cache.PathChildrenCache.refresh(PathChildrenCache.java:521)
	at org.apache.curator.framework.recipes.cache.RefreshOperation.invoke(RefreshOperation.java:35)
	at org.apache.curator.framework.recipes.cache.PathChildrenCache$9.run(PathChildrenCache.java:786)
	at java.util.concurrent.Executors$RunnableAdapter.call(Executors.java:511)
	at java.util.concurrent.FutureTask.run(FutureTask.java:266)
	at java.util.concurrent.Executors$RunnableAdapter.call(Executors.java:511)
	at java.util.concurrent.FutureTask.run(FutureTask.java:266)
	at java.util.concurrent.ThreadPoolExecutor.runWorker(ThreadPoolExecutor.java:1149)
	at java.util.concurrent.ThreadPoolExecutor$Worker.run(ThreadPoolExecutor.java:624)
	at java.lang.Thread.run(Thread.java:748)
Heap
 def new generation   total 153600K, used 127789K [0x00000000e0c00000, 0x00000000eb2a0000, 0x00000000eb2a0000)
  eden space 136576K,  93% used [0x00000000e0c00000, 0x00000000e88bc960, 0x00000000e9160000)
  from space 17024K,   0% used [0x00000000ea200000, 0x00000000ea20eae8, 0x00000000eb2a0000)
  to   space 17024K,   0% used [0x00000000e9160000, 0x00000000e9160000, 0x00000000ea200000)
 tenured generation   total 341376K, used 43692K [0x00000000eb2a0000, 0x0000000100000000, 0x0000000100000000)
   the space 341376K,  12% used [0x00000000eb2a0000, 0x00000000edd4b310, 0x00000000edd4b400, 0x0000000100000000)
 Metaspace       used 35975K, capacity 36878K, committed 37120K, reserved 1081344K
  class space    used 4867K, capacity 5087K, committed 5120K, reserved 1048576K
