07:51:48,180 |-INFO in ch.qos.logback.classic.LoggerContext[default] - Could NOT find resource [logback-test.xml]
07:51:48,180 |-INFO in ch.qos.logback.classic.LoggerContext[default] - Could NOT find resource [logback.groovy]
07:51:48,180 |-INFO in ch.qos.logback.classic.LoggerContext[default] - Found resource [logback.xml] at [jar:file:/root/flamestream/lib/flamestream-runtime-1.0-SNAPSHOT.jar!/logback.xml]
07:51:48,180 |-WARN in ch.qos.logback.classic.LoggerContext[default] - Resource [logback.xml] occurs multiple times on the classpath.
07:51:48,181 |-WARN in ch.qos.logback.classic.LoggerContext[default] - Resource [logback.xml] occurs at [jar:file:/root/flamestream/lib/flamestream-runtime-1.0-SNAPSHOT.jar!/logback.xml]
07:51:48,181 |-WARN in ch.qos.logback.classic.LoggerContext[default] - Resource [logback.xml] occurs at [jar:file:/root/flamestream/flamestream-runtime-1.0-SNAPSHOT.jar!/logback.xml]
07:51:48,204 |-INFO in ch.qos.logback.core.joran.spi.ConfigurationWatchList@3fb6a447 - URL [jar:file:/root/flamestream/lib/flamestream-runtime-1.0-SNAPSHOT.jar!/logback.xml] is not of type file
07:51:48,271 |-INFO in ch.qos.logback.classic.joran.action.ConfigurationAction - debug attribute not set
07:51:48,272 |-INFO in ch.qos.logback.core.joran.action.AppenderAction - About to instantiate appender of type [ch.qos.logback.core.ConsoleAppender]
07:51:48,288 |-INFO in ch.qos.logback.core.joran.action.AppenderAction - Naming appender as [STDOUT]
07:51:48,302 |-INFO in ch.qos.logback.core.joran.action.NestedComplexPropertyIA - Assuming default type [ch.qos.logback.classic.encoder.PatternLayoutEncoder] for [encoder] property
07:51:48,407 |-INFO in ch.qos.logback.core.joran.action.AppenderAction - About to instantiate appender of type [ch.qos.logback.core.rolling.RollingFileAppender]
07:51:48,411 |-INFO in ch.qos.logback.core.joran.action.AppenderAction - Naming appender as [FILE]
07:51:48,449 |-INFO in c.q.l.core.rolling.TimeBasedRollingPolicy@127618319 - No compression will be used
07:51:48,450 |-INFO in c.q.l.core.rolling.TimeBasedRollingPolicy@127618319 - Will use the pattern /tmp/application_%d{yyyy-MM-dd}.%i.log for the active file
07:51:48,453 |-INFO in ch.qos.logback.core.rolling.SizeAndTimeBasedFNATP@6b2fad11 - The date pattern is 'yyyy-MM-dd' from file name pattern '/tmp/application_%d{yyyy-MM-dd}.%i.log'.
07:51:48,453 |-INFO in ch.qos.logback.core.rolling.SizeAndTimeBasedFNATP@6b2fad11 - Roll-over at midnight.
07:51:48,458 |-INFO in ch.qos.logback.core.rolling.SizeAndTimeBasedFNATP@6b2fad11 - Setting initial period to Tue Jun 11 07:50:22 UTC 2019
07:51:48,458 |-WARN in ch.qos.logback.core.rolling.SizeAndTimeBasedFNATP@6b2fad11 - SizeAndTimeBasedFNATP is deprecated. Use SizeAndTimeBasedRollingPolicy instead
07:51:48,458 |-WARN in ch.qos.logback.core.rolling.SizeAndTimeBasedFNATP@6b2fad11 - For more information see http://logback.qos.ch/manual/appenders.html#SizeAndTimeBasedRollingPolicy
07:51:48,462 |-INFO in ch.qos.logback.core.joran.action.NestedComplexPropertyIA - Assuming default type [ch.qos.logback.classic.encoder.PatternLayoutEncoder] for [encoder] property
07:51:48,467 |-INFO in ch.qos.logback.core.rolling.RollingFileAppender[FILE] - Active log file name: /tmp/application.log
07:51:48,467 |-INFO in ch.qos.logback.core.rolling.RollingFileAppender[FILE] - File property is set to [/tmp/application.log]
07:51:48,468 |-INFO in ch.qos.logback.classic.joran.action.RootLoggerAction - Setting level of ROOT logger to WARN
07:51:48,468 |-INFO in ch.qos.logback.core.joran.action.AppenderRefAction - Attaching appender named [STDOUT] to Logger[ROOT]
07:51:48,470 |-INFO in ch.qos.logback.core.joran.action.AppenderRefAction - Attaching appender named [FILE] to Logger[ROOT]
07:51:48,470 |-INFO in ch.qos.logback.classic.joran.action.ConfigurationAction - End of configuration.
07:51:48,470 |-INFO in ch.qos.logback.classic.joran.JoranConfigurator@79698539 - Registering current configuration as safe fallback point

Ama winner
Ama winner
2019-06-11T07:51:49.728+0000: 1.731: [Full GC (Metadata GC Threshold) 2019-06-11T07:51:49.728+0000: 1.731: [Tenured: 0K->15176K(341376K), 0.0362370 secs] 117751K->15176K(494976K), [Metaspace: 20732K->20732K(1067008K)], 0.0363083 secs] [Times: user=0.03 sys=0.00, real=0.03 secs] 
07:52:08.321 [Curator-PathChildrenCache-1] WARN  o.a.c.u.ZKPaths  - The version of ZooKeeper being used doesn't support Container nodes. CreateMode.PERSISTENT will be used instead.
2019-06-11T07:52:10.462+0000: 22.464: [GC (Allocation Failure) 2019-06-11T07:52:10.462+0000: 22.464: [DefNew: 136576K->17023K(153600K), 0.0303744 secs] 151752K->52374K(494976K), 0.0304487 secs] [Times: user=0.02 sys=0.01, real=0.03 secs] 
2019-06-11T07:52:12.716+0000: 24.719: [Full GC (Metadata GC Threshold) 2019-06-11T07:52:12.716+0000: 24.719: [Tenured: 35350K->43973K(341376K), 0.0538407 secs] 129611K->43973K(494976K), [Metaspace: 34605K->34605K(1079296K)], 0.0539150 secs] [Times: user=0.05 sys=0.01, real=0.06 secs] 
2019-06-11T07:52:15.506+0000: 27.508: [GC (Allocation Failure) 2019-06-11T07:52:15.506+0000: 27.508: [DefNew: 136576K->65K(153600K), 0.0018873 secs] 180549K->44039K(494976K), 0.0019433 secs] [Times: user=0.00 sys=0.00, real=0.00 secs] 
2019-06-11T07:52:18.252+0000: 30.255: [GC (Allocation Failure) 2019-06-11T07:52:18.252+0000: 30.255: [DefNew: 136641K->91K(153600K), 0.0017490 secs] 180615K->44064K(494976K), 0.0018019 secs] [Times: user=0.00 sys=0.00, real=0.00 secs] 
2019-06-11T07:52:20.993+0000: 32.995: [GC (Allocation Failure) 2019-06-11T07:52:20.993+0000: 32.995: [DefNew: 136667K->95K(153600K), 0.0017815 secs] 180640K->44069K(494976K), 0.0018494 secs] [Times: user=0.00 sys=0.00, real=0.00 secs] 
2019-06-11T07:52:28.996+0000: 40.999: [GC (Allocation Failure) 2019-06-11T07:52:28.996+0000: 40.999: [DefNew: 136671K->61K(153600K), 0.0017208 secs] 180645K->44034K(494976K), 0.0017796 secs] [Times: user=0.00 sys=0.00, real=0.01 secs] 
07:52:31.521 [Curator-PathChildrenCache-0] ERROR o.a.c.f.r.c.PathChildrenCache  - 
java.lang.IllegalStateException: instance must be started before calling this method
	at org.apache.curator.shaded.com.google.common.base.Preconditions.checkState(Preconditions.java:444)
	at org.apache.curator.framework.imps.CuratorFrameworkImpl.getChildren(CuratorFrameworkImpl.java:456)
	at org.apache.curator.framework.recipes.cache.PathChildrenCache.refresh(PathChildrenCache.java:521)
	at org.apache.curator.framework.recipes.cache.RefreshOperation.invoke(RefreshOperation.java:35)
	at org.apache.curator.framework.recipes.cache.PathChildrenCache$9.run(PathChildrenCache.java:786)
	at java.util.concurrent.Executors$RunnableAdapter.call(Executors.java:511)
	at java.util.concurrent.FutureTask.run(FutureTask.java:266)
	at java.util.concurrent.Executors$RunnableAdapter.call(Executors.java:511)
	at java.util.concurrent.FutureTask.run(FutureTask.java:266)
	at java.util.concurrent.ThreadPoolExecutor.runWorker(ThreadPoolExecutor.java:1149)
	at java.util.concurrent.ThreadPoolExecutor$Worker.run(ThreadPoolExecutor.java:624)
	at java.lang.Thread.run(Thread.java:748)
Heap
 def new generation   total 153600K, used 39468K [0x00000000e0c00000, 0x00000000eb2a0000, 0x00000000eb2a0000)
  eden space 136576K,  28% used [0x00000000e0c00000, 0x00000000e327bf20, 0x00000000e9160000)
  from space 17024K,   0% used [0x00000000ea200000, 0x00000000ea20f4b8, 0x00000000eb2a0000)
  to   space 17024K,   0% used [0x00000000e9160000, 0x00000000e9160000, 0x00000000ea200000)
 tenured generation   total 341376K, used 43973K [0x00000000eb2a0000, 0x0000000100000000, 0x0000000100000000)
   the space 341376K,  12% used [0x00000000eb2a0000, 0x00000000edd916b8, 0x00000000edd91800, 0x0000000100000000)
 Metaspace       used 35818K, capacity 36742K, committed 37120K, reserved 1081344K
  class space    used 4814K, capacity 5011K, committed 5120K, reserved 1048576K
