05:15:21,990 |-INFO in ch.qos.logback.classic.LoggerContext[default] - Could NOT find resource [logback-test.xml]
05:15:21,990 |-INFO in ch.qos.logback.classic.LoggerContext[default] - Could NOT find resource [logback.groovy]
05:15:21,990 |-INFO in ch.qos.logback.classic.LoggerContext[default] - Found resource [logback.xml] at [jar:file:/root/flamestream/lib/flamestream-runtime-1.0-SNAPSHOT.jar!/logback.xml]
05:15:21,991 |-WARN in ch.qos.logback.classic.LoggerContext[default] - Resource [logback.xml] occurs multiple times on the classpath.
05:15:21,991 |-WARN in ch.qos.logback.classic.LoggerContext[default] - Resource [logback.xml] occurs at [jar:file:/root/flamestream/lib/flamestream-runtime-1.0-SNAPSHOT.jar!/logback.xml]
05:15:21,991 |-WARN in ch.qos.logback.classic.LoggerContext[default] - Resource [logback.xml] occurs at [jar:file:/root/flamestream/flamestream-runtime-1.0-SNAPSHOT.jar!/logback.xml]
05:15:22,011 |-INFO in ch.qos.logback.core.joran.spi.ConfigurationWatchList@3fb6a447 - URL [jar:file:/root/flamestream/lib/flamestream-runtime-1.0-SNAPSHOT.jar!/logback.xml] is not of type file
05:15:22,077 |-INFO in ch.qos.logback.classic.joran.action.ConfigurationAction - debug attribute not set
05:15:22,078 |-INFO in ch.qos.logback.core.joran.action.AppenderAction - About to instantiate appender of type [ch.qos.logback.core.ConsoleAppender]
05:15:22,092 |-INFO in ch.qos.logback.core.joran.action.AppenderAction - Naming appender as [STDOUT]
05:15:22,110 |-INFO in ch.qos.logback.core.joran.action.NestedComplexPropertyIA - Assuming default type [ch.qos.logback.classic.encoder.PatternLayoutEncoder] for [encoder] property
05:15:22,201 |-INFO in ch.qos.logback.core.joran.action.AppenderAction - About to instantiate appender of type [ch.qos.logback.core.rolling.RollingFileAppender]
05:15:22,205 |-INFO in ch.qos.logback.core.joran.action.AppenderAction - Naming appender as [FILE]
05:15:22,242 |-INFO in c.q.l.core.rolling.TimeBasedRollingPolicy@127618319 - No compression will be used
05:15:22,243 |-INFO in c.q.l.core.rolling.TimeBasedRollingPolicy@127618319 - Will use the pattern /tmp/application_%d{yyyy-MM-dd}.%i.log for the active file
05:15:22,246 |-INFO in ch.qos.logback.core.rolling.SizeAndTimeBasedFNATP@6b2fad11 - The date pattern is 'yyyy-MM-dd' from file name pattern '/tmp/application_%d{yyyy-MM-dd}.%i.log'.
05:15:22,246 |-INFO in ch.qos.logback.core.rolling.SizeAndTimeBasedFNATP@6b2fad11 - Roll-over at midnight.
05:15:22,251 |-INFO in ch.qos.logback.core.rolling.SizeAndTimeBasedFNATP@6b2fad11 - Setting initial period to Tue Jun 11 05:13:51 UTC 2019
05:15:22,251 |-WARN in ch.qos.logback.core.rolling.SizeAndTimeBasedFNATP@6b2fad11 - SizeAndTimeBasedFNATP is deprecated. Use SizeAndTimeBasedRollingPolicy instead
05:15:22,251 |-WARN in ch.qos.logback.core.rolling.SizeAndTimeBasedFNATP@6b2fad11 - For more information see http://logback.qos.ch/manual/appenders.html#SizeAndTimeBasedRollingPolicy
05:15:22,255 |-INFO in ch.qos.logback.core.joran.action.NestedComplexPropertyIA - Assuming default type [ch.qos.logback.classic.encoder.PatternLayoutEncoder] for [encoder] property
05:15:22,260 |-INFO in ch.qos.logback.core.rolling.RollingFileAppender[FILE] - Active log file name: /tmp/application.log
05:15:22,260 |-INFO in ch.qos.logback.core.rolling.RollingFileAppender[FILE] - File property is set to [/tmp/application.log]
05:15:22,261 |-INFO in ch.qos.logback.classic.joran.action.RootLoggerAction - Setting level of ROOT logger to WARN
05:15:22,261 |-INFO in ch.qos.logback.core.joran.action.AppenderRefAction - Attaching appender named [STDOUT] to Logger[ROOT]
05:15:22,263 |-INFO in ch.qos.logback.core.joran.action.AppenderRefAction - Attaching appender named [FILE] to Logger[ROOT]
05:15:22,263 |-INFO in ch.qos.logback.classic.joran.action.ConfigurationAction - End of configuration.
05:15:22,263 |-INFO in ch.qos.logback.classic.joran.JoranConfigurator@79698539 - Registering current configuration as safe fallback point

Ama winner
Ama winner
2019-06-11T05:15:23.542+0000: 1.745: [Full GC (Metadata GC Threshold) 2019-06-11T05:15:23.542+0000: 1.745: [Tenured: 0K->15207K(341376K), 0.0391797 secs] 114923K->15207K(494976K), [Metaspace: 20731K->20731K(1067008K)], 0.0392479 secs] [Times: user=0.03 sys=0.01, real=0.04 secs] 
05:15:44.654 [Curator-PathChildrenCache-1] WARN  o.a.c.u.ZKPaths  - The version of ZooKeeper being used doesn't support Container nodes. CreateMode.PERSISTENT will be used instead.
2019-06-11T05:15:46.916+0000: 25.118: [GC (Allocation Failure) 2019-06-11T05:15:46.916+0000: 25.118: [DefNew: 136576K->17023K(153600K), 0.0279982 secs] 151783K->52535K(494976K), 0.0280698 secs] [Times: user=0.02 sys=0.01, real=0.03 secs] 
2019-06-11T05:15:50.717+0000: 28.919: [GC (Allocation Failure) 2019-06-11T05:15:50.717+0000: 28.919: [DefNew: 153599K->229K(153600K), 0.0099652 secs] 189111K->43937K(494976K), 0.0100304 secs] [Times: user=0.01 sys=0.00, real=0.01 secs] 
2019-06-11T05:15:53.341+0000: 31.543: [Full GC (Metadata GC Threshold) 2019-06-11T05:15:53.341+0000: 31.543: [Tenured: 43707K->43931K(341376K), 0.0541719 secs] 157216K->43931K(494976K), [Metaspace: 34611K->34611K(1079296K)], 0.0542571 secs] [Times: user=0.05 sys=0.00, real=0.05 secs] 
2019-06-11T05:15:56.533+0000: 34.735: [GC (Allocation Failure) 2019-06-11T05:15:56.533+0000: 34.735: [DefNew: 136576K->47K(153600K), 0.0016455 secs] 180507K->43978K(494976K), 0.0017066 secs] [Times: user=0.01 sys=0.00, real=0.00 secs] 
2019-06-11T05:15:59.664+0000: 37.866: [GC (Allocation Failure) 2019-06-11T05:15:59.664+0000: 37.866: [DefNew: 136623K->50K(153600K), 0.0016569 secs] 180554K->43981K(494976K), 0.0017196 secs] [Times: user=0.00 sys=0.01, real=0.00 secs] 
05:16:05.758 [Curator-PathChildrenCache-0] ERROR o.a.c.f.r.c.PathChildrenCache  - 
java.lang.IllegalStateException: instance must be started before calling this method
	at org.apache.curator.shaded.com.google.common.base.Preconditions.checkState(Preconditions.java:444)
	at org.apache.curator.framework.imps.CuratorFrameworkImpl.getChildren(CuratorFrameworkImpl.java:456)
	at org.apache.curator.framework.recipes.cache.PathChildrenCache.refresh(PathChildrenCache.java:521)
	at org.apache.curator.framework.recipes.cache.RefreshOperation.invoke(RefreshOperation.java:35)
	at org.apache.curator.framework.recipes.cache.PathChildrenCache$9.run(PathChildrenCache.java:786)
	at java.util.concurrent.Executors$RunnableAdapter.call(Executors.java:511)
	at java.util.concurrent.FutureTask.run(FutureTask.java:266)
	at java.util.concurrent.Executors$RunnableAdapter.call(Executors.java:511)
	at java.util.concurrent.FutureTask.run(FutureTask.java:266)
	at java.util.concurrent.ThreadPoolExecutor.runWorker(ThreadPoolExecutor.java:1149)
	at java.util.concurrent.ThreadPoolExecutor$Worker.run(ThreadPoolExecutor.java:624)
	at java.lang.Thread.run(Thread.java:748)
Heap
 def new generation   total 153600K, used 56396K [0x00000000e0c00000, 0x00000000eb2a0000, 0x00000000eb2a0000)
  eden space 136576K,  41% used [0x00000000e0c00000, 0x00000000e43067b8, 0x00000000e9160000)
  from space 17024K,   0% used [0x00000000e9160000, 0x00000000e916c940, 0x00000000ea200000)
  to   space 17024K,   0% used [0x00000000ea200000, 0x00000000ea200000, 0x00000000eb2a0000)
 tenured generation   total 341376K, used 43931K [0x00000000eb2a0000, 0x0000000100000000, 0x0000000100000000)
   the space 341376K,  12% used [0x00000000eb2a0000, 0x00000000edd86c00, 0x00000000edd86c00, 0x0000000100000000)
 Metaspace       used 35538K, capacity 36416K, committed 36608K, reserved 1081344K
  class space    used 4811K, capacity 5010K, committed 5120K, reserved 1048576K
