18:55:27,578 |-INFO in ch.qos.logback.classic.LoggerContext[default] - Could NOT find resource [logback-test.xml]
18:55:27,578 |-INFO in ch.qos.logback.classic.LoggerContext[default] - Could NOT find resource [logback.groovy]
18:55:27,578 |-INFO in ch.qos.logback.classic.LoggerContext[default] - Found resource [logback.xml] at [jar:file:/root/flamestream/lib/flamestream-runtime-1.0-SNAPSHOT.jar!/logback.xml]
18:55:27,583 |-WARN in ch.qos.logback.classic.LoggerContext[default] - Resource [logback.xml] occurs multiple times on the classpath.
18:55:27,583 |-WARN in ch.qos.logback.classic.LoggerContext[default] - Resource [logback.xml] occurs at [jar:file:/root/flamestream/lib/flamestream-runtime-1.0-SNAPSHOT.jar!/logback.xml]
18:55:27,583 |-WARN in ch.qos.logback.classic.LoggerContext[default] - Resource [logback.xml] occurs at [jar:file:/root/flamestream/flamestream-runtime-1.0-SNAPSHOT.jar!/logback.xml]
18:55:27,602 |-INFO in ch.qos.logback.core.joran.spi.ConfigurationWatchList@3fb6a447 - URL [jar:file:/root/flamestream/lib/flamestream-runtime-1.0-SNAPSHOT.jar!/logback.xml] is not of type file
18:55:27,673 |-INFO in ch.qos.logback.classic.joran.action.ConfigurationAction - debug attribute not set
18:55:27,673 |-INFO in ch.qos.logback.core.joran.action.AppenderAction - About to instantiate appender of type [ch.qos.logback.core.ConsoleAppender]
18:55:27,692 |-INFO in ch.qos.logback.core.joran.action.AppenderAction - Naming appender as [STDOUT]
18:55:27,708 |-INFO in ch.qos.logback.core.joran.action.NestedComplexPropertyIA - Assuming default type [ch.qos.logback.classic.encoder.PatternLayoutEncoder] for [encoder] property
18:55:27,782 |-INFO in ch.qos.logback.core.joran.action.AppenderAction - About to instantiate appender of type [ch.qos.logback.core.rolling.RollingFileAppender]
18:55:27,791 |-INFO in ch.qos.logback.core.joran.action.AppenderAction - Naming appender as [FILE]
18:55:27,823 |-INFO in c.q.l.core.rolling.TimeBasedRollingPolicy@127618319 - No compression will be used
18:55:27,824 |-INFO in c.q.l.core.rolling.TimeBasedRollingPolicy@127618319 - Will use the pattern /tmp/application_%d{yyyy-MM-dd}.%i.log for the active file
18:55:27,827 |-INFO in ch.qos.logback.core.rolling.SizeAndTimeBasedFNATP@6b2fad11 - The date pattern is 'yyyy-MM-dd' from file name pattern '/tmp/application_%d{yyyy-MM-dd}.%i.log'.
18:55:27,827 |-INFO in ch.qos.logback.core.rolling.SizeAndTimeBasedFNATP@6b2fad11 - Roll-over at midnight.
18:55:27,832 |-INFO in ch.qos.logback.core.rolling.SizeAndTimeBasedFNATP@6b2fad11 - Setting initial period to Mon Jun 10 18:53:52 UTC 2019
18:55:27,832 |-WARN in ch.qos.logback.core.rolling.SizeAndTimeBasedFNATP@6b2fad11 - SizeAndTimeBasedFNATP is deprecated. Use SizeAndTimeBasedRollingPolicy instead
18:55:27,832 |-WARN in ch.qos.logback.core.rolling.SizeAndTimeBasedFNATP@6b2fad11 - For more information see http://logback.qos.ch/manual/appenders.html#SizeAndTimeBasedRollingPolicy
18:55:27,836 |-INFO in ch.qos.logback.core.joran.action.NestedComplexPropertyIA - Assuming default type [ch.qos.logback.classic.encoder.PatternLayoutEncoder] for [encoder] property
18:55:27,841 |-INFO in ch.qos.logback.core.rolling.RollingFileAppender[FILE] - Active log file name: /tmp/application.log
18:55:27,841 |-INFO in ch.qos.logback.core.rolling.RollingFileAppender[FILE] - File property is set to [/tmp/application.log]
18:55:27,842 |-INFO in ch.qos.logback.classic.joran.action.RootLoggerAction - Setting level of ROOT logger to WARN
18:55:27,842 |-INFO in ch.qos.logback.core.joran.action.AppenderRefAction - Attaching appender named [STDOUT] to Logger[ROOT]
18:55:27,844 |-INFO in ch.qos.logback.core.joran.action.AppenderRefAction - Attaching appender named [FILE] to Logger[ROOT]
18:55:27,844 |-INFO in ch.qos.logback.classic.joran.action.ConfigurationAction - End of configuration.
18:55:27,844 |-INFO in ch.qos.logback.classic.joran.JoranConfigurator@79698539 - Registering current configuration as safe fallback point

Ama winner
Ama winner
2019-06-10T18:55:29.167+0000: 1.768: [Full GC (Metadata GC Threshold) 2019-06-10T18:55:29.167+0000: 1.768: [Tenured: 0K->15241K(341376K), 0.0400938 secs] 114988K->15241K(494976K), [Metaspace: 20737K->20737K(1067008K)], 0.0401617 secs] [Times: user=0.04 sys=0.00, real=0.05 secs] 
18:55:51.313 [Curator-PathChildrenCache-1] WARN  o.a.c.u.ZKPaths  - The version of ZooKeeper being used doesn't support Container nodes. CreateMode.PERSISTENT will be used instead.
2019-06-10T18:55:53.609+0000: 26.211: [GC (Allocation Failure) 2019-06-10T18:55:53.609+0000: 26.211: [DefNew: 136576K->17023K(153600K), 0.0279501 secs] 151817K->52718K(494976K), 0.0280357 secs] [Times: user=0.02 sys=0.01, real=0.03 secs] 
2019-06-10T18:55:58.344+0000: 30.945: [Full GC (Metadata GC Threshold) 2019-06-10T18:55:58.344+0000: 30.945: [Tenured: 35694K->44289K(341376K), 0.0835060 secs] 168278K->44289K(494976K), [Metaspace: 34631K->34631K(1079296K)], 0.0836021 secs] [Times: user=0.08 sys=0.01, real=0.09 secs] 
2019-06-10T18:56:04.010+0000: 36.612: [GC (Allocation Failure) 2019-06-10T18:56:04.010+0000: 36.612: [DefNew: 136576K->95K(153600K), 0.0018265 secs] 180865K->44384K(494976K), 0.0018879 secs] [Times: user=0.01 sys=0.00, real=0.00 secs] 
2019-06-10T18:56:09.651+0000: 42.252: [GC (Allocation Failure) 2019-06-10T18:56:09.651+0000: 42.252: [DefNew: 136671K->120K(153600K), 0.0017409 secs] 180960K->44409K(494976K), 0.0018151 secs] [Times: user=0.00 sys=0.00, real=0.00 secs] 
2019-06-10T18:56:15.234+0000: 47.835: [GC (Allocation Failure) 2019-06-10T18:56:15.234+0000: 47.835: [DefNew: 136696K->121K(153600K), 0.0016985 secs] 180985K->44410K(494976K), 0.0017702 secs] [Times: user=0.00 sys=0.00, real=0.01 secs] 
2019-06-10T18:56:20.912+0000: 53.514: [GC (Allocation Failure) 2019-06-10T18:56:20.912+0000: 53.514: [DefNew: 136697K->127K(153600K), 0.0017784 secs] 180986K->44416K(494976K), 0.0018406 secs] [Times: user=0.00 sys=0.00, real=0.00 secs] 
18:56:31.279 [Curator-PathChildrenCache-0] ERROR o.a.c.f.r.c.PathChildrenCache  - 
java.lang.IllegalStateException: instance must be started before calling this method
	at org.apache.curator.shaded.com.google.common.base.Preconditions.checkState(Preconditions.java:444)
	at org.apache.curator.framework.imps.CuratorFrameworkImpl.getChildren(CuratorFrameworkImpl.java:456)
	at org.apache.curator.framework.recipes.cache.PathChildrenCache.refresh(PathChildrenCache.java:521)
	at org.apache.curator.framework.recipes.cache.RefreshOperation.invoke(RefreshOperation.java:35)
	at org.apache.curator.framework.recipes.cache.PathChildrenCache$9.run(PathChildrenCache.java:786)
	at java.util.concurrent.Executors$RunnableAdapter.call(Executors.java:511)
	at java.util.concurrent.FutureTask.run(FutureTask.java:266)
	at java.util.concurrent.Executors$RunnableAdapter.call(Executors.java:511)
	at java.util.concurrent.FutureTask.run(FutureTask.java:266)
	at java.util.concurrent.ThreadPoolExecutor.runWorker(ThreadPoolExecutor.java:1149)
	at java.util.concurrent.ThreadPoolExecutor$Worker.run(ThreadPoolExecutor.java:624)
	at java.lang.Thread.run(Thread.java:748)
Heap
 def new generation   total 153600K, used 93780K [0x00000000e0c00000, 0x00000000eb2a0000, 0x00000000eb2a0000)
  eden space 136576K,  68% used [0x00000000e0c00000, 0x00000000e6775520, 0x00000000e9160000)
  from space 17024K,   0% used [0x00000000ea200000, 0x00000000ea21fe10, 0x00000000eb2a0000)
  to   space 17024K,   0% used [0x00000000e9160000, 0x00000000e9160000, 0x00000000ea200000)
 tenured generation   total 341376K, used 44289K [0x00000000eb2a0000, 0x0000000100000000, 0x0000000100000000)
   the space 341376K,  12% used [0x00000000eb2a0000, 0x00000000edde04a0, 0x00000000edde0600, 0x0000000100000000)
 Metaspace       used 35981K, capacity 36928K, committed 37120K, reserved 1081344K
  class space    used 4855K, capacity 5074K, committed 5120K, reserved 1048576K
