21:44:09,440 |-INFO in ch.qos.logback.classic.LoggerContext[default] - Could NOT find resource [logback-test.xml]
21:44:09,440 |-INFO in ch.qos.logback.classic.LoggerContext[default] - Could NOT find resource [logback.groovy]
21:44:09,440 |-INFO in ch.qos.logback.classic.LoggerContext[default] - Found resource [logback.xml] at [jar:file:/home/nikitasokolov/flamestream/lib/flamestream-runtime-1.0-SNAPSHOT.jar!/logback.xml]
21:44:09,441 |-WARN in ch.qos.logback.classic.LoggerContext[default] - Resource [logback.xml] occurs multiple times on the classpath.
21:44:09,441 |-WARN in ch.qos.logback.classic.LoggerContext[default] - Resource [logback.xml] occurs at [jar:file:/home/nikitasokolov/flamestream/lib/flamestream-runtime-1.0-SNAPSHOT.jar!/logback.xml]
21:44:09,441 |-WARN in ch.qos.logback.classic.LoggerContext[default] - Resource [logback.xml] occurs at [jar:file:/home/nikitasokolov/flamestream/flamestream-runtime-1.0-SNAPSHOT.jar!/logback.xml]
21:44:09,458 |-INFO in ch.qos.logback.core.joran.spi.ConfigurationWatchList@2f7a2457 - URL [jar:file:/home/nikitasokolov/flamestream/lib/flamestream-runtime-1.0-SNAPSHOT.jar!/logback.xml] is not of type file
21:44:09,510 |-INFO in ch.qos.logback.classic.joran.action.ConfigurationAction - debug attribute not set
21:44:09,510 |-INFO in ch.qos.logback.core.joran.action.AppenderAction - About to instantiate appender of type [ch.qos.logback.core.ConsoleAppender]
21:44:09,518 |-INFO in ch.qos.logback.core.joran.action.AppenderAction - Naming appender as [STDOUT]
21:44:09,527 |-INFO in ch.qos.logback.core.joran.action.NestedComplexPropertyIA - Assuming default type [ch.qos.logback.classic.encoder.PatternLayoutEncoder] for [encoder] property
21:44:09,585 |-INFO in ch.qos.logback.core.joran.action.AppenderAction - About to instantiate appender of type [ch.qos.logback.core.rolling.RollingFileAppender]
21:44:09,592 |-INFO in ch.qos.logback.core.joran.action.AppenderAction - Naming appender as [FILE]
21:44:09,616 |-INFO in c.q.l.core.rolling.TimeBasedRollingPolicy@1449621165 - No compression will be used
21:44:09,617 |-INFO in c.q.l.core.rolling.TimeBasedRollingPolicy@1449621165 - Will use the pattern /tmp/application_%d{yyyy-MM-dd}.%i.log for the active file
21:44:09,620 |-INFO in ch.qos.logback.core.rolling.SizeAndTimeBasedFNATP@6108b2d7 - The date pattern is 'yyyy-MM-dd' from file name pattern '/tmp/application_%d{yyyy-MM-dd}.%i.log'.
21:44:09,620 |-INFO in ch.qos.logback.core.rolling.SizeAndTimeBasedFNATP@6108b2d7 - Roll-over at midnight.
21:44:09,624 |-INFO in ch.qos.logback.core.rolling.SizeAndTimeBasedFNATP@6108b2d7 - Setting initial period to Fri Jun 07 21:43:28 MSK 2019
21:44:09,625 |-WARN in ch.qos.logback.core.rolling.SizeAndTimeBasedFNATP@6108b2d7 - SizeAndTimeBasedFNATP is deprecated. Use SizeAndTimeBasedRollingPolicy instead
21:44:09,625 |-WARN in ch.qos.logback.core.rolling.SizeAndTimeBasedFNATP@6108b2d7 - For more information see http://logback.qos.ch/manual/appenders.html#SizeAndTimeBasedRollingPolicy
21:44:09,629 |-INFO in ch.qos.logback.core.joran.action.NestedComplexPropertyIA - Assuming default type [ch.qos.logback.classic.encoder.PatternLayoutEncoder] for [encoder] property
21:44:09,631 |-INFO in ch.qos.logback.core.rolling.RollingFileAppender[FILE] - Active log file name: /tmp/application.log
21:44:09,631 |-INFO in ch.qos.logback.core.rolling.RollingFileAppender[FILE] - File property is set to [/tmp/application.log]
21:44:09,632 |-INFO in ch.qos.logback.classic.joran.action.RootLoggerAction - Setting level of ROOT logger to WARN
21:44:09,633 |-INFO in ch.qos.logback.core.joran.action.AppenderRefAction - Attaching appender named [STDOUT] to Logger[ROOT]
21:44:09,633 |-INFO in ch.qos.logback.core.joran.action.AppenderRefAction - Attaching appender named [FILE] to Logger[ROOT]
21:44:09,633 |-INFO in ch.qos.logback.classic.joran.action.ConfigurationAction - End of configuration.
21:44:09,634 |-INFO in ch.qos.logback.classic.joran.JoranConfigurator@1554909b - Registering current configuration as safe fallback point

2019-06-07T21:44:10.665+0300: 1.417: [GC (Metadata GC Threshold) [PSYoungGen: 108050K->15878K(149504K)] 108050K->15958K(491008K), 0.0186790 secs] [Times: user=0.06 sys=0.03, real=0.02 secs] 
2019-06-07T21:44:10.684+0300: 1.436: [Full GC (Metadata GC Threshold) [PSYoungGen: 15878K->0K(149504K)] [ParOldGen: 80K->15048K(341504K)] 15958K->15048K(491008K), [Metaspace: 20803K->20803K(1067008K)], 0.0264734 secs] [Times: user=0.13 sys=0.02, real=0.03 secs] 
21:44:20.930 [Curator-PathChildrenCache-2] WARN  o.a.c.u.ZKPaths  - The version of ZooKeeper being used doesn't support Container nodes. CreateMode.PERSISTENT will be used instead.
2019-06-07T21:44:21.600+0300: 12.352: [GC (Metadata GC Threshold) [PSYoungGen: 119660K->16518K(149504K)] 134708K->51105K(491008K), 0.0335648 secs] [Times: user=0.28 sys=0.02, real=0.03 secs] 
2019-06-07T21:44:21.633+0300: 12.385: [Full GC (Metadata GC Threshold) [PSYoungGen: 16518K->0K(149504K)] [ParOldGen: 34587K->39634K(341504K)] 51105K->39634K(491008K), [Metaspace: 34450K->34450K(1079296K)], 0.0331690 secs] [Times: user=0.17 sys=0.02, real=0.03 secs] 
2019-06-07T21:44:26.914+0300: 17.667: [GC (Allocation Failure) [PSYoungGen: 128512K->352K(149504K)] 168146K->39994K(491008K), 0.0027457 secs] [Times: user=0.01 sys=0.00, real=0.00 secs] 
21:44:40.687 [Curator-PathChildrenCache-0] ERROR o.a.c.f.r.c.PathChildrenCache  - 
java.lang.IllegalStateException: instance must be started before calling this method
	at org.apache.curator.shaded.com.google.common.base.Preconditions.checkState(Preconditions.java:444)
	at org.apache.curator.framework.imps.CuratorFrameworkImpl.getChildren(CuratorFrameworkImpl.java:456)
	at org.apache.curator.framework.recipes.cache.PathChildrenCache.refresh(PathChildrenCache.java:521)
	at org.apache.curator.framework.recipes.cache.RefreshOperation.invoke(RefreshOperation.java:35)
	at org.apache.curator.framework.recipes.cache.PathChildrenCache$9.run(PathChildrenCache.java:786)
	at java.util.concurrent.Executors$RunnableAdapter.call(Executors.java:511)
	at java.util.concurrent.FutureTask.run(FutureTask.java:266)
	at java.util.concurrent.Executors$RunnableAdapter.call(Executors.java:511)
	at java.util.concurrent.FutureTask.run(FutureTask.java:266)
	at java.util.concurrent.ThreadPoolExecutor.runWorker(ThreadPoolExecutor.java:1149)
	at java.util.concurrent.ThreadPoolExecutor$Worker.run(ThreadPoolExecutor.java:624)
	at java.lang.Thread.run(Thread.java:748)
Heap
 PSYoungGen      total 149504K, used 123676K [0x00000000f5980000, 0x0000000100000000, 0x0000000100000000)
  eden space 128512K, 95% used [0x00000000f5980000,0x00000000fd1ef348,0x00000000fd700000)
  from space 20992K, 1% used [0x00000000fd700000,0x00000000fd758010,0x00000000feb80000)
  to   space 20992K, 0% used [0x00000000feb80000,0x00000000feb80000,0x0000000100000000)
 ParOldGen       total 341504K, used 39642K [0x00000000e0c00000, 0x00000000f5980000, 0x00000000f5980000)
  object space 341504K, 11% used [0x00000000e0c00000,0x00000000e32b6be0,0x00000000f5980000)
 Metaspace       used 35833K, capacity 36816K, committed 36952K, reserved 1081344K
  class space    used 4980K, capacity 5192K, committed 5248K, reserved 1048576K
