18:48:16,674 |-INFO in ch.qos.logback.classic.LoggerContext[default] - Could NOT find resource [logback-test.xml]
18:48:16,674 |-INFO in ch.qos.logback.classic.LoggerContext[default] - Could NOT find resource [logback.groovy]
18:48:16,674 |-INFO in ch.qos.logback.classic.LoggerContext[default] - Found resource [logback.xml] at [jar:file:/root/flamestream/lib/flamestream-runtime-1.0-SNAPSHOT.jar!/logback.xml]
18:48:16,677 |-WARN in ch.qos.logback.classic.LoggerContext[default] - Resource [logback.xml] occurs multiple times on the classpath.
18:48:16,677 |-WARN in ch.qos.logback.classic.LoggerContext[default] - Resource [logback.xml] occurs at [jar:file:/root/flamestream/lib/flamestream-runtime-1.0-SNAPSHOT.jar!/logback.xml]
18:48:16,677 |-WARN in ch.qos.logback.classic.LoggerContext[default] - Resource [logback.xml] occurs at [jar:file:/root/flamestream/flamestream-runtime-1.0-SNAPSHOT.jar!/logback.xml]
18:48:16,698 |-INFO in ch.qos.logback.core.joran.spi.ConfigurationWatchList@3fb6a447 - URL [jar:file:/root/flamestream/lib/flamestream-runtime-1.0-SNAPSHOT.jar!/logback.xml] is not of type file
18:48:16,768 |-INFO in ch.qos.logback.classic.joran.action.ConfigurationAction - debug attribute not set
18:48:16,768 |-INFO in ch.qos.logback.core.joran.action.AppenderAction - About to instantiate appender of type [ch.qos.logback.core.ConsoleAppender]
18:48:16,790 |-INFO in ch.qos.logback.core.joran.action.AppenderAction - Naming appender as [STDOUT]
18:48:16,803 |-INFO in ch.qos.logback.core.joran.action.NestedComplexPropertyIA - Assuming default type [ch.qos.logback.classic.encoder.PatternLayoutEncoder] for [encoder] property
18:48:16,892 |-INFO in ch.qos.logback.core.joran.action.AppenderAction - About to instantiate appender of type [ch.qos.logback.core.rolling.RollingFileAppender]
18:48:16,897 |-INFO in ch.qos.logback.core.joran.action.AppenderAction - Naming appender as [FILE]
18:48:16,928 |-INFO in c.q.l.core.rolling.TimeBasedRollingPolicy@127618319 - No compression will be used
18:48:16,930 |-INFO in c.q.l.core.rolling.TimeBasedRollingPolicy@127618319 - Will use the pattern /tmp/application_%d{yyyy-MM-dd}.%i.log for the active file
18:48:16,932 |-INFO in ch.qos.logback.core.rolling.SizeAndTimeBasedFNATP@6b2fad11 - The date pattern is 'yyyy-MM-dd' from file name pattern '/tmp/application_%d{yyyy-MM-dd}.%i.log'.
18:48:16,932 |-INFO in ch.qos.logback.core.rolling.SizeAndTimeBasedFNATP@6b2fad11 - Roll-over at midnight.
18:48:16,937 |-INFO in ch.qos.logback.core.rolling.SizeAndTimeBasedFNATP@6b2fad11 - Setting initial period to Mon Jun 10 18:46:38 UTC 2019
18:48:16,937 |-WARN in ch.qos.logback.core.rolling.SizeAndTimeBasedFNATP@6b2fad11 - SizeAndTimeBasedFNATP is deprecated. Use SizeAndTimeBasedRollingPolicy instead
18:48:16,937 |-WARN in ch.qos.logback.core.rolling.SizeAndTimeBasedFNATP@6b2fad11 - For more information see http://logback.qos.ch/manual/appenders.html#SizeAndTimeBasedRollingPolicy
18:48:16,941 |-INFO in ch.qos.logback.core.joran.action.NestedComplexPropertyIA - Assuming default type [ch.qos.logback.classic.encoder.PatternLayoutEncoder] for [encoder] property
18:48:16,946 |-INFO in ch.qos.logback.core.rolling.RollingFileAppender[FILE] - Active log file name: /tmp/application.log
18:48:16,946 |-INFO in ch.qos.logback.core.rolling.RollingFileAppender[FILE] - File property is set to [/tmp/application.log]
18:48:16,947 |-INFO in ch.qos.logback.classic.joran.action.RootLoggerAction - Setting level of ROOT logger to WARN
18:48:16,947 |-INFO in ch.qos.logback.core.joran.action.AppenderRefAction - Attaching appender named [STDOUT] to Logger[ROOT]
18:48:16,949 |-INFO in ch.qos.logback.core.joran.action.AppenderRefAction - Attaching appender named [FILE] to Logger[ROOT]
18:48:16,949 |-INFO in ch.qos.logback.classic.joran.action.ConfigurationAction - End of configuration.
18:48:16,949 |-INFO in ch.qos.logback.classic.joran.JoranConfigurator@79698539 - Registering current configuration as safe fallback point

Ama winner
Ama winner
2019-06-10T18:48:18.245+0000: 1.752: [Full GC (Metadata GC Threshold) 2019-06-10T18:48:18.245+0000: 1.752: [Tenured: 0K->15241K(341376K), 0.0392103 secs] 114924K->15241K(494976K), [Metaspace: 20736K->20736K(1067008K)], 0.0392780 secs] [Times: user=0.04 sys=0.00, real=0.04 secs] 
18:48:33.103 [Curator-PathChildrenCache-1] WARN  o.a.c.u.ZKPaths  - The version of ZooKeeper being used doesn't support Container nodes. CreateMode.PERSISTENT will be used instead.
2019-06-10T18:48:35.142+0000: 18.650: [GC (Allocation Failure) 2019-06-10T18:48:35.142+0000: 18.650: [DefNew: 136576K->17023K(153600K), 0.0351627 secs] 151817K->52363K(494976K), 0.0352315 secs] [Times: user=0.02 sys=0.01, real=0.03 secs] 
2019-06-10T18:48:37.660+0000: 21.168: [Full GC (Metadata GC Threshold) 2019-06-10T18:48:37.660+0000: 21.168: [Tenured: 35339K->43787K(341376K), 0.0478619 secs] 114410K->43787K(494976K), [Metaspace: 34612K->34612K(1079296K)], 0.0479446 secs] [Times: user=0.05 sys=0.00, real=0.05 secs] 
2019-06-10T18:48:41.811+0000: 25.319: [GC (Allocation Failure) 2019-06-10T18:48:41.811+0000: 25.319: [DefNew: 136576K->54K(153600K), 0.0017931 secs] 180363K->43842K(494976K), 0.0018521 secs] [Times: user=0.00 sys=0.00, real=0.00 secs] 
2019-06-10T18:48:46.031+0000: 29.539: [GC (Allocation Failure) 2019-06-10T18:48:46.031+0000: 29.539: [DefNew: 136630K->60K(153600K), 0.0017229 secs] 180418K->43848K(494976K), 0.0017932 secs] [Times: user=0.01 sys=0.00, real=0.00 secs] 
2019-06-10T18:48:50.199+0000: 33.707: [GC (Allocation Failure) 2019-06-10T18:48:50.199+0000: 33.707: [DefNew: 136636K->95K(153600K), 0.0016690 secs] 180424K->43883K(494976K), 0.0017307 secs] [Times: user=0.00 sys=0.00, real=0.00 secs] 
18:49:00.781 [Curator-PathChildrenCache-0] ERROR o.a.c.f.r.c.PathChildrenCache  - 
java.lang.IllegalStateException: instance must be started before calling this method
	at org.apache.curator.shaded.com.google.common.base.Preconditions.checkState(Preconditions.java:444)
	at org.apache.curator.framework.imps.CuratorFrameworkImpl.getChildren(CuratorFrameworkImpl.java:456)
	at org.apache.curator.framework.recipes.cache.PathChildrenCache.refresh(PathChildrenCache.java:521)
	at org.apache.curator.framework.recipes.cache.RefreshOperation.invoke(RefreshOperation.java:35)
	at org.apache.curator.framework.recipes.cache.PathChildrenCache$9.run(PathChildrenCache.java:786)
	at java.util.concurrent.Executors$RunnableAdapter.call(Executors.java:511)
	at java.util.concurrent.FutureTask.run(FutureTask.java:266)
	at java.util.concurrent.Executors$RunnableAdapter.call(Executors.java:511)
	at java.util.concurrent.FutureTask.run(FutureTask.java:266)
	at java.util.concurrent.ThreadPoolExecutor.runWorker(ThreadPoolExecutor.java:1149)
	at java.util.concurrent.ThreadPoolExecutor$Worker.run(ThreadPoolExecutor.java:624)
	at java.lang.Thread.run(Thread.java:748)
Heap
 def new generation   total 153600K, used 114903K [0x00000000e0c00000, 0x00000000eb2a0000, 0x00000000eb2a0000)
  eden space 136576K,  84% used [0x00000000e0c00000, 0x00000000e7c1e040, 0x00000000e9160000)
  from space 17024K,   0% used [0x00000000e9160000, 0x00000000e9177ee8, 0x00000000ea200000)
  to   space 17024K,   0% used [0x00000000ea200000, 0x00000000ea200000, 0x00000000eb2a0000)
 tenured generation   total 341376K, used 43787K [0x00000000eb2a0000, 0x0000000100000000, 0x0000000100000000)
   the space 341376K,  12% used [0x00000000eb2a0000, 0x00000000edd62d28, 0x00000000edd62e00, 0x0000000100000000)
 Metaspace       used 35720K, capacity 36640K, committed 36864K, reserved 1081344K
  class space    used 4825K, capacity 5042K, committed 5120K, reserved 1048576K
