05:44:11,514 |-INFO in ch.qos.logback.classic.LoggerContext[default] - Could NOT find resource [logback-test.xml]
05:44:11,514 |-INFO in ch.qos.logback.classic.LoggerContext[default] - Could NOT find resource [logback.groovy]
05:44:11,514 |-INFO in ch.qos.logback.classic.LoggerContext[default] - Found resource [logback.xml] at [jar:file:/root/flamestream/lib/flamestream-runtime-1.0-SNAPSHOT.jar!/logback.xml]
05:44:11,516 |-WARN in ch.qos.logback.classic.LoggerContext[default] - Resource [logback.xml] occurs multiple times on the classpath.
05:44:11,516 |-WARN in ch.qos.logback.classic.LoggerContext[default] - Resource [logback.xml] occurs at [jar:file:/root/flamestream/lib/flamestream-runtime-1.0-SNAPSHOT.jar!/logback.xml]
05:44:11,516 |-WARN in ch.qos.logback.classic.LoggerContext[default] - Resource [logback.xml] occurs at [jar:file:/root/flamestream/flamestream-runtime-1.0-SNAPSHOT.jar!/logback.xml]
05:44:11,537 |-INFO in ch.qos.logback.core.joran.spi.ConfigurationWatchList@3fb6a447 - URL [jar:file:/root/flamestream/lib/flamestream-runtime-1.0-SNAPSHOT.jar!/logback.xml] is not of type file
05:44:11,605 |-INFO in ch.qos.logback.classic.joran.action.ConfigurationAction - debug attribute not set
05:44:11,606 |-INFO in ch.qos.logback.core.joran.action.AppenderAction - About to instantiate appender of type [ch.qos.logback.core.ConsoleAppender]
05:44:11,622 |-INFO in ch.qos.logback.core.joran.action.AppenderAction - Naming appender as [STDOUT]
05:44:11,638 |-INFO in ch.qos.logback.core.joran.action.NestedComplexPropertyIA - Assuming default type [ch.qos.logback.classic.encoder.PatternLayoutEncoder] for [encoder] property
05:44:11,738 |-INFO in ch.qos.logback.core.joran.action.AppenderAction - About to instantiate appender of type [ch.qos.logback.core.rolling.RollingFileAppender]
05:44:11,747 |-INFO in ch.qos.logback.core.joran.action.AppenderAction - Naming appender as [FILE]
05:44:11,776 |-INFO in c.q.l.core.rolling.TimeBasedRollingPolicy@127618319 - No compression will be used
05:44:11,777 |-INFO in c.q.l.core.rolling.TimeBasedRollingPolicy@127618319 - Will use the pattern /tmp/application_%d{yyyy-MM-dd}.%i.log for the active file
05:44:11,780 |-INFO in ch.qos.logback.core.rolling.SizeAndTimeBasedFNATP@6b2fad11 - The date pattern is 'yyyy-MM-dd' from file name pattern '/tmp/application_%d{yyyy-MM-dd}.%i.log'.
05:44:11,780 |-INFO in ch.qos.logback.core.rolling.SizeAndTimeBasedFNATP@6b2fad11 - Roll-over at midnight.
05:44:11,785 |-INFO in ch.qos.logback.core.rolling.SizeAndTimeBasedFNATP@6b2fad11 - Setting initial period to Tue Jun 11 05:42:48 UTC 2019
05:44:11,785 |-WARN in ch.qos.logback.core.rolling.SizeAndTimeBasedFNATP@6b2fad11 - SizeAndTimeBasedFNATP is deprecated. Use SizeAndTimeBasedRollingPolicy instead
05:44:11,785 |-WARN in ch.qos.logback.core.rolling.SizeAndTimeBasedFNATP@6b2fad11 - For more information see http://logback.qos.ch/manual/appenders.html#SizeAndTimeBasedRollingPolicy
05:44:11,790 |-INFO in ch.qos.logback.core.joran.action.NestedComplexPropertyIA - Assuming default type [ch.qos.logback.classic.encoder.PatternLayoutEncoder] for [encoder] property
05:44:11,794 |-INFO in ch.qos.logback.core.rolling.RollingFileAppender[FILE] - Active log file name: /tmp/application.log
05:44:11,794 |-INFO in ch.qos.logback.core.rolling.RollingFileAppender[FILE] - File property is set to [/tmp/application.log]
05:44:11,795 |-INFO in ch.qos.logback.classic.joran.action.RootLoggerAction - Setting level of ROOT logger to WARN
05:44:11,795 |-INFO in ch.qos.logback.core.joran.action.AppenderRefAction - Attaching appender named [STDOUT] to Logger[ROOT]
05:44:11,797 |-INFO in ch.qos.logback.core.joran.action.AppenderRefAction - Attaching appender named [FILE] to Logger[ROOT]
05:44:11,797 |-INFO in ch.qos.logback.classic.joran.action.ConfigurationAction - End of configuration.
05:44:11,798 |-INFO in ch.qos.logback.classic.joran.JoranConfigurator@79698539 - Registering current configuration as safe fallback point

Ama winner
Ama winner
2019-06-11T05:44:13.115+0000: 1.786: [Full GC (Metadata GC Threshold) 2019-06-11T05:44:13.115+0000: 1.786: [Tenured: 0K->15240K(341376K), 0.0393449 secs] 117764K->15240K(494976K), [Metaspace: 20735K->20735K(1067008K)], 0.0394227 secs] [Times: user=0.04 sys=0.00, real=0.04 secs] 
05:44:29.659 [Curator-PathChildrenCache-1] WARN  o.a.c.u.ZKPaths  - The version of ZooKeeper being used doesn't support Container nodes. CreateMode.PERSISTENT will be used instead.
2019-06-11T05:44:31.966+0000: 20.637: [GC (Allocation Failure) 2019-06-11T05:44:31.966+0000: 20.637: [DefNew: 136576K->17023K(153600K), 0.0252912 secs] 151816K->52375K(494976K), 0.0253569 secs] [Times: user=0.03 sys=0.00, real=0.03 secs] 
2019-06-11T05:44:34.962+0000: 23.633: [Full GC (Metadata GC Threshold) 2019-06-11T05:44:34.962+0000: 23.633: [Tenured: 35351K->43678K(341376K), 0.0518444 secs] 129362K->43678K(494976K), [Metaspace: 34615K->34615K(1079296K)], 0.0519276 secs] [Times: user=0.04 sys=0.00, real=0.06 secs] 
2019-06-11T05:44:39.913+0000: 28.584: [GC (Allocation Failure) 2019-06-11T05:44:39.913+0000: 28.584: [DefNew: 136576K->58K(153600K), 0.0017971 secs] 180254K->43736K(494976K), 0.0018562 secs] [Times: user=0.01 sys=0.00, real=0.00 secs] 
2019-06-11T05:44:44.993+0000: 33.664: [GC (Allocation Failure) 2019-06-11T05:44:44.993+0000: 33.664: [DefNew: 136634K->94K(153600K), 0.0018279 secs] 180312K->43772K(494976K), 0.0018818 secs] [Times: user=0.01 sys=0.00, real=0.00 secs] 
2019-06-11T05:44:50.532+0000: 39.203: [GC (Allocation Failure) 2019-06-11T05:44:50.532+0000: 39.203: [DefNew: 136670K->125K(153600K), 0.0016765 secs] 180348K->43803K(494976K), 0.0017520 secs] [Times: user=0.01 sys=0.00, real=0.00 secs] 
2019-06-11T05:44:57.801+0000: 46.472: [GC (Allocation Failure) 2019-06-11T05:44:57.801+0000: 46.472: [DefNew: 136701K->155K(153600K), 0.0017531 secs] 180379K->43834K(494976K), 0.0018150 secs] [Times: user=0.00 sys=0.00, real=0.01 secs] 
05:45:08.536 [Curator-PathChildrenCache-0] ERROR o.a.c.f.r.c.PathChildrenCache  - 
java.lang.IllegalStateException: instance must be started before calling this method
	at org.apache.curator.shaded.com.google.common.base.Preconditions.checkState(Preconditions.java:444)
	at org.apache.curator.framework.imps.CuratorFrameworkImpl.getChildren(CuratorFrameworkImpl.java:456)
	at org.apache.curator.framework.recipes.cache.PathChildrenCache.refresh(PathChildrenCache.java:521)
	at org.apache.curator.framework.recipes.cache.RefreshOperation.invoke(RefreshOperation.java:35)
	at org.apache.curator.framework.recipes.cache.PathChildrenCache$9.run(PathChildrenCache.java:786)
	at java.util.concurrent.Executors$RunnableAdapter.call(Executors.java:511)
	at java.util.concurrent.FutureTask.run(FutureTask.java:266)
	at java.util.concurrent.Executors$RunnableAdapter.call(Executors.java:511)
	at java.util.concurrent.FutureTask.run(FutureTask.java:266)
	at java.util.concurrent.ThreadPoolExecutor.runWorker(ThreadPoolExecutor.java:1149)
	at java.util.concurrent.ThreadPoolExecutor$Worker.run(ThreadPoolExecutor.java:624)
	at java.lang.Thread.run(Thread.java:748)
Heap
 def new generation   total 153600K, used 61491K [0x00000000e0c00000, 0x00000000eb2a0000, 0x00000000eb2a0000)
  eden space 136576K,  44% used [0x00000000e0c00000, 0x00000000e47e5cb8, 0x00000000e9160000)
  from space 17024K,   0% used [0x00000000ea200000, 0x00000000ea226f90, 0x00000000eb2a0000)
  to   space 17024K,   0% used [0x00000000e9160000, 0x00000000e9160000, 0x00000000ea200000)
 tenured generation   total 341376K, used 43678K [0x00000000eb2a0000, 0x0000000100000000, 0x0000000100000000)
   the space 341376K,  12% used [0x00000000eb2a0000, 0x00000000edd47988, 0x00000000edd47a00, 0x0000000100000000)
 Metaspace       used 35829K, capacity 36774K, committed 37120K, reserved 1081344K
  class space    used 4826K, capacity 5043K, committed 5120K, reserved 1048576K
