16:00:43,086 |-INFO in ch.qos.logback.classic.LoggerContext[default] - Could NOT find resource [logback-test.xml]
16:00:43,086 |-INFO in ch.qos.logback.classic.LoggerContext[default] - Could NOT find resource [logback.groovy]
16:00:43,089 |-INFO in ch.qos.logback.classic.LoggerContext[default] - Found resource [logback.xml] at [jar:file:/root/flamestream/lib/flamestream-runtime-1.0-SNAPSHOT.jar!/logback.xml]
16:00:43,089 |-WARN in ch.qos.logback.classic.LoggerContext[default] - Resource [logback.xml] occurs multiple times on the classpath.
16:00:43,090 |-WARN in ch.qos.logback.classic.LoggerContext[default] - Resource [logback.xml] occurs at [jar:file:/root/flamestream/lib/flamestream-runtime-1.0-SNAPSHOT.jar!/logback.xml]
16:00:43,090 |-WARN in ch.qos.logback.classic.LoggerContext[default] - Resource [logback.xml] occurs at [jar:file:/root/flamestream/flamestream-runtime-1.0-SNAPSHOT.jar!/logback.xml]
16:00:43,109 |-INFO in ch.qos.logback.core.joran.spi.ConfigurationWatchList@3fb6a447 - URL [jar:file:/root/flamestream/lib/flamestream-runtime-1.0-SNAPSHOT.jar!/logback.xml] is not of type file
16:00:43,185 |-INFO in ch.qos.logback.classic.joran.action.ConfigurationAction - debug attribute not set
16:00:43,185 |-INFO in ch.qos.logback.core.joran.action.AppenderAction - About to instantiate appender of type [ch.qos.logback.core.ConsoleAppender]
16:00:43,197 |-INFO in ch.qos.logback.core.joran.action.AppenderAction - Naming appender as [STDOUT]
16:00:43,215 |-INFO in ch.qos.logback.core.joran.action.NestedComplexPropertyIA - Assuming default type [ch.qos.logback.classic.encoder.PatternLayoutEncoder] for [encoder] property
16:00:43,301 |-INFO in ch.qos.logback.core.joran.action.AppenderAction - About to instantiate appender of type [ch.qos.logback.core.rolling.RollingFileAppender]
16:00:43,306 |-INFO in ch.qos.logback.core.joran.action.AppenderAction - Naming appender as [FILE]
16:00:43,338 |-INFO in c.q.l.core.rolling.TimeBasedRollingPolicy@127618319 - No compression will be used
16:00:43,339 |-INFO in c.q.l.core.rolling.TimeBasedRollingPolicy@127618319 - Will use the pattern /tmp/application_%d{yyyy-MM-dd}.%i.log for the active file
16:00:43,342 |-INFO in ch.qos.logback.core.rolling.SizeAndTimeBasedFNATP@6b2fad11 - The date pattern is 'yyyy-MM-dd' from file name pattern '/tmp/application_%d{yyyy-MM-dd}.%i.log'.
16:00:43,342 |-INFO in ch.qos.logback.core.rolling.SizeAndTimeBasedFNATP@6b2fad11 - Roll-over at midnight.
16:00:43,347 |-INFO in ch.qos.logback.core.rolling.SizeAndTimeBasedFNATP@6b2fad11 - Setting initial period to Mon Jun 10 15:59:17 UTC 2019
16:00:43,347 |-WARN in ch.qos.logback.core.rolling.SizeAndTimeBasedFNATP@6b2fad11 - SizeAndTimeBasedFNATP is deprecated. Use SizeAndTimeBasedRollingPolicy instead
16:00:43,347 |-WARN in ch.qos.logback.core.rolling.SizeAndTimeBasedFNATP@6b2fad11 - For more information see http://logback.qos.ch/manual/appenders.html#SizeAndTimeBasedRollingPolicy
16:00:43,350 |-INFO in ch.qos.logback.core.joran.action.NestedComplexPropertyIA - Assuming default type [ch.qos.logback.classic.encoder.PatternLayoutEncoder] for [encoder] property
16:00:43,355 |-INFO in ch.qos.logback.core.rolling.RollingFileAppender[FILE] - Active log file name: /tmp/application.log
16:00:43,355 |-INFO in ch.qos.logback.core.rolling.RollingFileAppender[FILE] - File property is set to [/tmp/application.log]
16:00:43,356 |-INFO in ch.qos.logback.classic.joran.action.RootLoggerAction - Setting level of ROOT logger to WARN
16:00:43,356 |-INFO in ch.qos.logback.core.joran.action.AppenderRefAction - Attaching appender named [STDOUT] to Logger[ROOT]
16:00:43,358 |-INFO in ch.qos.logback.core.joran.action.AppenderRefAction - Attaching appender named [FILE] to Logger[ROOT]
16:00:43,358 |-INFO in ch.qos.logback.classic.joran.action.ConfigurationAction - End of configuration.
16:00:43,359 |-INFO in ch.qos.logback.classic.joran.JoranConfigurator@79698539 - Registering current configuration as safe fallback point

Ama winner
Ama winner
2019-06-10T16:00:44.605+0000: 1.700: [Full GC (Metadata GC Threshold) 2019-06-10T16:00:44.605+0000: 1.700: [Tenured: 0K->15144K(341376K), 0.0399517 secs] 114988K->15144K(494976K), [Metaspace: 20732K->20732K(1067008K)], 0.0400221 secs] [Times: user=0.04 sys=0.00, real=0.04 secs] 
16:01:02.839 [Curator-PathChildrenCache-1] WARN  o.a.c.u.ZKPaths  - The version of ZooKeeper being used doesn't support Container nodes. CreateMode.PERSISTENT will be used instead.
2019-06-10T16:01:05.096+0000: 22.190: [GC (Allocation Failure) 2019-06-10T16:01:05.096+0000: 22.190: [DefNew: 136576K->17024K(153600K), 0.0406304 secs] 151720K->52720K(494976K), 0.0407026 secs] [Times: user=0.03 sys=0.01, real=0.04 secs] 
2019-06-10T16:01:07.332+0000: 24.426: [Full GC (Metadata GC Threshold) 2019-06-10T16:01:07.332+0000: 24.426: [Tenured: 35696K->44379K(341376K), 0.0453966 secs] 93024K->44379K(494976K), [Metaspace: 34600K->34600K(1079296K)], 0.0454732 secs] [Times: user=0.05 sys=0.00, real=0.05 secs] 
2019-06-10T16:01:14.424+0000: 31.518: [GC (Allocation Failure) 2019-06-10T16:01:14.424+0000: 31.518: [DefNew: 136576K->58K(153600K), 0.0018838 secs] 180955K->44438K(494976K), 0.0019430 secs] [Times: user=0.00 sys=0.00, real=0.00 secs] 
2019-06-10T16:01:21.496+0000: 38.590: [GC (Allocation Failure) 2019-06-10T16:01:21.496+0000: 38.590: [DefNew: 136634K->64K(153600K), 0.0016999 secs] 181014K->44444K(494976K), 0.0017608 secs] [Times: user=0.00 sys=0.00, real=0.00 secs] 
2019-06-10T16:01:28.595+0000: 45.690: [GC (Allocation Failure) 2019-06-10T16:01:28.595+0000: 45.690: [DefNew: 136640K->69K(153600K), 0.0018240 secs] 181020K->44449K(494976K), 0.0018864 secs] [Times: user=0.00 sys=0.00, real=0.00 secs] 
2019-06-10T16:01:35.694+0000: 52.788: [GC (Allocation Failure) 2019-06-10T16:01:35.694+0000: 52.789: [DefNew: 136645K->60K(153600K), 0.0017584 secs] 181025K->44440K(494976K), 0.0018175 secs] [Times: user=0.00 sys=0.00, real=0.01 secs] 
2019-06-10T16:01:42.833+0000: 59.927: [GC (Allocation Failure) 2019-06-10T16:01:42.833+0000: 59.927: [DefNew: 136636K->60K(153600K), 0.0018394 secs] 181016K->44439K(494976K), 0.0018990 secs] [Times: user=0.00 sys=0.00, real=0.01 secs] 
16:02:04.460 [Curator-PathChildrenCache-0] ERROR o.a.c.f.r.c.PathChildrenCache  - 
java.lang.IllegalStateException: instance must be started before calling this method
	at org.apache.curator.shaded.com.google.common.base.Preconditions.checkState(Preconditions.java:444)
	at org.apache.curator.framework.imps.CuratorFrameworkImpl.getChildren(CuratorFrameworkImpl.java:456)
	at org.apache.curator.framework.recipes.cache.PathChildrenCache.refresh(PathChildrenCache.java:521)
	at org.apache.curator.framework.recipes.cache.RefreshOperation.invoke(RefreshOperation.java:35)
	at org.apache.curator.framework.recipes.cache.PathChildrenCache$9.run(PathChildrenCache.java:786)
	at java.util.concurrent.Executors$RunnableAdapter.call(Executors.java:511)
	at java.util.concurrent.FutureTask.run(FutureTask.java:266)
	at java.util.concurrent.Executors$RunnableAdapter.call(Executors.java:511)
	at java.util.concurrent.FutureTask.run(FutureTask.java:266)
	at java.util.concurrent.ThreadPoolExecutor.runWorker(ThreadPoolExecutor.java:1149)
	at java.util.concurrent.ThreadPoolExecutor$Worker.run(ThreadPoolExecutor.java:624)
	at java.lang.Thread.run(Thread.java:748)
16:02:05.105 [worker-akka.actor.default-dispatcher-11] ERROR a.r.a.Association(akka://worker) akka.remote.artery.Association(akka://worker) - Outbound control stream to [akka://worker@10.0.0.220:5412] failed after shutdown. 
akka.remote.artery.Association$OutboundStreamStopQuarantinedSignal$: 
16:02:05.106 [worker-akka.actor.default-dispatcher-11] ERROR a.r.a.Association(akka://worker) akka.remote.artery.Association(akka://worker) - Outbound message stream to [akka://worker@10.0.0.220:5412] failed after shutdown. 
akka.remote.artery.Association$OutboundStreamStopQuarantinedSignal$: 
Heap
 def new generation   total 153600K, used 131273K [0x00000000e0c00000, 0x00000000eb2a0000, 0x00000000eb2a0000)
  eden space 136576K,  96% used [0x00000000e0c00000, 0x00000000e8c23410, 0x00000000e9160000)
  from space 17024K,   0% used [0x00000000e9160000, 0x00000000e916f0d0, 0x00000000ea200000)
  to   space 17024K,   0% used [0x00000000ea200000, 0x00000000ea200000, 0x00000000eb2a0000)
 tenured generation   total 341376K, used 44379K [0x00000000eb2a0000, 0x0000000100000000, 0x0000000100000000)
   the space 341376K,  13% used [0x00000000eb2a0000, 0x00000000eddf6e40, 0x00000000eddf7000, 0x0000000100000000)
 Metaspace       used 36177K, capacity 37056K, committed 37376K, reserved 1081344K
  class space    used 4866K, capacity 5074K, committed 5120K, reserved 1048576K
