02:56:47,778 |-INFO in ch.qos.logback.classic.LoggerContext[default] - Could NOT find resource [logback-test.xml]
02:56:47,778 |-INFO in ch.qos.logback.classic.LoggerContext[default] - Could NOT find resource [logback.groovy]
02:56:47,778 |-INFO in ch.qos.logback.classic.LoggerContext[default] - Found resource [logback.xml] at [jar:file:/home/nikitasokolov/flamestream/lib/flamestream-runtime-1.0-SNAPSHOT.jar!/logback.xml]
02:56:47,779 |-WARN in ch.qos.logback.classic.LoggerContext[default] - Resource [logback.xml] occurs multiple times on the classpath.
02:56:47,779 |-WARN in ch.qos.logback.classic.LoggerContext[default] - Resource [logback.xml] occurs at [jar:file:/home/nikitasokolov/flamestream/lib/flamestream-runtime-1.0-SNAPSHOT.jar!/logback.xml]
02:56:47,779 |-WARN in ch.qos.logback.classic.LoggerContext[default] - Resource [logback.xml] occurs at [jar:file:/home/nikitasokolov/flamestream/flamestream-runtime-1.0-SNAPSHOT.jar!/logback.xml]
02:56:47,795 |-INFO in ch.qos.logback.core.joran.spi.ConfigurationWatchList@6108b2d7 - URL [jar:file:/home/nikitasokolov/flamestream/lib/flamestream-runtime-1.0-SNAPSHOT.jar!/logback.xml] is not of type file
02:56:47,847 |-INFO in ch.qos.logback.classic.joran.action.ConfigurationAction - debug attribute not set
02:56:47,848 |-INFO in ch.qos.logback.core.joran.action.AppenderAction - About to instantiate appender of type [ch.qos.logback.core.ConsoleAppender]
02:56:47,856 |-INFO in ch.qos.logback.core.joran.action.AppenderAction - Naming appender as [STDOUT]
02:56:47,865 |-INFO in ch.qos.logback.core.joran.action.NestedComplexPropertyIA - Assuming default type [ch.qos.logback.classic.encoder.PatternLayoutEncoder] for [encoder] property
02:56:47,927 |-INFO in ch.qos.logback.core.joran.action.AppenderAction - About to instantiate appender of type [ch.qos.logback.core.rolling.RollingFileAppender]
02:56:47,932 |-INFO in ch.qos.logback.core.joran.action.AppenderAction - Naming appender as [FILE]
02:56:47,955 |-INFO in c.q.l.core.rolling.TimeBasedRollingPolicy@357863579 - No compression will be used
02:56:47,957 |-INFO in c.q.l.core.rolling.TimeBasedRollingPolicy@357863579 - Will use the pattern /tmp/application_%d{yyyy-MM-dd}.%i.log for the active file
02:56:47,960 |-INFO in ch.qos.logback.core.rolling.SizeAndTimeBasedFNATP@6bf256fa - The date pattern is 'yyyy-MM-dd' from file name pattern '/tmp/application_%d{yyyy-MM-dd}.%i.log'.
02:56:47,960 |-INFO in ch.qos.logback.core.rolling.SizeAndTimeBasedFNATP@6bf256fa - Roll-over at midnight.
02:56:47,965 |-INFO in ch.qos.logback.core.rolling.SizeAndTimeBasedFNATP@6bf256fa - Setting initial period to Mon Jun 10 02:56:05 MSK 2019
02:56:47,965 |-WARN in ch.qos.logback.core.rolling.SizeAndTimeBasedFNATP@6bf256fa - SizeAndTimeBasedFNATP is deprecated. Use SizeAndTimeBasedRollingPolicy instead
02:56:47,965 |-WARN in ch.qos.logback.core.rolling.SizeAndTimeBasedFNATP@6bf256fa - For more information see http://logback.qos.ch/manual/appenders.html#SizeAndTimeBasedRollingPolicy
02:56:47,969 |-INFO in ch.qos.logback.core.joran.action.NestedComplexPropertyIA - Assuming default type [ch.qos.logback.classic.encoder.PatternLayoutEncoder] for [encoder] property
02:56:47,972 |-INFO in ch.qos.logback.core.rolling.RollingFileAppender[FILE] - Active log file name: /tmp/application.log
02:56:47,972 |-INFO in ch.qos.logback.core.rolling.RollingFileAppender[FILE] - File property is set to [/tmp/application.log]
02:56:47,973 |-INFO in ch.qos.logback.classic.joran.action.RootLoggerAction - Setting level of ROOT logger to WARN
02:56:47,973 |-INFO in ch.qos.logback.core.joran.action.AppenderRefAction - Attaching appender named [STDOUT] to Logger[ROOT]
02:56:47,974 |-INFO in ch.qos.logback.core.joran.action.AppenderRefAction - Attaching appender named [FILE] to Logger[ROOT]
02:56:47,974 |-INFO in ch.qos.logback.classic.joran.action.ConfigurationAction - End of configuration.
02:56:47,974 |-INFO in ch.qos.logback.classic.joran.JoranConfigurator@6cd8737 - Registering current configuration as safe fallback point

2019-06-10T02:56:48.940+0300: 1.369: [GC (Metadata GC Threshold) [PSYoungGen: 108152K->15979K(149504K)] 108152K->16059K(491008K), 0.0180161 secs] [Times: user=0.05 sys=0.01, real=0.02 secs] 
2019-06-10T02:56:48.958+0300: 1.387: [Full GC (Metadata GC Threshold) [PSYoungGen: 15979K->0K(149504K)] [ParOldGen: 80K->15078K(341504K)] 16059K->15078K(491008K), [Metaspace: 20802K->20802K(1067008K)], 0.0354646 secs] [Times: user=0.21 sys=0.01, real=0.03 secs] 
02:56:58.388 [Curator-PathChildrenCache-1] WARN  o.a.c.u.ZKPaths  - The version of ZooKeeper being used doesn't support Container nodes. CreateMode.PERSISTENT will be used instead.
2019-06-10T02:56:59.343+0300: 11.772: [GC (Metadata GC Threshold) [PSYoungGen: 123751K->16588K(149504K)] 138829K->51206K(491008K), 0.0335895 secs] [Times: user=0.17 sys=0.02, real=0.03 secs] 
2019-06-10T02:56:59.377+0300: 11.806: [Full GC (Metadata GC Threshold) [PSYoungGen: 16588K->0K(149504K)] [ParOldGen: 34617K->39691K(341504K)] 51206K->39691K(491008K), [Metaspace: 34467K->34467K(1079296K)], 0.0442008 secs] [Times: user=0.26 sys=0.01, real=0.05 secs] 
2019-06-10T02:57:18.756+0300: 31.185: [GC (Allocation Failure) [PSYoungGen: 128512K->640K(149504K)] 168203K->40339K(491008K), 0.0058339 secs] [Times: user=0.03 sys=0.00, real=0.01 secs] 
2019-06-10T02:57:40.496+0300: 52.924: [GC (Allocation Failure) [PSYoungGen: 129152K->736K(149504K)] 168851K->40443K(491008K), 0.0048640 secs] [Times: user=0.03 sys=0.01, real=0.01 secs] 
2019-06-10T02:58:07.678+0300: 80.107: [GC (Allocation Failure) [PSYoungGen: 129248K->919K(129536K)] 168955K->40634K(471040K), 0.0047332 secs] [Times: user=0.02 sys=0.00, real=0.00 secs] 
02:58:15.913 [Curator-PathChildrenCache-0] ERROR o.a.c.f.r.c.PathChildrenCache  - 
java.lang.IllegalStateException: instance must be started before calling this method
	at org.apache.curator.shaded.com.google.common.base.Preconditions.checkState(Preconditions.java:444)
	at org.apache.curator.framework.imps.CuratorFrameworkImpl.getChildren(CuratorFrameworkImpl.java:456)
	at org.apache.curator.framework.recipes.cache.PathChildrenCache.refresh(PathChildrenCache.java:521)
	at org.apache.curator.framework.recipes.cache.RefreshOperation.invoke(RefreshOperation.java:35)
	at org.apache.curator.framework.recipes.cache.PathChildrenCache$9.run(PathChildrenCache.java:786)
	at java.util.concurrent.Executors$RunnableAdapter.call(Executors.java:511)
	at java.util.concurrent.FutureTask.run(FutureTask.java:266)
	at java.util.concurrent.Executors$RunnableAdapter.call(Executors.java:511)
	at java.util.concurrent.FutureTask.run(FutureTask.java:266)
	at java.util.concurrent.ThreadPoolExecutor.runWorker(ThreadPoolExecutor.java:1149)
	at java.util.concurrent.ThreadPoolExecutor$Worker.run(ThreadPoolExecutor.java:624)
	at java.lang.Thread.run(Thread.java:748)
Heap
 PSYoungGen      total 129536K, used 21885K [0x00000000f5980000, 0x0000000100000000, 0x0000000100000000)
  eden space 128512K, 16% used [0x00000000f5980000,0x00000000f6df9788,0x00000000fd700000)
  from space 1024K, 89% used [0x00000000fd700000,0x00000000fd7e5d20,0x00000000fd800000)
  to   space 22016K, 0% used [0x00000000fea80000,0x00000000fea80000,0x0000000100000000)
 ParOldGen       total 341504K, used 39715K [0x00000000e0c00000, 0x00000000f5980000, 0x00000000f5980000)
  object space 341504K, 11% used [0x00000000e0c00000,0x00000000e32c8ce0,0x00000000f5980000)
 Metaspace       used 36207K, capacity 37076K, committed 37208K, reserved 1081344K
  class space    used 4980K, capacity 5168K, committed 5248K, reserved 1048576K
