13:37:54,167 |-INFO in ch.qos.logback.classic.LoggerContext[default] - Could NOT find resource [logback-test.xml]
13:37:54,167 |-INFO in ch.qos.logback.classic.LoggerContext[default] - Could NOT find resource [logback.groovy]
13:37:54,168 |-INFO in ch.qos.logback.classic.LoggerContext[default] - Found resource [logback.xml] at [jar:file:/root/flamestream/lib/flamestream-runtime-1.0-SNAPSHOT.jar!/logback.xml]
13:37:54,169 |-WARN in ch.qos.logback.classic.LoggerContext[default] - Resource [logback.xml] occurs multiple times on the classpath.
13:37:54,169 |-WARN in ch.qos.logback.classic.LoggerContext[default] - Resource [logback.xml] occurs at [jar:file:/root/flamestream/lib/flamestream-runtime-1.0-SNAPSHOT.jar!/logback.xml]
13:37:54,169 |-WARN in ch.qos.logback.classic.LoggerContext[default] - Resource [logback.xml] occurs at [jar:file:/root/flamestream/flamestream-runtime-1.0-SNAPSHOT.jar!/logback.xml]
13:37:54,189 |-INFO in ch.qos.logback.core.joran.spi.ConfigurationWatchList@3fb6a447 - URL [jar:file:/root/flamestream/lib/flamestream-runtime-1.0-SNAPSHOT.jar!/logback.xml] is not of type file
13:37:54,255 |-INFO in ch.qos.logback.classic.joran.action.ConfigurationAction - debug attribute not set
13:37:54,256 |-INFO in ch.qos.logback.core.joran.action.AppenderAction - About to instantiate appender of type [ch.qos.logback.core.ConsoleAppender]
13:37:54,272 |-INFO in ch.qos.logback.core.joran.action.AppenderAction - Naming appender as [STDOUT]
13:37:54,289 |-INFO in ch.qos.logback.core.joran.action.NestedComplexPropertyIA - Assuming default type [ch.qos.logback.classic.encoder.PatternLayoutEncoder] for [encoder] property
13:37:54,387 |-INFO in ch.qos.logback.core.joran.action.AppenderAction - About to instantiate appender of type [ch.qos.logback.core.rolling.RollingFileAppender]
13:37:54,392 |-INFO in ch.qos.logback.core.joran.action.AppenderAction - Naming appender as [FILE]
13:37:54,429 |-INFO in c.q.l.core.rolling.TimeBasedRollingPolicy@127618319 - No compression will be used
13:37:54,430 |-INFO in c.q.l.core.rolling.TimeBasedRollingPolicy@127618319 - Will use the pattern /tmp/application_%d{yyyy-MM-dd}.%i.log for the active file
13:37:54,433 |-INFO in ch.qos.logback.core.rolling.SizeAndTimeBasedFNATP@6b2fad11 - The date pattern is 'yyyy-MM-dd' from file name pattern '/tmp/application_%d{yyyy-MM-dd}.%i.log'.
13:37:54,433 |-INFO in ch.qos.logback.core.rolling.SizeAndTimeBasedFNATP@6b2fad11 - Roll-over at midnight.
13:37:54,439 |-INFO in ch.qos.logback.core.rolling.SizeAndTimeBasedFNATP@6b2fad11 - Setting initial period to Mon Jun 10 13:36:35 UTC 2019
13:37:54,439 |-WARN in ch.qos.logback.core.rolling.SizeAndTimeBasedFNATP@6b2fad11 - SizeAndTimeBasedFNATP is deprecated. Use SizeAndTimeBasedRollingPolicy instead
13:37:54,439 |-WARN in ch.qos.logback.core.rolling.SizeAndTimeBasedFNATP@6b2fad11 - For more information see http://logback.qos.ch/manual/appenders.html#SizeAndTimeBasedRollingPolicy
13:37:54,442 |-INFO in ch.qos.logback.core.joran.action.NestedComplexPropertyIA - Assuming default type [ch.qos.logback.classic.encoder.PatternLayoutEncoder] for [encoder] property
13:37:54,447 |-INFO in ch.qos.logback.core.rolling.RollingFileAppender[FILE] - Active log file name: /tmp/application.log
13:37:54,448 |-INFO in ch.qos.logback.core.rolling.RollingFileAppender[FILE] - File property is set to [/tmp/application.log]
13:37:54,448 |-INFO in ch.qos.logback.classic.joran.action.RootLoggerAction - Setting level of ROOT logger to WARN
13:37:54,448 |-INFO in ch.qos.logback.core.joran.action.AppenderRefAction - Attaching appender named [STDOUT] to Logger[ROOT]
13:37:54,451 |-INFO in ch.qos.logback.core.joran.action.AppenderRefAction - Attaching appender named [FILE] to Logger[ROOT]
13:37:54,451 |-INFO in ch.qos.logback.classic.joran.action.ConfigurationAction - End of configuration.
13:37:54,451 |-INFO in ch.qos.logback.classic.joran.JoranConfigurator@79698539 - Registering current configuration as safe fallback point

Ama winner
Ama winner
2019-06-10T13:37:55.758+0000: 1.783: [Full GC (Metadata GC Threshold) 2019-06-10T13:37:55.758+0000: 1.783: [Tenured: 0K->15241K(341376K), 0.0397263 secs] 114923K->15241K(494976K), [Metaspace: 20738K->20738K(1067008K)], 0.0397946 secs] [Times: user=0.03 sys=0.00, real=0.04 secs] 
13:38:13.404 [Curator-PathChildrenCache-1] WARN  o.a.c.u.ZKPaths  - The version of ZooKeeper being used doesn't support Container nodes. CreateMode.PERSISTENT will be used instead.
2019-06-10T13:38:15.777+0000: 21.802: [GC (Allocation Failure) 2019-06-10T13:38:15.777+0000: 21.802: [DefNew: 136576K->17024K(153600K), 0.0257325 secs] 151817K->52592K(494976K), 0.0258036 secs] [Times: user=0.02 sys=0.01, real=0.02 secs] 
2019-06-10T13:38:16.575+0000: 22.600: [Full GC (Metadata GC Threshold) 2019-06-10T13:38:16.575+0000: 22.600: [Tenured: 35568K->44244K(341376K), 0.0364469 secs] 75573K->44244K(494976K), [Metaspace: 34568K->34568K(1079296K)], 0.0365212 secs] [Times: user=0.03 sys=0.01, real=0.04 secs] 
2019-06-10T13:38:21.136+0000: 27.161: [GC (Allocation Failure) 2019-06-10T13:38:21.136+0000: 27.161: [DefNew: 136576K->141K(153600K), 0.0019585 secs] 180820K->44385K(494976K), 0.0020161 secs] [Times: user=0.00 sys=0.00, real=0.01 secs] 
2019-06-10T13:38:25.933+0000: 31.958: [GC (Allocation Failure) 2019-06-10T13:38:25.933+0000: 31.958: [DefNew: 136717K->146K(153600K), 0.0018262 secs] 180961K->44390K(494976K), 0.0018840 secs] [Times: user=0.00 sys=0.00, real=0.00 secs] 
2019-06-10T13:38:30.732+0000: 36.757: [GC (Allocation Failure) 2019-06-10T13:38:30.733+0000: 36.757: [DefNew: 136722K->181K(153600K), 0.0018921 secs] 180966K->44425K(494976K), 0.0019537 secs] [Times: user=0.01 sys=0.00, real=0.00 secs] 
2019-06-10T13:38:35.560+0000: 41.585: [GC (Allocation Failure) 2019-06-10T13:38:35.560+0000: 41.585: [DefNew: 136757K->215K(153600K), 0.0019893 secs] 181001K->44459K(494976K), 0.0020498 secs] [Times: user=0.00 sys=0.00, real=0.00 secs] 
13:38:48.160 [Curator-PathChildrenCache-0] ERROR o.a.c.f.r.c.PathChildrenCache  - 
java.lang.IllegalStateException: instance must be started before calling this method
	at org.apache.curator.shaded.com.google.common.base.Preconditions.checkState(Preconditions.java:444)
	at org.apache.curator.framework.imps.CuratorFrameworkImpl.getChildren(CuratorFrameworkImpl.java:456)
	at org.apache.curator.framework.recipes.cache.PathChildrenCache.refresh(PathChildrenCache.java:521)
	at org.apache.curator.framework.recipes.cache.RefreshOperation.invoke(RefreshOperation.java:35)
	at org.apache.curator.framework.recipes.cache.PathChildrenCache$9.run(PathChildrenCache.java:786)
	at java.util.concurrent.Executors$RunnableAdapter.call(Executors.java:511)
	at java.util.concurrent.FutureTask.run(FutureTask.java:266)
	at java.util.concurrent.Executors$RunnableAdapter.call(Executors.java:511)
	at java.util.concurrent.FutureTask.run(FutureTask.java:266)
	at java.util.concurrent.ThreadPoolExecutor.runWorker(ThreadPoolExecutor.java:1149)
	at java.util.concurrent.ThreadPoolExecutor$Worker.run(ThreadPoolExecutor.java:624)
	at java.lang.Thread.run(Thread.java:748)
Heap
 def new generation   total 153600K, used 108292K [0x00000000e0c00000, 0x00000000eb2a0000, 0x00000000eb2a0000)
  eden space 136576K,  79% used [0x00000000e0c00000, 0x00000000e758b670, 0x00000000e9160000)
  from space 17024K,   1% used [0x00000000ea200000, 0x00000000ea235cb8, 0x00000000eb2a0000)
  to   space 17024K,   0% used [0x00000000e9160000, 0x00000000e9160000, 0x00000000ea200000)
 tenured generation   total 341376K, used 44244K [0x00000000eb2a0000, 0x0000000100000000, 0x0000000100000000)
   the space 341376K,  12% used [0x00000000eb2a0000, 0x00000000eddd5088, 0x00000000eddd5200, 0x0000000100000000)
 Metaspace       used 35979K, capacity 36906K, committed 37120K, reserved 1081344K
  class space    used 4827K, capacity 5017K, committed 5120K, reserved 1048576K
