18:11:23,501 |-INFO in ch.qos.logback.classic.LoggerContext[default] - Could NOT find resource [logback-test.xml]
18:11:23,501 |-INFO in ch.qos.logback.classic.LoggerContext[default] - Could NOT find resource [logback.groovy]
18:11:23,501 |-INFO in ch.qos.logback.classic.LoggerContext[default] - Found resource [logback.xml] at [jar:file:/root/flamestream/lib/flamestream-runtime-1.0-SNAPSHOT.jar!/logback.xml]
18:11:23,502 |-WARN in ch.qos.logback.classic.LoggerContext[default] - Resource [logback.xml] occurs multiple times on the classpath.
18:11:23,502 |-WARN in ch.qos.logback.classic.LoggerContext[default] - Resource [logback.xml] occurs at [jar:file:/root/flamestream/lib/flamestream-runtime-1.0-SNAPSHOT.jar!/logback.xml]
18:11:23,502 |-WARN in ch.qos.logback.classic.LoggerContext[default] - Resource [logback.xml] occurs at [jar:file:/root/flamestream/flamestream-runtime-1.0-SNAPSHOT.jar!/logback.xml]
18:11:23,522 |-INFO in ch.qos.logback.core.joran.spi.ConfigurationWatchList@3fb6a447 - URL [jar:file:/root/flamestream/lib/flamestream-runtime-1.0-SNAPSHOT.jar!/logback.xml] is not of type file
18:11:23,587 |-INFO in ch.qos.logback.classic.joran.action.ConfigurationAction - debug attribute not set
18:11:23,588 |-INFO in ch.qos.logback.core.joran.action.AppenderAction - About to instantiate appender of type [ch.qos.logback.core.ConsoleAppender]
18:11:23,603 |-INFO in ch.qos.logback.core.joran.action.AppenderAction - Naming appender as [STDOUT]
18:11:23,624 |-INFO in ch.qos.logback.core.joran.action.NestedComplexPropertyIA - Assuming default type [ch.qos.logback.classic.encoder.PatternLayoutEncoder] for [encoder] property
18:11:23,709 |-INFO in ch.qos.logback.core.joran.action.AppenderAction - About to instantiate appender of type [ch.qos.logback.core.rolling.RollingFileAppender]
18:11:23,714 |-INFO in ch.qos.logback.core.joran.action.AppenderAction - Naming appender as [FILE]
18:11:23,744 |-INFO in c.q.l.core.rolling.TimeBasedRollingPolicy@127618319 - No compression will be used
18:11:23,746 |-INFO in c.q.l.core.rolling.TimeBasedRollingPolicy@127618319 - Will use the pattern /tmp/application_%d{yyyy-MM-dd}.%i.log for the active file
18:11:23,749 |-INFO in ch.qos.logback.core.rolling.SizeAndTimeBasedFNATP@6b2fad11 - The date pattern is 'yyyy-MM-dd' from file name pattern '/tmp/application_%d{yyyy-MM-dd}.%i.log'.
18:11:23,749 |-INFO in ch.qos.logback.core.rolling.SizeAndTimeBasedFNATP@6b2fad11 - Roll-over at midnight.
18:11:23,754 |-INFO in ch.qos.logback.core.rolling.SizeAndTimeBasedFNATP@6b2fad11 - Setting initial period to Mon Jun 10 18:09:57 UTC 2019
18:11:23,754 |-WARN in ch.qos.logback.core.rolling.SizeAndTimeBasedFNATP@6b2fad11 - SizeAndTimeBasedFNATP is deprecated. Use SizeAndTimeBasedRollingPolicy instead
18:11:23,754 |-WARN in ch.qos.logback.core.rolling.SizeAndTimeBasedFNATP@6b2fad11 - For more information see http://logback.qos.ch/manual/appenders.html#SizeAndTimeBasedRollingPolicy
18:11:23,758 |-INFO in ch.qos.logback.core.joran.action.NestedComplexPropertyIA - Assuming default type [ch.qos.logback.classic.encoder.PatternLayoutEncoder] for [encoder] property
18:11:23,763 |-INFO in ch.qos.logback.core.rolling.RollingFileAppender[FILE] - Active log file name: /tmp/application.log
18:11:23,763 |-INFO in ch.qos.logback.core.rolling.RollingFileAppender[FILE] - File property is set to [/tmp/application.log]
18:11:23,764 |-INFO in ch.qos.logback.classic.joran.action.RootLoggerAction - Setting level of ROOT logger to WARN
18:11:23,764 |-INFO in ch.qos.logback.core.joran.action.AppenderRefAction - Attaching appender named [STDOUT] to Logger[ROOT]
18:11:23,764 |-INFO in ch.qos.logback.core.joran.action.AppenderRefAction - Attaching appender named [FILE] to Logger[ROOT]
18:11:23,764 |-INFO in ch.qos.logback.classic.joran.action.ConfigurationAction - End of configuration.
18:11:23,765 |-INFO in ch.qos.logback.classic.joran.JoranConfigurator@79698539 - Registering current configuration as safe fallback point

Ama winner
Ama winner
2019-06-10T18:11:25.032+0000: 1.718: [Full GC (Metadata GC Threshold) 2019-06-10T18:11:25.032+0000: 1.718: [Tenured: 0K->15177K(341376K), 0.0392041 secs] 117686K->15177K(494976K), [Metaspace: 20733K->20733K(1067008K)], 0.0392720 secs] [Times: user=0.04 sys=0.00, real=0.04 secs] 
18:11:50.121 [Curator-PathChildrenCache-2] WARN  o.a.c.u.ZKPaths  - The version of ZooKeeper being used doesn't support Container nodes. CreateMode.PERSISTENT will be used instead.
2019-06-10T18:11:52.335+0000: 29.022: [GC (Allocation Failure) 2019-06-10T18:11:52.335+0000: 29.022: [DefNew: 136576K->17024K(153600K), 0.0274314 secs] 151753K->52584K(494976K), 0.0275044 secs] [Times: user=0.02 sys=0.01, real=0.03 secs] 
2019-06-10T18:11:54.017+0000: 30.704: [Full GC (Metadata GC Threshold) 2019-06-10T18:11:54.017+0000: 30.704: [Tenured: 35560K->44226K(341376K), 0.0621238 secs] 93892K->44226K(494976K), [Metaspace: 34549K->34549K(1079296K)], 0.0622191 secs] [Times: user=0.05 sys=0.01, real=0.06 secs] 
2019-06-10T18:11:59.149+0000: 35.836: [GC (Allocation Failure) 2019-06-10T18:11:59.149+0000: 35.836: [DefNew: 136576K->94K(153600K), 0.0019416 secs] 180802K->44320K(494976K), 0.0020026 secs] [Times: user=0.00 sys=0.00, real=0.00 secs] 
2019-06-10T18:12:04.447+0000: 41.134: [GC (Allocation Failure) 2019-06-10T18:12:04.447+0000: 41.134: [DefNew: 136670K->93K(153600K), 0.0019014 secs] 180896K->44320K(494976K), 0.0019705 secs] [Times: user=0.00 sys=0.00, real=0.00 secs] 
2019-06-10T18:12:09.639+0000: 46.326: [GC (Allocation Failure) 2019-06-10T18:12:09.640+0000: 46.326: [DefNew: 136669K->95K(153600K), 0.0019344 secs] 180896K->44321K(494976K), 0.0020106 secs] [Times: user=0.00 sys=0.00, real=0.00 secs] 
2019-06-10T18:12:14.898+0000: 51.585: [GC (Allocation Failure) 2019-06-10T18:12:14.898+0000: 51.585: [DefNew: 136671K->98K(153600K), 0.0019386 secs] 180897K->44325K(494976K), 0.0019960 secs] [Times: user=0.00 sys=0.00, real=0.00 secs] 
18:12:25.714 [Curator-PathChildrenCache-0] ERROR o.a.c.f.r.c.PathChildrenCache  - 
java.lang.IllegalStateException: instance must be started before calling this method
	at org.apache.curator.shaded.com.google.common.base.Preconditions.checkState(Preconditions.java:444)
	at org.apache.curator.framework.imps.CuratorFrameworkImpl.getChildren(CuratorFrameworkImpl.java:456)
	at org.apache.curator.framework.recipes.cache.PathChildrenCache.refresh(PathChildrenCache.java:521)
	at org.apache.curator.framework.recipes.cache.RefreshOperation.invoke(RefreshOperation.java:35)
	at org.apache.curator.framework.recipes.cache.PathChildrenCache$9.run(PathChildrenCache.java:786)
	at java.util.concurrent.Executors$RunnableAdapter.call(Executors.java:511)
	at java.util.concurrent.FutureTask.run(FutureTask.java:266)
	at java.util.concurrent.Executors$RunnableAdapter.call(Executors.java:511)
	at java.util.concurrent.FutureTask.run(FutureTask.java:266)
	at java.util.concurrent.ThreadPoolExecutor.runWorker(ThreadPoolExecutor.java:1149)
	at java.util.concurrent.ThreadPoolExecutor$Worker.run(ThreadPoolExecutor.java:624)
	at java.lang.Thread.run(Thread.java:748)
Heap
 def new generation   total 153600K, used 124693K [0x00000000e0c00000, 0x00000000eb2a0000, 0x00000000eb2a0000)
  eden space 136576K,  91% used [0x00000000e0c00000, 0x00000000e85acc30, 0x00000000e9160000)
  from space 17024K,   0% used [0x00000000ea200000, 0x00000000ea2188d8, 0x00000000eb2a0000)
  to   space 17024K,   0% used [0x00000000e9160000, 0x00000000e9160000, 0x00000000ea200000)
 tenured generation   total 341376K, used 44226K [0x00000000eb2a0000, 0x0000000100000000, 0x0000000100000000)
   the space 341376K,  12% used [0x00000000eb2a0000, 0x00000000eddd0b50, 0x00000000eddd0c00, 0x0000000100000000)
 Metaspace       used 36053K, capacity 37006K, committed 37120K, reserved 1081344K
  class space    used 4864K, capacity 5087K, committed 5120K, reserved 1048576K
