14:40:23,529 |-INFO in ch.qos.logback.classic.LoggerContext[default] - Could NOT find resource [logback-test.xml]
14:40:23,529 |-INFO in ch.qos.logback.classic.LoggerContext[default] - Could NOT find resource [logback.groovy]
14:40:23,529 |-INFO in ch.qos.logback.classic.LoggerContext[default] - Found resource [logback.xml] at [jar:file:/root/flamestream/lib/flamestream-runtime-1.0-SNAPSHOT.jar!/logback.xml]
14:40:23,530 |-WARN in ch.qos.logback.classic.LoggerContext[default] - Resource [logback.xml] occurs multiple times on the classpath.
14:40:23,530 |-WARN in ch.qos.logback.classic.LoggerContext[default] - Resource [logback.xml] occurs at [jar:file:/root/flamestream/lib/flamestream-runtime-1.0-SNAPSHOT.jar!/logback.xml]
14:40:23,530 |-WARN in ch.qos.logback.classic.LoggerContext[default] - Resource [logback.xml] occurs at [jar:file:/root/flamestream/flamestream-runtime-1.0-SNAPSHOT.jar!/logback.xml]
14:40:23,549 |-INFO in ch.qos.logback.core.joran.spi.ConfigurationWatchList@3fb6a447 - URL [jar:file:/root/flamestream/lib/flamestream-runtime-1.0-SNAPSHOT.jar!/logback.xml] is not of type file
14:40:23,614 |-INFO in ch.qos.logback.classic.joran.action.ConfigurationAction - debug attribute not set
14:40:23,615 |-INFO in ch.qos.logback.core.joran.action.AppenderAction - About to instantiate appender of type [ch.qos.logback.core.ConsoleAppender]
14:40:23,631 |-INFO in ch.qos.logback.core.joran.action.AppenderAction - Naming appender as [STDOUT]
14:40:23,651 |-INFO in ch.qos.logback.core.joran.action.NestedComplexPropertyIA - Assuming default type [ch.qos.logback.classic.encoder.PatternLayoutEncoder] for [encoder] property
14:40:23,745 |-INFO in ch.qos.logback.core.joran.action.AppenderAction - About to instantiate appender of type [ch.qos.logback.core.rolling.RollingFileAppender]
14:40:23,754 |-INFO in ch.qos.logback.core.joran.action.AppenderAction - Naming appender as [FILE]
14:40:23,783 |-INFO in c.q.l.core.rolling.TimeBasedRollingPolicy@127618319 - No compression will be used
14:40:23,784 |-INFO in c.q.l.core.rolling.TimeBasedRollingPolicy@127618319 - Will use the pattern /tmp/application_%d{yyyy-MM-dd}.%i.log for the active file
14:40:23,787 |-INFO in ch.qos.logback.core.rolling.SizeAndTimeBasedFNATP@6b2fad11 - The date pattern is 'yyyy-MM-dd' from file name pattern '/tmp/application_%d{yyyy-MM-dd}.%i.log'.
14:40:23,787 |-INFO in ch.qos.logback.core.rolling.SizeAndTimeBasedFNATP@6b2fad11 - Roll-over at midnight.
14:40:23,792 |-INFO in ch.qos.logback.core.rolling.SizeAndTimeBasedFNATP@6b2fad11 - Setting initial period to Mon Jun 10 14:38:58 UTC 2019
14:40:23,792 |-WARN in ch.qos.logback.core.rolling.SizeAndTimeBasedFNATP@6b2fad11 - SizeAndTimeBasedFNATP is deprecated. Use SizeAndTimeBasedRollingPolicy instead
14:40:23,792 |-WARN in ch.qos.logback.core.rolling.SizeAndTimeBasedFNATP@6b2fad11 - For more information see http://logback.qos.ch/manual/appenders.html#SizeAndTimeBasedRollingPolicy
14:40:23,796 |-INFO in ch.qos.logback.core.joran.action.NestedComplexPropertyIA - Assuming default type [ch.qos.logback.classic.encoder.PatternLayoutEncoder] for [encoder] property
14:40:23,801 |-INFO in ch.qos.logback.core.rolling.RollingFileAppender[FILE] - Active log file name: /tmp/application.log
14:40:23,801 |-INFO in ch.qos.logback.core.rolling.RollingFileAppender[FILE] - File property is set to [/tmp/application.log]
14:40:23,802 |-INFO in ch.qos.logback.classic.joran.action.RootLoggerAction - Setting level of ROOT logger to WARN
14:40:23,802 |-INFO in ch.qos.logback.core.joran.action.AppenderRefAction - Attaching appender named [STDOUT] to Logger[ROOT]
14:40:23,804 |-INFO in ch.qos.logback.core.joran.action.AppenderRefAction - Attaching appender named [FILE] to Logger[ROOT]
14:40:23,804 |-INFO in ch.qos.logback.classic.joran.action.ConfigurationAction - End of configuration.
14:40:23,805 |-INFO in ch.qos.logback.classic.joran.JoranConfigurator@79698539 - Registering current configuration as safe fallback point

Ama winner
Ama winner
2019-06-10T14:40:25.067+0000: 1.724: [Full GC (Metadata GC Threshold) 2019-06-10T14:40:25.067+0000: 1.724: [Tenured: 0K->15176K(341376K), 0.0408691 secs] 114923K->15176K(494976K), [Metaspace: 20735K->20735K(1067008K)], 0.0409371 secs] [Times: user=0.04 sys=0.00, real=0.04 secs] 
14:40:45.429 [Curator-PathChildrenCache-1] WARN  o.a.c.u.ZKPaths  - The version of ZooKeeper being used doesn't support Container nodes. CreateMode.PERSISTENT will be used instead.
2019-06-10T14:40:47.896+0000: 24.554: [GC (Allocation Failure) 2019-06-10T14:40:47.897+0000: 24.554: [DefNew: 136576K->17023K(153600K), 0.0286553 secs] 151752K->52733K(494976K), 0.0287216 secs] [Times: user=0.02 sys=0.01, real=0.03 secs] 
2019-06-10T14:40:48.895+0000: 25.553: [Full GC (Metadata GC Threshold) 2019-06-10T14:40:48.895+0000: 25.553: [Tenured: 35709K->44475K(341376K), 0.0400178 secs] 77679K->44475K(494976K), [Metaspace: 34581K->34581K(1079296K)], 0.0400931 secs] [Times: user=0.04 sys=0.00, real=0.04 secs] 
2019-06-10T14:40:52.331+0000: 28.988: [GC (Allocation Failure) 2019-06-10T14:40:52.331+0000: 28.988: [DefNew: 136576K->120K(153600K), 0.0019640 secs] 181051K->44595K(494976K), 0.0020217 secs] [Times: user=0.01 sys=0.00, real=0.00 secs] 
2019-06-10T14:40:55.755+0000: 32.413: [GC (Allocation Failure) 2019-06-10T14:40:55.755+0000: 32.413: [DefNew: 136696K->128K(153600K), 0.0018044 secs] 181171K->44604K(494976K), 0.0018642 secs] [Times: user=0.00 sys=0.00, real=0.01 secs] 
2019-06-10T14:40:59.303+0000: 35.960: [GC (Allocation Failure) 2019-06-10T14:40:59.303+0000: 35.960: [DefNew: 136704K->132K(153600K), 0.0017524 secs] 181180K->44608K(494976K), 0.0018183 secs] [Times: user=0.00 sys=0.00, real=0.01 secs] 
14:41:06.995 [Curator-PathChildrenCache-0] ERROR o.a.c.f.r.c.PathChildrenCache  - 
java.lang.IllegalStateException: instance must be started before calling this method
	at org.apache.curator.shaded.com.google.common.base.Preconditions.checkState(Preconditions.java:444)
	at org.apache.curator.framework.imps.CuratorFrameworkImpl.getChildren(CuratorFrameworkImpl.java:456)
	at org.apache.curator.framework.recipes.cache.PathChildrenCache.refresh(PathChildrenCache.java:521)
	at org.apache.curator.framework.recipes.cache.RefreshOperation.invoke(RefreshOperation.java:35)
	at org.apache.curator.framework.recipes.cache.PathChildrenCache$9.run(PathChildrenCache.java:786)
	at java.util.concurrent.Executors$RunnableAdapter.call(Executors.java:511)
	at java.util.concurrent.FutureTask.run(FutureTask.java:266)
	at java.util.concurrent.Executors$RunnableAdapter.call(Executors.java:511)
	at java.util.concurrent.FutureTask.run(FutureTask.java:266)
	at java.util.concurrent.ThreadPoolExecutor.runWorker(ThreadPoolExecutor.java:1149)
	at java.util.concurrent.ThreadPoolExecutor$Worker.run(ThreadPoolExecutor.java:624)
	at java.lang.Thread.run(Thread.java:748)
Heap
 def new generation   total 153600K, used 95581K [0x00000000e0c00000, 0x00000000eb2a0000, 0x00000000eb2a0000)
  eden space 136576K,  69% used [0x00000000e0c00000, 0x00000000e69361f0, 0x00000000e9160000)
  from space 17024K,   0% used [0x00000000e9160000, 0x00000000e9181350, 0x00000000ea200000)
  to   space 17024K,   0% used [0x00000000ea200000, 0x00000000ea200000, 0x00000000eb2a0000)
 tenured generation   total 341376K, used 44475K [0x00000000eb2a0000, 0x0000000100000000, 0x0000000100000000)
   the space 341376K,  13% used [0x00000000eb2a0000, 0x00000000ede0eef8, 0x00000000ede0f000, 0x0000000100000000)
 Metaspace       used 35756K, capacity 36640K, committed 36864K, reserved 1081344K
  class space    used 4828K, capacity 5042K, committed 5120K, reserved 1048576K
