16:05:26,631 |-INFO in ch.qos.logback.classic.LoggerContext[default] - Could NOT find resource [logback-test.xml]
16:05:26,631 |-INFO in ch.qos.logback.classic.LoggerContext[default] - Could NOT find resource [logback.groovy]
16:05:26,632 |-INFO in ch.qos.logback.classic.LoggerContext[default] - Found resource [logback.xml] at [jar:file:/root/flamestream/lib/flamestream-runtime-1.0-SNAPSHOT.jar!/logback.xml]
16:05:26,633 |-WARN in ch.qos.logback.classic.LoggerContext[default] - Resource [logback.xml] occurs multiple times on the classpath.
16:05:26,633 |-WARN in ch.qos.logback.classic.LoggerContext[default] - Resource [logback.xml] occurs at [jar:file:/root/flamestream/lib/flamestream-runtime-1.0-SNAPSHOT.jar!/logback.xml]
16:05:26,633 |-WARN in ch.qos.logback.classic.LoggerContext[default] - Resource [logback.xml] occurs at [jar:file:/root/flamestream/flamestream-runtime-1.0-SNAPSHOT.jar!/logback.xml]
16:05:26,653 |-INFO in ch.qos.logback.core.joran.spi.ConfigurationWatchList@3fb6a447 - URL [jar:file:/root/flamestream/lib/flamestream-runtime-1.0-SNAPSHOT.jar!/logback.xml] is not of type file
16:05:26,724 |-INFO in ch.qos.logback.classic.joran.action.ConfigurationAction - debug attribute not set
16:05:26,725 |-INFO in ch.qos.logback.core.joran.action.AppenderAction - About to instantiate appender of type [ch.qos.logback.core.ConsoleAppender]
16:05:26,741 |-INFO in ch.qos.logback.core.joran.action.AppenderAction - Naming appender as [STDOUT]
16:05:26,760 |-INFO in ch.qos.logback.core.joran.action.NestedComplexPropertyIA - Assuming default type [ch.qos.logback.classic.encoder.PatternLayoutEncoder] for [encoder] property
16:05:26,845 |-INFO in ch.qos.logback.core.joran.action.AppenderAction - About to instantiate appender of type [ch.qos.logback.core.rolling.RollingFileAppender]
16:05:26,850 |-INFO in ch.qos.logback.core.joran.action.AppenderAction - Naming appender as [FILE]
16:05:26,882 |-INFO in c.q.l.core.rolling.TimeBasedRollingPolicy@127618319 - No compression will be used
16:05:26,884 |-INFO in c.q.l.core.rolling.TimeBasedRollingPolicy@127618319 - Will use the pattern /tmp/application_%d{yyyy-MM-dd}.%i.log for the active file
16:05:26,887 |-INFO in ch.qos.logback.core.rolling.SizeAndTimeBasedFNATP@6b2fad11 - The date pattern is 'yyyy-MM-dd' from file name pattern '/tmp/application_%d{yyyy-MM-dd}.%i.log'.
16:05:26,887 |-INFO in ch.qos.logback.core.rolling.SizeAndTimeBasedFNATP@6b2fad11 - Roll-over at midnight.
16:05:26,892 |-INFO in ch.qos.logback.core.rolling.SizeAndTimeBasedFNATP@6b2fad11 - Setting initial period to Mon Jun 10 16:04:05 UTC 2019
16:05:26,892 |-WARN in ch.qos.logback.core.rolling.SizeAndTimeBasedFNATP@6b2fad11 - SizeAndTimeBasedFNATP is deprecated. Use SizeAndTimeBasedRollingPolicy instead
16:05:26,892 |-WARN in ch.qos.logback.core.rolling.SizeAndTimeBasedFNATP@6b2fad11 - For more information see http://logback.qos.ch/manual/appenders.html#SizeAndTimeBasedRollingPolicy
16:05:26,896 |-INFO in ch.qos.logback.core.joran.action.NestedComplexPropertyIA - Assuming default type [ch.qos.logback.classic.encoder.PatternLayoutEncoder] for [encoder] property
16:05:26,901 |-INFO in ch.qos.logback.core.rolling.RollingFileAppender[FILE] - Active log file name: /tmp/application.log
16:05:26,901 |-INFO in ch.qos.logback.core.rolling.RollingFileAppender[FILE] - File property is set to [/tmp/application.log]
16:05:26,901 |-INFO in ch.qos.logback.classic.joran.action.RootLoggerAction - Setting level of ROOT logger to WARN
16:05:26,902 |-INFO in ch.qos.logback.core.joran.action.AppenderRefAction - Attaching appender named [STDOUT] to Logger[ROOT]
16:05:26,904 |-INFO in ch.qos.logback.core.joran.action.AppenderRefAction - Attaching appender named [FILE] to Logger[ROOT]
16:05:26,904 |-INFO in ch.qos.logback.classic.joran.action.ConfigurationAction - End of configuration.
16:05:26,904 |-INFO in ch.qos.logback.classic.joran.JoranConfigurator@79698539 - Registering current configuration as safe fallback point

Ama winner
Ama winner
2019-06-10T16:05:28.215+0000: 1.768: [Full GC (Metadata GC Threshold) 2019-06-10T16:05:28.215+0000: 1.768: [Tenured: 0K->15176K(341376K), 0.0411487 secs] 114988K->15176K(494976K), [Metaspace: 20729K->20729K(1067008K)], 0.0412206 secs] [Times: user=0.04 sys=0.00, real=0.04 secs] 
16:05:46.316 [Curator-PathChildrenCache-1] WARN  o.a.c.u.ZKPaths  - The version of ZooKeeper being used doesn't support Container nodes. CreateMode.PERSISTENT will be used instead.
2019-06-10T16:05:48.516+0000: 22.068: [GC (Allocation Failure) 2019-06-10T16:05:48.516+0000: 22.068: [DefNew: 136576K->17024K(153600K), 0.0254921 secs] 151752K->52705K(494976K), 0.0255636 secs] [Times: user=0.02 sys=0.01, real=0.02 secs] 
2019-06-10T16:05:50.938+0000: 24.490: [Full GC (Metadata GC Threshold) 2019-06-10T16:05:50.938+0000: 24.490: [Tenured: 35681K->44420K(341376K), 0.0523848 secs] 138539K->44420K(494976K), [Metaspace: 34590K->34590K(1079296K)], 0.0524601 secs] [Times: user=0.05 sys=0.00, real=0.05 secs] 
2019-06-10T16:05:53.310+0000: 26.862: [GC (Allocation Failure) 2019-06-10T16:05:53.310+0000: 26.862: [DefNew: 136576K->51K(153600K), 0.0017366 secs] 180996K->44472K(494976K), 0.0017963 secs] [Times: user=0.00 sys=0.00, real=0.00 secs] 
2019-06-10T16:05:55.817+0000: 29.369: [GC (Allocation Failure) 2019-06-10T16:05:55.817+0000: 29.369: [DefNew: 136627K->66K(153600K), 0.0017053 secs] 181048K->44487K(494976K), 0.0017663 secs] [Times: user=0.00 sys=0.00, real=0.00 secs] 
2019-06-10T16:06:07.963+0000: 41.516: [GC (Allocation Failure) 2019-06-10T16:06:07.963+0000: 41.516: [DefNew: 136642K->410K(153600K), 0.0039331 secs] 181063K->44831K(494976K), 0.0039966 secs] [Times: user=0.00 sys=0.00, real=0.01 secs] 
16:06:07.962 [Curator-PathChildrenCache-0] ERROR o.a.c.f.r.c.PathChildrenCache  - 
java.lang.IllegalStateException: instance must be started before calling this method
	at org.apache.curator.shaded.com.google.common.base.Preconditions.checkState(Preconditions.java:444)
	at org.apache.curator.framework.imps.CuratorFrameworkImpl.getChildren(CuratorFrameworkImpl.java:456)
	at org.apache.curator.framework.recipes.cache.PathChildrenCache.refresh(PathChildrenCache.java:521)
	at org.apache.curator.framework.recipes.cache.RefreshOperation.invoke(RefreshOperation.java:35)
	at org.apache.curator.framework.recipes.cache.PathChildrenCache$9.run(PathChildrenCache.java:786)
	at java.util.concurrent.Executors$RunnableAdapter.call(Executors.java:511)
	at java.util.concurrent.FutureTask.run(FutureTask.java:266)
	at java.util.concurrent.Executors$RunnableAdapter.call(Executors.java:511)
	at java.util.concurrent.FutureTask.run(FutureTask.java:266)
	at java.util.concurrent.ThreadPoolExecutor.runWorker(ThreadPoolExecutor.java:1149)
	at java.util.concurrent.ThreadPoolExecutor$Worker.run(ThreadPoolExecutor.java:624)
	at java.lang.Thread.run(Thread.java:748)
Heap
 def new generation   total 153600K, used 11598K [0x00000000e0c00000, 0x00000000eb2a0000, 0x00000000eb2a0000)
  eden space 136576K,   8% used [0x00000000e0c00000, 0x00000000e16ed038, 0x00000000e9160000)
  from space 17024K,   2% used [0x00000000e9160000, 0x00000000e91c6aa8, 0x00000000ea200000)
  to   space 17024K,   0% used [0x00000000ea200000, 0x00000000ea200000, 0x00000000eb2a0000)
 tenured generation   total 341376K, used 44420K [0x00000000eb2a0000, 0x0000000100000000, 0x0000000100000000)
   the space 341376K,  13% used [0x00000000eb2a0000, 0x00000000ede01360, 0x00000000ede01400, 0x0000000100000000)
 Metaspace       used 35658K, capacity 36544K, committed 36864K, reserved 1081344K
  class space    used 4812K, capacity 5010K, committed 5120K, reserved 1048576K
