07:49:46,214 |-INFO in ch.qos.logback.classic.LoggerContext[default] - Could NOT find resource [logback-test.xml]
07:49:46,214 |-INFO in ch.qos.logback.classic.LoggerContext[default] - Could NOT find resource [logback.groovy]
07:49:46,214 |-INFO in ch.qos.logback.classic.LoggerContext[default] - Found resource [logback.xml] at [jar:file:/root/flamestream/lib/flamestream-runtime-1.0-SNAPSHOT.jar!/logback.xml]
07:49:46,220 |-WARN in ch.qos.logback.classic.LoggerContext[default] - Resource [logback.xml] occurs multiple times on the classpath.
07:49:46,220 |-WARN in ch.qos.logback.classic.LoggerContext[default] - Resource [logback.xml] occurs at [jar:file:/root/flamestream/lib/flamestream-runtime-1.0-SNAPSHOT.jar!/logback.xml]
07:49:46,220 |-WARN in ch.qos.logback.classic.LoggerContext[default] - Resource [logback.xml] occurs at [jar:file:/root/flamestream/flamestream-runtime-1.0-SNAPSHOT.jar!/logback.xml]
07:49:46,242 |-INFO in ch.qos.logback.core.joran.spi.ConfigurationWatchList@3fb6a447 - URL [jar:file:/root/flamestream/lib/flamestream-runtime-1.0-SNAPSHOT.jar!/logback.xml] is not of type file
07:49:46,309 |-INFO in ch.qos.logback.classic.joran.action.ConfigurationAction - debug attribute not set
07:49:46,309 |-INFO in ch.qos.logback.core.joran.action.AppenderAction - About to instantiate appender of type [ch.qos.logback.core.ConsoleAppender]
07:49:46,326 |-INFO in ch.qos.logback.core.joran.action.AppenderAction - Naming appender as [STDOUT]
07:49:46,347 |-INFO in ch.qos.logback.core.joran.action.NestedComplexPropertyIA - Assuming default type [ch.qos.logback.classic.encoder.PatternLayoutEncoder] for [encoder] property
07:49:46,438 |-INFO in ch.qos.logback.core.joran.action.AppenderAction - About to instantiate appender of type [ch.qos.logback.core.rolling.RollingFileAppender]
07:49:46,447 |-INFO in ch.qos.logback.core.joran.action.AppenderAction - Naming appender as [FILE]
07:49:46,478 |-INFO in c.q.l.core.rolling.TimeBasedRollingPolicy@127618319 - No compression will be used
07:49:46,479 |-INFO in c.q.l.core.rolling.TimeBasedRollingPolicy@127618319 - Will use the pattern /tmp/application_%d{yyyy-MM-dd}.%i.log for the active file
07:49:46,482 |-INFO in ch.qos.logback.core.rolling.SizeAndTimeBasedFNATP@6b2fad11 - The date pattern is 'yyyy-MM-dd' from file name pattern '/tmp/application_%d{yyyy-MM-dd}.%i.log'.
07:49:46,482 |-INFO in ch.qos.logback.core.rolling.SizeAndTimeBasedFNATP@6b2fad11 - Roll-over at midnight.
07:49:46,488 |-INFO in ch.qos.logback.core.rolling.SizeAndTimeBasedFNATP@6b2fad11 - Setting initial period to Tue Jun 11 07:48:21 UTC 2019
07:49:46,488 |-WARN in ch.qos.logback.core.rolling.SizeAndTimeBasedFNATP@6b2fad11 - SizeAndTimeBasedFNATP is deprecated. Use SizeAndTimeBasedRollingPolicy instead
07:49:46,488 |-WARN in ch.qos.logback.core.rolling.SizeAndTimeBasedFNATP@6b2fad11 - For more information see http://logback.qos.ch/manual/appenders.html#SizeAndTimeBasedRollingPolicy
07:49:46,492 |-INFO in ch.qos.logback.core.joran.action.NestedComplexPropertyIA - Assuming default type [ch.qos.logback.classic.encoder.PatternLayoutEncoder] for [encoder] property
07:49:46,496 |-INFO in ch.qos.logback.core.rolling.RollingFileAppender[FILE] - Active log file name: /tmp/application.log
07:49:46,496 |-INFO in ch.qos.logback.core.rolling.RollingFileAppender[FILE] - File property is set to [/tmp/application.log]
07:49:46,497 |-INFO in ch.qos.logback.classic.joran.action.RootLoggerAction - Setting level of ROOT logger to WARN
07:49:46,497 |-INFO in ch.qos.logback.core.joran.action.AppenderRefAction - Attaching appender named [STDOUT] to Logger[ROOT]
07:49:46,499 |-INFO in ch.qos.logback.core.joran.action.AppenderRefAction - Attaching appender named [FILE] to Logger[ROOT]
07:49:46,499 |-INFO in ch.qos.logback.classic.joran.action.ConfigurationAction - End of configuration.
07:49:46,500 |-INFO in ch.qos.logback.classic.joran.JoranConfigurator@79698539 - Registering current configuration as safe fallback point

Ama winner
Ama winner
2019-06-11T07:49:48.086+0000: 2.060: [Full GC (Metadata GC Threshold) 2019-06-11T07:49:48.086+0000: 2.060: [Tenured: 0K->15208K(341376K), 0.0394101 secs] 117718K->15208K(494976K), [Metaspace: 20733K->20733K(1067008K)], 0.0394774 secs] [Times: user=0.03 sys=0.00, real=0.03 secs] 
07:50:05.560 [Curator-PathChildrenCache-2] WARN  o.a.c.u.ZKPaths  - The version of ZooKeeper being used doesn't support Container nodes. CreateMode.PERSISTENT will be used instead.
2019-06-11T07:50:07.712+0000: 21.685: [GC (Allocation Failure) 2019-06-11T07:50:07.712+0000: 21.686: [DefNew: 136576K->17023K(153600K), 0.0290115 secs] 151784K->52606K(494976K), 0.0290792 secs] [Times: user=0.02 sys=0.01, real=0.03 secs] 
2019-06-11T07:50:10.656+0000: 24.630: [GC (Allocation Failure) 2019-06-11T07:50:10.656+0000: 24.630: [DefNew: 153599K->204K(153600K), 0.0098014 secs] 189182K->43955K(494976K), 0.0098656 secs] [Times: user=0.01 sys=0.00, real=0.00 secs] 
2019-06-11T07:50:11.202+0000: 25.176: [Full GC (Metadata GC Threshold) 2019-06-11T07:50:11.203+0000: 25.176: [Tenured: 43750K->43942K(341376K), 0.0392810 secs] 85307K->43942K(494976K), [Metaspace: 34620K->34620K(1079296K)], 0.0393553 secs] [Times: user=0.04 sys=0.00, real=0.04 secs] 
2019-06-11T07:50:13.309+0000: 27.283: [GC (Allocation Failure) 2019-06-11T07:50:13.309+0000: 27.283: [DefNew: 136576K->40K(153600K), 0.0016730 secs] 180518K->43983K(494976K), 0.0017354 secs] [Times: user=0.00 sys=0.00, real=0.00 secs] 
2019-06-11T07:50:15.416+0000: 29.390: [GC (Allocation Failure) 2019-06-11T07:50:15.416+0000: 29.390: [DefNew: 136616K->55K(153600K), 0.0015690 secs] 180559K->43998K(494976K), 0.0016376 secs] [Times: user=0.00 sys=0.00, real=0.00 secs] 
07:50:23.071 [Curator-PathChildrenCache-0] ERROR o.a.c.f.r.c.PathChildrenCache  - 
java.lang.IllegalStateException: instance must be started before calling this method
	at org.apache.curator.shaded.com.google.common.base.Preconditions.checkState(Preconditions.java:444)
	at org.apache.curator.framework.imps.CuratorFrameworkImpl.getChildren(CuratorFrameworkImpl.java:456)
	at org.apache.curator.framework.recipes.cache.PathChildrenCache.refresh(PathChildrenCache.java:521)
	at org.apache.curator.framework.recipes.cache.RefreshOperation.invoke(RefreshOperation.java:35)
	at org.apache.curator.framework.recipes.cache.PathChildrenCache$9.run(PathChildrenCache.java:786)
	at java.util.concurrent.Executors$RunnableAdapter.call(Executors.java:511)
	at java.util.concurrent.FutureTask.run(FutureTask.java:266)
	at java.util.concurrent.Executors$RunnableAdapter.call(Executors.java:511)
	at java.util.concurrent.FutureTask.run(FutureTask.java:266)
	at java.util.concurrent.ThreadPoolExecutor.runWorker(ThreadPoolExecutor.java:1149)
	at java.util.concurrent.ThreadPoolExecutor$Worker.run(ThreadPoolExecutor.java:624)
	at java.lang.Thread.run(Thread.java:748)
Heap
 def new generation   total 153600K, used 120461K [0x00000000e0c00000, 0x00000000eb2a0000, 0x00000000eb2a0000)
  eden space 136576K,  88% used [0x00000000e0c00000, 0x00000000e81955b0, 0x00000000e9160000)
  from space 17024K,   0% used [0x00000000e9160000, 0x00000000e916dfb0, 0x00000000ea200000)
  to   space 17024K,   0% used [0x00000000ea200000, 0x00000000ea200000, 0x00000000eb2a0000)
 tenured generation   total 341376K, used 43942K [0x00000000eb2a0000, 0x0000000100000000, 0x0000000100000000)
   the space 341376K,  12% used [0x00000000eb2a0000, 0x00000000edd89a78, 0x00000000edd89c00, 0x0000000100000000)
 Metaspace       used 35613K, capacity 36512K, committed 36864K, reserved 1081344K
  class space    used 4824K, capacity 5042K, committed 5120K, reserved 1048576K
