08:19:31,758 |-INFO in ch.qos.logback.classic.LoggerContext[default] - Could NOT find resource [logback-test.xml]
08:19:31,758 |-INFO in ch.qos.logback.classic.LoggerContext[default] - Could NOT find resource [logback.groovy]
08:19:31,758 |-INFO in ch.qos.logback.classic.LoggerContext[default] - Found resource [logback.xml] at [jar:file:/home/nikitasokolov/flamestream/lib/flamestream-runtime-1.0-SNAPSHOT.jar!/logback.xml]
08:19:31,759 |-WARN in ch.qos.logback.classic.LoggerContext[default] - Resource [logback.xml] occurs multiple times on the classpath.
08:19:31,759 |-WARN in ch.qos.logback.classic.LoggerContext[default] - Resource [logback.xml] occurs at [jar:file:/home/nikitasokolov/flamestream/lib/flamestream-runtime-1.0-SNAPSHOT.jar!/logback.xml]
08:19:31,759 |-WARN in ch.qos.logback.classic.LoggerContext[default] - Resource [logback.xml] occurs at [jar:file:/home/nikitasokolov/flamestream/flamestream-runtime-1.0-SNAPSHOT.jar!/logback.xml]
08:19:31,775 |-INFO in ch.qos.logback.core.joran.spi.ConfigurationWatchList@6108b2d7 - URL [jar:file:/home/nikitasokolov/flamestream/lib/flamestream-runtime-1.0-SNAPSHOT.jar!/logback.xml] is not of type file
08:19:31,828 |-INFO in ch.qos.logback.classic.joran.action.ConfigurationAction - debug attribute not set
08:19:31,828 |-INFO in ch.qos.logback.core.joran.action.AppenderAction - About to instantiate appender of type [ch.qos.logback.core.ConsoleAppender]
08:19:31,836 |-INFO in ch.qos.logback.core.joran.action.AppenderAction - Naming appender as [STDOUT]
08:19:31,844 |-INFO in ch.qos.logback.core.joran.action.NestedComplexPropertyIA - Assuming default type [ch.qos.logback.classic.encoder.PatternLayoutEncoder] for [encoder] property
08:19:31,896 |-INFO in ch.qos.logback.core.joran.action.AppenderAction - About to instantiate appender of type [ch.qos.logback.core.rolling.RollingFileAppender]
08:19:31,901 |-INFO in ch.qos.logback.core.joran.action.AppenderAction - Naming appender as [FILE]
08:19:31,922 |-INFO in c.q.l.core.rolling.TimeBasedRollingPolicy@357863579 - No compression will be used
08:19:31,924 |-INFO in c.q.l.core.rolling.TimeBasedRollingPolicy@357863579 - Will use the pattern /tmp/application_%d{yyyy-MM-dd}.%i.log for the active file
08:19:31,926 |-INFO in ch.qos.logback.core.rolling.SizeAndTimeBasedFNATP@6bf256fa - The date pattern is 'yyyy-MM-dd' from file name pattern '/tmp/application_%d{yyyy-MM-dd}.%i.log'.
08:19:31,926 |-INFO in ch.qos.logback.core.rolling.SizeAndTimeBasedFNATP@6bf256fa - Roll-over at midnight.
08:19:31,930 |-INFO in ch.qos.logback.core.rolling.SizeAndTimeBasedFNATP@6bf256fa - Setting initial period to Mon Jun 10 08:18:48 MSK 2019
08:19:31,930 |-WARN in ch.qos.logback.core.rolling.SizeAndTimeBasedFNATP@6bf256fa - SizeAndTimeBasedFNATP is deprecated. Use SizeAndTimeBasedRollingPolicy instead
08:19:31,930 |-WARN in ch.qos.logback.core.rolling.SizeAndTimeBasedFNATP@6bf256fa - For more information see http://logback.qos.ch/manual/appenders.html#SizeAndTimeBasedRollingPolicy
08:19:31,935 |-INFO in ch.qos.logback.core.joran.action.NestedComplexPropertyIA - Assuming default type [ch.qos.logback.classic.encoder.PatternLayoutEncoder] for [encoder] property
08:19:31,937 |-INFO in ch.qos.logback.core.rolling.RollingFileAppender[FILE] - Active log file name: /tmp/application.log
08:19:31,937 |-INFO in ch.qos.logback.core.rolling.RollingFileAppender[FILE] - File property is set to [/tmp/application.log]
08:19:31,939 |-INFO in ch.qos.logback.classic.joran.action.RootLoggerAction - Setting level of ROOT logger to WARN
08:19:31,939 |-INFO in ch.qos.logback.core.joran.action.AppenderRefAction - Attaching appender named [STDOUT] to Logger[ROOT]
08:19:31,939 |-INFO in ch.qos.logback.core.joran.action.AppenderRefAction - Attaching appender named [FILE] to Logger[ROOT]
08:19:31,939 |-INFO in ch.qos.logback.classic.joran.action.ConfigurationAction - End of configuration.
08:19:31,940 |-INFO in ch.qos.logback.classic.joran.JoranConfigurator@6cd8737 - Registering current configuration as safe fallback point

2019-06-10T08:19:32.924+0300: 1.357: [GC (Metadata GC Threshold) [PSYoungGen: 110722K->15857K(149504K)] 110722K->15937K(491008K), 0.0222452 secs] [Times: user=0.09 sys=0.04, real=0.02 secs] 
2019-06-10T08:19:32.947+0300: 1.380: [Full GC (Metadata GC Threshold) [PSYoungGen: 15857K->0K(149504K)] [ParOldGen: 80K->15078K(341504K)] 15937K->15078K(491008K), [Metaspace: 20801K->20801K(1067008K)], 0.0268099 secs] [Times: user=0.16 sys=0.02, real=0.03 secs] 
08:19:42.209 [Curator-PathChildrenCache-1] WARN  o.a.c.u.ZKPaths  - The version of ZooKeeper being used doesn't support Container nodes. CreateMode.PERSISTENT will be used instead.
2019-06-10T08:19:43.221+0300: 11.654: [GC (Metadata GC Threshold) [PSYoungGen: 121286K->16453K(149504K)] 136365K->51071K(491008K), 0.0248310 secs] [Times: user=0.19 sys=0.02, real=0.02 secs] 
2019-06-10T08:19:43.246+0300: 11.679: [Full GC (Metadata GC Threshold) [PSYoungGen: 16453K->0K(149504K)] [ParOldGen: 34617K->39592K(341504K)] 51071K->39592K(491008K), [Metaspace: 34463K->34463K(1079296K)], 0.0321923 secs] [Times: user=0.17 sys=0.01, real=0.04 secs] 
2019-06-10T08:20:00.643+0300: 29.076: [GC (Allocation Failure) [PSYoungGen: 128512K->544K(149504K)] 168104K->40144K(491008K), 0.0053925 secs] [Times: user=0.05 sys=0.00, real=0.00 secs] 
08:20:12.456 [Curator-PathChildrenCache-0] ERROR o.a.c.f.r.c.PathChildrenCache  - 
java.lang.IllegalStateException: instance must be started before calling this method
	at org.apache.curator.shaded.com.google.common.base.Preconditions.checkState(Preconditions.java:444)
	at org.apache.curator.framework.imps.CuratorFrameworkImpl.getChildren(CuratorFrameworkImpl.java:456)
	at org.apache.curator.framework.recipes.cache.PathChildrenCache.refresh(PathChildrenCache.java:521)
	at org.apache.curator.framework.recipes.cache.RefreshOperation.invoke(RefreshOperation.java:35)
	at org.apache.curator.framework.recipes.cache.PathChildrenCache$9.run(PathChildrenCache.java:786)
	at java.util.concurrent.Executors$RunnableAdapter.call(Executors.java:511)
	at java.util.concurrent.FutureTask.run(FutureTask.java:266)
	at java.util.concurrent.Executors$RunnableAdapter.call(Executors.java:511)
	at java.util.concurrent.FutureTask.run(FutureTask.java:266)
	at java.util.concurrent.ThreadPoolExecutor.runWorker(ThreadPoolExecutor.java:1149)
	at java.util.concurrent.ThreadPoolExecutor$Worker.run(ThreadPoolExecutor.java:624)
	at java.lang.Thread.run(Thread.java:748)
Heap
 PSYoungGen      total 149504K, used 65291K [0x00000000f5980000, 0x0000000100000000, 0x0000000100000000)
  eden space 128512K, 50% used [0x00000000f5980000,0x00000000f98baf40,0x00000000fd700000)
  from space 20992K, 2% used [0x00000000fd700000,0x00000000fd788030,0x00000000feb80000)
  to   space 20992K, 0% used [0x00000000feb80000,0x00000000feb80000,0x0000000100000000)
 ParOldGen       total 341504K, used 39600K [0x00000000e0c00000, 0x00000000f5980000, 0x00000000f5980000)
  object space 341504K, 11% used [0x00000000e0c00000,0x00000000e32ac1e0,0x00000000f5980000)
 Metaspace       used 35654K, capacity 36526K, committed 36696K, reserved 1081344K
  class space    used 4934K, capacity 5135K, committed 5248K, reserved 1048576K
