15:00:39,934 |-INFO in ch.qos.logback.classic.LoggerContext[default] - Could NOT find resource [logback-test.xml]
15:00:39,934 |-INFO in ch.qos.logback.classic.LoggerContext[default] - Could NOT find resource [logback.groovy]
15:00:39,934 |-INFO in ch.qos.logback.classic.LoggerContext[default] - Found resource [logback.xml] at [jar:file:/root/flamestream/lib/flamestream-runtime-1.0-SNAPSHOT.jar!/logback.xml]
15:00:39,935 |-WARN in ch.qos.logback.classic.LoggerContext[default] - Resource [logback.xml] occurs multiple times on the classpath.
15:00:39,935 |-WARN in ch.qos.logback.classic.LoggerContext[default] - Resource [logback.xml] occurs at [jar:file:/root/flamestream/lib/flamestream-runtime-1.0-SNAPSHOT.jar!/logback.xml]
15:00:39,935 |-WARN in ch.qos.logback.classic.LoggerContext[default] - Resource [logback.xml] occurs at [jar:file:/root/flamestream/flamestream-runtime-1.0-SNAPSHOT.jar!/logback.xml]
15:00:39,954 |-INFO in ch.qos.logback.core.joran.spi.ConfigurationWatchList@3fb6a447 - URL [jar:file:/root/flamestream/lib/flamestream-runtime-1.0-SNAPSHOT.jar!/logback.xml] is not of type file
15:00:40,021 |-INFO in ch.qos.logback.classic.joran.action.ConfigurationAction - debug attribute not set
15:00:40,021 |-INFO in ch.qos.logback.core.joran.action.AppenderAction - About to instantiate appender of type [ch.qos.logback.core.ConsoleAppender]
15:00:40,036 |-INFO in ch.qos.logback.core.joran.action.AppenderAction - Naming appender as [STDOUT]
15:00:40,057 |-INFO in ch.qos.logback.core.joran.action.NestedComplexPropertyIA - Assuming default type [ch.qos.logback.classic.encoder.PatternLayoutEncoder] for [encoder] property
15:00:40,141 |-INFO in ch.qos.logback.core.joran.action.AppenderAction - About to instantiate appender of type [ch.qos.logback.core.rolling.RollingFileAppender]
15:00:40,146 |-INFO in ch.qos.logback.core.joran.action.AppenderAction - Naming appender as [FILE]
15:00:40,175 |-INFO in c.q.l.core.rolling.TimeBasedRollingPolicy@127618319 - No compression will be used
15:00:40,177 |-INFO in c.q.l.core.rolling.TimeBasedRollingPolicy@127618319 - Will use the pattern /tmp/application_%d{yyyy-MM-dd}.%i.log for the active file
15:00:40,180 |-INFO in ch.qos.logback.core.rolling.SizeAndTimeBasedFNATP@6b2fad11 - The date pattern is 'yyyy-MM-dd' from file name pattern '/tmp/application_%d{yyyy-MM-dd}.%i.log'.
15:00:40,180 |-INFO in ch.qos.logback.core.rolling.SizeAndTimeBasedFNATP@6b2fad11 - Roll-over at midnight.
15:00:40,185 |-INFO in ch.qos.logback.core.rolling.SizeAndTimeBasedFNATP@6b2fad11 - Setting initial period to Mon Jun 10 14:59:18 UTC 2019
15:00:40,185 |-WARN in ch.qos.logback.core.rolling.SizeAndTimeBasedFNATP@6b2fad11 - SizeAndTimeBasedFNATP is deprecated. Use SizeAndTimeBasedRollingPolicy instead
15:00:40,185 |-WARN in ch.qos.logback.core.rolling.SizeAndTimeBasedFNATP@6b2fad11 - For more information see http://logback.qos.ch/manual/appenders.html#SizeAndTimeBasedRollingPolicy
15:00:40,189 |-INFO in ch.qos.logback.core.joran.action.NestedComplexPropertyIA - Assuming default type [ch.qos.logback.classic.encoder.PatternLayoutEncoder] for [encoder] property
15:00:40,194 |-INFO in ch.qos.logback.core.rolling.RollingFileAppender[FILE] - Active log file name: /tmp/application.log
15:00:40,194 |-INFO in ch.qos.logback.core.rolling.RollingFileAppender[FILE] - File property is set to [/tmp/application.log]
15:00:40,195 |-INFO in ch.qos.logback.classic.joran.action.RootLoggerAction - Setting level of ROOT logger to WARN
15:00:40,195 |-INFO in ch.qos.logback.core.joran.action.AppenderRefAction - Attaching appender named [STDOUT] to Logger[ROOT]
15:00:40,197 |-INFO in ch.qos.logback.core.joran.action.AppenderRefAction - Attaching appender named [FILE] to Logger[ROOT]
15:00:40,197 |-INFO in ch.qos.logback.classic.joran.action.ConfigurationAction - End of configuration.
15:00:40,197 |-INFO in ch.qos.logback.classic.joran.JoranConfigurator@79698539 - Registering current configuration as safe fallback point

Ama winner
Ama winner
2019-06-10T15:00:41.525+0000: 1.778: [Full GC (Metadata GC Threshold) 2019-06-10T15:00:41.525+0000: 1.778: [Tenured: 0K->15240K(341376K), 0.0394552 secs] 117750K->15240K(494976K), [Metaspace: 20735K->20735K(1067008K)], 0.0395232 secs] [Times: user=0.04 sys=0.00, real=0.04 secs] 
15:00:57.819 [Curator-PathChildrenCache-1] WARN  o.a.c.u.ZKPaths  - The version of ZooKeeper being used doesn't support Container nodes. CreateMode.PERSISTENT will be used instead.
2019-06-10T15:01:00.317+0000: 20.570: [GC (Allocation Failure) 2019-06-10T15:01:00.317+0000: 20.570: [DefNew: 136576K->17023K(153600K), 0.0312563 secs] 151816K->52698K(494976K), 0.0313397 secs] [Times: user=0.03 sys=0.00, real=0.03 secs] 
2019-06-10T15:01:03.408+0000: 23.661: [GC (Allocation Failure) 2019-06-10T15:01:03.408+0000: 23.661: [DefNew: 153599K->400K(153600K), 0.0107330 secs] 189274K->44366K(494976K), 0.0107970 secs] [Times: user=0.00 sys=0.00, real=0.01 secs] 
2019-06-10T15:01:03.739+0000: 23.992: [Full GC (Metadata GC Threshold) 2019-06-10T15:01:03.739+0000: 23.992: [Tenured: 43966K->44332K(341376K), 0.0351930 secs] 66853K->44332K(494976K), [Metaspace: 34620K->34620K(1079296K)], 0.0352647 secs] [Times: user=0.03 sys=0.01, real=0.04 secs] 
2019-06-10T15:01:05.838+0000: 26.091: [GC (Allocation Failure) 2019-06-10T15:01:05.838+0000: 26.091: [DefNew: 136576K->78K(153600K), 0.0017361 secs] 180908K->44411K(494976K), 0.0017938 secs] [Times: user=0.01 sys=0.00, real=0.00 secs] 
2019-06-10T15:01:08.195+0000: 28.448: [GC (Allocation Failure) 2019-06-10T15:01:08.195+0000: 28.448: [DefNew: 136654K->107K(153600K), 0.0017413 secs] 180987K->44439K(494976K), 0.0018015 secs] [Times: user=0.00 sys=0.00, real=0.00 secs] 
15:01:19.341 [Curator-PathChildrenCache-0] ERROR o.a.c.f.r.c.PathChildrenCache  - 
java.lang.IllegalStateException: instance must be started before calling this method
	at org.apache.curator.shaded.com.google.common.base.Preconditions.checkState(Preconditions.java:444)
	at org.apache.curator.framework.imps.CuratorFrameworkImpl.getChildren(CuratorFrameworkImpl.java:456)
	at org.apache.curator.framework.recipes.cache.PathChildrenCache.refresh(PathChildrenCache.java:521)
	at org.apache.curator.framework.recipes.cache.RefreshOperation.invoke(RefreshOperation.java:35)
	at org.apache.curator.framework.recipes.cache.PathChildrenCache$9.run(PathChildrenCache.java:786)
	at java.util.concurrent.Executors$RunnableAdapter.call(Executors.java:511)
	at java.util.concurrent.FutureTask.run(FutureTask.java:266)
	at java.util.concurrent.Executors$RunnableAdapter.call(Executors.java:511)
	at java.util.concurrent.FutureTask.run(FutureTask.java:266)
	at java.util.concurrent.ThreadPoolExecutor.runWorker(ThreadPoolExecutor.java:1149)
	at java.util.concurrent.ThreadPoolExecutor$Worker.run(ThreadPoolExecutor.java:624)
	at java.lang.Thread.run(Thread.java:748)
15:01:20.214 [worker-akka.actor.default-dispatcher-3] ERROR a.r.a.Association(akka://worker) akka.remote.artery.Association(akka://worker) - Outbound control stream to [akka://worker@10.0.0.172:5412] failed after shutdown. 
akka.remote.artery.Association$OutboundStreamStopQuarantinedSignal$: 
15:01:20.215 [worker-akka.actor.default-dispatcher-3] ERROR a.r.a.Association(akka://worker) akka.remote.artery.Association(akka://worker) - Outbound message stream to [akka://worker@10.0.0.172:5412] failed after shutdown. 
akka.remote.artery.Association$OutboundStreamStopQuarantinedSignal$: 
15:01:20.224 [worker-akka.actor.default-dispatcher-3] ERROR a.r.a.Association(akka://worker) akka.remote.artery.Association(akka://worker) - Outbound control stream to [akka://worker@10.0.0.167:5412] failed after shutdown. 
akka.remote.artery.Association$OutboundStreamStopQuarantinedSignal$: 
15:01:20.224 [worker-akka.actor.default-dispatcher-3] ERROR a.r.a.Association(akka://worker) akka.remote.artery.Association(akka://worker) - Outbound message stream to [akka://worker@10.0.0.167:5412] failed after shutdown. 
akka.remote.artery.Association$OutboundStreamStopQuarantinedSignal$: 
Heap
 def new generation   total 153600K, used 112430K [0x00000000e0c00000, 0x00000000eb2a0000, 0x00000000eb2a0000)
  eden space 136576K,  82% used [0x00000000e0c00000, 0x00000000e79b0ca8, 0x00000000e9160000)
  from space 17024K,   0% used [0x00000000e9160000, 0x00000000e917acd8, 0x00000000ea200000)
  to   space 17024K,   0% used [0x00000000ea200000, 0x00000000ea200000, 0x00000000eb2a0000)
 tenured generation   total 341376K, used 44332K [0x00000000eb2a0000, 0x0000000100000000, 0x0000000100000000)
   the space 341376K,  12% used [0x00000000eb2a0000, 0x00000000eddeb1b0, 0x00000000eddeb200, 0x0000000100000000)
 Metaspace       used 35790K, capacity 36708K, committed 36864K, reserved 1081344K
  class space    used 4822K, capacity 5042K, committed 5120K, reserved 1048576K
