18:43:49,506 |-INFO in ch.qos.logback.classic.LoggerContext[default] - Could NOT find resource [logback-test.xml]
18:43:49,506 |-INFO in ch.qos.logback.classic.LoggerContext[default] - Could NOT find resource [logback.groovy]
18:43:49,506 |-INFO in ch.qos.logback.classic.LoggerContext[default] - Found resource [logback.xml] at [jar:file:/root/flamestream/lib/flamestream-runtime-1.0-SNAPSHOT.jar!/logback.xml]
18:43:49,507 |-WARN in ch.qos.logback.classic.LoggerContext[default] - Resource [logback.xml] occurs multiple times on the classpath.
18:43:49,507 |-WARN in ch.qos.logback.classic.LoggerContext[default] - Resource [logback.xml] occurs at [jar:file:/root/flamestream/lib/flamestream-runtime-1.0-SNAPSHOT.jar!/logback.xml]
18:43:49,507 |-WARN in ch.qos.logback.classic.LoggerContext[default] - Resource [logback.xml] occurs at [jar:file:/root/flamestream/flamestream-runtime-1.0-SNAPSHOT.jar!/logback.xml]
18:43:49,530 |-INFO in ch.qos.logback.core.joran.spi.ConfigurationWatchList@3fb6a447 - URL [jar:file:/root/flamestream/lib/flamestream-runtime-1.0-SNAPSHOT.jar!/logback.xml] is not of type file
18:43:49,598 |-INFO in ch.qos.logback.classic.joran.action.ConfigurationAction - debug attribute not set
18:43:49,599 |-INFO in ch.qos.logback.core.joran.action.AppenderAction - About to instantiate appender of type [ch.qos.logback.core.ConsoleAppender]
18:43:49,616 |-INFO in ch.qos.logback.core.joran.action.AppenderAction - Naming appender as [STDOUT]
18:43:49,629 |-INFO in ch.qos.logback.core.joran.action.NestedComplexPropertyIA - Assuming default type [ch.qos.logback.classic.encoder.PatternLayoutEncoder] for [encoder] property
18:43:49,724 |-INFO in ch.qos.logback.core.joran.action.AppenderAction - About to instantiate appender of type [ch.qos.logback.core.rolling.RollingFileAppender]
18:43:49,735 |-INFO in ch.qos.logback.core.joran.action.AppenderAction - Naming appender as [FILE]
18:43:49,763 |-INFO in c.q.l.core.rolling.TimeBasedRollingPolicy@127618319 - No compression will be used
18:43:49,764 |-INFO in c.q.l.core.rolling.TimeBasedRollingPolicy@127618319 - Will use the pattern /tmp/application_%d{yyyy-MM-dd}.%i.log for the active file
18:43:49,767 |-INFO in ch.qos.logback.core.rolling.SizeAndTimeBasedFNATP@6b2fad11 - The date pattern is 'yyyy-MM-dd' from file name pattern '/tmp/application_%d{yyyy-MM-dd}.%i.log'.
18:43:49,767 |-INFO in ch.qos.logback.core.rolling.SizeAndTimeBasedFNATP@6b2fad11 - Roll-over at midnight.
18:43:49,772 |-INFO in ch.qos.logback.core.rolling.SizeAndTimeBasedFNATP@6b2fad11 - Setting initial period to Mon Jun 10 18:42:32 UTC 2019
18:43:49,772 |-WARN in ch.qos.logback.core.rolling.SizeAndTimeBasedFNATP@6b2fad11 - SizeAndTimeBasedFNATP is deprecated. Use SizeAndTimeBasedRollingPolicy instead
18:43:49,772 |-WARN in ch.qos.logback.core.rolling.SizeAndTimeBasedFNATP@6b2fad11 - For more information see http://logback.qos.ch/manual/appenders.html#SizeAndTimeBasedRollingPolicy
18:43:49,777 |-INFO in ch.qos.logback.core.joran.action.NestedComplexPropertyIA - Assuming default type [ch.qos.logback.classic.encoder.PatternLayoutEncoder] for [encoder] property
18:43:49,781 |-INFO in ch.qos.logback.core.rolling.RollingFileAppender[FILE] - Active log file name: /tmp/application.log
18:43:49,781 |-INFO in ch.qos.logback.core.rolling.RollingFileAppender[FILE] - File property is set to [/tmp/application.log]
18:43:49,782 |-INFO in ch.qos.logback.classic.joran.action.RootLoggerAction - Setting level of ROOT logger to WARN
18:43:49,782 |-INFO in ch.qos.logback.core.joran.action.AppenderRefAction - Attaching appender named [STDOUT] to Logger[ROOT]
18:43:49,783 |-INFO in ch.qos.logback.core.joran.action.AppenderRefAction - Attaching appender named [FILE] to Logger[ROOT]
18:43:49,783 |-INFO in ch.qos.logback.classic.joran.action.ConfigurationAction - End of configuration.
18:43:49,787 |-INFO in ch.qos.logback.classic.joran.JoranConfigurator@79698539 - Registering current configuration as safe fallback point

Ama winner
Ama winner
2019-06-10T18:43:51.058+0000: 1.737: [Full GC (Metadata GC Threshold) 2019-06-10T18:43:51.058+0000: 1.737: [Tenured: 0K->15175K(341376K), 0.0341862 secs] 114987K->15175K(494976K), [Metaspace: 20732K->20732K(1067008K)], 0.0342525 secs] [Times: user=0.03 sys=0.00, real=0.03 secs] 
18:44:10.498 [Curator-PathChildrenCache-1] WARN  o.a.c.u.ZKPaths  - The version of ZooKeeper being used doesn't support Container nodes. CreateMode.PERSISTENT will be used instead.
2019-06-10T18:44:12.814+0000: 23.493: [GC (Allocation Failure) 2019-06-10T18:44:12.815+0000: 23.493: [DefNew: 136576K->17023K(153600K), 0.0258380 secs] 151751K->52549K(494976K), 0.0259072 secs] [Times: user=0.01 sys=0.01, real=0.03 secs] 
2019-06-10T18:44:13.524+0000: 24.202: [Full GC (Metadata GC Threshold) 2019-06-10T18:44:13.524+0000: 24.202: [Tenured: 35525K->43898K(341376K), 0.0383789 secs] 68508K->43898K(494976K), [Metaspace: 34560K->34560K(1079296K)], 0.0384592 secs] [Times: user=0.04 sys=0.00, real=0.04 secs] 
2019-06-10T18:44:16.359+0000: 27.038: [GC (Allocation Failure) 2019-06-10T18:44:16.359+0000: 27.038: [DefNew: 136576K->87K(153600K), 0.0018838 secs] 180474K->43986K(494976K), 0.0019419 secs] [Times: user=0.00 sys=0.00, real=0.00 secs] 
2019-06-10T18:44:19.217+0000: 29.896: [GC (Allocation Failure) 2019-06-10T18:44:19.217+0000: 29.896: [DefNew: 136663K->97K(153600K), 0.0017915 secs] 180562K->43995K(494976K), 0.0018502 secs] [Times: user=0.00 sys=0.00, real=0.00 secs] 
2019-06-10T18:44:26.398+0000: 37.077: [GC (Allocation Failure) 2019-06-10T18:44:26.398+0000: 37.077: [DefNew: 136673K->101K(153600K), 0.0022916 secs] 180571K->43999K(494976K), 0.0023644 secs] [Times: user=0.00 sys=0.00, real=0.00 secs] 
18:44:28.938 [Curator-PathChildrenCache-0] ERROR o.a.c.f.r.c.PathChildrenCache  - 
java.lang.IllegalStateException: instance must be started before calling this method
	at org.apache.curator.shaded.com.google.common.base.Preconditions.checkState(Preconditions.java:444)
	at org.apache.curator.framework.imps.CuratorFrameworkImpl.getChildren(CuratorFrameworkImpl.java:456)
	at org.apache.curator.framework.recipes.cache.PathChildrenCache.refresh(PathChildrenCache.java:521)
	at org.apache.curator.framework.recipes.cache.RefreshOperation.invoke(RefreshOperation.java:35)
	at org.apache.curator.framework.recipes.cache.PathChildrenCache$9.run(PathChildrenCache.java:786)
	at java.util.concurrent.Executors$RunnableAdapter.call(Executors.java:511)
	at java.util.concurrent.FutureTask.run(FutureTask.java:266)
	at java.util.concurrent.Executors$RunnableAdapter.call(Executors.java:511)
	at java.util.concurrent.FutureTask.run(FutureTask.java:266)
	at java.util.concurrent.ThreadPoolExecutor.runWorker(ThreadPoolExecutor.java:1149)
	at java.util.concurrent.ThreadPoolExecutor$Worker.run(ThreadPoolExecutor.java:624)
	at java.lang.Thread.run(Thread.java:748)
Heap
 def new generation   total 153600K, used 28626K [0x00000000e0c00000, 0x00000000eb2a0000, 0x00000000eb2a0000)
  eden space 136576K,  20% used [0x00000000e0c00000, 0x00000000e27db1f0, 0x00000000e9160000)
  from space 17024K,   0% used [0x00000000e9160000, 0x00000000e9179648, 0x00000000ea200000)
  to   space 17024K,   0% used [0x00000000ea200000, 0x00000000ea200000, 0x00000000eb2a0000)
 tenured generation   total 341376K, used 43898K [0x00000000eb2a0000, 0x0000000100000000, 0x0000000100000000)
   the space 341376K,  12% used [0x00000000eb2a0000, 0x00000000edd7e888, 0x00000000edd7ea00, 0x0000000100000000)
 Metaspace       used 35783K, capacity 36706K, committed 36864K, reserved 1081344K
  class space    used 4833K, capacity 5053K, committed 5120K, reserved 1048576K
