12:02:31,105 |-INFO in ch.qos.logback.classic.LoggerContext[default] - Could NOT find resource [logback-test.xml]
12:02:31,105 |-INFO in ch.qos.logback.classic.LoggerContext[default] - Could NOT find resource [logback.groovy]
12:02:31,105 |-INFO in ch.qos.logback.classic.LoggerContext[default] - Found resource [logback.xml] at [jar:file:/root/flamestream/lib/flamestream-runtime-1.0-SNAPSHOT.jar!/logback.xml]
12:02:31,106 |-WARN in ch.qos.logback.classic.LoggerContext[default] - Resource [logback.xml] occurs multiple times on the classpath.
12:02:31,106 |-WARN in ch.qos.logback.classic.LoggerContext[default] - Resource [logback.xml] occurs at [jar:file:/root/flamestream/lib/flamestream-runtime-1.0-SNAPSHOT.jar!/logback.xml]
12:02:31,106 |-WARN in ch.qos.logback.classic.LoggerContext[default] - Resource [logback.xml] occurs at [jar:file:/root/flamestream/flamestream-runtime-1.0-SNAPSHOT.jar!/logback.xml]
12:02:31,126 |-INFO in ch.qos.logback.core.joran.spi.ConfigurationWatchList@3fb6a447 - URL [jar:file:/root/flamestream/lib/flamestream-runtime-1.0-SNAPSHOT.jar!/logback.xml] is not of type file
12:02:31,197 |-INFO in ch.qos.logback.classic.joran.action.ConfigurationAction - debug attribute not set
12:02:31,197 |-INFO in ch.qos.logback.core.joran.action.AppenderAction - About to instantiate appender of type [ch.qos.logback.core.ConsoleAppender]
12:02:31,213 |-INFO in ch.qos.logback.core.joran.action.AppenderAction - Naming appender as [STDOUT]
12:02:31,232 |-INFO in ch.qos.logback.core.joran.action.NestedComplexPropertyIA - Assuming default type [ch.qos.logback.classic.encoder.PatternLayoutEncoder] for [encoder] property
12:02:31,319 |-INFO in ch.qos.logback.core.joran.action.AppenderAction - About to instantiate appender of type [ch.qos.logback.core.rolling.RollingFileAppender]
12:02:31,324 |-INFO in ch.qos.logback.core.joran.action.AppenderAction - Naming appender as [FILE]
12:02:31,354 |-INFO in c.q.l.core.rolling.TimeBasedRollingPolicy@127618319 - No compression will be used
12:02:31,355 |-INFO in c.q.l.core.rolling.TimeBasedRollingPolicy@127618319 - Will use the pattern /tmp/application_%d{yyyy-MM-dd}.%i.log for the active file
12:02:31,358 |-INFO in ch.qos.logback.core.rolling.SizeAndTimeBasedFNATP@6b2fad11 - The date pattern is 'yyyy-MM-dd' from file name pattern '/tmp/application_%d{yyyy-MM-dd}.%i.log'.
12:02:31,358 |-INFO in ch.qos.logback.core.rolling.SizeAndTimeBasedFNATP@6b2fad11 - Roll-over at midnight.
12:02:31,363 |-INFO in ch.qos.logback.core.rolling.SizeAndTimeBasedFNATP@6b2fad11 - Setting initial period to Tue Jun 11 12:01:06 UTC 2019
12:02:31,364 |-WARN in ch.qos.logback.core.rolling.SizeAndTimeBasedFNATP@6b2fad11 - SizeAndTimeBasedFNATP is deprecated. Use SizeAndTimeBasedRollingPolicy instead
12:02:31,364 |-WARN in ch.qos.logback.core.rolling.SizeAndTimeBasedFNATP@6b2fad11 - For more information see http://logback.qos.ch/manual/appenders.html#SizeAndTimeBasedRollingPolicy
12:02:31,368 |-INFO in ch.qos.logback.core.joran.action.NestedComplexPropertyIA - Assuming default type [ch.qos.logback.classic.encoder.PatternLayoutEncoder] for [encoder] property
12:02:31,372 |-INFO in ch.qos.logback.core.rolling.RollingFileAppender[FILE] - Active log file name: /tmp/application.log
12:02:31,372 |-INFO in ch.qos.logback.core.rolling.RollingFileAppender[FILE] - File property is set to [/tmp/application.log]
12:02:31,373 |-INFO in ch.qos.logback.classic.joran.action.RootLoggerAction - Setting level of ROOT logger to WARN
12:02:31,373 |-INFO in ch.qos.logback.core.joran.action.AppenderRefAction - Attaching appender named [STDOUT] to Logger[ROOT]
12:02:31,375 |-INFO in ch.qos.logback.core.joran.action.AppenderRefAction - Attaching appender named [FILE] to Logger[ROOT]
12:02:31,375 |-INFO in ch.qos.logback.classic.joran.action.ConfigurationAction - End of configuration.
12:02:31,376 |-INFO in ch.qos.logback.classic.joran.JoranConfigurator@79698539 - Registering current configuration as safe fallback point

Ama winner
Ama winner
2019-06-11T12:02:32.687+0000: 1.767: [Full GC (Metadata GC Threshold) 2019-06-11T12:02:32.687+0000: 1.767: [Tenured: 0K->15241K(341376K), 0.0410744 secs] 114923K->15241K(494976K), [Metaspace: 20728K->20728K(1067008K)], 0.0411427 secs] [Times: user=0.05 sys=0.00, real=0.04 secs] 
12:02:53.831 [Curator-PathChildrenCache-2] WARN  o.a.c.u.ZKPaths  - The version of ZooKeeper being used doesn't support Container nodes. CreateMode.PERSISTENT will be used instead.
2019-06-11T12:02:58.567+0000: 27.647: [GC (Allocation Failure) 2019-06-11T12:02:58.567+0000: 27.647: [DefNew: 136576K->17024K(153600K), 0.0269485 secs] 151817K->52012K(494976K), 0.0270177 secs] [Times: user=0.02 sys=0.01, real=0.03 secs] 
2019-06-11T12:03:00.324+0000: 29.405: [Full GC (Metadata GC Threshold) 2019-06-11T12:03:00.325+0000: 29.405: [Tenured: 34988K->43128K(341376K), 0.0777771 secs] 91380K->43128K(494976K), [Metaspace: 34616K->34616K(1079296K)], 0.0778506 secs] [Times: user=0.07 sys=0.01, real=0.08 secs] 
12:03:18.790 [Curator-PathChildrenCache-0] ERROR o.a.c.f.r.c.PathChildrenCache  - 
java.lang.IllegalStateException: instance must be started before calling this method
	at org.apache.curator.shaded.com.google.common.base.Preconditions.checkState(Preconditions.java:444)
	at org.apache.curator.framework.imps.CuratorFrameworkImpl.getChildren(CuratorFrameworkImpl.java:456)
	at org.apache.curator.framework.recipes.cache.PathChildrenCache.refresh(PathChildrenCache.java:521)
	at org.apache.curator.framework.recipes.cache.RefreshOperation.invoke(RefreshOperation.java:35)
	at org.apache.curator.framework.recipes.cache.PathChildrenCache$9.run(PathChildrenCache.java:786)
	at java.util.concurrent.Executors$RunnableAdapter.call(Executors.java:511)
	at java.util.concurrent.FutureTask.run(FutureTask.java:266)
	at java.util.concurrent.Executors$RunnableAdapter.call(Executors.java:511)
	at java.util.concurrent.FutureTask.run(FutureTask.java:266)
	at java.util.concurrent.ThreadPoolExecutor.runWorker(ThreadPoolExecutor.java:1149)
	at java.util.concurrent.ThreadPoolExecutor$Worker.run(ThreadPoolExecutor.java:624)
	at java.lang.Thread.run(Thread.java:748)
Heap
 def new generation   total 153600K, used 125288K [0x00000000e0c00000, 0x00000000eb2a0000, 0x00000000eb2a0000)
  eden space 136576K,  91% used [0x00000000e0c00000, 0x00000000e865a138, 0x00000000e9160000)
  from space 17024K,   0% used [0x00000000ea200000, 0x00000000ea200000, 0x00000000eb2a0000)
  to   space 17024K,   0% used [0x00000000e9160000, 0x00000000e9160000, 0x00000000ea200000)
 tenured generation   total 341376K, used 43128K [0x00000000eb2a0000, 0x0000000100000000, 0x0000000100000000)
   the space 341376K,  12% used [0x00000000eb2a0000, 0x00000000edcbe308, 0x00000000edcbe400, 0x0000000100000000)
 Metaspace       used 35663K, capacity 36492K, committed 36864K, reserved 1081344K
  class space    used 4817K, capacity 5002K, committed 5120K, reserved 1048576K
