05:25:30,339 |-INFO in ch.qos.logback.classic.LoggerContext[default] - Could NOT find resource [logback-test.xml]
05:25:30,339 |-INFO in ch.qos.logback.classic.LoggerContext[default] - Could NOT find resource [logback.groovy]
05:25:30,340 |-INFO in ch.qos.logback.classic.LoggerContext[default] - Found resource [logback.xml] at [jar:file:/home/nikitasokolov/flamestream/lib/flamestream-runtime-1.0-SNAPSHOT.jar!/logback.xml]
05:25:30,340 |-WARN in ch.qos.logback.classic.LoggerContext[default] - Resource [logback.xml] occurs multiple times on the classpath.
05:25:30,340 |-WARN in ch.qos.logback.classic.LoggerContext[default] - Resource [logback.xml] occurs at [jar:file:/home/nikitasokolov/flamestream/lib/flamestream-runtime-1.0-SNAPSHOT.jar!/logback.xml]
05:25:30,340 |-WARN in ch.qos.logback.classic.LoggerContext[default] - Resource [logback.xml] occurs at [jar:file:/home/nikitasokolov/flamestream/flamestream-runtime-1.0-SNAPSHOT.jar!/logback.xml]
05:25:30,356 |-INFO in ch.qos.logback.core.joran.spi.ConfigurationWatchList@6108b2d7 - URL [jar:file:/home/nikitasokolov/flamestream/lib/flamestream-runtime-1.0-SNAPSHOT.jar!/logback.xml] is not of type file
05:25:30,406 |-INFO in ch.qos.logback.classic.joran.action.ConfigurationAction - debug attribute not set
05:25:30,407 |-INFO in ch.qos.logback.core.joran.action.AppenderAction - About to instantiate appender of type [ch.qos.logback.core.ConsoleAppender]
05:25:30,415 |-INFO in ch.qos.logback.core.joran.action.AppenderAction - Naming appender as [STDOUT]
05:25:30,423 |-INFO in ch.qos.logback.core.joran.action.NestedComplexPropertyIA - Assuming default type [ch.qos.logback.classic.encoder.PatternLayoutEncoder] for [encoder] property
05:25:30,483 |-INFO in ch.qos.logback.core.joran.action.AppenderAction - About to instantiate appender of type [ch.qos.logback.core.rolling.RollingFileAppender]
05:25:30,489 |-INFO in ch.qos.logback.core.joran.action.AppenderAction - Naming appender as [FILE]
05:25:30,511 |-INFO in c.q.l.core.rolling.TimeBasedRollingPolicy@357863579 - No compression will be used
05:25:30,512 |-INFO in c.q.l.core.rolling.TimeBasedRollingPolicy@357863579 - Will use the pattern /tmp/application_%d{yyyy-MM-dd}.%i.log for the active file
05:25:30,515 |-INFO in ch.qos.logback.core.rolling.SizeAndTimeBasedFNATP@6bf256fa - The date pattern is 'yyyy-MM-dd' from file name pattern '/tmp/application_%d{yyyy-MM-dd}.%i.log'.
05:25:30,515 |-INFO in ch.qos.logback.core.rolling.SizeAndTimeBasedFNATP@6bf256fa - Roll-over at midnight.
05:25:30,519 |-INFO in ch.qos.logback.core.rolling.SizeAndTimeBasedFNATP@6bf256fa - Setting initial period to Mon Jun 10 05:24:48 MSK 2019
05:25:30,519 |-WARN in ch.qos.logback.core.rolling.SizeAndTimeBasedFNATP@6bf256fa - SizeAndTimeBasedFNATP is deprecated. Use SizeAndTimeBasedRollingPolicy instead
05:25:30,519 |-WARN in ch.qos.logback.core.rolling.SizeAndTimeBasedFNATP@6bf256fa - For more information see http://logback.qos.ch/manual/appenders.html#SizeAndTimeBasedRollingPolicy
05:25:30,523 |-INFO in ch.qos.logback.core.joran.action.NestedComplexPropertyIA - Assuming default type [ch.qos.logback.classic.encoder.PatternLayoutEncoder] for [encoder] property
05:25:30,526 |-INFO in ch.qos.logback.core.rolling.RollingFileAppender[FILE] - Active log file name: /tmp/application.log
05:25:30,526 |-INFO in ch.qos.logback.core.rolling.RollingFileAppender[FILE] - File property is set to [/tmp/application.log]
05:25:30,527 |-INFO in ch.qos.logback.classic.joran.action.RootLoggerAction - Setting level of ROOT logger to WARN
05:25:30,528 |-INFO in ch.qos.logback.core.joran.action.AppenderRefAction - Attaching appender named [STDOUT] to Logger[ROOT]
05:25:30,528 |-INFO in ch.qos.logback.core.joran.action.AppenderRefAction - Attaching appender named [FILE] to Logger[ROOT]
05:25:30,528 |-INFO in ch.qos.logback.classic.joran.action.ConfigurationAction - End of configuration.
05:25:30,529 |-INFO in ch.qos.logback.classic.joran.JoranConfigurator@6cd8737 - Registering current configuration as safe fallback point

2019-06-10T05:25:31.508+0300: 1.369: [GC (Metadata GC Threshold) [PSYoungGen: 110722K->15916K(149504K)] 110722K->15996K(491008K), 0.0203729 secs] [Times: user=0.09 sys=0.03, real=0.02 secs] 
2019-06-10T05:25:31.529+0300: 1.390: [Full GC (Metadata GC Threshold) [PSYoungGen: 15916K->0K(149504K)] [ParOldGen: 80K->15078K(341504K)] 15996K->15078K(491008K), [Metaspace: 20803K->20803K(1067008K)], 0.0266329 secs] [Times: user=0.16 sys=0.01, real=0.03 secs] 
05:25:43.642 [Curator-PathChildrenCache-1] WARN  o.a.c.u.ZKPaths  - The version of ZooKeeper being used doesn't support Container nodes. CreateMode.PERSISTENT will be used instead.
2019-06-10T05:25:44.564+0300: 14.425: [GC (Metadata GC Threshold) [PSYoungGen: 122080K->16568K(149504K)] 137158K->51186K(491008K), 0.0272879 secs] [Times: user=0.21 sys=0.02, real=0.03 secs] 
2019-06-10T05:25:44.591+0300: 14.452: [Full GC (Metadata GC Threshold) [PSYoungGen: 16568K->0K(149504K)] [ParOldGen: 34617K->39703K(341504K)] 51186K->39703K(491008K), [Metaspace: 34466K->34466K(1079296K)], 0.0346664 secs] [Times: user=0.20 sys=0.01, real=0.03 secs] 
2019-06-10T05:26:00.601+0300: 30.462: [GC (Allocation Failure) [PSYoungGen: 128512K->480K(149504K)] 168215K->40191K(491008K), 0.0050092 secs] [Times: user=0.03 sys=0.00, real=0.00 secs] 
2019-06-10T05:26:18.970+0300: 48.831: [GC (Allocation Failure) [PSYoungGen: 128992K->512K(149504K)] 168703K->40231K(491008K), 0.0041317 secs] [Times: user=0.01 sys=0.01, real=0.00 secs] 
05:26:30.081 [Curator-PathChildrenCache-0] ERROR o.a.c.f.r.c.PathChildrenCache  - 
java.lang.IllegalStateException: instance must be started before calling this method
	at org.apache.curator.shaded.com.google.common.base.Preconditions.checkState(Preconditions.java:444)
	at org.apache.curator.framework.imps.CuratorFrameworkImpl.getChildren(CuratorFrameworkImpl.java:456)
	at org.apache.curator.framework.recipes.cache.PathChildrenCache.refresh(PathChildrenCache.java:521)
	at org.apache.curator.framework.recipes.cache.RefreshOperation.invoke(RefreshOperation.java:35)
	at org.apache.curator.framework.recipes.cache.PathChildrenCache$9.run(PathChildrenCache.java:786)
	at java.util.concurrent.Executors$RunnableAdapter.call(Executors.java:511)
	at java.util.concurrent.FutureTask.run(FutureTask.java:266)
	at java.util.concurrent.Executors$RunnableAdapter.call(Executors.java:511)
	at java.util.concurrent.FutureTask.run(FutureTask.java:266)
	at java.util.concurrent.ThreadPoolExecutor.runWorker(ThreadPoolExecutor.java:1149)
	at java.util.concurrent.ThreadPoolExecutor$Worker.run(ThreadPoolExecutor.java:624)
	at java.lang.Thread.run(Thread.java:748)
Heap
 PSYoungGen      total 149504K, used 63264K [0x00000000f5980000, 0x0000000100000000, 0x0000000100000000)
  eden space 128512K, 48% used [0x00000000f5980000,0x00000000f96c8240,0x00000000fd700000)
  from space 20992K, 2% used [0x00000000feb80000,0x00000000fec00040,0x0000000100000000)
  to   space 20992K, 0% used [0x00000000fd700000,0x00000000fd700000,0x00000000feb80000)
 ParOldGen       total 341504K, used 39719K [0x00000000e0c00000, 0x00000000f5980000, 0x00000000f5980000)
  object space 341504K, 11% used [0x00000000e0c00000,0x00000000e32c9d90,0x00000000f5980000)
 Metaspace       used 35782K, capacity 36654K, committed 36952K, reserved 1081344K
  class space    used 4936K, capacity 5135K, committed 5248K, reserved 1048576K
