04:58:16,624 |-INFO in ch.qos.logback.classic.LoggerContext[default] - Could NOT find resource [logback-test.xml]
04:58:16,624 |-INFO in ch.qos.logback.classic.LoggerContext[default] - Could NOT find resource [logback.groovy]
04:58:16,624 |-INFO in ch.qos.logback.classic.LoggerContext[default] - Found resource [logback.xml] at [jar:file:/home/nikitasokolov/flamestream/lib/flamestream-runtime-1.0-SNAPSHOT.jar!/logback.xml]
04:58:16,624 |-WARN in ch.qos.logback.classic.LoggerContext[default] - Resource [logback.xml] occurs multiple times on the classpath.
04:58:16,625 |-WARN in ch.qos.logback.classic.LoggerContext[default] - Resource [logback.xml] occurs at [jar:file:/home/nikitasokolov/flamestream/lib/flamestream-runtime-1.0-SNAPSHOT.jar!/logback.xml]
04:58:16,625 |-WARN in ch.qos.logback.classic.LoggerContext[default] - Resource [logback.xml] occurs at [jar:file:/home/nikitasokolov/flamestream/flamestream-runtime-1.0-SNAPSHOT.jar!/logback.xml]
04:58:16,641 |-INFO in ch.qos.logback.core.joran.spi.ConfigurationWatchList@6108b2d7 - URL [jar:file:/home/nikitasokolov/flamestream/lib/flamestream-runtime-1.0-SNAPSHOT.jar!/logback.xml] is not of type file
04:58:16,690 |-INFO in ch.qos.logback.classic.joran.action.ConfigurationAction - debug attribute not set
04:58:16,691 |-INFO in ch.qos.logback.core.joran.action.AppenderAction - About to instantiate appender of type [ch.qos.logback.core.ConsoleAppender]
04:58:16,699 |-INFO in ch.qos.logback.core.joran.action.AppenderAction - Naming appender as [STDOUT]
04:58:16,707 |-INFO in ch.qos.logback.core.joran.action.NestedComplexPropertyIA - Assuming default type [ch.qos.logback.classic.encoder.PatternLayoutEncoder] for [encoder] property
04:58:16,764 |-INFO in ch.qos.logback.core.joran.action.AppenderAction - About to instantiate appender of type [ch.qos.logback.core.rolling.RollingFileAppender]
04:58:16,769 |-INFO in ch.qos.logback.core.joran.action.AppenderAction - Naming appender as [FILE]
04:58:16,790 |-INFO in c.q.l.core.rolling.TimeBasedRollingPolicy@357863579 - No compression will be used
04:58:16,792 |-INFO in c.q.l.core.rolling.TimeBasedRollingPolicy@357863579 - Will use the pattern /tmp/application_%d{yyyy-MM-dd}.%i.log for the active file
04:58:16,795 |-INFO in ch.qos.logback.core.rolling.SizeAndTimeBasedFNATP@6bf256fa - The date pattern is 'yyyy-MM-dd' from file name pattern '/tmp/application_%d{yyyy-MM-dd}.%i.log'.
04:58:16,795 |-INFO in ch.qos.logback.core.rolling.SizeAndTimeBasedFNATP@6bf256fa - Roll-over at midnight.
04:58:16,799 |-INFO in ch.qos.logback.core.rolling.SizeAndTimeBasedFNATP@6bf256fa - Setting initial period to Sun Jun 09 04:57:38 MSK 2019
04:58:16,799 |-WARN in ch.qos.logback.core.rolling.SizeAndTimeBasedFNATP@6bf256fa - SizeAndTimeBasedFNATP is deprecated. Use SizeAndTimeBasedRollingPolicy instead
04:58:16,799 |-WARN in ch.qos.logback.core.rolling.SizeAndTimeBasedFNATP@6bf256fa - For more information see http://logback.qos.ch/manual/appenders.html#SizeAndTimeBasedRollingPolicy
04:58:16,803 |-INFO in ch.qos.logback.core.joran.action.NestedComplexPropertyIA - Assuming default type [ch.qos.logback.classic.encoder.PatternLayoutEncoder] for [encoder] property
04:58:16,806 |-INFO in ch.qos.logback.core.rolling.RollingFileAppender[FILE] - Active log file name: /tmp/application.log
04:58:16,806 |-INFO in ch.qos.logback.core.rolling.RollingFileAppender[FILE] - File property is set to [/tmp/application.log]
04:58:16,807 |-INFO in ch.qos.logback.classic.joran.action.RootLoggerAction - Setting level of ROOT logger to WARN
04:58:16,807 |-INFO in ch.qos.logback.core.joran.action.AppenderRefAction - Attaching appender named [STDOUT] to Logger[ROOT]
04:58:16,807 |-INFO in ch.qos.logback.core.joran.action.AppenderRefAction - Attaching appender named [FILE] to Logger[ROOT]
04:58:16,807 |-INFO in ch.qos.logback.classic.joran.action.ConfigurationAction - End of configuration.
04:58:16,808 |-INFO in ch.qos.logback.classic.joran.JoranConfigurator@6cd8737 - Registering current configuration as safe fallback point

2019-06-09T04:58:17.786+0300: 1.361: [GC (Metadata GC Threshold) [PSYoungGen: 108151K->15959K(149504K)] 108151K->16039K(491008K), 0.0246992 secs] [Times: user=0.15 sys=0.01, real=0.03 secs] 
2019-06-09T04:58:17.811+0300: 1.385: [Full GC (Metadata GC Threshold) [PSYoungGen: 15959K->0K(149504K)] [ParOldGen: 80K->15078K(341504K)] 16039K->15078K(491008K), [Metaspace: 20804K->20804K(1067008K)], 0.0256193 secs] [Times: user=0.17 sys=0.01, real=0.02 secs] 
04:58:25.307 [Curator-PathChildrenCache-2] WARN  o.a.c.u.ZKPaths  - The version of ZooKeeper being used doesn't support Container nodes. CreateMode.PERSISTENT will be used instead.
2019-06-09T04:58:26.040+0300: 9.614: [GC (Metadata GC Threshold) [PSYoungGen: 124497K->16869K(149504K)] 139575K->51487K(491008K), 0.0293366 secs] [Times: user=0.23 sys=0.02, real=0.02 secs] 
2019-06-09T04:58:26.069+0300: 9.644: [Full GC (Metadata GC Threshold) [PSYoungGen: 16869K->0K(149504K)] [ParOldGen: 34617K->39958K(341504K)] 51487K->39958K(491008K), [Metaspace: 34471K->34468K(1079296K)], 0.0401194 secs] [Times: user=0.22 sys=0.01, real=0.04 secs] 
2019-06-09T04:58:31.358+0300: 14.950: [GC (Allocation Failure) [PSYoungGen: 128512K->416K(149504K)] 168470K->40382K(491008K), 0.0205861 secs] [Times: user=0.02 sys=0.00, real=0.02 secs] 
2019-06-09T04:58:37.285+0300: 20.859: [GC (Allocation Failure) [PSYoungGen: 128928K->544K(149504K)] 168894K->40518K(491008K), 0.0046009 secs] [Times: user=0.02 sys=0.02, real=0.00 secs] 
2019-06-09T04:58:43.227+0300: 26.801: [GC (Allocation Failure) [PSYoungGen: 129056K->608K(129536K)] 169030K->40590K(471040K), 0.0822973 secs] [Times: user=0.02 sys=0.00, real=0.08 secs] 
04:58:52.281 [Curator-PathChildrenCache-0] ERROR o.a.c.f.r.c.PathChildrenCache  - 
java.lang.IllegalStateException: instance must be started before calling this method
	at org.apache.curator.shaded.com.google.common.base.Preconditions.checkState(Preconditions.java:444)
	at org.apache.curator.framework.imps.CuratorFrameworkImpl.getChildren(CuratorFrameworkImpl.java:456)
	at org.apache.curator.framework.recipes.cache.PathChildrenCache.refresh(PathChildrenCache.java:521)
	at org.apache.curator.framework.recipes.cache.RefreshOperation.invoke(RefreshOperation.java:35)
	at org.apache.curator.framework.recipes.cache.PathChildrenCache$9.run(PathChildrenCache.java:786)
	at java.util.concurrent.Executors$RunnableAdapter.call(Executors.java:511)
	at java.util.concurrent.FutureTask.run(FutureTask.java:266)
	at java.util.concurrent.Executors$RunnableAdapter.call(Executors.java:511)
	at java.util.concurrent.FutureTask.run(FutureTask.java:266)
	at java.util.concurrent.ThreadPoolExecutor.runWorker(ThreadPoolExecutor.java:1149)
	at java.util.concurrent.ThreadPoolExecutor$Worker.run(ThreadPoolExecutor.java:624)
	at java.lang.Thread.run(Thread.java:748)
Heap
 PSYoungGen      total 129536K, used 84103K [0x00000000f5980000, 0x0000000100000000, 0x0000000100000000)
  eden space 128512K, 64% used [0x00000000f5980000,0x00000000fab09f40,0x00000000fd700000)
  from space 1024K, 59% used [0x00000000fd700000,0x00000000fd798050,0x00000000fd800000)
  to   space 22528K, 0% used [0x00000000fea00000,0x00000000fea00000,0x0000000100000000)
 ParOldGen       total 341504K, used 39982K [0x00000000e0c00000, 0x00000000f5980000, 0x00000000f5980000)
  object space 341504K, 11% used [0x00000000e0c00000,0x00000000e330b8a0,0x00000000f5980000)
 Metaspace       used 35895K, capacity 36818K, committed 36952K, reserved 1081344K
  class space    used 4961K, capacity 5179K, committed 5248K, reserved 1048576K
