19:00:34,779 |-INFO in ch.qos.logback.classic.LoggerContext[default] - Could NOT find resource [logback-test.xml]
19:00:34,779 |-INFO in ch.qos.logback.classic.LoggerContext[default] - Could NOT find resource [logback.groovy]
19:00:34,779 |-INFO in ch.qos.logback.classic.LoggerContext[default] - Found resource [logback.xml] at [jar:file:/home/nikitasokolov/flamestream/lib/flamestream-runtime-1.0-SNAPSHOT.jar!/logback.xml]
19:00:34,779 |-WARN in ch.qos.logback.classic.LoggerContext[default] - Resource [logback.xml] occurs multiple times on the classpath.
19:00:34,780 |-WARN in ch.qos.logback.classic.LoggerContext[default] - Resource [logback.xml] occurs at [jar:file:/home/nikitasokolov/flamestream/lib/flamestream-runtime-1.0-SNAPSHOT.jar!/logback.xml]
19:00:34,780 |-WARN in ch.qos.logback.classic.LoggerContext[default] - Resource [logback.xml] occurs at [jar:file:/home/nikitasokolov/flamestream/flamestream-runtime-1.0-SNAPSHOT.jar!/logback.xml]
19:00:34,796 |-INFO in ch.qos.logback.core.joran.spi.ConfigurationWatchList@6108b2d7 - URL [jar:file:/home/nikitasokolov/flamestream/lib/flamestream-runtime-1.0-SNAPSHOT.jar!/logback.xml] is not of type file
19:00:34,846 |-INFO in ch.qos.logback.classic.joran.action.ConfigurationAction - debug attribute not set
19:00:34,847 |-INFO in ch.qos.logback.core.joran.action.AppenderAction - About to instantiate appender of type [ch.qos.logback.core.ConsoleAppender]
19:00:34,855 |-INFO in ch.qos.logback.core.joran.action.AppenderAction - Naming appender as [STDOUT]
19:00:34,863 |-INFO in ch.qos.logback.core.joran.action.NestedComplexPropertyIA - Assuming default type [ch.qos.logback.classic.encoder.PatternLayoutEncoder] for [encoder] property
19:00:34,919 |-INFO in ch.qos.logback.core.joran.action.AppenderAction - About to instantiate appender of type [ch.qos.logback.core.rolling.RollingFileAppender]
19:00:34,924 |-INFO in ch.qos.logback.core.joran.action.AppenderAction - Naming appender as [FILE]
19:00:34,947 |-INFO in c.q.l.core.rolling.TimeBasedRollingPolicy@357863579 - No compression will be used
19:00:34,948 |-INFO in c.q.l.core.rolling.TimeBasedRollingPolicy@357863579 - Will use the pattern /tmp/application_%d{yyyy-MM-dd}.%i.log for the active file
19:00:34,951 |-INFO in ch.qos.logback.core.rolling.SizeAndTimeBasedFNATP@6bf256fa - The date pattern is 'yyyy-MM-dd' from file name pattern '/tmp/application_%d{yyyy-MM-dd}.%i.log'.
19:00:34,951 |-INFO in ch.qos.logback.core.rolling.SizeAndTimeBasedFNATP@6bf256fa - Roll-over at midnight.
19:00:34,955 |-INFO in ch.qos.logback.core.rolling.SizeAndTimeBasedFNATP@6bf256fa - Setting initial period to Sun Jun 09 18:59:50 MSK 2019
19:00:34,955 |-WARN in ch.qos.logback.core.rolling.SizeAndTimeBasedFNATP@6bf256fa - SizeAndTimeBasedFNATP is deprecated. Use SizeAndTimeBasedRollingPolicy instead
19:00:34,955 |-WARN in ch.qos.logback.core.rolling.SizeAndTimeBasedFNATP@6bf256fa - For more information see http://logback.qos.ch/manual/appenders.html#SizeAndTimeBasedRollingPolicy
19:00:34,960 |-INFO in ch.qos.logback.core.joran.action.NestedComplexPropertyIA - Assuming default type [ch.qos.logback.classic.encoder.PatternLayoutEncoder] for [encoder] property
19:00:34,962 |-INFO in ch.qos.logback.core.rolling.RollingFileAppender[FILE] - Active log file name: /tmp/application.log
19:00:34,962 |-INFO in ch.qos.logback.core.rolling.RollingFileAppender[FILE] - File property is set to [/tmp/application.log]
19:00:34,963 |-INFO in ch.qos.logback.classic.joran.action.RootLoggerAction - Setting level of ROOT logger to WARN
19:00:34,963 |-INFO in ch.qos.logback.core.joran.action.AppenderRefAction - Attaching appender named [STDOUT] to Logger[ROOT]
19:00:34,964 |-INFO in ch.qos.logback.core.joran.action.AppenderRefAction - Attaching appender named [FILE] to Logger[ROOT]
19:00:34,964 |-INFO in ch.qos.logback.classic.joran.action.ConfigurationAction - End of configuration.
19:00:34,965 |-INFO in ch.qos.logback.classic.joran.JoranConfigurator@6cd8737 - Registering current configuration as safe fallback point

2019-06-09T19:00:35.980+0300: 1.396: [GC (Metadata GC Threshold) [PSYoungGen: 108152K->15774K(149504K)] 108152K->15854K(491008K), 0.0267887 secs] [Times: user=0.13 sys=0.03, real=0.02 secs] 
2019-06-09T19:00:36.007+0300: 1.423: [Full GC (Metadata GC Threshold) [PSYoungGen: 15774K->0K(149504K)] [ParOldGen: 80K->14981K(341504K)] 15854K->14981K(491008K), [Metaspace: 20800K->20800K(1067008K)], 0.0289370 secs] [Times: user=0.17 sys=0.01, real=0.03 secs] 
19:00:44.271 [Curator-PathChildrenCache-1] WARN  o.a.c.u.ZKPaths  - The version of ZooKeeper being used doesn't support Container nodes. CreateMode.PERSISTENT will be used instead.
2019-06-09T19:00:45.474+0300: 10.891: [GC (Metadata GC Threshold) [PSYoungGen: 124219K->15671K(149504K)] 139201K->50191K(491008K), 0.0352490 secs] [Times: user=0.32 sys=0.02, real=0.04 secs] 
2019-06-09T19:00:45.510+0300: 10.926: [Full GC (Metadata GC Threshold) [PSYoungGen: 15671K->0K(149504K)] [ParOldGen: 34520K->38570K(341504K)] 50191K->38570K(491008K), [Metaspace: 34517K->34517K(1079296K)], 0.0360072 secs] [Times: user=0.20 sys=0.00, real=0.03 secs] 
19:01:02.271 [Curator-PathChildrenCache-0] ERROR o.a.c.f.r.c.PathChildrenCache  - 
java.lang.IllegalStateException: instance must be started before calling this method
	at org.apache.curator.shaded.com.google.common.base.Preconditions.checkState(Preconditions.java:444)
	at org.apache.curator.framework.imps.CuratorFrameworkImpl.getChildren(CuratorFrameworkImpl.java:456)
	at org.apache.curator.framework.recipes.cache.PathChildrenCache.refresh(PathChildrenCache.java:521)
	at org.apache.curator.framework.recipes.cache.RefreshOperation.invoke(RefreshOperation.java:35)
	at org.apache.curator.framework.recipes.cache.PathChildrenCache$9.run(PathChildrenCache.java:786)
	at java.util.concurrent.Executors$RunnableAdapter.call(Executors.java:511)
	at java.util.concurrent.FutureTask.run(FutureTask.java:266)
	at java.util.concurrent.Executors$RunnableAdapter.call(Executors.java:511)
	at java.util.concurrent.FutureTask.run(FutureTask.java:266)
	at java.util.concurrent.ThreadPoolExecutor.runWorker(ThreadPoolExecutor.java:1149)
	at java.util.concurrent.ThreadPoolExecutor$Worker.run(ThreadPoolExecutor.java:624)
	at java.lang.Thread.run(Thread.java:748)
Heap
 PSYoungGen      total 149504K, used 116809K [0x00000000f5980000, 0x0000000100000000, 0x0000000100000000)
  eden space 128512K, 90% used [0x00000000f5980000,0x00000000fcb927e8,0x00000000fd700000)
  from space 20992K, 0% used [0x00000000feb80000,0x00000000feb80000,0x0000000100000000)
  to   space 20992K, 0% used [0x00000000fd700000,0x00000000fd700000,0x00000000feb80000)
 ParOldGen       total 341504K, used 38570K [0x00000000e0c00000, 0x00000000f5980000, 0x00000000f5980000)
  object space 341504K, 11% used [0x00000000e0c00000,0x00000000e31aa950,0x00000000f5980000)
 Metaspace       used 35509K, capacity 36308K, committed 36568K, reserved 1081344K
  class space    used 4925K, capacity 5120K, committed 5120K, reserved 1048576K
