20:07:59,402 |-INFO in ch.qos.logback.classic.LoggerContext[default] - Could NOT find resource [logback-test.xml]
20:07:59,402 |-INFO in ch.qos.logback.classic.LoggerContext[default] - Could NOT find resource [logback.groovy]
20:07:59,403 |-INFO in ch.qos.logback.classic.LoggerContext[default] - Found resource [logback.xml] at [jar:file:/root/flamestream/lib/flamestream-runtime-1.0-SNAPSHOT.jar!/logback.xml]
20:07:59,403 |-WARN in ch.qos.logback.classic.LoggerContext[default] - Resource [logback.xml] occurs multiple times on the classpath.
20:07:59,404 |-WARN in ch.qos.logback.classic.LoggerContext[default] - Resource [logback.xml] occurs at [jar:file:/root/flamestream/lib/flamestream-runtime-1.0-SNAPSHOT.jar!/logback.xml]
20:07:59,404 |-WARN in ch.qos.logback.classic.LoggerContext[default] - Resource [logback.xml] occurs at [jar:file:/root/flamestream/flamestream-runtime-1.0-SNAPSHOT.jar!/logback.xml]
20:07:59,424 |-INFO in ch.qos.logback.core.joran.spi.ConfigurationWatchList@3fb6a447 - URL [jar:file:/root/flamestream/lib/flamestream-runtime-1.0-SNAPSHOT.jar!/logback.xml] is not of type file
20:07:59,495 |-INFO in ch.qos.logback.classic.joran.action.ConfigurationAction - debug attribute not set
20:07:59,495 |-INFO in ch.qos.logback.core.joran.action.AppenderAction - About to instantiate appender of type [ch.qos.logback.core.ConsoleAppender]
20:07:59,510 |-INFO in ch.qos.logback.core.joran.action.AppenderAction - Naming appender as [STDOUT]
20:07:59,529 |-INFO in ch.qos.logback.core.joran.action.NestedComplexPropertyIA - Assuming default type [ch.qos.logback.classic.encoder.PatternLayoutEncoder] for [encoder] property
20:07:59,612 |-INFO in ch.qos.logback.core.joran.action.AppenderAction - About to instantiate appender of type [ch.qos.logback.core.rolling.RollingFileAppender]
20:07:59,617 |-INFO in ch.qos.logback.core.joran.action.AppenderAction - Naming appender as [FILE]
20:07:59,649 |-INFO in c.q.l.core.rolling.TimeBasedRollingPolicy@127618319 - No compression will be used
20:07:59,650 |-INFO in c.q.l.core.rolling.TimeBasedRollingPolicy@127618319 - Will use the pattern /tmp/application_%d{yyyy-MM-dd}.%i.log for the active file
20:07:59,653 |-INFO in ch.qos.logback.core.rolling.SizeAndTimeBasedFNATP@6b2fad11 - The date pattern is 'yyyy-MM-dd' from file name pattern '/tmp/application_%d{yyyy-MM-dd}.%i.log'.
20:07:59,653 |-INFO in ch.qos.logback.core.rolling.SizeAndTimeBasedFNATP@6b2fad11 - Roll-over at midnight.
20:07:59,658 |-INFO in ch.qos.logback.core.rolling.SizeAndTimeBasedFNATP@6b2fad11 - Setting initial period to Mon Jun 10 20:06:34 UTC 2019
20:07:59,658 |-WARN in ch.qos.logback.core.rolling.SizeAndTimeBasedFNATP@6b2fad11 - SizeAndTimeBasedFNATP is deprecated. Use SizeAndTimeBasedRollingPolicy instead
20:07:59,658 |-WARN in ch.qos.logback.core.rolling.SizeAndTimeBasedFNATP@6b2fad11 - For more information see http://logback.qos.ch/manual/appenders.html#SizeAndTimeBasedRollingPolicy
20:07:59,662 |-INFO in ch.qos.logback.core.joran.action.NestedComplexPropertyIA - Assuming default type [ch.qos.logback.classic.encoder.PatternLayoutEncoder] for [encoder] property
20:07:59,667 |-INFO in ch.qos.logback.core.rolling.RollingFileAppender[FILE] - Active log file name: /tmp/application.log
20:07:59,667 |-INFO in ch.qos.logback.core.rolling.RollingFileAppender[FILE] - File property is set to [/tmp/application.log]
20:07:59,668 |-INFO in ch.qos.logback.classic.joran.action.RootLoggerAction - Setting level of ROOT logger to WARN
20:07:59,668 |-INFO in ch.qos.logback.core.joran.action.AppenderRefAction - Attaching appender named [STDOUT] to Logger[ROOT]
20:07:59,670 |-INFO in ch.qos.logback.core.joran.action.AppenderRefAction - Attaching appender named [FILE] to Logger[ROOT]
20:07:59,670 |-INFO in ch.qos.logback.classic.joran.action.ConfigurationAction - End of configuration.
20:07:59,670 |-INFO in ch.qos.logback.classic.joran.JoranConfigurator@79698539 - Registering current configuration as safe fallback point

Ama winner
Ama winner
2019-06-10T20:08:01.009+0000: 1.794: [Full GC (Metadata GC Threshold) 2019-06-10T20:08:01.009+0000: 1.794: [Tenured: 0K->15143K(341376K), 0.0426165 secs] 114988K->15143K(494976K), [Metaspace: 20736K->20736K(1067008K)], 0.0426872 secs] [Times: user=0.03 sys=0.01, real=0.05 secs] 
20:08:21.903 [Curator-PathChildrenCache-1] WARN  o.a.c.u.ZKPaths  - The version of ZooKeeper being used doesn't support Container nodes. CreateMode.PERSISTENT will be used instead.
2019-06-10T20:08:24.256+0000: 25.040: [GC (Allocation Failure) 2019-06-10T20:08:24.256+0000: 25.040: [DefNew: 136576K->17023K(153600K), 0.0250693 secs] 151719K->52384K(494976K), 0.0251371 secs] [Times: user=0.01 sys=0.01, real=0.02 secs] 
2019-06-10T20:08:26.583+0000: 27.368: [Full GC (Metadata GC Threshold) 2019-06-10T20:08:26.583+0000: 27.368: [Tenured: 35360K->43762K(341376K), 0.0509902 secs] 119195K->43762K(494976K), [Metaspace: 34581K->34581K(1079296K)], 0.0510803 secs] [Times: user=0.05 sys=0.00, real=0.05 secs] 
2019-06-10T20:08:31.017+0000: 31.801: [GC (Allocation Failure) 2019-06-10T20:08:31.017+0000: 31.801: [DefNew: 136576K->63K(153600K), 0.0016937 secs] 180338K->43825K(494976K), 0.0017528 secs] [Times: user=0.01 sys=0.00, real=0.00 secs] 
2019-06-10T20:08:35.456+0000: 36.240: [GC (Allocation Failure) 2019-06-10T20:08:35.456+0000: 36.240: [DefNew: 136639K->62K(153600K), 0.0016828 secs] 180401K->43824K(494976K), 0.0017457 secs] [Times: user=0.00 sys=0.00, real=0.00 secs] 
2019-06-10T20:08:39.938+0000: 40.722: [GC (Allocation Failure) 2019-06-10T20:08:39.938+0000: 40.722: [DefNew: 136638K->60K(153600K), 0.0016553 secs] 180400K->43822K(494976K), 0.0017239 secs] [Times: user=0.01 sys=0.00, real=0.00 secs] 
2019-06-10T20:08:44.360+0000: 45.144: [GC (Allocation Failure) 2019-06-10T20:08:44.360+0000: 45.144: [DefNew: 136636K->62K(153600K), 0.0017018 secs] 180398K->43824K(494976K), 0.0017752 secs] [Times: user=0.00 sys=0.00, real=0.00 secs] 
20:08:55.917 [Curator-PathChildrenCache-0] ERROR o.a.c.f.r.c.PathChildrenCache  - 
java.lang.IllegalStateException: instance must be started before calling this method
	at org.apache.curator.shaded.com.google.common.base.Preconditions.checkState(Preconditions.java:444)
	at org.apache.curator.framework.imps.CuratorFrameworkImpl.getChildren(CuratorFrameworkImpl.java:456)
	at org.apache.curator.framework.recipes.cache.PathChildrenCache.refresh(PathChildrenCache.java:521)
	at org.apache.curator.framework.recipes.cache.RefreshOperation.invoke(RefreshOperation.java:35)
	at org.apache.curator.framework.recipes.cache.PathChildrenCache$9.run(PathChildrenCache.java:786)
	at java.util.concurrent.Executors$RunnableAdapter.call(Executors.java:511)
	at java.util.concurrent.FutureTask.run(FutureTask.java:266)
	at java.util.concurrent.Executors$RunnableAdapter.call(Executors.java:511)
	at java.util.concurrent.FutureTask.run(FutureTask.java:266)
	at java.util.concurrent.ThreadPoolExecutor.runWorker(ThreadPoolExecutor.java:1149)
	at java.util.concurrent.ThreadPoolExecutor$Worker.run(ThreadPoolExecutor.java:624)
	at java.lang.Thread.run(Thread.java:748)
Heap
 def new generation   total 153600K, used 78015K [0x00000000e0c00000, 0x00000000eb2a0000, 0x00000000eb2a0000)
  eden space 136576K,  57% used [0x00000000e0c00000, 0x00000000e5820210, 0x00000000e9160000)
  from space 17024K,   0% used [0x00000000ea200000, 0x00000000ea20fa28, 0x00000000eb2a0000)
  to   space 17024K,   0% used [0x00000000e9160000, 0x00000000e9160000, 0x00000000ea200000)
 tenured generation   total 341376K, used 43762K [0x00000000eb2a0000, 0x0000000100000000, 0x0000000100000000)
   the space 341376K,  12% used [0x00000000eb2a0000, 0x00000000edd5c8b8, 0x00000000edd5ca00, 0x0000000100000000)
 Metaspace       used 35664K, capacity 36518K, committed 36864K, reserved 1081344K
  class space    used 4822K, capacity 5043K, committed 5120K, reserved 1048576K
