18:22:30,861 |-INFO in ch.qos.logback.classic.LoggerContext[default] - Could NOT find resource [logback-test.xml]
18:22:30,861 |-INFO in ch.qos.logback.classic.LoggerContext[default] - Could NOT find resource [logback.groovy]
18:22:30,861 |-INFO in ch.qos.logback.classic.LoggerContext[default] - Found resource [logback.xml] at [jar:file:/home/nikitasokolov/flamestream/lib/flamestream-runtime-1.0-SNAPSHOT.jar!/logback.xml]
18:22:30,862 |-WARN in ch.qos.logback.classic.LoggerContext[default] - Resource [logback.xml] occurs multiple times on the classpath.
18:22:30,862 |-WARN in ch.qos.logback.classic.LoggerContext[default] - Resource [logback.xml] occurs at [jar:file:/home/nikitasokolov/flamestream/lib/flamestream-runtime-1.0-SNAPSHOT.jar!/logback.xml]
18:22:30,862 |-WARN in ch.qos.logback.classic.LoggerContext[default] - Resource [logback.xml] occurs at [jar:file:/home/nikitasokolov/flamestream/flamestream-runtime-1.0-SNAPSHOT.jar!/logback.xml]
18:22:30,878 |-INFO in ch.qos.logback.core.joran.spi.ConfigurationWatchList@6108b2d7 - URL [jar:file:/home/nikitasokolov/flamestream/lib/flamestream-runtime-1.0-SNAPSHOT.jar!/logback.xml] is not of type file
18:22:30,928 |-INFO in ch.qos.logback.classic.joran.action.ConfigurationAction - debug attribute not set
18:22:30,929 |-INFO in ch.qos.logback.core.joran.action.AppenderAction - About to instantiate appender of type [ch.qos.logback.core.ConsoleAppender]
18:22:30,937 |-INFO in ch.qos.logback.core.joran.action.AppenderAction - Naming appender as [STDOUT]
18:22:30,946 |-INFO in ch.qos.logback.core.joran.action.NestedComplexPropertyIA - Assuming default type [ch.qos.logback.classic.encoder.PatternLayoutEncoder] for [encoder] property
18:22:31,005 |-INFO in ch.qos.logback.core.joran.action.AppenderAction - About to instantiate appender of type [ch.qos.logback.core.rolling.RollingFileAppender]
18:22:31,009 |-INFO in ch.qos.logback.core.joran.action.AppenderAction - Naming appender as [FILE]
18:22:31,031 |-INFO in c.q.l.core.rolling.TimeBasedRollingPolicy@357863579 - No compression will be used
18:22:31,032 |-INFO in c.q.l.core.rolling.TimeBasedRollingPolicy@357863579 - Will use the pattern /tmp/application_%d{yyyy-MM-dd}.%i.log for the active file
18:22:31,035 |-INFO in ch.qos.logback.core.rolling.SizeAndTimeBasedFNATP@6bf256fa - The date pattern is 'yyyy-MM-dd' from file name pattern '/tmp/application_%d{yyyy-MM-dd}.%i.log'.
18:22:31,035 |-INFO in ch.qos.logback.core.rolling.SizeAndTimeBasedFNATP@6bf256fa - Roll-over at midnight.
18:22:31,039 |-INFO in ch.qos.logback.core.rolling.SizeAndTimeBasedFNATP@6bf256fa - Setting initial period to Sun Jun 09 18:21:48 MSK 2019
18:22:31,039 |-WARN in ch.qos.logback.core.rolling.SizeAndTimeBasedFNATP@6bf256fa - SizeAndTimeBasedFNATP is deprecated. Use SizeAndTimeBasedRollingPolicy instead
18:22:31,039 |-WARN in ch.qos.logback.core.rolling.SizeAndTimeBasedFNATP@6bf256fa - For more information see http://logback.qos.ch/manual/appenders.html#SizeAndTimeBasedRollingPolicy
18:22:31,043 |-INFO in ch.qos.logback.core.joran.action.NestedComplexPropertyIA - Assuming default type [ch.qos.logback.classic.encoder.PatternLayoutEncoder] for [encoder] property
18:22:31,046 |-INFO in ch.qos.logback.core.rolling.RollingFileAppender[FILE] - Active log file name: /tmp/application.log
18:22:31,046 |-INFO in ch.qos.logback.core.rolling.RollingFileAppender[FILE] - File property is set to [/tmp/application.log]
18:22:31,047 |-INFO in ch.qos.logback.classic.joran.action.RootLoggerAction - Setting level of ROOT logger to WARN
18:22:31,047 |-INFO in ch.qos.logback.core.joran.action.AppenderRefAction - Attaching appender named [STDOUT] to Logger[ROOT]
18:22:31,047 |-INFO in ch.qos.logback.core.joran.action.AppenderRefAction - Attaching appender named [FILE] to Logger[ROOT]
18:22:31,047 |-INFO in ch.qos.logback.classic.joran.action.ConfigurationAction - End of configuration.
18:22:31,048 |-INFO in ch.qos.logback.classic.joran.JoranConfigurator@6cd8737 - Registering current configuration as safe fallback point

2019-06-09T18:22:32.028+0300: 1.366: [GC (Metadata GC Threshold) [PSYoungGen: 108152K->15845K(149504K)] 108152K->15925K(491008K), 0.0223626 secs] [Times: user=0.11 sys=0.04, real=0.03 secs] 
2019-06-09T18:22:32.051+0300: 1.388: [Full GC (Metadata GC Threshold) [PSYoungGen: 15845K->0K(149504K)] [ParOldGen: 80K->14981K(341504K)] 15925K->14981K(491008K), [Metaspace: 20807K->20807K(1067008K)], 0.0258988 secs] [Times: user=0.16 sys=0.02, real=0.02 secs] 
18:22:43.864 [Curator-PathChildrenCache-1] WARN  o.a.c.u.ZKPaths  - The version of ZooKeeper being used doesn't support Container nodes. CreateMode.PERSISTENT will be used instead.
2019-06-09T18:22:44.843+0300: 14.180: [GC (Metadata GC Threshold) [PSYoungGen: 123789K->15498K(149504K)] 138771K->50019K(491008K), 0.0280316 secs] [Times: user=0.23 sys=0.01, real=0.03 secs] 
2019-06-09T18:22:44.871+0300: 14.208: [Full GC (Metadata GC Threshold) [PSYoungGen: 15498K->0K(149504K)] [ParOldGen: 34521K->38534K(341504K)] 50019K->38534K(491008K), [Metaspace: 34547K->34547K(1079296K)], 0.0361027 secs] [Times: user=0.20 sys=0.01, real=0.03 secs] 
2019-06-09T18:22:57.033+0300: 26.370: [GC (Allocation Failure) [PSYoungGen: 128512K->384K(149504K)] 167046K->38926K(491008K), 0.0057401 secs] [Times: user=0.02 sys=0.02, real=0.01 secs] 
2019-06-09T18:23:10.324+0300: 39.661: [GC (Allocation Failure) [PSYoungGen: 128896K->256K(149504K)] 167438K->38806K(491008K), 0.0100495 secs] [Times: user=0.08 sys=0.01, real=0.01 secs] 
2019-06-09T18:23:24.033+0300: 53.370: [GC (Allocation Failure) [PSYoungGen: 128768K->288K(129024K)] 167318K->38846K(470528K), 0.0033813 secs] [Times: user=0.00 sys=0.02, real=0.00 secs] 
2019-06-09T18:23:38.836+0300: 68.173: [GC (Allocation Failure) [PSYoungGen: 128800K->599K(150016K)] 167358K->39165K(491520K), 0.0056359 secs] [Times: user=0.03 sys=0.00, real=0.01 secs] 
18:23:53.381 [Curator-PathChildrenCache-0] ERROR o.a.c.f.r.c.PathChildrenCache  - 
java.lang.IllegalStateException: instance must be started before calling this method
	at org.apache.curator.shaded.com.google.common.base.Preconditions.checkState(Preconditions.java:444)
	at org.apache.curator.framework.imps.CuratorFrameworkImpl.getChildren(CuratorFrameworkImpl.java:456)
	at org.apache.curator.framework.recipes.cache.PathChildrenCache.refresh(PathChildrenCache.java:521)
	at org.apache.curator.framework.recipes.cache.RefreshOperation.invoke(RefreshOperation.java:35)
	at org.apache.curator.framework.recipes.cache.PathChildrenCache$9.run(PathChildrenCache.java:786)
	at java.util.concurrent.Executors$RunnableAdapter.call(Executors.java:511)
	at java.util.concurrent.FutureTask.run(FutureTask.java:266)
	at java.util.concurrent.Executors$RunnableAdapter.call(Executors.java:511)
	at java.util.concurrent.FutureTask.run(FutureTask.java:266)
	at java.util.concurrent.ThreadPoolExecutor.runWorker(ThreadPoolExecutor.java:1149)
	at java.util.concurrent.ThreadPoolExecutor$Worker.run(ThreadPoolExecutor.java:624)
	at java.lang.Thread.run(Thread.java:748)
Heap
 PSYoungGen      total 150016K, used 57906K [0x00000000f5980000, 0x0000000100000000, 0x0000000100000000)
  eden space 128512K, 44% used [0x00000000f5980000,0x00000000f9176bc8,0x00000000fd700000)
  from space 21504K, 2% used [0x00000000feb00000,0x00000000feb95cb0,0x0000000100000000)
  to   space 20480K, 0% used [0x00000000fd700000,0x00000000fd700000,0x00000000feb00000)
 ParOldGen       total 341504K, used 38566K [0x00000000e0c00000, 0x00000000f5980000, 0x00000000f5980000)
  object space 341504K, 11% used [0x00000000e0c00000,0x00000000e31a98d8,0x00000000f5980000)
 Metaspace       used 36037K, capacity 36894K, committed 37208K, reserved 1081344K
  class space    used 4978K, capacity 5161K, committed 5248K, reserved 1048576K
