08:12:25,247 |-INFO in ch.qos.logback.classic.LoggerContext[default] - Could NOT find resource [logback-test.xml]
08:12:25,247 |-INFO in ch.qos.logback.classic.LoggerContext[default] - Could NOT find resource [logback.groovy]
08:12:25,247 |-INFO in ch.qos.logback.classic.LoggerContext[default] - Found resource [logback.xml] at [jar:file:/root/flamestream/lib/flamestream-runtime-1.0-SNAPSHOT.jar!/logback.xml]
08:12:25,247 |-WARN in ch.qos.logback.classic.LoggerContext[default] - Resource [logback.xml] occurs multiple times on the classpath.
08:12:25,248 |-WARN in ch.qos.logback.classic.LoggerContext[default] - Resource [logback.xml] occurs at [jar:file:/root/flamestream/lib/flamestream-runtime-1.0-SNAPSHOT.jar!/logback.xml]
08:12:25,248 |-WARN in ch.qos.logback.classic.LoggerContext[default] - Resource [logback.xml] occurs at [jar:file:/root/flamestream/flamestream-runtime-1.0-SNAPSHOT.jar!/logback.xml]
08:12:25,271 |-INFO in ch.qos.logback.core.joran.spi.ConfigurationWatchList@3fb6a447 - URL [jar:file:/root/flamestream/lib/flamestream-runtime-1.0-SNAPSHOT.jar!/logback.xml] is not of type file
08:12:25,338 |-INFO in ch.qos.logback.classic.joran.action.ConfigurationAction - debug attribute not set
08:12:25,339 |-INFO in ch.qos.logback.core.joran.action.AppenderAction - About to instantiate appender of type [ch.qos.logback.core.ConsoleAppender]
08:12:25,356 |-INFO in ch.qos.logback.core.joran.action.AppenderAction - Naming appender as [STDOUT]
08:12:25,369 |-INFO in ch.qos.logback.core.joran.action.NestedComplexPropertyIA - Assuming default type [ch.qos.logback.classic.encoder.PatternLayoutEncoder] for [encoder] property
08:12:25,471 |-INFO in ch.qos.logback.core.joran.action.AppenderAction - About to instantiate appender of type [ch.qos.logback.core.rolling.RollingFileAppender]
08:12:25,484 |-INFO in ch.qos.logback.core.joran.action.AppenderAction - Naming appender as [FILE]
08:12:25,513 |-INFO in c.q.l.core.rolling.TimeBasedRollingPolicy@127618319 - No compression will be used
08:12:25,514 |-INFO in c.q.l.core.rolling.TimeBasedRollingPolicy@127618319 - Will use the pattern /tmp/application_%d{yyyy-MM-dd}.%i.log for the active file
08:12:25,517 |-INFO in ch.qos.logback.core.rolling.SizeAndTimeBasedFNATP@6b2fad11 - The date pattern is 'yyyy-MM-dd' from file name pattern '/tmp/application_%d{yyyy-MM-dd}.%i.log'.
08:12:25,517 |-INFO in ch.qos.logback.core.rolling.SizeAndTimeBasedFNATP@6b2fad11 - Roll-over at midnight.
08:12:25,523 |-INFO in ch.qos.logback.core.rolling.SizeAndTimeBasedFNATP@6b2fad11 - Setting initial period to Tue Jun 11 08:11:02 UTC 2019
08:12:25,523 |-WARN in ch.qos.logback.core.rolling.SizeAndTimeBasedFNATP@6b2fad11 - SizeAndTimeBasedFNATP is deprecated. Use SizeAndTimeBasedRollingPolicy instead
08:12:25,523 |-WARN in ch.qos.logback.core.rolling.SizeAndTimeBasedFNATP@6b2fad11 - For more information see http://logback.qos.ch/manual/appenders.html#SizeAndTimeBasedRollingPolicy
08:12:25,527 |-INFO in ch.qos.logback.core.joran.action.NestedComplexPropertyIA - Assuming default type [ch.qos.logback.classic.encoder.PatternLayoutEncoder] for [encoder] property
08:12:25,532 |-INFO in ch.qos.logback.core.rolling.RollingFileAppender[FILE] - Active log file name: /tmp/application.log
08:12:25,532 |-INFO in ch.qos.logback.core.rolling.RollingFileAppender[FILE] - File property is set to [/tmp/application.log]
08:12:25,533 |-INFO in ch.qos.logback.classic.joran.action.RootLoggerAction - Setting level of ROOT logger to WARN
08:12:25,533 |-INFO in ch.qos.logback.core.joran.action.AppenderRefAction - Attaching appender named [STDOUT] to Logger[ROOT]
08:12:25,535 |-INFO in ch.qos.logback.core.joran.action.AppenderRefAction - Attaching appender named [FILE] to Logger[ROOT]
08:12:25,535 |-INFO in ch.qos.logback.classic.joran.action.ConfigurationAction - End of configuration.
08:12:25,535 |-INFO in ch.qos.logback.classic.joran.JoranConfigurator@79698539 - Registering current configuration as safe fallback point

Ama winner
Ama winner
2019-06-11T08:12:27.173+0000: 2.108: [Full GC (Metadata GC Threshold) 2019-06-11T08:12:27.173+0000: 2.108: [Tenured: 0K->15176K(341376K), 0.0381775 secs] 117718K->15176K(494976K), [Metaspace: 20729K->20729K(1067008K)], 0.0382612 secs] [Times: user=0.03 sys=0.00, real=0.04 secs] 
08:12:47.930 [Curator-PathChildrenCache-1] WARN  o.a.c.u.ZKPaths  - The version of ZooKeeper being used doesn't support Container nodes. CreateMode.PERSISTENT will be used instead.
2019-06-11T08:12:50.199+0000: 25.134: [GC (Allocation Failure) 2019-06-11T08:12:50.199+0000: 25.134: [DefNew: 136576K->17023K(153600K), 0.0264059 secs] 151752K->52561K(494976K), 0.0264737 secs] [Times: user=0.02 sys=0.01, real=0.02 secs] 
2019-06-11T08:12:53.144+0000: 28.079: [GC (Allocation Failure) 2019-06-11T08:12:53.144+0000: 28.079: [DefNew: 153599K->230K(153600K), 0.0195178 secs] 189137K->43983K(494976K), 0.0195838 secs] [Times: user=0.01 sys=0.00, real=0.02 secs] 
2019-06-11T08:12:53.581+0000: 28.516: [Full GC (Metadata GC Threshold) 2019-06-11T08:12:53.581+0000: 28.516: [Tenured: 43752K->43966K(341376K), 0.0753763 secs] 78018K->43966K(494976K), [Metaspace: 34558K->34558K(1079296K)], 0.0754500 secs] [Times: user=0.08 sys=0.00, real=0.08 secs] 
2019-06-11T08:12:55.564+0000: 30.500: [GC (Allocation Failure) 2019-06-11T08:12:55.565+0000: 30.500: [DefNew: 136576K->44K(153600K), 0.0016722 secs] 180542K->44011K(494976K), 0.0017303 secs] [Times: user=0.00 sys=0.00, real=0.00 secs] 
2019-06-11T08:12:57.550+0000: 32.485: [GC (Allocation Failure) 2019-06-11T08:12:57.550+0000: 32.485: [DefNew: 136620K->51K(153600K), 0.0015999 secs] 180587K->44017K(494976K), 0.0016616 secs] [Times: user=0.01 sys=0.00, real=0.00 secs] 
2019-06-11T08:13:08.430+0000: 43.366: [GC (Allocation Failure) 2019-06-11T08:13:08.430+0000: 43.366: [DefNew: 136627K->434K(153600K), 0.0039981 secs] 180593K->44400K(494976K), 0.0040562 secs] [Times: user=0.01 sys=0.00, real=0.00 secs] 
08:13:08.457 [Curator-PathChildrenCache-0] ERROR o.a.c.f.r.c.PathChildrenCache  - 
java.lang.IllegalStateException: instance must be started before calling this method
	at org.apache.curator.shaded.com.google.common.base.Preconditions.checkState(Preconditions.java:444)
	at org.apache.curator.framework.imps.CuratorFrameworkImpl.getChildren(CuratorFrameworkImpl.java:456)
	at org.apache.curator.framework.recipes.cache.PathChildrenCache.refresh(PathChildrenCache.java:521)
	at org.apache.curator.framework.recipes.cache.RefreshOperation.invoke(RefreshOperation.java:35)
	at org.apache.curator.framework.recipes.cache.PathChildrenCache$9.run(PathChildrenCache.java:786)
	at java.util.concurrent.Executors$RunnableAdapter.call(Executors.java:511)
	at java.util.concurrent.FutureTask.run(FutureTask.java:266)
	at java.util.concurrent.Executors$RunnableAdapter.call(Executors.java:511)
	at java.util.concurrent.FutureTask.run(FutureTask.java:266)
	at java.util.concurrent.ThreadPoolExecutor.runWorker(ThreadPoolExecutor.java:1149)
	at java.util.concurrent.ThreadPoolExecutor$Worker.run(ThreadPoolExecutor.java:624)
	at java.lang.Thread.run(Thread.java:748)
08:13:09.455 [worker-akka.actor.default-dispatcher-15] ERROR a.r.a.Association(akka://worker) akka.remote.artery.Association(akka://worker) - Outbound control stream to [akka://worker@10.0.0.220:5412] failed after shutdown. 
akka.remote.artery.Association$OutboundStreamStopQuarantinedSignal$: 
08:13:09.465 [worker-akka.actor.default-dispatcher-5] ERROR a.r.a.Association(akka://worker) akka.remote.artery.Association(akka://worker) - Outbound message stream to [akka://worker@10.0.0.220:5412] failed after shutdown. 
akka.remote.artery.Association$OutboundStreamStopQuarantinedSignal$: 
08:13:09.469 [worker-akka.actor.default-dispatcher-5] ERROR a.r.a.Association(akka://worker) akka.remote.artery.Association(akka://worker) - Outbound control stream to [akka://worker@10.0.0.111:5412] failed after shutdown. 
akka.remote.artery.Association$OutboundStreamStopQuarantinedSignal$: 
08:13:09.473 [worker-akka.actor.default-dispatcher-15] ERROR a.r.a.Association(akka://worker) akka.remote.artery.Association(akka://worker) - Outbound message stream to [akka://worker@10.0.0.111:5412] failed after shutdown. 
akka.remote.artery.Association$OutboundStreamStopQuarantinedSignal$: 
08:13:09.519 [worker-akka.actor.default-dispatcher-15] ERROR a.r.a.Association(akka://worker) akka.remote.artery.Association(akka://worker) - Outbound control stream to [akka://worker@10.0.0.116:5412] failed after shutdown. 
akka.remote.artery.Association$OutboundStreamStopQuarantinedSignal$: 
08:13:09.519 [worker-akka.actor.default-dispatcher-15] ERROR a.r.a.Association(akka://worker) akka.remote.artery.Association(akka://worker) - Outbound message stream to [akka://worker@10.0.0.116:5412] failed after shutdown. 
akka.remote.artery.Association$OutboundStreamStopQuarantinedSignal$: 
Heap
 def new generation   total 153600K, used 25129K [0x00000000e0c00000, 0x00000000eb2a0000, 0x00000000eb2a0000)
  eden space 136576K,  18% used [0x00000000e0c00000, 0x00000000e241ded8, 0x00000000e9160000)
  from space 17024K,   2% used [0x00000000ea200000, 0x00000000ea26c898, 0x00000000eb2a0000)
  to   space 17024K,   0% used [0x00000000e9160000, 0x00000000e9160000, 0x00000000ea200000)
 tenured generation   total 341376K, used 43966K [0x00000000eb2a0000, 0x0000000100000000, 0x0000000100000000)
   the space 341376K,  12% used [0x00000000eb2a0000, 0x00000000edd8fa48, 0x00000000edd8fc00, 0x0000000100000000)
 Metaspace       used 35739K, capacity 36694K, committed 36864K, reserved 1081344K
  class space    used 4830K, capacity 5051K, committed 5120K, reserved 1048576K
