23:35:13,420 |-INFO in ch.qos.logback.classic.LoggerContext[default] - Could NOT find resource [logback-test.xml]
23:35:13,420 |-INFO in ch.qos.logback.classic.LoggerContext[default] - Could NOT find resource [logback.groovy]
23:35:13,421 |-INFO in ch.qos.logback.classic.LoggerContext[default] - Found resource [logback.xml] at [jar:file:/home/nikitasokolov/flamestream/lib/flamestream-runtime-1.0-SNAPSHOT.jar!/logback.xml]
23:35:13,421 |-WARN in ch.qos.logback.classic.LoggerContext[default] - Resource [logback.xml] occurs multiple times on the classpath.
23:35:13,422 |-WARN in ch.qos.logback.classic.LoggerContext[default] - Resource [logback.xml] occurs at [jar:file:/home/nikitasokolov/flamestream/lib/flamestream-runtime-1.0-SNAPSHOT.jar!/logback.xml]
23:35:13,422 |-WARN in ch.qos.logback.classic.LoggerContext[default] - Resource [logback.xml] occurs at [jar:file:/home/nikitasokolov/flamestream/flamestream-runtime-1.0-SNAPSHOT.jar!/logback.xml]
23:35:13,438 |-INFO in ch.qos.logback.core.joran.spi.ConfigurationWatchList@6108b2d7 - URL [jar:file:/home/nikitasokolov/flamestream/lib/flamestream-runtime-1.0-SNAPSHOT.jar!/logback.xml] is not of type file
23:35:13,488 |-INFO in ch.qos.logback.classic.joran.action.ConfigurationAction - debug attribute not set
23:35:13,489 |-INFO in ch.qos.logback.core.joran.action.AppenderAction - About to instantiate appender of type [ch.qos.logback.core.ConsoleAppender]
23:35:13,497 |-INFO in ch.qos.logback.core.joran.action.AppenderAction - Naming appender as [STDOUT]
23:35:13,504 |-INFO in ch.qos.logback.core.joran.action.NestedComplexPropertyIA - Assuming default type [ch.qos.logback.classic.encoder.PatternLayoutEncoder] for [encoder] property
23:35:13,558 |-INFO in ch.qos.logback.core.joran.action.AppenderAction - About to instantiate appender of type [ch.qos.logback.core.rolling.RollingFileAppender]
23:35:13,563 |-INFO in ch.qos.logback.core.joran.action.AppenderAction - Naming appender as [FILE]
23:35:13,586 |-INFO in c.q.l.core.rolling.TimeBasedRollingPolicy@357863579 - No compression will be used
23:35:13,587 |-INFO in c.q.l.core.rolling.TimeBasedRollingPolicy@357863579 - Will use the pattern /tmp/application_%d{yyyy-MM-dd}.%i.log for the active file
23:35:13,590 |-INFO in ch.qos.logback.core.rolling.SizeAndTimeBasedFNATP@6bf256fa - The date pattern is 'yyyy-MM-dd' from file name pattern '/tmp/application_%d{yyyy-MM-dd}.%i.log'.
23:35:13,590 |-INFO in ch.qos.logback.core.rolling.SizeAndTimeBasedFNATP@6bf256fa - Roll-over at midnight.
23:35:13,594 |-INFO in ch.qos.logback.core.rolling.SizeAndTimeBasedFNATP@6bf256fa - Setting initial period to Sat Jun 08 23:34:26 MSK 2019
23:35:13,594 |-WARN in ch.qos.logback.core.rolling.SizeAndTimeBasedFNATP@6bf256fa - SizeAndTimeBasedFNATP is deprecated. Use SizeAndTimeBasedRollingPolicy instead
23:35:13,594 |-WARN in ch.qos.logback.core.rolling.SizeAndTimeBasedFNATP@6bf256fa - For more information see http://logback.qos.ch/manual/appenders.html#SizeAndTimeBasedRollingPolicy
23:35:13,598 |-INFO in ch.qos.logback.core.joran.action.NestedComplexPropertyIA - Assuming default type [ch.qos.logback.classic.encoder.PatternLayoutEncoder] for [encoder] property
23:35:13,601 |-INFO in ch.qos.logback.core.rolling.RollingFileAppender[FILE] - Active log file name: /tmp/application.log
23:35:13,601 |-INFO in ch.qos.logback.core.rolling.RollingFileAppender[FILE] - File property is set to [/tmp/application.log]
23:35:13,602 |-INFO in ch.qos.logback.classic.joran.action.RootLoggerAction - Setting level of ROOT logger to WARN
23:35:13,602 |-INFO in ch.qos.logback.core.joran.action.AppenderRefAction - Attaching appender named [STDOUT] to Logger[ROOT]
23:35:13,603 |-INFO in ch.qos.logback.core.joran.action.AppenderRefAction - Attaching appender named [FILE] to Logger[ROOT]
23:35:13,603 |-INFO in ch.qos.logback.classic.joran.action.ConfigurationAction - End of configuration.
23:35:13,603 |-INFO in ch.qos.logback.classic.joran.JoranConfigurator@6cd8737 - Registering current configuration as safe fallback point

2019-06-08T23:35:14.606+0300: 1.388: [GC (Metadata GC Threshold) [PSYoungGen: 110722K->15918K(149504K)] 110722K->15998K(491008K), 0.0266862 secs] [Times: user=0.05 sys=0.04, real=0.03 secs] 
2019-06-08T23:35:14.633+0300: 1.415: [Full GC (Metadata GC Threshold) [PSYoungGen: 15918K->0K(149504K)] [ParOldGen: 80K->15078K(341504K)] 15998K->15078K(491008K), [Metaspace: 20801K->20801K(1067008K)], 0.0310961 secs] [Times: user=0.19 sys=0.03, real=0.03 secs] 
23:35:23.046 [Curator-PathChildrenCache-1] WARN  o.a.c.u.ZKPaths  - The version of ZooKeeper being used doesn't support Container nodes. CreateMode.PERSISTENT will be used instead.
2019-06-08T23:35:24.211+0300: 10.993: [GC (Metadata GC Threshold) [PSYoungGen: 126028K->15836K(149504K)] 141106K->50454K(491008K), 0.0311594 secs] [Times: user=0.26 sys=0.02, real=0.03 secs] 
2019-06-08T23:35:24.242+0300: 11.024: [Full GC (Metadata GC Threshold) [PSYoungGen: 15836K->0K(149504K)] [ParOldGen: 34617K->39021K(341504K)] 50454K->39021K(491008K), [Metaspace: 34530K->34530K(1079296K)], 0.0381466 secs] [Times: user=0.24 sys=0.01, real=0.04 secs] 
2019-06-08T23:35:46.275+0300: 33.057: [GC (Allocation Failure) [PSYoungGen: 128512K->416K(149504K)] 167533K->39445K(491008K), 0.0081748 secs] [Times: user=0.06 sys=0.01, real=0.01 secs] 
2019-06-08T23:36:10.658+0300: 57.440: [GC (Allocation Failure) [PSYoungGen: 128928K->576K(149504K)] 167957K->39613K(491008K), 0.0040387 secs] [Times: user=0.02 sys=0.00, real=0.00 secs] 
23:36:47.466 [Curator-PathChildrenCache-0] ERROR o.a.c.f.r.c.PathChildrenCache  - 
java.lang.IllegalStateException: instance must be started before calling this method
	at org.apache.curator.shaded.com.google.common.base.Preconditions.checkState(Preconditions.java:444)
	at org.apache.curator.framework.imps.CuratorFrameworkImpl.getChildren(CuratorFrameworkImpl.java:456)
	at org.apache.curator.framework.recipes.cache.PathChildrenCache.refresh(PathChildrenCache.java:521)
	at org.apache.curator.framework.recipes.cache.RefreshOperation.invoke(RefreshOperation.java:35)
	at org.apache.curator.framework.recipes.cache.PathChildrenCache$9.run(PathChildrenCache.java:786)
	at java.util.concurrent.Executors$RunnableAdapter.call(Executors.java:511)
	at java.util.concurrent.FutureTask.run(FutureTask.java:266)
	at java.util.concurrent.Executors$RunnableAdapter.call(Executors.java:511)
	at java.util.concurrent.FutureTask.run(FutureTask.java:266)
	at java.util.concurrent.ThreadPoolExecutor.runWorker(ThreadPoolExecutor.java:1149)
	at java.util.concurrent.ThreadPoolExecutor$Worker.run(ThreadPoolExecutor.java:624)
	at java.lang.Thread.run(Thread.java:748)
Heap
 PSYoungGen      total 149504K, used 118650K [0x00000000f5980000, 0x0000000100000000, 0x0000000100000000)
  eden space 128512K, 91% used [0x00000000f5980000,0x00000000fccceb20,0x00000000fd700000)
  from space 20992K, 2% used [0x00000000feb80000,0x00000000fec10050,0x0000000100000000)
  to   space 20992K, 0% used [0x00000000fd700000,0x00000000fd700000,0x00000000feb80000)
 ParOldGen       total 341504K, used 39037K [0x00000000e0c00000, 0x00000000f5980000, 0x00000000f5980000)
  object space 341504K, 11% used [0x00000000e0c00000,0x00000000e321f440,0x00000000f5980000)
 Metaspace       used 36118K, capacity 36988K, committed 37208K, reserved 1081344K
  class space    used 4966K, capacity 5152K, committed 5248K, reserved 1048576K
