14:43:09,072 |-INFO in ch.qos.logback.classic.LoggerContext[default] - Could NOT find resource [logback-test.xml]
14:43:09,072 |-INFO in ch.qos.logback.classic.LoggerContext[default] - Could NOT find resource [logback.groovy]
14:43:09,072 |-INFO in ch.qos.logback.classic.LoggerContext[default] - Found resource [logback.xml] at [jar:file:/home/nikitasokolov/flamestream/lib/flamestream-runtime-1.0-SNAPSHOT.jar!/logback.xml]
14:43:09,073 |-WARN in ch.qos.logback.classic.LoggerContext[default] - Resource [logback.xml] occurs multiple times on the classpath.
14:43:09,073 |-WARN in ch.qos.logback.classic.LoggerContext[default] - Resource [logback.xml] occurs at [jar:file:/home/nikitasokolov/flamestream/lib/flamestream-runtime-1.0-SNAPSHOT.jar!/logback.xml]
14:43:09,073 |-WARN in ch.qos.logback.classic.LoggerContext[default] - Resource [logback.xml] occurs at [jar:file:/home/nikitasokolov/flamestream/flamestream-runtime-1.0-SNAPSHOT.jar!/logback.xml]
14:43:09,090 |-INFO in ch.qos.logback.core.joran.spi.ConfigurationWatchList@22f71333 - URL [jar:file:/home/nikitasokolov/flamestream/lib/flamestream-runtime-1.0-SNAPSHOT.jar!/logback.xml] is not of type file
14:43:09,141 |-INFO in ch.qos.logback.classic.joran.action.ConfigurationAction - debug attribute not set
14:43:09,141 |-INFO in ch.qos.logback.core.joran.action.AppenderAction - About to instantiate appender of type [ch.qos.logback.core.ConsoleAppender]
14:43:09,149 |-INFO in ch.qos.logback.core.joran.action.AppenderAction - Naming appender as [STDOUT]
14:43:09,156 |-INFO in ch.qos.logback.core.joran.action.NestedComplexPropertyIA - Assuming default type [ch.qos.logback.classic.encoder.PatternLayoutEncoder] for [encoder] property
14:43:09,212 |-INFO in ch.qos.logback.core.joran.action.AppenderAction - About to instantiate appender of type [ch.qos.logback.core.rolling.RollingFileAppender]
14:43:09,218 |-INFO in ch.qos.logback.core.joran.action.AppenderAction - Naming appender as [FILE]
14:43:09,239 |-INFO in c.q.l.core.rolling.TimeBasedRollingPolicy@328638398 - No compression will be used
14:43:09,241 |-INFO in c.q.l.core.rolling.TimeBasedRollingPolicy@328638398 - Will use the pattern /tmp/application_%d{yyyy-MM-dd}.%i.log for the active file
14:43:09,244 |-INFO in ch.qos.logback.core.rolling.SizeAndTimeBasedFNATP@6aaa5eb0 - The date pattern is 'yyyy-MM-dd' from file name pattern '/tmp/application_%d{yyyy-MM-dd}.%i.log'.
14:43:09,244 |-INFO in ch.qos.logback.core.rolling.SizeAndTimeBasedFNATP@6aaa5eb0 - Roll-over at midnight.
14:43:09,248 |-INFO in ch.qos.logback.core.rolling.SizeAndTimeBasedFNATP@6aaa5eb0 - Setting initial period to Thu Jun 06 22:00:24 MSK 2019
14:43:09,248 |-WARN in ch.qos.logback.core.rolling.SizeAndTimeBasedFNATP@6aaa5eb0 - SizeAndTimeBasedFNATP is deprecated. Use SizeAndTimeBasedRollingPolicy instead
14:43:09,248 |-WARN in ch.qos.logback.core.rolling.SizeAndTimeBasedFNATP@6aaa5eb0 - For more information see http://logback.qos.ch/manual/appenders.html#SizeAndTimeBasedRollingPolicy
14:43:09,251 |-INFO in ch.qos.logback.core.joran.action.NestedComplexPropertyIA - Assuming default type [ch.qos.logback.classic.encoder.PatternLayoutEncoder] for [encoder] property
14:43:09,254 |-INFO in ch.qos.logback.core.rolling.RollingFileAppender[FILE] - Active log file name: /tmp/application.log
14:43:09,254 |-INFO in ch.qos.logback.core.rolling.RollingFileAppender[FILE] - File property is set to [/tmp/application.log]
14:43:09,255 |-ERROR in ch.qos.logback.core.rolling.RollingFileAppender[FILE] - openFile(/tmp/application.log,true) call failed. java.io.FileNotFoundException: /tmp/application.log (Permission denied)
	at java.io.FileNotFoundException: /tmp/application.log (Permission denied)
	at 	at java.io.FileOutputStream.open0(Native Method)
	at 	at java.io.FileOutputStream.open(FileOutputStream.java:270)
	at 	at java.io.FileOutputStream.<init>(FileOutputStream.java:213)
	at 	at ch.qos.logback.core.recovery.ResilientFileOutputStream.<init>(ResilientFileOutputStream.java:26)
	at 	at ch.qos.logback.core.FileAppender.openFile(FileAppender.java:204)
	at 	at ch.qos.logback.core.FileAppender.start(FileAppender.java:127)
	at 	at ch.qos.logback.core.rolling.RollingFileAppender.start(RollingFileAppender.java:100)
	at 	at ch.qos.logback.core.joran.action.AppenderAction.end(AppenderAction.java:90)
	at 	at ch.qos.logback.core.joran.spi.Interpreter.callEndAction(Interpreter.java:309)
	at 	at ch.qos.logback.core.joran.spi.Interpreter.endElement(Interpreter.java:193)
	at 	at ch.qos.logback.core.joran.spi.Interpreter.endElement(Interpreter.java:179)
	at 	at ch.qos.logback.core.joran.spi.EventPlayer.play(EventPlayer.java:62)
	at 	at ch.qos.logback.core.joran.GenericConfigurator.doConfigure(GenericConfigurator.java:165)
	at 	at ch.qos.logback.core.joran.GenericConfigurator.doConfigure(GenericConfigurator.java:152)
	at 	at ch.qos.logback.core.joran.GenericConfigurator.doConfigure(GenericConfigurator.java:110)
	at 	at ch.qos.logback.core.joran.GenericConfigurator.doConfigure(GenericConfigurator.java:53)
	at 	at ch.qos.logback.classic.util.ContextInitializer.configureByResource(ContextInitializer.java:75)
	at 	at ch.qos.logback.classic.util.ContextInitializer.autoConfig(ContextInitializer.java:150)
	at 	at org.slf4j.impl.StaticLoggerBinder.init(StaticLoggerBinder.java:84)
	at 	at org.slf4j.impl.StaticLoggerBinder.<clinit>(StaticLoggerBinder.java:55)
	at 	at org.slf4j.LoggerFactory.bind(LoggerFactory.java:150)
	at 	at org.slf4j.LoggerFactory.performInitialization(LoggerFactory.java:124)
	at 	at org.slf4j.LoggerFactory.getILoggerFactory(LoggerFactory.java:412)
	at 	at org.slf4j.LoggerFactory.getLogger(LoggerFactory.java:357)
	at 	at org.slf4j.LoggerFactory.getLogger(LoggerFactory.java:383)
	at 	at com.spbsu.flamestream.runtime.WorkerApplication.<init>(WorkerApplication.java:25)
	at 	at com.spbsu.flamestream.runtime.WorkerApplication.main(WorkerApplication.java:58)
14:43:09,255 |-INFO in ch.qos.logback.classic.joran.action.RootLoggerAction - Setting level of ROOT logger to WARN
14:43:09,255 |-INFO in ch.qos.logback.core.joran.action.AppenderRefAction - Attaching appender named [STDOUT] to Logger[ROOT]
14:43:09,256 |-INFO in ch.qos.logback.core.joran.action.AppenderRefAction - Attaching appender named [FILE] to Logger[ROOT]
14:43:09,256 |-INFO in ch.qos.logback.classic.joran.action.ConfigurationAction - End of configuration.
14:43:09,256 |-INFO in ch.qos.logback.classic.joran.JoranConfigurator@3d8c7aca - Registering current configuration as safe fallback point

Ama winner
Ama winner
2019-06-08T14:43:10.254+0300: 1.380: [GC (Metadata GC Threshold) [PSYoungGen: 95235K->15878K(149504K)] 95235K->15958K(491008K), 0.0200233 secs] [Times: user=0.09 sys=0.02, real=0.02 secs] 
2019-06-08T14:43:10.274+0300: 1.400: [Full GC (Metadata GC Threshold) [PSYoungGen: 15878K->0K(149504K)] [ParOldGen: 80K->14992K(341504K)] 15958K->14992K(491008K), [Metaspace: 20800K->20800K(1067008K)], 0.0255907 secs] [Times: user=0.16 sys=0.02, real=0.02 secs] 
14:43:20.771 [Curator-PathChildrenCache-1] WARN  o.a.c.u.ZKPaths  - The version of ZooKeeper being used doesn't support Container nodes. CreateMode.PERSISTENT will be used instead.
2019-06-08T14:43:21.492+0300: 12.618: [GC (Allocation Failure) [PSYoungGen: 128512K->15404K(149504K)] 143504K->49936K(491008K), 0.0253830 secs] [Times: user=0.20 sys=0.03, real=0.03 secs] 
2019-06-08T14:43:21.636+0300: 12.762: [GC (Metadata GC Threshold) [PSYoungGen: 25563K->4996K(149504K)] 60094K->39536K(491008K), 0.0041751 secs] [Times: user=0.03 sys=0.00, real=0.00 secs] 
2019-06-08T14:43:21.640+0300: 12.766: [Full GC (Metadata GC Threshold) [PSYoungGen: 4996K->0K(149504K)] [ParOldGen: 34539K->28673K(341504K)] 39536K->28673K(491008K), [Metaspace: 34555K->34555K(1079296K)], 0.0339469 secs] [Times: user=0.18 sys=0.01, real=0.04 secs] 
2019-06-08T14:43:22.802+0300: 13.928: [GC (Allocation Failure) [PSYoungGen: 128512K->448K(149504K)] 157185K->29129K(491008K), 0.0025209 secs] [Times: user=0.01 sys=0.01, real=0.01 secs] 
2019-06-08T14:43:23.608+0300: 14.734: [GC (Allocation Failure) [PSYoungGen: 128960K->608K(129536K)] 157641K->29297K(471040K), 0.0029719 secs] [Times: user=0.01 sys=0.01, real=0.00 secs] 
2019-06-08T14:43:24.805+0300: 15.931: [GC (Allocation Failure) [PSYoungGen: 129120K->576K(149504K)] 157809K->29273K(491008K), 0.0028215 secs] [Times: user=0.01 sys=0.00, real=0.00 secs] 
2019-06-08T14:43:26.000+0300: 17.126: [GC (Allocation Failure) [PSYoungGen: 128576K->576K(148992K)] 157273K->29281K(490496K), 0.0045218 secs] [Times: user=0.02 sys=0.00, real=0.01 secs] 
2019-06-08T14:43:27.125+0300: 18.251: [GC (Allocation Failure) [PSYoungGen: 128576K->608K(151040K)] 157281K->29321K(492544K), 0.0025173 secs] [Times: user=0.01 sys=0.00, real=0.00 secs] 
2019-06-08T14:43:28.329+0300: 19.455: [GC (Allocation Failure) [PSYoungGen: 131168K->704K(150016K)] 159881K->29417K(491520K), 0.0024426 secs] [Times: user=0.01 sys=0.00, real=0.00 secs] 
2019-06-08T14:43:29.380+0300: 20.506: [GC (Allocation Failure) [PSYoungGen: 131264K->704K(152576K)] 159977K->29417K(494080K), 0.0028712 secs] [Times: user=0.01 sys=0.00, real=0.00 secs] 
2019-06-08T14:43:30.547+0300: 21.673: [GC (Allocation Failure) [PSYoungGen: 134336K->704K(151552K)] 163049K->29417K(493056K), 0.0021958 secs] [Times: user=0.02 sys=0.00, real=0.00 secs] 
2019-06-08T14:43:31.704+0300: 22.879: [GC (Allocation Failure) [PSYoungGen: 134336K->672K(154112K)] 163049K->29385K(495616K), 0.0516243 secs] [Times: user=0.01 sys=0.00, real=0.05 secs] 
2019-06-08T14:43:33.015+0300: 24.141: [GC (Allocation Failure) [PSYoungGen: 137376K->672K(153088K)] 166089K->29385K(494592K), 0.0025690 secs] [Times: user=0.00 sys=0.01, real=0.00 secs] 
2019-06-08T14:43:34.424+0300: 25.550: [GC (Allocation Failure) [PSYoungGen: 137376K->640K(155648K)] 166089K->29361K(497152K), 0.0024444 secs] [Times: user=0.00 sys=0.01, real=0.01 secs] 
2019-06-08T14:43:35.650+0300: 26.776: [GC (Allocation Failure) [PSYoungGen: 140928K->640K(155136K)] 169649K->29361K(496640K), 0.0038399 secs] [Times: user=0.02 sys=0.00, real=0.01 secs] 
14:43:43.948 [Curator-PathChildrenCache-0] ERROR o.a.c.f.r.c.PathChildrenCache  - 
java.lang.IllegalStateException: instance must be started before calling this method
	at org.apache.curator.shaded.com.google.common.base.Preconditions.checkState(Preconditions.java:444)
	at org.apache.curator.framework.imps.CuratorFrameworkImpl.getChildren(CuratorFrameworkImpl.java:456)
	at org.apache.curator.framework.recipes.cache.PathChildrenCache.refresh(PathChildrenCache.java:521)
	at org.apache.curator.framework.recipes.cache.RefreshOperation.invoke(RefreshOperation.java:35)
	at org.apache.curator.framework.recipes.cache.PathChildrenCache$9.run(PathChildrenCache.java:786)
	at java.util.concurrent.Executors$RunnableAdapter.call(Executors.java:511)
	at java.util.concurrent.FutureTask.run(FutureTask.java:266)
	at java.util.concurrent.Executors$RunnableAdapter.call(Executors.java:511)
	at java.util.concurrent.FutureTask.run(FutureTask.java:266)
	at java.util.concurrent.ThreadPoolExecutor.runWorker(ThreadPoolExecutor.java:1149)
	at java.util.concurrent.ThreadPoolExecutor$Worker.run(ThreadPoolExecutor.java:624)
	at java.lang.Thread.run(Thread.java:748)
14:43:45.041 [worker-akka.actor.default-dispatcher-3] ERROR c.s.f.r.WorkerApplication  - Something went wrong during trace flush
java.nio.file.AccessDeniedException: /tmp/trace.csv
	at sun.nio.fs.UnixException.translateToIOException(UnixException.java:84)
	at sun.nio.fs.UnixException.rethrowAsIOException(UnixException.java:102)
	at sun.nio.fs.UnixException.rethrowAsIOException(UnixException.java:107)
	at sun.nio.fs.UnixFileSystemProvider.newByteChannel(UnixFileSystemProvider.java:214)
	at java.nio.file.spi.FileSystemProvider.newOutputStream(FileSystemProvider.java:434)
	at java.nio.file.Files.newOutputStream(Files.java:216)
	at java.nio.file.Files.newBufferedWriter(Files.java:2860)
	at java.nio.file.Files.newBufferedWriter(Files.java:2896)
	at com.spbsu.flamestream.runtime.utils.tracing.Tracing.flush(Tracing.java:35)
	at com.spbsu.flamestream.runtime.WorkerApplication.lambda$run$0(WorkerApplication.java:98)
	at akka.actor.ActorSystemImpl$TerminationCallbacks$$anonfun$addRec$1$1.applyOrElse(ActorSystem.scala:1036)
	at akka.actor.ActorSystemImpl$TerminationCallbacks$$anonfun$addRec$1$1.applyOrElse(ActorSystem.scala:1036)
	at scala.concurrent.Future$$anonfun$andThen$1.apply(Future.scala:436)
	at scala.concurrent.Future$$anonfun$andThen$1.apply(Future.scala:435)
	at scala.concurrent.impl.CallbackRunnable.run(Promise.scala:36)
	at akka.dispatch.BatchingExecutor$AbstractBatch.processBatch(BatchingExecutor.scala:55)
	at akka.dispatch.BatchingExecutor$BlockableBatch$$anonfun$run$1.apply$mcV$sp(BatchingExecutor.scala:91)
	at akka.dispatch.BatchingExecutor$BlockableBatch$$anonfun$run$1.apply(BatchingExecutor.scala:91)
	at akka.dispatch.BatchingExecutor$BlockableBatch$$anonfun$run$1.apply(BatchingExecutor.scala:91)
	at scala.concurrent.BlockContext$.withBlockContext(BlockContext.scala:72)
	at akka.dispatch.BatchingExecutor$BlockableBatch.run(BatchingExecutor.scala:90)
	at akka.dispatch.TaskInvocation.run(AbstractDispatcher.scala:40)
	at akka.dispatch.ForkJoinExecutorConfigurator$AkkaForkJoinTask.exec(ForkJoinExecutorConfigurator.scala:44)
	at akka.dispatch.forkjoin.ForkJoinTask.doExec(ForkJoinTask.java:260)
	at akka.dispatch.forkjoin.ForkJoinPool$WorkQueue.runTask(ForkJoinPool.java:1339)
	at akka.dispatch.forkjoin.ForkJoinPool.runWorker(ForkJoinPool.java:1979)
	at akka.dispatch.forkjoin.ForkJoinWorkerThread.run(ForkJoinWorkerThread.java:107)
Heap
 PSYoungGen      total 155136K, used 87289K [0x00000000f5980000, 0x0000000100000000, 0x0000000100000000)
  eden space 140288K, 61% used [0x00000000f5980000,0x00000000fae1e3e8,0x00000000fe280000)
  from space 14848K, 4% used [0x00000000fe280000,0x00000000fe320050,0x00000000ff100000)
  to   space 13824K, 0% used [0x00000000ff280000,0x00000000ff280000,0x0000000100000000)
 ParOldGen       total 341504K, used 28721K [0x00000000e0c00000, 0x00000000f5980000, 0x00000000f5980000)
  object space 341504K, 8% used [0x00000000e0c00000,0x00000000e280c670,0x00000000f5980000)
 Metaspace       used 35701K, capacity 36514K, committed 36736K, reserved 1081344K
  class space    used 4936K, capacity 5121K, committed 5248K, reserved 1048576K
