04:12:42,633 |-INFO in ch.qos.logback.classic.LoggerContext[default] - Could NOT find resource [logback-test.xml]
04:12:42,633 |-INFO in ch.qos.logback.classic.LoggerContext[default] - Could NOT find resource [logback.groovy]
04:12:42,633 |-INFO in ch.qos.logback.classic.LoggerContext[default] - Found resource [logback.xml] at [jar:file:/home/nikitasokolov/flamestream/lib/flamestream-runtime-1.0-SNAPSHOT.jar!/logback.xml]
04:12:42,634 |-WARN in ch.qos.logback.classic.LoggerContext[default] - Resource [logback.xml] occurs multiple times on the classpath.
04:12:42,634 |-WARN in ch.qos.logback.classic.LoggerContext[default] - Resource [logback.xml] occurs at [jar:file:/home/nikitasokolov/flamestream/lib/flamestream-runtime-1.0-SNAPSHOT.jar!/logback.xml]
04:12:42,634 |-WARN in ch.qos.logback.classic.LoggerContext[default] - Resource [logback.xml] occurs at [jar:file:/home/nikitasokolov/flamestream/flamestream-runtime-1.0-SNAPSHOT.jar!/logback.xml]
04:12:42,650 |-INFO in ch.qos.logback.core.joran.spi.ConfigurationWatchList@6bf256fa - URL [jar:file:/home/nikitasokolov/flamestream/lib/flamestream-runtime-1.0-SNAPSHOT.jar!/logback.xml] is not of type file
04:12:42,701 |-INFO in ch.qos.logback.classic.joran.action.ConfigurationAction - debug attribute not set
04:12:42,702 |-INFO in ch.qos.logback.core.joran.action.AppenderAction - About to instantiate appender of type [ch.qos.logback.core.ConsoleAppender]
04:12:42,709 |-INFO in ch.qos.logback.core.joran.action.AppenderAction - Naming appender as [STDOUT]
04:12:42,717 |-INFO in ch.qos.logback.core.joran.action.NestedComplexPropertyIA - Assuming default type [ch.qos.logback.classic.encoder.PatternLayoutEncoder] for [encoder] property
04:12:42,772 |-INFO in ch.qos.logback.core.joran.action.AppenderAction - About to instantiate appender of type [ch.qos.logback.core.rolling.RollingFileAppender]
04:12:42,777 |-INFO in ch.qos.logback.core.joran.action.AppenderAction - Naming appender as [FILE]
04:12:42,799 |-INFO in c.q.l.core.rolling.TimeBasedRollingPolicy@114132791 - No compression will be used
04:12:42,800 |-INFO in c.q.l.core.rolling.TimeBasedRollingPolicy@114132791 - Will use the pattern /tmp/application_%d{yyyy-MM-dd}.%i.log for the active file
04:12:42,803 |-INFO in ch.qos.logback.core.rolling.SizeAndTimeBasedFNATP@22f71333 - The date pattern is 'yyyy-MM-dd' from file name pattern '/tmp/application_%d{yyyy-MM-dd}.%i.log'.
04:12:42,803 |-INFO in ch.qos.logback.core.rolling.SizeAndTimeBasedFNATP@22f71333 - Roll-over at midnight.
04:12:42,807 |-INFO in ch.qos.logback.core.rolling.SizeAndTimeBasedFNATP@22f71333 - Setting initial period to Thu Jun 06 22:00:24 MSK 2019
04:12:42,808 |-WARN in ch.qos.logback.core.rolling.SizeAndTimeBasedFNATP@22f71333 - SizeAndTimeBasedFNATP is deprecated. Use SizeAndTimeBasedRollingPolicy instead
04:12:42,808 |-WARN in ch.qos.logback.core.rolling.SizeAndTimeBasedFNATP@22f71333 - For more information see http://logback.qos.ch/manual/appenders.html#SizeAndTimeBasedRollingPolicy
04:12:42,811 |-INFO in ch.qos.logback.core.joran.action.NestedComplexPropertyIA - Assuming default type [ch.qos.logback.classic.encoder.PatternLayoutEncoder] for [encoder] property
04:12:42,813 |-INFO in ch.qos.logback.core.rolling.RollingFileAppender[FILE] - Active log file name: /tmp/application.log
04:12:42,813 |-INFO in ch.qos.logback.core.rolling.RollingFileAppender[FILE] - File property is set to [/tmp/application.log]
04:12:42,815 |-ERROR in ch.qos.logback.core.rolling.RollingFileAppender[FILE] - openFile(/tmp/application.log,true) call failed. java.io.FileNotFoundException: /tmp/application.log (Permission denied)
	at java.io.FileNotFoundException: /tmp/application.log (Permission denied)
	at 	at java.io.FileOutputStream.open0(Native Method)
	at 	at java.io.FileOutputStream.open(FileOutputStream.java:270)
	at 	at java.io.FileOutputStream.<init>(FileOutputStream.java:213)
	at 	at ch.qos.logback.core.recovery.ResilientFileOutputStream.<init>(ResilientFileOutputStream.java:26)
	at 	at ch.qos.logback.core.FileAppender.openFile(FileAppender.java:204)
	at 	at ch.qos.logback.core.FileAppender.start(FileAppender.java:127)
	at 	at ch.qos.logback.core.rolling.RollingFileAppender.start(RollingFileAppender.java:100)
	at 	at ch.qos.logback.core.joran.action.AppenderAction.end(AppenderAction.java:90)
	at 	at ch.qos.logback.core.joran.spi.Interpreter.callEndAction(Interpreter.java:309)
	at 	at ch.qos.logback.core.joran.spi.Interpreter.endElement(Interpreter.java:193)
	at 	at ch.qos.logback.core.joran.spi.Interpreter.endElement(Interpreter.java:179)
	at 	at ch.qos.logback.core.joran.spi.EventPlayer.play(EventPlayer.java:62)
	at 	at ch.qos.logback.core.joran.GenericConfigurator.doConfigure(GenericConfigurator.java:165)
	at 	at ch.qos.logback.core.joran.GenericConfigurator.doConfigure(GenericConfigurator.java:152)
	at 	at ch.qos.logback.core.joran.GenericConfigurator.doConfigure(GenericConfigurator.java:110)
	at 	at ch.qos.logback.core.joran.GenericConfigurator.doConfigure(GenericConfigurator.java:53)
	at 	at ch.qos.logback.classic.util.ContextInitializer.configureByResource(ContextInitializer.java:75)
	at 	at ch.qos.logback.classic.util.ContextInitializer.autoConfig(ContextInitializer.java:150)
	at 	at org.slf4j.impl.StaticLoggerBinder.init(StaticLoggerBinder.java:84)
	at 	at org.slf4j.impl.StaticLoggerBinder.<clinit>(StaticLoggerBinder.java:55)
	at 	at org.slf4j.LoggerFactory.bind(LoggerFactory.java:150)
	at 	at org.slf4j.LoggerFactory.performInitialization(LoggerFactory.java:124)
	at 	at org.slf4j.LoggerFactory.getILoggerFactory(LoggerFactory.java:412)
	at 	at org.slf4j.LoggerFactory.getLogger(LoggerFactory.java:357)
	at 	at org.slf4j.LoggerFactory.getLogger(LoggerFactory.java:383)
	at 	at com.spbsu.flamestream.runtime.WorkerApplication.<init>(WorkerApplication.java:26)
	at 	at com.spbsu.flamestream.runtime.WorkerApplication.main(WorkerApplication.java:68)
04:12:42,815 |-INFO in ch.qos.logback.classic.joran.action.RootLoggerAction - Setting level of ROOT logger to WARN
04:12:42,815 |-INFO in ch.qos.logback.core.joran.action.AppenderRefAction - Attaching appender named [STDOUT] to Logger[ROOT]
04:12:42,815 |-INFO in ch.qos.logback.core.joran.action.AppenderRefAction - Attaching appender named [FILE] to Logger[ROOT]
04:12:42,815 |-INFO in ch.qos.logback.classic.joran.action.ConfigurationAction - End of configuration.
04:12:42,816 |-INFO in ch.qos.logback.classic.joran.JoranConfigurator@3498ed - Registering current configuration as safe fallback point

2019-06-10T04:12:43.862+0300: 1.415: [GC (Metadata GC Threshold) [PSYoungGen: 97801K->15821K(149504K)] 97801K->15901K(491008K), 0.0320299 secs] [Times: user=0.23 sys=0.03, real=0.03 secs] 
2019-06-10T04:12:43.894+0300: 1.447: [Full GC (Metadata GC Threshold) [PSYoungGen: 15821K->0K(149504K)] [ParOldGen: 80K->14984K(341504K)] 15901K->14984K(491008K), [Metaspace: 20808K->20808K(1067008K)], 0.0266703 secs] [Times: user=0.12 sys=0.05, real=0.03 secs] 
04:12:53.143 [Curator-PathChildrenCache-1] WARN  o.a.c.u.ZKPaths  - The version of ZooKeeper being used doesn't support Container nodes. CreateMode.PERSISTENT will be used instead.
2019-06-10T04:12:53.958+0300: 11.511: [GC (Metadata GC Threshold) [PSYoungGen: 128329K->16422K(149504K)] 143314K->50945K(491008K), 0.0269972 secs] [Times: user=0.22 sys=0.01, real=0.03 secs] 
2019-06-10T04:12:53.985+0300: 11.538: [Full GC (Metadata GC Threshold) [PSYoungGen: 16422K->0K(149504K)] [ParOldGen: 34523K->39574K(341504K)] 50945K->39574K(491008K), [Metaspace: 34537K->34533K(1079296K)], 0.0505503 secs] [Times: user=0.21 sys=0.02, real=0.05 secs] 
2019-06-10T04:13:12.080+0300: 29.633: [GC (Allocation Failure) [PSYoungGen: 128512K->448K(149504K)] 168086K->40030K(491008K), 0.0069442 secs] [Times: user=0.06 sys=0.01, real=0.01 secs] 
2019-06-10T04:13:31.500+0300: 49.053: [GC (Allocation Failure) [PSYoungGen: 128960K->416K(149504K)] 168542K->40006K(491008K), 0.0074960 secs] [Times: user=0.07 sys=0.00, real=0.01 secs] 
04:13:56.117 [Curator-PathChildrenCache-0] ERROR o.a.c.f.r.c.PathChildrenCache  - 
java.lang.IllegalStateException: instance must be started before calling this method
	at org.apache.curator.shaded.com.google.common.base.Preconditions.checkState(Preconditions.java:444)
	at org.apache.curator.framework.imps.CuratorFrameworkImpl.getChildren(CuratorFrameworkImpl.java:456)
	at org.apache.curator.framework.recipes.cache.PathChildrenCache.refresh(PathChildrenCache.java:521)
	at org.apache.curator.framework.recipes.cache.RefreshOperation.invoke(RefreshOperation.java:35)
	at org.apache.curator.framework.recipes.cache.PathChildrenCache$9.run(PathChildrenCache.java:786)
	at java.util.concurrent.Executors$RunnableAdapter.call(Executors.java:511)
	at java.util.concurrent.FutureTask.run(FutureTask.java:266)
	at java.util.concurrent.Executors$RunnableAdapter.call(Executors.java:511)
	at java.util.concurrent.FutureTask.run(FutureTask.java:266)
	at java.util.concurrent.ThreadPoolExecutor.runWorker(ThreadPoolExecutor.java:1149)
	at java.util.concurrent.ThreadPoolExecutor$Worker.run(ThreadPoolExecutor.java:624)
	at java.lang.Thread.run(Thread.java:748)
04:13:56.203 [worker-akka.actor.default-dispatcher-8] ERROR c.s.f.r.WorkerApplication  - Something went wrong during trace flush
java.nio.file.AccessDeniedException: /tmp/trace.csv
	at sun.nio.fs.UnixException.translateToIOException(UnixException.java:84)
	at sun.nio.fs.UnixException.rethrowAsIOException(UnixException.java:102)
	at sun.nio.fs.UnixException.rethrowAsIOException(UnixException.java:107)
	at sun.nio.fs.UnixFileSystemProvider.newByteChannel(UnixFileSystemProvider.java:214)
	at java.nio.file.spi.FileSystemProvider.newOutputStream(FileSystemProvider.java:434)
	at java.nio.file.Files.newOutputStream(Files.java:216)
	at java.nio.file.Files.newBufferedWriter(Files.java:2860)
	at java.nio.file.Files.newBufferedWriter(Files.java:2896)
	at com.spbsu.flamestream.runtime.utils.tracing.Tracing.flush(Tracing.java:35)
	at com.spbsu.flamestream.runtime.WorkerApplication.lambda$run$0(WorkerApplication.java:109)
	at akka.actor.ActorSystemImpl$TerminationCallbacks$$anonfun$addRec$1$1.applyOrElse(ActorSystem.scala:1036)
	at akka.actor.ActorSystemImpl$TerminationCallbacks$$anonfun$addRec$1$1.applyOrElse(ActorSystem.scala:1036)
	at scala.concurrent.Future$$anonfun$andThen$1.apply(Future.scala:436)
	at scala.concurrent.Future$$anonfun$andThen$1.apply(Future.scala:435)
	at scala.concurrent.impl.CallbackRunnable.run(Promise.scala:36)
	at akka.dispatch.BatchingExecutor$AbstractBatch.processBatch(BatchingExecutor.scala:55)
	at akka.dispatch.BatchingExecutor$BlockableBatch$$anonfun$run$1.apply$mcV$sp(BatchingExecutor.scala:91)
	at akka.dispatch.BatchingExecutor$BlockableBatch$$anonfun$run$1.apply(BatchingExecutor.scala:91)
	at akka.dispatch.BatchingExecutor$BlockableBatch$$anonfun$run$1.apply(BatchingExecutor.scala:91)
	at scala.concurrent.BlockContext$.withBlockContext(BlockContext.scala:72)
	at akka.dispatch.BatchingExecutor$BlockableBatch.run(BatchingExecutor.scala:90)
	at akka.dispatch.TaskInvocation.run(AbstractDispatcher.scala:40)
	at akka.dispatch.ForkJoinExecutorConfigurator$AkkaForkJoinTask.exec(ForkJoinExecutorConfigurator.scala:44)
	at akka.dispatch.forkjoin.ForkJoinTask.doExec(ForkJoinTask.java:260)
	at akka.dispatch.forkjoin.ForkJoinPool$WorkQueue.runTask(ForkJoinPool.java:1339)
	at akka.dispatch.forkjoin.ForkJoinPool.runWorker(ForkJoinPool.java:1979)
	at akka.dispatch.forkjoin.ForkJoinWorkerThread.run(ForkJoinWorkerThread.java:107)
Heap
 PSYoungGen      total 149504K, used 113989K [0x00000000f5980000, 0x0000000100000000, 0x0000000100000000)
  eden space 128512K, 88% used [0x00000000f5980000,0x00000000fc869730,0x00000000fd700000)
  from space 20992K, 1% used [0x00000000feb80000,0x00000000febe8020,0x0000000100000000)
  to   space 20992K, 0% used [0x00000000fd700000,0x00000000fd700000,0x00000000feb80000)
 ParOldGen       total 341504K, used 39590K [0x00000000e0c00000, 0x00000000f5980000, 0x00000000f5980000)
  object space 341504K, 11% used [0x00000000e0c00000,0x00000000e32a9860,0x00000000f5980000)
 Metaspace       used 36304K, capacity 37148K, committed 37464K, reserved 1081344K
  class space    used 4995K, capacity 5168K, committed 5248K, reserved 1048576K
