05:42:42,284 |-INFO in ch.qos.logback.classic.LoggerContext[default] - Could NOT find resource [logback-test.xml]
05:42:42,284 |-INFO in ch.qos.logback.classic.LoggerContext[default] - Could NOT find resource [logback.groovy]
05:42:42,284 |-INFO in ch.qos.logback.classic.LoggerContext[default] - Found resource [logback.xml] at [jar:file:/home/nikitasokolov/flamestream/lib/flamestream-runtime-1.0-SNAPSHOT.jar!/logback.xml]
05:42:42,285 |-WARN in ch.qos.logback.classic.LoggerContext[default] - Resource [logback.xml] occurs multiple times on the classpath.
05:42:42,285 |-WARN in ch.qos.logback.classic.LoggerContext[default] - Resource [logback.xml] occurs at [jar:file:/home/nikitasokolov/flamestream/lib/flamestream-runtime-1.0-SNAPSHOT.jar!/logback.xml]
05:42:42,285 |-WARN in ch.qos.logback.classic.LoggerContext[default] - Resource [logback.xml] occurs at [jar:file:/home/nikitasokolov/flamestream/flamestream-runtime-1.0-SNAPSHOT.jar!/logback.xml]
05:42:42,301 |-INFO in ch.qos.logback.core.joran.spi.ConfigurationWatchList@6108b2d7 - URL [jar:file:/home/nikitasokolov/flamestream/lib/flamestream-runtime-1.0-SNAPSHOT.jar!/logback.xml] is not of type file
05:42:42,351 |-INFO in ch.qos.logback.classic.joran.action.ConfigurationAction - debug attribute not set
05:42:42,351 |-INFO in ch.qos.logback.core.joran.action.AppenderAction - About to instantiate appender of type [ch.qos.logback.core.ConsoleAppender]
05:42:42,359 |-INFO in ch.qos.logback.core.joran.action.AppenderAction - Naming appender as [STDOUT]
05:42:42,367 |-INFO in ch.qos.logback.core.joran.action.NestedComplexPropertyIA - Assuming default type [ch.qos.logback.classic.encoder.PatternLayoutEncoder] for [encoder] property
05:42:42,426 |-INFO in ch.qos.logback.core.joran.action.AppenderAction - About to instantiate appender of type [ch.qos.logback.core.rolling.RollingFileAppender]
05:42:42,432 |-INFO in ch.qos.logback.core.joran.action.AppenderAction - Naming appender as [FILE]
05:42:42,453 |-INFO in c.q.l.core.rolling.TimeBasedRollingPolicy@357863579 - No compression will be used
05:42:42,455 |-INFO in c.q.l.core.rolling.TimeBasedRollingPolicy@357863579 - Will use the pattern /tmp/application_%d{yyyy-MM-dd}.%i.log for the active file
05:42:42,457 |-INFO in ch.qos.logback.core.rolling.SizeAndTimeBasedFNATP@6bf256fa - The date pattern is 'yyyy-MM-dd' from file name pattern '/tmp/application_%d{yyyy-MM-dd}.%i.log'.
05:42:42,457 |-INFO in ch.qos.logback.core.rolling.SizeAndTimeBasedFNATP@6bf256fa - Roll-over at midnight.
05:42:42,461 |-INFO in ch.qos.logback.core.rolling.SizeAndTimeBasedFNATP@6bf256fa - Setting initial period to Mon Jun 10 05:42:00 MSK 2019
05:42:42,461 |-WARN in ch.qos.logback.core.rolling.SizeAndTimeBasedFNATP@6bf256fa - SizeAndTimeBasedFNATP is deprecated. Use SizeAndTimeBasedRollingPolicy instead
05:42:42,461 |-WARN in ch.qos.logback.core.rolling.SizeAndTimeBasedFNATP@6bf256fa - For more information see http://logback.qos.ch/manual/appenders.html#SizeAndTimeBasedRollingPolicy
05:42:42,466 |-INFO in ch.qos.logback.core.joran.action.NestedComplexPropertyIA - Assuming default type [ch.qos.logback.classic.encoder.PatternLayoutEncoder] for [encoder] property
05:42:42,468 |-INFO in ch.qos.logback.core.rolling.RollingFileAppender[FILE] - Active log file name: /tmp/application.log
05:42:42,468 |-INFO in ch.qos.logback.core.rolling.RollingFileAppender[FILE] - File property is set to [/tmp/application.log]
05:42:42,469 |-INFO in ch.qos.logback.classic.joran.action.RootLoggerAction - Setting level of ROOT logger to WARN
05:42:42,469 |-INFO in ch.qos.logback.core.joran.action.AppenderRefAction - Attaching appender named [STDOUT] to Logger[ROOT]
05:42:42,470 |-INFO in ch.qos.logback.core.joran.action.AppenderRefAction - Attaching appender named [FILE] to Logger[ROOT]
05:42:42,470 |-INFO in ch.qos.logback.classic.joran.action.ConfigurationAction - End of configuration.
05:42:42,471 |-INFO in ch.qos.logback.classic.joran.JoranConfigurator@6cd8737 - Registering current configuration as safe fallback point

2019-06-10T05:42:43.437+0300: 1.357: [GC (Metadata GC Threshold) [PSYoungGen: 110722K->15944K(149504K)] 110722K->16024K(491008K), 0.0258957 secs] [Times: user=0.14 sys=0.02, real=0.03 secs] 
2019-06-10T05:42:43.463+0300: 1.383: [Full GC (Metadata GC Threshold) [PSYoungGen: 15944K->0K(149504K)] [ParOldGen: 80K->15078K(341504K)] 16024K->15078K(491008K), [Metaspace: 20802K->20802K(1067008K)], 0.0290160 secs] [Times: user=0.18 sys=0.02, real=0.03 secs] 
05:42:50.791 [Curator-PathChildrenCache-1] WARN  o.a.c.u.ZKPaths  - The version of ZooKeeper being used doesn't support Container nodes. CreateMode.PERSISTENT will be used instead.
2019-06-10T05:42:51.704+0300: 9.624: [GC (Metadata GC Threshold) [PSYoungGen: 123132K->16584K(149504K)] 138211K->51202K(491008K), 0.0295111 secs] [Times: user=0.22 sys=0.02, real=0.03 secs] 
2019-06-10T05:42:51.733+0300: 9.654: [Full GC (Metadata GC Threshold) [PSYoungGen: 16584K->0K(149504K)] [ParOldGen: 34617K->39665K(341504K)] 51202K->39665K(491008K), [Metaspace: 34464K->34464K(1079296K)], 0.0360602 secs] [Times: user=0.21 sys=0.01, real=0.04 secs] 
2019-06-10T05:43:18.505+0300: 36.425: [GC (Allocation Failure) [PSYoungGen: 128512K->448K(149504K)] 168177K->40121K(491008K), 0.0070511 secs] [Times: user=0.05 sys=0.02, real=0.01 secs] 
2019-06-10T05:43:48.274+0300: 66.194: [GC (Allocation Failure) [PSYoungGen: 128960K->695K(149504K)] 168633K->40376K(491008K), 0.0051714 secs] [Times: user=0.03 sys=0.01, real=0.01 secs] 
05:44:13.421 [Curator-PathChildrenCache-0] ERROR o.a.c.f.r.c.PathChildrenCache  - 
java.lang.IllegalStateException: instance must be started before calling this method
	at org.apache.curator.shaded.com.google.common.base.Preconditions.checkState(Preconditions.java:444)
	at org.apache.curator.framework.imps.CuratorFrameworkImpl.getChildren(CuratorFrameworkImpl.java:456)
	at org.apache.curator.framework.recipes.cache.PathChildrenCache.refresh(PathChildrenCache.java:521)
	at org.apache.curator.framework.recipes.cache.RefreshOperation.invoke(RefreshOperation.java:35)
	at org.apache.curator.framework.recipes.cache.PathChildrenCache$9.run(PathChildrenCache.java:786)
	at java.util.concurrent.Executors$RunnableAdapter.call(Executors.java:511)
	at java.util.concurrent.FutureTask.run(FutureTask.java:266)
	at java.util.concurrent.Executors$RunnableAdapter.call(Executors.java:511)
	at java.util.concurrent.FutureTask.run(FutureTask.java:266)
	at java.util.concurrent.ThreadPoolExecutor.runWorker(ThreadPoolExecutor.java:1149)
	at java.util.concurrent.ThreadPoolExecutor$Worker.run(ThreadPoolExecutor.java:624)
	at java.lang.Thread.run(Thread.java:748)
Heap
 PSYoungGen      total 149504K, used 68453K [0x00000000f5980000, 0x0000000100000000, 0x0000000100000000)
  eden space 128512K, 52% used [0x00000000f5980000,0x00000000f9baba60,0x00000000fd700000)
  from space 20992K, 3% used [0x00000000feb80000,0x00000000fec2dcc0,0x0000000100000000)
  to   space 20992K, 0% used [0x00000000fd700000,0x00000000fd700000,0x00000000feb80000)
 ParOldGen       total 341504K, used 39681K [0x00000000e0c00000, 0x00000000f5980000, 0x00000000f5980000)
  object space 341504K, 11% used [0x00000000e0c00000,0x00000000e32c04f8,0x00000000f5980000)
 Metaspace       used 36188K, capacity 37076K, committed 37208K, reserved 1081344K
  class space    used 4978K, capacity 5168K, committed 5248K, reserved 1048576K
