05:38:02,389 |-INFO in ch.qos.logback.classic.LoggerContext[default] - Could NOT find resource [logback-test.xml]
05:38:02,389 |-INFO in ch.qos.logback.classic.LoggerContext[default] - Could NOT find resource [logback.groovy]
05:38:02,389 |-INFO in ch.qos.logback.classic.LoggerContext[default] - Found resource [logback.xml] at [jar:file:/root/flamestream/lib/flamestream-runtime-1.0-SNAPSHOT.jar!/logback.xml]
05:38:02,390 |-WARN in ch.qos.logback.classic.LoggerContext[default] - Resource [logback.xml] occurs multiple times on the classpath.
05:38:02,390 |-WARN in ch.qos.logback.classic.LoggerContext[default] - Resource [logback.xml] occurs at [jar:file:/root/flamestream/lib/flamestream-runtime-1.0-SNAPSHOT.jar!/logback.xml]
05:38:02,390 |-WARN in ch.qos.logback.classic.LoggerContext[default] - Resource [logback.xml] occurs at [jar:file:/root/flamestream/flamestream-runtime-1.0-SNAPSHOT.jar!/logback.xml]
05:38:02,410 |-INFO in ch.qos.logback.core.joran.spi.ConfigurationWatchList@3fb6a447 - URL [jar:file:/root/flamestream/lib/flamestream-runtime-1.0-SNAPSHOT.jar!/logback.xml] is not of type file
05:38:02,476 |-INFO in ch.qos.logback.classic.joran.action.ConfigurationAction - debug attribute not set
05:38:02,477 |-INFO in ch.qos.logback.core.joran.action.AppenderAction - About to instantiate appender of type [ch.qos.logback.core.ConsoleAppender]
05:38:02,493 |-INFO in ch.qos.logback.core.joran.action.AppenderAction - Naming appender as [STDOUT]
05:38:02,512 |-INFO in ch.qos.logback.core.joran.action.NestedComplexPropertyIA - Assuming default type [ch.qos.logback.classic.encoder.PatternLayoutEncoder] for [encoder] property
05:38:02,596 |-INFO in ch.qos.logback.core.joran.action.AppenderAction - About to instantiate appender of type [ch.qos.logback.core.rolling.RollingFileAppender]
05:38:02,601 |-INFO in ch.qos.logback.core.joran.action.AppenderAction - Naming appender as [FILE]
05:38:02,631 |-INFO in c.q.l.core.rolling.TimeBasedRollingPolicy@127618319 - No compression will be used
05:38:02,632 |-INFO in c.q.l.core.rolling.TimeBasedRollingPolicy@127618319 - Will use the pattern /tmp/application_%d{yyyy-MM-dd}.%i.log for the active file
05:38:02,635 |-INFO in ch.qos.logback.core.rolling.SizeAndTimeBasedFNATP@6b2fad11 - The date pattern is 'yyyy-MM-dd' from file name pattern '/tmp/application_%d{yyyy-MM-dd}.%i.log'.
05:38:02,635 |-INFO in ch.qos.logback.core.rolling.SizeAndTimeBasedFNATP@6b2fad11 - Roll-over at midnight.
05:38:02,640 |-INFO in ch.qos.logback.core.rolling.SizeAndTimeBasedFNATP@6b2fad11 - Setting initial period to Tue Jun 11 05:36:43 UTC 2019
05:38:02,640 |-WARN in ch.qos.logback.core.rolling.SizeAndTimeBasedFNATP@6b2fad11 - SizeAndTimeBasedFNATP is deprecated. Use SizeAndTimeBasedRollingPolicy instead
05:38:02,640 |-WARN in ch.qos.logback.core.rolling.SizeAndTimeBasedFNATP@6b2fad11 - For more information see http://logback.qos.ch/manual/appenders.html#SizeAndTimeBasedRollingPolicy
05:38:02,644 |-INFO in ch.qos.logback.core.joran.action.NestedComplexPropertyIA - Assuming default type [ch.qos.logback.classic.encoder.PatternLayoutEncoder] for [encoder] property
05:38:02,649 |-INFO in ch.qos.logback.core.rolling.RollingFileAppender[FILE] - Active log file name: /tmp/application.log
05:38:02,649 |-INFO in ch.qos.logback.core.rolling.RollingFileAppender[FILE] - File property is set to [/tmp/application.log]
05:38:02,650 |-INFO in ch.qos.logback.classic.joran.action.RootLoggerAction - Setting level of ROOT logger to WARN
05:38:02,650 |-INFO in ch.qos.logback.core.joran.action.AppenderRefAction - Attaching appender named [STDOUT] to Logger[ROOT]
05:38:02,652 |-INFO in ch.qos.logback.core.joran.action.AppenderRefAction - Attaching appender named [FILE] to Logger[ROOT]
05:38:02,652 |-INFO in ch.qos.logback.classic.joran.action.ConfigurationAction - End of configuration.
05:38:02,652 |-INFO in ch.qos.logback.classic.joran.JoranConfigurator@79698539 - Registering current configuration as safe fallback point

Ama winner
Ama winner
2019-06-11T05:38:03.938+0000: 1.735: [Full GC (Metadata GC Threshold) 2019-06-11T05:38:03.938+0000: 1.735: [Tenured: 0K->15240K(341376K), 0.0395060 secs] 114923K->15240K(494976K), [Metaspace: 20740K->20740K(1067008K)], 0.0395710 secs] [Times: user=0.04 sys=0.00, real=0.04 secs] 
05:38:17.407 [Curator-PathChildrenCache-1] WARN  o.a.c.u.ZKPaths  - The version of ZooKeeper being used doesn't support Container nodes. CreateMode.PERSISTENT will be used instead.
2019-06-11T05:38:19.785+0000: 17.582: [GC (Allocation Failure) 2019-06-11T05:38:19.785+0000: 17.582: [DefNew: 136576K->17023K(153600K), 0.0312223 secs] 151816K->52724K(494976K), 0.0312883 secs] [Times: user=0.03 sys=0.01, real=0.03 secs] 
2019-06-11T05:38:20.537+0000: 18.334: [Full GC (Metadata GC Threshold) 2019-06-11T05:38:20.537+0000: 18.334: [Tenured: 35700K->44156K(341376K), 0.0467787 secs] 78741K->44156K(494976K), [Metaspace: 34585K->34585K(1079296K)], 0.0468640 secs] [Times: user=0.04 sys=0.01, real=0.05 secs] 
2019-06-11T05:38:23.704+0000: 21.501: [GC (Allocation Failure) 2019-06-11T05:38:23.704+0000: 21.501: [DefNew: 136576K->93K(153600K), 0.0017859 secs] 180732K->44250K(494976K), 0.0018545 secs] [Times: user=0.00 sys=0.00, real=0.00 secs] 
2019-06-11T05:38:26.771+0000: 24.568: [GC (Allocation Failure) 2019-06-11T05:38:26.771+0000: 24.568: [DefNew: 136669K->103K(153600K), 0.0017290 secs] 180826K->44259K(494976K), 0.0017861 secs] [Times: user=0.01 sys=0.00, real=0.00 secs] 
2019-06-11T05:38:29.850+0000: 27.647: [GC (Allocation Failure) 2019-06-11T05:38:29.850+0000: 27.647: [DefNew: 136679K->105K(153600K), 0.0016732 secs] 180835K->44261K(494976K), 0.0017273 secs] [Times: user=0.00 sys=0.00, real=0.00 secs] 
2019-06-11T05:38:38.568+0000: 36.365: [GC (Allocation Failure) 2019-06-11T05:38:38.568+0000: 36.365: [DefNew: 136681K->170K(153600K), 0.0017033 secs] 180837K->44327K(494976K), 0.0017579 secs] [Times: user=0.00 sys=0.00, real=0.00 secs] 
05:38:43.365 [Curator-PathChildrenCache-0] ERROR o.a.c.f.r.c.PathChildrenCache  - 
java.lang.IllegalStateException: instance must be started before calling this method
	at org.apache.curator.shaded.com.google.common.base.Preconditions.checkState(Preconditions.java:444)
	at org.apache.curator.framework.imps.CuratorFrameworkImpl.getChildren(CuratorFrameworkImpl.java:456)
	at org.apache.curator.framework.recipes.cache.PathChildrenCache.refresh(PathChildrenCache.java:521)
	at org.apache.curator.framework.recipes.cache.RefreshOperation.invoke(RefreshOperation.java:35)
	at org.apache.curator.framework.recipes.cache.PathChildrenCache$9.run(PathChildrenCache.java:786)
	at java.util.concurrent.Executors$RunnableAdapter.call(Executors.java:511)
	at java.util.concurrent.FutureTask.run(FutureTask.java:266)
	at java.util.concurrent.Executors$RunnableAdapter.call(Executors.java:511)
	at java.util.concurrent.FutureTask.run(FutureTask.java:266)
	at java.util.concurrent.ThreadPoolExecutor.runWorker(ThreadPoolExecutor.java:1149)
	at java.util.concurrent.ThreadPoolExecutor$Worker.run(ThreadPoolExecutor.java:624)
	at java.lang.Thread.run(Thread.java:748)
Heap
 def new generation   total 153600K, used 41035K [0x00000000e0c00000, 0x00000000eb2a0000, 0x00000000eb2a0000)
  eden space 136576K,  29% used [0x00000000e0c00000, 0x00000000e33e8438, 0x00000000e9160000)
  from space 17024K,   1% used [0x00000000ea200000, 0x00000000ea22aa58, 0x00000000eb2a0000)
  to   space 17024K,   0% used [0x00000000e9160000, 0x00000000e9160000, 0x00000000ea200000)
 tenured generation   total 341376K, used 44156K [0x00000000eb2a0000, 0x0000000100000000, 0x0000000100000000)
   the space 341376K,  12% used [0x00000000eb2a0000, 0x00000000eddbf1d0, 0x00000000eddbf200, 0x0000000100000000)
 Metaspace       used 35761K, capacity 36640K, committed 36864K, reserved 1081344K
  class space    used 4832K, capacity 5042K, committed 5120K, reserved 1048576K
