16:34:15,272 |-INFO in ch.qos.logback.classic.LoggerContext[default] - Could NOT find resource [logback-test.xml]
16:34:15,272 |-INFO in ch.qos.logback.classic.LoggerContext[default] - Could NOT find resource [logback.groovy]
16:34:15,272 |-INFO in ch.qos.logback.classic.LoggerContext[default] - Found resource [logback.xml] at [jar:file:/root/flamestream/lib/flamestream-runtime-1.0-SNAPSHOT.jar!/logback.xml]
16:34:15,272 |-WARN in ch.qos.logback.classic.LoggerContext[default] - Resource [logback.xml] occurs multiple times on the classpath.
16:34:15,272 |-WARN in ch.qos.logback.classic.LoggerContext[default] - Resource [logback.xml] occurs at [jar:file:/root/flamestream/lib/flamestream-runtime-1.0-SNAPSHOT.jar!/logback.xml]
16:34:15,272 |-WARN in ch.qos.logback.classic.LoggerContext[default] - Resource [logback.xml] occurs at [jar:file:/root/flamestream/flamestream-runtime-1.0-SNAPSHOT.jar!/logback.xml]
16:34:15,298 |-INFO in ch.qos.logback.core.joran.spi.ConfigurationWatchList@3fb6a447 - URL [jar:file:/root/flamestream/lib/flamestream-runtime-1.0-SNAPSHOT.jar!/logback.xml] is not of type file
16:34:15,375 |-INFO in ch.qos.logback.classic.joran.action.ConfigurationAction - debug attribute not set
16:34:15,376 |-INFO in ch.qos.logback.core.joran.action.AppenderAction - About to instantiate appender of type [ch.qos.logback.core.ConsoleAppender]
16:34:15,388 |-INFO in ch.qos.logback.core.joran.action.AppenderAction - Naming appender as [STDOUT]
16:34:15,407 |-INFO in ch.qos.logback.core.joran.action.NestedComplexPropertyIA - Assuming default type [ch.qos.logback.classic.encoder.PatternLayoutEncoder] for [encoder] property
16:34:15,493 |-INFO in ch.qos.logback.core.joran.action.AppenderAction - About to instantiate appender of type [ch.qos.logback.core.rolling.RollingFileAppender]
16:34:15,498 |-INFO in ch.qos.logback.core.joran.action.AppenderAction - Naming appender as [FILE]
16:34:15,530 |-INFO in c.q.l.core.rolling.TimeBasedRollingPolicy@127618319 - No compression will be used
16:34:15,531 |-INFO in c.q.l.core.rolling.TimeBasedRollingPolicy@127618319 - Will use the pattern /tmp/application_%d{yyyy-MM-dd}.%i.log for the active file
16:34:15,534 |-INFO in ch.qos.logback.core.rolling.SizeAndTimeBasedFNATP@6b2fad11 - The date pattern is 'yyyy-MM-dd' from file name pattern '/tmp/application_%d{yyyy-MM-dd}.%i.log'.
16:34:15,534 |-INFO in ch.qos.logback.core.rolling.SizeAndTimeBasedFNATP@6b2fad11 - Roll-over at midnight.
16:34:15,539 |-INFO in ch.qos.logback.core.rolling.SizeAndTimeBasedFNATP@6b2fad11 - Setting initial period to Mon Jun 10 16:32:47 UTC 2019
16:34:15,539 |-WARN in ch.qos.logback.core.rolling.SizeAndTimeBasedFNATP@6b2fad11 - SizeAndTimeBasedFNATP is deprecated. Use SizeAndTimeBasedRollingPolicy instead
16:34:15,539 |-WARN in ch.qos.logback.core.rolling.SizeAndTimeBasedFNATP@6b2fad11 - For more information see http://logback.qos.ch/manual/appenders.html#SizeAndTimeBasedRollingPolicy
16:34:15,543 |-INFO in ch.qos.logback.core.joran.action.NestedComplexPropertyIA - Assuming default type [ch.qos.logback.classic.encoder.PatternLayoutEncoder] for [encoder] property
16:34:15,548 |-INFO in ch.qos.logback.core.rolling.RollingFileAppender[FILE] - Active log file name: /tmp/application.log
16:34:15,548 |-INFO in ch.qos.logback.core.rolling.RollingFileAppender[FILE] - File property is set to [/tmp/application.log]
16:34:15,549 |-INFO in ch.qos.logback.classic.joran.action.RootLoggerAction - Setting level of ROOT logger to WARN
16:34:15,549 |-INFO in ch.qos.logback.core.joran.action.AppenderRefAction - Attaching appender named [STDOUT] to Logger[ROOT]
16:34:15,551 |-INFO in ch.qos.logback.core.joran.action.AppenderRefAction - Attaching appender named [FILE] to Logger[ROOT]
16:34:15,551 |-INFO in ch.qos.logback.classic.joran.action.ConfigurationAction - End of configuration.
16:34:15,552 |-INFO in ch.qos.logback.classic.joran.JoranConfigurator@79698539 - Registering current configuration as safe fallback point

Ama winner
Ama winner
2019-06-10T16:34:16.867+0000: 1.780: [Full GC (Metadata GC Threshold) 2019-06-10T16:34:16.867+0000: 1.780: [Tenured: 0K->15207K(341376K), 0.0409460 secs] 114986K->15207K(494976K), [Metaspace: 20734K->20734K(1067008K)], 0.0410431 secs] [Times: user=0.04 sys=0.01, real=0.04 secs] 
16:34:34.986 [Curator-PathChildrenCache-1] WARN  o.a.c.u.ZKPaths  - The version of ZooKeeper being used doesn't support Container nodes. CreateMode.PERSISTENT will be used instead.
2019-06-10T16:34:37.474+0000: 22.387: [GC (Allocation Failure) 2019-06-10T16:34:37.474+0000: 22.387: [DefNew: 136576K->17023K(153600K), 0.0267865 secs] 151783K->52605K(494976K), 0.0268600 secs] [Times: user=0.02 sys=0.00, real=0.03 secs] 
2019-06-10T16:34:38.288+0000: 23.202: [Full GC (Metadata GC Threshold) 2019-06-10T16:34:38.288+0000: 23.202: [Tenured: 35581K->44250K(341376K), 0.0427450 secs] 79477K->44250K(494976K), [Metaspace: 34573K->34573K(1079296K)], 0.0428237 secs] [Times: user=0.04 sys=0.00, real=0.05 secs] 
2019-06-10T16:34:43.047+0000: 27.960: [GC (Allocation Failure) 2019-06-10T16:34:43.047+0000: 27.960: [DefNew: 136576K->99K(153600K), 0.0018936 secs] 180826K->44350K(494976K), 0.0019522 secs] [Times: user=0.01 sys=0.00, real=0.01 secs] 
2019-06-10T16:34:47.727+0000: 32.642: [GC (Allocation Failure) 2019-06-10T16:34:47.728+0000: 32.642: [DefNew: 136675K->140K(153600K), 0.0019240 secs] 180926K->44391K(494976K), 0.0030547 secs] [Times: user=0.00 sys=0.00, real=0.01 secs] 
2019-06-10T16:34:52.326+0000: 37.239: [GC (Allocation Failure) 2019-06-10T16:34:52.326+0000: 37.239: [DefNew: 136716K->177K(153600K), 0.0018674 secs] 180967K->44428K(494976K), 0.0019388 secs] [Times: user=0.00 sys=0.01, real=0.00 secs] 
2019-06-10T16:34:56.857+0000: 41.770: [GC (Allocation Failure) 2019-06-10T16:34:56.857+0000: 41.770: [DefNew: 136753K->206K(153600K), 0.0018381 secs] 181004K->44457K(494976K), 0.0019006 secs] [Times: user=0.00 sys=0.00, real=0.00 secs] 
16:35:08.056 [Curator-PathChildrenCache-0] ERROR o.a.c.f.r.c.PathChildrenCache  - 
java.lang.IllegalStateException: instance must be started before calling this method
	at org.apache.curator.shaded.com.google.common.base.Preconditions.checkState(Preconditions.java:444)
	at org.apache.curator.framework.imps.CuratorFrameworkImpl.getChildren(CuratorFrameworkImpl.java:456)
	at org.apache.curator.framework.recipes.cache.PathChildrenCache.refresh(PathChildrenCache.java:521)
	at org.apache.curator.framework.recipes.cache.RefreshOperation.invoke(RefreshOperation.java:35)
	at org.apache.curator.framework.recipes.cache.PathChildrenCache$9.run(PathChildrenCache.java:786)
	at java.util.concurrent.Executors$RunnableAdapter.call(Executors.java:511)
	at java.util.concurrent.FutureTask.run(FutureTask.java:266)
	at java.util.concurrent.Executors$RunnableAdapter.call(Executors.java:511)
	at java.util.concurrent.FutureTask.run(FutureTask.java:266)
	at java.util.concurrent.ThreadPoolExecutor.runWorker(ThreadPoolExecutor.java:1149)
	at java.util.concurrent.ThreadPoolExecutor$Worker.run(ThreadPoolExecutor.java:624)
	at java.lang.Thread.run(Thread.java:748)
Heap
 def new generation   total 153600K, used 121996K [0x00000000e0c00000, 0x00000000eb2a0000, 0x00000000eb2a0000)
  eden space 136576K,  89% used [0x00000000e0c00000, 0x00000000e82ef778, 0x00000000e9160000)
  from space 17024K,   1% used [0x00000000ea200000, 0x00000000ea233a18, 0x00000000eb2a0000)
  to   space 17024K,   0% used [0x00000000e9160000, 0x00000000e9160000, 0x00000000ea200000)
 tenured generation   total 341376K, used 44250K [0x00000000eb2a0000, 0x0000000100000000, 0x0000000100000000)
   the space 341376K,  12% used [0x00000000eb2a0000, 0x00000000eddd6ad0, 0x00000000eddd6c00, 0x0000000100000000)
 Metaspace       used 36024K, capacity 36940K, committed 37120K, reserved 1081344K
  class space    used 4840K, capacity 5050K, committed 5120K, reserved 1048576K
