10:50:00,083 |-INFO in ch.qos.logback.classic.LoggerContext[default] - Could NOT find resource [logback-test.xml]
10:50:00,083 |-INFO in ch.qos.logback.classic.LoggerContext[default] - Could NOT find resource [logback.groovy]
10:50:00,083 |-INFO in ch.qos.logback.classic.LoggerContext[default] - Found resource [logback.xml] at [jar:file:/home/nikitasokolov/flamestream/lib/flamestream-runtime-1.0-SNAPSHOT.jar!/logback.xml]
10:50:00,084 |-WARN in ch.qos.logback.classic.LoggerContext[default] - Resource [logback.xml] occurs multiple times on the classpath.
10:50:00,084 |-WARN in ch.qos.logback.classic.LoggerContext[default] - Resource [logback.xml] occurs at [jar:file:/home/nikitasokolov/flamestream/lib/flamestream-runtime-1.0-SNAPSHOT.jar!/logback.xml]
10:50:00,084 |-WARN in ch.qos.logback.classic.LoggerContext[default] - Resource [logback.xml] occurs at [jar:file:/home/nikitasokolov/flamestream/flamestream-runtime-1.0-SNAPSHOT.jar!/logback.xml]
10:50:00,101 |-INFO in ch.qos.logback.core.joran.spi.ConfigurationWatchList@6aaa5eb0 - URL [jar:file:/home/nikitasokolov/flamestream/lib/flamestream-runtime-1.0-SNAPSHOT.jar!/logback.xml] is not of type file
10:50:00,152 |-INFO in ch.qos.logback.classic.joran.action.ConfigurationAction - debug attribute not set
10:50:00,152 |-INFO in ch.qos.logback.core.joran.action.AppenderAction - About to instantiate appender of type [ch.qos.logback.core.ConsoleAppender]
10:50:00,160 |-INFO in ch.qos.logback.core.joran.action.AppenderAction - Naming appender as [STDOUT]
10:50:00,167 |-INFO in ch.qos.logback.core.joran.action.NestedComplexPropertyIA - Assuming default type [ch.qos.logback.classic.encoder.PatternLayoutEncoder] for [encoder] property
10:50:00,225 |-INFO in ch.qos.logback.core.joran.action.AppenderAction - About to instantiate appender of type [ch.qos.logback.core.rolling.RollingFileAppender]
10:50:00,230 |-INFO in ch.qos.logback.core.joran.action.AppenderAction - Naming appender as [FILE]
10:50:00,251 |-INFO in c.q.l.core.rolling.TimeBasedRollingPolicy@3447021 - No compression will be used
10:50:00,253 |-INFO in c.q.l.core.rolling.TimeBasedRollingPolicy@3447021 - Will use the pattern /tmp/application_%d{yyyy-MM-dd}.%i.log for the active file
10:50:00,256 |-INFO in ch.qos.logback.core.rolling.SizeAndTimeBasedFNATP@1a407d53 - The date pattern is 'yyyy-MM-dd' from file name pattern '/tmp/application_%d{yyyy-MM-dd}.%i.log'.
10:50:00,256 |-INFO in ch.qos.logback.core.rolling.SizeAndTimeBasedFNATP@1a407d53 - Roll-over at midnight.
10:50:00,260 |-INFO in ch.qos.logback.core.rolling.SizeAndTimeBasedFNATP@1a407d53 - Setting initial period to Thu Jun 06 22:00:24 MSK 2019
10:50:00,260 |-WARN in ch.qos.logback.core.rolling.SizeAndTimeBasedFNATP@1a407d53 - SizeAndTimeBasedFNATP is deprecated. Use SizeAndTimeBasedRollingPolicy instead
10:50:00,260 |-WARN in ch.qos.logback.core.rolling.SizeAndTimeBasedFNATP@1a407d53 - For more information see http://logback.qos.ch/manual/appenders.html#SizeAndTimeBasedRollingPolicy
10:50:00,263 |-INFO in ch.qos.logback.core.joran.action.NestedComplexPropertyIA - Assuming default type [ch.qos.logback.classic.encoder.PatternLayoutEncoder] for [encoder] property
10:50:00,266 |-INFO in ch.qos.logback.core.rolling.RollingFileAppender[FILE] - Active log file name: /tmp/application.log
10:50:00,266 |-INFO in ch.qos.logback.core.rolling.RollingFileAppender[FILE] - File property is set to [/tmp/application.log]
10:50:00,267 |-ERROR in ch.qos.logback.core.rolling.RollingFileAppender[FILE] - openFile(/tmp/application.log,true) call failed. java.io.FileNotFoundException: /tmp/application.log (Permission denied)
	at java.io.FileNotFoundException: /tmp/application.log (Permission denied)
	at 	at java.io.FileOutputStream.open0(Native Method)
	at 	at java.io.FileOutputStream.open(FileOutputStream.java:270)
	at 	at java.io.FileOutputStream.<init>(FileOutputStream.java:213)
	at 	at ch.qos.logback.core.recovery.ResilientFileOutputStream.<init>(ResilientFileOutputStream.java:26)
	at 	at ch.qos.logback.core.FileAppender.openFile(FileAppender.java:204)
	at 	at ch.qos.logback.core.FileAppender.start(FileAppender.java:127)
	at 	at ch.qos.logback.core.rolling.RollingFileAppender.start(RollingFileAppender.java:100)
	at 	at ch.qos.logback.core.joran.action.AppenderAction.end(AppenderAction.java:90)
	at 	at ch.qos.logback.core.joran.spi.Interpreter.callEndAction(Interpreter.java:309)
	at 	at ch.qos.logback.core.joran.spi.Interpreter.endElement(Interpreter.java:193)
	at 	at ch.qos.logback.core.joran.spi.Interpreter.endElement(Interpreter.java:179)
	at 	at ch.qos.logback.core.joran.spi.EventPlayer.play(EventPlayer.java:62)
	at 	at ch.qos.logback.core.joran.GenericConfigurator.doConfigure(GenericConfigurator.java:165)
	at 	at ch.qos.logback.core.joran.GenericConfigurator.doConfigure(GenericConfigurator.java:152)
	at 	at ch.qos.logback.core.joran.GenericConfigurator.doConfigure(GenericConfigurator.java:110)
	at 	at ch.qos.logback.core.joran.GenericConfigurator.doConfigure(GenericConfigurator.java:53)
	at 	at ch.qos.logback.classic.util.ContextInitializer.configureByResource(ContextInitializer.java:75)
	at 	at ch.qos.logback.classic.util.ContextInitializer.autoConfig(ContextInitializer.java:150)
	at 	at org.slf4j.impl.StaticLoggerBinder.init(StaticLoggerBinder.java:84)
	at 	at org.slf4j.impl.StaticLoggerBinder.<clinit>(StaticLoggerBinder.java:55)
	at 	at org.slf4j.LoggerFactory.bind(LoggerFactory.java:150)
	at 	at org.slf4j.LoggerFactory.performInitialization(LoggerFactory.java:124)
	at 	at org.slf4j.LoggerFactory.getILoggerFactory(LoggerFactory.java:412)
	at 	at org.slf4j.LoggerFactory.getLogger(LoggerFactory.java:357)
	at 	at org.slf4j.LoggerFactory.getLogger(LoggerFactory.java:383)
	at 	at com.spbsu.flamestream.runtime.WorkerApplication.<init>(WorkerApplication.java:26)
	at 	at com.spbsu.flamestream.runtime.WorkerApplication.main(WorkerApplication.java:68)
10:50:00,267 |-INFO in ch.qos.logback.classic.joran.action.RootLoggerAction - Setting level of ROOT logger to WARN
10:50:00,267 |-INFO in ch.qos.logback.core.joran.action.AppenderRefAction - Attaching appender named [STDOUT] to Logger[ROOT]
10:50:00,267 |-INFO in ch.qos.logback.core.joran.action.AppenderRefAction - Attaching appender named [FILE] to Logger[ROOT]
10:50:00,268 |-INFO in ch.qos.logback.classic.joran.action.ConfigurationAction - End of configuration.
10:50:00,268 |-INFO in ch.qos.logback.classic.joran.JoranConfigurator@21bcffb5 - Registering current configuration as safe fallback point

Ama winner
Ama winner
2019-06-09T10:50:01.281+0300: 1.402: [GC (Metadata GC Threshold) [PSYoungGen: 95247K->15939K(149504K)] 95247K->16019K(491008K), 0.0269441 secs] [Times: user=0.11 sys=0.04, real=0.03 secs] 
2019-06-09T10:50:01.308+0300: 1.429: [Full GC (Metadata GC Threshold) [PSYoungGen: 15939K->0K(149504K)] [ParOldGen: 80K->15103K(341504K)] 16019K->15103K(491008K), [Metaspace: 20801K->20801K(1067008K)], 0.0252505 secs] [Times: user=0.14 sys=0.02, real=0.03 secs] 
10:50:12.302 [Curator-PathChildrenCache-1] WARN  o.a.c.u.ZKPaths  - The version of ZooKeeper being used doesn't support Container nodes. CreateMode.PERSISTENT will be used instead.
2019-06-09T10:50:13.255+0300: 13.376: [GC (Allocation Failure) [PSYoungGen: 128512K->15650K(149504K)] 143615K->50293K(491008K), 0.0269085 secs] [Times: user=0.21 sys=0.03, real=0.02 secs] 
2019-06-09T10:50:13.897+0300: 14.019: [GC (Metadata GC Threshold) [PSYoungGen: 53890K->5445K(149504K)] 88533K->40095K(491008K), 0.0044842 secs] [Times: user=0.04 sys=0.01, real=0.00 secs] 
2019-06-09T10:50:13.902+0300: 14.023: [Full GC (Metadata GC Threshold) [PSYoungGen: 5445K->0K(149504K)] [ParOldGen: 34650K->29356K(341504K)] 40095K->29356K(491008K), [Metaspace: 34558K->34558K(1079296K)], 0.0511330 secs] [Times: user=0.24 sys=0.02, real=0.06 secs] 
2019-06-09T10:50:15.745+0300: 15.867: [GC (Allocation Failure) [PSYoungGen: 128512K->320K(149504K)] 157868K->29684K(491008K), 0.0035358 secs] [Times: user=0.01 sys=0.00, real=0.00 secs] 
2019-06-09T10:50:17.336+0300: 17.458: [GC (Allocation Failure) [PSYoungGen: 128832K->576K(129536K)] 158196K->29948K(471040K), 0.0678567 secs] [Times: user=0.01 sys=0.01, real=0.06 secs] 
2019-06-09T10:50:18.783+0300: 18.904: [GC (Allocation Failure) [PSYoungGen: 129088K->576K(149504K)] 158460K->29956K(491008K), 0.0025729 secs] [Times: user=0.02 sys=0.00, real=0.01 secs] 
2019-06-09T10:50:19.993+0300: 20.114: [GC (Allocation Failure) [PSYoungGen: 128576K->672K(148992K)] 157956K->30060K(490496K), 0.0024110 secs] [Times: user=0.01 sys=0.00, real=0.00 secs] 
2019-06-09T10:50:21.433+0300: 21.555: [GC (Allocation Failure) [PSYoungGen: 128672K->704K(151040K)] 158060K->30101K(492544K), 0.0057727 secs] [Times: user=0.05 sys=0.00, real=0.00 secs] 
2019-06-09T10:50:22.968+0300: 23.090: [GC (Allocation Failure) [PSYoungGen: 131264K->704K(150016K)] 160661K->30109K(491520K), 0.1136074 secs] [Times: user=0.01 sys=0.00, real=0.11 secs] 
2019-06-09T10:50:24.528+0300: 24.649: [GC (Allocation Failure) [PSYoungGen: 131264K->864K(152576K)] 160669K->30277K(494080K), 0.0025548 secs] [Times: user=0.01 sys=0.01, real=0.00 secs] 
2019-06-09T10:50:26.012+0300: 26.133: [GC (Allocation Failure) [PSYoungGen: 134496K->1024K(151552K)] 163909K->30445K(493056K), 0.0035042 secs] [Times: user=0.02 sys=0.01, real=0.01 secs] 
2019-06-09T10:50:27.457+0300: 27.578: [GC (Allocation Failure) [PSYoungGen: 134656K->896K(154112K)] 164077K->30325K(495616K), 0.0028702 secs] [Times: user=0.02 sys=0.00, real=0.00 secs] 
2019-06-09T10:50:29.103+0300: 29.225: [GC (Allocation Failure) [PSYoungGen: 137600K->832K(153088K)] 167029K->30261K(494592K), 0.0029649 secs] [Times: user=0.00 sys=0.02, real=0.01 secs] 
10:50:36.021 [Curator-PathChildrenCache-0] ERROR o.a.c.f.r.c.PathChildrenCache  - 
java.lang.IllegalStateException: instance must be started before calling this method
	at org.apache.curator.shaded.com.google.common.base.Preconditions.checkState(Preconditions.java:444)
	at org.apache.curator.framework.imps.CuratorFrameworkImpl.getChildren(CuratorFrameworkImpl.java:456)
	at org.apache.curator.framework.recipes.cache.PathChildrenCache.refresh(PathChildrenCache.java:521)
	at org.apache.curator.framework.recipes.cache.RefreshOperation.invoke(RefreshOperation.java:35)
	at org.apache.curator.framework.recipes.cache.PathChildrenCache$9.run(PathChildrenCache.java:786)
	at java.util.concurrent.Executors$RunnableAdapter.call(Executors.java:511)
	at java.util.concurrent.FutureTask.run(FutureTask.java:266)
	at java.util.concurrent.Executors$RunnableAdapter.call(Executors.java:511)
	at java.util.concurrent.FutureTask.run(FutureTask.java:266)
	at java.util.concurrent.ThreadPoolExecutor.runWorker(ThreadPoolExecutor.java:1149)
	at java.util.concurrent.ThreadPoolExecutor$Worker.run(ThreadPoolExecutor.java:624)
	at java.lang.Thread.run(Thread.java:748)
10:50:37.120 [worker-akka.actor.default-dispatcher-7] ERROR c.s.f.r.WorkerApplication  - Something went wrong during trace flush
java.nio.file.AccessDeniedException: /tmp/trace.csv
	at sun.nio.fs.UnixException.translateToIOException(UnixException.java:84)
	at sun.nio.fs.UnixException.rethrowAsIOException(UnixException.java:102)
	at sun.nio.fs.UnixException.rethrowAsIOException(UnixException.java:107)
	at sun.nio.fs.UnixFileSystemProvider.newByteChannel(UnixFileSystemProvider.java:214)
	at java.nio.file.spi.FileSystemProvider.newOutputStream(FileSystemProvider.java:434)
	at java.nio.file.Files.newOutputStream(Files.java:216)
	at java.nio.file.Files.newBufferedWriter(Files.java:2860)
	at java.nio.file.Files.newBufferedWriter(Files.java:2896)
	at com.spbsu.flamestream.runtime.utils.tracing.Tracing.flush(Tracing.java:35)
	at com.spbsu.flamestream.runtime.WorkerApplication.lambda$run$0(WorkerApplication.java:109)
	at akka.actor.ActorSystemImpl$TerminationCallbacks$$anonfun$addRec$1$1.applyOrElse(ActorSystem.scala:1036)
	at akka.actor.ActorSystemImpl$TerminationCallbacks$$anonfun$addRec$1$1.applyOrElse(ActorSystem.scala:1036)
	at scala.concurrent.Future$$anonfun$andThen$1.apply(Future.scala:436)
	at scala.concurrent.Future$$anonfun$andThen$1.apply(Future.scala:435)
	at scala.concurrent.impl.CallbackRunnable.run(Promise.scala:36)
	at akka.dispatch.BatchingExecutor$AbstractBatch.processBatch(BatchingExecutor.scala:55)
	at akka.dispatch.BatchingExecutor$BlockableBatch$$anonfun$run$1.apply$mcV$sp(BatchingExecutor.scala:91)
	at akka.dispatch.BatchingExecutor$BlockableBatch$$anonfun$run$1.apply(BatchingExecutor.scala:91)
	at akka.dispatch.BatchingExecutor$BlockableBatch$$anonfun$run$1.apply(BatchingExecutor.scala:91)
	at scala.concurrent.BlockContext$.withBlockContext(BlockContext.scala:72)
	at akka.dispatch.BatchingExecutor$BlockableBatch.run(BatchingExecutor.scala:90)
	at akka.dispatch.TaskInvocation.run(AbstractDispatcher.scala:40)
	at akka.dispatch.ForkJoinExecutorConfigurator$AkkaForkJoinTask.exec(ForkJoinExecutorConfigurator.scala:44)
	at akka.dispatch.forkjoin.ForkJoinTask.doExec(ForkJoinTask.java:260)
	at akka.dispatch.forkjoin.ForkJoinPool$WorkQueue.runTask(ForkJoinPool.java:1339)
	at akka.dispatch.forkjoin.ForkJoinPool.runWorker(ForkJoinPool.java:1979)
	at akka.dispatch.forkjoin.ForkJoinWorkerThread.run(ForkJoinWorkerThread.java:107)
Heap
 PSYoungGen      total 153088K, used 111183K [0x00000000f5980000, 0x0000000100000000, 0x0000000100000000)
  eden space 136704K, 80% used [0x00000000f5980000,0x00000000fc543d48,0x00000000fdf00000)
  from space 16384K, 5% used [0x00000000fdf00000,0x00000000fdfd0080,0x00000000fef00000)
  to   space 15872K, 0% used [0x00000000ff080000,0x00000000ff080000,0x0000000100000000)
 ParOldGen       total 341504K, used 29428K [0x00000000e0c00000, 0x00000000f5980000, 0x00000000f5980000)
  object space 341504K, 8% used [0x00000000e0c00000,0x00000000e28bd3b0,0x00000000f5980000)
 Metaspace       used 35783K, capacity 36616K, committed 36952K, reserved 1081344K
  class space    used 4927K, capacity 5128K, committed 5248K, reserved 1048576K
