07:26:16,205 |-INFO in ch.qos.logback.classic.LoggerContext[default] - Could NOT find resource [logback-test.xml]
07:26:16,206 |-INFO in ch.qos.logback.classic.LoggerContext[default] - Could NOT find resource [logback.groovy]
07:26:16,206 |-INFO in ch.qos.logback.classic.LoggerContext[default] - Found resource [logback.xml] at [jar:file:/root/flamestream/lib/flamestream-runtime-1.0-SNAPSHOT.jar!/logback.xml]
07:26:16,207 |-WARN in ch.qos.logback.classic.LoggerContext[default] - Resource [logback.xml] occurs multiple times on the classpath.
07:26:16,207 |-WARN in ch.qos.logback.classic.LoggerContext[default] - Resource [logback.xml] occurs at [jar:file:/root/flamestream/lib/flamestream-runtime-1.0-SNAPSHOT.jar!/logback.xml]
07:26:16,207 |-WARN in ch.qos.logback.classic.LoggerContext[default] - Resource [logback.xml] occurs at [jar:file:/root/flamestream/flamestream-runtime-1.0-SNAPSHOT.jar!/logback.xml]
07:26:16,227 |-INFO in ch.qos.logback.core.joran.spi.ConfigurationWatchList@3fb6a447 - URL [jar:file:/root/flamestream/lib/flamestream-runtime-1.0-SNAPSHOT.jar!/logback.xml] is not of type file
07:26:16,293 |-INFO in ch.qos.logback.classic.joran.action.ConfigurationAction - debug attribute not set
07:26:16,294 |-INFO in ch.qos.logback.core.joran.action.AppenderAction - About to instantiate appender of type [ch.qos.logback.core.ConsoleAppender]
07:26:16,310 |-INFO in ch.qos.logback.core.joran.action.AppenderAction - Naming appender as [STDOUT]
07:26:16,323 |-INFO in ch.qos.logback.core.joran.action.NestedComplexPropertyIA - Assuming default type [ch.qos.logback.classic.encoder.PatternLayoutEncoder] for [encoder] property
07:26:16,430 |-INFO in ch.qos.logback.core.joran.action.AppenderAction - About to instantiate appender of type [ch.qos.logback.core.rolling.RollingFileAppender]
07:26:16,439 |-INFO in ch.qos.logback.core.joran.action.AppenderAction - Naming appender as [FILE]
07:26:16,472 |-INFO in c.q.l.core.rolling.TimeBasedRollingPolicy@127618319 - No compression will be used
07:26:16,473 |-INFO in c.q.l.core.rolling.TimeBasedRollingPolicy@127618319 - Will use the pattern /tmp/application_%d{yyyy-MM-dd}.%i.log for the active file
07:26:16,476 |-INFO in ch.qos.logback.core.rolling.SizeAndTimeBasedFNATP@6b2fad11 - The date pattern is 'yyyy-MM-dd' from file name pattern '/tmp/application_%d{yyyy-MM-dd}.%i.log'.
07:26:16,476 |-INFO in ch.qos.logback.core.rolling.SizeAndTimeBasedFNATP@6b2fad11 - Roll-over at midnight.
07:26:16,482 |-INFO in ch.qos.logback.core.rolling.SizeAndTimeBasedFNATP@6b2fad11 - Setting initial period to Tue Jun 11 07:24:44 UTC 2019
07:26:16,482 |-WARN in ch.qos.logback.core.rolling.SizeAndTimeBasedFNATP@6b2fad11 - SizeAndTimeBasedFNATP is deprecated. Use SizeAndTimeBasedRollingPolicy instead
07:26:16,482 |-WARN in ch.qos.logback.core.rolling.SizeAndTimeBasedFNATP@6b2fad11 - For more information see http://logback.qos.ch/manual/appenders.html#SizeAndTimeBasedRollingPolicy
07:26:16,486 |-INFO in ch.qos.logback.core.joran.action.NestedComplexPropertyIA - Assuming default type [ch.qos.logback.classic.encoder.PatternLayoutEncoder] for [encoder] property
07:26:16,490 |-INFO in ch.qos.logback.core.rolling.RollingFileAppender[FILE] - Active log file name: /tmp/application.log
07:26:16,490 |-INFO in ch.qos.logback.core.rolling.RollingFileAppender[FILE] - File property is set to [/tmp/application.log]
07:26:16,491 |-INFO in ch.qos.logback.classic.joran.action.RootLoggerAction - Setting level of ROOT logger to WARN
07:26:16,491 |-INFO in ch.qos.logback.core.joran.action.AppenderRefAction - Attaching appender named [STDOUT] to Logger[ROOT]
07:26:16,493 |-INFO in ch.qos.logback.core.joran.action.AppenderRefAction - Attaching appender named [FILE] to Logger[ROOT]
07:26:16,493 |-INFO in ch.qos.logback.classic.joran.action.ConfigurationAction - End of configuration.
07:26:16,494 |-INFO in ch.qos.logback.classic.joran.JoranConfigurator@79698539 - Registering current configuration as safe fallback point

Ama winner
Ama winner
2019-06-11T07:26:17.778+0000: 1.755: [Full GC (Metadata GC Threshold) 2019-06-11T07:26:17.778+0000: 1.755: [Tenured: 0K->15208K(341376K), 0.0406561 secs] 114987K->15208K(494976K), [Metaspace: 20735K->20735K(1067008K)], 0.0407236 secs] [Times: user=0.04 sys=0.01, real=0.05 secs] 
07:26:35.432 [Curator-PathChildrenCache-1] WARN  o.a.c.u.ZKPaths  - The version of ZooKeeper being used doesn't support Container nodes. CreateMode.PERSISTENT will be used instead.
2019-06-11T07:26:37.498+0000: 21.475: [GC (Allocation Failure) 2019-06-11T07:26:37.498+0000: 21.475: [DefNew: 136576K->17024K(153600K), 0.0251030 secs] 151784K->52321K(494976K), 0.0251776 secs] [Times: user=0.02 sys=0.02, real=0.03 secs] 
2019-06-11T07:26:40.536+0000: 24.513: [GC (Allocation Failure) 2019-06-11T07:26:40.536+0000: 24.513: [DefNew: 153600K->453K(153600K), 0.0143124 secs] 188897K->43748K(494976K), 0.0143769 secs] [Times: user=0.02 sys=0.00, real=0.01 secs] 
2019-06-11T07:26:40.730+0000: 24.707: [Full GC (Metadata GC Threshold) 2019-06-11T07:26:40.730+0000: 24.707: [Tenured: 43295K->43654K(341376K), 0.0619501 secs] 57543K->43654K(494976K), [Metaspace: 34602K->34602K(1079296K)], 0.0620422 secs] [Times: user=0.06 sys=0.00, real=0.07 secs] 
2019-06-11T07:26:42.892+0000: 26.869: [GC (Allocation Failure) 2019-06-11T07:26:42.892+0000: 26.869: [DefNew: 136576K->45K(153600K), 0.0016038 secs] 180230K->43699K(494976K), 0.0016608 secs] [Times: user=0.00 sys=0.00, real=0.00 secs] 
2019-06-11T07:26:45.140+0000: 29.117: [GC (Allocation Failure) 2019-06-11T07:26:45.140+0000: 29.117: [DefNew: 136621K->49K(153600K), 0.0015699 secs] 180275K->43704K(494976K), 0.0016296 secs] [Times: user=0.00 sys=0.00, real=0.00 secs] 
07:26:55.508 [Curator-PathChildrenCache-0] ERROR o.a.c.f.r.c.PathChildrenCache  - 
java.lang.IllegalStateException: instance must be started before calling this method
	at org.apache.curator.shaded.com.google.common.base.Preconditions.checkState(Preconditions.java:444)
	at org.apache.curator.framework.imps.CuratorFrameworkImpl.getChildren(CuratorFrameworkImpl.java:456)
	at org.apache.curator.framework.recipes.cache.PathChildrenCache.refresh(PathChildrenCache.java:521)
	at org.apache.curator.framework.recipes.cache.RefreshOperation.invoke(RefreshOperation.java:35)
	at org.apache.curator.framework.recipes.cache.PathChildrenCache$9.run(PathChildrenCache.java:786)
	at java.util.concurrent.Executors$RunnableAdapter.call(Executors.java:511)
	at java.util.concurrent.FutureTask.run(FutureTask.java:266)
	at java.util.concurrent.Executors$RunnableAdapter.call(Executors.java:511)
	at java.util.concurrent.FutureTask.run(FutureTask.java:266)
	at java.util.concurrent.ThreadPoolExecutor.runWorker(ThreadPoolExecutor.java:1149)
	at java.util.concurrent.ThreadPoolExecutor$Worker.run(ThreadPoolExecutor.java:624)
	at java.lang.Thread.run(Thread.java:748)
Heap
 def new generation   total 153600K, used 128767K [0x00000000e0c00000, 0x00000000eb2a0000, 0x00000000eb2a0000)
  eden space 136576K,  94% used [0x00000000e0c00000, 0x00000000e89b3670, 0x00000000e9160000)
  from space 17024K,   0% used [0x00000000e9160000, 0x00000000e916c798, 0x00000000ea200000)
  to   space 17024K,   0% used [0x00000000ea200000, 0x00000000ea200000, 0x00000000eb2a0000)
 tenured generation   total 341376K, used 43654K [0x00000000eb2a0000, 0x0000000100000000, 0x0000000100000000)
   the space 341376K,  12% used [0x00000000eb2a0000, 0x00000000edd41988, 0x00000000edd41a00, 0x0000000100000000)
 Metaspace       used 35745K, capacity 36640K, committed 36864K, reserved 1081344K
  class space    used 4823K, capacity 5042K, committed 5120K, reserved 1048576K
