15:51:23,856 |-INFO in ch.qos.logback.classic.LoggerContext[default] - Could NOT find resource [logback-test.xml]
15:51:23,856 |-INFO in ch.qos.logback.classic.LoggerContext[default] - Could NOT find resource [logback.groovy]
15:51:23,856 |-INFO in ch.qos.logback.classic.LoggerContext[default] - Found resource [logback.xml] at [jar:file:/root/flamestream/lib/flamestream-runtime-1.0-SNAPSHOT.jar!/logback.xml]
15:51:23,856 |-WARN in ch.qos.logback.classic.LoggerContext[default] - Resource [logback.xml] occurs multiple times on the classpath.
15:51:23,857 |-WARN in ch.qos.logback.classic.LoggerContext[default] - Resource [logback.xml] occurs at [jar:file:/root/flamestream/lib/flamestream-runtime-1.0-SNAPSHOT.jar!/logback.xml]
15:51:23,857 |-WARN in ch.qos.logback.classic.LoggerContext[default] - Resource [logback.xml] occurs at [jar:file:/root/flamestream/flamestream-runtime-1.0-SNAPSHOT.jar!/logback.xml]
15:51:23,881 |-INFO in ch.qos.logback.core.joran.spi.ConfigurationWatchList@3fb6a447 - URL [jar:file:/root/flamestream/lib/flamestream-runtime-1.0-SNAPSHOT.jar!/logback.xml] is not of type file
15:51:23,948 |-INFO in ch.qos.logback.classic.joran.action.ConfigurationAction - debug attribute not set
15:51:23,948 |-INFO in ch.qos.logback.core.joran.action.AppenderAction - About to instantiate appender of type [ch.qos.logback.core.ConsoleAppender]
15:51:23,964 |-INFO in ch.qos.logback.core.joran.action.AppenderAction - Naming appender as [STDOUT]
15:51:23,978 |-INFO in ch.qos.logback.core.joran.action.NestedComplexPropertyIA - Assuming default type [ch.qos.logback.classic.encoder.PatternLayoutEncoder] for [encoder] property
15:51:24,081 |-INFO in ch.qos.logback.core.joran.action.AppenderAction - About to instantiate appender of type [ch.qos.logback.core.rolling.RollingFileAppender]
15:51:24,086 |-INFO in ch.qos.logback.core.joran.action.AppenderAction - Naming appender as [FILE]
15:51:24,122 |-INFO in c.q.l.core.rolling.TimeBasedRollingPolicy@127618319 - No compression will be used
15:51:24,123 |-INFO in c.q.l.core.rolling.TimeBasedRollingPolicy@127618319 - Will use the pattern /tmp/application_%d{yyyy-MM-dd}.%i.log for the active file
15:51:24,126 |-INFO in ch.qos.logback.core.rolling.SizeAndTimeBasedFNATP@6b2fad11 - The date pattern is 'yyyy-MM-dd' from file name pattern '/tmp/application_%d{yyyy-MM-dd}.%i.log'.
15:51:24,126 |-INFO in ch.qos.logback.core.rolling.SizeAndTimeBasedFNATP@6b2fad11 - Roll-over at midnight.
15:51:24,131 |-INFO in ch.qos.logback.core.rolling.SizeAndTimeBasedFNATP@6b2fad11 - Setting initial period to Mon Jun 10 15:50:08 UTC 2019
15:51:24,132 |-WARN in ch.qos.logback.core.rolling.SizeAndTimeBasedFNATP@6b2fad11 - SizeAndTimeBasedFNATP is deprecated. Use SizeAndTimeBasedRollingPolicy instead
15:51:24,132 |-WARN in ch.qos.logback.core.rolling.SizeAndTimeBasedFNATP@6b2fad11 - For more information see http://logback.qos.ch/manual/appenders.html#SizeAndTimeBasedRollingPolicy
15:51:24,135 |-INFO in ch.qos.logback.core.joran.action.NestedComplexPropertyIA - Assuming default type [ch.qos.logback.classic.encoder.PatternLayoutEncoder] for [encoder] property
15:51:24,140 |-INFO in ch.qos.logback.core.rolling.RollingFileAppender[FILE] - Active log file name: /tmp/application.log
15:51:24,140 |-INFO in ch.qos.logback.core.rolling.RollingFileAppender[FILE] - File property is set to [/tmp/application.log]
15:51:24,141 |-INFO in ch.qos.logback.classic.joran.action.RootLoggerAction - Setting level of ROOT logger to WARN
15:51:24,141 |-INFO in ch.qos.logback.core.joran.action.AppenderRefAction - Attaching appender named [STDOUT] to Logger[ROOT]
15:51:24,143 |-INFO in ch.qos.logback.core.joran.action.AppenderRefAction - Attaching appender named [FILE] to Logger[ROOT]
15:51:24,143 |-INFO in ch.qos.logback.classic.joran.action.ConfigurationAction - End of configuration.
15:51:24,144 |-INFO in ch.qos.logback.classic.joran.JoranConfigurator@79698539 - Registering current configuration as safe fallback point

Ama winner
Ama winner
2019-06-10T15:51:25.747+0000: 2.070: [Full GC (Metadata GC Threshold) 2019-06-10T15:51:25.747+0000: 2.070: [Tenured: 0K->15242K(341376K), 0.0363864 secs] 120482K->15242K(494976K), [Metaspace: 20737K->20737K(1067008K)], 0.0364527 secs] [Times: user=0.03 sys=0.00, real=0.03 secs] 
15:51:43.892 [Curator-PathChildrenCache-1] WARN  o.a.c.u.ZKPaths  - The version of ZooKeeper being used doesn't support Container nodes. CreateMode.PERSISTENT will be used instead.
2019-06-10T15:51:45.984+0000: 22.306: [GC (Allocation Failure) 2019-06-10T15:51:45.984+0000: 22.306: [DefNew: 136576K->17023K(153600K), 0.0263883 secs] 151818K->52578K(494976K), 0.0264735 secs] [Times: user=0.02 sys=0.01, real=0.03 secs] 
2019-06-10T15:51:47.586+0000: 23.909: [Full GC (Metadata GC Threshold) 2019-06-10T15:51:47.586+0000: 23.909: [Tenured: 35554K->44277K(341376K), 0.0385984 secs] 84311K->44277K(494976K), [Metaspace: 34569K->34569K(1079296K)], 0.0386711 secs] [Times: user=0.04 sys=0.00, real=0.03 secs] 
2019-06-10T15:51:52.801+0000: 29.123: [GC (Allocation Failure) 2019-06-10T15:51:52.801+0000: 29.124: [DefNew: 136576K->177K(153600K), 0.0020919 secs] 180853K->44455K(494976K), 0.0021575 secs] [Times: user=0.01 sys=0.00, real=0.00 secs] 
2019-06-10T15:51:58.136+0000: 34.459: [GC (Allocation Failure) 2019-06-10T15:51:58.136+0000: 34.459: [DefNew: 136753K->210K(153600K), 0.0020179 secs] 181031K->44488K(494976K), 0.0020757 secs] [Times: user=0.00 sys=0.00, real=0.01 secs] 
2019-06-10T15:52:03.538+0000: 39.861: [GC (Allocation Failure) 2019-06-10T15:52:03.538+0000: 39.861: [DefNew: 136786K->211K(153600K), 0.0019764 secs] 181064K->44488K(494976K), 0.0020527 secs] [Times: user=0.01 sys=0.00, real=0.00 secs] 
2019-06-10T15:52:08.821+0000: 45.144: [GC (Allocation Failure) 2019-06-10T15:52:08.821+0000: 45.144: [DefNew: 136787K->211K(153600K), 0.0020612 secs] 181064K->44489K(494976K), 0.0021205 secs] [Times: user=0.00 sys=0.00, real=0.00 secs] 
15:52:16.743 [Curator-PathChildrenCache-0] ERROR o.a.c.f.r.c.PathChildrenCache  - 
java.lang.IllegalStateException: instance must be started before calling this method
	at org.apache.curator.shaded.com.google.common.base.Preconditions.checkState(Preconditions.java:444)
	at org.apache.curator.framework.imps.CuratorFrameworkImpl.getChildren(CuratorFrameworkImpl.java:456)
	at org.apache.curator.framework.recipes.cache.PathChildrenCache.refresh(PathChildrenCache.java:521)
	at org.apache.curator.framework.recipes.cache.RefreshOperation.invoke(RefreshOperation.java:35)
	at org.apache.curator.framework.recipes.cache.PathChildrenCache$9.run(PathChildrenCache.java:786)
	at java.util.concurrent.Executors$RunnableAdapter.call(Executors.java:511)
	at java.util.concurrent.FutureTask.run(FutureTask.java:266)
	at java.util.concurrent.Executors$RunnableAdapter.call(Executors.java:511)
	at java.util.concurrent.FutureTask.run(FutureTask.java:266)
	at java.util.concurrent.ThreadPoolExecutor.runWorker(ThreadPoolExecutor.java:1149)
	at java.util.concurrent.ThreadPoolExecutor$Worker.run(ThreadPoolExecutor.java:624)
	at java.lang.Thread.run(Thread.java:748)
Heap
 def new generation   total 153600K, used 110016K [0x00000000e0c00000, 0x00000000eb2a0000, 0x00000000eb2a0000)
  eden space 136576K,  80% used [0x00000000e0c00000, 0x00000000e773b228, 0x00000000e9160000)
  from space 17024K,   1% used [0x00000000ea200000, 0x00000000ea234eb8, 0x00000000eb2a0000)
  to   space 17024K,   0% used [0x00000000e9160000, 0x00000000e9160000, 0x00000000ea200000)
 tenured generation   total 341376K, used 44277K [0x00000000eb2a0000, 0x0000000100000000, 0x0000000100000000)
   the space 341376K,  12% used [0x00000000eb2a0000, 0x00000000edddd790, 0x00000000edddd800, 0x0000000100000000)
 Metaspace       used 36001K, capacity 36914K, committed 37120K, reserved 1081344K
  class space    used 4826K, capacity 5045K, committed 5120K, reserved 1048576K
