05:08:00,376 |-INFO in ch.qos.logback.classic.LoggerContext[default] - Could NOT find resource [logback-test.xml]
05:08:00,376 |-INFO in ch.qos.logback.classic.LoggerContext[default] - Could NOT find resource [logback.groovy]
05:08:00,377 |-INFO in ch.qos.logback.classic.LoggerContext[default] - Found resource [logback.xml] at [jar:file:/root/flamestream/lib/flamestream-runtime-1.0-SNAPSHOT.jar!/logback.xml]
05:08:00,415 |-WARN in ch.qos.logback.classic.LoggerContext[default] - Resource [logback.xml] occurs multiple times on the classpath.
05:08:00,415 |-WARN in ch.qos.logback.classic.LoggerContext[default] - Resource [logback.xml] occurs at [jar:file:/root/flamestream/lib/flamestream-runtime-1.0-SNAPSHOT.jar!/logback.xml]
05:08:00,415 |-WARN in ch.qos.logback.classic.LoggerContext[default] - Resource [logback.xml] occurs at [jar:file:/root/flamestream/flamestream-runtime-1.0-SNAPSHOT.jar!/logback.xml]
05:08:00,523 |-INFO in ch.qos.logback.core.joran.spi.ConfigurationWatchList@3fb6a447 - URL [jar:file:/root/flamestream/lib/flamestream-runtime-1.0-SNAPSHOT.jar!/logback.xml] is not of type file
05:08:00,909 |-INFO in ch.qos.logback.classic.joran.action.ConfigurationAction - debug attribute not set
05:08:00,926 |-INFO in ch.qos.logback.core.joran.action.AppenderAction - About to instantiate appender of type [ch.qos.logback.core.ConsoleAppender]
05:08:00,994 |-INFO in ch.qos.logback.core.joran.action.AppenderAction - Naming appender as [STDOUT]
05:08:01,034 |-INFO in ch.qos.logback.core.joran.action.NestedComplexPropertyIA - Assuming default type [ch.qos.logback.classic.encoder.PatternLayoutEncoder] for [encoder] property
05:08:01,565 |-INFO in ch.qos.logback.core.joran.action.AppenderAction - About to instantiate appender of type [ch.qos.logback.core.rolling.RollingFileAppender]
05:08:01,624 |-INFO in ch.qos.logback.core.joran.action.AppenderAction - Naming appender as [FILE]
05:08:01,866 |-INFO in c.q.l.core.rolling.TimeBasedRollingPolicy@127618319 - No compression will be used
05:08:01,868 |-INFO in c.q.l.core.rolling.TimeBasedRollingPolicy@127618319 - Will use the pattern /tmp/application_%d{yyyy-MM-dd}.%i.log for the active file
05:08:01,887 |-INFO in ch.qos.logback.core.rolling.SizeAndTimeBasedFNATP@6b2fad11 - The date pattern is 'yyyy-MM-dd' from file name pattern '/tmp/application_%d{yyyy-MM-dd}.%i.log'.
05:08:01,887 |-INFO in ch.qos.logback.core.rolling.SizeAndTimeBasedFNATP@6b2fad11 - Roll-over at midnight.
05:08:01,930 |-INFO in ch.qos.logback.core.rolling.SizeAndTimeBasedFNATP@6b2fad11 - Setting initial period to Tue Jun 11 05:07:56 UTC 2019
05:08:01,930 |-WARN in ch.qos.logback.core.rolling.SizeAndTimeBasedFNATP@6b2fad11 - SizeAndTimeBasedFNATP is deprecated. Use SizeAndTimeBasedRollingPolicy instead
05:08:01,930 |-WARN in ch.qos.logback.core.rolling.SizeAndTimeBasedFNATP@6b2fad11 - For more information see http://logback.qos.ch/manual/appenders.html#SizeAndTimeBasedRollingPolicy
05:08:01,933 |-INFO in ch.qos.logback.core.joran.action.NestedComplexPropertyIA - Assuming default type [ch.qos.logback.classic.encoder.PatternLayoutEncoder] for [encoder] property
05:08:01,971 |-INFO in ch.qos.logback.core.rolling.RollingFileAppender[FILE] - Active log file name: /tmp/application.log
05:08:01,971 |-INFO in ch.qos.logback.core.rolling.RollingFileAppender[FILE] - File property is set to [/tmp/application.log]
05:08:01,972 |-INFO in ch.qos.logback.classic.joran.action.RootLoggerAction - Setting level of ROOT logger to WARN
05:08:01,974 |-INFO in ch.qos.logback.core.joran.action.AppenderRefAction - Attaching appender named [STDOUT] to Logger[ROOT]
05:08:01,991 |-INFO in ch.qos.logback.core.joran.action.AppenderRefAction - Attaching appender named [FILE] to Logger[ROOT]
05:08:01,991 |-INFO in ch.qos.logback.classic.joran.action.ConfigurationAction - End of configuration.
05:08:01,992 |-INFO in ch.qos.logback.classic.joran.JoranConfigurator@79698539 - Registering current configuration as safe fallback point

Ama winner
Ama winner
2019-06-11T05:08:09.143+0000: 9.771: [Full GC (Metadata GC Threshold) 2019-06-11T05:08:09.143+0000: 9.771: [Tenured: 0K->15102K(341376K), 0.2428486 secs] 112161K->15102K(494976K), [Metaspace: 20730K->20730K(1067008K)], 0.2429177 secs] [Times: user=0.24 sys=0.01, real=0.24 secs] 
05:08:17.575 [worker-akka.actor.default-dispatcher-8-EventThread] ERROR o.a.c.f.r.c.NodeCache  - Calling listener
com.esotericsoftware.kryo.KryoException: Buffer too small: capacity: 0, required: 1
	at com.esotericsoftware.kryo.io.ByteBufferInput.require(ByteBufferInput.java:192)
	at com.esotericsoftware.kryo.io.ByteBufferInput.readVarInt(ByteBufferInput.java:396)
	at com.esotericsoftware.kryo.util.DefaultClassResolver.readClass(DefaultClassResolver.java:127)
	at com.esotericsoftware.kryo.Kryo.readClass(Kryo.java:693)
	at com.esotericsoftware.kryo.Kryo.readClassAndObject(Kryo.java:804)
	at com.spbsu.flamestream.runtime.serialization.KryoSerializer.deserialize(KryoSerializer.java:31)
	at com.spbsu.flamestream.runtime.ProcessingWatcher.lambda$preStart$0(ProcessingWatcher.java:95)
	at org.apache.curator.framework.recipes.cache.NodeCache$4.apply(NodeCache.java:326)
	at org.apache.curator.framework.recipes.cache.NodeCache$4.apply(NodeCache.java:320)
	at org.apache.curator.framework.listen.ListenerContainer$1.run(ListenerContainer.java:93)
	at org.apache.curator.shaded.com.google.common.util.concurrent.MoreExecutors$DirectExecutor.execute(MoreExecutors.java:435)
	at org.apache.curator.framework.listen.ListenerContainer.forEach(ListenerContainer.java:85)
	at org.apache.curator.framework.recipes.cache.NodeCache.setNewData(NodeCache.java:318)
	at org.apache.curator.framework.recipes.cache.NodeCache.processBackgroundResult(NodeCache.java:285)
	at org.apache.curator.framework.recipes.cache.NodeCache.access$300(NodeCache.java:57)
	at org.apache.curator.framework.recipes.cache.NodeCache$3.processResult(NodeCache.java:123)
	at org.apache.curator.framework.imps.CuratorFrameworkImpl.sendToBackgroundCallback(CuratorFrameworkImpl.java:865)
	at org.apache.curator.framework.imps.CuratorFrameworkImpl.processBackgroundOperation(CuratorFrameworkImpl.java:635)
	at org.apache.curator.framework.imps.WatcherRemovalFacade.processBackgroundOperation(WatcherRemovalFacade.java:152)
	at org.apache.curator.framework.imps.GetDataBuilderImpl$3.processResult(GetDataBuilderImpl.java:272)
	at org.apache.zookeeper.ClientCnxn$EventThread.processEvent(ClientCnxn.java:569)
	at org.apache.zookeeper.ClientCnxn$EventThread.run(ClientCnxn.java:505)
2019-06-11T05:08:42.276+0000: 42.904: [GC (Allocation Failure) 2019-06-11T05:08:42.276+0000: 42.904: [DefNew: 136576K->17023K(153600K), 0.1651198 secs] 151678K->52421K(494976K), 0.1651991 secs] [Times: user=0.14 sys=0.02, real=0.16 secs] 
2019-06-11T05:08:46.366+0000: 46.993: [Full GC (Metadata GC Threshold) 2019-06-11T05:08:46.366+0000: 46.993: [Tenured: 35397K->43939K(341376K), 0.1872962 secs] 71266K->43939K(494976K), [Metaspace: 34537K->34537K(1079296K)], 0.1873704 secs] [Times: user=0.18 sys=0.01, real=0.19 secs] 
2019-06-11T05:09:00.257+0000: 60.885: [GC (Allocation Failure) 2019-06-11T05:09:00.257+0000: 60.885: [DefNew: 136576K->80K(153600K), 0.0018351 secs] 180515K->44020K(494976K), 0.0019019 secs] [Times: user=0.00 sys=0.00, real=0.00 secs] 
2019-06-11T05:09:13.724+0000: 74.352: [GC (Allocation Failure) 2019-06-11T05:09:13.725+0000: 74.352: [DefNew: 136656K->433K(153600K), 0.0193822 secs] 180596K->44372K(494976K), 0.0194433 secs] [Times: user=0.02 sys=0.00, real=0.02 secs] 
2019-06-11T05:09:41.549+0000: 102.177: [GC (Allocation Failure) 2019-06-11T05:09:41.549+0000: 102.177: [DefNew: 137009K->184K(153600K), 0.0142722 secs] 180948K->44123K(494976K), 0.0143450 secs] [Times: user=0.01 sys=0.00, real=0.01 secs] 
05:09:48.850 [Curator-PathChildrenCache-0] ERROR o.a.c.f.r.c.PathChildrenCache  - 
java.lang.IllegalStateException: instance must be started before calling this method
	at org.apache.curator.shaded.com.google.common.base.Preconditions.checkState(Preconditions.java:444)
	at org.apache.curator.framework.imps.CuratorFrameworkImpl.getChildren(CuratorFrameworkImpl.java:456)
	at org.apache.curator.framework.recipes.cache.PathChildrenCache.refresh(PathChildrenCache.java:521)
	at org.apache.curator.framework.recipes.cache.RefreshOperation.invoke(RefreshOperation.java:35)
	at org.apache.curator.framework.recipes.cache.PathChildrenCache$9.run(PathChildrenCache.java:786)
	at java.util.concurrent.Executors$RunnableAdapter.call(Executors.java:511)
	at java.util.concurrent.FutureTask.run(FutureTask.java:266)
	at java.util.concurrent.Executors$RunnableAdapter.call(Executors.java:511)
	at java.util.concurrent.FutureTask.run(FutureTask.java:266)
	at java.util.concurrent.ThreadPoolExecutor.runWorker(ThreadPoolExecutor.java:1149)
	at java.util.concurrent.ThreadPoolExecutor$Worker.run(ThreadPoolExecutor.java:624)
	at java.lang.Thread.run(Thread.java:748)
Heap
 def new generation   total 153600K, used 28730K [0x00000000e0c00000, 0x00000000eb2a0000, 0x00000000eb2a0000)
  eden space 136576K,  20% used [0x00000000e0c00000, 0x00000000e27e0858, 0x00000000e9160000)
  from space 17024K,   1% used [0x00000000e9160000, 0x00000000e918e180, 0x00000000ea200000)
  to   space 17024K,   0% used [0x00000000ea200000, 0x00000000ea200000, 0x00000000eb2a0000)
 tenured generation   total 341376K, used 43939K [0x00000000eb2a0000, 0x0000000100000000, 0x0000000100000000)
   the space 341376K,  12% used [0x00000000eb2a0000, 0x00000000edd88d38, 0x00000000edd88e00, 0x0000000100000000)
 Metaspace       used 36017K, capacity 36898K, committed 37120K, reserved 1081344K
  class space    used 4852K, capacity 5053K, committed 5120K, reserved 1048576K
