13:40:08,652 |-INFO in ch.qos.logback.classic.LoggerContext[default] - Could NOT find resource [logback-test.xml]
13:40:08,653 |-INFO in ch.qos.logback.classic.LoggerContext[default] - Could NOT find resource [logback.groovy]
13:40:08,653 |-INFO in ch.qos.logback.classic.LoggerContext[default] - Found resource [logback.xml] at [jar:file:/root/flamestream/lib/flamestream-runtime-1.0-SNAPSHOT.jar!/logback.xml]
13:40:08,654 |-WARN in ch.qos.logback.classic.LoggerContext[default] - Resource [logback.xml] occurs multiple times on the classpath.
13:40:08,654 |-WARN in ch.qos.logback.classic.LoggerContext[default] - Resource [logback.xml] occurs at [jar:file:/root/flamestream/lib/flamestream-runtime-1.0-SNAPSHOT.jar!/logback.xml]
13:40:08,654 |-WARN in ch.qos.logback.classic.LoggerContext[default] - Resource [logback.xml] occurs at [jar:file:/root/flamestream/flamestream-runtime-1.0-SNAPSHOT.jar!/logback.xml]
13:40:08,673 |-INFO in ch.qos.logback.core.joran.spi.ConfigurationWatchList@3fb6a447 - URL [jar:file:/root/flamestream/lib/flamestream-runtime-1.0-SNAPSHOT.jar!/logback.xml] is not of type file
13:40:08,740 |-INFO in ch.qos.logback.classic.joran.action.ConfigurationAction - debug attribute not set
13:40:08,740 |-INFO in ch.qos.logback.core.joran.action.AppenderAction - About to instantiate appender of type [ch.qos.logback.core.ConsoleAppender]
13:40:08,757 |-INFO in ch.qos.logback.core.joran.action.AppenderAction - Naming appender as [STDOUT]
13:40:08,775 |-INFO in ch.qos.logback.core.joran.action.NestedComplexPropertyIA - Assuming default type [ch.qos.logback.classic.encoder.PatternLayoutEncoder] for [encoder] property
13:40:08,862 |-INFO in ch.qos.logback.core.joran.action.AppenderAction - About to instantiate appender of type [ch.qos.logback.core.rolling.RollingFileAppender]
13:40:08,868 |-INFO in ch.qos.logback.core.joran.action.AppenderAction - Naming appender as [FILE]
13:40:08,899 |-INFO in c.q.l.core.rolling.TimeBasedRollingPolicy@127618319 - No compression will be used
13:40:08,900 |-INFO in c.q.l.core.rolling.TimeBasedRollingPolicy@127618319 - Will use the pattern /tmp/application_%d{yyyy-MM-dd}.%i.log for the active file
13:40:08,903 |-INFO in ch.qos.logback.core.rolling.SizeAndTimeBasedFNATP@6b2fad11 - The date pattern is 'yyyy-MM-dd' from file name pattern '/tmp/application_%d{yyyy-MM-dd}.%i.log'.
13:40:08,903 |-INFO in ch.qos.logback.core.rolling.SizeAndTimeBasedFNATP@6b2fad11 - Roll-over at midnight.
13:40:08,908 |-INFO in ch.qos.logback.core.rolling.SizeAndTimeBasedFNATP@6b2fad11 - Setting initial period to Mon Jun 10 13:38:48 UTC 2019
13:40:08,908 |-WARN in ch.qos.logback.core.rolling.SizeAndTimeBasedFNATP@6b2fad11 - SizeAndTimeBasedFNATP is deprecated. Use SizeAndTimeBasedRollingPolicy instead
13:40:08,908 |-WARN in ch.qos.logback.core.rolling.SizeAndTimeBasedFNATP@6b2fad11 - For more information see http://logback.qos.ch/manual/appenders.html#SizeAndTimeBasedRollingPolicy
13:40:08,912 |-INFO in ch.qos.logback.core.joran.action.NestedComplexPropertyIA - Assuming default type [ch.qos.logback.classic.encoder.PatternLayoutEncoder] for [encoder] property
13:40:08,916 |-INFO in ch.qos.logback.core.rolling.RollingFileAppender[FILE] - Active log file name: /tmp/application.log
13:40:08,916 |-INFO in ch.qos.logback.core.rolling.RollingFileAppender[FILE] - File property is set to [/tmp/application.log]
13:40:08,917 |-INFO in ch.qos.logback.classic.joran.action.RootLoggerAction - Setting level of ROOT logger to WARN
13:40:08,917 |-INFO in ch.qos.logback.core.joran.action.AppenderRefAction - Attaching appender named [STDOUT] to Logger[ROOT]
13:40:08,919 |-INFO in ch.qos.logback.core.joran.action.AppenderRefAction - Attaching appender named [FILE] to Logger[ROOT]
13:40:08,919 |-INFO in ch.qos.logback.classic.joran.action.ConfigurationAction - End of configuration.
13:40:08,920 |-INFO in ch.qos.logback.classic.joran.JoranConfigurator@79698539 - Registering current configuration as safe fallback point

Ama winner
Ama winner
2019-06-10T13:40:10.571+0000: 2.106: [Full GC (Metadata GC Threshold) 2019-06-10T13:40:10.571+0000: 2.106: [Tenured: 0K->15241K(341376K), 0.0411379 secs] 120418K->15241K(494976K), [Metaspace: 20733K->20733K(1067008K)], 0.0412058 secs] [Times: user=0.03 sys=0.01, real=0.04 secs] 
13:40:23.582 [Curator-PathChildrenCache-1] WARN  o.a.c.u.ZKPaths  - The version of ZooKeeper being used doesn't support Container nodes. CreateMode.PERSISTENT will be used instead.
2019-06-10T13:40:25.822+0000: 17.357: [GC (Allocation Failure) 2019-06-10T13:40:25.822+0000: 17.357: [DefNew: 136576K->17023K(153600K), 0.0279824 secs] 151817K->52696K(494976K), 0.0280616 secs] [Times: user=0.03 sys=0.00, real=0.03 secs] 
2019-06-10T13:40:26.998+0000: 18.532: [Full GC (Metadata GC Threshold) 2019-06-10T13:40:26.998+0000: 18.532: [Tenured: 35672K->44260K(341376K), 0.0369096 secs] 74857K->44260K(494976K), [Metaspace: 34572K->34572K(1079296K)], 0.0369791 secs] [Times: user=0.03 sys=0.00, real=0.04 secs] 
2019-06-10T13:40:31.262+0000: 22.796: [GC (Allocation Failure) 2019-06-10T13:40:31.262+0000: 22.796: [DefNew: 136576K->156K(153600K), 0.0019576 secs] 180836K->44416K(494976K), 0.0020136 secs] [Times: user=0.01 sys=0.00, real=0.01 secs] 
2019-06-10T13:40:35.623+0000: 27.157: [GC (Allocation Failure) 2019-06-10T13:40:35.623+0000: 27.157: [DefNew: 136732K->163K(153600K), 0.0018165 secs] 180992K->44423K(494976K), 0.0018732 secs] [Times: user=0.00 sys=0.00, real=0.00 secs] 
2019-06-10T13:40:40.046+0000: 31.581: [GC (Allocation Failure) 2019-06-10T13:40:40.047+0000: 31.581: [DefNew: 136739K->198K(153600K), 0.0018424 secs] 180999K->44458K(494976K), 0.0018988 secs] [Times: user=0.01 sys=0.00, real=0.00 secs] 
2019-06-10T13:40:52.333+0000: 43.868: [GC (Allocation Failure) 2019-06-10T13:40:52.333+0000: 43.868: [DefNew: 136774K->331K(153600K), 0.0021735 secs] 181034K->44592K(494976K), 0.0022233 secs] [Times: user=0.00 sys=0.00, real=0.00 secs] 
13:40:52.407 [Curator-PathChildrenCache-0] ERROR o.a.c.f.r.c.PathChildrenCache  - 
java.lang.IllegalStateException: instance must be started before calling this method
	at org.apache.curator.shaded.com.google.common.base.Preconditions.checkState(Preconditions.java:444)
	at org.apache.curator.framework.imps.CuratorFrameworkImpl.getChildren(CuratorFrameworkImpl.java:456)
	at org.apache.curator.framework.recipes.cache.PathChildrenCache.refresh(PathChildrenCache.java:521)
	at org.apache.curator.framework.recipes.cache.RefreshOperation.invoke(RefreshOperation.java:35)
	at org.apache.curator.framework.recipes.cache.PathChildrenCache$9.run(PathChildrenCache.java:786)
	at java.util.concurrent.Executors$RunnableAdapter.call(Executors.java:511)
	at java.util.concurrent.FutureTask.run(FutureTask.java:266)
	at java.util.concurrent.Executors$RunnableAdapter.call(Executors.java:511)
	at java.util.concurrent.FutureTask.run(FutureTask.java:266)
	at java.util.concurrent.ThreadPoolExecutor.runWorker(ThreadPoolExecutor.java:1149)
	at java.util.concurrent.ThreadPoolExecutor$Worker.run(ThreadPoolExecutor.java:624)
	at java.lang.Thread.run(Thread.java:748)
Heap
 def new generation   total 153600K, used 15721K [0x00000000e0c00000, 0x00000000eb2a0000, 0x00000000eb2a0000)
  eden space 136576K,  11% used [0x00000000e0c00000, 0x00000000e1b07650, 0x00000000e9160000)
  from space 17024K,   1% used [0x00000000ea200000, 0x00000000ea252f88, 0x00000000eb2a0000)
  to   space 17024K,   0% used [0x00000000e9160000, 0x00000000e9160000, 0x00000000ea200000)
 tenured generation   total 341376K, used 44260K [0x00000000eb2a0000, 0x0000000100000000, 0x0000000100000000)
   the space 341376K,  12% used [0x00000000eb2a0000, 0x00000000eddd92d8, 0x00000000eddd9400, 0x0000000100000000)
 Metaspace       used 35792K, capacity 36708K, committed 36864K, reserved 1081344K
  class space    used 4824K, capacity 5042K, committed 5120K, reserved 1048576K
