00:23:28,260 |-INFO in ch.qos.logback.classic.LoggerContext[default] - Could NOT find resource [logback-test.xml]
00:23:28,260 |-INFO in ch.qos.logback.classic.LoggerContext[default] - Could NOT find resource [logback.groovy]
00:23:28,260 |-INFO in ch.qos.logback.classic.LoggerContext[default] - Found resource [logback.xml] at [jar:file:/home/nikitasokolov/flamestream/lib/flamestream-runtime-1.0-SNAPSHOT.jar!/logback.xml]
00:23:28,261 |-WARN in ch.qos.logback.classic.LoggerContext[default] - Resource [logback.xml] occurs multiple times on the classpath.
00:23:28,261 |-WARN in ch.qos.logback.classic.LoggerContext[default] - Resource [logback.xml] occurs at [jar:file:/home/nikitasokolov/flamestream/lib/flamestream-runtime-1.0-SNAPSHOT.jar!/logback.xml]
00:23:28,261 |-WARN in ch.qos.logback.classic.LoggerContext[default] - Resource [logback.xml] occurs at [jar:file:/home/nikitasokolov/flamestream/flamestream-runtime-1.0-SNAPSHOT.jar!/logback.xml]
00:23:28,276 |-INFO in ch.qos.logback.core.joran.spi.ConfigurationWatchList@2f7a2457 - URL [jar:file:/home/nikitasokolov/flamestream/lib/flamestream-runtime-1.0-SNAPSHOT.jar!/logback.xml] is not of type file
00:23:28,328 |-INFO in ch.qos.logback.classic.joran.action.ConfigurationAction - debug attribute not set
00:23:28,328 |-INFO in ch.qos.logback.core.joran.action.AppenderAction - About to instantiate appender of type [ch.qos.logback.core.ConsoleAppender]
00:23:28,336 |-INFO in ch.qos.logback.core.joran.action.AppenderAction - Naming appender as [STDOUT]
00:23:28,343 |-INFO in ch.qos.logback.core.joran.action.NestedComplexPropertyIA - Assuming default type [ch.qos.logback.classic.encoder.PatternLayoutEncoder] for [encoder] property
00:23:28,398 |-INFO in ch.qos.logback.core.joran.action.AppenderAction - About to instantiate appender of type [ch.qos.logback.core.rolling.RollingFileAppender]
00:23:28,403 |-INFO in ch.qos.logback.core.joran.action.AppenderAction - Naming appender as [FILE]
00:23:28,426 |-INFO in c.q.l.core.rolling.TimeBasedRollingPolicy@1449621165 - No compression will be used
00:23:28,427 |-INFO in c.q.l.core.rolling.TimeBasedRollingPolicy@1449621165 - Will use the pattern /tmp/application_%d{yyyy-MM-dd}.%i.log for the active file
00:23:28,430 |-INFO in ch.qos.logback.core.rolling.SizeAndTimeBasedFNATP@6108b2d7 - The date pattern is 'yyyy-MM-dd' from file name pattern '/tmp/application_%d{yyyy-MM-dd}.%i.log'.
00:23:28,430 |-INFO in ch.qos.logback.core.rolling.SizeAndTimeBasedFNATP@6108b2d7 - Roll-over at midnight.
00:23:28,434 |-INFO in ch.qos.logback.core.rolling.SizeAndTimeBasedFNATP@6108b2d7 - Setting initial period to Tue May 28 00:22:44 MSK 2019
00:23:28,434 |-WARN in ch.qos.logback.core.rolling.SizeAndTimeBasedFNATP@6108b2d7 - SizeAndTimeBasedFNATP is deprecated. Use SizeAndTimeBasedRollingPolicy instead
00:23:28,434 |-WARN in ch.qos.logback.core.rolling.SizeAndTimeBasedFNATP@6108b2d7 - For more information see http://logback.qos.ch/manual/appenders.html#SizeAndTimeBasedRollingPolicy
00:23:28,439 |-INFO in ch.qos.logback.core.joran.action.NestedComplexPropertyIA - Assuming default type [ch.qos.logback.classic.encoder.PatternLayoutEncoder] for [encoder] property
00:23:28,441 |-INFO in ch.qos.logback.core.rolling.RollingFileAppender[FILE] - Active log file name: /tmp/application.log
00:23:28,441 |-INFO in ch.qos.logback.core.rolling.RollingFileAppender[FILE] - File property is set to [/tmp/application.log]
00:23:28,442 |-INFO in ch.qos.logback.classic.joran.action.RootLoggerAction - Setting level of ROOT logger to WARN
00:23:28,442 |-INFO in ch.qos.logback.core.joran.action.AppenderRefAction - Attaching appender named [STDOUT] to Logger[ROOT]
00:23:28,443 |-INFO in ch.qos.logback.core.joran.action.AppenderRefAction - Attaching appender named [FILE] to Logger[ROOT]
00:23:28,443 |-INFO in ch.qos.logback.classic.joran.action.ConfigurationAction - End of configuration.
00:23:28,443 |-INFO in ch.qos.logback.classic.joran.JoranConfigurator@1554909b - Registering current configuration as safe fallback point

2019-05-28T00:23:29.450+0300: 1.371: [GC (Metadata GC Threshold) [PSYoungGen: 95240K->15855K(149504K)] 95240K->15935K(491008K), 0.0190059 secs] [Times: user=0.10 sys=0.02, real=0.02 secs] 
2019-05-28T00:23:29.469+0300: 1.390: [Full GC (Metadata GC Threshold) [PSYoungGen: 15855K->0K(149504K)] [ParOldGen: 80K->15079K(341504K)] 15935K->15079K(491008K), [Metaspace: 20803K->20803K(1067008K)], 0.0251195 secs] [Times: user=0.16 sys=0.01, real=0.03 secs] 
00:23:40.178 [Curator-PathChildrenCache-2] WARN  o.a.c.u.ZKPaths  - The version of ZooKeeper being used doesn't support Container nodes. CreateMode.PERSISTENT will be used instead.
2019-05-28T00:23:40.797+0300: 12.719: [GC (Metadata GC Threshold) [PSYoungGen: 126897K->16665K(149504K)] 141977K->51284K(491008K), 0.0268601 secs] [Times: user=0.21 sys=0.03, real=0.03 secs] 
2019-05-28T00:23:40.824+0300: 12.746: [Full GC (Metadata GC Threshold) [PSYoungGen: 16665K->0K(149504K)] [ParOldGen: 34618K->39754K(341504K)] 51284K->39754K(491008K), [Metaspace: 34268K->34265K(1079296K)], 0.0326267 secs] [Times: user=0.18 sys=0.00, real=0.03 secs] 
2019-05-28T00:24:22.509+0300: 54.430: [GC (Allocation Failure) [PSYoungGen: 128512K->704K(149504K)] 168266K->40467K(491008K), 0.0065425 secs] [Times: user=0.05 sys=0.00, real=0.01 secs] 
2019-05-28T00:25:13.051+0300: 104.973: [GC (Allocation Failure) [PSYoungGen: 129216K->1088K(149504K)] 168979K->40859K(491008K), 0.0052787 secs] [Times: user=0.02 sys=0.01, real=0.00 secs] 
00:25:31.974 [Curator-PathChildrenCache-0] ERROR o.a.c.f.r.c.PathChildrenCache  - 
java.lang.IllegalStateException: instance must be started before calling this method
	at org.apache.curator.shaded.com.google.common.base.Preconditions.checkState(Preconditions.java:444)
	at org.apache.curator.framework.imps.CuratorFrameworkImpl.getChildren(CuratorFrameworkImpl.java:456)
	at org.apache.curator.framework.recipes.cache.PathChildrenCache.refresh(PathChildrenCache.java:521)
	at org.apache.curator.framework.recipes.cache.RefreshOperation.invoke(RefreshOperation.java:35)
	at org.apache.curator.framework.recipes.cache.PathChildrenCache$9.run(PathChildrenCache.java:786)
	at java.util.concurrent.Executors$RunnableAdapter.call(Executors.java:511)
	at java.util.concurrent.FutureTask.run(FutureTask.java:266)
	at java.util.concurrent.Executors$RunnableAdapter.call(Executors.java:511)
	at java.util.concurrent.FutureTask.run(FutureTask.java:266)
	at java.util.concurrent.ThreadPoolExecutor.runWorker(ThreadPoolExecutor.java:1149)
	at java.util.concurrent.ThreadPoolExecutor$Worker.run(ThreadPoolExecutor.java:624)
	at java.lang.Thread.run(Thread.java:748)
Heap
 PSYoungGen      total 149504K, used 46203K [0x00000000f5980000, 0x0000000100000000, 0x0000000100000000)
  eden space 128512K, 35% used [0x00000000f5980000,0x00000000f858ec48,0x00000000fd700000)
  from space 20992K, 5% used [0x00000000feb80000,0x00000000fec900a0,0x0000000100000000)
  to   space 20992K, 0% used [0x00000000fd700000,0x00000000fd700000,0x00000000feb80000)
 ParOldGen       total 341504K, used 39770K [0x00000000e0c00000, 0x00000000f5980000, 0x00000000f5980000)
  object space 341504K, 11% used [0x00000000e0c00000,0x00000000e32d6b98,0x00000000f5980000)
 Metaspace       used 36754K, capacity 37807K, committed 37976K, reserved 1081344K
  class space    used 5035K, capacity 5244K, committed 5248K, reserved 1048576K
