16:34:15,546 |-INFO in ch.qos.logback.classic.LoggerContext[default] - Could NOT find resource [logback-test.xml]
16:34:15,546 |-INFO in ch.qos.logback.classic.LoggerContext[default] - Could NOT find resource [logback.groovy]
16:34:15,546 |-INFO in ch.qos.logback.classic.LoggerContext[default] - Found resource [logback.xml] at [jar:file:/root/flamestream/lib/flamestream-runtime-1.0-SNAPSHOT.jar!/logback.xml]
16:34:15,547 |-WARN in ch.qos.logback.classic.LoggerContext[default] - Resource [logback.xml] occurs multiple times on the classpath.
16:34:15,547 |-WARN in ch.qos.logback.classic.LoggerContext[default] - Resource [logback.xml] occurs at [jar:file:/root/flamestream/lib/flamestream-runtime-1.0-SNAPSHOT.jar!/logback.xml]
16:34:15,547 |-WARN in ch.qos.logback.classic.LoggerContext[default] - Resource [logback.xml] occurs at [jar:file:/root/flamestream/flamestream-runtime-1.0-SNAPSHOT.jar!/logback.xml]
16:34:15,566 |-INFO in ch.qos.logback.core.joran.spi.ConfigurationWatchList@3fb6a447 - URL [jar:file:/root/flamestream/lib/flamestream-runtime-1.0-SNAPSHOT.jar!/logback.xml] is not of type file
16:34:15,633 |-INFO in ch.qos.logback.classic.joran.action.ConfigurationAction - debug attribute not set
16:34:15,634 |-INFO in ch.qos.logback.core.joran.action.AppenderAction - About to instantiate appender of type [ch.qos.logback.core.ConsoleAppender]
16:34:15,650 |-INFO in ch.qos.logback.core.joran.action.AppenderAction - Naming appender as [STDOUT]
16:34:15,668 |-INFO in ch.qos.logback.core.joran.action.NestedComplexPropertyIA - Assuming default type [ch.qos.logback.classic.encoder.PatternLayoutEncoder] for [encoder] property
16:34:15,755 |-INFO in ch.qos.logback.core.joran.action.AppenderAction - About to instantiate appender of type [ch.qos.logback.core.rolling.RollingFileAppender]
16:34:15,763 |-INFO in ch.qos.logback.core.joran.action.AppenderAction - Naming appender as [FILE]
16:34:15,792 |-INFO in c.q.l.core.rolling.TimeBasedRollingPolicy@127618319 - No compression will be used
16:34:15,793 |-INFO in c.q.l.core.rolling.TimeBasedRollingPolicy@127618319 - Will use the pattern /tmp/application_%d{yyyy-MM-dd}.%i.log for the active file
16:34:15,796 |-INFO in ch.qos.logback.core.rolling.SizeAndTimeBasedFNATP@6b2fad11 - The date pattern is 'yyyy-MM-dd' from file name pattern '/tmp/application_%d{yyyy-MM-dd}.%i.log'.
16:34:15,796 |-INFO in ch.qos.logback.core.rolling.SizeAndTimeBasedFNATP@6b2fad11 - Roll-over at midnight.
16:34:15,801 |-INFO in ch.qos.logback.core.rolling.SizeAndTimeBasedFNATP@6b2fad11 - Setting initial period to Mon Jun 10 16:32:47 UTC 2019
16:34:15,801 |-WARN in ch.qos.logback.core.rolling.SizeAndTimeBasedFNATP@6b2fad11 - SizeAndTimeBasedFNATP is deprecated. Use SizeAndTimeBasedRollingPolicy instead
16:34:15,801 |-WARN in ch.qos.logback.core.rolling.SizeAndTimeBasedFNATP@6b2fad11 - For more information see http://logback.qos.ch/manual/appenders.html#SizeAndTimeBasedRollingPolicy
16:34:15,806 |-INFO in ch.qos.logback.core.joran.action.NestedComplexPropertyIA - Assuming default type [ch.qos.logback.classic.encoder.PatternLayoutEncoder] for [encoder] property
16:34:15,811 |-INFO in ch.qos.logback.core.rolling.RollingFileAppender[FILE] - Active log file name: /tmp/application.log
16:34:15,811 |-INFO in ch.qos.logback.core.rolling.RollingFileAppender[FILE] - File property is set to [/tmp/application.log]
16:34:15,812 |-INFO in ch.qos.logback.classic.joran.action.RootLoggerAction - Setting level of ROOT logger to WARN
16:34:15,812 |-INFO in ch.qos.logback.core.joran.action.AppenderRefAction - Attaching appender named [STDOUT] to Logger[ROOT]
16:34:15,814 |-INFO in ch.qos.logback.core.joran.action.AppenderRefAction - Attaching appender named [FILE] to Logger[ROOT]
16:34:15,814 |-INFO in ch.qos.logback.classic.joran.action.ConfigurationAction - End of configuration.
16:34:15,814 |-INFO in ch.qos.logback.classic.joran.JoranConfigurator@79698539 - Registering current configuration as safe fallback point

Ama winner
Ama winner
2019-06-10T16:34:17.136+0000: 1.777: [Full GC (Metadata GC Threshold) 2019-06-10T16:34:17.136+0000: 1.777: [Tenured: 0K->15240K(341376K), 0.0406982 secs] 117750K->15240K(494976K), [Metaspace: 20731K->20731K(1067008K)], 0.0407653 secs] [Times: user=0.04 sys=0.00, real=0.04 secs] 
16:34:34.957 [Curator-PathChildrenCache-1] WARN  o.a.c.u.ZKPaths  - The version of ZooKeeper being used doesn't support Container nodes. CreateMode.PERSISTENT will be used instead.
2019-06-10T16:34:37.487+0000: 22.128: [GC (Allocation Failure) 2019-06-10T16:34:37.487+0000: 22.128: [DefNew: 136576K->17024K(153600K), 0.0306447 secs] 151816K->52607K(494976K), 0.0307133 secs] [Times: user=0.02 sys=0.01, real=0.03 secs] 
2019-06-10T16:34:38.629+0000: 23.270: [Full GC (Metadata GC Threshold) 2019-06-10T16:34:38.629+0000: 23.270: [Tenured: 35583K->44152K(341376K), 0.0403531 secs] 86698K->44152K(494976K), [Metaspace: 34606K->34606K(1079296K)], 0.0404434 secs] [Times: user=0.04 sys=0.01, real=0.04 secs] 
2019-06-10T16:34:43.573+0000: 28.214: [GC (Allocation Failure) 2019-06-10T16:34:43.573+0000: 28.214: [DefNew: 136576K->61K(153600K), 0.0018318 secs] 180728K->44214K(494976K), 0.0018908 secs] [Times: user=0.00 sys=0.00, real=0.00 secs] 
2019-06-10T16:34:48.487+0000: 33.129: [GC (Allocation Failure) 2019-06-10T16:34:48.488+0000: 33.129: [DefNew: 136637K->98K(153600K), 0.0016890 secs] 180790K->44250K(494976K), 0.0028242 secs] [Times: user=0.00 sys=0.00, real=0.00 secs] 
2019-06-10T16:34:53.394+0000: 38.035: [GC (Allocation Failure) 2019-06-10T16:34:53.394+0000: 38.035: [DefNew: 136674K->129K(153600K), 0.0017585 secs] 180826K->44281K(494976K), 0.0018340 secs] [Times: user=0.00 sys=0.00, real=0.00 secs] 
2019-06-10T16:34:58.149+0000: 42.790: [GC (Allocation Failure) 2019-06-10T16:34:58.149+0000: 42.790: [DefNew: 136705K->129K(153600K), 0.0016764 secs] 180857K->44282K(494976K), 0.0017343 secs] [Times: user=0.00 sys=0.00, real=0.00 secs] 
16:35:07.958 [Curator-PathChildrenCache-0] ERROR o.a.c.f.r.c.PathChildrenCache  - 
java.lang.IllegalStateException: instance must be started before calling this method
	at org.apache.curator.shaded.com.google.common.base.Preconditions.checkState(Preconditions.java:444)
	at org.apache.curator.framework.imps.CuratorFrameworkImpl.getChildren(CuratorFrameworkImpl.java:456)
	at org.apache.curator.framework.recipes.cache.PathChildrenCache.refresh(PathChildrenCache.java:521)
	at org.apache.curator.framework.recipes.cache.RefreshOperation.invoke(RefreshOperation.java:35)
	at org.apache.curator.framework.recipes.cache.PathChildrenCache$9.run(PathChildrenCache.java:786)
	at java.util.concurrent.Executors$RunnableAdapter.call(Executors.java:511)
	at java.util.concurrent.FutureTask.run(FutureTask.java:266)
	at java.util.concurrent.Executors$RunnableAdapter.call(Executors.java:511)
	at java.util.concurrent.FutureTask.run(FutureTask.java:266)
	at java.util.concurrent.ThreadPoolExecutor.runWorker(ThreadPoolExecutor.java:1149)
	at java.util.concurrent.ThreadPoolExecutor$Worker.run(ThreadPoolExecutor.java:624)
	at java.lang.Thread.run(Thread.java:748)
Heap
 def new generation   total 153600K, used 72019K [0x00000000e0c00000, 0x00000000eb2a0000, 0x00000000eb2a0000)
  eden space 136576K,  52% used [0x00000000e0c00000, 0x00000000e52346b0, 0x00000000e9160000)
  from space 17024K,   0% used [0x00000000ea200000, 0x00000000ea220780, 0x00000000eb2a0000)
  to   space 17024K,   0% used [0x00000000e9160000, 0x00000000e9160000, 0x00000000ea200000)
 tenured generation   total 341376K, used 44152K [0x00000000eb2a0000, 0x0000000100000000, 0x0000000100000000)
   the space 341376K,  12% used [0x00000000eb2a0000, 0x00000000eddbe080, 0x00000000eddbe200, 0x0000000100000000)
 Metaspace       used 35708K, capacity 36646K, committed 36864K, reserved 1081344K
  class space    used 4828K, capacity 5043K, committed 5120K, reserved 1048576K
