19:41:56,013 |-INFO in ch.qos.logback.classic.LoggerContext[default] - Could NOT find resource [logback-test.xml]
19:41:56,013 |-INFO in ch.qos.logback.classic.LoggerContext[default] - Could NOT find resource [logback.groovy]
19:41:56,013 |-INFO in ch.qos.logback.classic.LoggerContext[default] - Found resource [logback.xml] at [jar:file:/home/nikitasokolov/flamestream/lib/flamestream-runtime-1.0-SNAPSHOT.jar!/logback.xml]
19:41:56,014 |-WARN in ch.qos.logback.classic.LoggerContext[default] - Resource [logback.xml] occurs multiple times on the classpath.
19:41:56,015 |-WARN in ch.qos.logback.classic.LoggerContext[default] - Resource [logback.xml] occurs at [jar:file:/home/nikitasokolov/flamestream/lib/flamestream-runtime-1.0-SNAPSHOT.jar!/logback.xml]
19:41:56,015 |-WARN in ch.qos.logback.classic.LoggerContext[default] - Resource [logback.xml] occurs at [jar:file:/home/nikitasokolov/flamestream/flamestream-runtime-1.0-SNAPSHOT.jar!/logback.xml]
19:41:56,032 |-INFO in ch.qos.logback.core.joran.spi.ConfigurationWatchList@6108b2d7 - URL [jar:file:/home/nikitasokolov/flamestream/lib/flamestream-runtime-1.0-SNAPSHOT.jar!/logback.xml] is not of type file
19:41:56,084 |-INFO in ch.qos.logback.classic.joran.action.ConfigurationAction - debug attribute not set
19:41:56,085 |-INFO in ch.qos.logback.core.joran.action.AppenderAction - About to instantiate appender of type [ch.qos.logback.core.ConsoleAppender]
19:41:56,094 |-INFO in ch.qos.logback.core.joran.action.AppenderAction - Naming appender as [STDOUT]
19:41:56,102 |-INFO in ch.qos.logback.core.joran.action.NestedComplexPropertyIA - Assuming default type [ch.qos.logback.classic.encoder.PatternLayoutEncoder] for [encoder] property
19:41:56,157 |-INFO in ch.qos.logback.core.joran.action.AppenderAction - About to instantiate appender of type [ch.qos.logback.core.rolling.RollingFileAppender]
19:41:56,162 |-INFO in ch.qos.logback.core.joran.action.AppenderAction - Naming appender as [FILE]
19:41:56,183 |-INFO in c.q.l.core.rolling.TimeBasedRollingPolicy@357863579 - No compression will be used
19:41:56,185 |-INFO in c.q.l.core.rolling.TimeBasedRollingPolicy@357863579 - Will use the pattern /tmp/application_%d{yyyy-MM-dd}.%i.log for the active file
19:41:56,187 |-INFO in ch.qos.logback.core.rolling.SizeAndTimeBasedFNATP@6bf256fa - The date pattern is 'yyyy-MM-dd' from file name pattern '/tmp/application_%d{yyyy-MM-dd}.%i.log'.
19:41:56,187 |-INFO in ch.qos.logback.core.rolling.SizeAndTimeBasedFNATP@6bf256fa - Roll-over at midnight.
19:41:56,191 |-INFO in ch.qos.logback.core.rolling.SizeAndTimeBasedFNATP@6bf256fa - Setting initial period to Sun Jun 09 19:41:09 MSK 2019
19:41:56,191 |-WARN in ch.qos.logback.core.rolling.SizeAndTimeBasedFNATP@6bf256fa - SizeAndTimeBasedFNATP is deprecated. Use SizeAndTimeBasedRollingPolicy instead
19:41:56,191 |-WARN in ch.qos.logback.core.rolling.SizeAndTimeBasedFNATP@6bf256fa - For more information see http://logback.qos.ch/manual/appenders.html#SizeAndTimeBasedRollingPolicy
19:41:56,196 |-INFO in ch.qos.logback.core.joran.action.NestedComplexPropertyIA - Assuming default type [ch.qos.logback.classic.encoder.PatternLayoutEncoder] for [encoder] property
19:41:56,198 |-INFO in ch.qos.logback.core.rolling.RollingFileAppender[FILE] - Active log file name: /tmp/application.log
19:41:56,198 |-INFO in ch.qos.logback.core.rolling.RollingFileAppender[FILE] - File property is set to [/tmp/application.log]
19:41:56,199 |-INFO in ch.qos.logback.classic.joran.action.RootLoggerAction - Setting level of ROOT logger to WARN
19:41:56,199 |-INFO in ch.qos.logback.core.joran.action.AppenderRefAction - Attaching appender named [STDOUT] to Logger[ROOT]
19:41:56,199 |-INFO in ch.qos.logback.core.joran.action.AppenderRefAction - Attaching appender named [FILE] to Logger[ROOT]
19:41:56,199 |-INFO in ch.qos.logback.classic.joran.action.ConfigurationAction - End of configuration.
19:41:56,200 |-INFO in ch.qos.logback.classic.joran.JoranConfigurator@6cd8737 - Registering current configuration as safe fallback point

2019-06-09T19:41:57.186+0300: 1.368: [GC (Metadata GC Threshold) [PSYoungGen: 108152K->15911K(149504K)] 108152K->15991K(491008K), 0.0204459 secs] [Times: user=0.10 sys=0.01, real=0.02 secs] 
2019-06-09T19:41:57.207+0300: 1.388: [Full GC (Metadata GC Threshold) [PSYoungGen: 15911K->0K(149504K)] [ParOldGen: 80K->14981K(341504K)] 15991K->14981K(491008K), [Metaspace: 20800K->20800K(1067008K)], 0.0289553 secs] [Times: user=0.19 sys=0.01, real=0.03 secs] 
19:42:04.772 [Curator-PathChildrenCache-2] WARN  o.a.c.u.ZKPaths  - The version of ZooKeeper being used doesn't support Container nodes. CreateMode.PERSISTENT will be used instead.
2019-06-09T19:42:05.605+0300: 9.787: [GC (Metadata GC Threshold) [PSYoungGen: 123251K->15687K(149504K)] 138232K->50208K(491008K), 0.0282034 secs] [Times: user=0.23 sys=0.02, real=0.03 secs] 
2019-06-09T19:42:05.633+0300: 9.815: [Full GC (Metadata GC Threshold) [PSYoungGen: 15687K->0K(149504K)] [ParOldGen: 34521K->38555K(341504K)] 50208K->38555K(491008K), [Metaspace: 34514K->34514K(1079296K)], 0.0515607 secs] [Times: user=0.36 sys=0.00, real=0.05 secs] 
2019-06-09T19:42:17.835+0300: 22.016: [GC (Allocation Failure) [PSYoungGen: 128512K->352K(149504K)] 167067K->38915K(491008K), 0.0054364 secs] [Times: user=0.05 sys=0.00, real=0.01 secs] 
2019-06-09T19:42:31.417+0300: 35.599: [GC (Allocation Failure) [PSYoungGen: 128864K->352K(149504K)] 167427K->38923K(491008K), 0.0045455 secs] [Times: user=0.03 sys=0.01, real=0.01 secs] 
2019-06-09T19:42:45.339+0300: 49.521: [GC (Allocation Failure) [PSYoungGen: 128864K->416K(129024K)] 167435K->38995K(470528K), 0.0111611 secs] [Times: user=0.10 sys=0.01, real=0.01 secs] 
19:42:59.761 [Curator-PathChildrenCache-0] ERROR o.a.c.f.r.c.PathChildrenCache  - 
java.lang.IllegalStateException: instance must be started before calling this method
	at org.apache.curator.shaded.com.google.common.base.Preconditions.checkState(Preconditions.java:444)
	at org.apache.curator.framework.imps.CuratorFrameworkImpl.getChildren(CuratorFrameworkImpl.java:456)
	at org.apache.curator.framework.recipes.cache.PathChildrenCache.refresh(PathChildrenCache.java:521)
	at org.apache.curator.framework.recipes.cache.RefreshOperation.invoke(RefreshOperation.java:35)
	at org.apache.curator.framework.recipes.cache.PathChildrenCache$9.run(PathChildrenCache.java:786)
	at java.util.concurrent.Executors$RunnableAdapter.call(Executors.java:511)
	at java.util.concurrent.FutureTask.run(FutureTask.java:266)
	at java.util.concurrent.Executors$RunnableAdapter.call(Executors.java:511)
	at java.util.concurrent.FutureTask.run(FutureTask.java:266)
	at java.util.concurrent.ThreadPoolExecutor.runWorker(ThreadPoolExecutor.java:1149)
	at java.util.concurrent.ThreadPoolExecutor$Worker.run(ThreadPoolExecutor.java:624)
	at java.lang.Thread.run(Thread.java:748)
Heap
 PSYoungGen      total 129024K, used 92634K [0x00000000f5980000, 0x0000000100000000, 0x0000000100000000)
  eden space 128512K, 71% used [0x00000000f5980000,0x00000000fb38ea78,0x00000000fd700000)
  from space 512K, 81% used [0x00000000fd700000,0x00000000fd768010,0x00000000fd780000)
  to   space 21504K, 0% used [0x00000000feb00000,0x00000000feb00000,0x0000000100000000)
 ParOldGen       total 341504K, used 38579K [0x00000000e0c00000, 0x00000000f5980000, 0x00000000f5980000)
  object space 341504K, 11% used [0x00000000e0c00000,0x00000000e31acc30,0x00000000f5980000)
 Metaspace       used 35947K, capacity 36820K, committed 36952K, reserved 1081344K
  class space    used 4982K, capacity 5170K, committed 5248K, reserved 1048576K
