08:19:24,815 |-INFO in ch.qos.logback.classic.LoggerContext[default] - Could NOT find resource [logback-test.xml]
08:19:24,815 |-INFO in ch.qos.logback.classic.LoggerContext[default] - Could NOT find resource [logback.groovy]
08:19:24,815 |-INFO in ch.qos.logback.classic.LoggerContext[default] - Found resource [logback.xml] at [jar:file:/home/nikitasokolov/flamestream/lib/flamestream-runtime-1.0-SNAPSHOT.jar!/logback.xml]
08:19:24,816 |-WARN in ch.qos.logback.classic.LoggerContext[default] - Resource [logback.xml] occurs multiple times on the classpath.
08:19:24,817 |-WARN in ch.qos.logback.classic.LoggerContext[default] - Resource [logback.xml] occurs at [jar:file:/home/nikitasokolov/flamestream/lib/flamestream-runtime-1.0-SNAPSHOT.jar!/logback.xml]
08:19:24,817 |-WARN in ch.qos.logback.classic.LoggerContext[default] - Resource [logback.xml] occurs at [jar:file:/home/nikitasokolov/flamestream/flamestream-runtime-1.0-SNAPSHOT.jar!/logback.xml]
08:19:24,832 |-INFO in ch.qos.logback.core.joran.spi.ConfigurationWatchList@6aaa5eb0 - URL [jar:file:/home/nikitasokolov/flamestream/lib/flamestream-runtime-1.0-SNAPSHOT.jar!/logback.xml] is not of type file
08:19:24,883 |-INFO in ch.qos.logback.classic.joran.action.ConfigurationAction - debug attribute not set
08:19:24,884 |-INFO in ch.qos.logback.core.joran.action.AppenderAction - About to instantiate appender of type [ch.qos.logback.core.ConsoleAppender]
08:19:24,891 |-INFO in ch.qos.logback.core.joran.action.AppenderAction - Naming appender as [STDOUT]
08:19:24,899 |-INFO in ch.qos.logback.core.joran.action.NestedComplexPropertyIA - Assuming default type [ch.qos.logback.classic.encoder.PatternLayoutEncoder] for [encoder] property
08:19:24,954 |-INFO in ch.qos.logback.core.joran.action.AppenderAction - About to instantiate appender of type [ch.qos.logback.core.rolling.RollingFileAppender]
08:19:24,959 |-INFO in ch.qos.logback.core.joran.action.AppenderAction - Naming appender as [FILE]
08:19:24,982 |-INFO in c.q.l.core.rolling.TimeBasedRollingPolicy@3447021 - No compression will be used
08:19:24,983 |-INFO in c.q.l.core.rolling.TimeBasedRollingPolicy@3447021 - Will use the pattern /tmp/application_%d{yyyy-MM-dd}.%i.log for the active file
08:19:24,986 |-INFO in ch.qos.logback.core.rolling.SizeAndTimeBasedFNATP@1a407d53 - The date pattern is 'yyyy-MM-dd' from file name pattern '/tmp/application_%d{yyyy-MM-dd}.%i.log'.
08:19:24,986 |-INFO in ch.qos.logback.core.rolling.SizeAndTimeBasedFNATP@1a407d53 - Roll-over at midnight.
08:19:24,990 |-INFO in ch.qos.logback.core.rolling.SizeAndTimeBasedFNATP@1a407d53 - Setting initial period to Thu Jun 06 22:00:24 MSK 2019
08:19:24,990 |-WARN in ch.qos.logback.core.rolling.SizeAndTimeBasedFNATP@1a407d53 - SizeAndTimeBasedFNATP is deprecated. Use SizeAndTimeBasedRollingPolicy instead
08:19:24,990 |-WARN in ch.qos.logback.core.rolling.SizeAndTimeBasedFNATP@1a407d53 - For more information see http://logback.qos.ch/manual/appenders.html#SizeAndTimeBasedRollingPolicy
08:19:24,994 |-INFO in ch.qos.logback.core.joran.action.NestedComplexPropertyIA - Assuming default type [ch.qos.logback.classic.encoder.PatternLayoutEncoder] for [encoder] property
08:19:24,996 |-INFO in ch.qos.logback.core.rolling.RollingFileAppender[FILE] - Active log file name: /tmp/application.log
08:19:24,996 |-INFO in ch.qos.logback.core.rolling.RollingFileAppender[FILE] - File property is set to [/tmp/application.log]
08:19:24,997 |-ERROR in ch.qos.logback.core.rolling.RollingFileAppender[FILE] - openFile(/tmp/application.log,true) call failed. java.io.FileNotFoundException: /tmp/application.log (Permission denied)
	at java.io.FileNotFoundException: /tmp/application.log (Permission denied)
	at 	at java.io.FileOutputStream.open0(Native Method)
	at 	at java.io.FileOutputStream.open(FileOutputStream.java:270)
	at 	at java.io.FileOutputStream.<init>(FileOutputStream.java:213)
	at 	at ch.qos.logback.core.recovery.ResilientFileOutputStream.<init>(ResilientFileOutputStream.java:26)
	at 	at ch.qos.logback.core.FileAppender.openFile(FileAppender.java:204)
	at 	at ch.qos.logback.core.FileAppender.start(FileAppender.java:127)
	at 	at ch.qos.logback.core.rolling.RollingFileAppender.start(RollingFileAppender.java:100)
	at 	at ch.qos.logback.core.joran.action.AppenderAction.end(AppenderAction.java:90)
	at 	at ch.qos.logback.core.joran.spi.Interpreter.callEndAction(Interpreter.java:309)
	at 	at ch.qos.logback.core.joran.spi.Interpreter.endElement(Interpreter.java:193)
	at 	at ch.qos.logback.core.joran.spi.Interpreter.endElement(Interpreter.java:179)
	at 	at ch.qos.logback.core.joran.spi.EventPlayer.play(EventPlayer.java:62)
	at 	at ch.qos.logback.core.joran.GenericConfigurator.doConfigure(GenericConfigurator.java:165)
	at 	at ch.qos.logback.core.joran.GenericConfigurator.doConfigure(GenericConfigurator.java:152)
	at 	at ch.qos.logback.core.joran.GenericConfigurator.doConfigure(GenericConfigurator.java:110)
	at 	at ch.qos.logback.core.joran.GenericConfigurator.doConfigure(GenericConfigurator.java:53)
	at 	at ch.qos.logback.classic.util.ContextInitializer.configureByResource(ContextInitializer.java:75)
	at 	at ch.qos.logback.classic.util.ContextInitializer.autoConfig(ContextInitializer.java:150)
	at 	at org.slf4j.impl.StaticLoggerBinder.init(StaticLoggerBinder.java:84)
	at 	at org.slf4j.impl.StaticLoggerBinder.<clinit>(StaticLoggerBinder.java:55)
	at 	at org.slf4j.LoggerFactory.bind(LoggerFactory.java:150)
	at 	at org.slf4j.LoggerFactory.performInitialization(LoggerFactory.java:124)
	at 	at org.slf4j.LoggerFactory.getILoggerFactory(LoggerFactory.java:412)
	at 	at org.slf4j.LoggerFactory.getLogger(LoggerFactory.java:357)
	at 	at org.slf4j.LoggerFactory.getLogger(LoggerFactory.java:383)
	at 	at com.spbsu.flamestream.runtime.WorkerApplication.<init>(WorkerApplication.java:26)
	at 	at com.spbsu.flamestream.runtime.WorkerApplication.main(WorkerApplication.java:68)
08:19:24,997 |-INFO in ch.qos.logback.classic.joran.action.RootLoggerAction - Setting level of ROOT logger to WARN
08:19:24,997 |-INFO in ch.qos.logback.core.joran.action.AppenderRefAction - Attaching appender named [STDOUT] to Logger[ROOT]
08:19:24,998 |-INFO in ch.qos.logback.core.joran.action.AppenderRefAction - Attaching appender named [FILE] to Logger[ROOT]
08:19:24,998 |-INFO in ch.qos.logback.classic.joran.action.ConfigurationAction - End of configuration.
08:19:24,999 |-INFO in ch.qos.logback.classic.joran.JoranConfigurator@21bcffb5 - Registering current configuration as safe fallback point

Ama winner
Ama winner
2019-06-09T08:19:25.991+0300: 1.376: [GC (Metadata GC Threshold) [PSYoungGen: 95247K->15909K(149504K)] 95247K->15989K(491008K), 0.0176755 secs] [Times: user=0.07 sys=0.00, real=0.02 secs] 
2019-06-09T08:19:26.009+0300: 1.394: [Full GC (Metadata GC Threshold) [PSYoungGen: 15909K->0K(149504K)] [ParOldGen: 80K->15103K(341504K)] 15989K->15103K(491008K), [Metaspace: 20804K->20804K(1067008K)], 0.0313842 secs] [Times: user=0.15 sys=0.02, real=0.03 secs] 
08:19:36.671 [Curator-PathChildrenCache-1] WARN  o.a.c.u.ZKPaths  - The version of ZooKeeper being used doesn't support Container nodes. CreateMode.PERSISTENT will be used instead.
2019-06-09T08:19:37.672+0300: 13.057: [GC (Allocation Failure) [PSYoungGen: 128512K->15791K(149504K)] 143615K->50434K(491008K), 0.0272954 secs] [Times: user=0.13 sys=0.03, real=0.03 secs] 
2019-06-09T08:19:38.113+0300: 13.499: [GC (Metadata GC Threshold) [PSYoungGen: 36398K->5621K(149504K)] 71040K->40271K(491008K), 0.0048270 secs] [Times: user=0.04 sys=0.00, real=0.00 secs] 
2019-06-09T08:19:38.118+0300: 13.504: [Full GC (Metadata GC Threshold) [PSYoungGen: 5621K->0K(149504K)] [ParOldGen: 34650K->29394K(341504K)] 40271K->29394K(491008K), [Metaspace: 34562K->34562K(1079296K)], 0.0635711 secs] [Times: user=0.22 sys=0.02, real=0.06 secs] 
2019-06-09T08:19:39.683+0300: 15.068: [GC (Allocation Failure) [PSYoungGen: 128512K->384K(149504K)] 157906K->29786K(491008K), 0.0021768 secs] [Times: user=0.01 sys=0.01, real=0.01 secs] 
2019-06-09T08:19:41.773+0300: 17.159: [GC (Allocation Failure) [PSYoungGen: 128896K->416K(129024K)] 158298K->29826K(470528K), 0.0655823 secs] [Times: user=0.01 sys=0.00, real=0.06 secs] 
2019-06-09T08:19:43.875+0300: 19.261: [GC (Allocation Failure) [PSYoungGen: 128928K->544K(148992K)] 158338K->29962K(490496K), 0.0036206 secs] [Times: user=0.01 sys=0.01, real=0.00 secs] 
2019-06-09T08:19:45.997+0300: 21.382: [GC (Allocation Failure) [PSYoungGen: 127520K->544K(148480K)] 156938K->29970K(489984K), 0.0027514 secs] [Times: user=0.01 sys=0.01, real=0.00 secs] 
2019-06-09T08:19:48.138+0300: 23.523: [GC (Allocation Failure) [PSYoungGen: 127520K->544K(150528K)] 156946K->29978K(492032K), 0.0035553 secs] [Times: user=0.01 sys=0.01, real=0.00 secs] 
2019-06-09T08:19:50.322+0300: 25.707: [GC (Allocation Failure) [PSYoungGen: 130592K->576K(150016K)] 160026K->30010K(491520K), 0.0028740 secs] [Times: user=0.01 sys=0.01, real=0.01 secs] 
2019-06-09T08:19:52.495+0300: 27.880: [GC (Allocation Failure) [PSYoungGen: 130624K->608K(152064K)] 160058K->30050K(493568K), 0.0024222 secs] [Times: user=0.02 sys=0.00, real=0.00 secs] 
2019-06-09T08:19:54.746+0300: 30.132: [GC (Allocation Failure) [PSYoungGen: 133728K->608K(151552K)] 163170K->30050K(493056K), 0.0026448 secs] [Times: user=0.01 sys=0.00, real=0.00 secs] 
2019-06-09T08:19:56.993+0300: 32.378: [GC (Allocation Failure) [PSYoungGen: 133728K->640K(153600K)] 163170K->30082K(495104K), 0.0026962 secs] [Times: user=0.01 sys=0.00, real=0.00 secs] 
2019-06-09T08:19:59.268+0300: 34.653: [GC (Allocation Failure) [PSYoungGen: 136832K->608K(153088K)] 166274K->30050K(494592K), 0.0023176 secs] [Times: user=0.01 sys=0.00, real=0.00 secs] 
2019-06-09T08:20:01.545+0300: 36.930: [GC (Allocation Failure) [PSYoungGen: 136800K->640K(155648K)] 166242K->30082K(497152K), 0.0031678 secs] [Times: user=0.01 sys=0.00, real=0.00 secs] 
2019-06-09T08:20:03.882+0300: 39.268: [GC (Allocation Failure) [PSYoungGen: 140416K->544K(154624K)] 169858K->29986K(496128K), 0.0040289 secs] [Times: user=0.03 sys=0.00, real=0.01 secs] 
08:20:14.651 [Curator-PathChildrenCache-0] ERROR o.a.c.f.r.c.PathChildrenCache  - 
java.lang.IllegalStateException: instance must be started before calling this method
	at org.apache.curator.shaded.com.google.common.base.Preconditions.checkState(Preconditions.java:444)
	at org.apache.curator.framework.imps.CuratorFrameworkImpl.getChildren(CuratorFrameworkImpl.java:456)
	at org.apache.curator.framework.recipes.cache.PathChildrenCache.refresh(PathChildrenCache.java:521)
	at org.apache.curator.framework.recipes.cache.RefreshOperation.invoke(RefreshOperation.java:35)
	at org.apache.curator.framework.recipes.cache.PathChildrenCache$9.run(PathChildrenCache.java:786)
	at java.util.concurrent.Executors$RunnableAdapter.call(Executors.java:511)
	at java.util.concurrent.FutureTask.run(FutureTask.java:266)
	at java.util.concurrent.Executors$RunnableAdapter.call(Executors.java:511)
	at java.util.concurrent.FutureTask.run(FutureTask.java:266)
	at java.util.concurrent.ThreadPoolExecutor.runWorker(ThreadPoolExecutor.java:1149)
	at java.util.concurrent.ThreadPoolExecutor$Worker.run(ThreadPoolExecutor.java:624)
	at java.lang.Thread.run(Thread.java:748)
08:20:14.749 [worker-akka.actor.default-dispatcher-2] ERROR c.s.f.r.WorkerApplication  - Something went wrong during trace flush
java.nio.file.AccessDeniedException: /tmp/trace.csv
	at sun.nio.fs.UnixException.translateToIOException(UnixException.java:84)
	at sun.nio.fs.UnixException.rethrowAsIOException(UnixException.java:102)
	at sun.nio.fs.UnixException.rethrowAsIOException(UnixException.java:107)
	at sun.nio.fs.UnixFileSystemProvider.newByteChannel(UnixFileSystemProvider.java:214)
	at java.nio.file.spi.FileSystemProvider.newOutputStream(FileSystemProvider.java:434)
	at java.nio.file.Files.newOutputStream(Files.java:216)
	at java.nio.file.Files.newBufferedWriter(Files.java:2860)
	at java.nio.file.Files.newBufferedWriter(Files.java:2896)
	at com.spbsu.flamestream.runtime.utils.tracing.Tracing.flush(Tracing.java:35)
	at com.spbsu.flamestream.runtime.WorkerApplication.lambda$run$0(WorkerApplication.java:109)
	at akka.actor.ActorSystemImpl$TerminationCallbacks$$anonfun$addRec$1$1.applyOrElse(ActorSystem.scala:1036)
	at akka.actor.ActorSystemImpl$TerminationCallbacks$$anonfun$addRec$1$1.applyOrElse(ActorSystem.scala:1036)
	at scala.concurrent.Future$$anonfun$andThen$1.apply(Future.scala:436)
	at scala.concurrent.Future$$anonfun$andThen$1.apply(Future.scala:435)
	at scala.concurrent.impl.CallbackRunnable.run(Promise.scala:36)
	at akka.dispatch.BatchingExecutor$AbstractBatch.processBatch(BatchingExecutor.scala:55)
	at akka.dispatch.BatchingExecutor$BlockableBatch$$anonfun$run$1.apply$mcV$sp(BatchingExecutor.scala:91)
	at akka.dispatch.BatchingExecutor$BlockableBatch$$anonfun$run$1.apply(BatchingExecutor.scala:91)
	at akka.dispatch.BatchingExecutor$BlockableBatch$$anonfun$run$1.apply(BatchingExecutor.scala:91)
	at scala.concurrent.BlockContext$.withBlockContext(BlockContext.scala:72)
	at akka.dispatch.BatchingExecutor$BlockableBatch.run(BatchingExecutor.scala:90)
	at akka.dispatch.TaskInvocation.run(AbstractDispatcher.scala:40)
	at akka.dispatch.ForkJoinExecutorConfigurator$AkkaForkJoinTask.exec(ForkJoinExecutorConfigurator.scala:44)
	at akka.dispatch.forkjoin.ForkJoinTask.doExec(ForkJoinTask.java:260)
	at akka.dispatch.forkjoin.ForkJoinPool$WorkQueue.runTask(ForkJoinPool.java:1339)
	at akka.dispatch.forkjoin.ForkJoinPool.runWorker(ForkJoinPool.java:1979)
	at akka.dispatch.forkjoin.ForkJoinWorkerThread.run(ForkJoinWorkerThread.java:107)
Heap
 PSYoungGen      total 154624K, used 123124K [0x00000000f5980000, 0x0000000100000000, 0x0000000100000000)
  eden space 139776K, 87% used [0x00000000f5980000,0x00000000fd1352f8,0x00000000fe200000)
  from space 14848K, 3% used [0x00000000fe200000,0x00000000fe288040,0x00000000ff080000)
  to   space 14336K, 0% used [0x00000000ff200000,0x00000000ff200000,0x0000000100000000)
 ParOldGen       total 341504K, used 29442K [0x00000000e0c00000, 0x00000000f5980000, 0x00000000f5980000)
  object space 341504K, 8% used [0x00000000e0c00000,0x00000000e28c08b0,0x00000000f5980000)
 Metaspace       used 35811K, capacity 36672K, committed 36952K, reserved 1081344K
  class space    used 4928K, capacity 5128K, committed 5248K, reserved 1048576K
