02:36:13,181 |-INFO in ch.qos.logback.classic.LoggerContext[default] - Could NOT find resource [logback-test.xml]
02:36:13,181 |-INFO in ch.qos.logback.classic.LoggerContext[default] - Could NOT find resource [logback.groovy]
02:36:13,182 |-INFO in ch.qos.logback.classic.LoggerContext[default] - Found resource [logback.xml] at [jar:file:/root/flamestream/lib/flamestream-runtime-1.0-SNAPSHOT.jar!/logback.xml]
02:36:13,182 |-WARN in ch.qos.logback.classic.LoggerContext[default] - Resource [logback.xml] occurs multiple times on the classpath.
02:36:13,187 |-WARN in ch.qos.logback.classic.LoggerContext[default] - Resource [logback.xml] occurs at [jar:file:/root/flamestream/lib/flamestream-runtime-1.0-SNAPSHOT.jar!/logback.xml]
02:36:13,187 |-WARN in ch.qos.logback.classic.LoggerContext[default] - Resource [logback.xml] occurs at [jar:file:/root/flamestream/flamestream-runtime-1.0-SNAPSHOT.jar!/logback.xml]
02:36:13,208 |-INFO in ch.qos.logback.core.joran.spi.ConfigurationWatchList@3fb6a447 - URL [jar:file:/root/flamestream/lib/flamestream-runtime-1.0-SNAPSHOT.jar!/logback.xml] is not of type file
02:36:13,285 |-INFO in ch.qos.logback.classic.joran.action.ConfigurationAction - debug attribute not set
02:36:13,285 |-INFO in ch.qos.logback.core.joran.action.AppenderAction - About to instantiate appender of type [ch.qos.logback.core.ConsoleAppender]
02:36:13,303 |-INFO in ch.qos.logback.core.joran.action.AppenderAction - Naming appender as [STDOUT]
02:36:13,321 |-INFO in ch.qos.logback.core.joran.action.NestedComplexPropertyIA - Assuming default type [ch.qos.logback.classic.encoder.PatternLayoutEncoder] for [encoder] property
02:36:13,403 |-INFO in ch.qos.logback.core.joran.action.AppenderAction - About to instantiate appender of type [ch.qos.logback.core.rolling.RollingFileAppender]
02:36:13,409 |-INFO in ch.qos.logback.core.joran.action.AppenderAction - Naming appender as [FILE]
02:36:13,440 |-INFO in c.q.l.core.rolling.TimeBasedRollingPolicy@127618319 - No compression will be used
02:36:13,442 |-INFO in c.q.l.core.rolling.TimeBasedRollingPolicy@127618319 - Will use the pattern /tmp/application_%d{yyyy-MM-dd}.%i.log for the active file
02:36:13,444 |-INFO in ch.qos.logback.core.rolling.SizeAndTimeBasedFNATP@6b2fad11 - The date pattern is 'yyyy-MM-dd' from file name pattern '/tmp/application_%d{yyyy-MM-dd}.%i.log'.
02:36:13,444 |-INFO in ch.qos.logback.core.rolling.SizeAndTimeBasedFNATP@6b2fad11 - Roll-over at midnight.
02:36:13,450 |-INFO in ch.qos.logback.core.rolling.SizeAndTimeBasedFNATP@6b2fad11 - Setting initial period to Mon Jul 08 02:35:01 UTC 2019
02:36:13,450 |-WARN in ch.qos.logback.core.rolling.SizeAndTimeBasedFNATP@6b2fad11 - SizeAndTimeBasedFNATP is deprecated. Use SizeAndTimeBasedRollingPolicy instead
02:36:13,450 |-WARN in ch.qos.logback.core.rolling.SizeAndTimeBasedFNATP@6b2fad11 - For more information see http://logback.qos.ch/manual/appenders.html#SizeAndTimeBasedRollingPolicy
02:36:13,454 |-INFO in ch.qos.logback.core.joran.action.NestedComplexPropertyIA - Assuming default type [ch.qos.logback.classic.encoder.PatternLayoutEncoder] for [encoder] property
02:36:13,459 |-INFO in ch.qos.logback.core.rolling.RollingFileAppender[FILE] - Active log file name: /tmp/application.log
02:36:13,459 |-INFO in ch.qos.logback.core.rolling.RollingFileAppender[FILE] - File property is set to [/tmp/application.log]
02:36:13,460 |-INFO in ch.qos.logback.classic.joran.action.RootLoggerAction - Setting level of ROOT logger to INFO
02:36:13,460 |-INFO in ch.qos.logback.core.joran.action.AppenderRefAction - Attaching appender named [STDOUT] to Logger[ROOT]
02:36:13,462 |-INFO in ch.qos.logback.core.joran.action.AppenderRefAction - Attaching appender named [FILE] to Logger[ROOT]
02:36:13,462 |-INFO in ch.qos.logback.classic.joran.action.ConfigurationAction - End of configuration.
02:36:13,462 |-INFO in ch.qos.logback.classic.joran.JoranConfigurator@79698539 - Registering current configuration as safe fallback point

02:36:13.467 [main] INFO  c.s.f.r.WorkerApplication  - Starting worker with workerConfig 'WorkerConfig{id='10.0.0.117', localAddress=10.0.0.117:5412, zkString='10.0.0.71:12181', snapshotPath='/root/flamestream/data', guarantees=AT_MOST_ONCE, maxElementsInGraph=100, millisBetweenCommits=5000000, defaultMinimalTime=0, distributedAcker=false}'
02:36:14.779 [worker-akka.actor.default-dispatcher-4] INFO  a.e.s.Slf4jLogger  - Slf4jLogger started
Ama winner
Ama winner
02:36:15.137 [worker-akka.actor.default-dispatcher-4] INFO  a.r.a.a.ArteryAeronUdpTransport(akka://worker) akka.remote.artery.aeron.ArteryAeronUdpTransport(akka://worker) - Started embedded media driver in directory [/dev/shm/aeron-10.0.0.117]
2019-07-08T02:36:15.202+0000: 2.206: [Full GC (Metadata GC Threshold) 2019-07-08T02:36:15.202+0000: 2.206: [Tenured: 0K->15040K(1024000K), 0.0460535 secs] 172225K->15040K(1484800K), [Metaspace: 20733K->20733K(1067008K)], 0.0461172 secs] [Times: user=0.04 sys=0.00, real=0.05 secs] 
02:36:15.383 [worker-akka.actor.default-dispatcher-4] INFO  a.r.a.a.ArteryAeronUdpTransport(akka://worker) akka.remote.artery.aeron.ArteryAeronUdpTransport(akka://worker) - Remoting started with transport [Artery aeron-udp]; listening on address [akka://worker@10.0.0.117:5412] with UID [5125254518867275237]
02:36:15.699 [worker-akka.actor.default-dispatcher-6] INFO  a.a.RepointableActorRef akka://worker/user/watcher - Starting...
02:36:15.802 [worker-akka.actor.default-dispatcher-3] INFO  o.a.c.u.Compatibility  - Running in ZooKeeper 3.4.x compatibility mode
02:36:15.849 [worker-akka.actor.default-dispatcher-3] INFO  o.a.c.f.i.CuratorFrameworkImpl  - Starting
02:36:15.867 [worker-akka.actor.default-dispatcher-3] INFO  o.a.z.ZooKeeper  - Client environment:zookeeper.version=3.4.9-1757313, built on 08/23/2016 06:50 GMT
02:36:15.868 [worker-akka.actor.default-dispatcher-3] INFO  o.a.z.ZooKeeper  - Client environment:host.name=<NA>
02:36:15.869 [worker-akka.actor.default-dispatcher-3] INFO  o.a.z.ZooKeeper  - Client environment:java.version=1.8.0_212
02:36:15.869 [worker-akka.actor.default-dispatcher-3] INFO  o.a.z.ZooKeeper  - Client environment:java.vendor=Oracle Corporation
02:36:15.869 [worker-akka.actor.default-dispatcher-3] INFO  o.a.z.ZooKeeper  - Client environment:java.home=/usr/lib/jvm/java-8-openjdk-amd64/jre
02:36:15.869 [worker-akka.actor.default-dispatcher-3] INFO  o.a.z.ZooKeeper  - Client environment:java.class.path=lib/commons-cli-1.4.jar:lib/minlog-1.3.0.jar:lib/asm-5.0.4.jar:lib/commons-csv-1.4.jar:lib/annotations-13.0.jar:lib/akka-slf4j_2.11-2.5.15.jar:lib/lz4-1.3.0.jar:lib/scala-java8-compat_2.11-0.7.0.jar:lib/jblas-1.2.4.jar:lib/objenesis-2.1.jar:lib/jackson-annotations-2.8.0.jar:lib/akka-actor_2.11-2.5.15.jar:lib/curator-client-4.0.1.jar:lib/aeron-client-1.9.3.jar:lib/leveldb-0.7.jar:lib/flamestream-core-1.0-SNAPSHOT.jar:lib/reflectasm-1.07-shaded.jar:lib/akka-testkit_2.11-2.5.15.jar:lib/slf4j-simple-1.8.0-beta4.jar:lib/commons-lang-2.6.jar:lib/curator-recipes-4.0.1.jar:lib/logback-classic-1.2.3.jar:lib/jool-0.9.12.jar:lib/kryo-4.0.0.jar:lib/ssl-config-core_2.11-0.2.4.jar:lib/jackson-annotations-2.9.6.jar:lib/leveldbjni-all-1.8.jar:lib/jackson-core-2.8.4.jar:lib/netty-3.10.6.Final.jar:lib/trove4j-3.0.3.jar:lib/logback-core-1.2.3.jar:lib/flamestream-examples-1.0-SNAPSHOT.jar:lib/jackson-databind-2.8.4.jar:lib/flamestream-runtime-1.0-SNAPSHOT.jar:lib/slf4j-api-1.7.24.jar:lib/jline-0.9.94.jar:lib/jedis-2.9.0.jar:lib/akka-protobuf_2.11-2.5.15.jar:lib/kryonet-2.21.jar:lib/akka-kryo-serialization_2.11-0.5.0.jar:lib/config-1.3.1.jar:lib/testng-6.10.jar:lib/agrona-0.9.18.jar:lib/leveldb-api-0.7.jar:lib/reactive-streams-1.0.2.jar:lib/reflectasm-1.11.3.jar:lib/jcommander-1.48.jar:lib/minlog-1.2.jar:lib/akka-stream_2.11-2.5.15.jar:lib/scala-parser-combinators_2.11-1.1.1.jar:lib/zookeeper-3.4.9.jar:lib/commons-1.4.9.jar:lib/commons-pool2-2.4.2.jar:lib/commons-io-2.4.jar:lib/akka-remote_2.11-2.5.15.jar:lib/rocksdbjni-5.5.1.jar:lib/guava-21.0.jar:lib/aeron-driver-1.9.3.jar:lib/flamestream-core-1.0-SNAPSHOT-tests.jar:lib/annotations-12.0.jar:lib/curator-framework-4.0.1.jar:lib/scala-library-2.11.12.jar:flamestream-runtime-1.0-SNAPSHOT.jar
02:36:15.869 [worker-akka.actor.default-dispatcher-3] INFO  o.a.z.ZooKeeper  - Client environment:java.library.path=/usr/java/packages/lib/amd64:/usr/lib/x86_64-linux-gnu/jni:/lib/x86_64-linux-gnu:/usr/lib/x86_64-linux-gnu:/usr/lib/jni:/lib:/usr/lib
02:36:15.869 [worker-akka.actor.default-dispatcher-3] INFO  o.a.z.ZooKeeper  - Client environment:java.io.tmpdir=/tmp
02:36:15.869 [worker-akka.actor.default-dispatcher-3] INFO  o.a.z.ZooKeeper  - Client environment:java.compiler=<NA>
02:36:15.870 [worker-akka.actor.default-dispatcher-3] INFO  o.a.z.ZooKeeper  - Client environment:os.name=Linux
02:36:15.871 [worker-akka.actor.default-dispatcher-3] INFO  o.a.z.ZooKeeper  - Client environment:os.arch=amd64
02:36:15.871 [worker-akka.actor.default-dispatcher-3] INFO  o.a.z.ZooKeeper  - Client environment:os.version=4.4.0-1049-aws
02:36:15.871 [worker-akka.actor.default-dispatcher-3] INFO  o.a.z.ZooKeeper  - Client environment:user.name=root
02:36:15.871 [worker-akka.actor.default-dispatcher-3] INFO  o.a.z.ZooKeeper  - Client environment:user.home=/root
02:36:15.871 [worker-akka.actor.default-dispatcher-3] INFO  o.a.z.ZooKeeper  - Client environment:user.dir=/root/flamestream
02:36:15.873 [worker-akka.actor.default-dispatcher-3] INFO  o.a.z.ZooKeeper  - Initiating client connection, connectString=10.0.0.71:12181 sessionTimeout=60000 watcher=org.apache.curator.ConnectionState@1081d136
02:36:15.908 [worker-akka.actor.default-dispatcher-3-SendThread(10.0.0.71:12181)] INFO  o.a.z.ClientCnxn  - Opening socket connection to server 10.0.0.71/10.0.0.71:12181. Will not attempt to authenticate using SASL (unknown error)
02:36:15.912 [worker-akka.actor.default-dispatcher-3] INFO  o.a.c.f.i.CuratorFrameworkImpl  - Default schema
02:36:15.915 [worker-akka.actor.default-dispatcher-3-SendThread(10.0.0.71:12181)] INFO  o.a.z.ClientCnxn  - Socket connection established to 10.0.0.71/10.0.0.71:12181, initiating session
02:36:15.924 [worker-akka.actor.default-dispatcher-3-SendThread(10.0.0.71:12181)] INFO  o.a.z.ClientCnxn  - Session establishment complete on server 10.0.0.71/10.0.0.71:12181, sessionid = 0x100116bc3b10005, negotiated timeout = 60000
02:36:15.938 [worker-akka.actor.default-dispatcher-3-EventThread] INFO  o.a.c.f.s.ConnectionStateManager  - State change: CONNECTED
02:36:15.943 [worker-akka.actor.default-dispatcher-6] INFO  a.a.RepointableActorRef akka://worker/user/watcher - Initializing rocksDB backend
02:36:16.533 [worker-akka.actor.default-dispatcher-4] INFO  a.a.LocalActorRef akka://worker/user/watcher/processing-watcher - Starting...
02:36:26.339 [Curator-PathChildrenCache-2] WARN  o.a.c.u.ZKPaths  - The version of ZooKeeper being used doesn't support Container nodes. CreateMode.PERSISTENT will be used instead.
02:36:26.419 [worker-akka.actor.default-dispatcher-3] INFO  a.a.LocalActorRef akka://worker/user/watcher/processing-watcher/$a - Starting...
02:36:26.442 [worker-akka.actor.default-dispatcher-4] INFO  a.a.LocalActorRef akka://worker/user/watcher/processing-watcher/$a - Stopped
02:36:26.964 [worker-akka.actor.default-dispatcher-4] INFO  a.a.LocalActorRef akka://worker/user/watcher/processing-watcher/$c/$a - Starting...
02:36:26.980 [worker-akka.actor.default-dispatcher-5] INFO  a.a.LocalActorRef akka://worker/user/watcher/processing-watcher/$c - Starting...
02:36:27.017 [worker-akka.actor.default-dispatcher-6] INFO  a.a.LocalActorRef akka://worker/user/watcher/processing-watcher/graph/graph - Starting...
02:36:27.436 [worker-akka.actor.default-dispatcher-6] INFO  a.a.LocalActorRef akka://worker/user/watcher/processing-watcher/graph/graph - Finishing constructor
02:36:27.437 [worker-akka.actor.default-dispatcher-6] INFO  a.a.LocalActorRef akka://worker/user/watcher/processing-watcher/graph/negotiator - Starting...
02:36:27.440 [worker-akka.actor.default-dispatcher-4] INFO  a.a.LocalActorRef akka://worker/user/watcher/processing-watcher/graph/edge - Starting...
02:36:27.445 [worker-akka.actor.default-dispatcher-6] INFO  a.a.LocalActorRef akka://worker/user/watcher/processing-watcher/graph - Starting FlameNode with config 'ClusterConfig{paths={10.0.0.117=akka://worker@10.0.0.117:5412/user/watcher/processing-watcher/graph, 10.0.0.114=akka://worker@10.0.0.114:5412/user/watcher/processing-watcher/graph, 10.0.0.110=akka://worker@10.0.0.110:5412/user/watcher/processing-watcher/graph, 10.0.0.156=akka://worker@10.0.0.156:5412/user/watcher/processing-watcher/graph}, masterLocation='10.0.0.114', hashGroups={10.0.0.117=com.spbsu.flamestream.runtime.config.HashGroup@4d808b88, 10.0.0.114=com.spbsu.flamestream.runtime.config.HashGroup@eb0f6c33, 10.0.0.110=com.spbsu.flamestream.runtime.config.HashGroup@2bf20748, 10.0.0.156=com.spbsu.flamestream.runtime.config.HashGroup@79891f16}}'
02:36:27.458 [worker-akka.actor.default-dispatcher-3] INFO  a.a.LocalActorRef akka://worker/user/watcher/processing-watcher/graph/negotiator - Requesting ticket for the frontClass FlameSocketGraphDeployerFront@10.0.0.117
02:36:27.466 [worker-akka.actor.default-dispatcher-10] INFO  a.a.LocalActorRef akka://worker/user/watcher/processing-watcher/graph/graph - Received last commit 'LastCommit{globalTime=(0000000, min@min)}'
02:36:27.558 [worker-akka.actor.default-dispatcher-4] INFO  c.s.f.r.e.s.SocketRear  - FlameSocketGraphDeployerRear@10.0.0.117: connecting to 10.0.0.71:5678
02:36:27.570 [worker-akka.actor.default-dispatcher-13] INFO  a.a.LocalActorRef akka://worker/user/watcher/processing-watcher/graph/edge/FlameSocketGraphDeployerFront - Starting...
02:36:27.575 [worker-akka.actor.default-dispatcher-4] INFO  c.s.f.r.e.s.SocketRear  - FlameSocketGraphDeployerRear@10.0.0.117: connected to 10.0.0.71:5678
02:36:27.577 [worker-akka.actor.default-dispatcher-4] INFO  a.a.LocalActorRef akka://worker/user/watcher/processing-watcher/graph/edge/FlameSocketGraphDeployerRear - Starting...
02:36:27.589 [worker-akka.actor.default-dispatcher-6] INFO  a.a.LocalActorRef akka://worker/user/watcher/processing-watcher/graph/negotiator - Ticket for the frontClass received: FrontTicket{allowedTimestamp=(0000000, FlameSocketGraphDeployerFront@10.0.0.117)}
02:36:27.592 [worker-akka.actor.default-dispatcher-6] INFO  c.s.f.r.e.s.SocketFront  - FlameSocketGraphDeployerFront@10.0.0.117: connecting to 10.0.0.71:4567
02:36:27.683 [worker-akka.actor.default-dispatcher-4] INFO  a.a.LocalActorRef akka://worker/user/watcher/processing-watcher/graph/graph/$a - Starting...
02:36:27.689 [worker-akka.actor.default-dispatcher-4] INFO  a.a.LocalActorRef akka://worker/user/watcher/processing-watcher/graph/graph/$b - Starting...
02:36:27.691 [worker-akka.actor.default-dispatcher-4] INFO  a.a.LocalActorRef akka://worker/user/watcher/processing-watcher/graph/graph/$c - Starting...
02:36:27.692 [worker-akka.actor.default-dispatcher-4] INFO  a.a.LocalActorRef akka://worker/user/watcher/processing-watcher/graph/graph/$d - Starting...
02:36:27.693 [worker-akka.actor.default-dispatcher-4] INFO  a.a.LocalActorRef akka://worker/user/watcher/processing-watcher/graph/graph/$e - Starting...
02:36:27.695 [worker-akka.actor.default-dispatcher-4] INFO  a.a.LocalActorRef akka://worker/user/watcher/processing-watcher/graph/graph/$f - Starting...
02:36:27.696 [worker-akka.actor.default-dispatcher-4] INFO  a.a.LocalActorRef akka://worker/user/watcher/processing-watcher/graph/graph/$g - Starting...
02:36:27.698 [worker-akka.actor.default-dispatcher-4] INFO  a.a.LocalActorRef akka://worker/user/watcher/processing-watcher/graph/graph/$h - Starting...
02:36:27.700 [worker-akka.actor.default-dispatcher-4] INFO  a.a.LocalActorRef akka://worker/user/watcher/processing-watcher/graph/graph/$i - Starting...
02:36:27.701 [worker-akka.actor.default-dispatcher-4] INFO  a.a.LocalActorRef akka://worker/user/watcher/processing-watcher/graph/graph/$j - Starting...
02:36:27.703 [worker-akka.actor.default-dispatcher-4] INFO  a.a.LocalActorRef akka://worker/user/watcher/processing-watcher/graph/graph/$k - Starting...
02:36:27.708 [worker-akka.actor.default-dispatcher-4] INFO  a.a.LocalActorRef akka://worker/user/watcher/processing-watcher/graph/graph/$l - Starting...
02:36:27.710 [worker-akka.actor.default-dispatcher-4] INFO  a.a.LocalActorRef akka://worker/user/watcher/processing-watcher/graph/graph/$m - Starting...
02:36:27.712 [worker-akka.actor.default-dispatcher-4] INFO  a.a.LocalActorRef akka://worker/user/watcher/processing-watcher/graph/graph/$n - Starting...
02:36:27.713 [worker-akka.actor.default-dispatcher-4] INFO  a.a.LocalActorRef akka://worker/user/watcher/processing-watcher/graph/graph/$o - Starting...
02:36:27.714 [worker-akka.actor.default-dispatcher-4] INFO  a.a.LocalActorRef akka://worker/user/watcher/processing-watcher/graph/graph/$p - Starting...
02:36:27.717 [worker-akka.actor.default-dispatcher-4] INFO  a.a.LocalActorRef akka://worker/user/watcher/processing-watcher/graph/graph/$q - Starting...
02:36:27.722 [worker-akka.actor.default-dispatcher-4] INFO  a.a.LocalActorRef akka://worker/user/watcher/processing-watcher/graph/graph/$r - Starting...
02:36:27.742 [worker-akka.actor.default-dispatcher-4] INFO  a.a.LocalActorRef akka://worker/user/watcher/processing-watcher/graph/graph/$r - Attached rear to graph (-9223372036854775808, min@min)
02:36:27.744 [worker-akka.actor.default-dispatcher-4] INFO  a.a.LocalActorRef akka://worker/user/watcher/processing-watcher/graph/graph/$s - Starting...
02:36:27.745 [worker-akka.actor.default-dispatcher-4] INFO  a.a.LocalActorRef akka://worker/user/watcher/processing-watcher/graph/graph/$t - Starting...
02:36:27.747 [worker-akka.actor.default-dispatcher-4] INFO  a.a.LocalActorRef akka://worker/user/watcher/processing-watcher/graph/graph/$u - Starting...
02:36:27.748 [worker-akka.actor.default-dispatcher-4] INFO  a.a.LocalActorRef akka://worker/user/watcher/processing-watcher/graph/graph/$v - Starting...
02:36:27.750 [worker-akka.actor.default-dispatcher-4] INFO  a.a.LocalActorRef akka://worker/user/watcher/processing-watcher/graph/graph/$w - Starting...
02:36:27.751 [worker-akka.actor.default-dispatcher-4] INFO  a.a.LocalActorRef akka://worker/user/watcher/processing-watcher/graph/graph/$x - Starting...
02:36:27.755 [worker-akka.actor.default-dispatcher-4] INFO  a.a.LocalActorRef akka://worker/user/watcher/processing-watcher/graph/graph/$y - Starting...
02:36:27.756 [worker-akka.actor.default-dispatcher-4] INFO  a.a.LocalActorRef akka://worker/user/watcher/processing-watcher/graph/graph/$z - Starting...
02:36:27.758 [worker-akka.actor.default-dispatcher-4] INFO  a.a.LocalActorRef akka://worker/user/watcher/processing-watcher/graph/graph/$A - Starting...
02:36:27.759 [worker-akka.actor.default-dispatcher-4] INFO  a.a.LocalActorRef akka://worker/user/watcher/processing-watcher/graph/graph/$B - Starting...
02:36:27.761 [worker-akka.actor.default-dispatcher-4] INFO  a.a.LocalActorRef akka://worker/user/watcher/processing-watcher/graph/graph/$C - Starting...
02:36:27.762 [worker-akka.actor.default-dispatcher-4] INFO  a.a.LocalActorRef akka://worker/user/watcher/processing-watcher/graph/graph/$D - Starting...
02:36:27.763 [worker-akka.actor.default-dispatcher-4] INFO  a.a.LocalActorRef akka://worker/user/watcher/processing-watcher/graph/graph/$E - Starting...
02:36:27.764 [worker-akka.actor.default-dispatcher-4] INFO  a.a.LocalActorRef akka://worker/user/watcher/processing-watcher/graph/graph/$F - Starting...
02:36:27.767 [worker-akka.actor.default-dispatcher-4] INFO  a.a.LocalActorRef akka://worker/user/watcher/processing-watcher/graph/graph/$G - Starting...
02:36:27.767 [worker-akka.actor.default-dispatcher-4] INFO  a.a.LocalActorRef akka://worker/user/watcher/processing-watcher/graph/graph/$H - Starting...
02:36:27.767 [worker-akka.actor.default-dispatcher-4] INFO  a.a.LocalActorRef akka://worker/user/watcher/processing-watcher/graph/graph/$I - Starting...
02:36:27.767 [worker-akka.actor.default-dispatcher-4] INFO  a.a.LocalActorRef akka://worker/user/watcher/processing-watcher/graph/graph/$J - Starting...
02:36:27.770 [worker-akka.actor.default-dispatcher-4] INFO  a.a.LocalActorRef akka://worker/user/watcher/processing-watcher/graph/graph/$K - Starting...
02:36:27.771 [worker-akka.actor.default-dispatcher-4] INFO  a.a.LocalActorRef akka://worker/user/watcher/processing-watcher/graph/graph/$L - Starting...
02:36:27.772 [worker-akka.actor.default-dispatcher-4] INFO  a.a.LocalActorRef akka://worker/user/watcher/processing-watcher/graph/graph/$M - Starting...
02:36:27.774 [worker-akka.actor.default-dispatcher-4] INFO  a.a.LocalActorRef akka://worker/user/watcher/processing-watcher/graph/graph/$N - Starting...
02:36:27.775 [worker-akka.actor.default-dispatcher-4] INFO  a.a.LocalActorRef akka://worker/user/watcher/processing-watcher/graph/graph/$O - Starting...
02:36:27.777 [worker-akka.actor.default-dispatcher-4] INFO  a.a.LocalActorRef akka://worker/user/watcher/processing-watcher/graph/graph/$P - Starting...
02:36:27.777 [worker-akka.actor.default-dispatcher-4] INFO  a.a.LocalActorRef akka://worker/user/watcher/processing-watcher/graph/graph/$Q - Starting...
02:36:27.778 [worker-akka.actor.default-dispatcher-4] INFO  a.a.LocalActorRef akka://worker/user/watcher/processing-watcher/graph/graph/$R - Starting...
02:36:27.780 [worker-akka.actor.default-dispatcher-4] INFO  a.a.LocalActorRef akka://worker/user/watcher/processing-watcher/graph/graph/$S - Starting...
02:36:27.781 [worker-akka.actor.default-dispatcher-4] INFO  a.a.LocalActorRef akka://worker/user/watcher/processing-watcher/graph/graph/$T - Starting...
02:36:27.782 [worker-akka.actor.default-dispatcher-4] INFO  a.a.LocalActorRef akka://worker/user/watcher/processing-watcher/graph/graph/$U - Starting...
02:36:27.783 [worker-akka.actor.default-dispatcher-4] INFO  a.a.LocalActorRef akka://worker/user/watcher/processing-watcher/graph/graph/$V - Starting...
02:36:27.785 [worker-akka.actor.default-dispatcher-4] INFO  a.a.LocalActorRef akka://worker/user/watcher/processing-watcher/graph/graph/$W - Starting...
02:36:27.786 [worker-akka.actor.default-dispatcher-4] INFO  a.a.LocalActorRef akka://worker/user/watcher/processing-watcher/graph/graph/$X - Starting...
02:36:27.788 [worker-akka.actor.default-dispatcher-4] INFO  a.a.LocalActorRef akka://worker/user/watcher/processing-watcher/graph/graph/$Y - Starting...
02:36:27.789 [worker-akka.actor.default-dispatcher-4] INFO  a.a.LocalActorRef akka://worker/user/watcher/processing-watcher/graph/graph/$Z - Starting...
02:36:27.796 [worker-akka.actor.default-dispatcher-4] INFO  a.a.LocalActorRef akka://worker/user/watcher/processing-watcher/graph/graph/$0 - Starting...
02:36:27.798 [worker-akka.actor.default-dispatcher-4] INFO  a.a.LocalActorRef akka://worker/user/watcher/processing-watcher/graph/graph/$1 - Starting...
02:36:27.915 [Client] INFO  c.s.f.r.e.s.SocketFront  - FlameSocketGraphDeployerFront@10.0.0.117 has been disconnected from Connection 3
2019-07-08T02:36:45.149+0000: 32.153: [GC (Allocation Failure) 2019-07-08T02:36:45.149+0000: 32.153: [DefNew: 409600K->15110K(460800K), 0.0857970 secs] 424640K->225463K(1484800K), 0.0858682 secs] [Times: user=0.04 sys=0.06, real=0.09 secs] 
2019-07-08T02:37:15.028+0000: 62.031: [Full GC (Metadata GC Threshold) 2019-07-08T02:37:15.028+0000: 62.031: [Tenured: 210352K->215876K(1024000K), 0.0470187 secs] 317641K->215876K(1484800K), [Metaspace: 34665K->34665K(1079296K)], 0.0471046 secs] [Times: user=0.05 sys=0.00, real=0.05 secs] 
2019-07-08T02:40:43.828+0000: 270.831: [GC (Allocation Failure) 2019-07-08T02:40:43.828+0000: 270.831: [DefNew: 409600K->271K(460800K), 0.0020901 secs] 625476K->216148K(1484800K), 0.0021591 secs] [Times: user=0.01 sys=0.00, real=0.00 secs] 
2019-07-08T02:40:56.763+0000: 283.766: [GC (Allocation Failure) 2019-07-08T02:40:56.763+0000: 283.766: [DefNew: 409871K->87K(460800K), 0.0018070 secs] 625748K->215964K(1484800K), 0.0018671 secs] [Times: user=0.00 sys=0.00, real=0.00 secs] 
2019-07-08T02:41:09.813+0000: 296.817: [GC (Allocation Failure) 2019-07-08T02:41:09.813+0000: 296.817: [DefNew: 409687K->88K(460800K), 0.0017992 secs] 625564K->215965K(1484800K), 0.0018669 secs] [Times: user=0.00 sys=0.00, real=0.01 secs] 
2019-07-08T02:41:22.715+0000: 309.719: [GC (Allocation Failure) 2019-07-08T02:41:22.715+0000: 309.719: [DefNew: 409688K->86K(460800K), 0.0018122 secs] 625565K->215963K(1484800K), 0.0018806 secs] [Times: user=0.00 sys=0.00, real=0.00 secs] 
02:41:28.020 [worker-akka.actor.default-dispatcher-6] INFO  a.r.a.Association(akka://worker) akka.remote.artery.Association(akka://worker) - Stopping idle outbound stream [2] to [akka://worker@10.0.0.110:5412]
2019-07-08T02:41:35.579+0000: 322.583: [GC (Allocation Failure) 2019-07-08T02:41:35.579+0000: 322.583: [DefNew: 409686K->233K(460800K), 0.0020198 secs] 625563K->216109K(1484800K), 0.0020766 secs] [Times: user=0.00 sys=0.00, real=0.00 secs] 
2019-07-08T02:41:48.783+0000: 335.786: [GC (Allocation Failure) 2019-07-08T02:41:48.783+0000: 335.786: [DefNew: 409833K->150K(460800K), 0.0019384 secs] 625709K->216027K(1484800K), 0.0019908 secs] [Times: user=0.01 sys=0.00, real=0.00 secs] 
2019-07-08T02:42:02.229+0000: 349.232: [GC (Allocation Failure) 2019-07-08T02:42:02.229+0000: 349.232: [DefNew: 409750K->154K(460800K), 0.0019212 secs] 625627K->216031K(1484800K), 0.0019808 secs] [Times: user=0.01 sys=0.00, real=0.00 secs] 
2019-07-08T02:42:15.460+0000: 362.463: [GC (Allocation Failure) 2019-07-08T02:42:15.460+0000: 362.463: [DefNew: 409754K->168K(460800K), 0.0019295 secs] 625631K->216045K(1484800K), 0.0019844 secs] [Times: user=0.00 sys=0.00, real=0.00 secs] 
2019-07-08T02:42:28.706+0000: 375.709: [GC (Allocation Failure) 2019-07-08T02:42:28.706+0000: 375.710: [DefNew: 409768K->151K(460800K), 0.0019982 secs] 625645K->216027K(1484800K), 0.0020682 secs] [Times: user=0.00 sys=0.00, real=0.01 secs] 
02:42:36.714 [Client] INFO  c.s.f.r.e.s.SocketRear  - FlameSocketGraphDeployerRear@10.0.0.117: has been disconnected from Connection 4
02:42:44.733 [worker-akka.actor.default-dispatcher-2] INFO  a.a.LocalActorRef akka://worker/user/watcher/processing-watcher/graph/graph/$0 - Stopped
02:42:44.734 [worker-akka.actor.default-dispatcher-2] INFO  a.a.LocalActorRef akka://worker/user/watcher/processing-watcher/graph/edge/FlameSocketGraphDeployerFront - Stopped
02:42:44.739 [worker-akka.actor.default-dispatcher-5] INFO  a.a.LocalActorRef akka://worker/user/watcher/processing-watcher/$c/$a - Stopped
02:42:44.740 [worker-akka.actor.default-dispatcher-5] INFO  a.a.LocalActorRef akka://worker/user/watcher/processing-watcher/$c/$a - Message [com.spbsu.flamestream.runtime.utils.akka.PingActor$InnerPing] from Actor[akka://worker/user/watcher/processing-watcher/$c/$a#-524063640] to Actor[akka://worker/user/watcher/processing-watcher/$c/$a#-524063640] was not delivered. [1] dead letters encountered. If this is not an expected behavior, then [Actor[akka://worker/user/watcher/processing-watcher/$c/$a#-524063640]] may have terminated unexpectedly, This logging can be turned off or adjusted with configuration settings 'akka.log-dead-letters' and 'akka.log-dead-letters-during-shutdown'.
02:42:44.742 [worker-akka.actor.default-dispatcher-13] INFO  a.a.LocalActorRef akka://worker/user/watcher/processing-watcher/graph/edge/FlameSocketGraphDeployerRear - Stopped
02:42:44.742 [worker-akka.actor.default-dispatcher-10] INFO  a.a.LocalActorRef akka://worker/user/watcher/processing-watcher/graph/edge - Stopped
02:42:44.750 [worker-akka.actor.default-dispatcher-14] INFO  a.a.LocalActorRef akka://worker/user/watcher/processing-watcher/graph/graph/$1 - Stopped
02:42:44.751 [worker-akka.actor.default-dispatcher-14] INFO  a.a.LocalActorRef akka://worker/user/watcher/processing-watcher/$c - Stopped
02:42:44.751 [worker-akka.actor.default-dispatcher-14] INFO  a.a.LocalActorRef akka://worker/user/watcher/processing-watcher/graph/graph/$A - Stopped
02:42:44.751 [worker-akka.actor.default-dispatcher-14] INFO  a.a.LocalActorRef akka://worker/user/watcher/processing-watcher/graph/graph/$B - Stopped
02:42:44.751 [worker-akka.actor.default-dispatcher-14] INFO  a.a.LocalActorRef akka://worker/user/watcher/processing-watcher/graph/graph/$C - Stopped
02:42:44.751 [worker-akka.actor.default-dispatcher-6] INFO  a.a.LocalActorRef akka://worker/user/watcher/processing-watcher/graph/graph/$D - Stopped
02:42:44.752 [worker-akka.actor.default-dispatcher-6] INFO  a.a.LocalActorRef akka://worker/user/watcher/processing-watcher/graph/graph/$E - Stopped
02:42:44.752 [worker-akka.actor.default-dispatcher-6] INFO  a.a.LocalActorRef akka://worker/user/watcher/processing-watcher/graph/graph/$F - Stopped
02:42:44.752 [worker-akka.actor.default-dispatcher-6] INFO  a.a.LocalActorRef akka://worker/user/watcher/processing-watcher/graph/graph/$G - Stopped
02:42:44.752 [worker-akka.actor.default-dispatcher-6] INFO  a.a.LocalActorRef akka://worker/user/watcher/processing-watcher/graph/graph/$H - Stopped
02:42:44.752 [worker-akka.actor.default-dispatcher-5] INFO  a.a.LocalActorRef akka://worker/user/watcher/processing-watcher/graph/graph/$I - Stopped
02:42:44.753 [worker-akka.actor.default-dispatcher-5] INFO  a.a.LocalActorRef akka://worker/user/watcher/processing-watcher/graph/graph/$J - Stopped
02:42:44.753 [worker-akka.actor.default-dispatcher-5] INFO  a.a.LocalActorRef akka://worker/user/watcher/processing-watcher/graph/graph/$K - Stopped
02:42:44.753 [worker-akka.actor.default-dispatcher-5] INFO  a.a.LocalActorRef akka://worker/user/watcher/processing-watcher/graph/graph/$L - Stopped
02:42:44.753 [worker-akka.actor.default-dispatcher-5] INFO  a.a.LocalActorRef akka://worker/user/watcher/processing-watcher/graph/graph/$M - Stopped
02:42:44.753 [worker-akka.actor.default-dispatcher-5] INFO  a.a.LocalActorRef akka://worker/user/watcher/processing-watcher/graph/graph/$N - Stopped
02:42:44.754 [worker-akka.actor.default-dispatcher-5] INFO  a.a.LocalActorRef akka://worker/user/watcher/processing-watcher/graph/graph/$O - Stopped
02:42:44.755 [worker-akka.actor.default-dispatcher-5] INFO  a.a.LocalActorRef akka://worker/user/watcher/processing-watcher/graph/graph/$P - Stopped
02:42:44.755 [worker-akka.actor.default-dispatcher-5] INFO  a.a.LocalActorRef akka://worker/user/watcher/processing-watcher/graph/graph/$Q - Stopped
02:42:44.756 [worker-akka.actor.default-dispatcher-5] INFO  a.a.LocalActorRef akka://worker/user/watcher/processing-watcher/graph/graph/$R - Stopped
02:42:44.756 [worker-akka.actor.default-dispatcher-11] INFO  a.a.LocalActorRef akka://worker/user/watcher/processing-watcher/graph/graph/$S - Stopped
02:42:44.756 [worker-akka.actor.default-dispatcher-11] INFO  a.a.LocalActorRef akka://worker/user/watcher/processing-watcher/graph/graph/$T - Stopped
02:42:44.756 [worker-akka.actor.default-dispatcher-11] INFO  a.a.LocalActorRef akka://worker/user/watcher/processing-watcher/graph/graph/$U - Stopped
02:42:44.756 [worker-akka.actor.default-dispatcher-11] INFO  a.a.LocalActorRef akka://worker/user/watcher/processing-watcher/graph/graph/$V - Stopped
02:42:44.757 [worker-akka.actor.default-dispatcher-11] INFO  a.a.LocalActorRef akka://worker/user/watcher/processing-watcher/graph/graph/$W - Stopped
02:42:44.757 [worker-akka.actor.default-dispatcher-11] INFO  a.a.LocalActorRef akka://worker/user/watcher/processing-watcher/graph/graph/$X - Stopped
02:42:44.757 [worker-akka.actor.default-dispatcher-11] INFO  a.a.LocalActorRef akka://worker/user/watcher/processing-watcher/graph/graph/$Y - Stopped
02:42:44.757 [worker-akka.actor.default-dispatcher-11] INFO  a.a.LocalActorRef akka://worker/user/watcher/processing-watcher/graph/graph/$Z - Stopped
02:42:44.757 [worker-akka.actor.default-dispatcher-11] INFO  a.a.LocalActorRef akka://worker/user/watcher/processing-watcher/graph/graph/$a - Stopped
02:42:44.758 [worker-akka.actor.default-dispatcher-11] INFO  a.a.LocalActorRef akka://worker/user/watcher/processing-watcher/graph/graph/$b - Stopped
02:42:44.758 [worker-akka.actor.default-dispatcher-10] INFO  a.a.LocalActorRef akka://worker/user/watcher/processing-watcher/graph/graph/$c - Stopped
02:42:44.758 [worker-akka.actor.default-dispatcher-10] INFO  a.a.LocalActorRef akka://worker/user/watcher/processing-watcher/graph/graph/$d - Stopped
02:42:44.759 [worker-akka.actor.default-dispatcher-10] INFO  a.a.LocalActorRef akka://worker/user/watcher/processing-watcher/graph/graph/$e - Stopped
02:42:44.759 [worker-akka.actor.default-dispatcher-10] INFO  a.a.LocalActorRef akka://worker/user/watcher/processing-watcher/graph/graph/$f - Stopped
02:42:44.759 [worker-akka.actor.default-dispatcher-10] INFO  a.a.LocalActorRef akka://worker/user/watcher/processing-watcher/graph/graph/$g - Stopped
02:42:44.759 [worker-akka.actor.default-dispatcher-10] INFO  a.a.LocalActorRef akka://worker/user/watcher/processing-watcher/graph/graph/$h - Stopped
02:42:44.759 [worker-akka.actor.default-dispatcher-10] INFO  a.a.LocalActorRef akka://worker/user/watcher/processing-watcher/graph/graph/$i - Stopped
02:42:44.760 [worker-akka.actor.default-dispatcher-10] INFO  a.a.LocalActorRef akka://worker/user/watcher/processing-watcher/graph/graph/$j - Stopped
02:42:44.760 [worker-akka.actor.default-dispatcher-10] INFO  a.a.LocalActorRef akka://worker/user/watcher/processing-watcher/graph/graph/$k - Stopped
02:42:44.760 [worker-akka.actor.default-dispatcher-10] INFO  a.a.LocalActorRef akka://worker/user/watcher/processing-watcher/graph/graph/$l - Stopped
02:42:44.760 [worker-akka.actor.default-dispatcher-13] INFO  a.a.LocalActorRef akka://worker/user/watcher/processing-watcher/graph/graph/$m - Stopped
02:42:44.760 [worker-akka.actor.default-dispatcher-13] INFO  a.a.LocalActorRef akka://worker/user/watcher/processing-watcher/graph/graph/$n - Stopped
02:42:44.761 [worker-akka.actor.default-dispatcher-13] INFO  a.a.LocalActorRef akka://worker/user/watcher/processing-watcher/graph/graph/$o - Stopped
02:42:44.761 [worker-akka.actor.default-dispatcher-13] INFO  a.a.LocalActorRef akka://worker/user/watcher/processing-watcher/graph/graph/$p - Stopped
02:42:44.761 [worker-akka.actor.default-dispatcher-13] INFO  a.a.LocalActorRef akka://worker/user/watcher/processing-watcher/graph/graph/$q - Stopped
02:42:44.761 [worker-akka.actor.default-dispatcher-2] INFO  a.a.LocalActorRef akka://worker/user/watcher/processing-watcher/graph/graph/$r - Stopped
02:42:44.762 [worker-akka.actor.default-dispatcher-2] INFO  a.a.LocalActorRef akka://worker/user/watcher/processing-watcher/graph/graph/$s - Stopped
02:42:44.762 [worker-akka.actor.default-dispatcher-2] INFO  a.a.LocalActorRef akka://worker/user/watcher/processing-watcher/graph/graph/$t - Stopped
02:42:44.762 [worker-akka.actor.default-dispatcher-2] INFO  a.a.LocalActorRef akka://worker/user/watcher/processing-watcher/graph/graph/$u - Stopped
02:42:44.762 [worker-akka.actor.default-dispatcher-2] INFO  a.a.LocalActorRef akka://worker/user/watcher/processing-watcher/graph/graph/$v - Stopped
02:42:44.763 [worker-akka.actor.default-dispatcher-10] INFO  a.a.LocalActorRef akka://worker/user/watcher/processing-watcher/graph/graph/$w - Stopped
02:42:44.763 [worker-akka.actor.default-dispatcher-10] INFO  a.a.LocalActorRef akka://worker/user/watcher/processing-watcher/graph/graph/$x - Stopped
02:42:44.763 [worker-akka.actor.default-dispatcher-10] INFO  a.a.LocalActorRef akka://worker/user/watcher/processing-watcher/graph/graph/$y - Stopped
02:42:44.763 [worker-akka.actor.default-dispatcher-10] INFO  a.a.LocalActorRef akka://worker/user/watcher/processing-watcher/graph/graph/$z - Stopped
02:42:44.763 [worker-akka.actor.default-dispatcher-10] INFO  a.a.LocalActorRef akka://worker/user/watcher/processing-watcher/$c/$a - Message [com.spbsu.flamestream.runtime.utils.akka.PingActor$Stop] from Actor[akka://worker/user/watcher/processing-watcher/$c#-593005200] to Actor[akka://worker/user/watcher/processing-watcher/$c/$a#-524063640] was not delivered. [2] dead letters encountered. If this is not an expected behavior, then [Actor[akka://worker/user/watcher/processing-watcher/$c/$a#-524063640]] may have terminated unexpectedly, This logging can be turned off or adjusted with configuration settings 'akka.log-dead-letters' and 'akka.log-dead-letters-during-shutdown'.
02:42:44.764 [worker-akka.actor.default-dispatcher-11] INFO  a.a.LocalActorRef akka://worker/user/watcher/processing-watcher/$c - Message [com.spbsu.flamestream.runtime.master.acker.LocalAcker$Flush] from Actor[akka://worker/user/watcher/processing-watcher/$c/$a#-524063640] to Actor[akka://worker/user/watcher/processing-watcher/$c#-593005200] was not delivered. [3] dead letters encountered. If this is not an expected behavior, then [Actor[akka://worker/user/watcher/processing-watcher/$c#-593005200]] may have terminated unexpectedly, This logging can be turned off or adjusted with configuration settings 'akka.log-dead-letters' and 'akka.log-dead-letters-during-shutdown'.
02:42:44.766 [worker-akka.actor.default-dispatcher-12] INFO  a.a.LocalActorRef akka://worker/user/watcher/processing-watcher/graph/negotiator - Stopped
02:42:44.772 [worker-akka.actor.default-dispatcher-13] INFO  a.a.LocalActorRef akka://worker/user/watcher/processing-watcher/graph/graph - Stopped
02:42:44.775 [worker-akka.actor.default-dispatcher-10] INFO  a.a.LocalActorRef akka://worker/user/watcher/processing-watcher/graph - Stopped
02:42:44.776 [worker-akka.actor.default-dispatcher-10] INFO  a.a.LocalActorRef akka://worker/user/watcher/processing-watcher - Stopped
02:42:44.777 [Curator-Framework-0] INFO  o.a.c.f.i.CuratorFrameworkImpl  - backgroundOperationsLoop exiting
02:42:44.791 [Curator-PathChildrenCache-0] ERROR o.a.c.f.r.c.PathChildrenCache  - 
java.lang.IllegalStateException: instance must be started before calling this method
	at org.apache.curator.shaded.com.google.common.base.Preconditions.checkState(Preconditions.java:444)
	at org.apache.curator.framework.imps.CuratorFrameworkImpl.getChildren(CuratorFrameworkImpl.java:456)
	at org.apache.curator.framework.recipes.cache.PathChildrenCache.refresh(PathChildrenCache.java:521)
	at org.apache.curator.framework.recipes.cache.RefreshOperation.invoke(RefreshOperation.java:35)
	at org.apache.curator.framework.recipes.cache.PathChildrenCache$9.run(PathChildrenCache.java:786)
	at java.util.concurrent.Executors$RunnableAdapter.call(Executors.java:511)
	at java.util.concurrent.FutureTask.run(FutureTask.java:266)
	at java.util.concurrent.Executors$RunnableAdapter.call(Executors.java:511)
	at java.util.concurrent.FutureTask.run(FutureTask.java:266)
	at java.util.concurrent.ThreadPoolExecutor.runWorker(ThreadPoolExecutor.java:1149)
	at java.util.concurrent.ThreadPoolExecutor$Worker.run(ThreadPoolExecutor.java:624)
	at java.lang.Thread.run(Thread.java:748)
02:42:44.792 [worker-akka.actor.default-dispatcher-3-EventThread] INFO  o.a.z.ClientCnxn  - EventThread shut down for session: 0x100116bc3b10005
02:42:44.792 [worker-akka.actor.default-dispatcher-17] INFO  o.a.z.ZooKeeper  - Session: 0x100116bc3b10005 closed
02:42:44.797 [worker-akka.actor.default-dispatcher-18] INFO  a.a.RepointableActorRef akka://worker/user/watcher - Stopped
02:42:44.808 [worker-akka.actor.default-dispatcher-13] INFO  a.r.RemoteActorRefProvider$RemotingTerminator akka://worker@10.0.0.117:5412/system/remoting-terminator - Shutting down remote daemon.
02:42:44.810 [worker-akka.actor.default-dispatcher-13] INFO  a.r.RemoteActorRefProvider$RemotingTerminator akka://worker@10.0.0.117:5412/system/remoting-terminator - Remote daemon shut down; proceeding with flushing remote transports.
02:42:44.910 [worker-akka.actor.default-dispatcher-18] INFO  a.r.RemoteActorRefProvider$RemotingTerminator akka://worker@10.0.0.117:5412/system/remoting-terminator - Remoting shut down.
Heap
 def new generation   total 460800K, used 292963K [0x00000000a2400000, 0x00000000c1800000, 0x00000000c1800000)
  eden space 409600K,  71% used [0x00000000a2400000, 0x00000000b41f30b8, 0x00000000bb400000)
  from space 51200K,   0% used [0x00000000bb400000, 0x00000000bb425c50, 0x00000000be600000)
  to   space 51200K,   0% used [0x00000000be600000, 0x00000000be600000, 0x00000000c1800000)
 tenured generation   total 1024000K, used 215876K [0x00000000c1800000, 0x0000000100000000, 0x0000000100000000)
   the space 1024000K,  21% used [0x00000000c1800000, 0x00000000cead12a0, 0x00000000cead1400, 0x0000000100000000)
 Metaspace       used 36077K, capacity 36962K, committed 37120K, reserved 1081344K
  class space    used 4849K, capacity 5057K, committed 5120K, reserved 1048576K
