05:39:57,420 |-INFO in ch.qos.logback.classic.LoggerContext[default] - Could NOT find resource [logback-test.xml]
05:39:57,420 |-INFO in ch.qos.logback.classic.LoggerContext[default] - Could NOT find resource [logback.groovy]
05:39:57,420 |-INFO in ch.qos.logback.classic.LoggerContext[default] - Found resource [logback.xml] at [jar:file:/root/flamestream/lib/flamestream-runtime-1.0-SNAPSHOT.jar!/logback.xml]
05:39:57,421 |-WARN in ch.qos.logback.classic.LoggerContext[default] - Resource [logback.xml] occurs multiple times on the classpath.
05:39:57,421 |-WARN in ch.qos.logback.classic.LoggerContext[default] - Resource [logback.xml] occurs at [jar:file:/root/flamestream/lib/flamestream-runtime-1.0-SNAPSHOT.jar!/logback.xml]
05:39:57,421 |-WARN in ch.qos.logback.classic.LoggerContext[default] - Resource [logback.xml] occurs at [jar:file:/root/flamestream/flamestream-runtime-1.0-SNAPSHOT.jar!/logback.xml]
05:39:57,441 |-INFO in ch.qos.logback.core.joran.spi.ConfigurationWatchList@3fb6a447 - URL [jar:file:/root/flamestream/lib/flamestream-runtime-1.0-SNAPSHOT.jar!/logback.xml] is not of type file
05:39:57,508 |-INFO in ch.qos.logback.classic.joran.action.ConfigurationAction - debug attribute not set
05:39:57,508 |-INFO in ch.qos.logback.core.joran.action.AppenderAction - About to instantiate appender of type [ch.qos.logback.core.ConsoleAppender]
05:39:57,524 |-INFO in ch.qos.logback.core.joran.action.AppenderAction - Naming appender as [STDOUT]
05:39:57,543 |-INFO in ch.qos.logback.core.joran.action.NestedComplexPropertyIA - Assuming default type [ch.qos.logback.classic.encoder.PatternLayoutEncoder] for [encoder] property
05:39:57,625 |-INFO in ch.qos.logback.core.joran.action.AppenderAction - About to instantiate appender of type [ch.qos.logback.core.rolling.RollingFileAppender]
05:39:57,633 |-INFO in ch.qos.logback.core.joran.action.AppenderAction - Naming appender as [FILE]
05:39:57,664 |-INFO in c.q.l.core.rolling.TimeBasedRollingPolicy@127618319 - No compression will be used
05:39:57,665 |-INFO in c.q.l.core.rolling.TimeBasedRollingPolicy@127618319 - Will use the pattern /tmp/application_%d{yyyy-MM-dd}.%i.log for the active file
05:39:57,668 |-INFO in ch.qos.logback.core.rolling.SizeAndTimeBasedFNATP@6b2fad11 - The date pattern is 'yyyy-MM-dd' from file name pattern '/tmp/application_%d{yyyy-MM-dd}.%i.log'.
05:39:57,668 |-INFO in ch.qos.logback.core.rolling.SizeAndTimeBasedFNATP@6b2fad11 - Roll-over at midnight.
05:39:57,673 |-INFO in ch.qos.logback.core.rolling.SizeAndTimeBasedFNATP@6b2fad11 - Setting initial period to Tue Jun 11 05:38:43 UTC 2019
05:39:57,673 |-WARN in ch.qos.logback.core.rolling.SizeAndTimeBasedFNATP@6b2fad11 - SizeAndTimeBasedFNATP is deprecated. Use SizeAndTimeBasedRollingPolicy instead
05:39:57,673 |-WARN in ch.qos.logback.core.rolling.SizeAndTimeBasedFNATP@6b2fad11 - For more information see http://logback.qos.ch/manual/appenders.html#SizeAndTimeBasedRollingPolicy
05:39:57,677 |-INFO in ch.qos.logback.core.joran.action.NestedComplexPropertyIA - Assuming default type [ch.qos.logback.classic.encoder.PatternLayoutEncoder] for [encoder] property
05:39:57,682 |-INFO in ch.qos.logback.core.rolling.RollingFileAppender[FILE] - Active log file name: /tmp/application.log
05:39:57,682 |-INFO in ch.qos.logback.core.rolling.RollingFileAppender[FILE] - File property is set to [/tmp/application.log]
05:39:57,683 |-INFO in ch.qos.logback.classic.joran.action.RootLoggerAction - Setting level of ROOT logger to WARN
05:39:57,683 |-INFO in ch.qos.logback.core.joran.action.AppenderRefAction - Attaching appender named [STDOUT] to Logger[ROOT]
05:39:57,685 |-INFO in ch.qos.logback.core.joran.action.AppenderRefAction - Attaching appender named [FILE] to Logger[ROOT]
05:39:57,685 |-INFO in ch.qos.logback.classic.joran.action.ConfigurationAction - End of configuration.
05:39:57,686 |-INFO in ch.qos.logback.classic.joran.JoranConfigurator@79698539 - Registering current configuration as safe fallback point

Ama winner
Ama winner
2019-06-11T05:39:59.335+0000: 2.104: [Full GC (Metadata GC Threshold) 2019-06-11T05:39:59.335+0000: 2.104: [Tenured: 0K->15178K(341376K), 0.0396573 secs] 120482K->15178K(494976K), [Metaspace: 20743K->20743K(1067008K)], 0.0397233 secs] [Times: user=0.03 sys=0.01, real=0.04 secs] 
05:40:13.536 [Curator-PathChildrenCache-1] WARN  o.a.c.u.ZKPaths  - The version of ZooKeeper being used doesn't support Container nodes. CreateMode.PERSISTENT will be used instead.
2019-06-11T05:40:15.831+0000: 18.600: [GC (Allocation Failure) 2019-06-11T05:40:15.831+0000: 18.600: [DefNew: 136576K->17024K(153600K), 0.0300682 secs] 151754K->52469K(494976K), 0.0301367 secs] [Times: user=0.01 sys=0.01, real=0.03 secs] 
2019-06-11T05:40:18.627+0000: 21.396: [Full GC (Metadata GC Threshold) 2019-06-11T05:40:18.627+0000: 21.396: [Tenured: 35445K->43861K(341376K), 0.0538865 secs] 140603K->43861K(494976K), [Metaspace: 34598K->34598K(1079296K)], 0.0539684 secs] [Times: user=0.06 sys=0.00, real=0.05 secs] 
2019-06-11T05:40:22.555+0000: 25.324: [GC (Allocation Failure) 2019-06-11T05:40:22.555+0000: 25.324: [DefNew: 136576K->73K(153600K), 0.0018370 secs] 180437K->43935K(494976K), 0.0018922 secs] [Times: user=0.00 sys=0.00, real=0.00 secs] 
2019-06-11T05:40:26.349+0000: 29.118: [GC (Allocation Failure) 2019-06-11T05:40:26.349+0000: 29.118: [DefNew: 136649K->89K(153600K), 0.0018008 secs] 180511K->43951K(494976K), 0.0018562 secs] [Times: user=0.00 sys=0.00, real=0.00 secs] 
2019-06-11T05:40:30.105+0000: 32.876: [GC (Allocation Failure) 2019-06-11T05:40:30.107+0000: 32.876: [DefNew: 136665K->91K(153600K), 0.0018439 secs] 180527K->43953K(494976K), 0.0033264 secs] [Times: user=0.00 sys=0.00, real=0.00 secs] 
05:40:38.232 [Curator-PathChildrenCache-0] ERROR o.a.c.f.r.c.PathChildrenCache  - 
java.lang.IllegalStateException: instance must be started before calling this method
	at org.apache.curator.shaded.com.google.common.base.Preconditions.checkState(Preconditions.java:444)
	at org.apache.curator.framework.imps.CuratorFrameworkImpl.getChildren(CuratorFrameworkImpl.java:456)
	at org.apache.curator.framework.recipes.cache.PathChildrenCache.refresh(PathChildrenCache.java:521)
	at org.apache.curator.framework.recipes.cache.RefreshOperation.invoke(RefreshOperation.java:35)
	at org.apache.curator.framework.recipes.cache.PathChildrenCache$9.run(PathChildrenCache.java:786)
	at java.util.concurrent.Executors$RunnableAdapter.call(Executors.java:511)
	at java.util.concurrent.FutureTask.run(FutureTask.java:266)
	at java.util.concurrent.Executors$RunnableAdapter.call(Executors.java:511)
	at java.util.concurrent.FutureTask.run(FutureTask.java:266)
	at java.util.concurrent.ThreadPoolExecutor.runWorker(ThreadPoolExecutor.java:1149)
	at java.util.concurrent.ThreadPoolExecutor$Worker.run(ThreadPoolExecutor.java:624)
	at java.lang.Thread.run(Thread.java:748)
Heap
 def new generation   total 153600K, used 131871K [0x00000000e0c00000, 0x00000000eb2a0000, 0x00000000eb2a0000)
  eden space 136576K,  96% used [0x00000000e0c00000, 0x00000000e8cb0ef0, 0x00000000e9160000)
  from space 17024K,   0% used [0x00000000e9160000, 0x00000000e9176f98, 0x00000000ea200000)
  to   space 17024K,   0% used [0x00000000ea200000, 0x00000000ea200000, 0x00000000eb2a0000)
 tenured generation   total 341376K, used 43861K [0x00000000eb2a0000, 0x0000000100000000, 0x0000000100000000)
   the space 341376K,  12% used [0x00000000eb2a0000, 0x00000000edd75790, 0x00000000edd75800, 0x0000000100000000)
 Metaspace       used 35817K, capacity 36684K, committed 36864K, reserved 1081344K
  class space    used 4813K, capacity 5012K, committed 5120K, reserved 1048576K
