21:11:54,315 |-INFO in ch.qos.logback.classic.LoggerContext[default] - Could NOT find resource [logback-test.xml]
21:11:54,315 |-INFO in ch.qos.logback.classic.LoggerContext[default] - Could NOT find resource [logback.groovy]
21:11:54,315 |-INFO in ch.qos.logback.classic.LoggerContext[default] - Found resource [logback.xml] at [jar:file:/home/nikitasokolov/flamestream/lib/flamestream-runtime-1.0-SNAPSHOT.jar!/logback.xml]
21:11:54,316 |-WARN in ch.qos.logback.classic.LoggerContext[default] - Resource [logback.xml] occurs multiple times on the classpath.
21:11:54,317 |-WARN in ch.qos.logback.classic.LoggerContext[default] - Resource [logback.xml] occurs at [jar:file:/home/nikitasokolov/flamestream/lib/flamestream-runtime-1.0-SNAPSHOT.jar!/logback.xml]
21:11:54,317 |-WARN in ch.qos.logback.classic.LoggerContext[default] - Resource [logback.xml] occurs at [jar:file:/home/nikitasokolov/flamestream/flamestream-runtime-1.0-SNAPSHOT.jar!/logback.xml]
21:11:54,332 |-INFO in ch.qos.logback.core.joran.spi.ConfigurationWatchList@6aaa5eb0 - URL [jar:file:/home/nikitasokolov/flamestream/lib/flamestream-runtime-1.0-SNAPSHOT.jar!/logback.xml] is not of type file
21:11:54,386 |-INFO in ch.qos.logback.classic.joran.action.ConfigurationAction - debug attribute not set
21:11:54,387 |-INFO in ch.qos.logback.core.joran.action.AppenderAction - About to instantiate appender of type [ch.qos.logback.core.ConsoleAppender]
21:11:54,394 |-INFO in ch.qos.logback.core.joran.action.AppenderAction - Naming appender as [STDOUT]
21:11:54,403 |-INFO in ch.qos.logback.core.joran.action.NestedComplexPropertyIA - Assuming default type [ch.qos.logback.classic.encoder.PatternLayoutEncoder] for [encoder] property
21:11:54,466 |-INFO in ch.qos.logback.core.joran.action.AppenderAction - About to instantiate appender of type [ch.qos.logback.core.rolling.RollingFileAppender]
21:11:54,471 |-INFO in ch.qos.logback.core.joran.action.AppenderAction - Naming appender as [FILE]
21:11:54,492 |-INFO in c.q.l.core.rolling.TimeBasedRollingPolicy@3447021 - No compression will be used
21:11:54,494 |-INFO in c.q.l.core.rolling.TimeBasedRollingPolicy@3447021 - Will use the pattern /tmp/application_%d{yyyy-MM-dd}.%i.log for the active file
21:11:54,497 |-INFO in ch.qos.logback.core.rolling.SizeAndTimeBasedFNATP@1a407d53 - The date pattern is 'yyyy-MM-dd' from file name pattern '/tmp/application_%d{yyyy-MM-dd}.%i.log'.
21:11:54,497 |-INFO in ch.qos.logback.core.rolling.SizeAndTimeBasedFNATP@1a407d53 - Roll-over at midnight.
21:11:54,501 |-INFO in ch.qos.logback.core.rolling.SizeAndTimeBasedFNATP@1a407d53 - Setting initial period to Thu Jun 06 22:00:24 MSK 2019
21:11:54,501 |-WARN in ch.qos.logback.core.rolling.SizeAndTimeBasedFNATP@1a407d53 - SizeAndTimeBasedFNATP is deprecated. Use SizeAndTimeBasedRollingPolicy instead
21:11:54,501 |-WARN in ch.qos.logback.core.rolling.SizeAndTimeBasedFNATP@1a407d53 - For more information see http://logback.qos.ch/manual/appenders.html#SizeAndTimeBasedRollingPolicy
21:11:54,505 |-INFO in ch.qos.logback.core.joran.action.NestedComplexPropertyIA - Assuming default type [ch.qos.logback.classic.encoder.PatternLayoutEncoder] for [encoder] property
21:11:54,507 |-INFO in ch.qos.logback.core.rolling.RollingFileAppender[FILE] - Active log file name: /tmp/application.log
21:11:54,507 |-INFO in ch.qos.logback.core.rolling.RollingFileAppender[FILE] - File property is set to [/tmp/application.log]
21:11:54,508 |-ERROR in ch.qos.logback.core.rolling.RollingFileAppender[FILE] - openFile(/tmp/application.log,true) call failed. java.io.FileNotFoundException: /tmp/application.log (Permission denied)
	at java.io.FileNotFoundException: /tmp/application.log (Permission denied)
	at 	at java.io.FileOutputStream.open0(Native Method)
	at 	at java.io.FileOutputStream.open(FileOutputStream.java:270)
	at 	at java.io.FileOutputStream.<init>(FileOutputStream.java:213)
	at 	at ch.qos.logback.core.recovery.ResilientFileOutputStream.<init>(ResilientFileOutputStream.java:26)
	at 	at ch.qos.logback.core.FileAppender.openFile(FileAppender.java:204)
	at 	at ch.qos.logback.core.FileAppender.start(FileAppender.java:127)
	at 	at ch.qos.logback.core.rolling.RollingFileAppender.start(RollingFileAppender.java:100)
	at 	at ch.qos.logback.core.joran.action.AppenderAction.end(AppenderAction.java:90)
	at 	at ch.qos.logback.core.joran.spi.Interpreter.callEndAction(Interpreter.java:309)
	at 	at ch.qos.logback.core.joran.spi.Interpreter.endElement(Interpreter.java:193)
	at 	at ch.qos.logback.core.joran.spi.Interpreter.endElement(Interpreter.java:179)
	at 	at ch.qos.logback.core.joran.spi.EventPlayer.play(EventPlayer.java:62)
	at 	at ch.qos.logback.core.joran.GenericConfigurator.doConfigure(GenericConfigurator.java:165)
	at 	at ch.qos.logback.core.joran.GenericConfigurator.doConfigure(GenericConfigurator.java:152)
	at 	at ch.qos.logback.core.joran.GenericConfigurator.doConfigure(GenericConfigurator.java:110)
	at 	at ch.qos.logback.core.joran.GenericConfigurator.doConfigure(GenericConfigurator.java:53)
	at 	at ch.qos.logback.classic.util.ContextInitializer.configureByResource(ContextInitializer.java:75)
	at 	at ch.qos.logback.classic.util.ContextInitializer.autoConfig(ContextInitializer.java:150)
	at 	at org.slf4j.impl.StaticLoggerBinder.init(StaticLoggerBinder.java:84)
	at 	at org.slf4j.impl.StaticLoggerBinder.<clinit>(StaticLoggerBinder.java:55)
	at 	at org.slf4j.LoggerFactory.bind(LoggerFactory.java:150)
	at 	at org.slf4j.LoggerFactory.performInitialization(LoggerFactory.java:124)
	at 	at org.slf4j.LoggerFactory.getILoggerFactory(LoggerFactory.java:412)
	at 	at org.slf4j.LoggerFactory.getLogger(LoggerFactory.java:357)
	at 	at org.slf4j.LoggerFactory.getLogger(LoggerFactory.java:383)
	at 	at com.spbsu.flamestream.runtime.WorkerApplication.<init>(WorkerApplication.java:26)
	at 	at com.spbsu.flamestream.runtime.WorkerApplication.main(WorkerApplication.java:68)
21:11:54,508 |-INFO in ch.qos.logback.classic.joran.action.RootLoggerAction - Setting level of ROOT logger to WARN
21:11:54,508 |-INFO in ch.qos.logback.core.joran.action.AppenderRefAction - Attaching appender named [STDOUT] to Logger[ROOT]
21:11:54,509 |-INFO in ch.qos.logback.core.joran.action.AppenderRefAction - Attaching appender named [FILE] to Logger[ROOT]
21:11:54,509 |-INFO in ch.qos.logback.classic.joran.action.ConfigurationAction - End of configuration.
21:11:54,510 |-INFO in ch.qos.logback.classic.joran.JoranConfigurator@21bcffb5 - Registering current configuration as safe fallback point

Ama winner
Ama winner
2019-06-08T21:11:55.526+0300: 1.416: [GC (Metadata GC Threshold) [PSYoungGen: 92677K->15830K(149504K)] 92677K->15910K(491008K), 0.0231062 secs] [Times: user=0.13 sys=0.04, real=0.02 secs] 
2019-06-08T21:11:55.549+0300: 1.439: [Full GC (Metadata GC Threshold) [PSYoungGen: 15830K->0K(149504K)] [ParOldGen: 80K->15103K(341504K)] 15910K->15103K(491008K), [Metaspace: 20801K->20801K(1067008K)], 0.0266629 secs] [Times: user=0.16 sys=0.01, real=0.03 secs] 
21:12:06.524 [Curator-PathChildrenCache-2] WARN  o.a.c.u.ZKPaths  - The version of ZooKeeper being used doesn't support Container nodes. CreateMode.PERSISTENT will be used instead.
2019-06-08T21:12:07.279+0300: 13.169: [GC (Allocation Failure) [PSYoungGen: 128512K->20971K(149504K)] 143615K->49673K(491008K), 0.0183667 secs] [Times: user=0.20 sys=0.02, real=0.02 secs] 
2019-06-08T21:12:07.416+0300: 13.306: [GC (Metadata GC Threshold) [PSYoungGen: 29627K->20971K(149504K)] 58329K->49839K(491008K), 0.0096720 secs] [Times: user=0.10 sys=0.01, real=0.01 secs] 
2019-06-08T21:12:07.426+0300: 13.316: [Full GC (Metadata GC Threshold) [PSYoungGen: 20971K->0K(149504K)] [ParOldGen: 28867K->38673K(341504K)] 49839K->38673K(491008K), [Metaspace: 34549K->34549K(1079296K)], 0.0352704 secs] [Times: user=0.17 sys=0.01, real=0.03 secs] 
2019-06-08T21:12:10.666+0300: 16.557: [GC (Allocation Failure) [PSYoungGen: 128512K->320K(149504K)] 167185K->39001K(491008K), 0.0032916 secs] [Times: user=0.01 sys=0.00, real=0.00 secs] 
2019-06-08T21:12:14.362+0300: 20.253: [GC (Allocation Failure) [PSYoungGen: 128832K->576K(129536K)] 167513K->39265K(471040K), 0.0027205 secs] [Times: user=0.01 sys=0.00, real=0.01 secs] 
2019-06-08T21:12:18.121+0300: 24.011: [GC (Allocation Failure) [PSYoungGen: 129088K->544K(130560K)] 167777K->39241K(472064K), 0.0039052 secs] [Times: user=0.02 sys=0.01, real=0.01 secs] 
2019-06-08T21:12:20.738+0300: 26.628: [GC (Allocation Failure) [PSYoungGen: 90144K->544K(129536K)] 128841K->39249K(471040K), 0.0033680 secs] [Times: user=0.01 sys=0.00, real=0.00 secs] 
2019-06-08T21:12:23.379+0300: 29.269: [GC (Allocation Failure) [PSYoungGen: 90144K->608K(133120K)] 128849K->39321K(474624K), 0.0027512 secs] [Times: user=0.01 sys=0.00, real=0.00 secs] 
2019-06-08T21:12:26.175+0300: 32.065: [GC (Allocation Failure) [PSYoungGen: 94816K->576K(131584K)] 133529K->39289K(473088K), 0.0029723 secs] [Times: user=0.01 sys=0.00, real=0.00 secs] 
2019-06-08T21:12:28.957+0300: 34.847: [GC (Allocation Failure) [PSYoungGen: 94784K->544K(135680K)] 133497K->39265K(477184K), 0.0048003 secs] [Times: user=0.02 sys=0.00, real=0.00 secs] 
2019-06-08T21:12:31.911+0300: 37.801: [GC (Allocation Failure) [PSYoungGen: 100384K->576K(134656K)] 139105K->39305K(476160K), 0.0021068 secs] [Times: user=0.01 sys=0.00, real=0.01 secs] 
2019-06-08T21:12:34.856+0300: 40.746: [GC (Allocation Failure) [PSYoungGen: 100416K->640K(138752K)] 139145K->39377K(480256K), 0.0030711 secs] [Times: user=0.01 sys=0.00, real=0.00 secs] 
2019-06-08T21:12:37.960+0300: 43.850: [GC (Allocation Failure) [PSYoungGen: 106112K->640K(137216K)] 144849K->39385K(478720K), 0.0025519 secs] [Times: user=0.01 sys=0.01, real=0.00 secs] 
2019-06-08T21:12:41.062+0300: 46.952: [GC (Allocation Failure) [PSYoungGen: 106112K->640K(141824K)] 144857K->39385K(483328K), 0.0080042 secs] [Times: user=0.08 sys=0.00, real=0.01 secs] 
2019-06-08T21:12:44.347+0300: 50.237: [GC (Allocation Failure) [PSYoungGen: 112256K->544K(140288K)] 151001K->39289K(481792K), 0.0019254 secs] [Times: user=0.01 sys=0.00, real=0.00 secs] 
2019-06-08T21:12:47.618+0300: 53.508: [GC (Allocation Failure) [PSYoungGen: 112160K->448K(144896K)] 150905K->39201K(486400K), 0.0021532 secs] [Times: user=0.00 sys=0.01, real=0.00 secs] 
2019-06-08T21:12:51.072+0300: 56.962: [GC (Allocation Failure) [PSYoungGen: 118208K->736K(143360K)] 156961K->39497K(484864K), 0.0029948 secs] [Times: user=0.00 sys=0.02, real=0.01 secs] 
2019-06-08T21:12:54.565+0300: 60.455: [GC (Allocation Failure) [PSYoungGen: 118496K->736K(147968K)] 157257K->39505K(489472K), 0.0038729 secs] [Times: user=0.02 sys=0.01, real=0.00 secs] 
21:13:01.821 [Curator-PathChildrenCache-0] ERROR o.a.c.f.r.c.PathChildrenCache  - 
java.lang.IllegalStateException: instance must be started before calling this method
	at org.apache.curator.shaded.com.google.common.base.Preconditions.checkState(Preconditions.java:444)
	at org.apache.curator.framework.imps.CuratorFrameworkImpl.getChildren(CuratorFrameworkImpl.java:456)
	at org.apache.curator.framework.recipes.cache.PathChildrenCache.refresh(PathChildrenCache.java:521)
	at org.apache.curator.framework.recipes.cache.RefreshOperation.invoke(RefreshOperation.java:35)
	at org.apache.curator.framework.recipes.cache.PathChildrenCache$9.run(PathChildrenCache.java:786)
	at java.util.concurrent.Executors$RunnableAdapter.call(Executors.java:511)
	at java.util.concurrent.FutureTask.run(FutureTask.java:266)
	at java.util.concurrent.Executors$RunnableAdapter.call(Executors.java:511)
	at java.util.concurrent.FutureTask.run(FutureTask.java:266)
	at java.util.concurrent.ThreadPoolExecutor.runWorker(ThreadPoolExecutor.java:1149)
	at java.util.concurrent.ThreadPoolExecutor$Worker.run(ThreadPoolExecutor.java:624)
	at java.lang.Thread.run(Thread.java:748)
21:13:02.909 [worker-akka.actor.default-dispatcher-3] ERROR c.s.f.r.WorkerApplication  - Something went wrong during trace flush
java.nio.file.AccessDeniedException: /tmp/trace.csv
	at sun.nio.fs.UnixException.translateToIOException(UnixException.java:84)
	at sun.nio.fs.UnixException.rethrowAsIOException(UnixException.java:102)
	at sun.nio.fs.UnixException.rethrowAsIOException(UnixException.java:107)
	at sun.nio.fs.UnixFileSystemProvider.newByteChannel(UnixFileSystemProvider.java:214)
	at java.nio.file.spi.FileSystemProvider.newOutputStream(FileSystemProvider.java:434)
	at java.nio.file.Files.newOutputStream(Files.java:216)
	at java.nio.file.Files.newBufferedWriter(Files.java:2860)
	at java.nio.file.Files.newBufferedWriter(Files.java:2896)
	at com.spbsu.flamestream.runtime.utils.tracing.Tracing.flush(Tracing.java:35)
	at com.spbsu.flamestream.runtime.WorkerApplication.lambda$run$0(WorkerApplication.java:109)
	at akka.actor.ActorSystemImpl$TerminationCallbacks$$anonfun$addRec$1$1.applyOrElse(ActorSystem.scala:1036)
	at akka.actor.ActorSystemImpl$TerminationCallbacks$$anonfun$addRec$1$1.applyOrElse(ActorSystem.scala:1036)
	at scala.concurrent.Future$$anonfun$andThen$1.apply(Future.scala:436)
	at scala.concurrent.Future$$anonfun$andThen$1.apply(Future.scala:435)
	at scala.concurrent.impl.CallbackRunnable.run(Promise.scala:36)
	at akka.dispatch.BatchingExecutor$AbstractBatch.processBatch(BatchingExecutor.scala:55)
	at akka.dispatch.BatchingExecutor$BlockableBatch$$anonfun$run$1.apply$mcV$sp(BatchingExecutor.scala:91)
	at akka.dispatch.BatchingExecutor$BlockableBatch$$anonfun$run$1.apply(BatchingExecutor.scala:91)
	at akka.dispatch.BatchingExecutor$BlockableBatch$$anonfun$run$1.apply(BatchingExecutor.scala:91)
	at scala.concurrent.BlockContext$.withBlockContext(BlockContext.scala:72)
	at akka.dispatch.BatchingExecutor$BlockableBatch.run(BatchingExecutor.scala:90)
	at akka.dispatch.TaskInvocation.run(AbstractDispatcher.scala:40)
	at akka.dispatch.ForkJoinExecutorConfigurator$AkkaForkJoinTask.exec(ForkJoinExecutorConfigurator.scala:44)
	at akka.dispatch.forkjoin.ForkJoinTask.doExec(ForkJoinTask.java:260)
	at akka.dispatch.forkjoin.ForkJoinPool$WorkQueue.runTask(ForkJoinPool.java:1339)
	at akka.dispatch.forkjoin.ForkJoinPool.runWorker(ForkJoinPool.java:1979)
	at akka.dispatch.forkjoin.ForkJoinWorkerThread.run(ForkJoinWorkerThread.java:107)
Heap
 PSYoungGen      total 147968K, used 50692K [0x00000000f5980000, 0x0000000100000000, 0x0000000100000000)
  eden space 123904K, 40% used [0x00000000f5980000,0x00000000f8a48fa0,0x00000000fd280000)
  from space 24064K, 3% used [0x00000000fe880000,0x00000000fe938080,0x0000000100000000)
  to   space 22528K, 0% used [0x00000000fd280000,0x00000000fd280000,0x00000000fe880000)
 ParOldGen       total 341504K, used 38769K [0x00000000e0c00000, 0x00000000f5980000, 0x00000000f5980000)
  object space 341504K, 11% used [0x00000000e0c00000,0x00000000e31dc4d0,0x00000000f5980000)
 Metaspace       used 36029K, capacity 36866K, committed 37248K, reserved 1081344K
  class space    used 4979K, capacity 5153K, committed 5248K, reserved 1048576K
