07:56:43,759 |-INFO in ch.qos.logback.classic.LoggerContext[default] - Could NOT find resource [logback-test.xml]
07:56:43,759 |-INFO in ch.qos.logback.classic.LoggerContext[default] - Could NOT find resource [logback.groovy]
07:56:43,759 |-INFO in ch.qos.logback.classic.LoggerContext[default] - Found resource [logback.xml] at [jar:file:/home/nikitasokolov/flamestream/lib/flamestream-runtime-1.0-SNAPSHOT.jar!/logback.xml]
07:56:43,760 |-WARN in ch.qos.logback.classic.LoggerContext[default] - Resource [logback.xml] occurs multiple times on the classpath.
07:56:43,760 |-WARN in ch.qos.logback.classic.LoggerContext[default] - Resource [logback.xml] occurs at [jar:file:/home/nikitasokolov/flamestream/lib/flamestream-runtime-1.0-SNAPSHOT.jar!/logback.xml]
07:56:43,760 |-WARN in ch.qos.logback.classic.LoggerContext[default] - Resource [logback.xml] occurs at [jar:file:/home/nikitasokolov/flamestream/flamestream-runtime-1.0-SNAPSHOT.jar!/logback.xml]
07:56:43,776 |-INFO in ch.qos.logback.core.joran.spi.ConfigurationWatchList@6108b2d7 - URL [jar:file:/home/nikitasokolov/flamestream/lib/flamestream-runtime-1.0-SNAPSHOT.jar!/logback.xml] is not of type file
07:56:43,826 |-INFO in ch.qos.logback.classic.joran.action.ConfigurationAction - debug attribute not set
07:56:43,826 |-INFO in ch.qos.logback.core.joran.action.AppenderAction - About to instantiate appender of type [ch.qos.logback.core.ConsoleAppender]
07:56:43,834 |-INFO in ch.qos.logback.core.joran.action.AppenderAction - Naming appender as [STDOUT]
07:56:43,843 |-INFO in ch.qos.logback.core.joran.action.NestedComplexPropertyIA - Assuming default type [ch.qos.logback.classic.encoder.PatternLayoutEncoder] for [encoder] property
07:56:43,900 |-INFO in ch.qos.logback.core.joran.action.AppenderAction - About to instantiate appender of type [ch.qos.logback.core.rolling.RollingFileAppender]
07:56:43,906 |-INFO in ch.qos.logback.core.joran.action.AppenderAction - Naming appender as [FILE]
07:56:43,928 |-INFO in c.q.l.core.rolling.TimeBasedRollingPolicy@357863579 - No compression will be used
07:56:43,930 |-INFO in c.q.l.core.rolling.TimeBasedRollingPolicy@357863579 - Will use the pattern /tmp/application_%d{yyyy-MM-dd}.%i.log for the active file
07:56:43,932 |-INFO in ch.qos.logback.core.rolling.SizeAndTimeBasedFNATP@6bf256fa - The date pattern is 'yyyy-MM-dd' from file name pattern '/tmp/application_%d{yyyy-MM-dd}.%i.log'.
07:56:43,932 |-INFO in ch.qos.logback.core.rolling.SizeAndTimeBasedFNATP@6bf256fa - Roll-over at midnight.
07:56:43,936 |-INFO in ch.qos.logback.core.rolling.SizeAndTimeBasedFNATP@6bf256fa - Setting initial period to Mon Jun 10 07:55:59 MSK 2019
07:56:43,937 |-WARN in ch.qos.logback.core.rolling.SizeAndTimeBasedFNATP@6bf256fa - SizeAndTimeBasedFNATP is deprecated. Use SizeAndTimeBasedRollingPolicy instead
07:56:43,937 |-WARN in ch.qos.logback.core.rolling.SizeAndTimeBasedFNATP@6bf256fa - For more information see http://logback.qos.ch/manual/appenders.html#SizeAndTimeBasedRollingPolicy
07:56:43,941 |-INFO in ch.qos.logback.core.joran.action.NestedComplexPropertyIA - Assuming default type [ch.qos.logback.classic.encoder.PatternLayoutEncoder] for [encoder] property
07:56:43,944 |-INFO in ch.qos.logback.core.rolling.RollingFileAppender[FILE] - Active log file name: /tmp/application.log
07:56:43,944 |-INFO in ch.qos.logback.core.rolling.RollingFileAppender[FILE] - File property is set to [/tmp/application.log]
07:56:43,945 |-INFO in ch.qos.logback.classic.joran.action.RootLoggerAction - Setting level of ROOT logger to WARN
07:56:43,945 |-INFO in ch.qos.logback.core.joran.action.AppenderRefAction - Attaching appender named [STDOUT] to Logger[ROOT]
07:56:43,945 |-INFO in ch.qos.logback.core.joran.action.AppenderRefAction - Attaching appender named [FILE] to Logger[ROOT]
07:56:43,945 |-INFO in ch.qos.logback.classic.joran.action.ConfigurationAction - End of configuration.
07:56:43,946 |-INFO in ch.qos.logback.classic.joran.JoranConfigurator@6cd8737 - Registering current configuration as safe fallback point

2019-06-10T07:56:44.918+0300: 1.368: [GC (Metadata GC Threshold) [PSYoungGen: 108152K->15890K(149504K)] 108152K->15970K(491008K), 0.0208586 secs] [Times: user=0.07 sys=0.04, real=0.02 secs] 
2019-06-10T07:56:44.939+0300: 1.389: [Full GC (Metadata GC Threshold) [PSYoungGen: 15890K->0K(149504K)] [ParOldGen: 80K->15078K(341504K)] 15970K->15078K(491008K), [Metaspace: 20802K->20802K(1067008K)], 0.0286487 secs] [Times: user=0.17 sys=0.02, real=0.02 secs] 
07:56:54.909 [Curator-PathChildrenCache-1] WARN  o.a.c.u.ZKPaths  - The version of ZooKeeper being used doesn't support Container nodes. CreateMode.PERSISTENT will be used instead.
2019-06-10T07:56:55.936+0300: 12.386: [GC (Metadata GC Threshold) [PSYoungGen: 122660K->16638K(149504K)] 137738K->51256K(491008K), 0.0268627 secs] [Times: user=0.22 sys=0.02, real=0.03 secs] 
2019-06-10T07:56:55.963+0300: 12.413: [Full GC (Metadata GC Threshold) [PSYoungGen: 16638K->0K(149504K)] [ParOldGen: 34617K->39537K(341504K)] 51256K->39537K(491008K), [Metaspace: 34529K->34529K(1079296K)], 0.0447341 secs] [Times: user=0.30 sys=0.00, real=0.04 secs] 
2019-06-10T07:57:30.822+0300: 47.271: [GC (Allocation Failure) [PSYoungGen: 128512K->448K(149504K)] 168049K->39993K(491008K), 0.0822601 secs] [Times: user=0.09 sys=0.01, real=0.08 secs] 
07:58:18.955 [Curator-PathChildrenCache-0] ERROR o.a.c.f.r.c.PathChildrenCache  - 
java.lang.IllegalStateException: instance must be started before calling this method
	at org.apache.curator.shaded.com.google.common.base.Preconditions.checkState(Preconditions.java:444)
	at org.apache.curator.framework.imps.CuratorFrameworkImpl.getChildren(CuratorFrameworkImpl.java:456)
	at org.apache.curator.framework.recipes.cache.PathChildrenCache.refresh(PathChildrenCache.java:521)
	at org.apache.curator.framework.recipes.cache.RefreshOperation.invoke(RefreshOperation.java:35)
	at org.apache.curator.framework.recipes.cache.PathChildrenCache$9.run(PathChildrenCache.java:786)
	at java.util.concurrent.Executors$RunnableAdapter.call(Executors.java:511)
	at java.util.concurrent.FutureTask.run(FutureTask.java:266)
	at java.util.concurrent.Executors$RunnableAdapter.call(Executors.java:511)
	at java.util.concurrent.FutureTask.run(FutureTask.java:266)
	at java.util.concurrent.ThreadPoolExecutor.runWorker(ThreadPoolExecutor.java:1149)
	at java.util.concurrent.ThreadPoolExecutor$Worker.run(ThreadPoolExecutor.java:624)
	at java.lang.Thread.run(Thread.java:748)
Heap
 PSYoungGen      total 149504K, used 126438K [0x00000000f5980000, 0x0000000100000000, 0x0000000100000000)
  eden space 128512K, 98% used [0x00000000f5980000,0x00000000fd489a98,0x00000000fd700000)
  from space 20992K, 2% used [0x00000000fd700000,0x00000000fd770030,0x00000000feb80000)
  to   space 20992K, 0% used [0x00000000feb80000,0x00000000feb80000,0x0000000100000000)
 ParOldGen       total 341504K, used 39545K [0x00000000e0c00000, 0x00000000f5980000, 0x00000000f5980000)
  object space 341504K, 11% used [0x00000000e0c00000,0x00000000e329e5f8,0x00000000f5980000)
 Metaspace       used 36104K, capacity 37012K, committed 37208K, reserved 1081344K
  class space    used 4978K, capacity 5168K, committed 5248K, reserved 1048576K
