02:14:06,595 |-INFO in ch.qos.logback.classic.LoggerContext[default] - Could NOT find resource [logback-test.xml]
02:14:06,595 |-INFO in ch.qos.logback.classic.LoggerContext[default] - Could NOT find resource [logback.groovy]
02:14:06,595 |-INFO in ch.qos.logback.classic.LoggerContext[default] - Found resource [logback.xml] at [jar:file:/home/nikitasokolov/flamestream/lib/flamestream-runtime-1.0-SNAPSHOT.jar!/logback.xml]
02:14:06,596 |-WARN in ch.qos.logback.classic.LoggerContext[default] - Resource [logback.xml] occurs multiple times on the classpath.
02:14:06,596 |-WARN in ch.qos.logback.classic.LoggerContext[default] - Resource [logback.xml] occurs at [jar:file:/home/nikitasokolov/flamestream/lib/flamestream-runtime-1.0-SNAPSHOT.jar!/logback.xml]
02:14:06,596 |-WARN in ch.qos.logback.classic.LoggerContext[default] - Resource [logback.xml] occurs at [jar:file:/home/nikitasokolov/flamestream/flamestream-runtime-1.0-SNAPSHOT.jar!/logback.xml]
02:14:06,613 |-INFO in ch.qos.logback.core.joran.spi.ConfigurationWatchList@6108b2d7 - URL [jar:file:/home/nikitasokolov/flamestream/lib/flamestream-runtime-1.0-SNAPSHOT.jar!/logback.xml] is not of type file
02:14:06,666 |-INFO in ch.qos.logback.classic.joran.action.ConfigurationAction - debug attribute not set
02:14:06,667 |-INFO in ch.qos.logback.core.joran.action.AppenderAction - About to instantiate appender of type [ch.qos.logback.core.ConsoleAppender]
02:14:06,677 |-INFO in ch.qos.logback.core.joran.action.AppenderAction - Naming appender as [STDOUT]
02:14:06,685 |-INFO in ch.qos.logback.core.joran.action.NestedComplexPropertyIA - Assuming default type [ch.qos.logback.classic.encoder.PatternLayoutEncoder] for [encoder] property
02:14:06,738 |-INFO in ch.qos.logback.core.joran.action.AppenderAction - About to instantiate appender of type [ch.qos.logback.core.rolling.RollingFileAppender]
02:14:06,742 |-INFO in ch.qos.logback.core.joran.action.AppenderAction - Naming appender as [FILE]
02:14:06,764 |-INFO in c.q.l.core.rolling.TimeBasedRollingPolicy@357863579 - No compression will be used
02:14:06,765 |-INFO in c.q.l.core.rolling.TimeBasedRollingPolicy@357863579 - Will use the pattern /tmp/application_%d{yyyy-MM-dd}.%i.log for the active file
02:14:06,768 |-INFO in ch.qos.logback.core.rolling.SizeAndTimeBasedFNATP@6bf256fa - The date pattern is 'yyyy-MM-dd' from file name pattern '/tmp/application_%d{yyyy-MM-dd}.%i.log'.
02:14:06,768 |-INFO in ch.qos.logback.core.rolling.SizeAndTimeBasedFNATP@6bf256fa - Roll-over at midnight.
02:14:06,772 |-INFO in ch.qos.logback.core.rolling.SizeAndTimeBasedFNATP@6bf256fa - Setting initial period to Mon Jun 10 02:13:20 MSK 2019
02:14:06,772 |-WARN in ch.qos.logback.core.rolling.SizeAndTimeBasedFNATP@6bf256fa - SizeAndTimeBasedFNATP is deprecated. Use SizeAndTimeBasedRollingPolicy instead
02:14:06,772 |-WARN in ch.qos.logback.core.rolling.SizeAndTimeBasedFNATP@6bf256fa - For more information see http://logback.qos.ch/manual/appenders.html#SizeAndTimeBasedRollingPolicy
02:14:06,776 |-INFO in ch.qos.logback.core.joran.action.NestedComplexPropertyIA - Assuming default type [ch.qos.logback.classic.encoder.PatternLayoutEncoder] for [encoder] property
02:14:06,779 |-INFO in ch.qos.logback.core.rolling.RollingFileAppender[FILE] - Active log file name: /tmp/application.log
02:14:06,779 |-INFO in ch.qos.logback.core.rolling.RollingFileAppender[FILE] - File property is set to [/tmp/application.log]
02:14:06,780 |-INFO in ch.qos.logback.classic.joran.action.RootLoggerAction - Setting level of ROOT logger to WARN
02:14:06,780 |-INFO in ch.qos.logback.core.joran.action.AppenderRefAction - Attaching appender named [STDOUT] to Logger[ROOT]
02:14:06,781 |-INFO in ch.qos.logback.core.joran.action.AppenderRefAction - Attaching appender named [FILE] to Logger[ROOT]
02:14:06,781 |-INFO in ch.qos.logback.classic.joran.action.ConfigurationAction - End of configuration.
02:14:06,781 |-INFO in ch.qos.logback.classic.joran.JoranConfigurator@6cd8737 - Registering current configuration as safe fallback point

2019-06-10T02:14:07.781+0300: 1.388: [GC (Metadata GC Threshold) [PSYoungGen: 110722K->15882K(149504K)] 110722K->15962K(491008K), 0.0179415 secs] [Times: user=0.04 sys=0.01, real=0.02 secs] 
2019-06-10T02:14:07.799+0300: 1.406: [Full GC (Metadata GC Threshold) [PSYoungGen: 15882K->0K(149504K)] [ParOldGen: 80K->15078K(341504K)] 15962K->15078K(491008K), [Metaspace: 20802K->20802K(1067008K)], 0.0240470 secs] [Times: user=0.15 sys=0.01, real=0.02 secs] 
02:14:15.501 [Curator-PathChildrenCache-1] WARN  o.a.c.u.ZKPaths  - The version of ZooKeeper being used doesn't support Container nodes. CreateMode.PERSISTENT will be used instead.
2019-06-10T02:14:16.347+0300: 9.954: [GC (Metadata GC Threshold) [PSYoungGen: 124800K->16501K(149504K)] 139879K->51119K(491008K), 0.0266598 secs] [Times: user=0.20 sys=0.03, real=0.03 secs] 
2019-06-10T02:14:16.374+0300: 9.981: [Full GC (Metadata GC Threshold) [PSYoungGen: 16501K->0K(149504K)] [ParOldGen: 34617K->39688K(341504K)] 51119K->39688K(491008K), [Metaspace: 34473K->34473K(1079296K)], 0.0331602 secs] [Times: user=0.19 sys=0.00, real=0.03 secs] 
2019-06-10T02:14:20.074+0300: 13.681: [GC (Allocation Failure) [PSYoungGen: 128512K->480K(149504K)] 168200K->40176K(491008K), 0.0040596 secs] [Times: user=0.02 sys=0.00, real=0.01 secs] 
2019-06-10T02:14:24.173+0300: 17.780: [GC (Allocation Failure) [PSYoungGen: 128992K->512K(149504K)] 168688K->40216K(491008K), 0.0052371 secs] [Times: user=0.04 sys=0.00, real=0.01 secs] 
2019-06-10T02:14:28.262+0300: 21.869: [GC (Allocation Failure) [PSYoungGen: 129024K->512K(129536K)] 168728K->40216K(471040K), 0.0045370 secs] [Times: user=0.02 sys=0.01, real=0.00 secs] 
02:14:37.388 [Curator-PathChildrenCache-0] ERROR o.a.c.f.r.c.PathChildrenCache  - 
java.lang.IllegalStateException: instance must be started before calling this method
	at org.apache.curator.shaded.com.google.common.base.Preconditions.checkState(Preconditions.java:444)
	at org.apache.curator.framework.imps.CuratorFrameworkImpl.getChildren(CuratorFrameworkImpl.java:456)
	at org.apache.curator.framework.recipes.cache.PathChildrenCache.refresh(PathChildrenCache.java:521)
	at org.apache.curator.framework.recipes.cache.RefreshOperation.invoke(RefreshOperation.java:35)
	at org.apache.curator.framework.recipes.cache.PathChildrenCache$9.run(PathChildrenCache.java:786)
	at java.util.concurrent.Executors$RunnableAdapter.call(Executors.java:511)
	at java.util.concurrent.FutureTask.run(FutureTask.java:266)
	at java.util.concurrent.Executors$RunnableAdapter.call(Executors.java:511)
	at java.util.concurrent.FutureTask.run(FutureTask.java:266)
	at java.util.concurrent.ThreadPoolExecutor.runWorker(ThreadPoolExecutor.java:1149)
	at java.util.concurrent.ThreadPoolExecutor$Worker.run(ThreadPoolExecutor.java:624)
	at java.lang.Thread.run(Thread.java:748)
Heap
 PSYoungGen      total 129536K, used 39511K [0x00000000f5980000, 0x0000000100000000, 0x0000000100000000)
  eden space 128512K, 30% used [0x00000000f5980000,0x00000000f7f95c10,0x00000000fd700000)
  from space 1024K, 50% used [0x00000000fd700000,0x00000000fd780020,0x00000000fd800000)
  to   space 22016K, 0% used [0x00000000fea80000,0x00000000fea80000,0x0000000100000000)
 ParOldGen       total 341504K, used 39704K [0x00000000e0c00000, 0x00000000f5980000, 0x00000000f5980000)
  object space 341504K, 11% used [0x00000000e0c00000,0x00000000e32c6148,0x00000000f5980000)
 Metaspace       used 35749K, capacity 36662K, committed 36952K, reserved 1081344K
  class space    used 4936K, capacity 5135K, committed 5248K, reserved 1048576K
