23:00:24,068 |-INFO in ch.qos.logback.classic.LoggerContext[default] - Could NOT find resource [logback-test.xml]
23:00:24,068 |-INFO in ch.qos.logback.classic.LoggerContext[default] - Could NOT find resource [logback.groovy]
23:00:24,069 |-INFO in ch.qos.logback.classic.LoggerContext[default] - Found resource [logback.xml] at [jar:file:/home/nikitasokolov/flamestream/lib/flamestream-runtime-1.0-SNAPSHOT.jar!/logback.xml]
23:00:24,069 |-WARN in ch.qos.logback.classic.LoggerContext[default] - Resource [logback.xml] occurs multiple times on the classpath.
23:00:24,069 |-WARN in ch.qos.logback.classic.LoggerContext[default] - Resource [logback.xml] occurs at [jar:file:/home/nikitasokolov/flamestream/lib/flamestream-runtime-1.0-SNAPSHOT.jar!/logback.xml]
23:00:24,069 |-WARN in ch.qos.logback.classic.LoggerContext[default] - Resource [logback.xml] occurs at [jar:file:/home/nikitasokolov/flamestream/flamestream-runtime-1.0-SNAPSHOT.jar!/logback.xml]
23:00:24,085 |-INFO in ch.qos.logback.core.joran.spi.ConfigurationWatchList@2f7a2457 - URL [jar:file:/home/nikitasokolov/flamestream/lib/flamestream-runtime-1.0-SNAPSHOT.jar!/logback.xml] is not of type file
23:00:24,136 |-INFO in ch.qos.logback.classic.joran.action.ConfigurationAction - debug attribute not set
23:00:24,137 |-INFO in ch.qos.logback.core.joran.action.AppenderAction - About to instantiate appender of type [ch.qos.logback.core.ConsoleAppender]
23:00:24,145 |-INFO in ch.qos.logback.core.joran.action.AppenderAction - Naming appender as [STDOUT]
23:00:24,152 |-INFO in ch.qos.logback.core.joran.action.NestedComplexPropertyIA - Assuming default type [ch.qos.logback.classic.encoder.PatternLayoutEncoder] for [encoder] property
23:00:24,215 |-INFO in ch.qos.logback.core.joran.action.AppenderAction - About to instantiate appender of type [ch.qos.logback.core.rolling.RollingFileAppender]
23:00:24,220 |-INFO in ch.qos.logback.core.joran.action.AppenderAction - Naming appender as [FILE]
23:00:24,243 |-INFO in c.q.l.core.rolling.TimeBasedRollingPolicy@1449621165 - No compression will be used
23:00:24,244 |-INFO in c.q.l.core.rolling.TimeBasedRollingPolicy@1449621165 - Will use the pattern /tmp/application_%d{yyyy-MM-dd}.%i.log for the active file
23:00:24,247 |-INFO in ch.qos.logback.core.rolling.SizeAndTimeBasedFNATP@6108b2d7 - The date pattern is 'yyyy-MM-dd' from file name pattern '/tmp/application_%d{yyyy-MM-dd}.%i.log'.
23:00:24,247 |-INFO in ch.qos.logback.core.rolling.SizeAndTimeBasedFNATP@6108b2d7 - Roll-over at midnight.
23:00:24,251 |-INFO in ch.qos.logback.core.rolling.SizeAndTimeBasedFNATP@6108b2d7 - Setting initial period to Tue May 28 22:59:32 MSK 2019
23:00:24,251 |-WARN in ch.qos.logback.core.rolling.SizeAndTimeBasedFNATP@6108b2d7 - SizeAndTimeBasedFNATP is deprecated. Use SizeAndTimeBasedRollingPolicy instead
23:00:24,251 |-WARN in ch.qos.logback.core.rolling.SizeAndTimeBasedFNATP@6108b2d7 - For more information see http://logback.qos.ch/manual/appenders.html#SizeAndTimeBasedRollingPolicy
23:00:24,255 |-INFO in ch.qos.logback.core.joran.action.NestedComplexPropertyIA - Assuming default type [ch.qos.logback.classic.encoder.PatternLayoutEncoder] for [encoder] property
23:00:24,257 |-INFO in ch.qos.logback.core.rolling.RollingFileAppender[FILE] - Active log file name: /tmp/application.log
23:00:24,257 |-INFO in ch.qos.logback.core.rolling.RollingFileAppender[FILE] - File property is set to [/tmp/application.log]
23:00:24,258 |-INFO in ch.qos.logback.classic.joran.action.RootLoggerAction - Setting level of ROOT logger to WARN
23:00:24,258 |-INFO in ch.qos.logback.core.joran.action.AppenderRefAction - Attaching appender named [STDOUT] to Logger[ROOT]
23:00:24,259 |-INFO in ch.qos.logback.core.joran.action.AppenderRefAction - Attaching appender named [FILE] to Logger[ROOT]
23:00:24,259 |-INFO in ch.qos.logback.classic.joran.action.ConfigurationAction - End of configuration.
23:00:24,260 |-INFO in ch.qos.logback.classic.joran.JoranConfigurator@1554909b - Registering current configuration as safe fallback point

2019-05-28T23:00:25.284+0300: 1.402: [GC (Metadata GC Threshold) [PSYoungGen: 97810K->15868K(149504K)] 97810K->15948K(491008K), 0.0294003 secs] [Times: user=0.08 sys=0.09, real=0.03 secs] 
2019-05-28T23:00:25.314+0300: 1.431: [Full GC (Metadata GC Threshold) [PSYoungGen: 15868K->0K(149504K)] [ParOldGen: 80K->15080K(341504K)] 15948K->15080K(491008K), [Metaspace: 20803K->20803K(1067008K)], 0.0247946 secs] [Times: user=0.15 sys=0.01, real=0.02 secs] 
23:00:34.390 [Curator-PathChildrenCache-1] WARN  o.a.c.u.ZKPaths  - The version of ZooKeeper being used doesn't support Container nodes. CreateMode.PERSISTENT will be used instead.
2019-05-28T23:00:35.025+0300: 11.142: [GC (Allocation Failure) [PSYoungGen: 128512K->16336K(149504K)] 143592K->50956K(491008K), 0.0251936 secs] [Times: user=0.17 sys=0.04, real=0.02 secs] 
2019-05-28T23:00:35.683+0300: 11.801: [GC (Metadata GC Threshold) [PSYoungGen: 44007K->7809K(149504K)] 78627K->42438K(491008K), 0.0041579 secs] [Times: user=0.03 sys=0.01, real=0.00 secs] 
2019-05-28T23:00:35.688+0300: 11.805: [Full GC (Metadata GC Threshold) [PSYoungGen: 7809K->0K(149504K)] [ParOldGen: 34628K->31463K(341504K)] 42438K->31463K(491008K), [Metaspace: 34531K->34531K(1079296K)], 0.0321917 secs] [Times: user=0.17 sys=0.00, real=0.03 secs] 
2019-05-28T23:00:37.446+0300: 13.563: [GC (Allocation Failure) [PSYoungGen: 128512K->512K(149504K)] 159975K->31975K(491008K), 0.0028787 secs] [Times: user=0.02 sys=0.00, real=0.00 secs] 
2019-05-28T23:00:38.691+0300: 14.809: [GC (Allocation Failure) [PSYoungGen: 129024K->640K(129536K)] 160487K->32103K(471040K), 0.0029523 secs] [Times: user=0.01 sys=0.00, real=0.00 secs] 
2019-05-28T23:00:39.672+0300: 15.789: [GC (Allocation Failure) [PSYoungGen: 129152K->672K(148480K)] 160615K->32135K(489984K), 0.0023431 secs] [Times: user=0.02 sys=0.00, real=0.00 secs] 
23:00:45.254 [Curator-PathChildrenCache-0] ERROR o.a.c.f.r.c.PathChildrenCache  - 
java.lang.IllegalStateException: instance must be started before calling this method
	at org.apache.curator.shaded.com.google.common.base.Preconditions.checkState(Preconditions.java:444)
	at org.apache.curator.framework.imps.CuratorFrameworkImpl.getChildren(CuratorFrameworkImpl.java:456)
	at org.apache.curator.framework.recipes.cache.PathChildrenCache.refresh(PathChildrenCache.java:521)
	at org.apache.curator.framework.recipes.cache.RefreshOperation.invoke(RefreshOperation.java:35)
	at org.apache.curator.framework.recipes.cache.PathChildrenCache$9.run(PathChildrenCache.java:786)
	at java.util.concurrent.Executors$RunnableAdapter.call(Executors.java:511)
	at java.util.concurrent.FutureTask.run(FutureTask.java:266)
	at java.util.concurrent.Executors$RunnableAdapter.call(Executors.java:511)
	at java.util.concurrent.FutureTask.run(FutureTask.java:266)
	at java.util.concurrent.ThreadPoolExecutor.runWorker(ThreadPoolExecutor.java:1149)
	at java.util.concurrent.ThreadPoolExecutor$Worker.run(ThreadPoolExecutor.java:624)
	at java.lang.Thread.run(Thread.java:748)
Heap
 PSYoungGen      total 148480K, used 42794K [0x00000000f5980000, 0x0000000100000000, 0x0000000100000000)
  eden space 125952K, 33% used [0x00000000f5980000,0x00000000f82a2bc8,0x00000000fd480000)
  from space 22528K, 2% used [0x00000000fea00000,0x00000000feaa8020,0x0000000100000000)
  to   space 22016K, 0% used [0x00000000fd480000,0x00000000fd480000,0x00000000fea00000)
 ParOldGen       total 341504K, used 31463K [0x00000000e0c00000, 0x00000000f5980000, 0x00000000f5980000)
  object space 341504K, 9% used [0x00000000e0c00000,0x00000000e2ab9e50,0x00000000f5980000)
 Metaspace       used 35688K, capacity 36520K, committed 36696K, reserved 1081344K
  class space    used 4932K, capacity 5126K, committed 5248K, reserved 1048576K
