07:30:31,956 |-INFO in ch.qos.logback.classic.LoggerContext[default] - Could NOT find resource [logback-test.xml]
07:30:31,956 |-INFO in ch.qos.logback.classic.LoggerContext[default] - Could NOT find resource [logback.groovy]
07:30:31,956 |-INFO in ch.qos.logback.classic.LoggerContext[default] - Found resource [logback.xml] at [jar:file:/root/flamestream/lib/flamestream-runtime-1.0-SNAPSHOT.jar!/logback.xml]
07:30:31,957 |-WARN in ch.qos.logback.classic.LoggerContext[default] - Resource [logback.xml] occurs multiple times on the classpath.
07:30:31,957 |-WARN in ch.qos.logback.classic.LoggerContext[default] - Resource [logback.xml] occurs at [jar:file:/root/flamestream/lib/flamestream-runtime-1.0-SNAPSHOT.jar!/logback.xml]
07:30:31,957 |-WARN in ch.qos.logback.classic.LoggerContext[default] - Resource [logback.xml] occurs at [jar:file:/root/flamestream/flamestream-runtime-1.0-SNAPSHOT.jar!/logback.xml]
07:30:31,978 |-INFO in ch.qos.logback.core.joran.spi.ConfigurationWatchList@3fb6a447 - URL [jar:file:/root/flamestream/lib/flamestream-runtime-1.0-SNAPSHOT.jar!/logback.xml] is not of type file
07:30:32,047 |-INFO in ch.qos.logback.classic.joran.action.ConfigurationAction - debug attribute not set
07:30:32,051 |-INFO in ch.qos.logback.core.joran.action.AppenderAction - About to instantiate appender of type [ch.qos.logback.core.ConsoleAppender]
07:30:32,060 |-INFO in ch.qos.logback.core.joran.action.AppenderAction - Naming appender as [STDOUT]
07:30:32,082 |-INFO in ch.qos.logback.core.joran.action.NestedComplexPropertyIA - Assuming default type [ch.qos.logback.classic.encoder.PatternLayoutEncoder] for [encoder] property
07:30:32,165 |-INFO in ch.qos.logback.core.joran.action.AppenderAction - About to instantiate appender of type [ch.qos.logback.core.rolling.RollingFileAppender]
07:30:32,170 |-INFO in ch.qos.logback.core.joran.action.AppenderAction - Naming appender as [FILE]
07:30:32,201 |-INFO in c.q.l.core.rolling.TimeBasedRollingPolicy@127618319 - No compression will be used
07:30:32,203 |-INFO in c.q.l.core.rolling.TimeBasedRollingPolicy@127618319 - Will use the pattern /tmp/application_%d{yyyy-MM-dd}.%i.log for the active file
07:30:32,206 |-INFO in ch.qos.logback.core.rolling.SizeAndTimeBasedFNATP@6b2fad11 - The date pattern is 'yyyy-MM-dd' from file name pattern '/tmp/application_%d{yyyy-MM-dd}.%i.log'.
07:30:32,206 |-INFO in ch.qos.logback.core.rolling.SizeAndTimeBasedFNATP@6b2fad11 - Roll-over at midnight.
07:30:32,211 |-INFO in ch.qos.logback.core.rolling.SizeAndTimeBasedFNATP@6b2fad11 - Setting initial period to Tue Jun 11 07:29:05 UTC 2019
07:30:32,211 |-WARN in ch.qos.logback.core.rolling.SizeAndTimeBasedFNATP@6b2fad11 - SizeAndTimeBasedFNATP is deprecated. Use SizeAndTimeBasedRollingPolicy instead
07:30:32,211 |-WARN in ch.qos.logback.core.rolling.SizeAndTimeBasedFNATP@6b2fad11 - For more information see http://logback.qos.ch/manual/appenders.html#SizeAndTimeBasedRollingPolicy
07:30:32,216 |-INFO in ch.qos.logback.core.joran.action.NestedComplexPropertyIA - Assuming default type [ch.qos.logback.classic.encoder.PatternLayoutEncoder] for [encoder] property
07:30:32,220 |-INFO in ch.qos.logback.core.rolling.RollingFileAppender[FILE] - Active log file name: /tmp/application.log
07:30:32,220 |-INFO in ch.qos.logback.core.rolling.RollingFileAppender[FILE] - File property is set to [/tmp/application.log]
07:30:32,221 |-INFO in ch.qos.logback.classic.joran.action.RootLoggerAction - Setting level of ROOT logger to WARN
07:30:32,221 |-INFO in ch.qos.logback.core.joran.action.AppenderRefAction - Attaching appender named [STDOUT] to Logger[ROOT]
07:30:32,222 |-INFO in ch.qos.logback.core.joran.action.AppenderRefAction - Attaching appender named [FILE] to Logger[ROOT]
07:30:32,222 |-INFO in ch.qos.logback.classic.joran.action.ConfigurationAction - End of configuration.
07:30:32,222 |-INFO in ch.qos.logback.classic.joran.JoranConfigurator@79698539 - Registering current configuration as safe fallback point

Ama winner
Ama winner
2019-06-11T07:30:33.544+0000: 1.779: [Full GC (Metadata GC Threshold) 2019-06-11T07:30:33.544+0000: 1.779: [Tenured: 0K->15208K(341376K), 0.0396631 secs] 114923K->15208K(494976K), [Metaspace: 20733K->20733K(1067008K)], 0.0397269 secs] [Times: user=0.04 sys=0.00, real=0.04 secs] 
07:30:51.567 [Curator-PathChildrenCache-1] WARN  o.a.c.u.ZKPaths  - The version of ZooKeeper being used doesn't support Container nodes. CreateMode.PERSISTENT will be used instead.
2019-06-11T07:30:53.850+0000: 22.085: [GC (Allocation Failure) 2019-06-11T07:30:53.850+0000: 22.085: [DefNew: 136576K->17024K(153600K), 0.0257954 secs] 151784K->52602K(494976K), 0.0258791 secs] [Times: user=0.00 sys=0.02, real=0.02 secs] 
2019-06-11T07:30:56.053+0000: 24.288: [Full GC (Metadata GC Threshold) 2019-06-11T07:30:56.053+0000: 24.288: [Tenured: 35578K->44142K(341376K), 0.0498284 secs] 124069K->44142K(494976K), [Metaspace: 34595K->34595K(1079296K)], 0.0498997 secs] [Times: user=0.06 sys=0.00, real=0.05 secs] 
2019-06-11T07:30:59.664+0000: 27.899: [GC (Allocation Failure) 2019-06-11T07:30:59.664+0000: 27.899: [DefNew: 136576K->75K(153600K), 0.0018877 secs] 180718K->44218K(494976K), 0.0019535 secs] [Times: user=0.00 sys=0.00, real=0.01 secs] 
2019-06-11T07:31:03.272+0000: 31.507: [GC (Allocation Failure) 2019-06-11T07:31:03.272+0000: 31.507: [DefNew: 136651K->122K(153600K), 0.0018297 secs] 180794K->44265K(494976K), 0.0018862 secs] [Times: user=0.00 sys=0.00, real=0.00 secs] 
2019-06-11T07:31:06.962+0000: 35.197: [GC (Allocation Failure) 2019-06-11T07:31:06.962+0000: 35.197: [DefNew: 136698K->159K(153600K), 0.0018775 secs] 180841K->44302K(494976K), 0.0019356 secs] [Times: user=0.00 sys=0.00, real=0.00 secs] 
2019-06-11T07:31:10.755+0000: 38.990: [GC (Allocation Failure) 2019-06-11T07:31:10.755+0000: 38.990: [DefNew: 136735K->158K(153600K), 0.0018210 secs] 180878K->44300K(494976K), 0.0018819 secs] [Times: user=0.00 sys=0.00, real=0.01 secs] 
07:31:22.385 [Curator-PathChildrenCache-0] ERROR o.a.c.f.r.c.PathChildrenCache  - 
java.lang.IllegalStateException: instance must be started before calling this method
	at org.apache.curator.shaded.com.google.common.base.Preconditions.checkState(Preconditions.java:444)
	at org.apache.curator.framework.imps.CuratorFrameworkImpl.getChildren(CuratorFrameworkImpl.java:456)
	at org.apache.curator.framework.recipes.cache.PathChildrenCache.refresh(PathChildrenCache.java:521)
	at org.apache.curator.framework.recipes.cache.RefreshOperation.invoke(RefreshOperation.java:35)
	at org.apache.curator.framework.recipes.cache.PathChildrenCache$9.run(PathChildrenCache.java:786)
	at java.util.concurrent.Executors$RunnableAdapter.call(Executors.java:511)
	at java.util.concurrent.FutureTask.run(FutureTask.java:266)
	at java.util.concurrent.Executors$RunnableAdapter.call(Executors.java:511)
	at java.util.concurrent.FutureTask.run(FutureTask.java:266)
	at java.util.concurrent.ThreadPoolExecutor.runWorker(ThreadPoolExecutor.java:1149)
	at java.util.concurrent.ThreadPoolExecutor$Worker.run(ThreadPoolExecutor.java:624)
	at java.lang.Thread.run(Thread.java:748)
Heap
 def new generation   total 153600K, used 75038K [0x00000000e0c00000, 0x00000000eb2a0000, 0x00000000eb2a0000)
  eden space 136576K,  54% used [0x00000000e0c00000, 0x00000000e5520240, 0x00000000e9160000)
  from space 17024K,   0% used [0x00000000ea200000, 0x00000000ea227858, 0x00000000eb2a0000)
  to   space 17024K,   0% used [0x00000000e9160000, 0x00000000e9160000, 0x00000000ea200000)
 tenured generation   total 341376K, used 44142K [0x00000000eb2a0000, 0x0000000100000000, 0x0000000100000000)
   the space 341376K,  12% used [0x00000000eb2a0000, 0x00000000eddbb960, 0x00000000eddbba00, 0x0000000100000000)
 Metaspace       used 35714K, capacity 36658K, committed 36864K, reserved 1081344K
  class space    used 4829K, capacity 5045K, committed 5120K, reserved 1048576K
