00:56:34,279 |-INFO in ch.qos.logback.classic.LoggerContext[default] - Could NOT find resource [logback-test.xml]
00:56:34,279 |-INFO in ch.qos.logback.classic.LoggerContext[default] - Could NOT find resource [logback.groovy]
00:56:34,279 |-INFO in ch.qos.logback.classic.LoggerContext[default] - Found resource [logback.xml] at [jar:file:/home/nikitasokolov/flamestream/lib/flamestream-runtime-1.0-SNAPSHOT.jar!/logback.xml]
00:56:34,280 |-WARN in ch.qos.logback.classic.LoggerContext[default] - Resource [logback.xml] occurs multiple times on the classpath.
00:56:34,280 |-WARN in ch.qos.logback.classic.LoggerContext[default] - Resource [logback.xml] occurs at [jar:file:/home/nikitasokolov/flamestream/lib/flamestream-runtime-1.0-SNAPSHOT.jar!/logback.xml]
00:56:34,280 |-WARN in ch.qos.logback.classic.LoggerContext[default] - Resource [logback.xml] occurs at [jar:file:/home/nikitasokolov/flamestream/flamestream-runtime-1.0-SNAPSHOT.jar!/logback.xml]
00:56:34,296 |-INFO in ch.qos.logback.core.joran.spi.ConfigurationWatchList@6108b2d7 - URL [jar:file:/home/nikitasokolov/flamestream/lib/flamestream-runtime-1.0-SNAPSHOT.jar!/logback.xml] is not of type file
00:56:34,346 |-INFO in ch.qos.logback.classic.joran.action.ConfigurationAction - debug attribute not set
00:56:34,347 |-INFO in ch.qos.logback.core.joran.action.AppenderAction - About to instantiate appender of type [ch.qos.logback.core.ConsoleAppender]
00:56:34,355 |-INFO in ch.qos.logback.core.joran.action.AppenderAction - Naming appender as [STDOUT]
00:56:34,363 |-INFO in ch.qos.logback.core.joran.action.NestedComplexPropertyIA - Assuming default type [ch.qos.logback.classic.encoder.PatternLayoutEncoder] for [encoder] property
00:56:34,420 |-INFO in ch.qos.logback.core.joran.action.AppenderAction - About to instantiate appender of type [ch.qos.logback.core.rolling.RollingFileAppender]
00:56:34,425 |-INFO in ch.qos.logback.core.joran.action.AppenderAction - Naming appender as [FILE]
00:56:34,446 |-INFO in c.q.l.core.rolling.TimeBasedRollingPolicy@357863579 - No compression will be used
00:56:34,447 |-INFO in c.q.l.core.rolling.TimeBasedRollingPolicy@357863579 - Will use the pattern /tmp/application_%d{yyyy-MM-dd}.%i.log for the active file
00:56:34,450 |-INFO in ch.qos.logback.core.rolling.SizeAndTimeBasedFNATP@6bf256fa - The date pattern is 'yyyy-MM-dd' from file name pattern '/tmp/application_%d{yyyy-MM-dd}.%i.log'.
00:56:34,450 |-INFO in ch.qos.logback.core.rolling.SizeAndTimeBasedFNATP@6bf256fa - Roll-over at midnight.
00:56:34,454 |-INFO in ch.qos.logback.core.rolling.SizeAndTimeBasedFNATP@6bf256fa - Setting initial period to Mon Jun 10 00:55:52 MSK 2019
00:56:34,454 |-WARN in ch.qos.logback.core.rolling.SizeAndTimeBasedFNATP@6bf256fa - SizeAndTimeBasedFNATP is deprecated. Use SizeAndTimeBasedRollingPolicy instead
00:56:34,454 |-WARN in ch.qos.logback.core.rolling.SizeAndTimeBasedFNATP@6bf256fa - For more information see http://logback.qos.ch/manual/appenders.html#SizeAndTimeBasedRollingPolicy
00:56:34,459 |-INFO in ch.qos.logback.core.joran.action.NestedComplexPropertyIA - Assuming default type [ch.qos.logback.classic.encoder.PatternLayoutEncoder] for [encoder] property
00:56:34,462 |-INFO in ch.qos.logback.core.rolling.RollingFileAppender[FILE] - Active log file name: /tmp/application.log
00:56:34,462 |-INFO in ch.qos.logback.core.rolling.RollingFileAppender[FILE] - File property is set to [/tmp/application.log]
00:56:34,463 |-INFO in ch.qos.logback.classic.joran.action.RootLoggerAction - Setting level of ROOT logger to WARN
00:56:34,463 |-INFO in ch.qos.logback.core.joran.action.AppenderRefAction - Attaching appender named [STDOUT] to Logger[ROOT]
00:56:34,463 |-INFO in ch.qos.logback.core.joran.action.AppenderRefAction - Attaching appender named [FILE] to Logger[ROOT]
00:56:34,463 |-INFO in ch.qos.logback.classic.joran.action.ConfigurationAction - End of configuration.
00:56:34,464 |-INFO in ch.qos.logback.classic.joran.JoranConfigurator@6cd8737 - Registering current configuration as safe fallback point

2019-06-10T00:56:35.432+0300: 1.371: [GC (Metadata GC Threshold) [PSYoungGen: 108151K->15727K(149504K)] 108151K->15807K(491008K), 0.0198151 secs] [Times: user=0.06 sys=0.02, real=0.02 secs] 
2019-06-10T00:56:35.452+0300: 1.391: [Full GC (Metadata GC Threshold) [PSYoungGen: 15727K->0K(149504K)] [ParOldGen: 80K->14981K(341504K)] 15807K->14981K(491008K), [Metaspace: 20801K->20801K(1067008K)], 0.0260558 secs] [Times: user=0.15 sys=0.01, real=0.03 secs] 
00:56:42.681 [Curator-PathChildrenCache-1] WARN  o.a.c.u.ZKPaths  - The version of ZooKeeper being used doesn't support Container nodes. CreateMode.PERSISTENT will be used instead.
2019-06-10T00:56:43.555+0300: 9.494: [GC (Metadata GC Threshold) [PSYoungGen: 126540K->16647K(149504K)] 141521K->51168K(491008K), 0.0270407 secs] [Times: user=0.20 sys=0.02, real=0.03 secs] 
2019-06-10T00:56:43.582+0300: 9.521: [Full GC (Metadata GC Threshold) [PSYoungGen: 16647K->0K(149504K)] [ParOldGen: 34521K->39570K(341504K)] 51168K->39570K(491008K), [Metaspace: 34493K->34493K(1079296K)], 0.0385947 secs] [Times: user=0.23 sys=0.00, real=0.04 secs] 
2019-06-10T00:56:52.809+0300: 18.748: [GC (Allocation Failure) [PSYoungGen: 128512K->448K(149504K)] 168082K->40026K(491008K), 0.0051951 secs] [Times: user=0.02 sys=0.00, real=0.01 secs] 
2019-06-10T00:57:02.914+0300: 28.853: [GC (Allocation Failure) [PSYoungGen: 128960K->448K(149504K)] 168538K->40034K(491008K), 0.0053392 secs] [Times: user=0.04 sys=0.00, real=0.01 secs] 
2019-06-10T00:57:13.092+0300: 39.031: [GC (Allocation Failure) [PSYoungGen: 128960K->512K(129024K)] 168546K->40106K(470528K), 0.0031629 secs] [Times: user=0.01 sys=0.00, real=0.00 secs] 
00:57:28.804 [Curator-PathChildrenCache-0] ERROR o.a.c.f.r.c.PathChildrenCache  - 
java.lang.IllegalStateException: instance must be started before calling this method
	at org.apache.curator.shaded.com.google.common.base.Preconditions.checkState(Preconditions.java:444)
	at org.apache.curator.framework.imps.CuratorFrameworkImpl.getChildren(CuratorFrameworkImpl.java:456)
	at org.apache.curator.framework.recipes.cache.PathChildrenCache.refresh(PathChildrenCache.java:521)
	at org.apache.curator.framework.recipes.cache.RefreshOperation.invoke(RefreshOperation.java:35)
	at org.apache.curator.framework.recipes.cache.PathChildrenCache$9.run(PathChildrenCache.java:786)
	at java.util.concurrent.Executors$RunnableAdapter.call(Executors.java:511)
	at java.util.concurrent.FutureTask.run(FutureTask.java:266)
	at java.util.concurrent.Executors$RunnableAdapter.call(Executors.java:511)
	at java.util.concurrent.FutureTask.run(FutureTask.java:266)
	at java.util.concurrent.ThreadPoolExecutor.runWorker(ThreadPoolExecutor.java:1149)
	at java.util.concurrent.ThreadPoolExecutor$Worker.run(ThreadPoolExecutor.java:624)
	at java.lang.Thread.run(Thread.java:748)
Heap
 PSYoungGen      total 129024K, used 106630K [0x00000000f5980000, 0x0000000100000000, 0x0000000100000000)
  eden space 128512K, 82% used [0x00000000f5980000,0x00000000fc121940,0x00000000fd700000)
  from space 512K, 100% used [0x00000000fd700000,0x00000000fd780000,0x00000000fd780000)
  to   space 22016K, 0% used [0x00000000fea80000,0x00000000fea80000,0x0000000100000000)
 ParOldGen       total 341504K, used 39594K [0x00000000e0c00000, 0x00000000f5980000, 0x00000000f5980000)
  object space 341504K, 11% used [0x00000000e0c00000,0x00000000e32aa878,0x00000000f5980000)
 Metaspace       used 35811K, capacity 36726K, committed 36952K, reserved 1081344K
  class space    used 4935K, capacity 5135K, committed 5248K, reserved 1048576K
