05:22:00,324 |-INFO in ch.qos.logback.classic.LoggerContext[default] - Could NOT find resource [logback-test.xml]
05:22:00,324 |-INFO in ch.qos.logback.classic.LoggerContext[default] - Could NOT find resource [logback.groovy]
05:22:00,325 |-INFO in ch.qos.logback.classic.LoggerContext[default] - Found resource [logback.xml] at [jar:file:/root/flamestream/lib/flamestream-runtime-1.0-SNAPSHOT.jar!/logback.xml]
05:22:00,325 |-WARN in ch.qos.logback.classic.LoggerContext[default] - Resource [logback.xml] occurs multiple times on the classpath.
05:22:00,326 |-WARN in ch.qos.logback.classic.LoggerContext[default] - Resource [logback.xml] occurs at [jar:file:/root/flamestream/lib/flamestream-runtime-1.0-SNAPSHOT.jar!/logback.xml]
05:22:00,326 |-WARN in ch.qos.logback.classic.LoggerContext[default] - Resource [logback.xml] occurs at [jar:file:/root/flamestream/flamestream-runtime-1.0-SNAPSHOT.jar!/logback.xml]
05:22:00,346 |-INFO in ch.qos.logback.core.joran.spi.ConfigurationWatchList@3fb6a447 - URL [jar:file:/root/flamestream/lib/flamestream-runtime-1.0-SNAPSHOT.jar!/logback.xml] is not of type file
05:22:00,421 |-INFO in ch.qos.logback.classic.joran.action.ConfigurationAction - debug attribute not set
05:22:00,422 |-INFO in ch.qos.logback.core.joran.action.AppenderAction - About to instantiate appender of type [ch.qos.logback.core.ConsoleAppender]
05:22:00,434 |-INFO in ch.qos.logback.core.joran.action.AppenderAction - Naming appender as [STDOUT]
05:22:00,453 |-INFO in ch.qos.logback.core.joran.action.NestedComplexPropertyIA - Assuming default type [ch.qos.logback.classic.encoder.PatternLayoutEncoder] for [encoder] property
05:22:00,538 |-INFO in ch.qos.logback.core.joran.action.AppenderAction - About to instantiate appender of type [ch.qos.logback.core.rolling.RollingFileAppender]
05:22:00,543 |-INFO in ch.qos.logback.core.joran.action.AppenderAction - Naming appender as [FILE]
05:22:00,575 |-INFO in c.q.l.core.rolling.TimeBasedRollingPolicy@127618319 - No compression will be used
05:22:00,576 |-INFO in c.q.l.core.rolling.TimeBasedRollingPolicy@127618319 - Will use the pattern /tmp/application_%d{yyyy-MM-dd}.%i.log for the active file
05:22:00,579 |-INFO in ch.qos.logback.core.rolling.SizeAndTimeBasedFNATP@6b2fad11 - The date pattern is 'yyyy-MM-dd' from file name pattern '/tmp/application_%d{yyyy-MM-dd}.%i.log'.
05:22:00,579 |-INFO in ch.qos.logback.core.rolling.SizeAndTimeBasedFNATP@6b2fad11 - Roll-over at midnight.
05:22:00,584 |-INFO in ch.qos.logback.core.rolling.SizeAndTimeBasedFNATP@6b2fad11 - Setting initial period to Tue Jun 11 05:20:44 UTC 2019
05:22:00,585 |-WARN in ch.qos.logback.core.rolling.SizeAndTimeBasedFNATP@6b2fad11 - SizeAndTimeBasedFNATP is deprecated. Use SizeAndTimeBasedRollingPolicy instead
05:22:00,585 |-WARN in ch.qos.logback.core.rolling.SizeAndTimeBasedFNATP@6b2fad11 - For more information see http://logback.qos.ch/manual/appenders.html#SizeAndTimeBasedRollingPolicy
05:22:00,589 |-INFO in ch.qos.logback.core.joran.action.NestedComplexPropertyIA - Assuming default type [ch.qos.logback.classic.encoder.PatternLayoutEncoder] for [encoder] property
05:22:00,593 |-INFO in ch.qos.logback.core.rolling.RollingFileAppender[FILE] - Active log file name: /tmp/application.log
05:22:00,593 |-INFO in ch.qos.logback.core.rolling.RollingFileAppender[FILE] - File property is set to [/tmp/application.log]
05:22:00,594 |-INFO in ch.qos.logback.classic.joran.action.RootLoggerAction - Setting level of ROOT logger to WARN
05:22:00,594 |-INFO in ch.qos.logback.core.joran.action.AppenderRefAction - Attaching appender named [STDOUT] to Logger[ROOT]
05:22:00,596 |-INFO in ch.qos.logback.core.joran.action.AppenderRefAction - Attaching appender named [FILE] to Logger[ROOT]
05:22:00,596 |-INFO in ch.qos.logback.classic.joran.action.ConfigurationAction - End of configuration.
05:22:00,597 |-INFO in ch.qos.logback.classic.joran.JoranConfigurator@79698539 - Registering current configuration as safe fallback point

Ama winner
Ama winner
2019-06-11T05:22:02.251+0000: 2.118: [Full GC (Metadata GC Threshold) 2019-06-11T05:22:02.251+0000: 2.118: [Tenured: 0K->15176K(341376K), 0.0409891 secs] 117655K->15176K(494976K), [Metaspace: 20733K->20733K(1067008K)], 0.0410582 secs] [Times: user=0.03 sys=0.01, real=0.04 secs] 
05:22:17.577 [Curator-PathChildrenCache-1] WARN  o.a.c.u.ZKPaths  - The version of ZooKeeper being used doesn't support Container nodes. CreateMode.PERSISTENT will be used instead.
2019-06-11T05:22:20.307+0000: 20.174: [GC (Allocation Failure) 2019-06-11T05:22:20.307+0000: 20.174: [DefNew: 136576K->17023K(153600K), 0.0303907 secs] 151752K->52515K(494976K), 0.0304528 secs] [Times: user=0.03 sys=0.00, real=0.03 secs] 
2019-06-11T05:22:22.065+0000: 21.932: [Full GC (Metadata GC Threshold) 2019-06-11T05:22:22.065+0000: 21.932: [Tenured: 35491K->43752K(341376K), 0.0430232 secs] 103439K->43752K(494976K), [Metaspace: 34604K->34604K(1079296K)], 0.0430971 secs] [Times: user=0.04 sys=0.00, real=0.04 secs] 
2019-06-11T05:22:26.970+0000: 26.837: [GC (Allocation Failure) 2019-06-11T05:22:26.970+0000: 26.837: [DefNew: 136576K->55K(153600K), 0.0017404 secs] 180328K->43807K(494976K), 0.0017995 secs] [Times: user=0.00 sys=0.00, real=0.01 secs] 
2019-06-11T05:22:31.920+0000: 31.787: [GC (Allocation Failure) 2019-06-11T05:22:31.920+0000: 31.787: [DefNew: 136631K->63K(153600K), 0.0017014 secs] 180383K->43816K(494976K), 0.0017556 secs] [Times: user=0.00 sys=0.00, real=0.00 secs] 
2019-06-11T05:22:36.861+0000: 36.728: [GC (Allocation Failure) 2019-06-11T05:22:36.861+0000: 36.728: [DefNew: 136639K->63K(153600K), 0.0017543 secs] 180392K->43816K(494976K), 0.0018175 secs] [Times: user=0.00 sys=0.00, real=0.01 secs] 
2019-06-11T05:22:41.872+0000: 41.740: [GC (Allocation Failure) 2019-06-11T05:22:41.873+0000: 41.740: [DefNew: 136639K->59K(153600K), 0.0016886 secs] 180392K->43812K(494976K), 0.0017619 secs] [Times: user=0.01 sys=0.00, real=0.00 secs] 
05:22:51.265 [Curator-PathChildrenCache-0] ERROR o.a.c.f.r.c.PathChildrenCache  - 
java.lang.IllegalStateException: instance must be started before calling this method
	at org.apache.curator.shaded.com.google.common.base.Preconditions.checkState(Preconditions.java:444)
	at org.apache.curator.framework.imps.CuratorFrameworkImpl.getChildren(CuratorFrameworkImpl.java:456)
	at org.apache.curator.framework.recipes.cache.PathChildrenCache.refresh(PathChildrenCache.java:521)
	at org.apache.curator.framework.recipes.cache.RefreshOperation.invoke(RefreshOperation.java:35)
	at org.apache.curator.framework.recipes.cache.PathChildrenCache$9.run(PathChildrenCache.java:786)
	at java.util.concurrent.Executors$RunnableAdapter.call(Executors.java:511)
	at java.util.concurrent.FutureTask.run(FutureTask.java:266)
	at java.util.concurrent.Executors$RunnableAdapter.call(Executors.java:511)
	at java.util.concurrent.FutureTask.run(FutureTask.java:266)
	at java.util.concurrent.ThreadPoolExecutor.runWorker(ThreadPoolExecutor.java:1149)
	at java.util.concurrent.ThreadPoolExecutor$Worker.run(ThreadPoolExecutor.java:624)
	at java.lang.Thread.run(Thread.java:748)
Heap
 def new generation   total 153600K, used 123983K [0x00000000e0c00000, 0x00000000eb2a0000, 0x00000000eb2a0000)
  eden space 136576K,  90% used [0x00000000e0c00000, 0x00000000e8504d78, 0x00000000e9160000)
  from space 17024K,   0% used [0x00000000ea200000, 0x00000000ea20efe0, 0x00000000eb2a0000)
  to   space 17024K,   0% used [0x00000000e9160000, 0x00000000e9160000, 0x00000000ea200000)
 tenured generation   total 341376K, used 43752K [0x00000000eb2a0000, 0x0000000100000000, 0x0000000100000000)
   the space 341376K,  12% used [0x00000000eb2a0000, 0x00000000edd5a200, 0x00000000edd5a200, 0x0000000100000000)
 Metaspace       used 35695K, capacity 36646K, committed 36864K, reserved 1081344K
  class space    used 4826K, capacity 5043K, committed 5120K, reserved 1048576K
