23:45:07,132 |-INFO in ch.qos.logback.classic.LoggerContext[default] - Could NOT find resource [logback-test.xml]
23:45:07,132 |-INFO in ch.qos.logback.classic.LoggerContext[default] - Could NOT find resource [logback.groovy]
23:45:07,132 |-INFO in ch.qos.logback.classic.LoggerContext[default] - Found resource [logback.xml] at [jar:file:/home/nikitasokolov/flamestream/lib/flamestream-runtime-1.0-SNAPSHOT.jar!/logback.xml]
23:45:07,133 |-WARN in ch.qos.logback.classic.LoggerContext[default] - Resource [logback.xml] occurs multiple times on the classpath.
23:45:07,133 |-WARN in ch.qos.logback.classic.LoggerContext[default] - Resource [logback.xml] occurs at [jar:file:/home/nikitasokolov/flamestream/lib/flamestream-runtime-1.0-SNAPSHOT.jar!/logback.xml]
23:45:07,133 |-WARN in ch.qos.logback.classic.LoggerContext[default] - Resource [logback.xml] occurs at [jar:file:/home/nikitasokolov/flamestream/flamestream-runtime-1.0-SNAPSHOT.jar!/logback.xml]
23:45:07,149 |-INFO in ch.qos.logback.core.joran.spi.ConfigurationWatchList@6108b2d7 - URL [jar:file:/home/nikitasokolov/flamestream/lib/flamestream-runtime-1.0-SNAPSHOT.jar!/logback.xml] is not of type file
23:45:07,199 |-INFO in ch.qos.logback.classic.joran.action.ConfigurationAction - debug attribute not set
23:45:07,199 |-INFO in ch.qos.logback.core.joran.action.AppenderAction - About to instantiate appender of type [ch.qos.logback.core.ConsoleAppender]
23:45:07,207 |-INFO in ch.qos.logback.core.joran.action.AppenderAction - Naming appender as [STDOUT]
23:45:07,214 |-INFO in ch.qos.logback.core.joran.action.NestedComplexPropertyIA - Assuming default type [ch.qos.logback.classic.encoder.PatternLayoutEncoder] for [encoder] property
23:45:07,266 |-INFO in ch.qos.logback.core.joran.action.AppenderAction - About to instantiate appender of type [ch.qos.logback.core.rolling.RollingFileAppender]
23:45:07,270 |-INFO in ch.qos.logback.core.joran.action.AppenderAction - Naming appender as [FILE]
23:45:07,291 |-INFO in c.q.l.core.rolling.TimeBasedRollingPolicy@357863579 - No compression will be used
23:45:07,292 |-INFO in c.q.l.core.rolling.TimeBasedRollingPolicy@357863579 - Will use the pattern /tmp/application_%d{yyyy-MM-dd}.%i.log for the active file
23:45:07,295 |-INFO in ch.qos.logback.core.rolling.SizeAndTimeBasedFNATP@6bf256fa - The date pattern is 'yyyy-MM-dd' from file name pattern '/tmp/application_%d{yyyy-MM-dd}.%i.log'.
23:45:07,295 |-INFO in ch.qos.logback.core.rolling.SizeAndTimeBasedFNATP@6bf256fa - Roll-over at midnight.
23:45:07,299 |-INFO in ch.qos.logback.core.rolling.SizeAndTimeBasedFNATP@6bf256fa - Setting initial period to Sun Jun 09 23:44:13 MSK 2019
23:45:07,299 |-WARN in ch.qos.logback.core.rolling.SizeAndTimeBasedFNATP@6bf256fa - SizeAndTimeBasedFNATP is deprecated. Use SizeAndTimeBasedRollingPolicy instead
23:45:07,299 |-WARN in ch.qos.logback.core.rolling.SizeAndTimeBasedFNATP@6bf256fa - For more information see http://logback.qos.ch/manual/appenders.html#SizeAndTimeBasedRollingPolicy
23:45:07,303 |-INFO in ch.qos.logback.core.joran.action.NestedComplexPropertyIA - Assuming default type [ch.qos.logback.classic.encoder.PatternLayoutEncoder] for [encoder] property
23:45:07,305 |-INFO in ch.qos.logback.core.rolling.RollingFileAppender[FILE] - Active log file name: /tmp/application.log
23:45:07,305 |-INFO in ch.qos.logback.core.rolling.RollingFileAppender[FILE] - File property is set to [/tmp/application.log]
23:45:07,306 |-INFO in ch.qos.logback.classic.joran.action.RootLoggerAction - Setting level of ROOT logger to WARN
23:45:07,306 |-INFO in ch.qos.logback.core.joran.action.AppenderRefAction - Attaching appender named [STDOUT] to Logger[ROOT]
23:45:07,307 |-INFO in ch.qos.logback.core.joran.action.AppenderRefAction - Attaching appender named [FILE] to Logger[ROOT]
23:45:07,307 |-INFO in ch.qos.logback.classic.joran.action.ConfigurationAction - End of configuration.
23:45:07,308 |-INFO in ch.qos.logback.classic.joran.JoranConfigurator@6cd8737 - Registering current configuration as safe fallback point

2019-06-09T23:45:08.281+0300: 1.379: [GC (Metadata GC Threshold) [PSYoungGen: 108151K->15822K(149504K)] 108151K->15902K(491008K), 0.0203651 secs] [Times: user=0.09 sys=0.01, real=0.02 secs] 
2019-06-09T23:45:08.301+0300: 1.399: [Full GC (Metadata GC Threshold) [PSYoungGen: 15822K->0K(149504K)] [ParOldGen: 80K->14981K(341504K)] 15902K->14981K(491008K), [Metaspace: 20800K->20800K(1067008K)], 0.0296380 secs] [Times: user=0.20 sys=0.02, real=0.03 secs] 
23:45:19.535 [Curator-PathChildrenCache-1] WARN  o.a.c.u.ZKPaths  - The version of ZooKeeper being used doesn't support Container nodes. CreateMode.PERSISTENT will be used instead.
2019-06-09T23:45:20.496+0300: 13.594: [GC (Metadata GC Threshold) [PSYoungGen: 126038K->16491K(149504K)] 141020K->51012K(491008K), 0.0275184 secs] [Times: user=0.20 sys=0.03, real=0.03 secs] 
2019-06-09T23:45:20.523+0300: 13.621: [Full GC (Metadata GC Threshold) [PSYoungGen: 16491K->0K(149504K)] [ParOldGen: 34521K->39558K(341504K)] 51012K->39558K(491008K), [Metaspace: 34486K->34486K(1079296K)], 0.0372560 secs] [Times: user=0.20 sys=0.01, real=0.04 secs] 
2019-06-09T23:45:37.182+0300: 30.280: [GC (Allocation Failure) [PSYoungGen: 128512K->448K(149504K)] 168070K->40014K(491008K), 0.0061017 secs] [Times: user=0.04 sys=0.00, real=0.00 secs] 
2019-06-09T23:45:55.754+0300: 48.852: [GC (Allocation Failure) [PSYoungGen: 128960K->480K(149504K)] 168526K->40054K(491008K), 0.0039462 secs] [Times: user=0.01 sys=0.00, real=0.01 secs] 
2019-06-09T23:46:16.162+0300: 69.260: [GC (Allocation Failure) [PSYoungGen: 128992K->919K(129536K)] 168566K->40494K(471040K), 0.0044694 secs] [Times: user=0.02 sys=0.00, real=0.00 secs] 
23:46:48.666 [Curator-PathChildrenCache-0] ERROR o.a.c.f.r.c.PathChildrenCache  - 
java.lang.IllegalStateException: instance must be started before calling this method
	at org.apache.curator.shaded.com.google.common.base.Preconditions.checkState(Preconditions.java:444)
	at org.apache.curator.framework.imps.CuratorFrameworkImpl.getChildren(CuratorFrameworkImpl.java:456)
	at org.apache.curator.framework.recipes.cache.PathChildrenCache.refresh(PathChildrenCache.java:521)
	at org.apache.curator.framework.recipes.cache.RefreshOperation.invoke(RefreshOperation.java:35)
	at org.apache.curator.framework.recipes.cache.PathChildrenCache$9.run(PathChildrenCache.java:786)
	at java.util.concurrent.Executors$RunnableAdapter.call(Executors.java:511)
	at java.util.concurrent.FutureTask.run(FutureTask.java:266)
	at java.util.concurrent.Executors$RunnableAdapter.call(Executors.java:511)
	at java.util.concurrent.FutureTask.run(FutureTask.java:266)
	at java.util.concurrent.ThreadPoolExecutor.runWorker(ThreadPoolExecutor.java:1149)
	at java.util.concurrent.ThreadPoolExecutor$Worker.run(ThreadPoolExecutor.java:624)
	at java.lang.Thread.run(Thread.java:748)
Heap
 PSYoungGen      total 129536K, used 122120K [0x00000000f5980000, 0x0000000100000000, 0x0000000100000000)
  eden space 128512K, 94% used [0x00000000f5980000,0x00000000fcfdc580,0x00000000fd700000)
  from space 1024K, 89% used [0x00000000fd700000,0x00000000fd7e5d10,0x00000000fd800000)
  to   space 22016K, 0% used [0x00000000fea80000,0x00000000fea80000,0x0000000100000000)
 ParOldGen       total 341504K, used 39574K [0x00000000e0c00000, 0x00000000f5980000, 0x00000000f5980000)
  object space 341504K, 11% used [0x00000000e0c00000,0x00000000e32a5b30,0x00000000f5980000)
 Metaspace       used 36268K, capacity 37138K, committed 37464K, reserved 1081344K
  class space    used 4979K, capacity 5167K, committed 5248K, reserved 1048576K
