05:35:43,078 |-INFO in ch.qos.logback.classic.LoggerContext[default] - Could NOT find resource [logback-test.xml]
05:35:43,078 |-INFO in ch.qos.logback.classic.LoggerContext[default] - Could NOT find resource [logback.groovy]
05:35:43,079 |-INFO in ch.qos.logback.classic.LoggerContext[default] - Found resource [logback.xml] at [jar:file:/home/nikitasokolov/flamestream/lib/flamestream-runtime-1.0-SNAPSHOT.jar!/logback.xml]
05:35:43,079 |-WARN in ch.qos.logback.classic.LoggerContext[default] - Resource [logback.xml] occurs multiple times on the classpath.
05:35:43,079 |-WARN in ch.qos.logback.classic.LoggerContext[default] - Resource [logback.xml] occurs at [jar:file:/home/nikitasokolov/flamestream/lib/flamestream-runtime-1.0-SNAPSHOT.jar!/logback.xml]
05:35:43,079 |-WARN in ch.qos.logback.classic.LoggerContext[default] - Resource [logback.xml] occurs at [jar:file:/home/nikitasokolov/flamestream/flamestream-runtime-1.0-SNAPSHOT.jar!/logback.xml]
05:35:43,095 |-INFO in ch.qos.logback.core.joran.spi.ConfigurationWatchList@6108b2d7 - URL [jar:file:/home/nikitasokolov/flamestream/lib/flamestream-runtime-1.0-SNAPSHOT.jar!/logback.xml] is not of type file
05:35:43,148 |-INFO in ch.qos.logback.classic.joran.action.ConfigurationAction - debug attribute not set
05:35:43,148 |-INFO in ch.qos.logback.core.joran.action.AppenderAction - About to instantiate appender of type [ch.qos.logback.core.ConsoleAppender]
05:35:43,157 |-INFO in ch.qos.logback.core.joran.action.AppenderAction - Naming appender as [STDOUT]
05:35:43,166 |-INFO in ch.qos.logback.core.joran.action.NestedComplexPropertyIA - Assuming default type [ch.qos.logback.classic.encoder.PatternLayoutEncoder] for [encoder] property
05:35:43,223 |-INFO in ch.qos.logback.core.joran.action.AppenderAction - About to instantiate appender of type [ch.qos.logback.core.rolling.RollingFileAppender]
05:35:43,229 |-INFO in ch.qos.logback.core.joran.action.AppenderAction - Naming appender as [FILE]
05:35:43,251 |-INFO in c.q.l.core.rolling.TimeBasedRollingPolicy@357863579 - No compression will be used
05:35:43,252 |-INFO in c.q.l.core.rolling.TimeBasedRollingPolicy@357863579 - Will use the pattern /tmp/application_%d{yyyy-MM-dd}.%i.log for the active file
05:35:43,255 |-INFO in ch.qos.logback.core.rolling.SizeAndTimeBasedFNATP@6bf256fa - The date pattern is 'yyyy-MM-dd' from file name pattern '/tmp/application_%d{yyyy-MM-dd}.%i.log'.
05:35:43,255 |-INFO in ch.qos.logback.core.rolling.SizeAndTimeBasedFNATP@6bf256fa - Roll-over at midnight.
05:35:43,260 |-INFO in ch.qos.logback.core.rolling.SizeAndTimeBasedFNATP@6bf256fa - Setting initial period to Mon Jun 10 05:35:03 MSK 2019
05:35:43,260 |-WARN in ch.qos.logback.core.rolling.SizeAndTimeBasedFNATP@6bf256fa - SizeAndTimeBasedFNATP is deprecated. Use SizeAndTimeBasedRollingPolicy instead
05:35:43,260 |-WARN in ch.qos.logback.core.rolling.SizeAndTimeBasedFNATP@6bf256fa - For more information see http://logback.qos.ch/manual/appenders.html#SizeAndTimeBasedRollingPolicy
05:35:43,265 |-INFO in ch.qos.logback.core.joran.action.NestedComplexPropertyIA - Assuming default type [ch.qos.logback.classic.encoder.PatternLayoutEncoder] for [encoder] property
05:35:43,268 |-INFO in ch.qos.logback.core.rolling.RollingFileAppender[FILE] - Active log file name: /tmp/application.log
05:35:43,268 |-INFO in ch.qos.logback.core.rolling.RollingFileAppender[FILE] - File property is set to [/tmp/application.log]
05:35:43,269 |-INFO in ch.qos.logback.classic.joran.action.RootLoggerAction - Setting level of ROOT logger to WARN
05:35:43,269 |-INFO in ch.qos.logback.core.joran.action.AppenderRefAction - Attaching appender named [STDOUT] to Logger[ROOT]
05:35:43,270 |-INFO in ch.qos.logback.core.joran.action.AppenderRefAction - Attaching appender named [FILE] to Logger[ROOT]
05:35:43,270 |-INFO in ch.qos.logback.classic.joran.action.ConfigurationAction - End of configuration.
05:35:43,270 |-INFO in ch.qos.logback.classic.joran.JoranConfigurator@6cd8737 - Registering current configuration as safe fallback point

2019-06-10T05:35:44.279+0300: 1.402: [GC (Metadata GC Threshold) [PSYoungGen: 110722K->15815K(149504K)] 110722K->15895K(491008K), 0.0201950 secs] [Times: user=0.09 sys=0.02, real=0.02 secs] 
2019-06-10T05:35:44.299+0300: 1.422: [Full GC (Metadata GC Threshold) [PSYoungGen: 15815K->0K(149504K)] [ParOldGen: 80K->15078K(341504K)] 15895K->15078K(491008K), [Metaspace: 20802K->20802K(1067008K)], 0.0279541 secs] [Times: user=0.18 sys=0.00, real=0.02 secs] 
05:35:53.689 [Curator-PathChildrenCache-1] WARN  o.a.c.u.ZKPaths  - The version of ZooKeeper being used doesn't support Container nodes. CreateMode.PERSISTENT will be used instead.
2019-06-10T05:35:54.425+0300: 11.548: [GC (Metadata GC Threshold) [PSYoungGen: 122063K->16592K(149504K)] 137141K->51210K(491008K), 0.0278683 secs] [Times: user=0.22 sys=0.02, real=0.03 secs] 
2019-06-10T05:35:54.453+0300: 11.576: [Full GC (Metadata GC Threshold) [PSYoungGen: 16592K->0K(149504K)] [ParOldGen: 34617K->39766K(341504K)] 51210K->39766K(491008K), [Metaspace: 34492K->34492K(1079296K)], 0.0373655 secs] [Times: user=0.21 sys=0.00, real=0.04 secs] 
2019-06-10T05:35:59.935+0300: 17.058: [GC (Allocation Failure) [PSYoungGen: 128512K->544K(149504K)] 168278K->40318K(491008K), 0.0028302 secs] [Times: user=0.02 sys=0.00, real=0.00 secs] 
2019-06-10T05:36:06.076+0300: 23.199: [GC (Allocation Failure) [PSYoungGen: 129056K->416K(149504K)] 168830K->40198K(491008K), 0.0040903 secs] [Times: user=0.02 sys=0.00, real=0.01 secs] 
05:36:11.570 [Curator-PathChildrenCache-0] ERROR o.a.c.f.r.c.PathChildrenCache  - 
java.lang.IllegalStateException: instance must be started before calling this method
	at org.apache.curator.shaded.com.google.common.base.Preconditions.checkState(Preconditions.java:444)
	at org.apache.curator.framework.imps.CuratorFrameworkImpl.getChildren(CuratorFrameworkImpl.java:456)
	at org.apache.curator.framework.recipes.cache.PathChildrenCache.refresh(PathChildrenCache.java:521)
	at org.apache.curator.framework.recipes.cache.RefreshOperation.invoke(RefreshOperation.java:35)
	at org.apache.curator.framework.recipes.cache.PathChildrenCache$9.run(PathChildrenCache.java:786)
	at java.util.concurrent.Executors$RunnableAdapter.call(Executors.java:511)
	at java.util.concurrent.FutureTask.run(FutureTask.java:266)
	at java.util.concurrent.Executors$RunnableAdapter.call(Executors.java:511)
	at java.util.concurrent.FutureTask.run(FutureTask.java:266)
	at java.util.concurrent.ThreadPoolExecutor.runWorker(ThreadPoolExecutor.java:1149)
	at java.util.concurrent.ThreadPoolExecutor$Worker.run(ThreadPoolExecutor.java:624)
	at java.lang.Thread.run(Thread.java:748)
Heap
 PSYoungGen      total 149504K, used 32763K [0x00000000f5980000, 0x0000000100000000, 0x0000000100000000)
  eden space 128512K, 25% used [0x00000000f5980000,0x00000000f7916be0,0x00000000fd700000)
  from space 20992K, 1% used [0x00000000feb80000,0x00000000febe8030,0x0000000100000000)
  to   space 20992K, 0% used [0x00000000fd700000,0x00000000fd700000,0x00000000feb80000)
 ParOldGen       total 341504K, used 39782K [0x00000000e0c00000, 0x00000000f5980000, 0x00000000f5980000)
  object space 341504K, 11% used [0x00000000e0c00000,0x00000000e32d9af0,0x00000000f5980000)
 Metaspace       used 35705K, capacity 36590K, committed 36952K, reserved 1081344K
  class space    used 4936K, capacity 5135K, committed 5248K, reserved 1048576K
