10:47:26,888 |-INFO in ch.qos.logback.classic.LoggerContext[default] - Could NOT find resource [logback-test.xml]
10:47:26,888 |-INFO in ch.qos.logback.classic.LoggerContext[default] - Could NOT find resource [logback.groovy]
10:47:26,888 |-INFO in ch.qos.logback.classic.LoggerContext[default] - Found resource [logback.xml] at [jar:file:/home/nikitasokolov/flamestream/lib/flamestream-runtime-1.0-SNAPSHOT.jar!/logback.xml]
10:47:26,889 |-WARN in ch.qos.logback.classic.LoggerContext[default] - Resource [logback.xml] occurs multiple times on the classpath.
10:47:26,889 |-WARN in ch.qos.logback.classic.LoggerContext[default] - Resource [logback.xml] occurs at [jar:file:/home/nikitasokolov/flamestream/lib/flamestream-runtime-1.0-SNAPSHOT.jar!/logback.xml]
10:47:26,889 |-WARN in ch.qos.logback.classic.LoggerContext[default] - Resource [logback.xml] occurs at [jar:file:/home/nikitasokolov/flamestream/flamestream-runtime-1.0-SNAPSHOT.jar!/logback.xml]
10:47:26,906 |-INFO in ch.qos.logback.core.joran.spi.ConfigurationWatchList@6aaa5eb0 - URL [jar:file:/home/nikitasokolov/flamestream/lib/flamestream-runtime-1.0-SNAPSHOT.jar!/logback.xml] is not of type file
10:47:26,958 |-INFO in ch.qos.logback.classic.joran.action.ConfigurationAction - debug attribute not set
10:47:26,958 |-INFO in ch.qos.logback.core.joran.action.AppenderAction - About to instantiate appender of type [ch.qos.logback.core.ConsoleAppender]
10:47:26,965 |-INFO in ch.qos.logback.core.joran.action.AppenderAction - Naming appender as [STDOUT]
10:47:26,974 |-INFO in ch.qos.logback.core.joran.action.NestedComplexPropertyIA - Assuming default type [ch.qos.logback.classic.encoder.PatternLayoutEncoder] for [encoder] property
10:47:27,037 |-INFO in ch.qos.logback.core.joran.action.AppenderAction - About to instantiate appender of type [ch.qos.logback.core.rolling.RollingFileAppender]
10:47:27,042 |-INFO in ch.qos.logback.core.joran.action.AppenderAction - Naming appender as [FILE]
10:47:27,064 |-INFO in c.q.l.core.rolling.TimeBasedRollingPolicy@3447021 - No compression will be used
10:47:27,066 |-INFO in c.q.l.core.rolling.TimeBasedRollingPolicy@3447021 - Will use the pattern /tmp/application_%d{yyyy-MM-dd}.%i.log for the active file
10:47:27,069 |-INFO in ch.qos.logback.core.rolling.SizeAndTimeBasedFNATP@1a407d53 - The date pattern is 'yyyy-MM-dd' from file name pattern '/tmp/application_%d{yyyy-MM-dd}.%i.log'.
10:47:27,069 |-INFO in ch.qos.logback.core.rolling.SizeAndTimeBasedFNATP@1a407d53 - Roll-over at midnight.
10:47:27,073 |-INFO in ch.qos.logback.core.rolling.SizeAndTimeBasedFNATP@1a407d53 - Setting initial period to Thu Jun 06 22:00:24 MSK 2019
10:47:27,073 |-WARN in ch.qos.logback.core.rolling.SizeAndTimeBasedFNATP@1a407d53 - SizeAndTimeBasedFNATP is deprecated. Use SizeAndTimeBasedRollingPolicy instead
10:47:27,073 |-WARN in ch.qos.logback.core.rolling.SizeAndTimeBasedFNATP@1a407d53 - For more information see http://logback.qos.ch/manual/appenders.html#SizeAndTimeBasedRollingPolicy
10:47:27,076 |-INFO in ch.qos.logback.core.joran.action.NestedComplexPropertyIA - Assuming default type [ch.qos.logback.classic.encoder.PatternLayoutEncoder] for [encoder] property
10:47:27,079 |-INFO in ch.qos.logback.core.rolling.RollingFileAppender[FILE] - Active log file name: /tmp/application.log
10:47:27,079 |-INFO in ch.qos.logback.core.rolling.RollingFileAppender[FILE] - File property is set to [/tmp/application.log]
10:47:27,080 |-ERROR in ch.qos.logback.core.rolling.RollingFileAppender[FILE] - openFile(/tmp/application.log,true) call failed. java.io.FileNotFoundException: /tmp/application.log (Permission denied)
	at java.io.FileNotFoundException: /tmp/application.log (Permission denied)
	at 	at java.io.FileOutputStream.open0(Native Method)
	at 	at java.io.FileOutputStream.open(FileOutputStream.java:270)
	at 	at java.io.FileOutputStream.<init>(FileOutputStream.java:213)
	at 	at ch.qos.logback.core.recovery.ResilientFileOutputStream.<init>(ResilientFileOutputStream.java:26)
	at 	at ch.qos.logback.core.FileAppender.openFile(FileAppender.java:204)
	at 	at ch.qos.logback.core.FileAppender.start(FileAppender.java:127)
	at 	at ch.qos.logback.core.rolling.RollingFileAppender.start(RollingFileAppender.java:100)
	at 	at ch.qos.logback.core.joran.action.AppenderAction.end(AppenderAction.java:90)
	at 	at ch.qos.logback.core.joran.spi.Interpreter.callEndAction(Interpreter.java:309)
	at 	at ch.qos.logback.core.joran.spi.Interpreter.endElement(Interpreter.java:193)
	at 	at ch.qos.logback.core.joran.spi.Interpreter.endElement(Interpreter.java:179)
	at 	at ch.qos.logback.core.joran.spi.EventPlayer.play(EventPlayer.java:62)
	at 	at ch.qos.logback.core.joran.GenericConfigurator.doConfigure(GenericConfigurator.java:165)
	at 	at ch.qos.logback.core.joran.GenericConfigurator.doConfigure(GenericConfigurator.java:152)
	at 	at ch.qos.logback.core.joran.GenericConfigurator.doConfigure(GenericConfigurator.java:110)
	at 	at ch.qos.logback.core.joran.GenericConfigurator.doConfigure(GenericConfigurator.java:53)
	at 	at ch.qos.logback.classic.util.ContextInitializer.configureByResource(ContextInitializer.java:75)
	at 	at ch.qos.logback.classic.util.ContextInitializer.autoConfig(ContextInitializer.java:150)
	at 	at org.slf4j.impl.StaticLoggerBinder.init(StaticLoggerBinder.java:84)
	at 	at org.slf4j.impl.StaticLoggerBinder.<clinit>(StaticLoggerBinder.java:55)
	at 	at org.slf4j.LoggerFactory.bind(LoggerFactory.java:150)
	at 	at org.slf4j.LoggerFactory.performInitialization(LoggerFactory.java:124)
	at 	at org.slf4j.LoggerFactory.getILoggerFactory(LoggerFactory.java:412)
	at 	at org.slf4j.LoggerFactory.getLogger(LoggerFactory.java:357)
	at 	at org.slf4j.LoggerFactory.getLogger(LoggerFactory.java:383)
	at 	at com.spbsu.flamestream.runtime.WorkerApplication.<init>(WorkerApplication.java:26)
	at 	at com.spbsu.flamestream.runtime.WorkerApplication.main(WorkerApplication.java:68)
10:47:27,080 |-INFO in ch.qos.logback.classic.joran.action.RootLoggerAction - Setting level of ROOT logger to WARN
10:47:27,080 |-INFO in ch.qos.logback.core.joran.action.AppenderRefAction - Attaching appender named [STDOUT] to Logger[ROOT]
10:47:27,081 |-INFO in ch.qos.logback.core.joran.action.AppenderRefAction - Attaching appender named [FILE] to Logger[ROOT]
10:47:27,081 |-INFO in ch.qos.logback.classic.joran.action.ConfigurationAction - End of configuration.
10:47:27,081 |-INFO in ch.qos.logback.classic.joran.JoranConfigurator@21bcffb5 - Registering current configuration as safe fallback point

Ama winner
Ama winner
2019-06-09T10:47:28.081+0300: 1.401: [GC (Metadata GC Threshold) [PSYoungGen: 92669K->15879K(149504K)] 92669K->15959K(491008K), 0.0167901 secs] [Times: user=0.06 sys=0.02, real=0.02 secs] 
2019-06-09T10:47:28.098+0300: 1.418: [Full GC (Metadata GC Threshold) [PSYoungGen: 15879K->0K(149504K)] [ParOldGen: 80K->15102K(341504K)] 15959K->15102K(491008K), [Metaspace: 20803K->20803K(1067008K)], 0.0243393 secs] [Times: user=0.16 sys=0.00, real=0.02 secs] 
10:47:35.326 [Curator-PathChildrenCache-1] WARN  o.a.c.u.ZKPaths  - The version of ZooKeeper being used doesn't support Container nodes. CreateMode.PERSISTENT will be used instead.
2019-06-09T10:47:36.193+0300: 9.514: [GC (Allocation Failure) [PSYoungGen: 128512K->15747K(149504K)] 143614K->50390K(491008K), 0.0261251 secs] [Times: user=0.21 sys=0.03, real=0.02 secs] 
2019-06-09T10:47:36.769+0300: 10.089: [GC (Metadata GC Threshold) [PSYoungGen: 45947K->5557K(149504K)] 80589K->40207K(491008K), 0.0051334 secs] [Times: user=0.05 sys=0.00, real=0.01 secs] 
2019-06-09T10:47:36.774+0300: 10.094: [Full GC (Metadata GC Threshold) [PSYoungGen: 5557K->0K(149504K)] [ParOldGen: 34650K->29117K(341504K)] 40207K->29117K(491008K), [Metaspace: 34563K->34563K(1079296K)], 0.0515213 secs] [Times: user=0.34 sys=0.01, real=0.05 secs] 
2019-06-09T10:47:38.512+0300: 11.833: [GC (Allocation Failure) [PSYoungGen: 128512K->608K(149504K)] 157629K->29733K(491008K), 0.0022022 secs] [Times: user=0.01 sys=0.01, real=0.00 secs] 
2019-06-09T10:47:40.809+0300: 14.129: [GC (Allocation Failure) [PSYoungGen: 129120K->672K(129536K)] 158245K->29806K(471040K), 0.0034421 secs] [Times: user=0.02 sys=0.00, real=0.00 secs] 
2019-06-09T10:47:42.575+0300: 15.895: [GC (Allocation Failure) [PSYoungGen: 129184K->832K(149504K)] 158318K->29974K(491008K), 0.0028559 secs] [Times: user=0.02 sys=0.00, real=0.00 secs] 
2019-06-09T10:47:44.370+0300: 17.690: [GC (Allocation Failure) [PSYoungGen: 128832K->768K(148992K)] 157974K->29918K(490496K), 0.0027210 secs] [Times: user=0.01 sys=0.01, real=0.01 secs] 
2019-06-09T10:47:45.844+0300: 19.165: [GC (Allocation Failure) [PSYoungGen: 128768K->832K(151040K)] 157918K->29982K(492544K), 0.0033420 secs] [Times: user=0.02 sys=0.01, real=0.00 secs] 
2019-06-09T10:47:47.289+0300: 20.610: [GC (Allocation Failure) [PSYoungGen: 131392K->864K(150016K)] 160542K->30022K(491520K), 0.0036739 secs] [Times: user=0.01 sys=0.00, real=0.01 secs] 
2019-06-09T10:47:48.935+0300: 22.255: [GC (Allocation Failure) [PSYoungGen: 131424K->896K(152576K)] 160582K->30054K(494080K), 0.0033462 secs] [Times: user=0.02 sys=0.00, real=0.00 secs] 
2019-06-09T10:47:50.490+0300: 23.810: [GC (Allocation Failure) [PSYoungGen: 134528K->896K(151552K)] 163686K->30054K(493056K), 0.0021571 secs] [Times: user=0.01 sys=0.00, real=0.00 secs] 
2019-06-09T10:47:52.150+0300: 25.471: [GC (Allocation Failure) [PSYoungGen: 134528K->992K(154112K)] 163686K->30158K(495616K), 0.0026969 secs] [Times: user=0.01 sys=0.00, real=0.01 secs] 
2019-06-09T10:47:54.269+0300: 27.589: [GC (Allocation Failure) [PSYoungGen: 137696K->1088K(153088K)] 166862K->30254K(494592K), 0.0027781 secs] [Times: user=0.01 sys=0.01, real=0.00 secs] 
10:48:01.850 [Curator-PathChildrenCache-0] ERROR o.a.c.f.r.c.PathChildrenCache  - 
java.lang.IllegalStateException: instance must be started before calling this method
	at org.apache.curator.shaded.com.google.common.base.Preconditions.checkState(Preconditions.java:444)
	at org.apache.curator.framework.imps.CuratorFrameworkImpl.getChildren(CuratorFrameworkImpl.java:456)
	at org.apache.curator.framework.recipes.cache.PathChildrenCache.refresh(PathChildrenCache.java:521)
	at org.apache.curator.framework.recipes.cache.RefreshOperation.invoke(RefreshOperation.java:35)
	at org.apache.curator.framework.recipes.cache.PathChildrenCache$9.run(PathChildrenCache.java:786)
	at java.util.concurrent.Executors$RunnableAdapter.call(Executors.java:511)
	at java.util.concurrent.FutureTask.run(FutureTask.java:266)
	at java.util.concurrent.Executors$RunnableAdapter.call(Executors.java:511)
	at java.util.concurrent.FutureTask.run(FutureTask.java:266)
	at java.util.concurrent.ThreadPoolExecutor.runWorker(ThreadPoolExecutor.java:1149)
	at java.util.concurrent.ThreadPoolExecutor$Worker.run(ThreadPoolExecutor.java:624)
	at java.lang.Thread.run(Thread.java:748)
10:48:02.946 [worker-akka.actor.default-dispatcher-3] ERROR c.s.f.r.WorkerApplication  - Something went wrong during trace flush
java.nio.file.AccessDeniedException: /tmp/trace.csv
	at sun.nio.fs.UnixException.translateToIOException(UnixException.java:84)
	at sun.nio.fs.UnixException.rethrowAsIOException(UnixException.java:102)
	at sun.nio.fs.UnixException.rethrowAsIOException(UnixException.java:107)
	at sun.nio.fs.UnixFileSystemProvider.newByteChannel(UnixFileSystemProvider.java:214)
	at java.nio.file.spi.FileSystemProvider.newOutputStream(FileSystemProvider.java:434)
	at java.nio.file.Files.newOutputStream(Files.java:216)
	at java.nio.file.Files.newBufferedWriter(Files.java:2860)
	at java.nio.file.Files.newBufferedWriter(Files.java:2896)
	at com.spbsu.flamestream.runtime.utils.tracing.Tracing.flush(Tracing.java:35)
	at com.spbsu.flamestream.runtime.WorkerApplication.lambda$run$0(WorkerApplication.java:109)
	at akka.actor.ActorSystemImpl$TerminationCallbacks$$anonfun$addRec$1$1.applyOrElse(ActorSystem.scala:1036)
	at akka.actor.ActorSystemImpl$TerminationCallbacks$$anonfun$addRec$1$1.applyOrElse(ActorSystem.scala:1036)
	at scala.concurrent.Future$$anonfun$andThen$1.apply(Future.scala:436)
	at scala.concurrent.Future$$anonfun$andThen$1.apply(Future.scala:435)
	at scala.concurrent.impl.CallbackRunnable.run(Promise.scala:36)
	at akka.dispatch.BatchingExecutor$AbstractBatch.processBatch(BatchingExecutor.scala:55)
	at akka.dispatch.BatchingExecutor$BlockableBatch$$anonfun$run$1.apply$mcV$sp(BatchingExecutor.scala:91)
	at akka.dispatch.BatchingExecutor$BlockableBatch$$anonfun$run$1.apply(BatchingExecutor.scala:91)
	at akka.dispatch.BatchingExecutor$BlockableBatch$$anonfun$run$1.apply(BatchingExecutor.scala:91)
	at scala.concurrent.BlockContext$.withBlockContext(BlockContext.scala:72)
	at akka.dispatch.BatchingExecutor$BlockableBatch.run(BatchingExecutor.scala:90)
	at akka.dispatch.TaskInvocation.run(AbstractDispatcher.scala:40)
	at akka.dispatch.ForkJoinExecutorConfigurator$AkkaForkJoinTask.exec(ForkJoinExecutorConfigurator.scala:44)
	at akka.dispatch.forkjoin.ForkJoinTask.doExec(ForkJoinTask.java:260)
	at akka.dispatch.forkjoin.ForkJoinPool$WorkQueue.runTask(ForkJoinPool.java:1339)
	at akka.dispatch.forkjoin.ForkJoinPool.runWorker(ForkJoinPool.java:1979)
	at akka.dispatch.forkjoin.ForkJoinWorkerThread.run(ForkJoinWorkerThread.java:107)
Heap
 PSYoungGen      total 153088K, used 119272K [0x00000000f5980000, 0x0000000100000000, 0x0000000100000000)
  eden space 136704K, 86% used [0x00000000f5980000,0x00000000fccea268,0x00000000fdf00000)
  from space 16384K, 6% used [0x00000000fdf00000,0x00000000fe0100e0,0x00000000fef00000)
  to   space 15872K, 0% used [0x00000000ff080000,0x00000000ff080000,0x0000000100000000)
 ParOldGen       total 341504K, used 29165K [0x00000000e0c00000, 0x00000000f5980000, 0x00000000f5980000)
  object space 341504K, 8% used [0x00000000e0c00000,0x00000000e287b7c8,0x00000000f5980000)
 Metaspace       used 35783K, capacity 36616K, committed 36952K, reserved 1081344K
  class space    used 4928K, capacity 5128K, committed 5248K, reserved 1048576K
