19:34:17,483 |-INFO in ch.qos.logback.classic.LoggerContext[default] - Could NOT find resource [logback-test.xml]
19:34:17,483 |-INFO in ch.qos.logback.classic.LoggerContext[default] - Could NOT find resource [logback.groovy]
19:34:17,484 |-INFO in ch.qos.logback.classic.LoggerContext[default] - Found resource [logback.xml] at [jar:file:/home/nikitasokolov/flamestream/lib/flamestream-runtime-1.0-SNAPSHOT.jar!/logback.xml]
19:34:17,484 |-WARN in ch.qos.logback.classic.LoggerContext[default] - Resource [logback.xml] occurs multiple times on the classpath.
19:34:17,484 |-WARN in ch.qos.logback.classic.LoggerContext[default] - Resource [logback.xml] occurs at [jar:file:/home/nikitasokolov/flamestream/lib/flamestream-runtime-1.0-SNAPSHOT.jar!/logback.xml]
19:34:17,484 |-WARN in ch.qos.logback.classic.LoggerContext[default] - Resource [logback.xml] occurs at [jar:file:/home/nikitasokolov/flamestream/flamestream-runtime-1.0-SNAPSHOT.jar!/logback.xml]
19:34:17,500 |-INFO in ch.qos.logback.core.joran.spi.ConfigurationWatchList@6108b2d7 - URL [jar:file:/home/nikitasokolov/flamestream/lib/flamestream-runtime-1.0-SNAPSHOT.jar!/logback.xml] is not of type file
19:34:17,551 |-INFO in ch.qos.logback.classic.joran.action.ConfigurationAction - debug attribute not set
19:34:17,551 |-INFO in ch.qos.logback.core.joran.action.AppenderAction - About to instantiate appender of type [ch.qos.logback.core.ConsoleAppender]
19:34:17,559 |-INFO in ch.qos.logback.core.joran.action.AppenderAction - Naming appender as [STDOUT]
19:34:17,567 |-INFO in ch.qos.logback.core.joran.action.NestedComplexPropertyIA - Assuming default type [ch.qos.logback.classic.encoder.PatternLayoutEncoder] for [encoder] property
19:34:17,624 |-INFO in ch.qos.logback.core.joran.action.AppenderAction - About to instantiate appender of type [ch.qos.logback.core.rolling.RollingFileAppender]
19:34:17,630 |-INFO in ch.qos.logback.core.joran.action.AppenderAction - Naming appender as [FILE]
19:34:17,653 |-INFO in c.q.l.core.rolling.TimeBasedRollingPolicy@357863579 - No compression will be used
19:34:17,654 |-INFO in c.q.l.core.rolling.TimeBasedRollingPolicy@357863579 - Will use the pattern /tmp/application_%d{yyyy-MM-dd}.%i.log for the active file
19:34:17,657 |-INFO in ch.qos.logback.core.rolling.SizeAndTimeBasedFNATP@6bf256fa - The date pattern is 'yyyy-MM-dd' from file name pattern '/tmp/application_%d{yyyy-MM-dd}.%i.log'.
19:34:17,657 |-INFO in ch.qos.logback.core.rolling.SizeAndTimeBasedFNATP@6bf256fa - Roll-over at midnight.
19:34:17,661 |-INFO in ch.qos.logback.core.rolling.SizeAndTimeBasedFNATP@6bf256fa - Setting initial period to Sun Jun 09 19:33:35 MSK 2019
19:34:17,661 |-WARN in ch.qos.logback.core.rolling.SizeAndTimeBasedFNATP@6bf256fa - SizeAndTimeBasedFNATP is deprecated. Use SizeAndTimeBasedRollingPolicy instead
19:34:17,661 |-WARN in ch.qos.logback.core.rolling.SizeAndTimeBasedFNATP@6bf256fa - For more information see http://logback.qos.ch/manual/appenders.html#SizeAndTimeBasedRollingPolicy
19:34:17,665 |-INFO in ch.qos.logback.core.joran.action.NestedComplexPropertyIA - Assuming default type [ch.qos.logback.classic.encoder.PatternLayoutEncoder] for [encoder] property
19:34:17,668 |-INFO in ch.qos.logback.core.rolling.RollingFileAppender[FILE] - Active log file name: /tmp/application.log
19:34:17,668 |-INFO in ch.qos.logback.core.rolling.RollingFileAppender[FILE] - File property is set to [/tmp/application.log]
19:34:17,669 |-INFO in ch.qos.logback.classic.joran.action.RootLoggerAction - Setting level of ROOT logger to WARN
19:34:17,669 |-INFO in ch.qos.logback.core.joran.action.AppenderRefAction - Attaching appender named [STDOUT] to Logger[ROOT]
19:34:17,669 |-INFO in ch.qos.logback.core.joran.action.AppenderRefAction - Attaching appender named [FILE] to Logger[ROOT]
19:34:17,669 |-INFO in ch.qos.logback.classic.joran.action.ConfigurationAction - End of configuration.
19:34:17,670 |-INFO in ch.qos.logback.classic.joran.JoranConfigurator@6cd8737 - Registering current configuration as safe fallback point

2019-06-09T19:34:18.640+0300: 1.356: [GC (Metadata GC Threshold) [PSYoungGen: 108151K->15845K(149504K)] 108151K->15925K(491008K), 0.0204895 secs] [Times: user=0.10 sys=0.03, real=0.02 secs] 
2019-06-09T19:34:18.661+0300: 1.376: [Full GC (Metadata GC Threshold) [PSYoungGen: 15845K->0K(149504K)] [ParOldGen: 80K->14982K(341504K)] 15925K->14982K(491008K), [Metaspace: 20802K->20802K(1067008K)], 0.0256135 secs] [Times: user=0.16 sys=0.01, real=0.02 secs] 
19:34:26.274 [Curator-PathChildrenCache-1] WARN  o.a.c.u.ZKPaths  - The version of ZooKeeper being used doesn't support Container nodes. CreateMode.PERSISTENT will be used instead.
2019-06-09T19:34:27.474+0300: 10.189: [GC (Metadata GC Threshold) [PSYoungGen: 127273K->15630K(149504K)] 142255K->50152K(491008K), 0.0271950 secs] [Times: user=0.23 sys=0.01, real=0.03 secs] 
2019-06-09T19:34:27.501+0300: 10.216: [Full GC (Metadata GC Threshold) [PSYoungGen: 15630K->0K(149504K)] [ParOldGen: 34521K->38673K(341504K)] 50152K->38673K(491008K), [Metaspace: 34561K->34561K(1079296K)], 0.0367117 secs] [Times: user=0.19 sys=0.01, real=0.04 secs] 
2019-06-09T19:34:42.025+0300: 24.740: [GC (Allocation Failure) [PSYoungGen: 128512K->384K(149504K)] 167185K->39065K(491008K), 0.0052700 secs] [Times: user=0.03 sys=0.01, real=0.01 secs] 
2019-06-09T19:34:57.858+0300: 40.574: [GC (Allocation Failure) [PSYoungGen: 128896K->320K(149504K)] 167577K->39009K(491008K), 0.0111764 secs] [Times: user=0.11 sys=0.01, real=0.01 secs] 
2019-06-09T19:35:13.962+0300: 56.678: [GC (Allocation Failure) [PSYoungGen: 128832K->448K(129024K)] 167521K->39145K(470528K), 0.0026971 secs] [Times: user=0.02 sys=0.00, real=0.00 secs] 
19:35:34.026 [Curator-PathChildrenCache-0] ERROR o.a.c.f.r.c.PathChildrenCache  - 
java.lang.IllegalStateException: instance must be started before calling this method
	at org.apache.curator.shaded.com.google.common.base.Preconditions.checkState(Preconditions.java:444)
	at org.apache.curator.framework.imps.CuratorFrameworkImpl.getChildren(CuratorFrameworkImpl.java:456)
	at org.apache.curator.framework.recipes.cache.PathChildrenCache.refresh(PathChildrenCache.java:521)
	at org.apache.curator.framework.recipes.cache.RefreshOperation.invoke(RefreshOperation.java:35)
	at org.apache.curator.framework.recipes.cache.PathChildrenCache$9.run(PathChildrenCache.java:786)
	at java.util.concurrent.Executors$RunnableAdapter.call(Executors.java:511)
	at java.util.concurrent.FutureTask.run(FutureTask.java:266)
	at java.util.concurrent.Executors$RunnableAdapter.call(Executors.java:511)
	at java.util.concurrent.FutureTask.run(FutureTask.java:266)
	at java.util.concurrent.ThreadPoolExecutor.runWorker(ThreadPoolExecutor.java:1149)
	at java.util.concurrent.ThreadPoolExecutor$Worker.run(ThreadPoolExecutor.java:624)
	at java.lang.Thread.run(Thread.java:748)
Heap
 PSYoungGen      total 129024K, used 83349K [0x00000000f5980000, 0x0000000100000000, 0x0000000100000000)
  eden space 128512K, 64% used [0x00000000f5980000,0x00000000faa75480,0x00000000fd700000)
  from space 512K, 87% used [0x00000000fd700000,0x00000000fd770010,0x00000000fd780000)
  to   space 21504K, 0% used [0x00000000feb00000,0x00000000feb00000,0x0000000100000000)
 ParOldGen       total 341504K, used 38697K [0x00000000e0c00000, 0x00000000f5980000, 0x00000000f5980000)
  object space 341504K, 11% used [0x00000000e0c00000,0x00000000e31ca530,0x00000000f5980000)
 Metaspace       used 35950K, capacity 36830K, committed 37208K, reserved 1081344K
  class space    used 4977K, capacity 5161K, committed 5248K, reserved 1048576K
