09:23:56,967 |-INFO in ch.qos.logback.classic.LoggerContext[default] - Could NOT find resource [logback-test.xml]
09:23:56,967 |-INFO in ch.qos.logback.classic.LoggerContext[default] - Could NOT find resource [logback.groovy]
09:23:56,967 |-INFO in ch.qos.logback.classic.LoggerContext[default] - Found resource [logback.xml] at [jar:file:/home/nikitasokolov/flamestream/lib/flamestream-runtime-1.0-SNAPSHOT.jar!/logback.xml]
09:23:56,968 |-WARN in ch.qos.logback.classic.LoggerContext[default] - Resource [logback.xml] occurs multiple times on the classpath.
09:23:56,968 |-WARN in ch.qos.logback.classic.LoggerContext[default] - Resource [logback.xml] occurs at [jar:file:/home/nikitasokolov/flamestream/lib/flamestream-runtime-1.0-SNAPSHOT.jar!/logback.xml]
09:23:56,968 |-WARN in ch.qos.logback.classic.LoggerContext[default] - Resource [logback.xml] occurs at [jar:file:/home/nikitasokolov/flamestream/flamestream-runtime-1.0-SNAPSHOT.jar!/logback.xml]
09:23:56,983 |-INFO in ch.qos.logback.core.joran.spi.ConfigurationWatchList@6bf256fa - URL [jar:file:/home/nikitasokolov/flamestream/lib/flamestream-runtime-1.0-SNAPSHOT.jar!/logback.xml] is not of type file
09:23:57,035 |-INFO in ch.qos.logback.classic.joran.action.ConfigurationAction - debug attribute not set
09:23:57,035 |-INFO in ch.qos.logback.core.joran.action.AppenderAction - About to instantiate appender of type [ch.qos.logback.core.ConsoleAppender]
09:23:57,043 |-INFO in ch.qos.logback.core.joran.action.AppenderAction - Naming appender as [STDOUT]
09:23:57,050 |-INFO in ch.qos.logback.core.joran.action.NestedComplexPropertyIA - Assuming default type [ch.qos.logback.classic.encoder.PatternLayoutEncoder] for [encoder] property
09:23:57,106 |-INFO in ch.qos.logback.core.joran.action.AppenderAction - About to instantiate appender of type [ch.qos.logback.core.rolling.RollingFileAppender]
09:23:57,111 |-INFO in ch.qos.logback.core.joran.action.AppenderAction - Naming appender as [FILE]
09:23:57,133 |-INFO in c.q.l.core.rolling.TimeBasedRollingPolicy@114132791 - No compression will be used
09:23:57,134 |-INFO in c.q.l.core.rolling.TimeBasedRollingPolicy@114132791 - Will use the pattern /tmp/application_%d{yyyy-MM-dd}.%i.log for the active file
09:23:57,137 |-INFO in ch.qos.logback.core.rolling.SizeAndTimeBasedFNATP@22f71333 - The date pattern is 'yyyy-MM-dd' from file name pattern '/tmp/application_%d{yyyy-MM-dd}.%i.log'.
09:23:57,137 |-INFO in ch.qos.logback.core.rolling.SizeAndTimeBasedFNATP@22f71333 - Roll-over at midnight.
09:23:57,141 |-INFO in ch.qos.logback.core.rolling.SizeAndTimeBasedFNATP@22f71333 - Setting initial period to Thu Jun 06 22:00:24 MSK 2019
09:23:57,142 |-WARN in ch.qos.logback.core.rolling.SizeAndTimeBasedFNATP@22f71333 - SizeAndTimeBasedFNATP is deprecated. Use SizeAndTimeBasedRollingPolicy instead
09:23:57,142 |-WARN in ch.qos.logback.core.rolling.SizeAndTimeBasedFNATP@22f71333 - For more information see http://logback.qos.ch/manual/appenders.html#SizeAndTimeBasedRollingPolicy
09:23:57,145 |-INFO in ch.qos.logback.core.joran.action.NestedComplexPropertyIA - Assuming default type [ch.qos.logback.classic.encoder.PatternLayoutEncoder] for [encoder] property
09:23:57,148 |-INFO in ch.qos.logback.core.rolling.RollingFileAppender[FILE] - Active log file name: /tmp/application.log
09:23:57,148 |-INFO in ch.qos.logback.core.rolling.RollingFileAppender[FILE] - File property is set to [/tmp/application.log]
09:23:57,149 |-ERROR in ch.qos.logback.core.rolling.RollingFileAppender[FILE] - openFile(/tmp/application.log,true) call failed. java.io.FileNotFoundException: /tmp/application.log (Permission denied)
	at java.io.FileNotFoundException: /tmp/application.log (Permission denied)
	at 	at java.io.FileOutputStream.open0(Native Method)
	at 	at java.io.FileOutputStream.open(FileOutputStream.java:270)
	at 	at java.io.FileOutputStream.<init>(FileOutputStream.java:213)
	at 	at ch.qos.logback.core.recovery.ResilientFileOutputStream.<init>(ResilientFileOutputStream.java:26)
	at 	at ch.qos.logback.core.FileAppender.openFile(FileAppender.java:204)
	at 	at ch.qos.logback.core.FileAppender.start(FileAppender.java:127)
	at 	at ch.qos.logback.core.rolling.RollingFileAppender.start(RollingFileAppender.java:100)
	at 	at ch.qos.logback.core.joran.action.AppenderAction.end(AppenderAction.java:90)
	at 	at ch.qos.logback.core.joran.spi.Interpreter.callEndAction(Interpreter.java:309)
	at 	at ch.qos.logback.core.joran.spi.Interpreter.endElement(Interpreter.java:193)
	at 	at ch.qos.logback.core.joran.spi.Interpreter.endElement(Interpreter.java:179)
	at 	at ch.qos.logback.core.joran.spi.EventPlayer.play(EventPlayer.java:62)
	at 	at ch.qos.logback.core.joran.GenericConfigurator.doConfigure(GenericConfigurator.java:165)
	at 	at ch.qos.logback.core.joran.GenericConfigurator.doConfigure(GenericConfigurator.java:152)
	at 	at ch.qos.logback.core.joran.GenericConfigurator.doConfigure(GenericConfigurator.java:110)
	at 	at ch.qos.logback.core.joran.GenericConfigurator.doConfigure(GenericConfigurator.java:53)
	at 	at ch.qos.logback.classic.util.ContextInitializer.configureByResource(ContextInitializer.java:75)
	at 	at ch.qos.logback.classic.util.ContextInitializer.autoConfig(ContextInitializer.java:150)
	at 	at org.slf4j.impl.StaticLoggerBinder.init(StaticLoggerBinder.java:84)
	at 	at org.slf4j.impl.StaticLoggerBinder.<clinit>(StaticLoggerBinder.java:55)
	at 	at org.slf4j.LoggerFactory.bind(LoggerFactory.java:150)
	at 	at org.slf4j.LoggerFactory.performInitialization(LoggerFactory.java:124)
	at 	at org.slf4j.LoggerFactory.getILoggerFactory(LoggerFactory.java:412)
	at 	at org.slf4j.LoggerFactory.getLogger(LoggerFactory.java:357)
	at 	at org.slf4j.LoggerFactory.getLogger(LoggerFactory.java:383)
	at 	at com.spbsu.flamestream.runtime.WorkerApplication.<init>(WorkerApplication.java:26)
	at 	at com.spbsu.flamestream.runtime.WorkerApplication.main(WorkerApplication.java:68)
09:23:57,149 |-INFO in ch.qos.logback.classic.joran.action.RootLoggerAction - Setting level of ROOT logger to WARN
09:23:57,149 |-INFO in ch.qos.logback.core.joran.action.AppenderRefAction - Attaching appender named [STDOUT] to Logger[ROOT]
09:23:57,149 |-INFO in ch.qos.logback.core.joran.action.AppenderRefAction - Attaching appender named [FILE] to Logger[ROOT]
09:23:57,149 |-INFO in ch.qos.logback.classic.joran.action.ConfigurationAction - End of configuration.
09:23:57,150 |-INFO in ch.qos.logback.classic.joran.JoranConfigurator@3498ed - Registering current configuration as safe fallback point

2019-06-09T09:23:58.187+0300: 1.412: [GC (Metadata GC Threshold) [PSYoungGen: 97801K->15921K(149504K)] 97801K->16001K(491008K), 0.0240200 secs] [Times: user=0.10 sys=0.04, real=0.02 secs] 
2019-06-09T09:23:58.211+0300: 1.436: [Full GC (Metadata GC Threshold) [PSYoungGen: 15921K->0K(149504K)] [ParOldGen: 80K->14984K(341504K)] 16001K->14984K(491008K), [Metaspace: 20804K->20804K(1067008K)], 0.0250984 secs] [Times: user=0.15 sys=0.02, real=0.03 secs] 
09:24:10.970 [Curator-PathChildrenCache-2] WARN  o.a.c.u.ZKPaths  - The version of ZooKeeper being used doesn't support Container nodes. CreateMode.PERSISTENT will be used instead.
2019-06-09T09:24:11.551+0300: 14.776: [GC (Allocation Failure) [PSYoungGen: 128512K->16530K(149504K)] 143496K->51054K(491008K), 0.0261510 secs] [Times: user=0.20 sys=0.02, real=0.03 secs] 
2019-06-09T09:24:11.720+0300: 14.945: [GC (Metadata GC Threshold) [PSYoungGen: 27783K->6222K(149504K)] 62306K->40753K(491008K), 0.0048956 secs] [Times: user=0.04 sys=0.00, real=0.01 secs] 
2019-06-09T09:24:11.725+0300: 14.950: [Full GC (Metadata GC Threshold) [PSYoungGen: 6222K->0K(149504K)] [ParOldGen: 34531K->29839K(341504K)] 40753K->29839K(491008K), [Metaspace: 34487K->34483K(1079296K)], 0.0322920 secs] [Times: user=0.18 sys=0.00, real=0.03 secs] 
2019-06-09T09:24:14.521+0300: 17.747: [GC (Allocation Failure) [PSYoungGen: 128512K->640K(149504K)] 158351K->30487K(491008K), 0.0043044 secs] [Times: user=0.02 sys=0.00, real=0.01 secs] 
2019-06-09T09:24:17.445+0300: 20.671: [GC (Allocation Failure) [PSYoungGen: 129152K->576K(129536K)] 158999K->30431K(471040K), 0.0021629 secs] [Times: user=0.01 sys=0.00, real=0.00 secs] 
2019-06-09T09:24:20.441+0300: 23.667: [GC (Allocation Failure) [PSYoungGen: 129088K->608K(148480K)] 158943K->30471K(489984K), 0.0052185 secs] [Times: user=0.04 sys=0.00, real=0.01 secs] 
2019-06-09T09:24:23.392+0300: 26.618: [GC (Allocation Failure) [PSYoungGen: 126560K->800K(147968K)] 156423K->30671K(489472K), 0.0028113 secs] [Times: user=0.01 sys=0.00, real=0.01 secs] 
2019-06-09T09:24:26.348+0300: 29.573: [GC (Allocation Failure) [PSYoungGen: 126752K->768K(150016K)] 156623K->30647K(491520K), 0.0052970 secs] [Times: user=0.04 sys=0.00, real=0.00 secs] 
2019-06-09T09:24:29.385+0300: 32.610: [GC (Allocation Failure) [PSYoungGen: 129792K->832K(149504K)] 159671K->30719K(491008K), 0.0028057 secs] [Times: user=0.01 sys=0.00, real=0.00 secs] 
2019-06-09T09:24:32.430+0300: 35.655: [GC (Allocation Failure) [PSYoungGen: 129856K->800K(151552K)] 159743K->30695K(493056K), 0.0644793 secs] [Times: user=0.01 sys=0.00, real=0.07 secs] 
2019-06-09T09:24:35.513+0300: 38.738: [GC (Allocation Failure) [PSYoungGen: 132896K->832K(151040K)] 162791K->30727K(492544K), 0.0040721 secs] [Times: user=0.01 sys=0.02, real=0.01 secs] 
2019-06-09T09:24:38.627+0300: 41.852: [GC (Allocation Failure) [PSYoungGen: 132928K->800K(153088K)] 162823K->30695K(494592K), 0.0029679 secs] [Times: user=0.01 sys=0.00, real=0.00 secs] 
2019-06-09T09:24:41.821+0300: 45.047: [GC (Allocation Failure) [PSYoungGen: 135968K->768K(152576K)] 165863K->30671K(494080K), 0.0034283 secs] [Times: user=0.01 sys=0.00, real=0.01 secs] 
2019-06-09T09:24:45.041+0300: 48.266: [GC (Allocation Failure) [PSYoungGen: 135936K->704K(154624K)] 165839K->30607K(496128K), 0.0028898 secs] [Times: user=0.01 sys=0.00, real=0.01 secs] 
2019-06-09T09:24:56.938+0300: 60.163: [GC (Allocation Failure) [PSYoungGen: 138944K->1178K(154112K)] 168847K->31089K(495616K), 0.0038582 secs] [Times: user=0.04 sys=0.01, real=0.01 secs] 
09:24:56.948 [Curator-PathChildrenCache-0] ERROR o.a.c.f.r.c.PathChildrenCache  - 
java.lang.IllegalStateException: instance must be started before calling this method
	at org.apache.curator.shaded.com.google.common.base.Preconditions.checkState(Preconditions.java:444)
	at org.apache.curator.framework.imps.CuratorFrameworkImpl.getChildren(CuratorFrameworkImpl.java:456)
	at org.apache.curator.framework.recipes.cache.PathChildrenCache.refresh(PathChildrenCache.java:521)
	at org.apache.curator.framework.recipes.cache.RefreshOperation.invoke(RefreshOperation.java:35)
	at org.apache.curator.framework.recipes.cache.PathChildrenCache$9.run(PathChildrenCache.java:786)
	at java.util.concurrent.Executors$RunnableAdapter.call(Executors.java:511)
	at java.util.concurrent.FutureTask.run(FutureTask.java:266)
	at java.util.concurrent.Executors$RunnableAdapter.call(Executors.java:511)
	at java.util.concurrent.FutureTask.run(FutureTask.java:266)
	at java.util.concurrent.ThreadPoolExecutor.runWorker(ThreadPoolExecutor.java:1149)
	at java.util.concurrent.ThreadPoolExecutor$Worker.run(ThreadPoolExecutor.java:624)
	at java.lang.Thread.run(Thread.java:748)
09:24:57.039 [worker-akka.actor.default-dispatcher-2] ERROR c.s.f.r.WorkerApplication  - Something went wrong during trace flush
java.nio.file.AccessDeniedException: /tmp/trace.csv
	at sun.nio.fs.UnixException.translateToIOException(UnixException.java:84)
	at sun.nio.fs.UnixException.rethrowAsIOException(UnixException.java:102)
	at sun.nio.fs.UnixException.rethrowAsIOException(UnixException.java:107)
	at sun.nio.fs.UnixFileSystemProvider.newByteChannel(UnixFileSystemProvider.java:214)
	at java.nio.file.spi.FileSystemProvider.newOutputStream(FileSystemProvider.java:434)
	at java.nio.file.Files.newOutputStream(Files.java:216)
	at java.nio.file.Files.newBufferedWriter(Files.java:2860)
	at java.nio.file.Files.newBufferedWriter(Files.java:2896)
	at com.spbsu.flamestream.runtime.utils.tracing.Tracing.flush(Tracing.java:35)
	at com.spbsu.flamestream.runtime.WorkerApplication.lambda$run$0(WorkerApplication.java:109)
	at akka.actor.ActorSystemImpl$TerminationCallbacks$$anonfun$addRec$1$1.applyOrElse(ActorSystem.scala:1036)
	at akka.actor.ActorSystemImpl$TerminationCallbacks$$anonfun$addRec$1$1.applyOrElse(ActorSystem.scala:1036)
	at scala.concurrent.Future$$anonfun$andThen$1.apply(Future.scala:436)
	at scala.concurrent.Future$$anonfun$andThen$1.apply(Future.scala:435)
	at scala.concurrent.impl.CallbackRunnable.run(Promise.scala:36)
	at akka.dispatch.BatchingExecutor$AbstractBatch.processBatch(BatchingExecutor.scala:55)
	at akka.dispatch.BatchingExecutor$BlockableBatch$$anonfun$run$1.apply$mcV$sp(BatchingExecutor.scala:91)
	at akka.dispatch.BatchingExecutor$BlockableBatch$$anonfun$run$1.apply(BatchingExecutor.scala:91)
	at akka.dispatch.BatchingExecutor$BlockableBatch$$anonfun$run$1.apply(BatchingExecutor.scala:91)
	at scala.concurrent.BlockContext$.withBlockContext(BlockContext.scala:72)
	at akka.dispatch.BatchingExecutor$BlockableBatch.run(BatchingExecutor.scala:90)
	at akka.dispatch.TaskInvocation.run(AbstractDispatcher.scala:40)
	at akka.dispatch.ForkJoinExecutorConfigurator$AkkaForkJoinTask.exec(ForkJoinExecutorConfigurator.scala:44)
	at akka.dispatch.forkjoin.ForkJoinTask.doExec(ForkJoinTask.java:260)
	at akka.dispatch.forkjoin.ForkJoinPool$WorkQueue.runTask(ForkJoinPool.java:1339)
	at akka.dispatch.forkjoin.ForkJoinPool.runWorker(ForkJoinPool.java:1979)
	at akka.dispatch.forkjoin.ForkJoinWorkerThread.run(ForkJoinWorkerThread.java:107)
Heap
 PSYoungGen      total 154112K, used 8513K [0x00000000f5980000, 0x0000000100000000, 0x0000000100000000)
  eden space 138240K, 5% used [0x00000000f5980000,0x00000000f60a9c88,0x00000000fe080000)
  from space 15872K, 7% used [0x00000000fe080000,0x00000000fe1a6980,0x00000000ff000000)
  to   space 14848K, 0% used [0x00000000ff180000,0x00000000ff180000,0x0000000100000000)
 ParOldGen       total 341504K, used 29911K [0x00000000e0c00000, 0x00000000f5980000, 0x00000000f5980000)
  object space 341504K, 8% used [0x00000000e0c00000,0x00000000e2935c68,0x00000000f5980000)
 Metaspace       used 36080K, capacity 37000K, committed 37208K, reserved 1081344K
  class space    used 4985K, capacity 5188K, committed 5248K, reserved 1048576K
