15:54:09,395 |-INFO in ch.qos.logback.classic.LoggerContext[default] - Could NOT find resource [logback-test.xml]
15:54:09,396 |-INFO in ch.qos.logback.classic.LoggerContext[default] - Could NOT find resource [logback.groovy]
15:54:09,396 |-INFO in ch.qos.logback.classic.LoggerContext[default] - Found resource [logback.xml] at [jar:file:/home/nikitasokolov/flamestream/lib/flamestream-runtime-1.0-SNAPSHOT.jar!/logback.xml]
15:54:09,396 |-WARN in ch.qos.logback.classic.LoggerContext[default] - Resource [logback.xml] occurs multiple times on the classpath.
15:54:09,397 |-WARN in ch.qos.logback.classic.LoggerContext[default] - Resource [logback.xml] occurs at [jar:file:/home/nikitasokolov/flamestream/lib/flamestream-runtime-1.0-SNAPSHOT.jar!/logback.xml]
15:54:09,397 |-WARN in ch.qos.logback.classic.LoggerContext[default] - Resource [logback.xml] occurs at [jar:file:/home/nikitasokolov/flamestream/flamestream-runtime-1.0-SNAPSHOT.jar!/logback.xml]
15:54:09,412 |-INFO in ch.qos.logback.core.joran.spi.ConfigurationWatchList@6108b2d7 - URL [jar:file:/home/nikitasokolov/flamestream/lib/flamestream-runtime-1.0-SNAPSHOT.jar!/logback.xml] is not of type file
15:54:09,463 |-INFO in ch.qos.logback.classic.joran.action.ConfigurationAction - debug attribute not set
15:54:09,463 |-INFO in ch.qos.logback.core.joran.action.AppenderAction - About to instantiate appender of type [ch.qos.logback.core.ConsoleAppender]
15:54:09,474 |-INFO in ch.qos.logback.core.joran.action.AppenderAction - Naming appender as [STDOUT]
15:54:09,485 |-INFO in ch.qos.logback.core.joran.action.NestedComplexPropertyIA - Assuming default type [ch.qos.logback.classic.encoder.PatternLayoutEncoder] for [encoder] property
15:54:09,547 |-INFO in ch.qos.logback.core.joran.action.AppenderAction - About to instantiate appender of type [ch.qos.logback.core.rolling.RollingFileAppender]
15:54:09,553 |-INFO in ch.qos.logback.core.joran.action.AppenderAction - Naming appender as [FILE]
15:54:09,574 |-INFO in c.q.l.core.rolling.TimeBasedRollingPolicy@357863579 - No compression will be used
15:54:09,576 |-INFO in c.q.l.core.rolling.TimeBasedRollingPolicy@357863579 - Will use the pattern /tmp/application_%d{yyyy-MM-dd}.%i.log for the active file
15:54:09,579 |-INFO in ch.qos.logback.core.rolling.SizeAndTimeBasedFNATP@6bf256fa - The date pattern is 'yyyy-MM-dd' from file name pattern '/tmp/application_%d{yyyy-MM-dd}.%i.log'.
15:54:09,579 |-INFO in ch.qos.logback.core.rolling.SizeAndTimeBasedFNATP@6bf256fa - Roll-over at midnight.
15:54:09,583 |-INFO in ch.qos.logback.core.rolling.SizeAndTimeBasedFNATP@6bf256fa - Setting initial period to Sun Jun 09 15:53:19 MSK 2019
15:54:09,583 |-WARN in ch.qos.logback.core.rolling.SizeAndTimeBasedFNATP@6bf256fa - SizeAndTimeBasedFNATP is deprecated. Use SizeAndTimeBasedRollingPolicy instead
15:54:09,583 |-WARN in ch.qos.logback.core.rolling.SizeAndTimeBasedFNATP@6bf256fa - For more information see http://logback.qos.ch/manual/appenders.html#SizeAndTimeBasedRollingPolicy
15:54:09,587 |-INFO in ch.qos.logback.core.joran.action.NestedComplexPropertyIA - Assuming default type [ch.qos.logback.classic.encoder.PatternLayoutEncoder] for [encoder] property
15:54:09,590 |-INFO in ch.qos.logback.core.rolling.RollingFileAppender[FILE] - Active log file name: /tmp/application.log
15:54:09,590 |-INFO in ch.qos.logback.core.rolling.RollingFileAppender[FILE] - File property is set to [/tmp/application.log]
15:54:09,591 |-INFO in ch.qos.logback.classic.joran.action.RootLoggerAction - Setting level of ROOT logger to WARN
15:54:09,591 |-INFO in ch.qos.logback.core.joran.action.AppenderRefAction - Attaching appender named [STDOUT] to Logger[ROOT]
15:54:09,591 |-INFO in ch.qos.logback.core.joran.action.AppenderRefAction - Attaching appender named [FILE] to Logger[ROOT]
15:54:09,591 |-INFO in ch.qos.logback.classic.joran.action.ConfigurationAction - End of configuration.
15:54:09,592 |-INFO in ch.qos.logback.classic.joran.JoranConfigurator@6cd8737 - Registering current configuration as safe fallback point

2019-06-09T15:54:10.563+0300: 1.367: [GC (Metadata GC Threshold) [PSYoungGen: 110722K->15898K(149504K)] 110722K->15978K(491008K), 0.0217478 secs] [Times: user=0.07 sys=0.02, real=0.02 secs] 
2019-06-09T15:54:10.585+0300: 1.388: [Full GC (Metadata GC Threshold) [PSYoungGen: 15898K->0K(149504K)] [ParOldGen: 80K->15078K(341504K)] 15978K->15078K(491008K), [Metaspace: 20803K->20803K(1067008K)], 0.0247012 secs] [Times: user=0.17 sys=0.00, real=0.03 secs] 
2019-06-09T15:54:27.452+0300: 18.255: [GC (Allocation Failure) [PSYoungGen: 128512K->15546K(149504K)] 143590K->50163K(491008K), 0.0289401 secs] [Times: user=0.23 sys=0.02, real=0.03 secs] 
2019-06-09T15:54:31.116+0300: 21.919: [GC (Metadata GC Threshold) [PSYoungGen: 31694K->5397K(149504K)] 66312K->40022K(491008K), 0.0082632 secs] [Times: user=0.07 sys=0.01, real=0.01 secs] 
2019-06-09T15:54:31.124+0300: 21.927: [Full GC (Metadata GC Threshold) [PSYoungGen: 5397K->0K(149504K)] [ParOldGen: 34625K->28886K(341504K)] 40022K->28886K(491008K), [Metaspace: 34544K->34544K(1079296K)], 0.0501930 secs] [Times: user=0.29 sys=0.04, real=0.05 secs] 
15:55:38.386 [Curator-PathChildrenCache-0] ERROR o.a.c.f.r.c.PathChildrenCache  - 
java.lang.IllegalStateException: instance must be started before calling this method
	at org.apache.curator.shaded.com.google.common.base.Preconditions.checkState(Preconditions.java:444)
	at org.apache.curator.framework.imps.CuratorFrameworkImpl.getChildren(CuratorFrameworkImpl.java:456)
	at org.apache.curator.framework.recipes.cache.PathChildrenCache.refresh(PathChildrenCache.java:521)
	at org.apache.curator.framework.recipes.cache.RefreshOperation.invoke(RefreshOperation.java:35)
	at org.apache.curator.framework.recipes.cache.PathChildrenCache$9.run(PathChildrenCache.java:786)
	at java.util.concurrent.Executors$RunnableAdapter.call(Executors.java:511)
	at java.util.concurrent.FutureTask.run(FutureTask.java:266)
	at java.util.concurrent.Executors$RunnableAdapter.call(Executors.java:511)
	at java.util.concurrent.FutureTask.run(FutureTask.java:266)
	at java.util.concurrent.ThreadPoolExecutor.runWorker(ThreadPoolExecutor.java:1149)
	at java.util.concurrent.ThreadPoolExecutor$Worker.run(ThreadPoolExecutor.java:624)
	at java.lang.Thread.run(Thread.java:748)
2019-06-09T15:55:39.424+0300: 90.227: [GC (Allocation Failure) [PSYoungGen: 128512K->1457K(149504K)] 157398K->30351K(491008K), 0.0045636 secs] [Times: user=0.02 sys=0.01, real=0.00 secs] 
Heap
 PSYoungGen      total 149504K, used 6367K [0x00000000f5980000, 0x0000000100000000, 0x0000000100000000)
  eden space 128512K, 3% used [0x00000000f5980000,0x00000000f5e4b820,0x00000000fd700000)
  from space 20992K, 6% used [0x00000000feb80000,0x00000000fecec518,0x0000000100000000)
  to   space 20992K, 0% used [0x00000000fd700000,0x00000000fd700000,0x00000000feb80000)
 ParOldGen       total 341504K, used 28894K [0x00000000e0c00000, 0x00000000f5980000, 0x00000000f5980000)
  object space 341504K, 8% used [0x00000000e0c00000,0x00000000e2837880,0x00000000f5980000)
 Metaspace       used 35952K, capacity 36788K, committed 36952K, reserved 1081344K
  class space    used 4955K, capacity 5152K, committed 5248K, reserved 1048576K
