22:31:08,926 |-INFO in ch.qos.logback.classic.LoggerContext[default] - Could NOT find resource [logback-test.xml]
22:31:08,927 |-INFO in ch.qos.logback.classic.LoggerContext[default] - Could NOT find resource [logback.groovy]
22:31:08,927 |-INFO in ch.qos.logback.classic.LoggerContext[default] - Found resource [logback.xml] at [jar:file:/home/nikitasokolov/flamestream/lib/flamestream-runtime-1.0-SNAPSHOT.jar!/logback.xml]
22:31:08,927 |-WARN in ch.qos.logback.classic.LoggerContext[default] - Resource [logback.xml] occurs multiple times on the classpath.
22:31:08,928 |-WARN in ch.qos.logback.classic.LoggerContext[default] - Resource [logback.xml] occurs at [jar:file:/home/nikitasokolov/flamestream/lib/flamestream-runtime-1.0-SNAPSHOT.jar!/logback.xml]
22:31:08,928 |-WARN in ch.qos.logback.classic.LoggerContext[default] - Resource [logback.xml] occurs at [jar:file:/home/nikitasokolov/flamestream/flamestream-runtime-1.0-SNAPSHOT.jar!/logback.xml]
22:31:08,944 |-INFO in ch.qos.logback.core.joran.spi.ConfigurationWatchList@6108b2d7 - URL [jar:file:/home/nikitasokolov/flamestream/lib/flamestream-runtime-1.0-SNAPSHOT.jar!/logback.xml] is not of type file
22:31:08,995 |-INFO in ch.qos.logback.classic.joran.action.ConfigurationAction - debug attribute not set
22:31:08,996 |-INFO in ch.qos.logback.core.joran.action.AppenderAction - About to instantiate appender of type [ch.qos.logback.core.ConsoleAppender]
22:31:09,004 |-INFO in ch.qos.logback.core.joran.action.AppenderAction - Naming appender as [STDOUT]
22:31:09,012 |-INFO in ch.qos.logback.core.joran.action.NestedComplexPropertyIA - Assuming default type [ch.qos.logback.classic.encoder.PatternLayoutEncoder] for [encoder] property
22:31:09,070 |-INFO in ch.qos.logback.core.joran.action.AppenderAction - About to instantiate appender of type [ch.qos.logback.core.rolling.RollingFileAppender]
22:31:09,075 |-INFO in ch.qos.logback.core.joran.action.AppenderAction - Naming appender as [FILE]
22:31:09,097 |-INFO in c.q.l.core.rolling.TimeBasedRollingPolicy@357863579 - No compression will be used
22:31:09,099 |-INFO in c.q.l.core.rolling.TimeBasedRollingPolicy@357863579 - Will use the pattern /tmp/application_%d{yyyy-MM-dd}.%i.log for the active file
22:31:09,102 |-INFO in ch.qos.logback.core.rolling.SizeAndTimeBasedFNATP@6bf256fa - The date pattern is 'yyyy-MM-dd' from file name pattern '/tmp/application_%d{yyyy-MM-dd}.%i.log'.
22:31:09,102 |-INFO in ch.qos.logback.core.rolling.SizeAndTimeBasedFNATP@6bf256fa - Roll-over at midnight.
22:31:09,106 |-INFO in ch.qos.logback.core.rolling.SizeAndTimeBasedFNATP@6bf256fa - Setting initial period to Sun Jun 09 22:30:15 MSK 2019
22:31:09,106 |-WARN in ch.qos.logback.core.rolling.SizeAndTimeBasedFNATP@6bf256fa - SizeAndTimeBasedFNATP is deprecated. Use SizeAndTimeBasedRollingPolicy instead
22:31:09,106 |-WARN in ch.qos.logback.core.rolling.SizeAndTimeBasedFNATP@6bf256fa - For more information see http://logback.qos.ch/manual/appenders.html#SizeAndTimeBasedRollingPolicy
22:31:09,110 |-INFO in ch.qos.logback.core.joran.action.NestedComplexPropertyIA - Assuming default type [ch.qos.logback.classic.encoder.PatternLayoutEncoder] for [encoder] property
22:31:09,113 |-INFO in ch.qos.logback.core.rolling.RollingFileAppender[FILE] - Active log file name: /tmp/application.log
22:31:09,113 |-INFO in ch.qos.logback.core.rolling.RollingFileAppender[FILE] - File property is set to [/tmp/application.log]
22:31:09,114 |-INFO in ch.qos.logback.classic.joran.action.RootLoggerAction - Setting level of ROOT logger to WARN
22:31:09,114 |-INFO in ch.qos.logback.core.joran.action.AppenderRefAction - Attaching appender named [STDOUT] to Logger[ROOT]
22:31:09,115 |-INFO in ch.qos.logback.core.joran.action.AppenderRefAction - Attaching appender named [FILE] to Logger[ROOT]
22:31:09,115 |-INFO in ch.qos.logback.classic.joran.action.ConfigurationAction - End of configuration.
22:31:09,115 |-INFO in ch.qos.logback.classic.joran.JoranConfigurator@6cd8737 - Registering current configuration as safe fallback point

2019-06-09T22:31:10.111+0300: 1.388: [GC (Metadata GC Threshold) [PSYoungGen: 108152K->15845K(149504K)] 108152K->15925K(491008K), 0.0188822 secs] [Times: user=0.06 sys=0.01, real=0.02 secs] 
2019-06-09T22:31:10.130+0300: 1.407: [Full GC (Metadata GC Threshold) [PSYoungGen: 15845K->0K(149504K)] [ParOldGen: 80K->15078K(341504K)] 15925K->15078K(491008K), [Metaspace: 20800K->20800K(1067008K)], 0.0246245 secs] [Times: user=0.14 sys=0.01, real=0.02 secs] 
22:31:17.545 [worker-akka.actor.default-dispatcher-3-SendThread(172.18.198.21:12181)] WARN  o.a.z.ClientCnxn  - Session 0x1029330d2e50714 for server null, unexpected error, closing socket connection and attempting reconnect
java.net.ConnectException: Connection refused
	at sun.nio.ch.SocketChannelImpl.checkConnect(Native Method)
	at sun.nio.ch.SocketChannelImpl.finishConnect(SocketChannelImpl.java:717)
	at org.apache.zookeeper.ClientCnxnSocketNIO.doTransport(ClientCnxnSocketNIO.java:361)
	at org.apache.zookeeper.ClientCnxn$SendThread.run(ClientCnxn.java:1141)
22:31:19.270 [worker-akka.actor.default-dispatcher-3-SendThread(172.18.198.21:12181)] WARN  o.a.z.ClientCnxn  - Session 0x1029330d2e50714 for server null, unexpected error, closing socket connection and attempting reconnect
java.net.ConnectException: Connection refused
	at sun.nio.ch.SocketChannelImpl.checkConnect(Native Method)
	at sun.nio.ch.SocketChannelImpl.finishConnect(SocketChannelImpl.java:717)
	at org.apache.zookeeper.ClientCnxnSocketNIO.doTransport(ClientCnxnSocketNIO.java:361)
	at org.apache.zookeeper.ClientCnxn$SendThread.run(ClientCnxn.java:1141)
22:31:22.314 [Curator-PathChildrenCache-1] WARN  o.a.c.u.ZKPaths  - The version of ZooKeeper being used doesn't support Container nodes. CreateMode.PERSISTENT will be used instead.
2019-06-09T22:31:24.464+0300: 15.742: [GC (Metadata GC Threshold) [PSYoungGen: 120026K->15791K(149504K)] 135104K->50408K(491008K), 0.0281012 secs] [Times: user=0.21 sys=0.03, real=0.03 secs] 
2019-06-09T22:31:24.493+0300: 15.770: [Full GC (Metadata GC Threshold) [PSYoungGen: 15791K->0K(149504K)] [ParOldGen: 34617K->38860K(341504K)] 50408K->38860K(491008K), [Metaspace: 34559K->34559K(1079296K)], 0.0418858 secs] [Times: user=0.19 sys=0.00, real=0.04 secs] 
22:31:24.968 [worker-akka.actor.default-dispatcher-3-EventThread] ERROR o.a.c.f.r.c.NodeCache  - Calling listener
com.esotericsoftware.kryo.KryoException: Buffer too small: capacity: 0, required: 1
	at com.esotericsoftware.kryo.io.ByteBufferInput.require(ByteBufferInput.java:192)
	at com.esotericsoftware.kryo.io.ByteBufferInput.readVarInt(ByteBufferInput.java:396)
	at com.esotericsoftware.kryo.util.DefaultClassResolver.readClass(DefaultClassResolver.java:127)
	at com.esotericsoftware.kryo.Kryo.readClass(Kryo.java:693)
	at com.esotericsoftware.kryo.Kryo.readClassAndObject(Kryo.java:804)
	at com.spbsu.flamestream.runtime.serialization.KryoSerializer.deserialize(KryoSerializer.java:31)
	at com.spbsu.flamestream.runtime.ProcessingWatcher.lambda$preStart$0(ProcessingWatcher.java:95)
	at org.apache.curator.framework.recipes.cache.NodeCache$4.apply(NodeCache.java:326)
	at org.apache.curator.framework.recipes.cache.NodeCache$4.apply(NodeCache.java:320)
	at org.apache.curator.framework.listen.ListenerContainer$1.run(ListenerContainer.java:93)
	at org.apache.curator.shaded.com.google.common.util.concurrent.MoreExecutors$DirectExecutor.execute(MoreExecutors.java:435)
	at org.apache.curator.framework.listen.ListenerContainer.forEach(ListenerContainer.java:85)
	at org.apache.curator.framework.recipes.cache.NodeCache.setNewData(NodeCache.java:318)
	at org.apache.curator.framework.recipes.cache.NodeCache.processBackgroundResult(NodeCache.java:285)
	at org.apache.curator.framework.recipes.cache.NodeCache.access$300(NodeCache.java:57)
	at org.apache.curator.framework.recipes.cache.NodeCache$3.processResult(NodeCache.java:123)
	at org.apache.curator.framework.imps.CuratorFrameworkImpl.sendToBackgroundCallback(CuratorFrameworkImpl.java:865)
	at org.apache.curator.framework.imps.CuratorFrameworkImpl.processBackgroundOperation(CuratorFrameworkImpl.java:635)
	at org.apache.curator.framework.imps.WatcherRemovalFacade.processBackgroundOperation(WatcherRemovalFacade.java:152)
	at org.apache.curator.framework.imps.GetDataBuilderImpl$3.processResult(GetDataBuilderImpl.java:272)
	at org.apache.zookeeper.ClientCnxn$EventThread.processEvent(ClientCnxn.java:569)
	at org.apache.zookeeper.ClientCnxn$EventThread.run(ClientCnxn.java:505)
22:32:54.515 [Curator-PathChildrenCache-0] ERROR o.a.c.f.r.c.PathChildrenCache  - 
java.lang.IllegalStateException: instance must be started before calling this method
	at org.apache.curator.shaded.com.google.common.base.Preconditions.checkState(Preconditions.java:444)
	at org.apache.curator.framework.imps.CuratorFrameworkImpl.getChildren(CuratorFrameworkImpl.java:456)
	at org.apache.curator.framework.recipes.cache.PathChildrenCache.refresh(PathChildrenCache.java:521)
	at org.apache.curator.framework.recipes.cache.RefreshOperation.invoke(RefreshOperation.java:35)
	at org.apache.curator.framework.recipes.cache.PathChildrenCache$9.run(PathChildrenCache.java:786)
	at java.util.concurrent.Executors$RunnableAdapter.call(Executors.java:511)
	at java.util.concurrent.FutureTask.run(FutureTask.java:266)
	at java.util.concurrent.Executors$RunnableAdapter.call(Executors.java:511)
	at java.util.concurrent.FutureTask.run(FutureTask.java:266)
	at java.util.concurrent.ThreadPoolExecutor.runWorker(ThreadPoolExecutor.java:1149)
	at java.util.concurrent.ThreadPoolExecutor$Worker.run(ThreadPoolExecutor.java:624)
	at java.lang.Thread.run(Thread.java:748)
Heap
 PSYoungGen      total 149504K, used 124142K [0x00000000f5980000, 0x0000000100000000, 0x0000000100000000)
  eden space 128512K, 96% used [0x00000000f5980000,0x00000000fd2bb890,0x00000000fd700000)
  from space 20992K, 0% used [0x00000000feb80000,0x00000000feb80000,0x0000000100000000)
  to   space 20992K, 0% used [0x00000000fd700000,0x00000000fd700000,0x00000000feb80000)
 ParOldGen       total 341504K, used 38860K [0x00000000e0c00000, 0x00000000f5980000, 0x00000000f5980000)
  object space 341504K, 11% used [0x00000000e0c00000,0x00000000e31f3170,0x00000000f5980000)
 Metaspace       used 36056K, capacity 36920K, committed 37208K, reserved 1081344K
  class space    used 4985K, capacity 5192K, committed 5248K, reserved 1048576K
