00:24:33,133 |-INFO in ch.qos.logback.classic.LoggerContext[default] - Could NOT find resource [logback-test.xml]
00:24:33,133 |-INFO in ch.qos.logback.classic.LoggerContext[default] - Could NOT find resource [logback.groovy]
00:24:33,133 |-INFO in ch.qos.logback.classic.LoggerContext[default] - Found resource [logback.xml] at [jar:file:/home/nikitasokolov/flamestream/lib/flamestream-runtime-1.0-SNAPSHOT.jar!/logback.xml]
00:24:33,134 |-WARN in ch.qos.logback.classic.LoggerContext[default] - Resource [logback.xml] occurs multiple times on the classpath.
00:24:33,134 |-WARN in ch.qos.logback.classic.LoggerContext[default] - Resource [logback.xml] occurs at [jar:file:/home/nikitasokolov/flamestream/lib/flamestream-runtime-1.0-SNAPSHOT.jar!/logback.xml]
00:24:33,134 |-WARN in ch.qos.logback.classic.LoggerContext[default] - Resource [logback.xml] occurs at [jar:file:/home/nikitasokolov/flamestream/flamestream-runtime-1.0-SNAPSHOT.jar!/logback.xml]
00:24:33,150 |-INFO in ch.qos.logback.core.joran.spi.ConfigurationWatchList@6aaa5eb0 - URL [jar:file:/home/nikitasokolov/flamestream/lib/flamestream-runtime-1.0-SNAPSHOT.jar!/logback.xml] is not of type file
00:24:33,202 |-INFO in ch.qos.logback.classic.joran.action.ConfigurationAction - debug attribute not set
00:24:33,203 |-INFO in ch.qos.logback.core.joran.action.AppenderAction - About to instantiate appender of type [ch.qos.logback.core.ConsoleAppender]
00:24:33,210 |-INFO in ch.qos.logback.core.joran.action.AppenderAction - Naming appender as [STDOUT]
00:24:33,218 |-INFO in ch.qos.logback.core.joran.action.NestedComplexPropertyIA - Assuming default type [ch.qos.logback.classic.encoder.PatternLayoutEncoder] for [encoder] property
00:24:33,278 |-INFO in ch.qos.logback.core.joran.action.AppenderAction - About to instantiate appender of type [ch.qos.logback.core.rolling.RollingFileAppender]
00:24:33,284 |-INFO in ch.qos.logback.core.joran.action.AppenderAction - Naming appender as [FILE]
00:24:33,306 |-INFO in c.q.l.core.rolling.TimeBasedRollingPolicy@3447021 - No compression will be used
00:24:33,307 |-INFO in c.q.l.core.rolling.TimeBasedRollingPolicy@3447021 - Will use the pattern /tmp/application_%d{yyyy-MM-dd}.%i.log for the active file
00:24:33,310 |-INFO in ch.qos.logback.core.rolling.SizeAndTimeBasedFNATP@1a407d53 - The date pattern is 'yyyy-MM-dd' from file name pattern '/tmp/application_%d{yyyy-MM-dd}.%i.log'.
00:24:33,310 |-INFO in ch.qos.logback.core.rolling.SizeAndTimeBasedFNATP@1a407d53 - Roll-over at midnight.
00:24:33,314 |-INFO in ch.qos.logback.core.rolling.SizeAndTimeBasedFNATP@1a407d53 - Setting initial period to Thu Jun 06 22:00:24 MSK 2019
00:24:33,315 |-WARN in ch.qos.logback.core.rolling.SizeAndTimeBasedFNATP@1a407d53 - SizeAndTimeBasedFNATP is deprecated. Use SizeAndTimeBasedRollingPolicy instead
00:24:33,315 |-WARN in ch.qos.logback.core.rolling.SizeAndTimeBasedFNATP@1a407d53 - For more information see http://logback.qos.ch/manual/appenders.html#SizeAndTimeBasedRollingPolicy
00:24:33,318 |-INFO in ch.qos.logback.core.joran.action.NestedComplexPropertyIA - Assuming default type [ch.qos.logback.classic.encoder.PatternLayoutEncoder] for [encoder] property
00:24:33,320 |-INFO in ch.qos.logback.core.rolling.RollingFileAppender[FILE] - Active log file name: /tmp/application.log
00:24:33,320 |-INFO in ch.qos.logback.core.rolling.RollingFileAppender[FILE] - File property is set to [/tmp/application.log]
00:24:33,322 |-ERROR in ch.qos.logback.core.rolling.RollingFileAppender[FILE] - openFile(/tmp/application.log,true) call failed. java.io.FileNotFoundException: /tmp/application.log (Permission denied)
	at java.io.FileNotFoundException: /tmp/application.log (Permission denied)
	at 	at java.io.FileOutputStream.open0(Native Method)
	at 	at java.io.FileOutputStream.open(FileOutputStream.java:270)
	at 	at java.io.FileOutputStream.<init>(FileOutputStream.java:213)
	at 	at ch.qos.logback.core.recovery.ResilientFileOutputStream.<init>(ResilientFileOutputStream.java:26)
	at 	at ch.qos.logback.core.FileAppender.openFile(FileAppender.java:204)
	at 	at ch.qos.logback.core.FileAppender.start(FileAppender.java:127)
	at 	at ch.qos.logback.core.rolling.RollingFileAppender.start(RollingFileAppender.java:100)
	at 	at ch.qos.logback.core.joran.action.AppenderAction.end(AppenderAction.java:90)
	at 	at ch.qos.logback.core.joran.spi.Interpreter.callEndAction(Interpreter.java:309)
	at 	at ch.qos.logback.core.joran.spi.Interpreter.endElement(Interpreter.java:193)
	at 	at ch.qos.logback.core.joran.spi.Interpreter.endElement(Interpreter.java:179)
	at 	at ch.qos.logback.core.joran.spi.EventPlayer.play(EventPlayer.java:62)
	at 	at ch.qos.logback.core.joran.GenericConfigurator.doConfigure(GenericConfigurator.java:165)
	at 	at ch.qos.logback.core.joran.GenericConfigurator.doConfigure(GenericConfigurator.java:152)
	at 	at ch.qos.logback.core.joran.GenericConfigurator.doConfigure(GenericConfigurator.java:110)
	at 	at ch.qos.logback.core.joran.GenericConfigurator.doConfigure(GenericConfigurator.java:53)
	at 	at ch.qos.logback.classic.util.ContextInitializer.configureByResource(ContextInitializer.java:75)
	at 	at ch.qos.logback.classic.util.ContextInitializer.autoConfig(ContextInitializer.java:150)
	at 	at org.slf4j.impl.StaticLoggerBinder.init(StaticLoggerBinder.java:84)
	at 	at org.slf4j.impl.StaticLoggerBinder.<clinit>(StaticLoggerBinder.java:55)
	at 	at org.slf4j.LoggerFactory.bind(LoggerFactory.java:150)
	at 	at org.slf4j.LoggerFactory.performInitialization(LoggerFactory.java:124)
	at 	at org.slf4j.LoggerFactory.getILoggerFactory(LoggerFactory.java:412)
	at 	at org.slf4j.LoggerFactory.getLogger(LoggerFactory.java:357)
	at 	at org.slf4j.LoggerFactory.getLogger(LoggerFactory.java:383)
	at 	at com.spbsu.flamestream.runtime.WorkerApplication.<init>(WorkerApplication.java:26)
	at 	at com.spbsu.flamestream.runtime.WorkerApplication.main(WorkerApplication.java:68)
00:24:33,322 |-INFO in ch.qos.logback.classic.joran.action.RootLoggerAction - Setting level of ROOT logger to WARN
00:24:33,322 |-INFO in ch.qos.logback.core.joran.action.AppenderRefAction - Attaching appender named [STDOUT] to Logger[ROOT]
00:24:33,322 |-INFO in ch.qos.logback.core.joran.action.AppenderRefAction - Attaching appender named [FILE] to Logger[ROOT]
00:24:33,322 |-INFO in ch.qos.logback.classic.joran.action.ConfigurationAction - End of configuration.
00:24:33,323 |-INFO in ch.qos.logback.classic.joran.JoranConfigurator@21bcffb5 - Registering current configuration as safe fallback point

Ama winner
Ama winner
2019-06-10T00:24:34.978+0300: 2.037: [GC (Metadata GC Threshold) [PSYoungGen: 95247K->15946K(149504K)] 95247K->16026K(491008K), 0.0173414 secs] [Times: user=0.05 sys=0.03, real=0.02 secs] 
2019-06-10T00:24:34.995+0300: 2.054: [Full GC (Metadata GC Threshold) [PSYoungGen: 15946K->0K(149504K)] [ParOldGen: 80K->15103K(341504K)] 16026K->15103K(491008K), [Metaspace: 20807K->20807K(1067008K)], 0.0269634 secs] [Times: user=0.14 sys=0.01, real=0.02 secs] 
00:24:45.767 [Curator-PathChildrenCache-1] WARN  o.a.c.u.ZKPaths  - The version of ZooKeeper being used doesn't support Container nodes. CreateMode.PERSISTENT will be used instead.
2019-06-10T00:24:46.619+0300: 13.678: [GC (Metadata GC Threshold) [PSYoungGen: 128512K->16756K(149504K)] 143615K->51399K(491008K), 0.0271160 secs] [Times: user=0.20 sys=0.03, real=0.03 secs] 
2019-06-10T00:24:46.646+0300: 13.705: [Full GC (Metadata GC Threshold) [PSYoungGen: 16756K->0K(149504K)] [ParOldGen: 34642K->39726K(341504K)] 51399K->39726K(491008K), [Metaspace: 34485K->34485K(1079296K)], 0.0536442 secs] [Times: user=0.31 sys=0.01, real=0.05 secs] 
2019-06-10T00:24:54.347+0300: 21.406: [GC (Allocation Failure) [PSYoungGen: 128512K->768K(149504K)] 168238K->40502K(491008K), 0.0039255 secs] [Times: user=0.02 sys=0.01, real=0.00 secs] 
2019-06-10T00:25:02.779+0300: 29.837: [GC (Allocation Failure) [PSYoungGen: 129280K->768K(149504K)] 169014K->40510K(491008K), 0.0085914 secs] [Times: user=0.09 sys=0.01, real=0.01 secs] 
2019-06-10T00:25:11.323+0300: 38.382: [GC (Allocation Failure) [PSYoungGen: 129280K->800K(129536K)] 169022K->40542K(471040K), 0.0031417 secs] [Times: user=0.02 sys=0.00, real=0.01 secs] 
00:25:25.005 [Curator-PathChildrenCache-0] ERROR o.a.c.f.r.c.PathChildrenCache  - 
java.lang.IllegalStateException: instance must be started before calling this method
	at org.apache.curator.shaded.com.google.common.base.Preconditions.checkState(Preconditions.java:444)
	at org.apache.curator.framework.imps.CuratorFrameworkImpl.getChildren(CuratorFrameworkImpl.java:456)
	at org.apache.curator.framework.recipes.cache.PathChildrenCache.refresh(PathChildrenCache.java:521)
	at org.apache.curator.framework.recipes.cache.RefreshOperation.invoke(RefreshOperation.java:35)
	at org.apache.curator.framework.recipes.cache.PathChildrenCache$9.run(PathChildrenCache.java:786)
	at java.util.concurrent.Executors$RunnableAdapter.call(Executors.java:511)
	at java.util.concurrent.FutureTask.run(FutureTask.java:266)
	at java.util.concurrent.Executors$RunnableAdapter.call(Executors.java:511)
	at java.util.concurrent.FutureTask.run(FutureTask.java:266)
	at java.util.concurrent.ThreadPoolExecutor.runWorker(ThreadPoolExecutor.java:1149)
	at java.util.concurrent.ThreadPoolExecutor$Worker.run(ThreadPoolExecutor.java:624)
	at java.lang.Thread.run(Thread.java:748)
2019-06-10T00:25:25.018+0300: 52.077: [GC (Allocation Failure) [PSYoungGen: 129312K->1489K(149504K)] 169054K->41240K(491008K), 0.0042873 secs] [Times: user=0.03 sys=0.00, real=0.00 secs] 
00:25:26.106 [worker-akka.actor.default-dispatcher-4] ERROR c.s.f.r.WorkerApplication  - Something went wrong during trace flush
java.nio.file.AccessDeniedException: /tmp/trace.csv
	at sun.nio.fs.UnixException.translateToIOException(UnixException.java:84)
	at sun.nio.fs.UnixException.rethrowAsIOException(UnixException.java:102)
	at sun.nio.fs.UnixException.rethrowAsIOException(UnixException.java:107)
	at sun.nio.fs.UnixFileSystemProvider.newByteChannel(UnixFileSystemProvider.java:214)
	at java.nio.file.spi.FileSystemProvider.newOutputStream(FileSystemProvider.java:434)
	at java.nio.file.Files.newOutputStream(Files.java:216)
	at java.nio.file.Files.newBufferedWriter(Files.java:2860)
	at java.nio.file.Files.newBufferedWriter(Files.java:2896)
	at com.spbsu.flamestream.runtime.utils.tracing.Tracing.flush(Tracing.java:35)
	at com.spbsu.flamestream.runtime.WorkerApplication.lambda$run$0(WorkerApplication.java:109)
	at akka.actor.ActorSystemImpl$TerminationCallbacks$$anonfun$addRec$1$1.applyOrElse(ActorSystem.scala:1036)
	at akka.actor.ActorSystemImpl$TerminationCallbacks$$anonfun$addRec$1$1.applyOrElse(ActorSystem.scala:1036)
	at scala.concurrent.Future$$anonfun$andThen$1.apply(Future.scala:436)
	at scala.concurrent.Future$$anonfun$andThen$1.apply(Future.scala:435)
	at scala.concurrent.impl.CallbackRunnable.run(Promise.scala:36)
	at akka.dispatch.BatchingExecutor$AbstractBatch.processBatch(BatchingExecutor.scala:55)
	at akka.dispatch.BatchingExecutor$BlockableBatch$$anonfun$run$1.apply$mcV$sp(BatchingExecutor.scala:91)
	at akka.dispatch.BatchingExecutor$BlockableBatch$$anonfun$run$1.apply(BatchingExecutor.scala:91)
	at akka.dispatch.BatchingExecutor$BlockableBatch$$anonfun$run$1.apply(BatchingExecutor.scala:91)
	at scala.concurrent.BlockContext$.withBlockContext(BlockContext.scala:72)
	at akka.dispatch.BatchingExecutor$BlockableBatch.run(BatchingExecutor.scala:90)
	at akka.dispatch.TaskInvocation.run(AbstractDispatcher.scala:40)
	at akka.dispatch.ForkJoinExecutorConfigurator$AkkaForkJoinTask.exec(ForkJoinExecutorConfigurator.scala:44)
	at akka.dispatch.forkjoin.ForkJoinTask.doExec(ForkJoinTask.java:260)
	at akka.dispatch.forkjoin.ForkJoinPool$WorkQueue.runTask(ForkJoinPool.java:1339)
	at akka.dispatch.forkjoin.ForkJoinPool.runWorker(ForkJoinPool.java:1979)
	at akka.dispatch.forkjoin.ForkJoinWorkerThread.run(ForkJoinWorkerThread.java:107)
Heap
 PSYoungGen      total 149504K, used 6920K [0x00000000f5980000, 0x0000000100000000, 0x0000000100000000)
  eden space 127488K, 4% used [0x00000000f5980000,0x00000000f5ecdcb8,0x00000000fd600000)
  from space 22016K, 6% used [0x00000000fea80000,0x00000000febf4580,0x0000000100000000)
  to   space 20992K, 0% used [0x00000000fd600000,0x00000000fd600000,0x00000000fea80000)
 ParOldGen       total 341504K, used 39750K [0x00000000e0c00000, 0x00000000f5980000, 0x00000000f5980000)
  object space 341504K, 11% used [0x00000000e0c00000,0x00000000e32d1b40,0x00000000f5980000)
 Metaspace       used 35956K, capacity 36790K, committed 36952K, reserved 1081344K
  class space    used 4941K, capacity 5133K, committed 5248K, reserved 1048576K
