23:11:33,020 |-INFO in ch.qos.logback.classic.LoggerContext[default] - Could NOT find resource [logback-test.xml]
23:11:33,020 |-INFO in ch.qos.logback.classic.LoggerContext[default] - Could NOT find resource [logback.groovy]
23:11:33,020 |-INFO in ch.qos.logback.classic.LoggerContext[default] - Found resource [logback.xml] at [jar:file:/home/nikitasokolov/flamestream/lib/flamestream-runtime-1.0-SNAPSHOT.jar!/logback.xml]
23:11:33,021 |-WARN in ch.qos.logback.classic.LoggerContext[default] - Resource [logback.xml] occurs multiple times on the classpath.
23:11:33,021 |-WARN in ch.qos.logback.classic.LoggerContext[default] - Resource [logback.xml] occurs at [jar:file:/home/nikitasokolov/flamestream/lib/flamestream-runtime-1.0-SNAPSHOT.jar!/logback.xml]
23:11:33,021 |-WARN in ch.qos.logback.classic.LoggerContext[default] - Resource [logback.xml] occurs at [jar:file:/home/nikitasokolov/flamestream/flamestream-runtime-1.0-SNAPSHOT.jar!/logback.xml]
23:11:33,037 |-INFO in ch.qos.logback.core.joran.spi.ConfigurationWatchList@2f7a2457 - URL [jar:file:/home/nikitasokolov/flamestream/lib/flamestream-runtime-1.0-SNAPSHOT.jar!/logback.xml] is not of type file
23:11:33,088 |-INFO in ch.qos.logback.classic.joran.action.ConfigurationAction - debug attribute not set
23:11:33,089 |-INFO in ch.qos.logback.core.joran.action.AppenderAction - About to instantiate appender of type [ch.qos.logback.core.ConsoleAppender]
23:11:33,100 |-INFO in ch.qos.logback.core.joran.action.AppenderAction - Naming appender as [STDOUT]
23:11:33,110 |-INFO in ch.qos.logback.core.joran.action.NestedComplexPropertyIA - Assuming default type [ch.qos.logback.classic.encoder.PatternLayoutEncoder] for [encoder] property
23:11:33,165 |-INFO in ch.qos.logback.core.joran.action.AppenderAction - About to instantiate appender of type [ch.qos.logback.core.rolling.RollingFileAppender]
23:11:33,171 |-INFO in ch.qos.logback.core.joran.action.AppenderAction - Naming appender as [FILE]
23:11:33,193 |-INFO in c.q.l.core.rolling.TimeBasedRollingPolicy@1449621165 - No compression will be used
23:11:33,194 |-INFO in c.q.l.core.rolling.TimeBasedRollingPolicy@1449621165 - Will use the pattern /tmp/application_%d{yyyy-MM-dd}.%i.log for the active file
23:11:33,197 |-INFO in ch.qos.logback.core.rolling.SizeAndTimeBasedFNATP@6108b2d7 - The date pattern is 'yyyy-MM-dd' from file name pattern '/tmp/application_%d{yyyy-MM-dd}.%i.log'.
23:11:33,197 |-INFO in ch.qos.logback.core.rolling.SizeAndTimeBasedFNATP@6108b2d7 - Roll-over at midnight.
23:11:33,201 |-INFO in ch.qos.logback.core.rolling.SizeAndTimeBasedFNATP@6108b2d7 - Setting initial period to Thu May 30 23:10:14 MSK 2019
23:11:33,201 |-WARN in ch.qos.logback.core.rolling.SizeAndTimeBasedFNATP@6108b2d7 - SizeAndTimeBasedFNATP is deprecated. Use SizeAndTimeBasedRollingPolicy instead
23:11:33,201 |-WARN in ch.qos.logback.core.rolling.SizeAndTimeBasedFNATP@6108b2d7 - For more information see http://logback.qos.ch/manual/appenders.html#SizeAndTimeBasedRollingPolicy
23:11:33,205 |-INFO in ch.qos.logback.core.joran.action.NestedComplexPropertyIA - Assuming default type [ch.qos.logback.classic.encoder.PatternLayoutEncoder] for [encoder] property
23:11:33,207 |-INFO in ch.qos.logback.core.rolling.RollingFileAppender[FILE] - Active log file name: /tmp/application.log
23:11:33,207 |-INFO in ch.qos.logback.core.rolling.RollingFileAppender[FILE] - File property is set to [/tmp/application.log]
23:11:33,208 |-INFO in ch.qos.logback.classic.joran.action.RootLoggerAction - Setting level of ROOT logger to WARN
23:11:33,208 |-INFO in ch.qos.logback.core.joran.action.AppenderRefAction - Attaching appender named [STDOUT] to Logger[ROOT]
23:11:33,209 |-INFO in ch.qos.logback.core.joran.action.AppenderRefAction - Attaching appender named [FILE] to Logger[ROOT]
23:11:33,209 |-INFO in ch.qos.logback.classic.joran.action.ConfigurationAction - End of configuration.
23:11:33,210 |-INFO in ch.qos.logback.classic.joran.JoranConfigurator@1554909b - Registering current configuration as safe fallback point

2019-05-30T23:11:34.234+0300: 1.410: [GC (Metadata GC Threshold) [PSYoungGen: 108082K->15912K(149504K)] 108082K->15992K(491008K), 0.0170919 secs] [Times: user=0.08 sys=0.01, real=0.02 secs] 
2019-05-30T23:11:34.251+0300: 1.427: [Full GC (Metadata GC Threshold) [PSYoungGen: 15912K->0K(149504K)] [ParOldGen: 80K->15081K(341504K)] 15992K->15081K(491008K), [Metaspace: 20803K->20803K(1067008K)], 0.0256252 secs] [Times: user=0.16 sys=0.01, real=0.02 secs] 
23:11:44.128 [Curator-PathChildrenCache-2] WARN  o.a.c.u.ZKPaths  - The version of ZooKeeper being used doesn't support Container nodes. CreateMode.PERSISTENT will be used instead.
2019-05-30T23:11:44.834+0300: 12.010: [GC (Metadata GC Threshold) [PSYoungGen: 123540K->16701K(149504K)] 138621K->51321K(491008K), 0.0344801 secs] [Times: user=0.28 sys=0.01, real=0.03 secs] 
2019-05-30T23:11:44.869+0300: 12.045: [Full GC (Metadata GC Threshold) [PSYoungGen: 16701K->0K(149504K)] [ParOldGen: 34620K->39804K(341504K)] 51321K->39804K(491008K), [Metaspace: 34505K->34503K(1079296K)], 0.0366410 secs] [Times: user=0.22 sys=0.01, real=0.04 secs] 
2019-05-30T23:11:59.439+0300: 26.615: [GC (Allocation Failure) [PSYoungGen: 128512K->384K(149504K)] 168316K->40197K(491008K), 0.0045138 secs] [Times: user=0.03 sys=0.00, real=0.00 secs] 
23:12:02.612 [Curator-PathChildrenCache-0] ERROR o.a.c.f.r.c.PathChildrenCache  - 
java.lang.IllegalStateException: instance must be started before calling this method
	at org.apache.curator.shaded.com.google.common.base.Preconditions.checkState(Preconditions.java:444)
	at org.apache.curator.framework.imps.CuratorFrameworkImpl.getChildren(CuratorFrameworkImpl.java:456)
	at org.apache.curator.framework.recipes.cache.PathChildrenCache.refresh(PathChildrenCache.java:521)
	at org.apache.curator.framework.recipes.cache.RefreshOperation.invoke(RefreshOperation.java:35)
	at org.apache.curator.framework.recipes.cache.PathChildrenCache$9.run(PathChildrenCache.java:786)
	at java.util.concurrent.Executors$RunnableAdapter.call(Executors.java:511)
	at java.util.concurrent.FutureTask.run(FutureTask.java:266)
	at java.util.concurrent.Executors$RunnableAdapter.call(Executors.java:511)
	at java.util.concurrent.FutureTask.run(FutureTask.java:266)
	at java.util.concurrent.ThreadPoolExecutor.runWorker(ThreadPoolExecutor.java:1149)
	at java.util.concurrent.ThreadPoolExecutor$Worker.run(ThreadPoolExecutor.java:624)
	at java.lang.Thread.run(Thread.java:748)
Heap
 PSYoungGen      total 149504K, used 21800K [0x00000000f5980000, 0x0000000100000000, 0x0000000100000000)
  eden space 128512K, 16% used [0x00000000f5980000,0x00000000f6e6a0d8,0x00000000fd700000)
  from space 20992K, 1% used [0x00000000fd700000,0x00000000fd760020,0x00000000feb80000)
  to   space 20992K, 0% used [0x00000000feb80000,0x00000000feb80000,0x0000000100000000)
 ParOldGen       total 341504K, used 39812K [0x00000000e0c00000, 0x00000000f5980000, 0x00000000f5980000)
  object space 341504K, 11% used [0x00000000e0c00000,0x00000000e32e13e8,0x00000000f5980000)
 Metaspace       used 35873K, capacity 36818K, committed 36952K, reserved 1081344K
  class space    used 4979K, capacity 5191K, committed 5248K, reserved 1048576K
