20:48:45,623 |-INFO in ch.qos.logback.classic.LoggerContext[default] - Could NOT find resource [logback-test.xml]
20:48:45,624 |-INFO in ch.qos.logback.classic.LoggerContext[default] - Could NOT find resource [logback.groovy]
20:48:45,624 |-INFO in ch.qos.logback.classic.LoggerContext[default] - Found resource [logback.xml] at [jar:file:/home/nikitasokolov/flamestream/lib/flamestream-runtime-1.0-SNAPSHOT.jar!/logback.xml]
20:48:45,624 |-WARN in ch.qos.logback.classic.LoggerContext[default] - Resource [logback.xml] occurs multiple times on the classpath.
20:48:45,625 |-WARN in ch.qos.logback.classic.LoggerContext[default] - Resource [logback.xml] occurs at [jar:file:/home/nikitasokolov/flamestream/lib/flamestream-runtime-1.0-SNAPSHOT.jar!/logback.xml]
20:48:45,625 |-WARN in ch.qos.logback.classic.LoggerContext[default] - Resource [logback.xml] occurs at [jar:file:/home/nikitasokolov/flamestream/flamestream-runtime-1.0-SNAPSHOT.jar!/logback.xml]
20:48:45,642 |-INFO in ch.qos.logback.core.joran.spi.ConfigurationWatchList@6aaa5eb0 - URL [jar:file:/home/nikitasokolov/flamestream/lib/flamestream-runtime-1.0-SNAPSHOT.jar!/logback.xml] is not of type file
20:48:45,693 |-INFO in ch.qos.logback.classic.joran.action.ConfigurationAction - debug attribute not set
20:48:45,694 |-INFO in ch.qos.logback.core.joran.action.AppenderAction - About to instantiate appender of type [ch.qos.logback.core.ConsoleAppender]
20:48:45,701 |-INFO in ch.qos.logback.core.joran.action.AppenderAction - Naming appender as [STDOUT]
20:48:45,708 |-INFO in ch.qos.logback.core.joran.action.NestedComplexPropertyIA - Assuming default type [ch.qos.logback.classic.encoder.PatternLayoutEncoder] for [encoder] property
20:48:45,767 |-INFO in ch.qos.logback.core.joran.action.AppenderAction - About to instantiate appender of type [ch.qos.logback.core.rolling.RollingFileAppender]
20:48:45,772 |-INFO in ch.qos.logback.core.joran.action.AppenderAction - Naming appender as [FILE]
20:48:45,793 |-INFO in c.q.l.core.rolling.TimeBasedRollingPolicy@3447021 - No compression will be used
20:48:45,795 |-INFO in c.q.l.core.rolling.TimeBasedRollingPolicy@3447021 - Will use the pattern /tmp/application_%d{yyyy-MM-dd}.%i.log for the active file
20:48:45,798 |-INFO in ch.qos.logback.core.rolling.SizeAndTimeBasedFNATP@1a407d53 - The date pattern is 'yyyy-MM-dd' from file name pattern '/tmp/application_%d{yyyy-MM-dd}.%i.log'.
20:48:45,798 |-INFO in ch.qos.logback.core.rolling.SizeAndTimeBasedFNATP@1a407d53 - Roll-over at midnight.
20:48:45,802 |-INFO in ch.qos.logback.core.rolling.SizeAndTimeBasedFNATP@1a407d53 - Setting initial period to Thu Jun 06 22:00:24 MSK 2019
20:48:45,802 |-WARN in ch.qos.logback.core.rolling.SizeAndTimeBasedFNATP@1a407d53 - SizeAndTimeBasedFNATP is deprecated. Use SizeAndTimeBasedRollingPolicy instead
20:48:45,802 |-WARN in ch.qos.logback.core.rolling.SizeAndTimeBasedFNATP@1a407d53 - For more information see http://logback.qos.ch/manual/appenders.html#SizeAndTimeBasedRollingPolicy
20:48:45,806 |-INFO in ch.qos.logback.core.joran.action.NestedComplexPropertyIA - Assuming default type [ch.qos.logback.classic.encoder.PatternLayoutEncoder] for [encoder] property
20:48:45,808 |-INFO in ch.qos.logback.core.rolling.RollingFileAppender[FILE] - Active log file name: /tmp/application.log
20:48:45,808 |-INFO in ch.qos.logback.core.rolling.RollingFileAppender[FILE] - File property is set to [/tmp/application.log]
20:48:45,809 |-ERROR in ch.qos.logback.core.rolling.RollingFileAppender[FILE] - openFile(/tmp/application.log,true) call failed. java.io.FileNotFoundException: /tmp/application.log (Permission denied)
	at java.io.FileNotFoundException: /tmp/application.log (Permission denied)
	at 	at java.io.FileOutputStream.open0(Native Method)
	at 	at java.io.FileOutputStream.open(FileOutputStream.java:270)
	at 	at java.io.FileOutputStream.<init>(FileOutputStream.java:213)
	at 	at ch.qos.logback.core.recovery.ResilientFileOutputStream.<init>(ResilientFileOutputStream.java:26)
	at 	at ch.qos.logback.core.FileAppender.openFile(FileAppender.java:204)
	at 	at ch.qos.logback.core.FileAppender.start(FileAppender.java:127)
	at 	at ch.qos.logback.core.rolling.RollingFileAppender.start(RollingFileAppender.java:100)
	at 	at ch.qos.logback.core.joran.action.AppenderAction.end(AppenderAction.java:90)
	at 	at ch.qos.logback.core.joran.spi.Interpreter.callEndAction(Interpreter.java:309)
	at 	at ch.qos.logback.core.joran.spi.Interpreter.endElement(Interpreter.java:193)
	at 	at ch.qos.logback.core.joran.spi.Interpreter.endElement(Interpreter.java:179)
	at 	at ch.qos.logback.core.joran.spi.EventPlayer.play(EventPlayer.java:62)
	at 	at ch.qos.logback.core.joran.GenericConfigurator.doConfigure(GenericConfigurator.java:165)
	at 	at ch.qos.logback.core.joran.GenericConfigurator.doConfigure(GenericConfigurator.java:152)
	at 	at ch.qos.logback.core.joran.GenericConfigurator.doConfigure(GenericConfigurator.java:110)
	at 	at ch.qos.logback.core.joran.GenericConfigurator.doConfigure(GenericConfigurator.java:53)
	at 	at ch.qos.logback.classic.util.ContextInitializer.configureByResource(ContextInitializer.java:75)
	at 	at ch.qos.logback.classic.util.ContextInitializer.autoConfig(ContextInitializer.java:150)
	at 	at org.slf4j.impl.StaticLoggerBinder.init(StaticLoggerBinder.java:84)
	at 	at org.slf4j.impl.StaticLoggerBinder.<clinit>(StaticLoggerBinder.java:55)
	at 	at org.slf4j.LoggerFactory.bind(LoggerFactory.java:150)
	at 	at org.slf4j.LoggerFactory.performInitialization(LoggerFactory.java:124)
	at 	at org.slf4j.LoggerFactory.getILoggerFactory(LoggerFactory.java:412)
	at 	at org.slf4j.LoggerFactory.getLogger(LoggerFactory.java:357)
	at 	at org.slf4j.LoggerFactory.getLogger(LoggerFactory.java:383)
	at 	at com.spbsu.flamestream.runtime.WorkerApplication.<init>(WorkerApplication.java:26)
	at 	at com.spbsu.flamestream.runtime.WorkerApplication.main(WorkerApplication.java:68)
20:48:45,810 |-INFO in ch.qos.logback.classic.joran.action.RootLoggerAction - Setting level of ROOT logger to WARN
20:48:45,810 |-INFO in ch.qos.logback.core.joran.action.AppenderRefAction - Attaching appender named [STDOUT] to Logger[ROOT]
20:48:45,810 |-INFO in ch.qos.logback.core.joran.action.AppenderRefAction - Attaching appender named [FILE] to Logger[ROOT]
20:48:45,810 |-INFO in ch.qos.logback.classic.joran.action.ConfigurationAction - End of configuration.
20:48:45,811 |-INFO in ch.qos.logback.classic.joran.JoranConfigurator@21bcffb5 - Registering current configuration as safe fallback point

Ama winner
Ama winner
2019-06-08T20:48:46.808+0300: 1.387: [GC (Metadata GC Threshold) [PSYoungGen: 95247K->15947K(149504K)] 95247K->16027K(491008K), 0.0163443 secs] [Times: user=0.07 sys=0.01, real=0.02 secs] 
2019-06-08T20:48:46.824+0300: 1.404: [Full GC (Metadata GC Threshold) [PSYoungGen: 15947K->0K(149504K)] [ParOldGen: 80K->15103K(341504K)] 16027K->15103K(491008K), [Metaspace: 20807K->20807K(1067008K)], 0.0270051 secs] [Times: user=0.14 sys=0.01, real=0.02 secs] 
20:49:00.185 [Curator-PathChildrenCache-1] WARN  o.a.c.u.ZKPaths  - The version of ZooKeeper being used doesn't support Container nodes. CreateMode.PERSISTENT will be used instead.
2019-06-08T20:49:01.175+0300: 15.755: [GC (Allocation Failure) [PSYoungGen: 128512K->20971K(149504K)] 143615K->49697K(491008K), 0.0195631 secs] [Times: user=0.20 sys=0.03, real=0.02 secs] 
2019-06-08T20:49:01.242+0300: 15.821: [GC (Metadata GC Threshold) [PSYoungGen: 28426K->20971K(149504K)] 57153K->49830K(491008K), 0.0099511 secs] [Times: user=0.11 sys=0.00, real=0.01 secs] 
2019-06-08T20:49:01.252+0300: 15.831: [Full GC (Metadata GC Threshold) [PSYoungGen: 20971K->0K(149504K)] [ParOldGen: 28859K->38734K(341504K)] 49830K->38734K(491008K), [Metaspace: 34558K->34558K(1079296K)], 0.0354123 secs] [Times: user=0.18 sys=0.01, real=0.04 secs] 
2019-06-08T20:49:07.467+0300: 22.046: [GC (Allocation Failure) [PSYoungGen: 128512K->288K(149504K)] 167246K->39030K(491008K), 0.0053145 secs] [Times: user=0.04 sys=0.00, real=0.01 secs] 
2019-06-08T20:49:14.126+0300: 28.705: [GC (Allocation Failure) [PSYoungGen: 128800K->320K(129024K)] 167542K->39070K(470528K), 0.0029910 secs] [Times: user=0.01 sys=0.00, real=0.00 secs] 
2019-06-08T20:49:20.916+0300: 35.495: [GC (Allocation Failure) [PSYoungGen: 128832K->384K(130048K)] 167582K->39134K(471552K), 0.0040509 secs] [Times: user=0.02 sys=0.01, real=0.00 secs] 
2019-06-08T20:49:25.668+0300: 40.248: [GC (Allocation Failure) [PSYoungGen: 89472K->448K(129536K)] 128222K->39206K(471040K), 0.0028974 secs] [Times: user=0.00 sys=0.00, real=0.00 secs] 
2019-06-08T20:49:30.456+0300: 45.035: [GC (Allocation Failure) [PSYoungGen: 89536K->320K(132608K)] 128294K->39214K(474112K), 0.0029678 secs] [Times: user=0.01 sys=0.00, real=0.00 secs] 
2019-06-08T20:49:35.464+0300: 50.043: [GC (Allocation Failure) [PSYoungGen: 94016K->320K(131584K)] 132910K->39286K(473088K), 0.0034524 secs] [Times: user=0.01 sys=0.00, real=0.00 secs] 
2019-06-08T20:49:40.487+0300: 55.066: [GC (Allocation Failure) [PSYoungGen: 94016K->224K(135680K)] 132982K->39198K(477184K), 0.0027673 secs] [Times: user=0.01 sys=0.00, real=0.00 secs] 
2019-06-08T20:49:45.803+0300: 60.382: [GC (Allocation Failure) [PSYoungGen: 99552K->288K(134144K)] 138526K->39270K(475648K), 0.0039255 secs] [Times: user=0.02 sys=0.00, real=0.01 secs] 
2019-06-08T20:49:52.038+0300: 66.617: [GC (Allocation Failure) [PSYoungGen: 99616K->599K(138752K)] 138598K->39581K(480256K), 0.0031804 secs] [Times: user=0.01 sys=0.00, real=0.00 secs] 
2019-06-08T20:49:59.185+0300: 73.764: [GC (Allocation Failure) [PSYoungGen: 106071K->320K(137216K)] 145053K->39310K(478720K), 0.0026996 secs] [Times: user=0.01 sys=0.00, real=0.00 secs] 
2019-06-08T20:50:06.291+0300: 80.870: [GC (Allocation Failure) [PSYoungGen: 105792K->448K(141824K)] 144782K->39446K(483328K), 0.0033358 secs] [Times: user=0.03 sys=0.00, real=0.01 secs] 
2019-06-08T20:50:13.764+0300: 88.343: [GC (Allocation Failure) [PSYoungGen: 112064K->352K(140288K)] 151062K->39350K(481792K), 0.0034044 secs] [Times: user=0.01 sys=0.00, real=0.01 secs] 
2019-06-08T20:50:21.355+0300: 95.935: [GC (Allocation Failure) [PSYoungGen: 111968K->288K(144896K)] 150966K->39286K(486400K), 0.0026341 secs] [Times: user=0.01 sys=0.00, real=0.00 secs] 
2019-06-08T20:50:29.273+0300: 103.852: [GC (Allocation Failure) [PSYoungGen: 118048K->384K(143360K)] 157046K->39390K(484864K), 0.0030383 secs] [Times: user=0.01 sys=0.00, real=0.00 secs] 
20:50:40.806 [Curator-PathChildrenCache-0] ERROR o.a.c.f.r.c.PathChildrenCache  - 
java.lang.IllegalStateException: instance must be started before calling this method
	at org.apache.curator.shaded.com.google.common.base.Preconditions.checkState(Preconditions.java:444)
	at org.apache.curator.framework.imps.CuratorFrameworkImpl.getChildren(CuratorFrameworkImpl.java:456)
	at org.apache.curator.framework.recipes.cache.PathChildrenCache.refresh(PathChildrenCache.java:521)
	at org.apache.curator.framework.recipes.cache.RefreshOperation.invoke(RefreshOperation.java:35)
	at org.apache.curator.framework.recipes.cache.PathChildrenCache$9.run(PathChildrenCache.java:786)
	at java.util.concurrent.Executors$RunnableAdapter.call(Executors.java:511)
	at java.util.concurrent.FutureTask.run(FutureTask.java:266)
	at java.util.concurrent.Executors$RunnableAdapter.call(Executors.java:511)
	at java.util.concurrent.FutureTask.run(FutureTask.java:266)
	at java.util.concurrent.ThreadPoolExecutor.runWorker(ThreadPoolExecutor.java:1149)
	at java.util.concurrent.ThreadPoolExecutor$Worker.run(ThreadPoolExecutor.java:624)
	at java.lang.Thread.run(Thread.java:748)
20:50:41.881 [worker-akka.actor.default-dispatcher-9] ERROR c.s.f.r.WorkerApplication  - Something went wrong during trace flush
java.nio.file.AccessDeniedException: /tmp/trace.csv
	at sun.nio.fs.UnixException.translateToIOException(UnixException.java:84)
	at sun.nio.fs.UnixException.rethrowAsIOException(UnixException.java:102)
	at sun.nio.fs.UnixException.rethrowAsIOException(UnixException.java:107)
	at sun.nio.fs.UnixFileSystemProvider.newByteChannel(UnixFileSystemProvider.java:214)
	at java.nio.file.spi.FileSystemProvider.newOutputStream(FileSystemProvider.java:434)
	at java.nio.file.Files.newOutputStream(Files.java:216)
	at java.nio.file.Files.newBufferedWriter(Files.java:2860)
	at java.nio.file.Files.newBufferedWriter(Files.java:2896)
	at com.spbsu.flamestream.runtime.utils.tracing.Tracing.flush(Tracing.java:35)
	at com.spbsu.flamestream.runtime.WorkerApplication.lambda$run$0(WorkerApplication.java:109)
	at akka.actor.ActorSystemImpl$TerminationCallbacks$$anonfun$addRec$1$1.applyOrElse(ActorSystem.scala:1036)
	at akka.actor.ActorSystemImpl$TerminationCallbacks$$anonfun$addRec$1$1.applyOrElse(ActorSystem.scala:1036)
	at scala.concurrent.Future$$anonfun$andThen$1.apply(Future.scala:436)
	at scala.concurrent.Future$$anonfun$andThen$1.apply(Future.scala:435)
	at scala.concurrent.impl.CallbackRunnable.run(Promise.scala:36)
	at akka.dispatch.BatchingExecutor$AbstractBatch.processBatch(BatchingExecutor.scala:55)
	at akka.dispatch.BatchingExecutor$BlockableBatch$$anonfun$run$1.apply$mcV$sp(BatchingExecutor.scala:91)
	at akka.dispatch.BatchingExecutor$BlockableBatch$$anonfun$run$1.apply(BatchingExecutor.scala:91)
	at akka.dispatch.BatchingExecutor$BlockableBatch$$anonfun$run$1.apply(BatchingExecutor.scala:91)
	at scala.concurrent.BlockContext$.withBlockContext(BlockContext.scala:72)
	at akka.dispatch.BatchingExecutor$BlockableBatch.run(BatchingExecutor.scala:90)
	at akka.dispatch.TaskInvocation.run(AbstractDispatcher.scala:40)
	at akka.dispatch.ForkJoinExecutorConfigurator$AkkaForkJoinTask.exec(ForkJoinExecutorConfigurator.scala:44)
	at akka.dispatch.forkjoin.ForkJoinTask.doExec(ForkJoinTask.java:260)
	at akka.dispatch.forkjoin.ForkJoinPool$WorkQueue.runTask(ForkJoinPool.java:1339)
	at akka.dispatch.forkjoin.ForkJoinPool.runWorker(ForkJoinPool.java:1979)
	at akka.dispatch.forkjoin.ForkJoinWorkerThread.run(ForkJoinWorkerThread.java:107)
Heap
 PSYoungGen      total 143360K, used 13358K [0x00000000f5980000, 0x0000000100000000, 0x0000000100000000)
  eden space 117760K, 11% used [0x00000000f5980000,0x00000000f662b970,0x00000000fcc80000)
  from space 25600K, 1% used [0x00000000fcc80000,0x00000000fcce0000,0x00000000fe580000)
  to   space 24064K, 0% used [0x00000000fe880000,0x00000000fe880000,0x0000000100000000)
 ParOldGen       total 341504K, used 39006K [0x00000000e0c00000, 0x00000000f5980000, 0x00000000f5980000)
  object space 341504K, 11% used [0x00000000e0c00000,0x00000000e3217a00,0x00000000f5980000)
 Metaspace       used 36105K, capacity 36930K, committed 37248K, reserved 1081344K
  class space    used 4980K, capacity 5153K, committed 5248K, reserved 1048576K
