04:47:47,987 |-INFO in ch.qos.logback.classic.LoggerContext[default] - Could NOT find resource [logback-test.xml]
04:47:47,987 |-INFO in ch.qos.logback.classic.LoggerContext[default] - Could NOT find resource [logback.groovy]
04:47:47,987 |-INFO in ch.qos.logback.classic.LoggerContext[default] - Found resource [logback.xml] at [jar:file:/home/nikitasokolov/flamestream/lib/flamestream-runtime-1.0-SNAPSHOT.jar!/logback.xml]
04:47:47,988 |-WARN in ch.qos.logback.classic.LoggerContext[default] - Resource [logback.xml] occurs multiple times on the classpath.
04:47:47,988 |-WARN in ch.qos.logback.classic.LoggerContext[default] - Resource [logback.xml] occurs at [jar:file:/home/nikitasokolov/flamestream/lib/flamestream-runtime-1.0-SNAPSHOT.jar!/logback.xml]
04:47:47,988 |-WARN in ch.qos.logback.classic.LoggerContext[default] - Resource [logback.xml] occurs at [jar:file:/home/nikitasokolov/flamestream/flamestream-runtime-1.0-SNAPSHOT.jar!/logback.xml]
04:47:48,005 |-INFO in ch.qos.logback.core.joran.spi.ConfigurationWatchList@6aaa5eb0 - URL [jar:file:/home/nikitasokolov/flamestream/lib/flamestream-runtime-1.0-SNAPSHOT.jar!/logback.xml] is not of type file
04:47:48,056 |-INFO in ch.qos.logback.classic.joran.action.ConfigurationAction - debug attribute not set
04:47:48,057 |-INFO in ch.qos.logback.core.joran.action.AppenderAction - About to instantiate appender of type [ch.qos.logback.core.ConsoleAppender]
04:47:48,064 |-INFO in ch.qos.logback.core.joran.action.AppenderAction - Naming appender as [STDOUT]
04:47:48,071 |-INFO in ch.qos.logback.core.joran.action.NestedComplexPropertyIA - Assuming default type [ch.qos.logback.classic.encoder.PatternLayoutEncoder] for [encoder] property
04:47:48,136 |-INFO in ch.qos.logback.core.joran.action.AppenderAction - About to instantiate appender of type [ch.qos.logback.core.rolling.RollingFileAppender]
04:47:48,142 |-INFO in ch.qos.logback.core.joran.action.AppenderAction - Naming appender as [FILE]
04:47:48,165 |-INFO in c.q.l.core.rolling.TimeBasedRollingPolicy@3447021 - No compression will be used
04:47:48,166 |-INFO in c.q.l.core.rolling.TimeBasedRollingPolicy@3447021 - Will use the pattern /tmp/application_%d{yyyy-MM-dd}.%i.log for the active file
04:47:48,169 |-INFO in ch.qos.logback.core.rolling.SizeAndTimeBasedFNATP@1a407d53 - The date pattern is 'yyyy-MM-dd' from file name pattern '/tmp/application_%d{yyyy-MM-dd}.%i.log'.
04:47:48,169 |-INFO in ch.qos.logback.core.rolling.SizeAndTimeBasedFNATP@1a407d53 - Roll-over at midnight.
04:47:48,173 |-INFO in ch.qos.logback.core.rolling.SizeAndTimeBasedFNATP@1a407d53 - Setting initial period to Thu Jun 06 22:00:24 MSK 2019
04:47:48,173 |-WARN in ch.qos.logback.core.rolling.SizeAndTimeBasedFNATP@1a407d53 - SizeAndTimeBasedFNATP is deprecated. Use SizeAndTimeBasedRollingPolicy instead
04:47:48,173 |-WARN in ch.qos.logback.core.rolling.SizeAndTimeBasedFNATP@1a407d53 - For more information see http://logback.qos.ch/manual/appenders.html#SizeAndTimeBasedRollingPolicy
04:47:48,177 |-INFO in ch.qos.logback.core.joran.action.NestedComplexPropertyIA - Assuming default type [ch.qos.logback.classic.encoder.PatternLayoutEncoder] for [encoder] property
04:47:48,179 |-INFO in ch.qos.logback.core.rolling.RollingFileAppender[FILE] - Active log file name: /tmp/application.log
04:47:48,179 |-INFO in ch.qos.logback.core.rolling.RollingFileAppender[FILE] - File property is set to [/tmp/application.log]
04:47:48,180 |-ERROR in ch.qos.logback.core.rolling.RollingFileAppender[FILE] - openFile(/tmp/application.log,true) call failed. java.io.FileNotFoundException: /tmp/application.log (Permission denied)
	at java.io.FileNotFoundException: /tmp/application.log (Permission denied)
	at 	at java.io.FileOutputStream.open0(Native Method)
	at 	at java.io.FileOutputStream.open(FileOutputStream.java:270)
	at 	at java.io.FileOutputStream.<init>(FileOutputStream.java:213)
	at 	at ch.qos.logback.core.recovery.ResilientFileOutputStream.<init>(ResilientFileOutputStream.java:26)
	at 	at ch.qos.logback.core.FileAppender.openFile(FileAppender.java:204)
	at 	at ch.qos.logback.core.FileAppender.start(FileAppender.java:127)
	at 	at ch.qos.logback.core.rolling.RollingFileAppender.start(RollingFileAppender.java:100)
	at 	at ch.qos.logback.core.joran.action.AppenderAction.end(AppenderAction.java:90)
	at 	at ch.qos.logback.core.joran.spi.Interpreter.callEndAction(Interpreter.java:309)
	at 	at ch.qos.logback.core.joran.spi.Interpreter.endElement(Interpreter.java:193)
	at 	at ch.qos.logback.core.joran.spi.Interpreter.endElement(Interpreter.java:179)
	at 	at ch.qos.logback.core.joran.spi.EventPlayer.play(EventPlayer.java:62)
	at 	at ch.qos.logback.core.joran.GenericConfigurator.doConfigure(GenericConfigurator.java:165)
	at 	at ch.qos.logback.core.joran.GenericConfigurator.doConfigure(GenericConfigurator.java:152)
	at 	at ch.qos.logback.core.joran.GenericConfigurator.doConfigure(GenericConfigurator.java:110)
	at 	at ch.qos.logback.core.joran.GenericConfigurator.doConfigure(GenericConfigurator.java:53)
	at 	at ch.qos.logback.classic.util.ContextInitializer.configureByResource(ContextInitializer.java:75)
	at 	at ch.qos.logback.classic.util.ContextInitializer.autoConfig(ContextInitializer.java:150)
	at 	at org.slf4j.impl.StaticLoggerBinder.init(StaticLoggerBinder.java:84)
	at 	at org.slf4j.impl.StaticLoggerBinder.<clinit>(StaticLoggerBinder.java:55)
	at 	at org.slf4j.LoggerFactory.bind(LoggerFactory.java:150)
	at 	at org.slf4j.LoggerFactory.performInitialization(LoggerFactory.java:124)
	at 	at org.slf4j.LoggerFactory.getILoggerFactory(LoggerFactory.java:412)
	at 	at org.slf4j.LoggerFactory.getLogger(LoggerFactory.java:357)
	at 	at org.slf4j.LoggerFactory.getLogger(LoggerFactory.java:383)
	at 	at com.spbsu.flamestream.runtime.WorkerApplication.<init>(WorkerApplication.java:26)
	at 	at com.spbsu.flamestream.runtime.WorkerApplication.main(WorkerApplication.java:68)
04:47:48,180 |-INFO in ch.qos.logback.classic.joran.action.RootLoggerAction - Setting level of ROOT logger to WARN
04:47:48,181 |-INFO in ch.qos.logback.core.joran.action.AppenderRefAction - Attaching appender named [STDOUT] to Logger[ROOT]
04:47:48,181 |-INFO in ch.qos.logback.core.joran.action.AppenderRefAction - Attaching appender named [FILE] to Logger[ROOT]
04:47:48,181 |-INFO in ch.qos.logback.classic.joran.action.ConfigurationAction - End of configuration.
04:47:48,182 |-INFO in ch.qos.logback.classic.joran.JoranConfigurator@21bcffb5 - Registering current configuration as safe fallback point

Ama winner
Ama winner
2019-06-09T04:47:49.210+0300: 1.420: [GC (Metadata GC Threshold) [PSYoungGen: 97849K->15947K(149504K)] 97849K->16027K(491008K), 0.0305660 secs] [Times: user=0.13 sys=0.04, real=0.03 secs] 
2019-06-09T04:47:49.240+0300: 1.451: [Full GC (Metadata GC Threshold) [PSYoungGen: 15947K->0K(149504K)] [ParOldGen: 80K->15135K(341504K)] 16027K->15135K(491008K), [Metaspace: 20804K->20804K(1067008K)], 0.0269837 secs] [Times: user=0.11 sys=0.05, real=0.03 secs] 
04:47:56.562 [Curator-PathChildrenCache-1] WARN  o.a.c.u.ZKPaths  - The version of ZooKeeper being used doesn't support Container nodes. CreateMode.PERSISTENT will be used instead.
2019-06-09T04:47:57.671+0300: 9.881: [GC (Allocation Failure) [PSYoungGen: 128512K->15676K(149504K)] 143647K->50351K(491008K), 0.0271589 secs] [Times: user=0.25 sys=0.03, real=0.03 secs] 
2019-06-09T04:47:57.734+0300: 9.945: [GC (Metadata GC Threshold) [PSYoungGen: 21956K->5472K(149504K)] 56631K->40155K(491008K), 0.0048828 secs] [Times: user=0.05 sys=0.00, real=0.00 secs] 
2019-06-09T04:47:57.739+0300: 9.950: [Full GC (Metadata GC Threshold) [PSYoungGen: 5472K->0K(149504K)] [ParOldGen: 34683K->29187K(341504K)] 40155K->29187K(491008K), [Metaspace: 34552K->34552K(1079296K)], 0.0411650 secs] [Times: user=0.18 sys=0.01, real=0.04 secs] 
2019-06-09T04:47:59.488+0300: 11.699: [GC (Allocation Failure) [PSYoungGen: 128512K->544K(149504K)] 157699K->29739K(491008K), 0.0026811 secs] [Times: user=0.02 sys=0.00, real=0.00 secs] 
2019-06-09T04:48:01.728+0300: 13.939: [GC (Allocation Failure) [PSYoungGen: 129056K->608K(129536K)] 158251K->29811K(471040K), 0.0727923 secs] [Times: user=0.02 sys=0.01, real=0.07 secs] 
2019-06-09T04:48:03.851+0300: 16.061: [GC (Allocation Failure) [PSYoungGen: 129120K->608K(149504K)] 158323K->29819K(491008K), 0.0028329 secs] [Times: user=0.02 sys=0.01, real=0.01 secs] 
2019-06-09T04:48:06.035+0300: 18.245: [GC (Allocation Failure) [PSYoungGen: 128608K->672K(148992K)] 157819K->29891K(490496K), 0.0030677 secs] [Times: user=0.02 sys=0.00, real=0.00 secs] 
2019-06-09T04:48:08.243+0300: 20.453: [GC (Allocation Failure) [PSYoungGen: 128672K->544K(150528K)] 157891K->30059K(492032K), 0.0035204 secs] [Times: user=0.03 sys=0.00, real=0.01 secs] 
2019-06-09T04:48:10.504+0300: 22.715: [GC (Allocation Failure) [PSYoungGen: 130592K->384K(150016K)] 160107K->29987K(491520K), 0.0024353 secs] [Times: user=0.01 sys=0.00, real=0.01 secs] 
2019-06-09T04:48:12.769+0300: 24.980: [GC (Allocation Failure) [PSYoungGen: 130432K->448K(152064K)] 160035K->30051K(493568K), 0.0026102 secs] [Times: user=0.01 sys=0.01, real=0.00 secs] 
2019-06-09T04:48:15.086+0300: 27.296: [GC (Allocation Failure) [PSYoungGen: 133568K->480K(151552K)] 163171K->30083K(493056K), 0.0025554 secs] [Times: user=0.01 sys=0.00, real=0.00 secs] 
2019-06-09T04:48:17.375+0300: 29.586: [GC (Allocation Failure) [PSYoungGen: 133600K->544K(153600K)] 163203K->30155K(495104K), 0.0027223 secs] [Times: user=0.01 sys=0.00, real=0.00 secs] 
2019-06-09T04:48:19.750+0300: 31.960: [GC (Allocation Failure) [PSYoungGen: 136736K->544K(153088K)] 166347K->30155K(494592K), 0.0023694 secs] [Times: user=0.02 sys=0.00, real=0.00 secs] 
2019-06-09T04:48:22.093+0300: 34.303: [GC (Allocation Failure) [PSYoungGen: 136736K->512K(155136K)] 166347K->30123K(496640K), 0.0020474 secs] [Times: user=0.01 sys=0.00, real=0.00 secs] 
2019-06-09T04:48:24.494+0300: 36.705: [GC (Allocation Failure) [PSYoungGen: 139776K->576K(154624K)] 169387K->30187K(496128K), 0.0054755 secs] [Times: user=0.04 sys=0.00, real=0.00 secs] 
2019-06-09T04:48:26.918+0300: 39.129: [GC (Allocation Failure) [PSYoungGen: 139840K->672K(157184K)] 169451K->30283K(498688K), 0.0021616 secs] [Times: user=0.01 sys=0.00, real=0.00 secs] 
2019-06-09T04:48:29.381+0300: 41.592: [GC (Allocation Failure) [PSYoungGen: 143520K->640K(156160K)] 173131K->30259K(497664K), 0.0022055 secs] [Times: user=0.01 sys=0.00, real=0.00 secs] 
2019-06-09T04:48:31.875+0300: 44.086: [GC (Allocation Failure) [PSYoungGen: 143488K->672K(158208K)] 173107K->30291K(499712K), 0.0020459 secs] [Times: user=0.01 sys=0.00, real=0.00 secs] 
04:48:43.593 [Curator-PathChildrenCache-0] ERROR o.a.c.f.r.c.PathChildrenCache  - 
java.lang.IllegalStateException: instance must be started before calling this method
	at org.apache.curator.shaded.com.google.common.base.Preconditions.checkState(Preconditions.java:444)
	at org.apache.curator.framework.imps.CuratorFrameworkImpl.getChildren(CuratorFrameworkImpl.java:456)
	at org.apache.curator.framework.recipes.cache.PathChildrenCache.refresh(PathChildrenCache.java:521)
	at org.apache.curator.framework.recipes.cache.RefreshOperation.invoke(RefreshOperation.java:35)
	at org.apache.curator.framework.recipes.cache.PathChildrenCache$9.run(PathChildrenCache.java:786)
	at java.util.concurrent.Executors$RunnableAdapter.call(Executors.java:511)
	at java.util.concurrent.FutureTask.run(FutureTask.java:266)
	at java.util.concurrent.Executors$RunnableAdapter.call(Executors.java:511)
	at java.util.concurrent.FutureTask.run(FutureTask.java:266)
	at java.util.concurrent.ThreadPoolExecutor.runWorker(ThreadPoolExecutor.java:1149)
	at java.util.concurrent.ThreadPoolExecutor$Worker.run(ThreadPoolExecutor.java:624)
	at java.lang.Thread.run(Thread.java:748)
04:48:44.675 [worker-akka.actor.default-dispatcher-3] ERROR c.s.f.r.WorkerApplication  - Something went wrong during trace flush
java.nio.file.AccessDeniedException: /tmp/trace.csv
	at sun.nio.fs.UnixException.translateToIOException(UnixException.java:84)
	at sun.nio.fs.UnixException.rethrowAsIOException(UnixException.java:102)
	at sun.nio.fs.UnixException.rethrowAsIOException(UnixException.java:107)
	at sun.nio.fs.UnixFileSystemProvider.newByteChannel(UnixFileSystemProvider.java:214)
	at java.nio.file.spi.FileSystemProvider.newOutputStream(FileSystemProvider.java:434)
	at java.nio.file.Files.newOutputStream(Files.java:216)
	at java.nio.file.Files.newBufferedWriter(Files.java:2860)
	at java.nio.file.Files.newBufferedWriter(Files.java:2896)
	at com.spbsu.flamestream.runtime.utils.tracing.Tracing.flush(Tracing.java:35)
	at com.spbsu.flamestream.runtime.WorkerApplication.lambda$run$0(WorkerApplication.java:109)
	at akka.actor.ActorSystemImpl$TerminationCallbacks$$anonfun$addRec$1$1.applyOrElse(ActorSystem.scala:1036)
	at akka.actor.ActorSystemImpl$TerminationCallbacks$$anonfun$addRec$1$1.applyOrElse(ActorSystem.scala:1036)
	at scala.concurrent.Future$$anonfun$andThen$1.apply(Future.scala:436)
	at scala.concurrent.Future$$anonfun$andThen$1.apply(Future.scala:435)
	at scala.concurrent.impl.CallbackRunnable.run(Promise.scala:36)
	at akka.dispatch.BatchingExecutor$AbstractBatch.processBatch(BatchingExecutor.scala:55)
	at akka.dispatch.BatchingExecutor$BlockableBatch$$anonfun$run$1.apply$mcV$sp(BatchingExecutor.scala:91)
	at akka.dispatch.BatchingExecutor$BlockableBatch$$anonfun$run$1.apply(BatchingExecutor.scala:91)
	at akka.dispatch.BatchingExecutor$BlockableBatch$$anonfun$run$1.apply(BatchingExecutor.scala:91)
	at scala.concurrent.BlockContext$.withBlockContext(BlockContext.scala:72)
	at akka.dispatch.BatchingExecutor$BlockableBatch.run(BatchingExecutor.scala:90)
	at akka.dispatch.TaskInvocation.run(AbstractDispatcher.scala:40)
	at akka.dispatch.ForkJoinExecutorConfigurator$AkkaForkJoinTask.exec(ForkJoinExecutorConfigurator.scala:44)
	at akka.dispatch.forkjoin.ForkJoinTask.doExec(ForkJoinTask.java:260)
	at akka.dispatch.forkjoin.ForkJoinPool$WorkQueue.runTask(ForkJoinPool.java:1339)
	at akka.dispatch.forkjoin.ForkJoinPool.runWorker(ForkJoinPool.java:1979)
	at akka.dispatch.forkjoin.ForkJoinWorkerThread.run(ForkJoinWorkerThread.java:107)
Heap
 PSYoungGen      total 158208K, used 114100K [0x00000000f5980000, 0x0000000100000000, 0x0000000100000000)
  eden space 145408K, 78% used [0x00000000f5980000,0x00000000fc845328,0x00000000fe780000)
  from space 12800K, 5% used [0x00000000ff380000,0x00000000ff428090,0x0000000100000000)
  to   space 12288K, 0% used [0x00000000fe780000,0x00000000fe780000,0x00000000ff380000)
 ParOldGen       total 341504K, used 29619K [0x00000000e0c00000, 0x00000000f5980000, 0x00000000f5980000)
  object space 341504K, 8% used [0x00000000e0c00000,0x00000000e28ecf58,0x00000000f5980000)
 Metaspace       used 35828K, capacity 36744K, committed 36952K, reserved 1081344K
  class space    used 4928K, capacity 5128K, committed 5248K, reserved 1048576K
