07:11:50,583 |-INFO in ch.qos.logback.classic.LoggerContext[default] - Could NOT find resource [logback-test.xml]
07:11:50,583 |-INFO in ch.qos.logback.classic.LoggerContext[default] - Could NOT find resource [logback.groovy]
07:11:50,583 |-INFO in ch.qos.logback.classic.LoggerContext[default] - Found resource [logback.xml] at [jar:file:/root/flamestream/lib/flamestream-runtime-1.0-SNAPSHOT.jar!/logback.xml]
07:11:50,583 |-WARN in ch.qos.logback.classic.LoggerContext[default] - Resource [logback.xml] occurs multiple times on the classpath.
07:11:50,584 |-WARN in ch.qos.logback.classic.LoggerContext[default] - Resource [logback.xml] occurs at [jar:file:/root/flamestream/lib/flamestream-runtime-1.0-SNAPSHOT.jar!/logback.xml]
07:11:50,584 |-WARN in ch.qos.logback.classic.LoggerContext[default] - Resource [logback.xml] occurs at [jar:file:/root/flamestream/flamestream-runtime-1.0-SNAPSHOT.jar!/logback.xml]
07:11:50,606 |-INFO in ch.qos.logback.core.joran.spi.ConfigurationWatchList@3fb6a447 - URL [jar:file:/root/flamestream/lib/flamestream-runtime-1.0-SNAPSHOT.jar!/logback.xml] is not of type file
07:11:50,680 |-INFO in ch.qos.logback.classic.joran.action.ConfigurationAction - debug attribute not set
07:11:50,681 |-INFO in ch.qos.logback.core.joran.action.AppenderAction - About to instantiate appender of type [ch.qos.logback.core.ConsoleAppender]
07:11:50,698 |-INFO in ch.qos.logback.core.joran.action.AppenderAction - Naming appender as [STDOUT]
07:11:50,719 |-INFO in ch.qos.logback.core.joran.action.NestedComplexPropertyIA - Assuming default type [ch.qos.logback.classic.encoder.PatternLayoutEncoder] for [encoder] property
07:11:50,808 |-INFO in ch.qos.logback.core.joran.action.AppenderAction - About to instantiate appender of type [ch.qos.logback.core.rolling.RollingFileAppender]
07:11:50,813 |-INFO in ch.qos.logback.core.joran.action.AppenderAction - Naming appender as [FILE]
07:11:50,846 |-INFO in c.q.l.core.rolling.TimeBasedRollingPolicy@127618319 - No compression will be used
07:11:50,847 |-INFO in c.q.l.core.rolling.TimeBasedRollingPolicy@127618319 - Will use the pattern /tmp/application_%d{yyyy-MM-dd}.%i.log for the active file
07:11:50,850 |-INFO in ch.qos.logback.core.rolling.SizeAndTimeBasedFNATP@6b2fad11 - The date pattern is 'yyyy-MM-dd' from file name pattern '/tmp/application_%d{yyyy-MM-dd}.%i.log'.
07:11:50,850 |-INFO in ch.qos.logback.core.rolling.SizeAndTimeBasedFNATP@6b2fad11 - Roll-over at midnight.
07:11:50,856 |-INFO in ch.qos.logback.core.rolling.SizeAndTimeBasedFNATP@6b2fad11 - Setting initial period to Tue Jun 11 07:10:20 UTC 2019
07:11:50,856 |-WARN in ch.qos.logback.core.rolling.SizeAndTimeBasedFNATP@6b2fad11 - SizeAndTimeBasedFNATP is deprecated. Use SizeAndTimeBasedRollingPolicy instead
07:11:50,856 |-WARN in ch.qos.logback.core.rolling.SizeAndTimeBasedFNATP@6b2fad11 - For more information see http://logback.qos.ch/manual/appenders.html#SizeAndTimeBasedRollingPolicy
07:11:50,860 |-INFO in ch.qos.logback.core.joran.action.NestedComplexPropertyIA - Assuming default type [ch.qos.logback.classic.encoder.PatternLayoutEncoder] for [encoder] property
07:11:50,864 |-INFO in ch.qos.logback.core.rolling.RollingFileAppender[FILE] - Active log file name: /tmp/application.log
07:11:50,864 |-INFO in ch.qos.logback.core.rolling.RollingFileAppender[FILE] - File property is set to [/tmp/application.log]
07:11:50,865 |-INFO in ch.qos.logback.classic.joran.action.RootLoggerAction - Setting level of ROOT logger to WARN
07:11:50,865 |-INFO in ch.qos.logback.core.joran.action.AppenderRefAction - Attaching appender named [STDOUT] to Logger[ROOT]
07:11:50,868 |-INFO in ch.qos.logback.core.joran.action.AppenderRefAction - Attaching appender named [FILE] to Logger[ROOT]
07:11:50,868 |-INFO in ch.qos.logback.classic.joran.action.ConfigurationAction - End of configuration.
07:11:50,868 |-INFO in ch.qos.logback.classic.joran.JoranConfigurator@79698539 - Registering current configuration as safe fallback point

Ama winner
Ama winner
2019-06-11T07:11:52.116+0000: 1.723: [Full GC (Metadata GC Threshold) 2019-06-11T07:11:52.116+0000: 1.723: [Tenured: 0K->15142K(341376K), 0.0362576 secs] 112159K->15142K(494976K), [Metaspace: 20725K->20725K(1067008K)], 0.0363261 secs] [Times: user=0.04 sys=0.00, real=0.04 secs] 
07:12:16.362 [Curator-PathChildrenCache-1] WARN  o.a.c.u.ZKPaths  - The version of ZooKeeper being used doesn't support Container nodes. CreateMode.PERSISTENT will be used instead.
2019-06-11T07:12:18.414+0000: 28.022: [GC (Allocation Failure) 2019-06-11T07:12:18.414+0000: 28.022: [DefNew: 136576K->17024K(153600K), 0.0261774 secs] 151718K->52539K(494976K), 0.0262584 secs] [Times: user=0.02 sys=0.00, real=0.03 secs] 
2019-06-11T07:12:24.151+0000: 33.759: [GC (Allocation Failure) 2019-06-11T07:12:24.151+0000: 33.759: [DefNew: 153600K->302K(153600K), 0.0097096 secs] 189115K->44038K(494976K), 0.0097762 secs] [Times: user=0.01 sys=0.00, real=0.01 secs] 
2019-06-11T07:12:29.173+0000: 38.781: [Full GC (Metadata GC Threshold) 2019-06-11T07:12:29.174+0000: 38.781: [Tenured: 43736K->44018K(341376K), 0.0567042 secs] 168197K->44018K(494976K), [Metaspace: 34597K->34597K(1079296K)], 0.0567812 secs] [Times: user=0.05 sys=0.00, real=0.06 secs] 
2019-06-11T07:12:34.674+0000: 44.281: [GC (Allocation Failure) 2019-06-11T07:12:34.674+0000: 44.281: [DefNew: 136576K->48K(153600K), 0.0016407 secs] 180594K->44066K(494976K), 0.0016992 secs] [Times: user=0.01 sys=0.00, real=0.00 secs] 
2019-06-11T07:12:40.192+0000: 49.800: [GC (Allocation Failure) 2019-06-11T07:12:40.192+0000: 49.800: [DefNew: 136624K->47K(153600K), 0.0015926 secs] 180642K->44066K(494976K), 0.0016590 secs] [Times: user=0.00 sys=0.00, real=0.00 secs] 
2019-06-11T07:12:45.737+0000: 55.345: [GC (Allocation Failure) 2019-06-11T07:12:45.737+0000: 55.345: [DefNew: 136623K->50K(153600K), 0.0016337 secs] 180642K->44068K(494976K), 0.0016943 secs] [Times: user=0.00 sys=0.01, real=0.00 secs] 
07:12:59.932 [Curator-PathChildrenCache-0] ERROR o.a.c.f.r.c.PathChildrenCache  - 
java.lang.IllegalStateException: instance must be started before calling this method
	at org.apache.curator.shaded.com.google.common.base.Preconditions.checkState(Preconditions.java:444)
	at org.apache.curator.framework.imps.CuratorFrameworkImpl.getChildren(CuratorFrameworkImpl.java:456)
	at org.apache.curator.framework.recipes.cache.PathChildrenCache.refresh(PathChildrenCache.java:521)
	at org.apache.curator.framework.recipes.cache.RefreshOperation.invoke(RefreshOperation.java:35)
	at org.apache.curator.framework.recipes.cache.PathChildrenCache$9.run(PathChildrenCache.java:786)
	at java.util.concurrent.Executors$RunnableAdapter.call(Executors.java:511)
	at java.util.concurrent.FutureTask.run(FutureTask.java:266)
	at java.util.concurrent.Executors$RunnableAdapter.call(Executors.java:511)
	at java.util.concurrent.FutureTask.run(FutureTask.java:266)
	at java.util.concurrent.ThreadPoolExecutor.runWorker(ThreadPoolExecutor.java:1149)
	at java.util.concurrent.ThreadPoolExecutor$Worker.run(ThreadPoolExecutor.java:624)
	at java.lang.Thread.run(Thread.java:748)
07:13:00.210 [worker-akka.actor.default-dispatcher-17] ERROR a.r.a.Association(akka://worker) akka.remote.artery.Association(akka://worker) - Outbound control stream to [akka://worker@10.0.0.220:5412] failed after shutdown. 
akka.remote.artery.Association$OutboundStreamStopQuarantinedSignal$: 
07:13:00.218 [worker-akka.actor.default-dispatcher-17] ERROR a.r.a.Association(akka://worker) akka.remote.artery.Association(akka://worker) - Outbound message stream to [akka://worker@10.0.0.220:5412] failed after shutdown. 
akka.remote.artery.Association$OutboundStreamStopQuarantinedSignal$: 
07:13:00.219 [worker-akka.actor.default-dispatcher-17] ERROR a.r.a.Association(akka://worker) akka.remote.artery.Association(akka://worker) - Outbound control stream to [akka://worker@10.0.0.116:5412] failed after shutdown. 
akka.remote.artery.Association$OutboundStreamStopQuarantinedSignal$: 
07:13:00.220 [worker-akka.actor.default-dispatcher-17] ERROR a.r.a.Association(akka://worker) akka.remote.artery.Association(akka://worker) - Outbound message stream to [akka://worker@10.0.0.116:5412] failed after shutdown. 
akka.remote.artery.Association$OutboundStreamStopQuarantinedSignal$: 
07:13:00.266 [worker-akka.actor.default-dispatcher-17] ERROR a.r.a.Association(akka://worker) akka.remote.artery.Association(akka://worker) - Outbound control stream to [akka://worker@10.0.0.111:5412] failed after shutdown. 
akka.remote.artery.Association$OutboundStreamStopQuarantinedSignal$: 
07:13:00.267 [worker-akka.actor.default-dispatcher-17] ERROR a.r.a.Association(akka://worker) akka.remote.artery.Association(akka://worker) - Outbound message stream to [akka://worker@10.0.0.111:5412] failed after shutdown. 
akka.remote.artery.Association$OutboundStreamStopQuarantinedSignal$: 
07:13:00.916 [worker-akka.actor.default-dispatcher-17] ERROR a.r.a.Association(akka://worker) akka.remote.artery.Association(akka://worker) - Outbound control stream to [akka://worker@10.0.0.172:5412] failed after shutdown. 
akka.remote.artery.Association$OutboundStreamStopQuarantinedSignal$: 
07:13:00.917 [worker-akka.actor.default-dispatcher-17] ERROR a.r.a.Association(akka://worker) akka.remote.artery.Association(akka://worker) - Outbound message stream to [akka://worker@10.0.0.172:5412] failed after shutdown. 
akka.remote.artery.Association$OutboundStreamStopQuarantinedSignal$: 
Heap
 def new generation   total 153600K, used 97879K [0x00000000e0c00000, 0x00000000eb2a0000, 0x00000000eb2a0000)
  eden space 136576K,  71% used [0x00000000e0c00000, 0x00000000e6b89388, 0x00000000e9160000)
  from space 17024K,   0% used [0x00000000ea200000, 0x00000000ea20ca40, 0x00000000eb2a0000)
  to   space 17024K,   0% used [0x00000000e9160000, 0x00000000e9160000, 0x00000000ea200000)
 tenured generation   total 341376K, used 44018K [0x00000000eb2a0000, 0x0000000100000000, 0x0000000100000000)
   the space 341376K,  12% used [0x00000000eb2a0000, 0x00000000edd9c930, 0x00000000edd9ca00, 0x0000000100000000)
 Metaspace       used 35957K, capacity 36858K, committed 37120K, reserved 1081344K
  class space    used 4867K, capacity 5073K, committed 5120K, reserved 1048576K
