19:23:23,199 |-INFO in ch.qos.logback.classic.LoggerContext[default] - Could NOT find resource [logback-test.xml]
19:23:23,199 |-INFO in ch.qos.logback.classic.LoggerContext[default] - Could NOT find resource [logback.groovy]
19:23:23,200 |-INFO in ch.qos.logback.classic.LoggerContext[default] - Found resource [logback.xml] at [jar:file:/root/flamestream/lib/flamestream-runtime-1.0-SNAPSHOT.jar!/logback.xml]
19:23:23,201 |-WARN in ch.qos.logback.classic.LoggerContext[default] - Resource [logback.xml] occurs multiple times on the classpath.
19:23:23,201 |-WARN in ch.qos.logback.classic.LoggerContext[default] - Resource [logback.xml] occurs at [jar:file:/root/flamestream/lib/flamestream-runtime-1.0-SNAPSHOT.jar!/logback.xml]
19:23:23,201 |-WARN in ch.qos.logback.classic.LoggerContext[default] - Resource [logback.xml] occurs at [jar:file:/root/flamestream/flamestream-runtime-1.0-SNAPSHOT.jar!/logback.xml]
19:23:23,220 |-INFO in ch.qos.logback.core.joran.spi.ConfigurationWatchList@3fb6a447 - URL [jar:file:/root/flamestream/lib/flamestream-runtime-1.0-SNAPSHOT.jar!/logback.xml] is not of type file
19:23:23,295 |-INFO in ch.qos.logback.classic.joran.action.ConfigurationAction - debug attribute not set
19:23:23,296 |-INFO in ch.qos.logback.core.joran.action.AppenderAction - About to instantiate appender of type [ch.qos.logback.core.ConsoleAppender]
19:23:23,310 |-INFO in ch.qos.logback.core.joran.action.AppenderAction - Naming appender as [STDOUT]
19:23:23,327 |-INFO in ch.qos.logback.core.joran.action.NestedComplexPropertyIA - Assuming default type [ch.qos.logback.classic.encoder.PatternLayoutEncoder] for [encoder] property
19:23:23,412 |-INFO in ch.qos.logback.core.joran.action.AppenderAction - About to instantiate appender of type [ch.qos.logback.core.rolling.RollingFileAppender]
19:23:23,417 |-INFO in ch.qos.logback.core.joran.action.AppenderAction - Naming appender as [FILE]
19:23:23,447 |-INFO in c.q.l.core.rolling.TimeBasedRollingPolicy@127618319 - No compression will be used
19:23:23,448 |-INFO in c.q.l.core.rolling.TimeBasedRollingPolicy@127618319 - Will use the pattern /tmp/application_%d{yyyy-MM-dd}.%i.log for the active file
19:23:23,451 |-INFO in ch.qos.logback.core.rolling.SizeAndTimeBasedFNATP@6b2fad11 - The date pattern is 'yyyy-MM-dd' from file name pattern '/tmp/application_%d{yyyy-MM-dd}.%i.log'.
19:23:23,451 |-INFO in ch.qos.logback.core.rolling.SizeAndTimeBasedFNATP@6b2fad11 - Roll-over at midnight.
19:23:23,456 |-INFO in ch.qos.logback.core.rolling.SizeAndTimeBasedFNATP@6b2fad11 - Setting initial period to Mon Jun 10 19:21:56 UTC 2019
19:23:23,456 |-WARN in ch.qos.logback.core.rolling.SizeAndTimeBasedFNATP@6b2fad11 - SizeAndTimeBasedFNATP is deprecated. Use SizeAndTimeBasedRollingPolicy instead
19:23:23,456 |-WARN in ch.qos.logback.core.rolling.SizeAndTimeBasedFNATP@6b2fad11 - For more information see http://logback.qos.ch/manual/appenders.html#SizeAndTimeBasedRollingPolicy
19:23:23,460 |-INFO in ch.qos.logback.core.joran.action.NestedComplexPropertyIA - Assuming default type [ch.qos.logback.classic.encoder.PatternLayoutEncoder] for [encoder] property
19:23:23,465 |-INFO in ch.qos.logback.core.rolling.RollingFileAppender[FILE] - Active log file name: /tmp/application.log
19:23:23,465 |-INFO in ch.qos.logback.core.rolling.RollingFileAppender[FILE] - File property is set to [/tmp/application.log]
19:23:23,466 |-INFO in ch.qos.logback.classic.joran.action.RootLoggerAction - Setting level of ROOT logger to WARN
19:23:23,466 |-INFO in ch.qos.logback.core.joran.action.AppenderRefAction - Attaching appender named [STDOUT] to Logger[ROOT]
19:23:23,468 |-INFO in ch.qos.logback.core.joran.action.AppenderRefAction - Attaching appender named [FILE] to Logger[ROOT]
19:23:23,468 |-INFO in ch.qos.logback.classic.joran.action.ConfigurationAction - End of configuration.
19:23:23,468 |-INFO in ch.qos.logback.classic.joran.JoranConfigurator@79698539 - Registering current configuration as safe fallback point

Ama winner
Ama winner
2019-06-10T19:23:24.772+0000: 1.760: [Full GC (Metadata GC Threshold) 2019-06-10T19:23:24.772+0000: 1.760: [Tenured: 0K->15209K(341376K), 0.0403772 secs] 114987K->15209K(494976K), [Metaspace: 20734K->20734K(1067008K)], 0.0404482 secs] [Times: user=0.04 sys=0.00, real=0.04 secs] 
19:23:41.570 [Curator-PathChildrenCache-1] WARN  o.a.c.u.ZKPaths  - The version of ZooKeeper being used doesn't support Container nodes. CreateMode.PERSISTENT will be used instead.
2019-06-10T19:23:43.830+0000: 20.817: [GC (Allocation Failure) 2019-06-10T19:23:43.830+0000: 20.817: [DefNew: 136576K->17023K(153600K), 0.0274985 secs] 151785K->52830K(494976K), 0.0275759 secs] [Times: user=0.01 sys=0.01, real=0.03 secs] 
2019-06-10T19:23:45.120+0000: 22.107: [Full GC (Metadata GC Threshold) 2019-06-10T19:23:45.120+0000: 22.107: [Tenured: 35806K->44507K(341376K), 0.0443863 secs] 85966K->44507K(494976K), [Metaspace: 34587K->34587K(1079296K)], 0.0444625 secs] [Times: user=0.05 sys=0.00, real=0.05 secs] 
2019-06-10T19:23:47.805+0000: 24.792: [GC (Allocation Failure) 2019-06-10T19:23:47.805+0000: 24.792: [DefNew: 136576K->50K(153600K), 0.0017101 secs] 181083K->44558K(494976K), 0.0017682 secs] [Times: user=0.00 sys=0.00, real=0.00 secs] 
2019-06-10T19:23:50.494+0000: 27.481: [GC (Allocation Failure) 2019-06-10T19:23:50.494+0000: 27.481: [DefNew: 136626K->71K(153600K), 0.0017448 secs] 181134K->44579K(494976K), 0.0018048 secs] [Times: user=0.00 sys=0.00, real=0.00 secs] 
2019-06-10T19:24:00.791+0000: 37.778: [GC (Allocation Failure) 2019-06-10T19:24:00.791+0000: 37.778: [DefNew: 136647K->177K(153600K), 0.0019809 secs] 181155K->44685K(494976K), 0.0020800 secs] [Times: user=0.01 sys=0.00, real=0.01 secs] 
19:24:00.864 [Curator-PathChildrenCache-0] ERROR o.a.c.f.r.c.PathChildrenCache  - 
java.lang.IllegalStateException: instance must be started before calling this method
	at org.apache.curator.shaded.com.google.common.base.Preconditions.checkState(Preconditions.java:444)
	at org.apache.curator.framework.imps.CuratorFrameworkImpl.getChildren(CuratorFrameworkImpl.java:456)
	at org.apache.curator.framework.recipes.cache.PathChildrenCache.refresh(PathChildrenCache.java:521)
	at org.apache.curator.framework.recipes.cache.RefreshOperation.invoke(RefreshOperation.java:35)
	at org.apache.curator.framework.recipes.cache.PathChildrenCache$9.run(PathChildrenCache.java:786)
	at java.util.concurrent.Executors$RunnableAdapter.call(Executors.java:511)
	at java.util.concurrent.FutureTask.run(FutureTask.java:266)
	at java.util.concurrent.Executors$RunnableAdapter.call(Executors.java:511)
	at java.util.concurrent.FutureTask.run(FutureTask.java:266)
	at java.util.concurrent.ThreadPoolExecutor.runWorker(ThreadPoolExecutor.java:1149)
	at java.util.concurrent.ThreadPoolExecutor$Worker.run(ThreadPoolExecutor.java:624)
	at java.lang.Thread.run(Thread.java:748)
Heap
 def new generation   total 153600K, used 16984K [0x00000000e0c00000, 0x00000000eb2a0000, 0x00000000eb2a0000)
  eden space 136576K,  12% used [0x00000000e0c00000, 0x00000000e1c69960, 0x00000000e9160000)
  from space 17024K,   1% used [0x00000000e9160000, 0x00000000e918c7b0, 0x00000000ea200000)
  to   space 17024K,   0% used [0x00000000ea200000, 0x00000000ea200000, 0x00000000eb2a0000)
 tenured generation   total 341376K, used 44507K [0x00000000eb2a0000, 0x0000000100000000, 0x0000000100000000)
   the space 341376K,  13% used [0x00000000eb2a0000, 0x00000000ede16eb0, 0x00000000ede17000, 0x0000000100000000)
 Metaspace       used 35693K, capacity 36646K, committed 36864K, reserved 1081344K
  class space    used 4825K, capacity 5043K, committed 5120K, reserved 1048576K
