15:08:42,894 |-INFO in ch.qos.logback.classic.LoggerContext[default] - Could NOT find resource [logback-test.xml]
15:08:42,894 |-INFO in ch.qos.logback.classic.LoggerContext[default] - Could NOT find resource [logback.groovy]
15:08:42,894 |-INFO in ch.qos.logback.classic.LoggerContext[default] - Found resource [logback.xml] at [jar:file:/root/flamestream/lib/flamestream-runtime-1.0-SNAPSHOT.jar!/logback.xml]
15:08:42,899 |-WARN in ch.qos.logback.classic.LoggerContext[default] - Resource [logback.xml] occurs multiple times on the classpath.
15:08:42,899 |-WARN in ch.qos.logback.classic.LoggerContext[default] - Resource [logback.xml] occurs at [jar:file:/root/flamestream/lib/flamestream-runtime-1.0-SNAPSHOT.jar!/logback.xml]
15:08:42,899 |-WARN in ch.qos.logback.classic.LoggerContext[default] - Resource [logback.xml] occurs at [jar:file:/root/flamestream/flamestream-runtime-1.0-SNAPSHOT.jar!/logback.xml]
15:08:42,918 |-INFO in ch.qos.logback.core.joran.spi.ConfigurationWatchList@3fb6a447 - URL [jar:file:/root/flamestream/lib/flamestream-runtime-1.0-SNAPSHOT.jar!/logback.xml] is not of type file
15:08:42,985 |-INFO in ch.qos.logback.classic.joran.action.ConfigurationAction - debug attribute not set
15:08:42,985 |-INFO in ch.qos.logback.core.joran.action.AppenderAction - About to instantiate appender of type [ch.qos.logback.core.ConsoleAppender]
15:08:43,001 |-INFO in ch.qos.logback.core.joran.action.AppenderAction - Naming appender as [STDOUT]
15:08:43,019 |-INFO in ch.qos.logback.core.joran.action.NestedComplexPropertyIA - Assuming default type [ch.qos.logback.classic.encoder.PatternLayoutEncoder] for [encoder] property
15:08:43,104 |-INFO in ch.qos.logback.core.joran.action.AppenderAction - About to instantiate appender of type [ch.qos.logback.core.rolling.RollingFileAppender]
15:08:43,109 |-INFO in ch.qos.logback.core.joran.action.AppenderAction - Naming appender as [FILE]
15:08:43,138 |-INFO in c.q.l.core.rolling.TimeBasedRollingPolicy@127618319 - No compression will be used
15:08:43,140 |-INFO in c.q.l.core.rolling.TimeBasedRollingPolicy@127618319 - Will use the pattern /tmp/application_%d{yyyy-MM-dd}.%i.log for the active file
15:08:43,142 |-INFO in ch.qos.logback.core.rolling.SizeAndTimeBasedFNATP@6b2fad11 - The date pattern is 'yyyy-MM-dd' from file name pattern '/tmp/application_%d{yyyy-MM-dd}.%i.log'.
15:08:43,142 |-INFO in ch.qos.logback.core.rolling.SizeAndTimeBasedFNATP@6b2fad11 - Roll-over at midnight.
15:08:43,148 |-INFO in ch.qos.logback.core.rolling.SizeAndTimeBasedFNATP@6b2fad11 - Setting initial period to Mon Jun 10 15:07:24 UTC 2019
15:08:43,148 |-WARN in ch.qos.logback.core.rolling.SizeAndTimeBasedFNATP@6b2fad11 - SizeAndTimeBasedFNATP is deprecated. Use SizeAndTimeBasedRollingPolicy instead
15:08:43,148 |-WARN in ch.qos.logback.core.rolling.SizeAndTimeBasedFNATP@6b2fad11 - For more information see http://logback.qos.ch/manual/appenders.html#SizeAndTimeBasedRollingPolicy
15:08:43,152 |-INFO in ch.qos.logback.core.joran.action.NestedComplexPropertyIA - Assuming default type [ch.qos.logback.classic.encoder.PatternLayoutEncoder] for [encoder] property
15:08:43,156 |-INFO in ch.qos.logback.core.rolling.RollingFileAppender[FILE] - Active log file name: /tmp/application.log
15:08:43,156 |-INFO in ch.qos.logback.core.rolling.RollingFileAppender[FILE] - File property is set to [/tmp/application.log]
15:08:43,157 |-INFO in ch.qos.logback.classic.joran.action.RootLoggerAction - Setting level of ROOT logger to WARN
15:08:43,157 |-INFO in ch.qos.logback.core.joran.action.AppenderRefAction - Attaching appender named [STDOUT] to Logger[ROOT]
15:08:43,159 |-INFO in ch.qos.logback.core.joran.action.AppenderRefAction - Attaching appender named [FILE] to Logger[ROOT]
15:08:43,159 |-INFO in ch.qos.logback.classic.joran.action.ConfigurationAction - End of configuration.
15:08:43,160 |-INFO in ch.qos.logback.classic.joran.JoranConfigurator@79698539 - Registering current configuration as safe fallback point

Ama winner
Ama winner
2019-06-10T15:08:44.458+0000: 1.745: [Full GC (Metadata GC Threshold) 2019-06-10T15:08:44.458+0000: 1.745: [Tenured: 0K->15208K(341376K), 0.0395067 secs] 114923K->15208K(494976K), [Metaspace: 20737K->20737K(1067008K)], 0.0395792 secs] [Times: user=0.03 sys=0.01, real=0.04 secs] 
15:08:56.635 [Curator-PathChildrenCache-1] WARN  o.a.c.u.ZKPaths  - The version of ZooKeeper being used doesn't support Container nodes. CreateMode.PERSISTENT will be used instead.
2019-06-10T15:08:58.794+0000: 16.081: [GC (Allocation Failure) 2019-06-10T15:08:58.794+0000: 16.081: [DefNew: 136576K->17023K(153600K), 0.0252074 secs] 151784K->52701K(494976K), 0.0252733 secs] [Times: user=0.02 sys=0.01, real=0.03 secs] 
2019-06-10T15:08:59.899+0000: 17.186: [Full GC (Metadata GC Threshold) 2019-06-10T15:08:59.899+0000: 17.186: [Tenured: 35677K->44336K(341376K), 0.0363642 secs] 74607K->44336K(494976K), [Metaspace: 34569K->34569K(1079296K)], 0.0364391 secs] [Times: user=0.03 sys=0.00, real=0.04 secs] 
2019-06-10T15:09:05.449+0000: 22.736: [GC (Allocation Failure) 2019-06-10T15:09:05.449+0000: 22.736: [DefNew: 136576K->150K(153600K), 0.0020200 secs] 180912K->44486K(494976K), 0.0020829 secs] [Times: user=0.00 sys=0.00, real=0.00 secs] 
2019-06-10T15:09:10.988+0000: 28.275: [GC (Allocation Failure) 2019-06-10T15:09:10.988+0000: 28.275: [DefNew: 136726K->151K(153600K), 0.0017783 secs] 181062K->44487K(494976K), 0.0018486 secs] [Times: user=0.01 sys=0.00, real=0.00 secs] 
2019-06-10T15:09:16.395+0000: 33.682: [GC (Allocation Failure) 2019-06-10T15:09:16.395+0000: 33.682: [DefNew: 136727K->179K(153600K), 0.0017558 secs] 181063K->44515K(494976K), 0.0018111 secs] [Times: user=0.00 sys=0.00, real=0.00 secs] 
2019-06-10T15:09:21.717+0000: 39.004: [GC (Allocation Failure) 2019-06-10T15:09:21.717+0000: 39.004: [DefNew: 136755K->212K(153600K), 0.0018806 secs] 181091K->44548K(494976K), 0.0019443 secs] [Times: user=0.01 sys=0.00, real=0.00 secs] 
15:09:32.789 [Curator-PathChildrenCache-0] ERROR o.a.c.f.r.c.PathChildrenCache  - 
java.lang.IllegalStateException: instance must be started before calling this method
	at org.apache.curator.shaded.com.google.common.base.Preconditions.checkState(Preconditions.java:444)
	at org.apache.curator.framework.imps.CuratorFrameworkImpl.getChildren(CuratorFrameworkImpl.java:456)
	at org.apache.curator.framework.recipes.cache.PathChildrenCache.refresh(PathChildrenCache.java:521)
	at org.apache.curator.framework.recipes.cache.RefreshOperation.invoke(RefreshOperation.java:35)
	at org.apache.curator.framework.recipes.cache.PathChildrenCache$9.run(PathChildrenCache.java:786)
	at java.util.concurrent.Executors$RunnableAdapter.call(Executors.java:511)
	at java.util.concurrent.FutureTask.run(FutureTask.java:266)
	at java.util.concurrent.Executors$RunnableAdapter.call(Executors.java:511)
	at java.util.concurrent.FutureTask.run(FutureTask.java:266)
	at java.util.concurrent.ThreadPoolExecutor.runWorker(ThreadPoolExecutor.java:1149)
	at java.util.concurrent.ThreadPoolExecutor$Worker.run(ThreadPoolExecutor.java:624)
	at java.lang.Thread.run(Thread.java:748)
Heap
 def new generation   total 153600K, used 110622K [0x00000000e0c00000, 0x00000000eb2a0000, 0x00000000eb2a0000)
  eden space 136576K,  80% used [0x00000000e0c00000, 0x00000000e77d2620, 0x00000000e9160000)
  from space 17024K,   1% used [0x00000000ea200000, 0x00000000ea235338, 0x00000000eb2a0000)
  to   space 17024K,   0% used [0x00000000e9160000, 0x00000000e9160000, 0x00000000ea200000)
 tenured generation   total 341376K, used 44336K [0x00000000eb2a0000, 0x0000000100000000, 0x0000000100000000)
   the space 341376K,  12% used [0x00000000eb2a0000, 0x00000000eddec018, 0x00000000eddec200, 0x0000000100000000)
 Metaspace       used 35884K, capacity 36774K, committed 37120K, reserved 1081344K
  class space    used 4829K, capacity 5043K, committed 5120K, reserved 1048576K
