14:38:21,758 |-INFO in ch.qos.logback.classic.LoggerContext[default] - Could NOT find resource [logback-test.xml]
14:38:21,758 |-INFO in ch.qos.logback.classic.LoggerContext[default] - Could NOT find resource [logback.groovy]
14:38:21,758 |-INFO in ch.qos.logback.classic.LoggerContext[default] - Found resource [logback.xml] at [jar:file:/root/flamestream/lib/flamestream-runtime-1.0-SNAPSHOT.jar!/logback.xml]
14:38:21,761 |-WARN in ch.qos.logback.classic.LoggerContext[default] - Resource [logback.xml] occurs multiple times on the classpath.
14:38:21,761 |-WARN in ch.qos.logback.classic.LoggerContext[default] - Resource [logback.xml] occurs at [jar:file:/root/flamestream/lib/flamestream-runtime-1.0-SNAPSHOT.jar!/logback.xml]
14:38:21,761 |-WARN in ch.qos.logback.classic.LoggerContext[default] - Resource [logback.xml] occurs at [jar:file:/root/flamestream/flamestream-runtime-1.0-SNAPSHOT.jar!/logback.xml]
14:38:21,781 |-INFO in ch.qos.logback.core.joran.spi.ConfigurationWatchList@3fb6a447 - URL [jar:file:/root/flamestream/lib/flamestream-runtime-1.0-SNAPSHOT.jar!/logback.xml] is not of type file
14:38:21,848 |-INFO in ch.qos.logback.classic.joran.action.ConfigurationAction - debug attribute not set
14:38:21,849 |-INFO in ch.qos.logback.core.joran.action.AppenderAction - About to instantiate appender of type [ch.qos.logback.core.ConsoleAppender]
14:38:21,865 |-INFO in ch.qos.logback.core.joran.action.AppenderAction - Naming appender as [STDOUT]
14:38:21,885 |-INFO in ch.qos.logback.core.joran.action.NestedComplexPropertyIA - Assuming default type [ch.qos.logback.classic.encoder.PatternLayoutEncoder] for [encoder] property
14:38:21,969 |-INFO in ch.qos.logback.core.joran.action.AppenderAction - About to instantiate appender of type [ch.qos.logback.core.rolling.RollingFileAppender]
14:38:21,974 |-INFO in ch.qos.logback.core.joran.action.AppenderAction - Naming appender as [FILE]
14:38:22,003 |-INFO in c.q.l.core.rolling.TimeBasedRollingPolicy@127618319 - No compression will be used
14:38:22,004 |-INFO in c.q.l.core.rolling.TimeBasedRollingPolicy@127618319 - Will use the pattern /tmp/application_%d{yyyy-MM-dd}.%i.log for the active file
14:38:22,007 |-INFO in ch.qos.logback.core.rolling.SizeAndTimeBasedFNATP@6b2fad11 - The date pattern is 'yyyy-MM-dd' from file name pattern '/tmp/application_%d{yyyy-MM-dd}.%i.log'.
14:38:22,007 |-INFO in ch.qos.logback.core.rolling.SizeAndTimeBasedFNATP@6b2fad11 - Roll-over at midnight.
14:38:22,012 |-INFO in ch.qos.logback.core.rolling.SizeAndTimeBasedFNATP@6b2fad11 - Setting initial period to Mon Jun 10 14:36:50 UTC 2019
14:38:22,012 |-WARN in ch.qos.logback.core.rolling.SizeAndTimeBasedFNATP@6b2fad11 - SizeAndTimeBasedFNATP is deprecated. Use SizeAndTimeBasedRollingPolicy instead
14:38:22,012 |-WARN in ch.qos.logback.core.rolling.SizeAndTimeBasedFNATP@6b2fad11 - For more information see http://logback.qos.ch/manual/appenders.html#SizeAndTimeBasedRollingPolicy
14:38:22,016 |-INFO in ch.qos.logback.core.joran.action.NestedComplexPropertyIA - Assuming default type [ch.qos.logback.classic.encoder.PatternLayoutEncoder] for [encoder] property
14:38:22,021 |-INFO in ch.qos.logback.core.rolling.RollingFileAppender[FILE] - Active log file name: /tmp/application.log
14:38:22,021 |-INFO in ch.qos.logback.core.rolling.RollingFileAppender[FILE] - File property is set to [/tmp/application.log]
14:38:22,022 |-INFO in ch.qos.logback.classic.joran.action.RootLoggerAction - Setting level of ROOT logger to WARN
14:38:22,022 |-INFO in ch.qos.logback.core.joran.action.AppenderRefAction - Attaching appender named [STDOUT] to Logger[ROOT]
14:38:22,024 |-INFO in ch.qos.logback.core.joran.action.AppenderRefAction - Attaching appender named [FILE] to Logger[ROOT]
14:38:22,024 |-INFO in ch.qos.logback.classic.joran.action.ConfigurationAction - End of configuration.
14:38:22,024 |-INFO in ch.qos.logback.classic.joran.JoranConfigurator@79698539 - Registering current configuration as safe fallback point

Ama winner
Ama winner
2019-06-10T14:38:23.282+0000: 1.701: [Full GC (Metadata GC Threshold) 2019-06-10T14:38:23.282+0000: 1.701: [Tenured: 0K->15144K(341376K), 0.0391509 secs] 114923K->15144K(494976K), [Metaspace: 20739K->20739K(1067008K)], 0.0392178 secs] [Times: user=0.03 sys=0.01, real=0.04 secs] 
14:38:36.591 [Curator-PathChildrenCache-1] WARN  o.a.c.u.ZKPaths  - The version of ZooKeeper being used doesn't support Container nodes. CreateMode.PERSISTENT will be used instead.
2019-06-10T14:38:38.966+0000: 17.385: [GC (Allocation Failure) 2019-06-10T14:38:38.966+0000: 17.385: [DefNew: 136576K->17023K(153600K), 0.0278332 secs] 151720K->52766K(494976K), 0.0279126 secs] [Times: user=0.02 sys=0.01, real=0.03 secs] 
2019-06-10T14:38:40.106+0000: 18.525: [Full GC (Metadata GC Threshold) 2019-06-10T14:38:40.106+0000: 18.525: [Tenured: 35742K->44530K(341376K), 0.0749451 secs] 81445K->44530K(494976K), [Metaspace: 34581K->34581K(1079296K)], 0.0750266 secs] [Times: user=0.07 sys=0.00, real=0.07 secs] 
2019-06-10T14:38:42.959+0000: 21.378: [GC (Allocation Failure) 2019-06-10T14:38:42.959+0000: 21.378: [DefNew: 136576K->156K(153600K), 0.0020305 secs] 181106K->44687K(494976K), 0.0020881 secs] [Times: user=0.01 sys=0.00, real=0.00 secs] 
2019-06-10T14:38:45.147+0000: 23.567: [GC (Allocation Failure) 2019-06-10T14:38:45.147+0000: 23.567: [DefNew: 136732K->151K(153600K), 0.0018112 secs] 181263K->44681K(494976K), 0.0018701 secs] [Times: user=0.00 sys=0.00, real=0.00 secs] 
2019-06-10T14:38:47.574+0000: 25.993: [GC (Allocation Failure) 2019-06-10T14:38:47.574+0000: 25.993: [DefNew: 136727K->170K(153600K), 0.0018867 secs] 181257K->44700K(494976K), 0.0019455 secs] [Times: user=0.00 sys=0.01, real=0.00 secs] 
14:38:58.670 [Curator-PathChildrenCache-0] ERROR o.a.c.f.r.c.PathChildrenCache  - 
java.lang.IllegalStateException: instance must be started before calling this method
	at org.apache.curator.shaded.com.google.common.base.Preconditions.checkState(Preconditions.java:444)
	at org.apache.curator.framework.imps.CuratorFrameworkImpl.getChildren(CuratorFrameworkImpl.java:456)
	at org.apache.curator.framework.recipes.cache.PathChildrenCache.refresh(PathChildrenCache.java:521)
	at org.apache.curator.framework.recipes.cache.RefreshOperation.invoke(RefreshOperation.java:35)
	at org.apache.curator.framework.recipes.cache.PathChildrenCache$9.run(PathChildrenCache.java:786)
	at java.util.concurrent.Executors$RunnableAdapter.call(Executors.java:511)
	at java.util.concurrent.FutureTask.run(FutureTask.java:266)
	at java.util.concurrent.Executors$RunnableAdapter.call(Executors.java:511)
	at java.util.concurrent.FutureTask.run(FutureTask.java:266)
	at java.util.concurrent.ThreadPoolExecutor.runWorker(ThreadPoolExecutor.java:1149)
	at java.util.concurrent.ThreadPoolExecutor$Worker.run(ThreadPoolExecutor.java:624)
	at java.lang.Thread.run(Thread.java:748)
Heap
 def new generation   total 153600K, used 79025K [0x00000000e0c00000, 0x00000000eb2a0000, 0x00000000eb2a0000)
  eden space 136576K,  57% used [0x00000000e0c00000, 0x00000000e5901c30, 0x00000000e9160000)
  from space 17024K,   0% used [0x00000000e9160000, 0x00000000e918a818, 0x00000000ea200000)
  to   space 17024K,   0% used [0x00000000ea200000, 0x00000000ea200000, 0x00000000eb2a0000)
 tenured generation   total 341376K, used 44530K [0x00000000eb2a0000, 0x0000000100000000, 0x0000000100000000)
   the space 341376K,  13% used [0x00000000eb2a0000, 0x00000000ede1cb48, 0x00000000ede1cc00, 0x0000000100000000)
 Metaspace       used 35759K, capacity 36640K, committed 36864K, reserved 1081344K
  class space    used 4830K, capacity 5042K, committed 5120K, reserved 1048576K
