16:53:53,353 |-INFO in ch.qos.logback.classic.LoggerContext[default] - Could NOT find resource [logback-test.xml]
16:53:53,353 |-INFO in ch.qos.logback.classic.LoggerContext[default] - Could NOT find resource [logback.groovy]
16:53:53,354 |-INFO in ch.qos.logback.classic.LoggerContext[default] - Found resource [logback.xml] at [jar:file:/root/flamestream/lib/flamestream-runtime-1.0-SNAPSHOT.jar!/logback.xml]
16:53:53,354 |-WARN in ch.qos.logback.classic.LoggerContext[default] - Resource [logback.xml] occurs multiple times on the classpath.
16:53:53,354 |-WARN in ch.qos.logback.classic.LoggerContext[default] - Resource [logback.xml] occurs at [jar:file:/root/flamestream/lib/flamestream-runtime-1.0-SNAPSHOT.jar!/logback.xml]
16:53:53,354 |-WARN in ch.qos.logback.classic.LoggerContext[default] - Resource [logback.xml] occurs at [jar:file:/root/flamestream/flamestream-runtime-1.0-SNAPSHOT.jar!/logback.xml]
16:53:53,374 |-INFO in ch.qos.logback.core.joran.spi.ConfigurationWatchList@3fb6a447 - URL [jar:file:/root/flamestream/lib/flamestream-runtime-1.0-SNAPSHOT.jar!/logback.xml] is not of type file
16:53:53,440 |-INFO in ch.qos.logback.classic.joran.action.ConfigurationAction - debug attribute not set
16:53:53,440 |-INFO in ch.qos.logback.core.joran.action.AppenderAction - About to instantiate appender of type [ch.qos.logback.core.ConsoleAppender]
16:53:53,456 |-INFO in ch.qos.logback.core.joran.action.AppenderAction - Naming appender as [STDOUT]
16:53:53,476 |-INFO in ch.qos.logback.core.joran.action.NestedComplexPropertyIA - Assuming default type [ch.qos.logback.classic.encoder.PatternLayoutEncoder] for [encoder] property
16:53:53,556 |-INFO in ch.qos.logback.core.joran.action.AppenderAction - About to instantiate appender of type [ch.qos.logback.core.rolling.RollingFileAppender]
16:53:53,565 |-INFO in ch.qos.logback.core.joran.action.AppenderAction - Naming appender as [FILE]
16:53:53,593 |-INFO in c.q.l.core.rolling.TimeBasedRollingPolicy@127618319 - No compression will be used
16:53:53,594 |-INFO in c.q.l.core.rolling.TimeBasedRollingPolicy@127618319 - Will use the pattern /tmp/application_%d{yyyy-MM-dd}.%i.log for the active file
16:53:53,597 |-INFO in ch.qos.logback.core.rolling.SizeAndTimeBasedFNATP@6b2fad11 - The date pattern is 'yyyy-MM-dd' from file name pattern '/tmp/application_%d{yyyy-MM-dd}.%i.log'.
16:53:53,597 |-INFO in ch.qos.logback.core.rolling.SizeAndTimeBasedFNATP@6b2fad11 - Roll-over at midnight.
16:53:53,603 |-INFO in ch.qos.logback.core.rolling.SizeAndTimeBasedFNATP@6b2fad11 - Setting initial period to Mon Jun 10 16:52:22 UTC 2019
16:53:53,603 |-WARN in ch.qos.logback.core.rolling.SizeAndTimeBasedFNATP@6b2fad11 - SizeAndTimeBasedFNATP is deprecated. Use SizeAndTimeBasedRollingPolicy instead
16:53:53,603 |-WARN in ch.qos.logback.core.rolling.SizeAndTimeBasedFNATP@6b2fad11 - For more information see http://logback.qos.ch/manual/appenders.html#SizeAndTimeBasedRollingPolicy
16:53:53,607 |-INFO in ch.qos.logback.core.joran.action.NestedComplexPropertyIA - Assuming default type [ch.qos.logback.classic.encoder.PatternLayoutEncoder] for [encoder] property
16:53:53,612 |-INFO in ch.qos.logback.core.rolling.RollingFileAppender[FILE] - Active log file name: /tmp/application.log
16:53:53,612 |-INFO in ch.qos.logback.core.rolling.RollingFileAppender[FILE] - File property is set to [/tmp/application.log]
16:53:53,612 |-INFO in ch.qos.logback.classic.joran.action.RootLoggerAction - Setting level of ROOT logger to WARN
16:53:53,613 |-INFO in ch.qos.logback.core.joran.action.AppenderRefAction - Attaching appender named [STDOUT] to Logger[ROOT]
16:53:53,613 |-INFO in ch.qos.logback.core.joran.action.AppenderRefAction - Attaching appender named [FILE] to Logger[ROOT]
16:53:53,613 |-INFO in ch.qos.logback.classic.joran.action.ConfigurationAction - End of configuration.
16:53:53,614 |-INFO in ch.qos.logback.classic.joran.JoranConfigurator@79698539 - Registering current configuration as safe fallback point

Ama winner
Ama winner
2019-06-10T16:53:54.882+0000: 1.717: [Full GC (Metadata GC Threshold) 2019-06-10T16:53:54.882+0000: 1.717: [Tenured: 0K->15176K(341376K), 0.0391250 secs] 114988K->15176K(494976K), [Metaspace: 20736K->20736K(1067008K)], 0.0391916 secs] [Times: user=0.04 sys=0.00, real=0.04 secs] 
16:54:15.891 [Curator-PathChildrenCache-1] WARN  o.a.c.u.ZKPaths  - The version of ZooKeeper being used doesn't support Container nodes. CreateMode.PERSISTENT will be used instead.
2019-06-10T16:54:18.280+0000: 25.115: [GC (Allocation Failure) 2019-06-10T16:54:18.280+0000: 25.115: [DefNew: 136576K->17023K(153600K), 0.0252248 secs] 151752K->52444K(494976K), 0.0252908 secs] [Times: user=0.02 sys=0.01, real=0.02 secs] 
2019-06-10T16:54:19.256+0000: 26.090: [Full GC (Metadata GC Threshold) 2019-06-10T16:54:19.256+0000: 26.090: [Tenured: 35420K->43831K(341376K), 0.0384596 secs] 79793K->43831K(494976K), [Metaspace: 34582K->34582K(1079296K)], 0.0385322 secs] [Times: user=0.04 sys=0.00, real=0.04 secs] 
2019-06-10T16:54:22.920+0000: 29.755: [GC (Allocation Failure) 2019-06-10T16:54:22.920+0000: 29.755: [DefNew: 136576K->90K(153600K), 0.0018600 secs] 180407K->43922K(494976K), 0.0019193 secs] [Times: user=0.01 sys=0.00, real=0.00 secs] 
2019-06-10T16:54:26.749+0000: 33.584: [GC (Allocation Failure) 2019-06-10T16:54:26.749+0000: 33.584: [DefNew: 136666K->100K(153600K), 0.0016884 secs] 180498K->43932K(494976K), 0.0017516 secs] [Times: user=0.00 sys=0.00, real=0.00 secs] 
2019-06-10T16:54:30.585+0000: 37.420: [GC (Allocation Failure) 2019-06-10T16:54:30.585+0000: 37.420: [DefNew: 136676K->105K(153600K), 0.0017128 secs] 180508K->43936K(494976K), 0.0017733 secs] [Times: user=0.00 sys=0.00, real=0.01 secs] 
16:54:40.443 [Curator-PathChildrenCache-0] ERROR o.a.c.f.r.c.PathChildrenCache  - 
java.lang.IllegalStateException: instance must be started before calling this method
	at org.apache.curator.shaded.com.google.common.base.Preconditions.checkState(Preconditions.java:444)
	at org.apache.curator.framework.imps.CuratorFrameworkImpl.getChildren(CuratorFrameworkImpl.java:456)
	at org.apache.curator.framework.recipes.cache.PathChildrenCache.refresh(PathChildrenCache.java:521)
	at org.apache.curator.framework.recipes.cache.RefreshOperation.invoke(RefreshOperation.java:35)
	at org.apache.curator.framework.recipes.cache.PathChildrenCache$9.run(PathChildrenCache.java:786)
	at java.util.concurrent.Executors$RunnableAdapter.call(Executors.java:511)
	at java.util.concurrent.FutureTask.run(FutureTask.java:266)
	at java.util.concurrent.Executors$RunnableAdapter.call(Executors.java:511)
	at java.util.concurrent.FutureTask.run(FutureTask.java:266)
	at java.util.concurrent.ThreadPoolExecutor.runWorker(ThreadPoolExecutor.java:1149)
	at java.util.concurrent.ThreadPoolExecutor$Worker.run(ThreadPoolExecutor.java:624)
	at java.lang.Thread.run(Thread.java:748)
Heap
 def new generation   total 153600K, used 101803K [0x00000000e0c00000, 0x00000000eb2a0000, 0x00000000eb2a0000)
  eden space 136576K,  74% used [0x00000000e0c00000, 0x00000000e6f50700, 0x00000000e9160000)
  from space 17024K,   0% used [0x00000000e9160000, 0x00000000e917a648, 0x00000000ea200000)
  to   space 17024K,   0% used [0x00000000ea200000, 0x00000000ea200000, 0x00000000eb2a0000)
 tenured generation   total 341376K, used 43831K [0x00000000eb2a0000, 0x0000000100000000, 0x0000000100000000)
   the space 341376K,  12% used [0x00000000eb2a0000, 0x00000000edd6dd00, 0x00000000edd6de00, 0x0000000100000000)
 Metaspace       used 35841K, capacity 36768K, committed 37120K, reserved 1081344K
  class space    used 4827K, capacity 5042K, committed 5120K, reserved 1048576K
