12:55:15,725 |-INFO in ch.qos.logback.classic.LoggerContext[default] - Could NOT find resource [logback-test.xml]
12:55:15,726 |-INFO in ch.qos.logback.classic.LoggerContext[default] - Could NOT find resource [logback.groovy]
12:55:15,726 |-INFO in ch.qos.logback.classic.LoggerContext[default] - Found resource [logback.xml] at [jar:file:/root/flamestream/lib/flamestream-runtime-1.0-SNAPSHOT.jar!/logback.xml]
12:55:15,727 |-WARN in ch.qos.logback.classic.LoggerContext[default] - Resource [logback.xml] occurs multiple times on the classpath.
12:55:15,727 |-WARN in ch.qos.logback.classic.LoggerContext[default] - Resource [logback.xml] occurs at [jar:file:/root/flamestream/lib/flamestream-runtime-1.0-SNAPSHOT.jar!/logback.xml]
12:55:15,727 |-WARN in ch.qos.logback.classic.LoggerContext[default] - Resource [logback.xml] occurs at [jar:file:/root/flamestream/flamestream-runtime-1.0-SNAPSHOT.jar!/logback.xml]
12:55:15,746 |-INFO in ch.qos.logback.core.joran.spi.ConfigurationWatchList@3fb6a447 - URL [jar:file:/root/flamestream/lib/flamestream-runtime-1.0-SNAPSHOT.jar!/logback.xml] is not of type file
12:55:15,813 |-INFO in ch.qos.logback.classic.joran.action.ConfigurationAction - debug attribute not set
12:55:15,813 |-INFO in ch.qos.logback.core.joran.action.AppenderAction - About to instantiate appender of type [ch.qos.logback.core.ConsoleAppender]
12:55:15,828 |-INFO in ch.qos.logback.core.joran.action.AppenderAction - Naming appender as [STDOUT]
12:55:15,848 |-INFO in ch.qos.logback.core.joran.action.NestedComplexPropertyIA - Assuming default type [ch.qos.logback.classic.encoder.PatternLayoutEncoder] for [encoder] property
12:55:15,930 |-INFO in ch.qos.logback.core.joran.action.AppenderAction - About to instantiate appender of type [ch.qos.logback.core.rolling.RollingFileAppender]
12:55:15,936 |-INFO in ch.qos.logback.core.joran.action.AppenderAction - Naming appender as [FILE]
12:55:15,965 |-INFO in c.q.l.core.rolling.TimeBasedRollingPolicy@127618319 - No compression will be used
12:55:15,967 |-INFO in c.q.l.core.rolling.TimeBasedRollingPolicy@127618319 - Will use the pattern /tmp/application_%d{yyyy-MM-dd}.%i.log for the active file
12:55:15,970 |-INFO in ch.qos.logback.core.rolling.SizeAndTimeBasedFNATP@6b2fad11 - The date pattern is 'yyyy-MM-dd' from file name pattern '/tmp/application_%d{yyyy-MM-dd}.%i.log'.
12:55:15,970 |-INFO in ch.qos.logback.core.rolling.SizeAndTimeBasedFNATP@6b2fad11 - Roll-over at midnight.
12:55:15,975 |-INFO in ch.qos.logback.core.rolling.SizeAndTimeBasedFNATP@6b2fad11 - Setting initial period to Tue Jun 11 12:53:51 UTC 2019
12:55:15,975 |-WARN in ch.qos.logback.core.rolling.SizeAndTimeBasedFNATP@6b2fad11 - SizeAndTimeBasedFNATP is deprecated. Use SizeAndTimeBasedRollingPolicy instead
12:55:15,975 |-WARN in ch.qos.logback.core.rolling.SizeAndTimeBasedFNATP@6b2fad11 - For more information see http://logback.qos.ch/manual/appenders.html#SizeAndTimeBasedRollingPolicy
12:55:15,979 |-INFO in ch.qos.logback.core.joran.action.NestedComplexPropertyIA - Assuming default type [ch.qos.logback.classic.encoder.PatternLayoutEncoder] for [encoder] property
12:55:15,984 |-INFO in ch.qos.logback.core.rolling.RollingFileAppender[FILE] - Active log file name: /tmp/application.log
12:55:15,984 |-INFO in ch.qos.logback.core.rolling.RollingFileAppender[FILE] - File property is set to [/tmp/application.log]
12:55:15,985 |-INFO in ch.qos.logback.classic.joran.action.RootLoggerAction - Setting level of ROOT logger to WARN
12:55:15,985 |-INFO in ch.qos.logback.core.joran.action.AppenderRefAction - Attaching appender named [STDOUT] to Logger[ROOT]
12:55:15,987 |-INFO in ch.qos.logback.core.joran.action.AppenderRefAction - Attaching appender named [FILE] to Logger[ROOT]
12:55:15,987 |-INFO in ch.qos.logback.classic.joran.action.ConfigurationAction - End of configuration.
12:55:15,987 |-INFO in ch.qos.logback.classic.joran.JoranConfigurator@79698539 - Registering current configuration as safe fallback point

Ama winner
Ama winner
2019-06-11T12:55:17.245+0000: 1.707: [Full GC (Metadata GC Threshold) 2019-06-11T12:55:17.245+0000: 1.707: [Tenured: 0K->15175K(341376K), 0.0391022 secs] 114923K->15175K(494976K), [Metaspace: 20728K->20728K(1067008K)], 0.0391687 secs] [Times: user=0.04 sys=0.00, real=0.04 secs] 
12:55:32.131 [Curator-PathChildrenCache-2] WARN  o.a.c.u.ZKPaths  - The version of ZooKeeper being used doesn't support Container nodes. CreateMode.PERSISTENT will be used instead.
2019-06-11T12:55:36.700+0000: 21.162: [GC (Allocation Failure) 2019-06-11T12:55:36.700+0000: 21.162: [DefNew: 136576K->16850K(153600K), 0.0252042 secs] 151751K->51557K(494976K), 0.0252722 secs] [Times: user=0.02 sys=0.01, real=0.02 secs] 
2019-06-11T12:55:48.772+0000: 33.234: [Full GC (Metadata GC Threshold) 2019-06-11T12:55:48.772+0000: 33.234: [Tenured: 34706K->41096K(341376K), 0.0363774 secs] 88086K->41096K(494976K), [Metaspace: 34629K->34629K(1079296K)], 0.0364376 secs] [Times: user=0.03 sys=0.01, real=0.04 secs] 
12:55:48.856 [Curator-PathChildrenCache-0] ERROR o.a.c.f.r.c.PathChildrenCache  - 
java.lang.IllegalStateException: instance must be started before calling this method
	at org.apache.curator.shaded.com.google.common.base.Preconditions.checkState(Preconditions.java:444)
	at org.apache.curator.framework.imps.CuratorFrameworkImpl.getChildren(CuratorFrameworkImpl.java:456)
	at org.apache.curator.framework.recipes.cache.PathChildrenCache.refresh(PathChildrenCache.java:521)
	at org.apache.curator.framework.recipes.cache.RefreshOperation.invoke(RefreshOperation.java:35)
	at org.apache.curator.framework.recipes.cache.PathChildrenCache$9.run(PathChildrenCache.java:786)
	at java.util.concurrent.Executors$RunnableAdapter.call(Executors.java:511)
	at java.util.concurrent.FutureTask.run(FutureTask.java:266)
	at java.util.concurrent.Executors$RunnableAdapter.call(Executors.java:511)
	at java.util.concurrent.FutureTask.run(FutureTask.java:266)
	at java.util.concurrent.ThreadPoolExecutor.runWorker(ThreadPoolExecutor.java:1149)
	at java.util.concurrent.ThreadPoolExecutor$Worker.run(ThreadPoolExecutor.java:624)
	at java.lang.Thread.run(Thread.java:748)
Heap
 def new generation   total 153600K, used 18800K [0x00000000e0c00000, 0x00000000eb2a0000, 0x00000000eb2a0000)
  eden space 136576K,  13% used [0x00000000e0c00000, 0x00000000e1e5c058, 0x00000000e9160000)
  from space 17024K,   0% used [0x00000000ea200000, 0x00000000ea200000, 0x00000000eb2a0000)
  to   space 17024K,   0% used [0x00000000e9160000, 0x00000000e9160000, 0x00000000ea200000)
 tenured generation   total 341376K, used 41096K [0x00000000eb2a0000, 0x0000000100000000, 0x0000000100000000)
   the space 341376K,  12% used [0x00000000eb2a0000, 0x00000000edac2278, 0x00000000edac2400, 0x0000000100000000)
 Metaspace       used 35419K, capacity 36304K, committed 36608K, reserved 1081344K
  class space    used 4811K, capacity 5002K, committed 5120K, reserved 1048576K
