14:28:56,173 |-INFO in ch.qos.logback.classic.LoggerContext[default] - Could NOT find resource [logback-test.xml]
14:28:56,173 |-INFO in ch.qos.logback.classic.LoggerContext[default] - Could NOT find resource [logback.groovy]
14:28:56,173 |-INFO in ch.qos.logback.classic.LoggerContext[default] - Found resource [logback.xml] at [jar:file:/root/flamestream/lib/flamestream-runtime-1.0-SNAPSHOT.jar!/logback.xml]
14:28:56,174 |-WARN in ch.qos.logback.classic.LoggerContext[default] - Resource [logback.xml] occurs multiple times on the classpath.
14:28:56,174 |-WARN in ch.qos.logback.classic.LoggerContext[default] - Resource [logback.xml] occurs at [jar:file:/root/flamestream/lib/flamestream-runtime-1.0-SNAPSHOT.jar!/logback.xml]
14:28:56,174 |-WARN in ch.qos.logback.classic.LoggerContext[default] - Resource [logback.xml] occurs at [jar:file:/root/flamestream/flamestream-runtime-1.0-SNAPSHOT.jar!/logback.xml]
14:28:56,198 |-INFO in ch.qos.logback.core.joran.spi.ConfigurationWatchList@3fb6a447 - URL [jar:file:/root/flamestream/lib/flamestream-runtime-1.0-SNAPSHOT.jar!/logback.xml] is not of type file
14:28:56,271 |-INFO in ch.qos.logback.classic.joran.action.ConfigurationAction - debug attribute not set
14:28:56,272 |-INFO in ch.qos.logback.core.joran.action.AppenderAction - About to instantiate appender of type [ch.qos.logback.core.ConsoleAppender]
14:28:56,289 |-INFO in ch.qos.logback.core.joran.action.AppenderAction - Naming appender as [STDOUT]
14:28:56,310 |-INFO in ch.qos.logback.core.joran.action.NestedComplexPropertyIA - Assuming default type [ch.qos.logback.classic.encoder.PatternLayoutEncoder] for [encoder] property
14:28:56,389 |-INFO in ch.qos.logback.core.joran.action.AppenderAction - About to instantiate appender of type [ch.qos.logback.core.rolling.RollingFileAppender]
14:28:56,394 |-INFO in ch.qos.logback.core.joran.action.AppenderAction - Naming appender as [FILE]
14:28:56,425 |-INFO in c.q.l.core.rolling.TimeBasedRollingPolicy@127618319 - No compression will be used
14:28:56,427 |-INFO in c.q.l.core.rolling.TimeBasedRollingPolicy@127618319 - Will use the pattern /tmp/application_%d{yyyy-MM-dd}.%i.log for the active file
14:28:56,429 |-INFO in ch.qos.logback.core.rolling.SizeAndTimeBasedFNATP@6b2fad11 - The date pattern is 'yyyy-MM-dd' from file name pattern '/tmp/application_%d{yyyy-MM-dd}.%i.log'.
14:28:56,430 |-INFO in ch.qos.logback.core.rolling.SizeAndTimeBasedFNATP@6b2fad11 - Roll-over at midnight.
14:28:56,435 |-INFO in ch.qos.logback.core.rolling.SizeAndTimeBasedFNATP@6b2fad11 - Setting initial period to Tue Jun 11 14:27:45 UTC 2019
14:28:56,435 |-WARN in ch.qos.logback.core.rolling.SizeAndTimeBasedFNATP@6b2fad11 - SizeAndTimeBasedFNATP is deprecated. Use SizeAndTimeBasedRollingPolicy instead
14:28:56,435 |-WARN in ch.qos.logback.core.rolling.SizeAndTimeBasedFNATP@6b2fad11 - For more information see http://logback.qos.ch/manual/appenders.html#SizeAndTimeBasedRollingPolicy
14:28:56,439 |-INFO in ch.qos.logback.core.joran.action.NestedComplexPropertyIA - Assuming default type [ch.qos.logback.classic.encoder.PatternLayoutEncoder] for [encoder] property
14:28:56,443 |-INFO in ch.qos.logback.core.rolling.RollingFileAppender[FILE] - Active log file name: /tmp/application.log
14:28:56,443 |-INFO in ch.qos.logback.core.rolling.RollingFileAppender[FILE] - File property is set to [/tmp/application.log]
14:28:56,444 |-INFO in ch.qos.logback.classic.joran.action.RootLoggerAction - Setting level of ROOT logger to WARN
14:28:56,444 |-INFO in ch.qos.logback.core.joran.action.AppenderRefAction - Attaching appender named [STDOUT] to Logger[ROOT]
14:28:56,446 |-INFO in ch.qos.logback.core.joran.action.AppenderRefAction - Attaching appender named [FILE] to Logger[ROOT]
14:28:56,446 |-INFO in ch.qos.logback.classic.joran.action.ConfigurationAction - End of configuration.
14:28:56,447 |-INFO in ch.qos.logback.classic.joran.JoranConfigurator@79698539 - Registering current configuration as safe fallback point

Ama winner
Ama winner
2019-06-11T14:28:58.054+0000: 2.061: [Full GC (Metadata GC Threshold) 2019-06-11T14:28:58.054+0000: 2.061: [Tenured: 0K->15145K(341376K), 0.0349610 secs] 117719K->15145K(494976K), [Metaspace: 20737K->20737K(1067008K)], 0.0350286 secs] [Times: user=0.03 sys=0.00, real=0.04 secs] 
14:29:13.837 [Curator-PathChildrenCache-2] WARN  o.a.c.u.ZKPaths  - The version of ZooKeeper being used doesn't support Container nodes. CreateMode.PERSISTENT will be used instead.
2019-06-11T14:29:20.166+0000: 24.173: [GC (Allocation Failure) 2019-06-11T14:29:20.166+0000: 24.173: [DefNew: 136576K->16682K(153600K), 0.0249059 secs] 151721K->51358K(494976K), 0.0249731 secs] [Times: user=0.02 sys=0.00, real=0.03 secs] 
2019-06-11T14:29:56.641+0000: 60.648: [GC (Allocation Failure) 2019-06-11T14:29:56.641+0000: 60.648: [DefNew: 153258K->48K(153600K), 0.0087994 secs] 187934K->41801K(494976K), 0.0088644 secs] [Times: user=0.01 sys=0.00, real=0.01 secs] 
2019-06-11T14:29:57.854+0000: 61.860: [Full GC (Metadata GC Threshold) 2019-06-11T14:29:57.854+0000: 61.860: [Tenured: 41752K->41862K(341376K), 0.0294433 secs] 49809K->41862K(494976K), [Metaspace: 34661K->34661K(1079296K)], 0.0295168 secs] [Times: user=0.03 sys=0.00, real=0.03 secs] 
14:30:05.411 [Curator-PathChildrenCache-0] ERROR o.a.c.f.r.c.PathChildrenCache  - 
java.lang.IllegalStateException: instance must be started before calling this method
	at org.apache.curator.shaded.com.google.common.base.Preconditions.checkState(Preconditions.java:444)
	at org.apache.curator.framework.imps.CuratorFrameworkImpl.getChildren(CuratorFrameworkImpl.java:456)
	at org.apache.curator.framework.recipes.cache.PathChildrenCache.refresh(PathChildrenCache.java:521)
	at org.apache.curator.framework.recipes.cache.RefreshOperation.invoke(RefreshOperation.java:35)
	at org.apache.curator.framework.recipes.cache.PathChildrenCache$9.run(PathChildrenCache.java:786)
	at java.util.concurrent.Executors$RunnableAdapter.call(Executors.java:511)
	at java.util.concurrent.FutureTask.run(FutureTask.java:266)
	at java.util.concurrent.Executors$RunnableAdapter.call(Executors.java:511)
	at java.util.concurrent.FutureTask.run(FutureTask.java:266)
	at java.util.concurrent.ThreadPoolExecutor.runWorker(ThreadPoolExecutor.java:1149)
	at java.util.concurrent.ThreadPoolExecutor$Worker.run(ThreadPoolExecutor.java:624)
	at java.lang.Thread.run(Thread.java:748)
Heap
 def new generation   total 153600K, used 22907K [0x00000000e0c00000, 0x00000000eb2a0000, 0x00000000eb2a0000)
  eden space 136576K,  16% used [0x00000000e0c00000, 0x00000000e225ef18, 0x00000000e9160000)
  from space 17024K,   0% used [0x00000000e9160000, 0x00000000e9160000, 0x00000000ea200000)
  to   space 17024K,   0% used [0x00000000ea200000, 0x00000000ea200000, 0x00000000eb2a0000)
 tenured generation   total 341376K, used 41862K [0x00000000eb2a0000, 0x0000000100000000, 0x0000000100000000)
   the space 341376K,  12% used [0x00000000eb2a0000, 0x00000000edb81ac8, 0x00000000edb81c00, 0x0000000100000000)
 Metaspace       used 35791K, capacity 36640K, committed 36864K, reserved 1081344K
  class space    used 4848K, capacity 5058K, committed 5120K, reserved 1048576K
