06:57:58,895 |-INFO in ch.qos.logback.classic.LoggerContext[default] - Could NOT find resource [logback-test.xml]
06:57:58,895 |-INFO in ch.qos.logback.classic.LoggerContext[default] - Could NOT find resource [logback.groovy]
06:57:58,895 |-INFO in ch.qos.logback.classic.LoggerContext[default] - Found resource [logback.xml] at [jar:file:/home/nikitasokolov/flamestream/lib/flamestream-runtime-1.0-SNAPSHOT.jar!/logback.xml]
06:57:58,896 |-WARN in ch.qos.logback.classic.LoggerContext[default] - Resource [logback.xml] occurs multiple times on the classpath.
06:57:58,896 |-WARN in ch.qos.logback.classic.LoggerContext[default] - Resource [logback.xml] occurs at [jar:file:/home/nikitasokolov/flamestream/lib/flamestream-runtime-1.0-SNAPSHOT.jar!/logback.xml]
06:57:58,896 |-WARN in ch.qos.logback.classic.LoggerContext[default] - Resource [logback.xml] occurs at [jar:file:/home/nikitasokolov/flamestream/flamestream-runtime-1.0-SNAPSHOT.jar!/logback.xml]
06:57:58,912 |-INFO in ch.qos.logback.core.joran.spi.ConfigurationWatchList@6108b2d7 - URL [jar:file:/home/nikitasokolov/flamestream/lib/flamestream-runtime-1.0-SNAPSHOT.jar!/logback.xml] is not of type file
06:57:58,963 |-INFO in ch.qos.logback.classic.joran.action.ConfigurationAction - debug attribute not set
06:57:58,964 |-INFO in ch.qos.logback.core.joran.action.AppenderAction - About to instantiate appender of type [ch.qos.logback.core.ConsoleAppender]
06:57:58,972 |-INFO in ch.qos.logback.core.joran.action.AppenderAction - Naming appender as [STDOUT]
06:57:58,980 |-INFO in ch.qos.logback.core.joran.action.NestedComplexPropertyIA - Assuming default type [ch.qos.logback.classic.encoder.PatternLayoutEncoder] for [encoder] property
06:57:59,038 |-INFO in ch.qos.logback.core.joran.action.AppenderAction - About to instantiate appender of type [ch.qos.logback.core.rolling.RollingFileAppender]
06:57:59,043 |-INFO in ch.qos.logback.core.joran.action.AppenderAction - Naming appender as [FILE]
06:57:59,068 |-INFO in c.q.l.core.rolling.TimeBasedRollingPolicy@357863579 - No compression will be used
06:57:59,070 |-INFO in c.q.l.core.rolling.TimeBasedRollingPolicy@357863579 - Will use the pattern /tmp/application_%d{yyyy-MM-dd}.%i.log for the active file
06:57:59,073 |-INFO in ch.qos.logback.core.rolling.SizeAndTimeBasedFNATP@6bf256fa - The date pattern is 'yyyy-MM-dd' from file name pattern '/tmp/application_%d{yyyy-MM-dd}.%i.log'.
06:57:59,073 |-INFO in ch.qos.logback.core.rolling.SizeAndTimeBasedFNATP@6bf256fa - Roll-over at midnight.
06:57:59,077 |-INFO in ch.qos.logback.core.rolling.SizeAndTimeBasedFNATP@6bf256fa - Setting initial period to Sun Jun 09 06:57:19 MSK 2019
06:57:59,077 |-WARN in ch.qos.logback.core.rolling.SizeAndTimeBasedFNATP@6bf256fa - SizeAndTimeBasedFNATP is deprecated. Use SizeAndTimeBasedRollingPolicy instead
06:57:59,077 |-WARN in ch.qos.logback.core.rolling.SizeAndTimeBasedFNATP@6bf256fa - For more information see http://logback.qos.ch/manual/appenders.html#SizeAndTimeBasedRollingPolicy
06:57:59,082 |-INFO in ch.qos.logback.core.joran.action.NestedComplexPropertyIA - Assuming default type [ch.qos.logback.classic.encoder.PatternLayoutEncoder] for [encoder] property
06:57:59,084 |-INFO in ch.qos.logback.core.rolling.RollingFileAppender[FILE] - Active log file name: /tmp/application.log
06:57:59,084 |-INFO in ch.qos.logback.core.rolling.RollingFileAppender[FILE] - File property is set to [/tmp/application.log]
06:57:59,085 |-INFO in ch.qos.logback.classic.joran.action.RootLoggerAction - Setting level of ROOT logger to WARN
06:57:59,086 |-INFO in ch.qos.logback.core.joran.action.AppenderRefAction - Attaching appender named [STDOUT] to Logger[ROOT]
06:57:59,086 |-INFO in ch.qos.logback.core.joran.action.AppenderRefAction - Attaching appender named [FILE] to Logger[ROOT]
06:57:59,086 |-INFO in ch.qos.logback.classic.joran.action.ConfigurationAction - End of configuration.
06:57:59,087 |-INFO in ch.qos.logback.classic.joran.JoranConfigurator@6cd8737 - Registering current configuration as safe fallback point

2019-06-09T06:58:00.081+0300: 1.382: [GC (Metadata GC Threshold) [PSYoungGen: 110722K->15946K(149504K)] 110722K->16026K(491008K), 0.0193866 secs] [Times: user=0.04 sys=0.03, real=0.02 secs] 
2019-06-09T06:58:00.100+0300: 1.402: [Full GC (Metadata GC Threshold) [PSYoungGen: 15946K->0K(149504K)] [ParOldGen: 80K->15078K(341504K)] 16026K->15078K(491008K), [Metaspace: 20802K->20802K(1067008K)], 0.0277432 secs] [Times: user=0.19 sys=0.01, real=0.02 secs] 
06:58:08.267 [Curator-PathChildrenCache-2] WARN  o.a.c.u.ZKPaths  - The version of ZooKeeper being used doesn't support Container nodes. CreateMode.PERSISTENT will be used instead.
2019-06-09T06:58:09.458+0300: 10.759: [GC (Metadata GC Threshold) [PSYoungGen: 128452K->20991K(149504K)] 143530K->50026K(491008K), 0.0197483 secs] [Times: user=0.21 sys=0.03, real=0.02 secs] 
2019-06-09T06:58:09.478+0300: 10.779: [Full GC (Metadata GC Threshold) [PSYoungGen: 20991K->0K(149504K)] [ParOldGen: 29035K->39000K(341504K)] 50026K->39000K(491008K), [Metaspace: 34537K->34537K(1079296K)], 0.0336326 secs] [Times: user=0.14 sys=0.02, real=0.03 secs] 
2019-06-09T06:58:25.680+0300: 26.981: [GC (Allocation Failure) [PSYoungGen: 128512K->352K(149504K)] 167512K->39360K(491008K), 0.0034072 secs] [Times: user=0.02 sys=0.00, real=0.00 secs] 
2019-06-09T06:58:43.040+0300: 44.341: [GC (Allocation Failure) [PSYoungGen: 128864K->288K(149504K)] 167872K->39304K(491008K), 0.0097159 secs] [Times: user=0.09 sys=0.02, real=0.01 secs] 
06:58:57.995 [Curator-PathChildrenCache-0] ERROR o.a.c.f.r.c.PathChildrenCache  - 
java.lang.IllegalStateException: instance must be started before calling this method
	at org.apache.curator.shaded.com.google.common.base.Preconditions.checkState(Preconditions.java:444)
	at org.apache.curator.framework.imps.CuratorFrameworkImpl.getChildren(CuratorFrameworkImpl.java:456)
	at org.apache.curator.framework.recipes.cache.PathChildrenCache.refresh(PathChildrenCache.java:521)
	at org.apache.curator.framework.recipes.cache.RefreshOperation.invoke(RefreshOperation.java:35)
	at org.apache.curator.framework.recipes.cache.PathChildrenCache$9.run(PathChildrenCache.java:786)
	at java.util.concurrent.Executors$RunnableAdapter.call(Executors.java:511)
	at java.util.concurrent.FutureTask.run(FutureTask.java:266)
	at java.util.concurrent.Executors$RunnableAdapter.call(Executors.java:511)
	at java.util.concurrent.FutureTask.run(FutureTask.java:266)
	at java.util.concurrent.ThreadPoolExecutor.runWorker(ThreadPoolExecutor.java:1149)
	at java.util.concurrent.ThreadPoolExecutor$Worker.run(ThreadPoolExecutor.java:624)
	at java.lang.Thread.run(Thread.java:748)
Heap
 PSYoungGen      total 149504K, used 60508K [0x00000000f5980000, 0x0000000100000000, 0x0000000100000000)
  eden space 128512K, 46% used [0x00000000f5980000,0x00000000f944f1a8,0x00000000fd700000)
  from space 20992K, 1% used [0x00000000feb80000,0x00000000febc8010,0x0000000100000000)
  to   space 20992K, 0% used [0x00000000fd700000,0x00000000fd700000,0x00000000feb80000)
 ParOldGen       total 341504K, used 39016K [0x00000000e0c00000, 0x00000000f5980000, 0x00000000f5980000)
  object space 341504K, 11% used [0x00000000e0c00000,0x00000000e321a038,0x00000000f5980000)
 Metaspace       used 35728K, capacity 36564K, committed 36824K, reserved 1081344K
  class space    used 4925K, capacity 5120K, committed 5120K, reserved 1048576K
