05:37:18,597 |-INFO in ch.qos.logback.classic.LoggerContext[default] - Could NOT find resource [logback-test.xml]
05:37:18,597 |-INFO in ch.qos.logback.classic.LoggerContext[default] - Could NOT find resource [logback.groovy]
05:37:18,597 |-INFO in ch.qos.logback.classic.LoggerContext[default] - Found resource [logback.xml] at [jar:file:/home/nikitasokolov/flamestream/lib/flamestream-runtime-1.0-SNAPSHOT.jar!/logback.xml]
05:37:18,598 |-WARN in ch.qos.logback.classic.LoggerContext[default] - Resource [logback.xml] occurs multiple times on the classpath.
05:37:18,598 |-WARN in ch.qos.logback.classic.LoggerContext[default] - Resource [logback.xml] occurs at [jar:file:/home/nikitasokolov/flamestream/lib/flamestream-runtime-1.0-SNAPSHOT.jar!/logback.xml]
05:37:18,598 |-WARN in ch.qos.logback.classic.LoggerContext[default] - Resource [logback.xml] occurs at [jar:file:/home/nikitasokolov/flamestream/flamestream-runtime-1.0-SNAPSHOT.jar!/logback.xml]
05:37:18,614 |-INFO in ch.qos.logback.core.joran.spi.ConfigurationWatchList@6bf256fa - URL [jar:file:/home/nikitasokolov/flamestream/lib/flamestream-runtime-1.0-SNAPSHOT.jar!/logback.xml] is not of type file
05:37:18,666 |-INFO in ch.qos.logback.classic.joran.action.ConfigurationAction - debug attribute not set
05:37:18,667 |-INFO in ch.qos.logback.core.joran.action.AppenderAction - About to instantiate appender of type [ch.qos.logback.core.ConsoleAppender]
05:37:18,674 |-INFO in ch.qos.logback.core.joran.action.AppenderAction - Naming appender as [STDOUT]
05:37:18,682 |-INFO in ch.qos.logback.core.joran.action.NestedComplexPropertyIA - Assuming default type [ch.qos.logback.classic.encoder.PatternLayoutEncoder] for [encoder] property
05:37:18,748 |-INFO in ch.qos.logback.core.joran.action.AppenderAction - About to instantiate appender of type [ch.qos.logback.core.rolling.RollingFileAppender]
05:37:18,754 |-INFO in ch.qos.logback.core.joran.action.AppenderAction - Naming appender as [FILE]
05:37:18,777 |-INFO in c.q.l.core.rolling.TimeBasedRollingPolicy@114132791 - No compression will be used
05:37:18,778 |-INFO in c.q.l.core.rolling.TimeBasedRollingPolicy@114132791 - Will use the pattern /tmp/application_%d{yyyy-MM-dd}.%i.log for the active file
05:37:18,781 |-INFO in ch.qos.logback.core.rolling.SizeAndTimeBasedFNATP@22f71333 - The date pattern is 'yyyy-MM-dd' from file name pattern '/tmp/application_%d{yyyy-MM-dd}.%i.log'.
05:37:18,781 |-INFO in ch.qos.logback.core.rolling.SizeAndTimeBasedFNATP@22f71333 - Roll-over at midnight.
05:37:18,786 |-INFO in ch.qos.logback.core.rolling.SizeAndTimeBasedFNATP@22f71333 - Setting initial period to Thu Jun 06 22:00:24 MSK 2019
05:37:18,786 |-WARN in ch.qos.logback.core.rolling.SizeAndTimeBasedFNATP@22f71333 - SizeAndTimeBasedFNATP is deprecated. Use SizeAndTimeBasedRollingPolicy instead
05:37:18,786 |-WARN in ch.qos.logback.core.rolling.SizeAndTimeBasedFNATP@22f71333 - For more information see http://logback.qos.ch/manual/appenders.html#SizeAndTimeBasedRollingPolicy
05:37:18,790 |-INFO in ch.qos.logback.core.joran.action.NestedComplexPropertyIA - Assuming default type [ch.qos.logback.classic.encoder.PatternLayoutEncoder] for [encoder] property
05:37:18,792 |-INFO in ch.qos.logback.core.rolling.RollingFileAppender[FILE] - Active log file name: /tmp/application.log
05:37:18,792 |-INFO in ch.qos.logback.core.rolling.RollingFileAppender[FILE] - File property is set to [/tmp/application.log]
05:37:18,794 |-ERROR in ch.qos.logback.core.rolling.RollingFileAppender[FILE] - openFile(/tmp/application.log,true) call failed. java.io.FileNotFoundException: /tmp/application.log (Permission denied)
	at java.io.FileNotFoundException: /tmp/application.log (Permission denied)
	at 	at java.io.FileOutputStream.open0(Native Method)
	at 	at java.io.FileOutputStream.open(FileOutputStream.java:270)
	at 	at java.io.FileOutputStream.<init>(FileOutputStream.java:213)
	at 	at ch.qos.logback.core.recovery.ResilientFileOutputStream.<init>(ResilientFileOutputStream.java:26)
	at 	at ch.qos.logback.core.FileAppender.openFile(FileAppender.java:204)
	at 	at ch.qos.logback.core.FileAppender.start(FileAppender.java:127)
	at 	at ch.qos.logback.core.rolling.RollingFileAppender.start(RollingFileAppender.java:100)
	at 	at ch.qos.logback.core.joran.action.AppenderAction.end(AppenderAction.java:90)
	at 	at ch.qos.logback.core.joran.spi.Interpreter.callEndAction(Interpreter.java:309)
	at 	at ch.qos.logback.core.joran.spi.Interpreter.endElement(Interpreter.java:193)
	at 	at ch.qos.logback.core.joran.spi.Interpreter.endElement(Interpreter.java:179)
	at 	at ch.qos.logback.core.joran.spi.EventPlayer.play(EventPlayer.java:62)
	at 	at ch.qos.logback.core.joran.GenericConfigurator.doConfigure(GenericConfigurator.java:165)
	at 	at ch.qos.logback.core.joran.GenericConfigurator.doConfigure(GenericConfigurator.java:152)
	at 	at ch.qos.logback.core.joran.GenericConfigurator.doConfigure(GenericConfigurator.java:110)
	at 	at ch.qos.logback.core.joran.GenericConfigurator.doConfigure(GenericConfigurator.java:53)
	at 	at ch.qos.logback.classic.util.ContextInitializer.configureByResource(ContextInitializer.java:75)
	at 	at ch.qos.logback.classic.util.ContextInitializer.autoConfig(ContextInitializer.java:150)
	at 	at org.slf4j.impl.StaticLoggerBinder.init(StaticLoggerBinder.java:84)
	at 	at org.slf4j.impl.StaticLoggerBinder.<clinit>(StaticLoggerBinder.java:55)
	at 	at org.slf4j.LoggerFactory.bind(LoggerFactory.java:150)
	at 	at org.slf4j.LoggerFactory.performInitialization(LoggerFactory.java:124)
	at 	at org.slf4j.LoggerFactory.getILoggerFactory(LoggerFactory.java:412)
	at 	at org.slf4j.LoggerFactory.getLogger(LoggerFactory.java:357)
	at 	at org.slf4j.LoggerFactory.getLogger(LoggerFactory.java:383)
	at 	at com.spbsu.flamestream.runtime.WorkerApplication.<init>(WorkerApplication.java:26)
	at 	at com.spbsu.flamestream.runtime.WorkerApplication.main(WorkerApplication.java:68)
05:37:18,794 |-INFO in ch.qos.logback.classic.joran.action.RootLoggerAction - Setting level of ROOT logger to WARN
05:37:18,794 |-INFO in ch.qos.logback.core.joran.action.AppenderRefAction - Attaching appender named [STDOUT] to Logger[ROOT]
05:37:18,794 |-INFO in ch.qos.logback.core.joran.action.AppenderRefAction - Attaching appender named [FILE] to Logger[ROOT]
05:37:18,794 |-INFO in ch.qos.logback.classic.joran.action.ConfigurationAction - End of configuration.
05:37:18,795 |-INFO in ch.qos.logback.classic.joran.JoranConfigurator@3498ed - Registering current configuration as safe fallback point

2019-06-09T05:37:19.811+0300: 1.414: [GC (Metadata GC Threshold) [PSYoungGen: 97801K->15862K(149504K)] 97801K->15943K(491008K), 0.0215230 secs] [Times: user=0.11 sys=0.01, real=0.02 secs] 
2019-06-09T05:37:19.833+0300: 1.436: [Full GC (Metadata GC Threshold) [PSYoungGen: 15862K->0K(149504K)] [ParOldGen: 80K->14984K(341504K)] 15943K->14984K(491008K), [Metaspace: 20804K->20804K(1067008K)], 0.0262002 secs] [Times: user=0.16 sys=0.01, real=0.03 secs] 
05:37:30.820 [Curator-PathChildrenCache-1] WARN  o.a.c.u.ZKPaths  - The version of ZooKeeper being used doesn't support Container nodes. CreateMode.PERSISTENT will be used instead.
2019-06-09T05:37:31.430+0300: 13.033: [GC (Allocation Failure) [PSYoungGen: 128512K->15675K(149504K)] 143496K->50199K(491008K), 0.0258921 secs] [Times: user=0.19 sys=0.03, real=0.03 secs] 
2019-06-09T05:37:31.738+0300: 13.341: [GC (Metadata GC Threshold) [PSYoungGen: 27021K->5440K(149504K)] 61545K->39972K(491008K), 0.0035992 secs] [Times: user=0.03 sys=0.00, real=0.00 secs] 
2019-06-09T05:37:31.741+0300: 13.344: [Full GC (Metadata GC Threshold) [PSYoungGen: 5440K->0K(149504K)] [ParOldGen: 34531K->29072K(341504K)] 39972K->29072K(491008K), [Metaspace: 34543K->34543K(1079296K)], 0.0294081 secs] [Times: user=0.15 sys=0.01, real=0.03 secs] 
2019-06-09T05:37:34.961+0300: 16.564: [GC (Allocation Failure) [PSYoungGen: 128512K->640K(149504K)] 157584K->29713K(491008K), 0.0026709 secs] [Times: user=0.01 sys=0.01, real=0.01 secs] 
2019-06-09T05:37:38.632+0300: 20.235: [GC (Allocation Failure) [PSYoungGen: 129152K->672K(129536K)] 158225K->29753K(471040K), 0.0029548 secs] [Times: user=0.01 sys=0.00, real=0.01 secs] 
2019-06-09T05:37:42.327+0300: 23.930: [GC (Allocation Failure) [PSYoungGen: 129184K->736K(149504K)] 158265K->29825K(491008K), 0.0035932 secs] [Times: user=0.01 sys=0.00, real=0.00 secs] 
2019-06-09T05:37:46.010+0300: 27.613: [GC (Allocation Failure) [PSYoungGen: 128736K->736K(148992K)] 157825K->29833K(490496K), 0.0027362 secs] [Times: user=0.01 sys=0.00, real=0.00 secs] 
2019-06-09T05:37:49.665+0300: 31.268: [GC (Allocation Failure) [PSYoungGen: 128736K->704K(151040K)] 157833K->29809K(492544K), 0.0039098 secs] [Times: user=0.02 sys=0.01, real=0.00 secs] 
2019-06-09T05:37:53.407+0300: 35.009: [GC (Allocation Failure) [PSYoungGen: 131264K->672K(150016K)] 160369K->29785K(491520K), 0.0029379 secs] [Times: user=0.02 sys=0.00, real=0.00 secs] 
2019-06-09T05:37:57.177+0300: 38.780: [GC (Allocation Failure) [PSYoungGen: 131232K->704K(152576K)] 160345K->29817K(494080K), 0.0044831 secs] [Times: user=0.04 sys=0.00, real=0.00 secs] 
2019-06-09T05:38:00.991+0300: 42.594: [GC (Allocation Failure) [PSYoungGen: 134336K->672K(151552K)] 163449K->29785K(493056K), 0.0097292 secs] [Times: user=0.08 sys=0.02, real=0.01 secs] 
2019-06-09T05:38:04.849+0300: 46.452: [GC (Allocation Failure) [PSYoungGen: 134304K->736K(154112K)] 163417K->29849K(495616K), 0.0038306 secs] [Times: user=0.03 sys=0.00, real=0.00 secs] 
2019-06-09T05:38:08.819+0300: 50.422: [GC (Allocation Failure) [PSYoungGen: 137440K->768K(153088K)] 166553K->29881K(494592K), 0.0033607 secs] [Times: user=0.02 sys=0.01, real=0.01 secs] 
2019-06-09T05:38:12.734+0300: 54.337: [GC (Allocation Failure) [PSYoungGen: 137472K->768K(155648K)] 166585K->29889K(497152K), 0.0041107 secs] [Times: user=0.01 sys=0.00, real=0.00 secs] 
2019-06-09T05:38:16.736+0300: 58.339: [GC (Allocation Failure) [PSYoungGen: 140544K->768K(154624K)] 169665K->29897K(496128K), 0.0031307 secs] [Times: user=0.02 sys=0.00, real=0.00 secs] 
2019-06-09T05:38:20.909+0300: 62.512: [GC (Allocation Failure) [PSYoungGen: 140544K->1239K(157184K)] 169673K->30376K(498688K), 0.0030246 secs] [Times: user=0.01 sys=0.01, real=0.00 secs] 
2019-06-09T05:38:26.196+0300: 67.799: [GC (Allocation Failure) [PSYoungGen: 144087K->960K(156160K)] 173224K->30097K(497664K), 0.0031779 secs] [Times: user=0.02 sys=0.00, real=0.00 secs] 
05:38:39.697 [Curator-PathChildrenCache-0] ERROR o.a.c.f.r.c.PathChildrenCache  - 
java.lang.IllegalStateException: instance must be started before calling this method
	at org.apache.curator.shaded.com.google.common.base.Preconditions.checkState(Preconditions.java:444)
	at org.apache.curator.framework.imps.CuratorFrameworkImpl.getChildren(CuratorFrameworkImpl.java:456)
	at org.apache.curator.framework.recipes.cache.PathChildrenCache.refresh(PathChildrenCache.java:521)
	at org.apache.curator.framework.recipes.cache.RefreshOperation.invoke(RefreshOperation.java:35)
	at org.apache.curator.framework.recipes.cache.PathChildrenCache$9.run(PathChildrenCache.java:786)
	at java.util.concurrent.Executors$RunnableAdapter.call(Executors.java:511)
	at java.util.concurrent.FutureTask.run(FutureTask.java:266)
	at java.util.concurrent.Executors$RunnableAdapter.call(Executors.java:511)
	at java.util.concurrent.FutureTask.run(FutureTask.java:266)
	at java.util.concurrent.ThreadPoolExecutor.runWorker(ThreadPoolExecutor.java:1149)
	at java.util.concurrent.ThreadPoolExecutor$Worker.run(ThreadPoolExecutor.java:624)
	at java.lang.Thread.run(Thread.java:748)
05:38:39.789 [worker-akka.actor.default-dispatcher-12] ERROR c.s.f.r.WorkerApplication  - Something went wrong during trace flush
java.nio.file.AccessDeniedException: /tmp/trace.csv
	at sun.nio.fs.UnixException.translateToIOException(UnixException.java:84)
	at sun.nio.fs.UnixException.rethrowAsIOException(UnixException.java:102)
	at sun.nio.fs.UnixException.rethrowAsIOException(UnixException.java:107)
	at sun.nio.fs.UnixFileSystemProvider.newByteChannel(UnixFileSystemProvider.java:214)
	at java.nio.file.spi.FileSystemProvider.newOutputStream(FileSystemProvider.java:434)
	at java.nio.file.Files.newOutputStream(Files.java:216)
	at java.nio.file.Files.newBufferedWriter(Files.java:2860)
	at java.nio.file.Files.newBufferedWriter(Files.java:2896)
	at com.spbsu.flamestream.runtime.utils.tracing.Tracing.flush(Tracing.java:35)
	at com.spbsu.flamestream.runtime.WorkerApplication.lambda$run$0(WorkerApplication.java:109)
	at akka.actor.ActorSystemImpl$TerminationCallbacks$$anonfun$addRec$1$1.applyOrElse(ActorSystem.scala:1036)
	at akka.actor.ActorSystemImpl$TerminationCallbacks$$anonfun$addRec$1$1.applyOrElse(ActorSystem.scala:1036)
	at scala.concurrent.Future$$anonfun$andThen$1.apply(Future.scala:436)
	at scala.concurrent.Future$$anonfun$andThen$1.apply(Future.scala:435)
	at scala.concurrent.impl.CallbackRunnable.run(Promise.scala:36)
	at akka.dispatch.BatchingExecutor$AbstractBatch.processBatch(BatchingExecutor.scala:55)
	at akka.dispatch.BatchingExecutor$BlockableBatch$$anonfun$run$1.apply$mcV$sp(BatchingExecutor.scala:91)
	at akka.dispatch.BatchingExecutor$BlockableBatch$$anonfun$run$1.apply(BatchingExecutor.scala:91)
	at akka.dispatch.BatchingExecutor$BlockableBatch$$anonfun$run$1.apply(BatchingExecutor.scala:91)
	at scala.concurrent.BlockContext$.withBlockContext(BlockContext.scala:72)
	at akka.dispatch.BatchingExecutor$BlockableBatch.run(BatchingExecutor.scala:90)
	at akka.dispatch.TaskInvocation.run(AbstractDispatcher.scala:40)
	at akka.dispatch.ForkJoinExecutorConfigurator$AkkaForkJoinTask.exec(ForkJoinExecutorConfigurator.scala:44)
	at akka.dispatch.forkjoin.ForkJoinTask.doExec(ForkJoinTask.java:260)
	at akka.dispatch.forkjoin.ForkJoinPool$WorkQueue.runTask(ForkJoinPool.java:1339)
	at akka.dispatch.forkjoin.ForkJoinPool.runWorker(ForkJoinPool.java:1979)
	at akka.dispatch.forkjoin.ForkJoinWorkerThread.run(ForkJoinWorkerThread.java:107)
Heap
 PSYoungGen      total 156160K, used 58028K [0x00000000f5980000, 0x0000000100000000, 0x0000000100000000)
  eden space 142848K, 39% used [0x00000000f5980000,0x00000000f913af50,0x00000000fe500000)
  from space 13312K, 7% used [0x00000000fe500000,0x00000000fe5f00f0,0x00000000ff200000)
  to   space 12800K, 0% used [0x00000000ff380000,0x00000000ff380000,0x0000000100000000)
 ParOldGen       total 341504K, used 29136K [0x00000000e0c00000, 0x00000000f5980000, 0x00000000f5980000)
  object space 341504K, 8% used [0x00000000e0c00000,0x00000000e28743d8,0x00000000f5980000)
 Metaspace       used 36231K, capacity 37040K, committed 37208K, reserved 1081344K
  class space    used 4989K, capacity 5162K, committed 5248K, reserved 1048576K
