09:39:01,566 |-INFO in ch.qos.logback.classic.LoggerContext[default] - Could NOT find resource [logback-test.xml]
09:39:01,566 |-INFO in ch.qos.logback.classic.LoggerContext[default] - Could NOT find resource [logback.groovy]
09:39:01,566 |-INFO in ch.qos.logback.classic.LoggerContext[default] - Found resource [logback.xml] at [jar:file:/home/nikitasokolov/flamestream/lib/flamestream-runtime-1.0-SNAPSHOT.jar!/logback.xml]
09:39:01,567 |-WARN in ch.qos.logback.classic.LoggerContext[default] - Resource [logback.xml] occurs multiple times on the classpath.
09:39:01,567 |-WARN in ch.qos.logback.classic.LoggerContext[default] - Resource [logback.xml] occurs at [jar:file:/home/nikitasokolov/flamestream/lib/flamestream-runtime-1.0-SNAPSHOT.jar!/logback.xml]
09:39:01,567 |-WARN in ch.qos.logback.classic.LoggerContext[default] - Resource [logback.xml] occurs at [jar:file:/home/nikitasokolov/flamestream/flamestream-runtime-1.0-SNAPSHOT.jar!/logback.xml]
09:39:01,583 |-INFO in ch.qos.logback.core.joran.spi.ConfigurationWatchList@6aaa5eb0 - URL [jar:file:/home/nikitasokolov/flamestream/lib/flamestream-runtime-1.0-SNAPSHOT.jar!/logback.xml] is not of type file
09:39:01,633 |-INFO in ch.qos.logback.classic.joran.action.ConfigurationAction - debug attribute not set
09:39:01,634 |-INFO in ch.qos.logback.core.joran.action.AppenderAction - About to instantiate appender of type [ch.qos.logback.core.ConsoleAppender]
09:39:01,641 |-INFO in ch.qos.logback.core.joran.action.AppenderAction - Naming appender as [STDOUT]
09:39:01,648 |-INFO in ch.qos.logback.core.joran.action.NestedComplexPropertyIA - Assuming default type [ch.qos.logback.classic.encoder.PatternLayoutEncoder] for [encoder] property
09:39:01,707 |-INFO in ch.qos.logback.core.joran.action.AppenderAction - About to instantiate appender of type [ch.qos.logback.core.rolling.RollingFileAppender]
09:39:01,713 |-INFO in ch.qos.logback.core.joran.action.AppenderAction - Naming appender as [FILE]
09:39:01,735 |-INFO in c.q.l.core.rolling.TimeBasedRollingPolicy@3447021 - No compression will be used
09:39:01,737 |-INFO in c.q.l.core.rolling.TimeBasedRollingPolicy@3447021 - Will use the pattern /tmp/application_%d{yyyy-MM-dd}.%i.log for the active file
09:39:01,740 |-INFO in ch.qos.logback.core.rolling.SizeAndTimeBasedFNATP@1a407d53 - The date pattern is 'yyyy-MM-dd' from file name pattern '/tmp/application_%d{yyyy-MM-dd}.%i.log'.
09:39:01,740 |-INFO in ch.qos.logback.core.rolling.SizeAndTimeBasedFNATP@1a407d53 - Roll-over at midnight.
09:39:01,745 |-INFO in ch.qos.logback.core.rolling.SizeAndTimeBasedFNATP@1a407d53 - Setting initial period to Thu Jun 06 22:00:24 MSK 2019
09:39:01,745 |-WARN in ch.qos.logback.core.rolling.SizeAndTimeBasedFNATP@1a407d53 - SizeAndTimeBasedFNATP is deprecated. Use SizeAndTimeBasedRollingPolicy instead
09:39:01,745 |-WARN in ch.qos.logback.core.rolling.SizeAndTimeBasedFNATP@1a407d53 - For more information see http://logback.qos.ch/manual/appenders.html#SizeAndTimeBasedRollingPolicy
09:39:01,749 |-INFO in ch.qos.logback.core.joran.action.NestedComplexPropertyIA - Assuming default type [ch.qos.logback.classic.encoder.PatternLayoutEncoder] for [encoder] property
09:39:01,752 |-INFO in ch.qos.logback.core.rolling.RollingFileAppender[FILE] - Active log file name: /tmp/application.log
09:39:01,752 |-INFO in ch.qos.logback.core.rolling.RollingFileAppender[FILE] - File property is set to [/tmp/application.log]
09:39:01,753 |-ERROR in ch.qos.logback.core.rolling.RollingFileAppender[FILE] - openFile(/tmp/application.log,true) call failed. java.io.FileNotFoundException: /tmp/application.log (Permission denied)
	at java.io.FileNotFoundException: /tmp/application.log (Permission denied)
	at 	at java.io.FileOutputStream.open0(Native Method)
	at 	at java.io.FileOutputStream.open(FileOutputStream.java:270)
	at 	at java.io.FileOutputStream.<init>(FileOutputStream.java:213)
	at 	at ch.qos.logback.core.recovery.ResilientFileOutputStream.<init>(ResilientFileOutputStream.java:26)
	at 	at ch.qos.logback.core.FileAppender.openFile(FileAppender.java:204)
	at 	at ch.qos.logback.core.FileAppender.start(FileAppender.java:127)
	at 	at ch.qos.logback.core.rolling.RollingFileAppender.start(RollingFileAppender.java:100)
	at 	at ch.qos.logback.core.joran.action.AppenderAction.end(AppenderAction.java:90)
	at 	at ch.qos.logback.core.joran.spi.Interpreter.callEndAction(Interpreter.java:309)
	at 	at ch.qos.logback.core.joran.spi.Interpreter.endElement(Interpreter.java:193)
	at 	at ch.qos.logback.core.joran.spi.Interpreter.endElement(Interpreter.java:179)
	at 	at ch.qos.logback.core.joran.spi.EventPlayer.play(EventPlayer.java:62)
	at 	at ch.qos.logback.core.joran.GenericConfigurator.doConfigure(GenericConfigurator.java:165)
	at 	at ch.qos.logback.core.joran.GenericConfigurator.doConfigure(GenericConfigurator.java:152)
	at 	at ch.qos.logback.core.joran.GenericConfigurator.doConfigure(GenericConfigurator.java:110)
	at 	at ch.qos.logback.core.joran.GenericConfigurator.doConfigure(GenericConfigurator.java:53)
	at 	at ch.qos.logback.classic.util.ContextInitializer.configureByResource(ContextInitializer.java:75)
	at 	at ch.qos.logback.classic.util.ContextInitializer.autoConfig(ContextInitializer.java:150)
	at 	at org.slf4j.impl.StaticLoggerBinder.init(StaticLoggerBinder.java:84)
	at 	at org.slf4j.impl.StaticLoggerBinder.<clinit>(StaticLoggerBinder.java:55)
	at 	at org.slf4j.LoggerFactory.bind(LoggerFactory.java:150)
	at 	at org.slf4j.LoggerFactory.performInitialization(LoggerFactory.java:124)
	at 	at org.slf4j.LoggerFactory.getILoggerFactory(LoggerFactory.java:412)
	at 	at org.slf4j.LoggerFactory.getLogger(LoggerFactory.java:357)
	at 	at org.slf4j.LoggerFactory.getLogger(LoggerFactory.java:383)
	at 	at com.spbsu.flamestream.runtime.WorkerApplication.<init>(WorkerApplication.java:26)
	at 	at com.spbsu.flamestream.runtime.WorkerApplication.main(WorkerApplication.java:68)
09:39:01,753 |-INFO in ch.qos.logback.classic.joran.action.RootLoggerAction - Setting level of ROOT logger to WARN
09:39:01,753 |-INFO in ch.qos.logback.core.joran.action.AppenderRefAction - Attaching appender named [STDOUT] to Logger[ROOT]
09:39:01,754 |-INFO in ch.qos.logback.core.joran.action.AppenderRefAction - Attaching appender named [FILE] to Logger[ROOT]
09:39:01,754 |-INFO in ch.qos.logback.classic.joran.action.ConfigurationAction - End of configuration.
09:39:01,754 |-INFO in ch.qos.logback.classic.joran.JoranConfigurator@21bcffb5 - Registering current configuration as safe fallback point

Ama winner
Ama winner
2019-06-09T09:39:02.755+0300: 1.386: [GC (Metadata GC Threshold) [PSYoungGen: 95247K->15971K(149504K)] 95247K->16051K(491008K), 0.0188601 secs] [Times: user=0.09 sys=0.02, real=0.02 secs] 
2019-06-09T09:39:02.774+0300: 1.405: [Full GC (Metadata GC Threshold) [PSYoungGen: 15971K->0K(149504K)] [ParOldGen: 80K->15103K(341504K)] 16051K->15103K(491008K), [Metaspace: 20804K->20804K(1067008K)], 0.0244920 secs] [Times: user=0.16 sys=0.00, real=0.02 secs] 
09:39:14.051 [Curator-PathChildrenCache-2] WARN  o.a.c.u.ZKPaths  - The version of ZooKeeper being used doesn't support Container nodes. CreateMode.PERSISTENT will be used instead.
2019-06-09T09:39:14.683+0300: 13.314: [GC (Metadata GC Threshold) [PSYoungGen: 126013K->16787K(149504K)] 141116K->51430K(491008K), 0.0265719 secs] [Times: user=0.18 sys=0.03, real=0.03 secs] 
2019-06-09T09:39:14.709+0300: 13.340: [Full GC (Metadata GC Threshold) [PSYoungGen: 16787K->0K(149504K)] [ParOldGen: 34642K->39898K(341504K)] 51430K->39898K(491008K), [Metaspace: 34487K->34484K(1079296K)], 0.0327745 secs] [Times: user=0.15 sys=0.02, real=0.03 secs] 
2019-06-09T09:39:16.651+0300: 15.282: [GC (Allocation Failure) [PSYoungGen: 128512K->704K(149504K)] 168410K->40610K(491008K), 0.0033685 secs] [Times: user=0.01 sys=0.01, real=0.01 secs] 
2019-06-09T09:39:18.457+0300: 17.088: [GC (Allocation Failure) [PSYoungGen: 129216K->704K(149504K)] 169122K->40618K(491008K), 0.0024237 secs] [Times: user=0.01 sys=0.00, real=0.00 secs] 
2019-06-09T09:39:20.596+0300: 19.226: [GC (Allocation Failure) [PSYoungGen: 129216K->800K(129536K)] 169130K->40722K(471040K), 0.0039238 secs] [Times: user=0.02 sys=0.02, real=0.00 secs] 
2019-06-09T09:39:22.227+0300: 20.858: [GC (Allocation Failure) [PSYoungGen: 129312K->704K(148992K)] 169234K->40634K(490496K), 0.0030258 secs] [Times: user=0.02 sys=0.00, real=0.00 secs] 
2019-06-09T09:39:23.684+0300: 22.315: [GC (Allocation Failure) [PSYoungGen: 127680K->704K(148480K)] 167610K->40642K(489984K), 0.0025782 secs] [Times: user=0.01 sys=0.00, real=0.00 secs] 
2019-06-09T09:39:25.011+0300: 23.641: [GC (Allocation Failure) [PSYoungGen: 127680K->864K(151040K)] 167618K->40810K(492544K), 0.0037292 secs] [Times: user=0.03 sys=0.00, real=0.01 secs] 
2019-06-09T09:39:26.906+0300: 25.537: [GC (Allocation Failure) [PSYoungGen: 131424K->1024K(150016K)] 171370K->40970K(491520K), 0.0039560 secs] [Times: user=0.02 sys=0.00, real=0.00 secs] 
2019-06-09T09:39:28.554+0300: 27.185: [GC (Allocation Failure) [PSYoungGen: 131584K->992K(152576K)] 171530K->40946K(494080K), 0.0027483 secs] [Times: user=0.01 sys=0.00, real=0.00 secs] 
2019-06-09T09:39:30.012+0300: 28.643: [GC (Allocation Failure) [PSYoungGen: 135136K->992K(152064K)] 175090K->40946K(493568K), 0.0025739 secs] [Times: user=0.01 sys=0.00, real=0.01 secs] 
2019-06-09T09:39:31.465+0300: 30.129: [GC (Allocation Failure) [PSYoungGen: 135136K->1088K(154624K)] 175090K->41050K(496128K), 0.0364923 secs] [Times: user=0.02 sys=0.00, real=0.03 secs] 
2019-06-09T09:39:33.056+0300: 31.687: [GC (Allocation Failure) [PSYoungGen: 138816K->1216K(153600K)] 178778K->41186K(495104K), 0.0122818 secs] [Times: user=0.13 sys=0.00, real=0.01 secs] 
2019-06-09T09:39:42.159+0300: 40.790: [GC (Allocation Failure) [PSYoungGen: 138944K->864K(156160K)] 178914K->40842K(497664K), 0.0068004 secs] [Times: user=0.03 sys=0.02, real=0.01 secs] 
09:39:42.199 [Curator-PathChildrenCache-0] ERROR o.a.c.f.r.c.PathChildrenCache  - 
java.lang.IllegalStateException: instance must be started before calling this method
	at org.apache.curator.shaded.com.google.common.base.Preconditions.checkState(Preconditions.java:444)
	at org.apache.curator.framework.imps.CuratorFrameworkImpl.getChildren(CuratorFrameworkImpl.java:456)
	at org.apache.curator.framework.recipes.cache.PathChildrenCache.refresh(PathChildrenCache.java:521)
	at org.apache.curator.framework.recipes.cache.RefreshOperation.invoke(RefreshOperation.java:35)
	at org.apache.curator.framework.recipes.cache.PathChildrenCache$9.run(PathChildrenCache.java:786)
	at java.util.concurrent.Executors$RunnableAdapter.call(Executors.java:511)
	at java.util.concurrent.FutureTask.run(FutureTask.java:266)
	at java.util.concurrent.Executors$RunnableAdapter.call(Executors.java:511)
	at java.util.concurrent.FutureTask.run(FutureTask.java:266)
	at java.util.concurrent.ThreadPoolExecutor.runWorker(ThreadPoolExecutor.java:1149)
	at java.util.concurrent.ThreadPoolExecutor$Worker.run(ThreadPoolExecutor.java:624)
	at java.lang.Thread.run(Thread.java:748)
09:39:43.294 [worker-akka.actor.default-dispatcher-3] ERROR c.s.f.r.WorkerApplication  - Something went wrong during trace flush
java.nio.file.AccessDeniedException: /tmp/trace.csv
	at sun.nio.fs.UnixException.translateToIOException(UnixException.java:84)
	at sun.nio.fs.UnixException.rethrowAsIOException(UnixException.java:102)
	at sun.nio.fs.UnixException.rethrowAsIOException(UnixException.java:107)
	at sun.nio.fs.UnixFileSystemProvider.newByteChannel(UnixFileSystemProvider.java:214)
	at java.nio.file.spi.FileSystemProvider.newOutputStream(FileSystemProvider.java:434)
	at java.nio.file.Files.newOutputStream(Files.java:216)
	at java.nio.file.Files.newBufferedWriter(Files.java:2860)
	at java.nio.file.Files.newBufferedWriter(Files.java:2896)
	at com.spbsu.flamestream.runtime.utils.tracing.Tracing.flush(Tracing.java:35)
	at com.spbsu.flamestream.runtime.WorkerApplication.lambda$run$0(WorkerApplication.java:109)
	at akka.actor.ActorSystemImpl$TerminationCallbacks$$anonfun$addRec$1$1.applyOrElse(ActorSystem.scala:1036)
	at akka.actor.ActorSystemImpl$TerminationCallbacks$$anonfun$addRec$1$1.applyOrElse(ActorSystem.scala:1036)
	at scala.concurrent.Future$$anonfun$andThen$1.apply(Future.scala:436)
	at scala.concurrent.Future$$anonfun$andThen$1.apply(Future.scala:435)
	at scala.concurrent.impl.CallbackRunnable.run(Promise.scala:36)
	at akka.dispatch.BatchingExecutor$AbstractBatch.processBatch(BatchingExecutor.scala:55)
	at akka.dispatch.BatchingExecutor$BlockableBatch$$anonfun$run$1.apply$mcV$sp(BatchingExecutor.scala:91)
	at akka.dispatch.BatchingExecutor$BlockableBatch$$anonfun$run$1.apply(BatchingExecutor.scala:91)
	at akka.dispatch.BatchingExecutor$BlockableBatch$$anonfun$run$1.apply(BatchingExecutor.scala:91)
	at scala.concurrent.BlockContext$.withBlockContext(BlockContext.scala:72)
	at akka.dispatch.BatchingExecutor$BlockableBatch.run(BatchingExecutor.scala:90)
	at akka.dispatch.TaskInvocation.run(AbstractDispatcher.scala:40)
	at akka.dispatch.ForkJoinExecutorConfigurator$AkkaForkJoinTask.exec(ForkJoinExecutorConfigurator.scala:44)
	at akka.dispatch.forkjoin.ForkJoinTask.doExec(ForkJoinTask.java:260)
	at akka.dispatch.forkjoin.ForkJoinPool$WorkQueue.runTask(ForkJoinPool.java:1339)
	at akka.dispatch.forkjoin.ForkJoinPool.runWorker(ForkJoinPool.java:1979)
	at akka.dispatch.forkjoin.ForkJoinWorkerThread.run(ForkJoinWorkerThread.java:107)
Heap
 PSYoungGen      total 156160K, used 12656K [0x00000000f5980000, 0x0000000100000000, 0x0000000100000000)
  eden space 140800K, 8% used [0x00000000f5980000,0x00000000f6504298,0x00000000fe300000)
  from space 15360K, 5% used [0x00000000ff100000,0x00000000ff1d80c0,0x0000000100000000)
  to   space 14336K, 0% used [0x00000000fe300000,0x00000000fe300000,0x00000000ff100000)
 ParOldGen       total 341504K, used 39978K [0x00000000e0c00000, 0x00000000f5980000, 0x00000000f5980000)
  object space 341504K, 11% used [0x00000000e0c00000,0x00000000e330ab30,0x00000000f5980000)
 Metaspace       used 36092K, capacity 37062K, committed 37208K, reserved 1081344K
  class space    used 4981K, capacity 5187K, committed 5248K, reserved 1048576K
