06:14:57,675 |-INFO in ch.qos.logback.classic.LoggerContext[default] - Could NOT find resource [logback-test.xml]
06:14:57,675 |-INFO in ch.qos.logback.classic.LoggerContext[default] - Could NOT find resource [logback.groovy]
06:14:57,675 |-INFO in ch.qos.logback.classic.LoggerContext[default] - Found resource [logback.xml] at [jar:file:/home/nikitasokolov/flamestream/lib/flamestream-runtime-1.0-SNAPSHOT.jar!/logback.xml]
06:14:57,676 |-WARN in ch.qos.logback.classic.LoggerContext[default] - Resource [logback.xml] occurs multiple times on the classpath.
06:14:57,676 |-WARN in ch.qos.logback.classic.LoggerContext[default] - Resource [logback.xml] occurs at [jar:file:/home/nikitasokolov/flamestream/lib/flamestream-runtime-1.0-SNAPSHOT.jar!/logback.xml]
06:14:57,676 |-WARN in ch.qos.logback.classic.LoggerContext[default] - Resource [logback.xml] occurs at [jar:file:/home/nikitasokolov/flamestream/flamestream-runtime-1.0-SNAPSHOT.jar!/logback.xml]
06:14:57,693 |-INFO in ch.qos.logback.core.joran.spi.ConfigurationWatchList@6aaa5eb0 - URL [jar:file:/home/nikitasokolov/flamestream/lib/flamestream-runtime-1.0-SNAPSHOT.jar!/logback.xml] is not of type file
06:14:57,745 |-INFO in ch.qos.logback.classic.joran.action.ConfigurationAction - debug attribute not set
06:14:57,745 |-INFO in ch.qos.logback.core.joran.action.AppenderAction - About to instantiate appender of type [ch.qos.logback.core.ConsoleAppender]
06:14:57,753 |-INFO in ch.qos.logback.core.joran.action.AppenderAction - Naming appender as [STDOUT]
06:14:57,761 |-INFO in ch.qos.logback.core.joran.action.NestedComplexPropertyIA - Assuming default type [ch.qos.logback.classic.encoder.PatternLayoutEncoder] for [encoder] property
06:14:57,823 |-INFO in ch.qos.logback.core.joran.action.AppenderAction - About to instantiate appender of type [ch.qos.logback.core.rolling.RollingFileAppender]
06:14:57,830 |-INFO in ch.qos.logback.core.joran.action.AppenderAction - Naming appender as [FILE]
06:14:57,853 |-INFO in c.q.l.core.rolling.TimeBasedRollingPolicy@3447021 - No compression will be used
06:14:57,854 |-INFO in c.q.l.core.rolling.TimeBasedRollingPolicy@3447021 - Will use the pattern /tmp/application_%d{yyyy-MM-dd}.%i.log for the active file
06:14:57,857 |-INFO in ch.qos.logback.core.rolling.SizeAndTimeBasedFNATP@1a407d53 - The date pattern is 'yyyy-MM-dd' from file name pattern '/tmp/application_%d{yyyy-MM-dd}.%i.log'.
06:14:57,857 |-INFO in ch.qos.logback.core.rolling.SizeAndTimeBasedFNATP@1a407d53 - Roll-over at midnight.
06:14:57,861 |-INFO in ch.qos.logback.core.rolling.SizeAndTimeBasedFNATP@1a407d53 - Setting initial period to Thu Jun 06 22:00:24 MSK 2019
06:14:57,862 |-WARN in ch.qos.logback.core.rolling.SizeAndTimeBasedFNATP@1a407d53 - SizeAndTimeBasedFNATP is deprecated. Use SizeAndTimeBasedRollingPolicy instead
06:14:57,862 |-WARN in ch.qos.logback.core.rolling.SizeAndTimeBasedFNATP@1a407d53 - For more information see http://logback.qos.ch/manual/appenders.html#SizeAndTimeBasedRollingPolicy
06:14:57,865 |-INFO in ch.qos.logback.core.joran.action.NestedComplexPropertyIA - Assuming default type [ch.qos.logback.classic.encoder.PatternLayoutEncoder] for [encoder] property
06:14:57,868 |-INFO in ch.qos.logback.core.rolling.RollingFileAppender[FILE] - Active log file name: /tmp/application.log
06:14:57,868 |-INFO in ch.qos.logback.core.rolling.RollingFileAppender[FILE] - File property is set to [/tmp/application.log]
06:14:57,869 |-ERROR in ch.qos.logback.core.rolling.RollingFileAppender[FILE] - openFile(/tmp/application.log,true) call failed. java.io.FileNotFoundException: /tmp/application.log (Permission denied)
	at java.io.FileNotFoundException: /tmp/application.log (Permission denied)
	at 	at java.io.FileOutputStream.open0(Native Method)
	at 	at java.io.FileOutputStream.open(FileOutputStream.java:270)
	at 	at java.io.FileOutputStream.<init>(FileOutputStream.java:213)
	at 	at ch.qos.logback.core.recovery.ResilientFileOutputStream.<init>(ResilientFileOutputStream.java:26)
	at 	at ch.qos.logback.core.FileAppender.openFile(FileAppender.java:204)
	at 	at ch.qos.logback.core.FileAppender.start(FileAppender.java:127)
	at 	at ch.qos.logback.core.rolling.RollingFileAppender.start(RollingFileAppender.java:100)
	at 	at ch.qos.logback.core.joran.action.AppenderAction.end(AppenderAction.java:90)
	at 	at ch.qos.logback.core.joran.spi.Interpreter.callEndAction(Interpreter.java:309)
	at 	at ch.qos.logback.core.joran.spi.Interpreter.endElement(Interpreter.java:193)
	at 	at ch.qos.logback.core.joran.spi.Interpreter.endElement(Interpreter.java:179)
	at 	at ch.qos.logback.core.joran.spi.EventPlayer.play(EventPlayer.java:62)
	at 	at ch.qos.logback.core.joran.GenericConfigurator.doConfigure(GenericConfigurator.java:165)
	at 	at ch.qos.logback.core.joran.GenericConfigurator.doConfigure(GenericConfigurator.java:152)
	at 	at ch.qos.logback.core.joran.GenericConfigurator.doConfigure(GenericConfigurator.java:110)
	at 	at ch.qos.logback.core.joran.GenericConfigurator.doConfigure(GenericConfigurator.java:53)
	at 	at ch.qos.logback.classic.util.ContextInitializer.configureByResource(ContextInitializer.java:75)
	at 	at ch.qos.logback.classic.util.ContextInitializer.autoConfig(ContextInitializer.java:150)
	at 	at org.slf4j.impl.StaticLoggerBinder.init(StaticLoggerBinder.java:84)
	at 	at org.slf4j.impl.StaticLoggerBinder.<clinit>(StaticLoggerBinder.java:55)
	at 	at org.slf4j.LoggerFactory.bind(LoggerFactory.java:150)
	at 	at org.slf4j.LoggerFactory.performInitialization(LoggerFactory.java:124)
	at 	at org.slf4j.LoggerFactory.getILoggerFactory(LoggerFactory.java:412)
	at 	at org.slf4j.LoggerFactory.getLogger(LoggerFactory.java:357)
	at 	at org.slf4j.LoggerFactory.getLogger(LoggerFactory.java:383)
	at 	at com.spbsu.flamestream.runtime.WorkerApplication.<init>(WorkerApplication.java:26)
	at 	at com.spbsu.flamestream.runtime.WorkerApplication.main(WorkerApplication.java:68)
06:14:57,869 |-INFO in ch.qos.logback.classic.joran.action.RootLoggerAction - Setting level of ROOT logger to WARN
06:14:57,869 |-INFO in ch.qos.logback.core.joran.action.AppenderRefAction - Attaching appender named [STDOUT] to Logger[ROOT]
06:14:57,869 |-INFO in ch.qos.logback.core.joran.action.AppenderRefAction - Attaching appender named [FILE] to Logger[ROOT]
06:14:57,869 |-INFO in ch.qos.logback.classic.joran.action.ConfigurationAction - End of configuration.
06:14:57,870 |-INFO in ch.qos.logback.classic.joran.JoranConfigurator@21bcffb5 - Registering current configuration as safe fallback point

Ama winner
Ama winner
2019-06-09T06:14:58.862+0300: 1.383: [GC (Metadata GC Threshold) [PSYoungGen: 95247K->15987K(149504K)] 95247K->16067K(491008K), 0.0196860 secs] [Times: user=0.08 sys=0.05, real=0.02 secs] 
2019-06-09T06:14:58.882+0300: 1.403: [Full GC (Metadata GC Threshold) [PSYoungGen: 15987K->0K(149504K)] [ParOldGen: 80K->15103K(341504K)] 16067K->15103K(491008K), [Metaspace: 20801K->20801K(1067008K)], 0.0252786 secs] [Times: user=0.17 sys=0.01, real=0.03 secs] 
06:15:11.465 [Curator-PathChildrenCache-2] WARN  o.a.c.u.ZKPaths  - The version of ZooKeeper being used doesn't support Container nodes. CreateMode.PERSISTENT will be used instead.
2019-06-09T06:15:12.170+0300: 14.692: [GC (Metadata GC Threshold) [PSYoungGen: 127375K->16864K(149504K)] 142478K->51506K(491008K), 0.0255591 secs] [Times: user=0.20 sys=0.02, real=0.03 secs] 
2019-06-09T06:15:12.196+0300: 14.717: [Full GC (Metadata GC Threshold) [PSYoungGen: 16864K->0K(149504K)] [ParOldGen: 34642K->39826K(341504K)] 51506K->39826K(491008K), [Metaspace: 34549K->34547K(1079296K)], 0.0475117 secs] [Times: user=0.33 sys=0.00, real=0.04 secs] 
2019-06-09T06:15:14.016+0300: 16.537: [GC (Allocation Failure) [PSYoungGen: 128512K->672K(149504K)] 168338K->40498K(491008K), 0.0032400 secs] [Times: user=0.01 sys=0.00, real=0.00 secs] 
2019-06-09T06:15:15.377+0300: 17.898: [GC (Allocation Failure) [PSYoungGen: 129184K->672K(149504K)] 169010K->40506K(491008K), 0.0043937 secs] [Times: user=0.03 sys=0.01, real=0.00 secs] 
2019-06-09T06:15:16.666+0300: 19.187: [GC (Allocation Failure) [PSYoungGen: 129184K->800K(129536K)] 169018K->40634K(471040K), 0.4322161 secs] [Times: user=0.02 sys=0.00, real=0.43 secs] 
2019-06-09T06:15:18.365+0300: 20.886: [GC (Allocation Failure) [PSYoungGen: 129312K->800K(148992K)] 169146K->40642K(490496K), 0.0027108 secs] [Times: user=0.01 sys=0.00, real=0.00 secs] 
2019-06-09T06:15:19.203+0300: 21.724: [GC (Allocation Failure) [PSYoungGen: 127264K->704K(147968K)] 167106K->40554K(489472K), 0.0021843 secs] [Times: user=0.02 sys=0.00, real=0.01 secs] 
2019-06-09T06:15:20.115+0300: 22.636: [GC (Allocation Failure) [PSYoungGen: 127168K->896K(151040K)] 167018K->40754K(492544K), 0.0029674 secs] [Times: user=0.01 sys=0.00, real=0.00 secs] 
2019-06-09T06:15:21.191+0300: 23.712: [GC (Allocation Failure) [PSYoungGen: 131456K->992K(150016K)] 171314K->40850K(491520K), 0.0026876 secs] [Times: user=0.02 sys=0.00, real=0.01 secs] 
2019-06-09T06:15:22.098+0300: 24.620: [GC (Allocation Failure) [PSYoungGen: 131552K->1376K(152576K)] 171410K->41242K(494080K), 0.0030107 secs] [Times: user=0.01 sys=0.01, real=0.00 secs] 
2019-06-09T06:15:23.000+0300: 25.521: [GC (Allocation Failure) [PSYoungGen: 135520K->1376K(152064K)] 175386K->41250K(493568K), 0.0026640 secs] [Times: user=0.01 sys=0.01, real=0.00 secs] 
2019-06-09T06:15:23.983+0300: 26.504: [GC (Allocation Failure) [PSYoungGen: 135520K->1120K(154624K)] 175394K->41002K(496128K), 0.0025813 secs] [Times: user=0.01 sys=0.01, real=0.01 secs] 
2019-06-09T06:15:24.987+0300: 27.508: [GC (Allocation Failure) [PSYoungGen: 138848K->992K(153600K)] 178730K->40882K(495104K), 0.0027243 secs] [Times: user=0.02 sys=0.00, real=0.00 secs] 
2019-06-09T06:15:26.151+0300: 28.672: [GC (Allocation Failure) [PSYoungGen: 138720K->1088K(156160K)] 178610K->40986K(497664K), 0.0029137 secs] [Times: user=0.02 sys=0.00, real=0.01 secs] 
2019-06-09T06:15:27.032+0300: 29.553: [GC (Allocation Failure) [PSYoungGen: 141888K->1248K(155136K)] 181786K->41154K(496640K), 0.0027636 secs] [Times: user=0.01 sys=0.00, real=0.00 secs] 
2019-06-09T06:15:28.154+0300: 30.675: [GC (Allocation Failure) [PSYoungGen: 142048K->1216K(157696K)] 181954K->41130K(499200K), 0.0037544 secs] [Times: user=0.03 sys=0.00, real=0.00 secs] 
06:15:34.926 [Curator-PathChildrenCache-0] ERROR o.a.c.f.r.c.PathChildrenCache  - 
java.lang.IllegalStateException: instance must be started before calling this method
	at org.apache.curator.shaded.com.google.common.base.Preconditions.checkState(Preconditions.java:444)
	at org.apache.curator.framework.imps.CuratorFrameworkImpl.getChildren(CuratorFrameworkImpl.java:456)
	at org.apache.curator.framework.recipes.cache.PathChildrenCache.refresh(PathChildrenCache.java:521)
	at org.apache.curator.framework.recipes.cache.RefreshOperation.invoke(RefreshOperation.java:35)
	at org.apache.curator.framework.recipes.cache.PathChildrenCache$9.run(PathChildrenCache.java:786)
	at java.util.concurrent.Executors$RunnableAdapter.call(Executors.java:511)
	at java.util.concurrent.FutureTask.run(FutureTask.java:266)
	at java.util.concurrent.Executors$RunnableAdapter.call(Executors.java:511)
	at java.util.concurrent.FutureTask.run(FutureTask.java:266)
	at java.util.concurrent.ThreadPoolExecutor.runWorker(ThreadPoolExecutor.java:1149)
	at java.util.concurrent.ThreadPoolExecutor$Worker.run(ThreadPoolExecutor.java:624)
	at java.lang.Thread.run(Thread.java:748)
06:15:36.035 [worker-akka.actor.default-dispatcher-10] ERROR c.s.f.r.WorkerApplication  - Something went wrong during trace flush
java.nio.file.AccessDeniedException: /tmp/trace.csv
	at sun.nio.fs.UnixException.translateToIOException(UnixException.java:84)
	at sun.nio.fs.UnixException.rethrowAsIOException(UnixException.java:102)
	at sun.nio.fs.UnixException.rethrowAsIOException(UnixException.java:107)
	at sun.nio.fs.UnixFileSystemProvider.newByteChannel(UnixFileSystemProvider.java:214)
	at java.nio.file.spi.FileSystemProvider.newOutputStream(FileSystemProvider.java:434)
	at java.nio.file.Files.newOutputStream(Files.java:216)
	at java.nio.file.Files.newBufferedWriter(Files.java:2860)
	at java.nio.file.Files.newBufferedWriter(Files.java:2896)
	at com.spbsu.flamestream.runtime.utils.tracing.Tracing.flush(Tracing.java:35)
	at com.spbsu.flamestream.runtime.WorkerApplication.lambda$run$0(WorkerApplication.java:109)
	at akka.actor.ActorSystemImpl$TerminationCallbacks$$anonfun$addRec$1$1.applyOrElse(ActorSystem.scala:1036)
	at akka.actor.ActorSystemImpl$TerminationCallbacks$$anonfun$addRec$1$1.applyOrElse(ActorSystem.scala:1036)
	at scala.concurrent.Future$$anonfun$andThen$1.apply(Future.scala:436)
	at scala.concurrent.Future$$anonfun$andThen$1.apply(Future.scala:435)
	at scala.concurrent.impl.CallbackRunnable.run(Promise.scala:36)
	at akka.dispatch.BatchingExecutor$AbstractBatch.processBatch(BatchingExecutor.scala:55)
	at akka.dispatch.BatchingExecutor$BlockableBatch$$anonfun$run$1.apply$mcV$sp(BatchingExecutor.scala:91)
	at akka.dispatch.BatchingExecutor$BlockableBatch$$anonfun$run$1.apply(BatchingExecutor.scala:91)
	at akka.dispatch.BatchingExecutor$BlockableBatch$$anonfun$run$1.apply(BatchingExecutor.scala:91)
	at scala.concurrent.BlockContext$.withBlockContext(BlockContext.scala:72)
	at akka.dispatch.BatchingExecutor$BlockableBatch.run(BatchingExecutor.scala:90)
	at akka.dispatch.TaskInvocation.run(AbstractDispatcher.scala:40)
	at akka.dispatch.ForkJoinExecutorConfigurator$AkkaForkJoinTask.exec(ForkJoinExecutorConfigurator.scala:44)
	at akka.dispatch.forkjoin.ForkJoinTask.doExec(ForkJoinTask.java:260)
	at akka.dispatch.forkjoin.ForkJoinPool$WorkQueue.runTask(ForkJoinPool.java:1339)
	at akka.dispatch.forkjoin.ForkJoinPool.runWorker(ForkJoinPool.java:1979)
	at akka.dispatch.forkjoin.ForkJoinWorkerThread.run(ForkJoinWorkerThread.java:107)
Heap
 PSYoungGen      total 157696K, used 139793K [0x00000000f5980000, 0x0000000100000000, 0x0000000100000000)
  eden space 143872K, 96% used [0x00000000f5980000,0x00000000fe0d4468,0x00000000fe600000)
  from space 13824K, 8% used [0x00000000ff280000,0x00000000ff3b00a0,0x0000000100000000)
  to   space 12800K, 0% used [0x00000000fe600000,0x00000000fe600000,0x00000000ff280000)
 ParOldGen       total 341504K, used 39914K [0x00000000e0c00000, 0x00000000f5980000, 0x00000000f5980000)
  object space 341504K, 11% used [0x00000000e0c00000,0x00000000e32fa978,0x00000000f5980000)
 Metaspace       used 36118K, capacity 37126K, committed 37208K, reserved 1081344K
  class space    used 4982K, capacity 5187K, committed 5248K, reserved 1048576K
