05:15:27,094 |-INFO in ch.qos.logback.classic.LoggerContext[default] - Could NOT find resource [logback-test.xml]
05:15:27,094 |-INFO in ch.qos.logback.classic.LoggerContext[default] - Could NOT find resource [logback.groovy]
05:15:27,094 |-INFO in ch.qos.logback.classic.LoggerContext[default] - Found resource [logback.xml] at [jar:file:/root/flamestream/lib/flamestream-runtime-1.0-SNAPSHOT.jar!/logback.xml]
05:15:27,098 |-WARN in ch.qos.logback.classic.LoggerContext[default] - Resource [logback.xml] occurs multiple times on the classpath.
05:15:27,098 |-WARN in ch.qos.logback.classic.LoggerContext[default] - Resource [logback.xml] occurs at [jar:file:/root/flamestream/lib/flamestream-runtime-1.0-SNAPSHOT.jar!/logback.xml]
05:15:27,098 |-WARN in ch.qos.logback.classic.LoggerContext[default] - Resource [logback.xml] occurs at [jar:file:/root/flamestream/flamestream-runtime-1.0-SNAPSHOT.jar!/logback.xml]
05:15:27,120 |-INFO in ch.qos.logback.core.joran.spi.ConfigurationWatchList@3fb6a447 - URL [jar:file:/root/flamestream/lib/flamestream-runtime-1.0-SNAPSHOT.jar!/logback.xml] is not of type file
05:15:27,193 |-INFO in ch.qos.logback.classic.joran.action.ConfigurationAction - debug attribute not set
05:15:27,193 |-INFO in ch.qos.logback.core.joran.action.AppenderAction - About to instantiate appender of type [ch.qos.logback.core.ConsoleAppender]
05:15:27,210 |-INFO in ch.qos.logback.core.joran.action.AppenderAction - Naming appender as [STDOUT]
05:15:27,228 |-INFO in ch.qos.logback.core.joran.action.NestedComplexPropertyIA - Assuming default type [ch.qos.logback.classic.encoder.PatternLayoutEncoder] for [encoder] property
05:15:27,319 |-INFO in ch.qos.logback.core.joran.action.AppenderAction - About to instantiate appender of type [ch.qos.logback.core.rolling.RollingFileAppender]
05:15:27,324 |-INFO in ch.qos.logback.core.joran.action.AppenderAction - Naming appender as [FILE]
05:15:27,355 |-INFO in c.q.l.core.rolling.TimeBasedRollingPolicy@127618319 - No compression will be used
05:15:27,356 |-INFO in c.q.l.core.rolling.TimeBasedRollingPolicy@127618319 - Will use the pattern /tmp/application_%d{yyyy-MM-dd}.%i.log for the active file
05:15:27,359 |-INFO in ch.qos.logback.core.rolling.SizeAndTimeBasedFNATP@6b2fad11 - The date pattern is 'yyyy-MM-dd' from file name pattern '/tmp/application_%d{yyyy-MM-dd}.%i.log'.
05:15:27,359 |-INFO in ch.qos.logback.core.rolling.SizeAndTimeBasedFNATP@6b2fad11 - Roll-over at midnight.
05:15:27,364 |-INFO in ch.qos.logback.core.rolling.SizeAndTimeBasedFNATP@6b2fad11 - Setting initial period to Tue Jun 11 05:13:53 UTC 2019
05:15:27,365 |-WARN in ch.qos.logback.core.rolling.SizeAndTimeBasedFNATP@6b2fad11 - SizeAndTimeBasedFNATP is deprecated. Use SizeAndTimeBasedRollingPolicy instead
05:15:27,365 |-WARN in ch.qos.logback.core.rolling.SizeAndTimeBasedFNATP@6b2fad11 - For more information see http://logback.qos.ch/manual/appenders.html#SizeAndTimeBasedRollingPolicy
05:15:27,369 |-INFO in ch.qos.logback.core.joran.action.NestedComplexPropertyIA - Assuming default type [ch.qos.logback.classic.encoder.PatternLayoutEncoder] for [encoder] property
05:15:27,373 |-INFO in ch.qos.logback.core.rolling.RollingFileAppender[FILE] - Active log file name: /tmp/application.log
05:15:27,373 |-INFO in ch.qos.logback.core.rolling.RollingFileAppender[FILE] - File property is set to [/tmp/application.log]
05:15:27,374 |-INFO in ch.qos.logback.classic.joran.action.RootLoggerAction - Setting level of ROOT logger to WARN
05:15:27,374 |-INFO in ch.qos.logback.core.joran.action.AppenderRefAction - Attaching appender named [STDOUT] to Logger[ROOT]
05:15:27,376 |-INFO in ch.qos.logback.core.joran.action.AppenderRefAction - Attaching appender named [FILE] to Logger[ROOT]
05:15:27,376 |-INFO in ch.qos.logback.classic.joran.action.ConfigurationAction - End of configuration.
05:15:27,377 |-INFO in ch.qos.logback.classic.joran.JoranConfigurator@79698539 - Registering current configuration as safe fallback point

Ama winner
Ama winner
2019-06-11T05:15:28.649+0000: 1.743: [Full GC (Metadata GC Threshold) 2019-06-11T05:15:28.649+0000: 1.743: [Tenured: 0K->15175K(341376K), 0.0394301 secs] 114957K->15175K(494976K), [Metaspace: 20732K->20732K(1067008K)], 0.0394944 secs] [Times: user=0.03 sys=0.00, real=0.04 secs] 
05:15:44.668 [Curator-PathChildrenCache-1] WARN  o.a.c.u.ZKPaths  - The version of ZooKeeper being used doesn't support Container nodes. CreateMode.PERSISTENT will be used instead.
2019-06-11T05:15:46.682+0000: 19.776: [GC (Allocation Failure) 2019-06-11T05:15:46.682+0000: 19.776: [DefNew: 118891K->17024K(153600K), 0.0178773 secs] 134066K->32805K(494976K), 0.0179423 secs] [Times: user=0.01 sys=0.00, real=0.02 secs] 
2019-06-11T05:15:48.553+0000: 21.647: [Full GC (Metadata GC Threshold) 2019-06-11T05:15:48.553+0000: 21.647: [Tenured: 15781K->43896K(341376K), 0.0509655 secs] 105048K->43896K(494976K), [Metaspace: 34606K->34606K(1079296K)], 0.0510500 secs] [Times: user=0.05 sys=0.01, real=0.05 secs] 
2019-06-11T05:15:51.852+0000: 24.946: [GC (Allocation Failure) 2019-06-11T05:15:51.852+0000: 24.946: [DefNew: 136576K->56K(153600K), 0.0018023 secs] 180472K->43953K(494976K), 0.0018710 secs] [Times: user=0.00 sys=0.00, real=0.00 secs] 
2019-06-11T05:15:55.127+0000: 28.221: [GC (Allocation Failure) 2019-06-11T05:15:55.127+0000: 28.221: [DefNew: 136632K->64K(153600K), 0.0017034 secs] 180529K->43961K(494976K), 0.0017590 secs] [Times: user=0.00 sys=0.00, real=0.00 secs] 
2019-06-11T05:15:58.319+0000: 31.413: [GC (Allocation Failure) 2019-06-11T05:15:58.319+0000: 31.413: [DefNew: 136640K->64K(153600K), 0.0016137 secs] 180537K->43961K(494976K), 0.0016721 secs] [Times: user=0.00 sys=0.00, real=0.00 secs] 
05:16:06.320 [Curator-PathChildrenCache-0] ERROR o.a.c.f.r.c.PathChildrenCache  - 
java.lang.IllegalStateException: instance must be started before calling this method
	at org.apache.curator.shaded.com.google.common.base.Preconditions.checkState(Preconditions.java:444)
	at org.apache.curator.framework.imps.CuratorFrameworkImpl.getChildren(CuratorFrameworkImpl.java:456)
	at org.apache.curator.framework.recipes.cache.PathChildrenCache.refresh(PathChildrenCache.java:521)
	at org.apache.curator.framework.recipes.cache.RefreshOperation.invoke(RefreshOperation.java:35)
	at org.apache.curator.framework.recipes.cache.PathChildrenCache$9.run(PathChildrenCache.java:786)
	at java.util.concurrent.Executors$RunnableAdapter.call(Executors.java:511)
	at java.util.concurrent.FutureTask.run(FutureTask.java:266)
	at java.util.concurrent.Executors$RunnableAdapter.call(Executors.java:511)
	at java.util.concurrent.FutureTask.run(FutureTask.java:266)
	at java.util.concurrent.ThreadPoolExecutor.runWorker(ThreadPoolExecutor.java:1149)
	at java.util.concurrent.ThreadPoolExecutor$Worker.run(ThreadPoolExecutor.java:624)
	at java.lang.Thread.run(Thread.java:748)
Heap
 def new generation   total 153600K, used 112966K [0x00000000e0c00000, 0x00000000eb2a0000, 0x00000000eb2a0000)
  eden space 136576K,  82% used [0x00000000e0c00000, 0x00000000e7a417d8, 0x00000000e9160000)
  from space 17024K,   0% used [0x00000000e9160000, 0x00000000e9170248, 0x00000000ea200000)
  to   space 17024K,   0% used [0x00000000ea200000, 0x00000000ea200000, 0x00000000eb2a0000)
 tenured generation   total 341376K, used 43896K [0x00000000eb2a0000, 0x0000000100000000, 0x0000000100000000)
   the space 341376K,  12% used [0x00000000eb2a0000, 0x00000000edd7e388, 0x00000000edd7e400, 0x0000000100000000)
 Metaspace       used 35702K, capacity 36582K, committed 36864K, reserved 1081344K
  class space    used 4825K, capacity 5043K, committed 5120K, reserved 1048576K
