16:32:01,492 |-INFO in ch.qos.logback.classic.LoggerContext[default] - Could NOT find resource [logback-test.xml]
16:32:01,497 |-INFO in ch.qos.logback.classic.LoggerContext[default] - Could NOT find resource [logback.groovy]
16:32:01,497 |-INFO in ch.qos.logback.classic.LoggerContext[default] - Found resource [logback.xml] at [jar:file:/root/flamestream/lib/flamestream-runtime-1.0-SNAPSHOT.jar!/logback.xml]
16:32:01,498 |-WARN in ch.qos.logback.classic.LoggerContext[default] - Resource [logback.xml] occurs multiple times on the classpath.
16:32:01,498 |-WARN in ch.qos.logback.classic.LoggerContext[default] - Resource [logback.xml] occurs at [jar:file:/root/flamestream/lib/flamestream-runtime-1.0-SNAPSHOT.jar!/logback.xml]
16:32:01,498 |-WARN in ch.qos.logback.classic.LoggerContext[default] - Resource [logback.xml] occurs at [jar:file:/root/flamestream/flamestream-runtime-1.0-SNAPSHOT.jar!/logback.xml]
16:32:01,518 |-INFO in ch.qos.logback.core.joran.spi.ConfigurationWatchList@3fb6a447 - URL [jar:file:/root/flamestream/lib/flamestream-runtime-1.0-SNAPSHOT.jar!/logback.xml] is not of type file
16:32:01,589 |-INFO in ch.qos.logback.classic.joran.action.ConfigurationAction - debug attribute not set
16:32:01,589 |-INFO in ch.qos.logback.core.joran.action.AppenderAction - About to instantiate appender of type [ch.qos.logback.core.ConsoleAppender]
16:32:01,602 |-INFO in ch.qos.logback.core.joran.action.AppenderAction - Naming appender as [STDOUT]
16:32:01,619 |-INFO in ch.qos.logback.core.joran.action.NestedComplexPropertyIA - Assuming default type [ch.qos.logback.classic.encoder.PatternLayoutEncoder] for [encoder] property
16:32:01,707 |-INFO in ch.qos.logback.core.joran.action.AppenderAction - About to instantiate appender of type [ch.qos.logback.core.rolling.RollingFileAppender]
16:32:01,712 |-INFO in ch.qos.logback.core.joran.action.AppenderAction - Naming appender as [FILE]
16:32:01,744 |-INFO in c.q.l.core.rolling.TimeBasedRollingPolicy@127618319 - No compression will be used
16:32:01,745 |-INFO in c.q.l.core.rolling.TimeBasedRollingPolicy@127618319 - Will use the pattern /tmp/application_%d{yyyy-MM-dd}.%i.log for the active file
16:32:01,748 |-INFO in ch.qos.logback.core.rolling.SizeAndTimeBasedFNATP@6b2fad11 - The date pattern is 'yyyy-MM-dd' from file name pattern '/tmp/application_%d{yyyy-MM-dd}.%i.log'.
16:32:01,748 |-INFO in ch.qos.logback.core.rolling.SizeAndTimeBasedFNATP@6b2fad11 - Roll-over at midnight.
16:32:01,754 |-INFO in ch.qos.logback.core.rolling.SizeAndTimeBasedFNATP@6b2fad11 - Setting initial period to Mon Jun 10 16:30:34 UTC 2019
16:32:01,754 |-WARN in ch.qos.logback.core.rolling.SizeAndTimeBasedFNATP@6b2fad11 - SizeAndTimeBasedFNATP is deprecated. Use SizeAndTimeBasedRollingPolicy instead
16:32:01,754 |-WARN in ch.qos.logback.core.rolling.SizeAndTimeBasedFNATP@6b2fad11 - For more information see http://logback.qos.ch/manual/appenders.html#SizeAndTimeBasedRollingPolicy
16:32:01,758 |-INFO in ch.qos.logback.core.joran.action.NestedComplexPropertyIA - Assuming default type [ch.qos.logback.classic.encoder.PatternLayoutEncoder] for [encoder] property
16:32:01,763 |-INFO in ch.qos.logback.core.rolling.RollingFileAppender[FILE] - Active log file name: /tmp/application.log
16:32:01,763 |-INFO in ch.qos.logback.core.rolling.RollingFileAppender[FILE] - File property is set to [/tmp/application.log]
16:32:01,764 |-INFO in ch.qos.logback.classic.joran.action.RootLoggerAction - Setting level of ROOT logger to WARN
16:32:01,764 |-INFO in ch.qos.logback.core.joran.action.AppenderRefAction - Attaching appender named [STDOUT] to Logger[ROOT]
16:32:01,765 |-INFO in ch.qos.logback.core.joran.action.AppenderRefAction - Attaching appender named [FILE] to Logger[ROOT]
16:32:01,765 |-INFO in ch.qos.logback.classic.joran.action.ConfigurationAction - End of configuration.
16:32:01,765 |-INFO in ch.qos.logback.classic.joran.JoranConfigurator@79698539 - Registering current configuration as safe fallback point

Ama winner
Ama winner
2019-06-10T16:32:03.128+0000: 1.820: [Full GC (Metadata GC Threshold) 2019-06-10T16:32:03.128+0000: 1.820: [Tenured: 0K->15144K(341376K), 0.0404772 secs] 114987K->15144K(494976K), [Metaspace: 20737K->20737K(1067008K)], 0.0405464 secs] [Times: user=0.03 sys=0.01, real=0.04 secs] 
16:32:17.801 [Curator-PathChildrenCache-1] WARN  o.a.c.u.ZKPaths  - The version of ZooKeeper being used doesn't support Container nodes. CreateMode.PERSISTENT will be used instead.
2019-06-10T16:32:19.807+0000: 18.500: [GC (Allocation Failure) 2019-06-10T16:32:19.807+0000: 18.500: [DefNew: 136576K->17023K(153600K), 0.0260859 secs] 151720K->52686K(494976K), 0.0261534 secs] [Times: user=0.01 sys=0.02, real=0.02 secs] 
2019-06-10T16:32:22.085+0000: 20.778: [Full GC (Metadata GC Threshold) 2019-06-10T16:32:22.085+0000: 20.778: [Tenured: 35662K->44573K(341376K), 0.0524949 secs] 105129K->44573K(494976K), [Metaspace: 34615K->34615K(1079296K)], 0.0525721 secs] [Times: user=0.04 sys=0.01, real=0.05 secs] 
2019-06-10T16:32:26.611+0000: 25.304: [GC (Allocation Failure) 2019-06-10T16:32:26.611+0000: 25.304: [DefNew: 136576K->69K(153600K), 0.0018427 secs] 181149K->44642K(494976K), 0.0019027 secs] [Times: user=0.00 sys=0.00, real=0.00 secs] 
2019-06-10T16:32:31.174+0000: 29.867: [GC (Allocation Failure) 2019-06-10T16:32:31.174+0000: 29.867: [DefNew: 136645K->74K(153600K), 0.0016925 secs] 181218K->44648K(494976K), 0.0017511 secs] [Times: user=0.00 sys=0.00, real=0.00 secs] 
2019-06-10T16:32:35.748+0000: 34.441: [GC (Allocation Failure) 2019-06-10T16:32:35.748+0000: 34.441: [DefNew: 136650K->72K(153600K), 0.0017468 secs] 181224K->44646K(494976K), 0.0018097 secs] [Times: user=0.01 sys=0.00, real=0.00 secs] 
16:32:48.575 [Curator-PathChildrenCache-0] ERROR o.a.c.f.r.c.PathChildrenCache  - 
java.lang.IllegalStateException: instance must be started before calling this method
	at org.apache.curator.shaded.com.google.common.base.Preconditions.checkState(Preconditions.java:444)
	at org.apache.curator.framework.imps.CuratorFrameworkImpl.getChildren(CuratorFrameworkImpl.java:456)
	at org.apache.curator.framework.recipes.cache.PathChildrenCache.refresh(PathChildrenCache.java:521)
	at org.apache.curator.framework.recipes.cache.RefreshOperation.invoke(RefreshOperation.java:35)
	at org.apache.curator.framework.recipes.cache.PathChildrenCache$9.run(PathChildrenCache.java:786)
	at java.util.concurrent.Executors$RunnableAdapter.call(Executors.java:511)
	at java.util.concurrent.FutureTask.run(FutureTask.java:266)
	at java.util.concurrent.Executors$RunnableAdapter.call(Executors.java:511)
	at java.util.concurrent.FutureTask.run(FutureTask.java:266)
	at java.util.concurrent.ThreadPoolExecutor.runWorker(ThreadPoolExecutor.java:1149)
	at java.util.concurrent.ThreadPoolExecutor$Worker.run(ThreadPoolExecutor.java:624)
	at java.lang.Thread.run(Thread.java:748)
Heap
 def new generation   total 153600K, used 116040K [0x00000000e0c00000, 0x00000000eb2a0000, 0x00000000eb2a0000)
  eden space 136576K,  84% used [0x00000000e0c00000, 0x00000000e7d3fff8, 0x00000000e9160000)
  from space 17024K,   0% used [0x00000000e9160000, 0x00000000e91723c8, 0x00000000ea200000)
  to   space 17024K,   0% used [0x00000000ea200000, 0x00000000ea200000, 0x00000000eb2a0000)
 tenured generation   total 341376K, used 44573K [0x00000000eb2a0000, 0x0000000100000000, 0x0000000100000000)
   the space 341376K,  13% used [0x00000000eb2a0000, 0x00000000ede27488, 0x00000000ede27600, 0x0000000100000000)
 Metaspace       used 35873K, capacity 36768K, committed 37120K, reserved 1081344K
  class space    used 4827K, capacity 5042K, committed 5120K, reserved 1048576K
