09:20:25,883 |-INFO in ch.qos.logback.classic.LoggerContext[default] - Could NOT find resource [logback-test.xml]
09:20:25,883 |-INFO in ch.qos.logback.classic.LoggerContext[default] - Could NOT find resource [logback.groovy]
09:20:25,884 |-INFO in ch.qos.logback.classic.LoggerContext[default] - Found resource [logback.xml] at [jar:file:/home/nikitasokolov/flamestream/lib/flamestream-runtime-1.0-SNAPSHOT.jar!/logback.xml]
09:20:25,884 |-WARN in ch.qos.logback.classic.LoggerContext[default] - Resource [logback.xml] occurs multiple times on the classpath.
09:20:25,884 |-WARN in ch.qos.logback.classic.LoggerContext[default] - Resource [logback.xml] occurs at [jar:file:/home/nikitasokolov/flamestream/lib/flamestream-runtime-1.0-SNAPSHOT.jar!/logback.xml]
09:20:25,884 |-WARN in ch.qos.logback.classic.LoggerContext[default] - Resource [logback.xml] occurs at [jar:file:/home/nikitasokolov/flamestream/flamestream-runtime-1.0-SNAPSHOT.jar!/logback.xml]
09:20:25,901 |-INFO in ch.qos.logback.core.joran.spi.ConfigurationWatchList@6aaa5eb0 - URL [jar:file:/home/nikitasokolov/flamestream/lib/flamestream-runtime-1.0-SNAPSHOT.jar!/logback.xml] is not of type file
09:20:25,953 |-INFO in ch.qos.logback.classic.joran.action.ConfigurationAction - debug attribute not set
09:20:25,954 |-INFO in ch.qos.logback.core.joran.action.AppenderAction - About to instantiate appender of type [ch.qos.logback.core.ConsoleAppender]
09:20:25,961 |-INFO in ch.qos.logback.core.joran.action.AppenderAction - Naming appender as [STDOUT]
09:20:25,968 |-INFO in ch.qos.logback.core.joran.action.NestedComplexPropertyIA - Assuming default type [ch.qos.logback.classic.encoder.PatternLayoutEncoder] for [encoder] property
09:20:26,026 |-INFO in ch.qos.logback.core.joran.action.AppenderAction - About to instantiate appender of type [ch.qos.logback.core.rolling.RollingFileAppender]
09:20:26,031 |-INFO in ch.qos.logback.core.joran.action.AppenderAction - Naming appender as [FILE]
09:20:26,054 |-INFO in c.q.l.core.rolling.TimeBasedRollingPolicy@3447021 - No compression will be used
09:20:26,055 |-INFO in c.q.l.core.rolling.TimeBasedRollingPolicy@3447021 - Will use the pattern /tmp/application_%d{yyyy-MM-dd}.%i.log for the active file
09:20:26,058 |-INFO in ch.qos.logback.core.rolling.SizeAndTimeBasedFNATP@1a407d53 - The date pattern is 'yyyy-MM-dd' from file name pattern '/tmp/application_%d{yyyy-MM-dd}.%i.log'.
09:20:26,058 |-INFO in ch.qos.logback.core.rolling.SizeAndTimeBasedFNATP@1a407d53 - Roll-over at midnight.
09:20:26,063 |-INFO in ch.qos.logback.core.rolling.SizeAndTimeBasedFNATP@1a407d53 - Setting initial period to Thu Jun 06 22:00:24 MSK 2019
09:20:26,063 |-WARN in ch.qos.logback.core.rolling.SizeAndTimeBasedFNATP@1a407d53 - SizeAndTimeBasedFNATP is deprecated. Use SizeAndTimeBasedRollingPolicy instead
09:20:26,063 |-WARN in ch.qos.logback.core.rolling.SizeAndTimeBasedFNATP@1a407d53 - For more information see http://logback.qos.ch/manual/appenders.html#SizeAndTimeBasedRollingPolicy
09:20:26,066 |-INFO in ch.qos.logback.core.joran.action.NestedComplexPropertyIA - Assuming default type [ch.qos.logback.classic.encoder.PatternLayoutEncoder] for [encoder] property
09:20:26,069 |-INFO in ch.qos.logback.core.rolling.RollingFileAppender[FILE] - Active log file name: /tmp/application.log
09:20:26,069 |-INFO in ch.qos.logback.core.rolling.RollingFileAppender[FILE] - File property is set to [/tmp/application.log]
09:20:26,070 |-ERROR in ch.qos.logback.core.rolling.RollingFileAppender[FILE] - openFile(/tmp/application.log,true) call failed. java.io.FileNotFoundException: /tmp/application.log (Permission denied)
	at java.io.FileNotFoundException: /tmp/application.log (Permission denied)
	at 	at java.io.FileOutputStream.open0(Native Method)
	at 	at java.io.FileOutputStream.open(FileOutputStream.java:270)
	at 	at java.io.FileOutputStream.<init>(FileOutputStream.java:213)
	at 	at ch.qos.logback.core.recovery.ResilientFileOutputStream.<init>(ResilientFileOutputStream.java:26)
	at 	at ch.qos.logback.core.FileAppender.openFile(FileAppender.java:204)
	at 	at ch.qos.logback.core.FileAppender.start(FileAppender.java:127)
	at 	at ch.qos.logback.core.rolling.RollingFileAppender.start(RollingFileAppender.java:100)
	at 	at ch.qos.logback.core.joran.action.AppenderAction.end(AppenderAction.java:90)
	at 	at ch.qos.logback.core.joran.spi.Interpreter.callEndAction(Interpreter.java:309)
	at 	at ch.qos.logback.core.joran.spi.Interpreter.endElement(Interpreter.java:193)
	at 	at ch.qos.logback.core.joran.spi.Interpreter.endElement(Interpreter.java:179)
	at 	at ch.qos.logback.core.joran.spi.EventPlayer.play(EventPlayer.java:62)
	at 	at ch.qos.logback.core.joran.GenericConfigurator.doConfigure(GenericConfigurator.java:165)
	at 	at ch.qos.logback.core.joran.GenericConfigurator.doConfigure(GenericConfigurator.java:152)
	at 	at ch.qos.logback.core.joran.GenericConfigurator.doConfigure(GenericConfigurator.java:110)
	at 	at ch.qos.logback.core.joran.GenericConfigurator.doConfigure(GenericConfigurator.java:53)
	at 	at ch.qos.logback.classic.util.ContextInitializer.configureByResource(ContextInitializer.java:75)
	at 	at ch.qos.logback.classic.util.ContextInitializer.autoConfig(ContextInitializer.java:150)
	at 	at org.slf4j.impl.StaticLoggerBinder.init(StaticLoggerBinder.java:84)
	at 	at org.slf4j.impl.StaticLoggerBinder.<clinit>(StaticLoggerBinder.java:55)
	at 	at org.slf4j.LoggerFactory.bind(LoggerFactory.java:150)
	at 	at org.slf4j.LoggerFactory.performInitialization(LoggerFactory.java:124)
	at 	at org.slf4j.LoggerFactory.getILoggerFactory(LoggerFactory.java:412)
	at 	at org.slf4j.LoggerFactory.getLogger(LoggerFactory.java:357)
	at 	at org.slf4j.LoggerFactory.getLogger(LoggerFactory.java:383)
	at 	at com.spbsu.flamestream.runtime.WorkerApplication.<init>(WorkerApplication.java:26)
	at 	at com.spbsu.flamestream.runtime.WorkerApplication.main(WorkerApplication.java:68)
09:20:26,070 |-INFO in ch.qos.logback.classic.joran.action.RootLoggerAction - Setting level of ROOT logger to WARN
09:20:26,070 |-INFO in ch.qos.logback.core.joran.action.AppenderRefAction - Attaching appender named [STDOUT] to Logger[ROOT]
09:20:26,071 |-INFO in ch.qos.logback.core.joran.action.AppenderRefAction - Attaching appender named [FILE] to Logger[ROOT]
09:20:26,071 |-INFO in ch.qos.logback.classic.joran.action.ConfigurationAction - End of configuration.
09:20:26,072 |-INFO in ch.qos.logback.classic.joran.JoranConfigurator@21bcffb5 - Registering current configuration as safe fallback point

Ama winner
Ama winner
2019-06-09T09:20:27.072+0300: 1.405: [GC (Metadata GC Threshold) [PSYoungGen: 95247K->15995K(149504K)] 95247K->16075K(491008K), 0.0198959 secs] [Times: user=0.08 sys=0.03, real=0.02 secs] 
2019-06-09T09:20:27.092+0300: 1.424: [Full GC (Metadata GC Threshold) [PSYoungGen: 15995K->0K(149504K)] [ParOldGen: 80K->15103K(341504K)] 16075K->15103K(491008K), [Metaspace: 20803K->20803K(1067008K)], 0.0250366 secs] [Times: user=0.13 sys=0.03, real=0.03 secs] 
09:20:40.386 [Curator-PathChildrenCache-2] WARN  o.a.c.u.ZKPaths  - The version of ZooKeeper being used doesn't support Container nodes. CreateMode.PERSISTENT will be used instead.
2019-06-09T09:20:41.197+0300: 15.530: [GC (Metadata GC Threshold) [PSYoungGen: 126166K->16837K(149504K)] 141269K->51479K(491008K), 0.0259590 secs] [Times: user=0.22 sys=0.01, real=0.02 secs] 
2019-06-09T09:20:41.223+0300: 15.556: [Full GC (Metadata GC Threshold) [PSYoungGen: 16837K->0K(149504K)] [ParOldGen: 34642K->39996K(341504K)] 51479K->39996K(491008K), [Metaspace: 34474K->34473K(1079296K)], 0.0320414 secs] [Times: user=0.17 sys=0.02, real=0.04 secs] 
2019-06-09T09:20:44.064+0300: 18.397: [GC (Allocation Failure) [PSYoungGen: 128512K->640K(149504K)] 168508K->40644K(491008K), 0.0033842 secs] [Times: user=0.01 sys=0.01, real=0.01 secs] 
2019-06-09T09:20:47.271+0300: 21.604: [GC (Allocation Failure) [PSYoungGen: 129152K->608K(149504K)] 169156K->40620K(491008K), 0.0022817 secs] [Times: user=0.01 sys=0.00, real=0.01 secs] 
2019-06-09T09:20:50.528+0300: 24.861: [GC (Allocation Failure) [PSYoungGen: 129120K->800K(129536K)] 169132K->40820K(471040K), 0.0037100 secs] [Times: user=0.02 sys=0.00, real=0.01 secs] 
2019-06-09T09:20:53.839+0300: 28.172: [GC (Allocation Failure) [PSYoungGen: 129312K->800K(148992K)] 169332K->40820K(490496K), 0.0048908 secs] [Times: user=0.04 sys=0.00, real=0.00 secs] 
2019-06-09T09:20:57.089+0300: 31.422: [GC (Allocation Failure) [PSYoungGen: 127264K->832K(147968K)] 167284K->40860K(489472K), 0.0031460 secs] [Times: user=0.01 sys=0.00, real=0.01 secs] 
2019-06-09T09:21:00.356+0300: 34.689: [GC (Allocation Failure) [PSYoungGen: 127296K->928K(151040K)] 167324K->40964K(492544K), 0.0025959 secs] [Times: user=0.01 sys=0.00, real=0.00 secs] 
2019-06-09T09:21:03.698+0300: 38.031: [GC (Allocation Failure) [PSYoungGen: 131488K->928K(150016K)] 171524K->40964K(491520K), 0.0043414 secs] [Times: user=0.03 sys=0.00, real=0.00 secs] 
2019-06-09T09:21:07.081+0300: 41.414: [GC (Allocation Failure) [PSYoungGen: 131488K->928K(152576K)] 171524K->40972K(494080K), 0.0032818 secs] [Times: user=0.01 sys=0.01, real=0.01 secs] 
2019-06-09T09:21:10.547+0300: 44.880: [GC (Allocation Failure) [PSYoungGen: 135072K->928K(152064K)] 175116K->40980K(493568K), 0.0031382 secs] [Times: user=0.02 sys=0.00, real=0.00 secs] 
2019-06-09T09:21:14.005+0300: 48.338: [GC (Allocation Failure) [PSYoungGen: 135072K->896K(154112K)] 175124K->40956K(495616K), 0.0108703 secs] [Times: user=0.10 sys=0.01, real=0.01 secs] 
2019-06-09T09:21:17.566+0300: 51.899: [GC (Allocation Failure) [PSYoungGen: 138112K->928K(153600K)] 178172K->40988K(495104K), 0.0050232 secs] [Times: user=0.03 sys=0.00, real=0.00 secs] 
2019-06-09T09:21:21.130+0300: 55.463: [GC (Allocation Failure) [PSYoungGen: 138144K->992K(156160K)] 178204K->41060K(497664K), 0.0035157 secs] [Times: user=0.03 sys=0.00, real=0.01 secs] 
09:21:31.279 [Curator-PathChildrenCache-0] ERROR o.a.c.f.r.c.PathChildrenCache  - 
java.lang.IllegalStateException: instance must be started before calling this method
	at org.apache.curator.shaded.com.google.common.base.Preconditions.checkState(Preconditions.java:444)
	at org.apache.curator.framework.imps.CuratorFrameworkImpl.getChildren(CuratorFrameworkImpl.java:456)
	at org.apache.curator.framework.recipes.cache.PathChildrenCache.refresh(PathChildrenCache.java:521)
	at org.apache.curator.framework.recipes.cache.RefreshOperation.invoke(RefreshOperation.java:35)
	at org.apache.curator.framework.recipes.cache.PathChildrenCache$9.run(PathChildrenCache.java:786)
	at java.util.concurrent.Executors$RunnableAdapter.call(Executors.java:511)
	at java.util.concurrent.FutureTask.run(FutureTask.java:266)
	at java.util.concurrent.Executors$RunnableAdapter.call(Executors.java:511)
	at java.util.concurrent.FutureTask.run(FutureTask.java:266)
	at java.util.concurrent.ThreadPoolExecutor.runWorker(ThreadPoolExecutor.java:1149)
	at java.util.concurrent.ThreadPoolExecutor$Worker.run(ThreadPoolExecutor.java:624)
	at java.lang.Thread.run(Thread.java:748)
09:21:32.372 [worker-akka.actor.default-dispatcher-11] ERROR c.s.f.r.WorkerApplication  - Something went wrong during trace flush
java.nio.file.AccessDeniedException: /tmp/trace.csv
	at sun.nio.fs.UnixException.translateToIOException(UnixException.java:84)
	at sun.nio.fs.UnixException.rethrowAsIOException(UnixException.java:102)
	at sun.nio.fs.UnixException.rethrowAsIOException(UnixException.java:107)
	at sun.nio.fs.UnixFileSystemProvider.newByteChannel(UnixFileSystemProvider.java:214)
	at java.nio.file.spi.FileSystemProvider.newOutputStream(FileSystemProvider.java:434)
	at java.nio.file.Files.newOutputStream(Files.java:216)
	at java.nio.file.Files.newBufferedWriter(Files.java:2860)
	at java.nio.file.Files.newBufferedWriter(Files.java:2896)
	at com.spbsu.flamestream.runtime.utils.tracing.Tracing.flush(Tracing.java:35)
	at com.spbsu.flamestream.runtime.WorkerApplication.lambda$run$0(WorkerApplication.java:109)
	at akka.actor.ActorSystemImpl$TerminationCallbacks$$anonfun$addRec$1$1.applyOrElse(ActorSystem.scala:1036)
	at akka.actor.ActorSystemImpl$TerminationCallbacks$$anonfun$addRec$1$1.applyOrElse(ActorSystem.scala:1036)
	at scala.concurrent.Future$$anonfun$andThen$1.apply(Future.scala:436)
	at scala.concurrent.Future$$anonfun$andThen$1.apply(Future.scala:435)
	at scala.concurrent.impl.CallbackRunnable.run(Promise.scala:36)
	at akka.dispatch.BatchingExecutor$AbstractBatch.processBatch(BatchingExecutor.scala:55)
	at akka.dispatch.BatchingExecutor$BlockableBatch$$anonfun$run$1.apply$mcV$sp(BatchingExecutor.scala:91)
	at akka.dispatch.BatchingExecutor$BlockableBatch$$anonfun$run$1.apply(BatchingExecutor.scala:91)
	at akka.dispatch.BatchingExecutor$BlockableBatch$$anonfun$run$1.apply(BatchingExecutor.scala:91)
	at scala.concurrent.BlockContext$.withBlockContext(BlockContext.scala:72)
	at akka.dispatch.BatchingExecutor$BlockableBatch.run(BatchingExecutor.scala:90)
	at akka.dispatch.TaskInvocation.run(AbstractDispatcher.scala:40)
	at akka.dispatch.ForkJoinExecutorConfigurator$AkkaForkJoinTask.exec(ForkJoinExecutorConfigurator.scala:44)
	at akka.dispatch.forkjoin.ForkJoinTask.doExec(ForkJoinTask.java:260)
	at akka.dispatch.forkjoin.ForkJoinPool$WorkQueue.runTask(ForkJoinPool.java:1339)
	at akka.dispatch.forkjoin.ForkJoinPool.runWorker(ForkJoinPool.java:1979)
	at akka.dispatch.forkjoin.ForkJoinWorkerThread.run(ForkJoinWorkerThread.java:107)
Heap
 PSYoungGen      total 156160K, used 28754K [0x00000000f5980000, 0x0000000100000000, 0x0000000100000000)
  eden space 140800K, 19% used [0x00000000f5980000,0x00000000f749c798,0x00000000fe300000)
  from space 15360K, 6% used [0x00000000ff100000,0x00000000ff1f80d0,0x0000000100000000)
  to   space 14336K, 0% used [0x00000000fe300000,0x00000000fe300000,0x00000000ff100000)
 ParOldGen       total 341504K, used 40068K [0x00000000e0c00000, 0x00000000f5980000, 0x00000000f5980000)
  object space 341504K, 11% used [0x00000000e0c00000,0x00000000e33210b0,0x00000000f5980000)
 Metaspace       used 36447K, capacity 37406K, committed 37464K, reserved 1081344K
  class space    used 5026K, capacity 5219K, committed 5248K, reserved 1048576K
