07:37:32,800 |-INFO in ch.qos.logback.classic.LoggerContext[default] - Could NOT find resource [logback-test.xml]
07:37:32,800 |-INFO in ch.qos.logback.classic.LoggerContext[default] - Could NOT find resource [logback.groovy]
07:37:32,803 |-INFO in ch.qos.logback.classic.LoggerContext[default] - Found resource [logback.xml] at [jar:file:/root/flamestream/lib/flamestream-runtime-1.0-SNAPSHOT.jar!/logback.xml]
07:37:32,804 |-WARN in ch.qos.logback.classic.LoggerContext[default] - Resource [logback.xml] occurs multiple times on the classpath.
07:37:32,804 |-WARN in ch.qos.logback.classic.LoggerContext[default] - Resource [logback.xml] occurs at [jar:file:/root/flamestream/lib/flamestream-runtime-1.0-SNAPSHOT.jar!/logback.xml]
07:37:32,804 |-WARN in ch.qos.logback.classic.LoggerContext[default] - Resource [logback.xml] occurs at [jar:file:/root/flamestream/flamestream-runtime-1.0-SNAPSHOT.jar!/logback.xml]
07:37:32,825 |-INFO in ch.qos.logback.core.joran.spi.ConfigurationWatchList@3fb6a447 - URL [jar:file:/root/flamestream/lib/flamestream-runtime-1.0-SNAPSHOT.jar!/logback.xml] is not of type file
07:37:32,891 |-INFO in ch.qos.logback.classic.joran.action.ConfigurationAction - debug attribute not set
07:37:32,891 |-INFO in ch.qos.logback.core.joran.action.AppenderAction - About to instantiate appender of type [ch.qos.logback.core.ConsoleAppender]
07:37:32,908 |-INFO in ch.qos.logback.core.joran.action.AppenderAction - Naming appender as [STDOUT]
07:37:32,920 |-INFO in ch.qos.logback.core.joran.action.NestedComplexPropertyIA - Assuming default type [ch.qos.logback.classic.encoder.PatternLayoutEncoder] for [encoder] property
07:37:33,028 |-INFO in ch.qos.logback.core.joran.action.AppenderAction - About to instantiate appender of type [ch.qos.logback.core.rolling.RollingFileAppender]
07:37:33,037 |-INFO in ch.qos.logback.core.joran.action.AppenderAction - Naming appender as [FILE]
07:37:33,067 |-INFO in c.q.l.core.rolling.TimeBasedRollingPolicy@127618319 - No compression will be used
07:37:33,068 |-INFO in c.q.l.core.rolling.TimeBasedRollingPolicy@127618319 - Will use the pattern /tmp/application_%d{yyyy-MM-dd}.%i.log for the active file
07:37:33,071 |-INFO in ch.qos.logback.core.rolling.SizeAndTimeBasedFNATP@6b2fad11 - The date pattern is 'yyyy-MM-dd' from file name pattern '/tmp/application_%d{yyyy-MM-dd}.%i.log'.
07:37:33,071 |-INFO in ch.qos.logback.core.rolling.SizeAndTimeBasedFNATP@6b2fad11 - Roll-over at midnight.
07:37:33,076 |-INFO in ch.qos.logback.core.rolling.SizeAndTimeBasedFNATP@6b2fad11 - Setting initial period to Tue Jun 11 07:36:06 UTC 2019
07:37:33,076 |-WARN in ch.qos.logback.core.rolling.SizeAndTimeBasedFNATP@6b2fad11 - SizeAndTimeBasedFNATP is deprecated. Use SizeAndTimeBasedRollingPolicy instead
07:37:33,076 |-WARN in ch.qos.logback.core.rolling.SizeAndTimeBasedFNATP@6b2fad11 - For more information see http://logback.qos.ch/manual/appenders.html#SizeAndTimeBasedRollingPolicy
07:37:33,081 |-INFO in ch.qos.logback.core.joran.action.NestedComplexPropertyIA - Assuming default type [ch.qos.logback.classic.encoder.PatternLayoutEncoder] for [encoder] property
07:37:33,085 |-INFO in ch.qos.logback.core.rolling.RollingFileAppender[FILE] - Active log file name: /tmp/application.log
07:37:33,085 |-INFO in ch.qos.logback.core.rolling.RollingFileAppender[FILE] - File property is set to [/tmp/application.log]
07:37:33,086 |-INFO in ch.qos.logback.classic.joran.action.RootLoggerAction - Setting level of ROOT logger to WARN
07:37:33,086 |-INFO in ch.qos.logback.core.joran.action.AppenderRefAction - Attaching appender named [STDOUT] to Logger[ROOT]
07:37:33,088 |-INFO in ch.qos.logback.core.joran.action.AppenderRefAction - Attaching appender named [FILE] to Logger[ROOT]
07:37:33,088 |-INFO in ch.qos.logback.classic.joran.action.ConfigurationAction - End of configuration.
07:37:33,089 |-INFO in ch.qos.logback.classic.joran.JoranConfigurator@79698539 - Registering current configuration as safe fallback point

Ama winner
Ama winner
2019-06-11T07:37:34.730+0000: 2.109: [Full GC (Metadata GC Threshold) 2019-06-11T07:37:34.730+0000: 2.109: [Tenured: 0K->15208K(341376K), 0.0402507 secs] 117718K->15208K(494976K), [Metaspace: 20726K->20726K(1067008K)], 0.0403199 secs] [Times: user=0.03 sys=0.01, real=0.04 secs] 
07:37:50.456 [Curator-PathChildrenCache-1] WARN  o.a.c.u.ZKPaths  - The version of ZooKeeper being used doesn't support Container nodes. CreateMode.PERSISTENT will be used instead.
2019-06-11T07:37:52.895+0000: 20.275: [GC (Allocation Failure) 2019-06-11T07:37:52.895+0000: 20.275: [DefNew: 136576K->17024K(153600K), 0.0251562 secs] 151784K->52808K(494976K), 0.0252339 secs] [Times: user=0.02 sys=0.00, real=0.03 secs] 
2019-06-11T07:37:57.971+0000: 25.351: [Full GC (Metadata GC Threshold) 2019-06-11T07:37:57.971+0000: 25.351: [Tenured: 35784K->44374K(341376K), 0.0617532 secs] 179188K->44374K(494976K), [Metaspace: 34624K->34624K(1079296K)], 0.0618293 secs] [Times: user=0.06 sys=0.00, real=0.06 secs] 
2019-06-11T07:38:03.522+0000: 30.901: [GC (Allocation Failure) 2019-06-11T07:38:03.522+0000: 30.901: [DefNew: 136576K->57K(153600K), 0.0016787 secs] 180950K->44432K(494976K), 0.0017377 secs] [Times: user=0.01 sys=0.00, real=0.00 secs] 
2019-06-11T07:38:09.037+0000: 36.416: [GC (Allocation Failure) 2019-06-11T07:38:09.037+0000: 36.416: [DefNew: 136633K->54K(153600K), 0.0016185 secs] 181008K->44428K(494976K), 0.0016832 secs] [Times: user=0.01 sys=0.00, real=0.00 secs] 
2019-06-11T07:38:14.582+0000: 41.962: [GC (Allocation Failure) 2019-06-11T07:38:14.582+0000: 41.962: [DefNew: 136630K->52K(153600K), 0.0016000 secs] 181004K->44427K(494976K), 0.0016612 secs] [Times: user=0.01 sys=0.00, real=0.00 secs] 
2019-06-11T07:38:20.155+0000: 47.535: [GC (Allocation Failure) 2019-06-11T07:38:20.155+0000: 47.535: [DefNew: 136628K->57K(153600K), 0.0017188 secs] 181003K->44432K(494976K), 0.0017820 secs] [Times: user=0.00 sys=0.00, real=0.01 secs] 
07:38:33.106 [Curator-PathChildrenCache-0] ERROR o.a.c.f.r.c.PathChildrenCache  - 
java.lang.IllegalStateException: instance must be started before calling this method
	at org.apache.curator.shaded.com.google.common.base.Preconditions.checkState(Preconditions.java:444)
	at org.apache.curator.framework.imps.CuratorFrameworkImpl.getChildren(CuratorFrameworkImpl.java:456)
	at org.apache.curator.framework.recipes.cache.PathChildrenCache.refresh(PathChildrenCache.java:521)
	at org.apache.curator.framework.recipes.cache.RefreshOperation.invoke(RefreshOperation.java:35)
	at org.apache.curator.framework.recipes.cache.PathChildrenCache$9.run(PathChildrenCache.java:786)
	at java.util.concurrent.Executors$RunnableAdapter.call(Executors.java:511)
	at java.util.concurrent.FutureTask.run(FutureTask.java:266)
	at java.util.concurrent.Executors$RunnableAdapter.call(Executors.java:511)
	at java.util.concurrent.FutureTask.run(FutureTask.java:266)
	at java.util.concurrent.ThreadPoolExecutor.runWorker(ThreadPoolExecutor.java:1149)
	at java.util.concurrent.ThreadPoolExecutor$Worker.run(ThreadPoolExecutor.java:624)
	at java.lang.Thread.run(Thread.java:748)
Heap
 def new generation   total 153600K, used 102798K [0x00000000e0c00000, 0x00000000eb2a0000, 0x00000000eb2a0000)
  eden space 136576K,  75% used [0x00000000e0c00000, 0x00000000e70551d8, 0x00000000e9160000)
  from space 17024K,   0% used [0x00000000ea200000, 0x00000000ea20e738, 0x00000000eb2a0000)
  to   space 17024K,   0% used [0x00000000e9160000, 0x00000000e9160000, 0x00000000ea200000)
 tenured generation   total 341376K, used 44374K [0x00000000eb2a0000, 0x0000000100000000, 0x0000000100000000)
   the space 341376K,  12% used [0x00000000eb2a0000, 0x00000000eddf59f8, 0x00000000eddf5a00, 0x0000000100000000)
 Metaspace       used 35703K, capacity 36578K, committed 36864K, reserved 1081344K
  class space    used 4830K, capacity 5053K, committed 5120K, reserved 1048576K
