17:00:42,129 |-INFO in ch.qos.logback.classic.LoggerContext[default] - Could NOT find resource [logback-test.xml]
17:00:42,130 |-INFO in ch.qos.logback.classic.LoggerContext[default] - Could NOT find resource [logback.groovy]
17:00:42,130 |-INFO in ch.qos.logback.classic.LoggerContext[default] - Found resource [logback.xml] at [jar:file:/root/flamestream/lib/flamestream-runtime-1.0-SNAPSHOT.jar!/logback.xml]
17:00:42,131 |-WARN in ch.qos.logback.classic.LoggerContext[default] - Resource [logback.xml] occurs multiple times on the classpath.
17:00:42,131 |-WARN in ch.qos.logback.classic.LoggerContext[default] - Resource [logback.xml] occurs at [jar:file:/root/flamestream/lib/flamestream-runtime-1.0-SNAPSHOT.jar!/logback.xml]
17:00:42,131 |-WARN in ch.qos.logback.classic.LoggerContext[default] - Resource [logback.xml] occurs at [jar:file:/root/flamestream/flamestream-runtime-1.0-SNAPSHOT.jar!/logback.xml]
17:00:42,151 |-INFO in ch.qos.logback.core.joran.spi.ConfigurationWatchList@3fb6a447 - URL [jar:file:/root/flamestream/lib/flamestream-runtime-1.0-SNAPSHOT.jar!/logback.xml] is not of type file
17:00:42,224 |-INFO in ch.qos.logback.classic.joran.action.ConfigurationAction - debug attribute not set
17:00:42,225 |-INFO in ch.qos.logback.core.joran.action.AppenderAction - About to instantiate appender of type [ch.qos.logback.core.ConsoleAppender]
17:00:42,245 |-INFO in ch.qos.logback.core.joran.action.AppenderAction - Naming appender as [STDOUT]
17:00:42,263 |-INFO in ch.qos.logback.core.joran.action.NestedComplexPropertyIA - Assuming default type [ch.qos.logback.classic.encoder.PatternLayoutEncoder] for [encoder] property
17:00:42,340 |-INFO in ch.qos.logback.core.joran.action.AppenderAction - About to instantiate appender of type [ch.qos.logback.core.rolling.RollingFileAppender]
17:00:42,345 |-INFO in ch.qos.logback.core.joran.action.AppenderAction - Naming appender as [FILE]
17:00:42,376 |-INFO in c.q.l.core.rolling.TimeBasedRollingPolicy@127618319 - No compression will be used
17:00:42,377 |-INFO in c.q.l.core.rolling.TimeBasedRollingPolicy@127618319 - Will use the pattern /tmp/application_%d{yyyy-MM-dd}.%i.log for the active file
17:00:42,380 |-INFO in ch.qos.logback.core.rolling.SizeAndTimeBasedFNATP@6b2fad11 - The date pattern is 'yyyy-MM-dd' from file name pattern '/tmp/application_%d{yyyy-MM-dd}.%i.log'.
17:00:42,380 |-INFO in ch.qos.logback.core.rolling.SizeAndTimeBasedFNATP@6b2fad11 - Roll-over at midnight.
17:00:42,385 |-INFO in ch.qos.logback.core.rolling.SizeAndTimeBasedFNATP@6b2fad11 - Setting initial period to Mon Jun 10 16:59:22 UTC 2019
17:00:42,385 |-WARN in ch.qos.logback.core.rolling.SizeAndTimeBasedFNATP@6b2fad11 - SizeAndTimeBasedFNATP is deprecated. Use SizeAndTimeBasedRollingPolicy instead
17:00:42,385 |-WARN in ch.qos.logback.core.rolling.SizeAndTimeBasedFNATP@6b2fad11 - For more information see http://logback.qos.ch/manual/appenders.html#SizeAndTimeBasedRollingPolicy
17:00:42,389 |-INFO in ch.qos.logback.core.joran.action.NestedComplexPropertyIA - Assuming default type [ch.qos.logback.classic.encoder.PatternLayoutEncoder] for [encoder] property
17:00:42,394 |-INFO in ch.qos.logback.core.rolling.RollingFileAppender[FILE] - Active log file name: /tmp/application.log
17:00:42,394 |-INFO in ch.qos.logback.core.rolling.RollingFileAppender[FILE] - File property is set to [/tmp/application.log]
17:00:42,395 |-INFO in ch.qos.logback.classic.joran.action.RootLoggerAction - Setting level of ROOT logger to WARN
17:00:42,395 |-INFO in ch.qos.logback.core.joran.action.AppenderRefAction - Attaching appender named [STDOUT] to Logger[ROOT]
17:00:42,397 |-INFO in ch.qos.logback.core.joran.action.AppenderRefAction - Attaching appender named [FILE] to Logger[ROOT]
17:00:42,397 |-INFO in ch.qos.logback.classic.joran.action.ConfigurationAction - End of configuration.
17:00:42,398 |-INFO in ch.qos.logback.classic.joran.JoranConfigurator@79698539 - Registering current configuration as safe fallback point

Ama winner
Ama winner
2019-06-10T17:00:43.761+0000: 1.822: [Full GC (Metadata GC Threshold) 2019-06-10T17:00:43.761+0000: 1.822: [Tenured: 0K->15241K(341376K), 0.0409334 secs] 114987K->15241K(494976K), [Metaspace: 20734K->20734K(1067008K)], 0.0409997 secs] [Times: user=0.04 sys=0.00, real=0.04 secs] 
17:01:04.937 [Curator-PathChildrenCache-1] WARN  o.a.c.u.ZKPaths  - The version of ZooKeeper being used doesn't support Container nodes. CreateMode.PERSISTENT will be used instead.
2019-06-10T17:01:06.983+0000: 25.044: [GC (Allocation Failure) 2019-06-10T17:01:06.983+0000: 25.044: [DefNew: 118905K->17023K(153600K), 0.0182964 secs] 134147K->32815K(494976K), 0.0183672 secs] [Times: user=0.02 sys=0.00, real=0.02 secs] 
2019-06-10T17:01:09.510+0000: 27.571: [Full GC (Metadata GC Threshold) 2019-06-10T17:01:09.510+0000: 27.571: [Tenured: 15791K->44096K(341376K), 0.0541950 secs] 103981K->44096K(494976K), [Metaspace: 34581K->34581K(1079296K)], 0.0542833 secs] [Times: user=0.04 sys=0.01, real=0.05 secs] 
2019-06-10T17:01:15.030+0000: 33.091: [GC (Allocation Failure) 2019-06-10T17:01:15.030+0000: 33.091: [DefNew: 136576K->90K(153600K), 0.0018997 secs] 180672K->44186K(494976K), 0.0019569 secs] [Times: user=0.00 sys=0.00, real=0.00 secs] 
2019-06-10T17:01:20.529+0000: 38.591: [GC (Allocation Failure) 2019-06-10T17:01:20.529+0000: 38.591: [DefNew: 136666K->123K(153600K), 0.0016885 secs] 180762K->44219K(494976K), 0.0017496 secs] [Times: user=0.00 sys=0.00, real=0.00 secs] 
2019-06-10T17:01:25.946+0000: 44.008: [GC (Allocation Failure) 2019-06-10T17:01:25.947+0000: 44.008: [DefNew: 136699K->128K(153600K), 0.0018019 secs] 180795K->44224K(494976K), 0.0018652 secs] [Times: user=0.00 sys=0.00, real=0.01 secs] 
2019-06-10T17:01:31.349+0000: 49.410: [GC (Allocation Failure) 2019-06-10T17:01:31.349+0000: 49.410: [DefNew: 136704K->124K(153600K), 0.0017492 secs] 180800K->44221K(494976K), 0.0018126 secs] [Times: user=0.00 sys=0.00, real=0.00 secs] 
17:01:39.259 [Curator-PathChildrenCache-0] ERROR o.a.c.f.r.c.PathChildrenCache  - 
java.lang.IllegalStateException: instance must be started before calling this method
	at org.apache.curator.shaded.com.google.common.base.Preconditions.checkState(Preconditions.java:444)
	at org.apache.curator.framework.imps.CuratorFrameworkImpl.getChildren(CuratorFrameworkImpl.java:456)
	at org.apache.curator.framework.recipes.cache.PathChildrenCache.refresh(PathChildrenCache.java:521)
	at org.apache.curator.framework.recipes.cache.RefreshOperation.invoke(RefreshOperation.java:35)
	at org.apache.curator.framework.recipes.cache.PathChildrenCache$9.run(PathChildrenCache.java:786)
	at java.util.concurrent.Executors$RunnableAdapter.call(Executors.java:511)
	at java.util.concurrent.FutureTask.run(FutureTask.java:266)
	at java.util.concurrent.Executors$RunnableAdapter.call(Executors.java:511)
	at java.util.concurrent.FutureTask.run(FutureTask.java:266)
	at java.util.concurrent.ThreadPoolExecutor.runWorker(ThreadPoolExecutor.java:1149)
	at java.util.concurrent.ThreadPoolExecutor$Worker.run(ThreadPoolExecutor.java:624)
	at java.lang.Thread.run(Thread.java:748)
Heap
 def new generation   total 153600K, used 68863K [0x00000000e0c00000, 0x00000000eb2a0000, 0x00000000eb2a0000)
  eden space 136576K,  50% used [0x00000000e0c00000, 0x00000000e4f20cd0, 0x00000000e9160000)
  from space 17024K,   0% used [0x00000000ea200000, 0x00000000ea21f318, 0x00000000eb2a0000)
  to   space 17024K,   0% used [0x00000000e9160000, 0x00000000e9160000, 0x00000000ea200000)
 tenured generation   total 341376K, used 44096K [0x00000000eb2a0000, 0x0000000100000000, 0x0000000100000000)
   the space 341376K,  12% used [0x00000000eb2a0000, 0x00000000eddb0190, 0x00000000eddb0200, 0x0000000100000000)
 Metaspace       used 35695K, capacity 36640K, committed 36864K, reserved 1081344K
  class space    used 4825K, capacity 5042K, committed 5120K, reserved 1048576K
