12:34:11,746 |-INFO in ch.qos.logback.classic.LoggerContext[default] - Could NOT find resource [logback-test.xml]
12:34:11,747 |-INFO in ch.qos.logback.classic.LoggerContext[default] - Could NOT find resource [logback.groovy]
12:34:11,747 |-INFO in ch.qos.logback.classic.LoggerContext[default] - Found resource [logback.xml] at [jar:file:/home/nikitasokolov/flamestream/lib/flamestream-runtime-1.0-SNAPSHOT.jar!/logback.xml]
12:34:11,747 |-WARN in ch.qos.logback.classic.LoggerContext[default] - Resource [logback.xml] occurs multiple times on the classpath.
12:34:11,748 |-WARN in ch.qos.logback.classic.LoggerContext[default] - Resource [logback.xml] occurs at [jar:file:/home/nikitasokolov/flamestream/lib/flamestream-runtime-1.0-SNAPSHOT.jar!/logback.xml]
12:34:11,748 |-WARN in ch.qos.logback.classic.LoggerContext[default] - Resource [logback.xml] occurs at [jar:file:/home/nikitasokolov/flamestream/flamestream-runtime-1.0-SNAPSHOT.jar!/logback.xml]
12:34:11,763 |-INFO in ch.qos.logback.core.joran.spi.ConfigurationWatchList@2f7a2457 - URL [jar:file:/home/nikitasokolov/flamestream/lib/flamestream-runtime-1.0-SNAPSHOT.jar!/logback.xml] is not of type file
12:34:11,814 |-INFO in ch.qos.logback.classic.joran.action.ConfigurationAction - debug attribute not set
12:34:11,815 |-INFO in ch.qos.logback.core.joran.action.AppenderAction - About to instantiate appender of type [ch.qos.logback.core.ConsoleAppender]
12:34:11,822 |-INFO in ch.qos.logback.core.joran.action.AppenderAction - Naming appender as [STDOUT]
12:34:11,829 |-INFO in ch.qos.logback.core.joran.action.NestedComplexPropertyIA - Assuming default type [ch.qos.logback.classic.encoder.PatternLayoutEncoder] for [encoder] property
12:34:11,885 |-INFO in ch.qos.logback.core.joran.action.AppenderAction - About to instantiate appender of type [ch.qos.logback.core.rolling.RollingFileAppender]
12:34:11,890 |-INFO in ch.qos.logback.core.joran.action.AppenderAction - Naming appender as [FILE]
12:34:11,911 |-INFO in c.q.l.core.rolling.TimeBasedRollingPolicy@1449621165 - No compression will be used
12:34:11,912 |-INFO in c.q.l.core.rolling.TimeBasedRollingPolicy@1449621165 - Will use the pattern /tmp/application_%d{yyyy-MM-dd}.%i.log for the active file
12:34:11,915 |-INFO in ch.qos.logback.core.rolling.SizeAndTimeBasedFNATP@6108b2d7 - The date pattern is 'yyyy-MM-dd' from file name pattern '/tmp/application_%d{yyyy-MM-dd}.%i.log'.
12:34:11,915 |-INFO in ch.qos.logback.core.rolling.SizeAndTimeBasedFNATP@6108b2d7 - Roll-over at midnight.
12:34:11,919 |-INFO in ch.qos.logback.core.rolling.SizeAndTimeBasedFNATP@6108b2d7 - Setting initial period to Tue May 28 12:31:05 MSK 2019
12:34:11,919 |-WARN in ch.qos.logback.core.rolling.SizeAndTimeBasedFNATP@6108b2d7 - SizeAndTimeBasedFNATP is deprecated. Use SizeAndTimeBasedRollingPolicy instead
12:34:11,919 |-WARN in ch.qos.logback.core.rolling.SizeAndTimeBasedFNATP@6108b2d7 - For more information see http://logback.qos.ch/manual/appenders.html#SizeAndTimeBasedRollingPolicy
12:34:11,923 |-INFO in ch.qos.logback.core.joran.action.NestedComplexPropertyIA - Assuming default type [ch.qos.logback.classic.encoder.PatternLayoutEncoder] for [encoder] property
12:34:11,926 |-INFO in ch.qos.logback.core.rolling.RollingFileAppender[FILE] - Active log file name: /tmp/application.log
12:34:11,926 |-INFO in ch.qos.logback.core.rolling.RollingFileAppender[FILE] - File property is set to [/tmp/application.log]
12:34:11,927 |-INFO in ch.qos.logback.classic.joran.action.RootLoggerAction - Setting level of ROOT logger to WARN
12:34:11,927 |-INFO in ch.qos.logback.core.joran.action.AppenderRefAction - Attaching appender named [STDOUT] to Logger[ROOT]
12:34:11,927 |-INFO in ch.qos.logback.core.joran.action.AppenderRefAction - Attaching appender named [FILE] to Logger[ROOT]
12:34:11,927 |-INFO in ch.qos.logback.classic.joran.action.ConfigurationAction - End of configuration.
12:34:11,928 |-INFO in ch.qos.logback.classic.joran.JoranConfigurator@1554909b - Registering current configuration as safe fallback point

2019-05-28T12:34:12.931+0300: 1.367: [GC (Metadata GC Threshold) [PSYoungGen: 95240K->15818K(149504K)] 95240K->15898K(491008K), 0.0197844 secs] [Times: user=0.09 sys=0.03, real=0.02 secs] 
2019-05-28T12:34:12.951+0300: 1.387: [Full GC (Metadata GC Threshold) [PSYoungGen: 15818K->0K(149504K)] [ParOldGen: 80K->14983K(341504K)] 15898K->14983K(491008K), [Metaspace: 20807K->20807K(1067008K)], 0.0263740 secs] [Times: user=0.16 sys=0.00, real=0.03 secs] 
12:34:22.753 [Curator-PathChildrenCache-2] WARN  o.a.c.u.ZKPaths  - The version of ZooKeeper being used doesn't support Container nodes. CreateMode.PERSISTENT will be used instead.
2019-05-28T12:34:23.402+0300: 11.838: [GC (Allocation Failure) [PSYoungGen: 128512K->16748K(149504K)] 143495K->51271K(491008K), 0.0269733 secs] [Times: user=0.22 sys=0.02, real=0.03 secs] 
2019-05-28T12:34:23.482+0300: 11.918: [GC (Metadata GC Threshold) [PSYoungGen: 29150K->6274K(149504K)] 63673K->40805K(491008K), 0.0042754 secs] [Times: user=0.03 sys=0.01, real=0.01 secs] 
2019-05-28T12:34:23.486+0300: 11.923: [Full GC (Metadata GC Threshold) [PSYoungGen: 6274K->0K(149504K)] [ParOldGen: 34531K->29868K(341504K)] 40805K->29868K(491008K), [Metaspace: 34463K->34460K(1079296K)], 0.0391787 secs] [Times: user=0.26 sys=0.00, real=0.04 secs] 
12:34:30.038 [Curator-PathChildrenCache-0] ERROR o.a.c.f.r.c.PathChildrenCache  - 
java.lang.IllegalStateException: instance must be started before calling this method
	at org.apache.curator.shaded.com.google.common.base.Preconditions.checkState(Preconditions.java:444)
	at org.apache.curator.framework.imps.CuratorFrameworkImpl.getChildren(CuratorFrameworkImpl.java:456)
	at org.apache.curator.framework.recipes.cache.PathChildrenCache.refresh(PathChildrenCache.java:521)
	at org.apache.curator.framework.recipes.cache.RefreshOperation.invoke(RefreshOperation.java:35)
	at org.apache.curator.framework.recipes.cache.PathChildrenCache$9.run(PathChildrenCache.java:786)
	at java.util.concurrent.Executors$RunnableAdapter.call(Executors.java:511)
	at java.util.concurrent.FutureTask.run(FutureTask.java:266)
	at java.util.concurrent.Executors$RunnableAdapter.call(Executors.java:511)
	at java.util.concurrent.FutureTask.run(FutureTask.java:266)
	at java.util.concurrent.ThreadPoolExecutor.runWorker(ThreadPoolExecutor.java:1149)
	at java.util.concurrent.ThreadPoolExecutor$Worker.run(ThreadPoolExecutor.java:624)
	at java.lang.Thread.run(Thread.java:748)
Heap
 PSYoungGen      total 149504K, used 108368K [0x00000000f5980000, 0x0000000100000000, 0x0000000100000000)
  eden space 128512K, 84% used [0x00000000f5980000,0x00000000fc3540f8,0x00000000fd700000)
  from space 20992K, 0% used [0x00000000fd700000,0x00000000fd700000,0x00000000feb80000)
  to   space 20992K, 0% used [0x00000000feb80000,0x00000000feb80000,0x0000000100000000)
 ParOldGen       total 341504K, used 29868K [0x00000000e0c00000, 0x00000000f5980000, 0x00000000f5980000)
  object space 341504K, 8% used [0x00000000e0c00000,0x00000000e292b240,0x00000000f5980000)
 Metaspace       used 35936K, capacity 36920K, committed 37208K, reserved 1081344K
  class space    used 4978K, capacity 5200K, committed 5248K, reserved 1048576K
