22:35:59,655 |-INFO in ch.qos.logback.classic.LoggerContext[default] - Could NOT find resource [logback-test.xml]
22:35:59,655 |-INFO in ch.qos.logback.classic.LoggerContext[default] - Could NOT find resource [logback.groovy]
22:35:59,655 |-INFO in ch.qos.logback.classic.LoggerContext[default] - Found resource [logback.xml] at [jar:file:/home/nikitasokolov/flamestream/lib/flamestream-runtime-1.0-SNAPSHOT.jar!/logback.xml]
22:35:59,656 |-WARN in ch.qos.logback.classic.LoggerContext[default] - Resource [logback.xml] occurs multiple times on the classpath.
22:35:59,656 |-WARN in ch.qos.logback.classic.LoggerContext[default] - Resource [logback.xml] occurs at [jar:file:/home/nikitasokolov/flamestream/lib/flamestream-runtime-1.0-SNAPSHOT.jar!/logback.xml]
22:35:59,656 |-WARN in ch.qos.logback.classic.LoggerContext[default] - Resource [logback.xml] occurs at [jar:file:/home/nikitasokolov/flamestream/flamestream-runtime-1.0-SNAPSHOT.jar!/logback.xml]
22:35:59,672 |-INFO in ch.qos.logback.core.joran.spi.ConfigurationWatchList@6108b2d7 - URL [jar:file:/home/nikitasokolov/flamestream/lib/flamestream-runtime-1.0-SNAPSHOT.jar!/logback.xml] is not of type file
22:35:59,722 |-INFO in ch.qos.logback.classic.joran.action.ConfigurationAction - debug attribute not set
22:35:59,722 |-INFO in ch.qos.logback.core.joran.action.AppenderAction - About to instantiate appender of type [ch.qos.logback.core.ConsoleAppender]
22:35:59,733 |-INFO in ch.qos.logback.core.joran.action.AppenderAction - Naming appender as [STDOUT]
22:35:59,741 |-INFO in ch.qos.logback.core.joran.action.NestedComplexPropertyIA - Assuming default type [ch.qos.logback.classic.encoder.PatternLayoutEncoder] for [encoder] property
22:35:59,796 |-INFO in ch.qos.logback.core.joran.action.AppenderAction - About to instantiate appender of type [ch.qos.logback.core.rolling.RollingFileAppender]
22:35:59,801 |-INFO in ch.qos.logback.core.joran.action.AppenderAction - Naming appender as [FILE]
22:35:59,822 |-INFO in c.q.l.core.rolling.TimeBasedRollingPolicy@357863579 - No compression will be used
22:35:59,823 |-INFO in c.q.l.core.rolling.TimeBasedRollingPolicy@357863579 - Will use the pattern /tmp/application_%d{yyyy-MM-dd}.%i.log for the active file
22:35:59,826 |-INFO in ch.qos.logback.core.rolling.SizeAndTimeBasedFNATP@6bf256fa - The date pattern is 'yyyy-MM-dd' from file name pattern '/tmp/application_%d{yyyy-MM-dd}.%i.log'.
22:35:59,826 |-INFO in ch.qos.logback.core.rolling.SizeAndTimeBasedFNATP@6bf256fa - Roll-over at midnight.
22:35:59,830 |-INFO in ch.qos.logback.core.rolling.SizeAndTimeBasedFNATP@6bf256fa - Setting initial period to Sun Jun 09 22:35:19 MSK 2019
22:35:59,830 |-WARN in ch.qos.logback.core.rolling.SizeAndTimeBasedFNATP@6bf256fa - SizeAndTimeBasedFNATP is deprecated. Use SizeAndTimeBasedRollingPolicy instead
22:35:59,830 |-WARN in ch.qos.logback.core.rolling.SizeAndTimeBasedFNATP@6bf256fa - For more information see http://logback.qos.ch/manual/appenders.html#SizeAndTimeBasedRollingPolicy
22:35:59,835 |-INFO in ch.qos.logback.core.joran.action.NestedComplexPropertyIA - Assuming default type [ch.qos.logback.classic.encoder.PatternLayoutEncoder] for [encoder] property
22:35:59,837 |-INFO in ch.qos.logback.core.rolling.RollingFileAppender[FILE] - Active log file name: /tmp/application.log
22:35:59,837 |-INFO in ch.qos.logback.core.rolling.RollingFileAppender[FILE] - File property is set to [/tmp/application.log]
22:35:59,838 |-INFO in ch.qos.logback.classic.joran.action.RootLoggerAction - Setting level of ROOT logger to WARN
22:35:59,838 |-INFO in ch.qos.logback.core.joran.action.AppenderRefAction - Attaching appender named [STDOUT] to Logger[ROOT]
22:35:59,838 |-INFO in ch.qos.logback.core.joran.action.AppenderRefAction - Attaching appender named [FILE] to Logger[ROOT]
22:35:59,839 |-INFO in ch.qos.logback.classic.joran.action.ConfigurationAction - End of configuration.
22:35:59,839 |-INFO in ch.qos.logback.classic.joran.JoranConfigurator@6cd8737 - Registering current configuration as safe fallback point

2019-06-09T22:36:00.839+0300: 1.387: [GC (Metadata GC Threshold) [PSYoungGen: 110722K->15978K(149504K)] 110722K->16058K(491008K), 0.0284859 secs] [Times: user=0.05 sys=0.08, real=0.02 secs] 
2019-06-09T22:36:00.868+0300: 1.416: [Full GC (Metadata GC Threshold) [PSYoungGen: 15978K->0K(149504K)] [ParOldGen: 80K->15078K(341504K)] 16058K->15078K(491008K), [Metaspace: 20800K->20800K(1067008K)], 0.0244247 secs] [Times: user=0.14 sys=0.02, real=0.03 secs] 
22:36:11.315 [Curator-PathChildrenCache-1] WARN  o.a.c.u.ZKPaths  - The version of ZooKeeper being used doesn't support Container nodes. CreateMode.PERSISTENT will be used instead.
2019-06-09T22:36:18.098+0300: 18.646: [GC (Allocation Failure) [PSYoungGen: 128512K->20991K(149504K)] 143590K->49583K(491008K), 0.0226612 secs] [Times: user=0.23 sys=0.04, real=0.02 secs] 
2019-06-09T22:36:20.922+0300: 21.470: [GC (Metadata GC Threshold) [PSYoungGen: 33951K->20991K(149504K)] 62543K->49687K(491008K), 0.0138173 secs] [Times: user=0.15 sys=0.00, real=0.01 secs] 
2019-06-09T22:36:20.936+0300: 21.484: [Full GC (Metadata GC Threshold) [PSYoungGen: 20991K->0K(149504K)] [ParOldGen: 28695K->38637K(341504K)] 49687K->38637K(491008K), [Metaspace: 34571K->34571K(1079296K)], 0.0417035 secs] [Times: user=0.15 sys=0.05, real=0.05 secs] 
22:37:39.656 [Curator-PathChildrenCache-0] ERROR o.a.c.f.r.c.PathChildrenCache  - 
java.lang.IllegalStateException: instance must be started before calling this method
	at org.apache.curator.shaded.com.google.common.base.Preconditions.checkState(Preconditions.java:444)
	at org.apache.curator.framework.imps.CuratorFrameworkImpl.getChildren(CuratorFrameworkImpl.java:456)
	at org.apache.curator.framework.recipes.cache.PathChildrenCache.refresh(PathChildrenCache.java:521)
	at org.apache.curator.framework.recipes.cache.RefreshOperation.invoke(RefreshOperation.java:35)
	at org.apache.curator.framework.recipes.cache.PathChildrenCache$9.run(PathChildrenCache.java:786)
	at java.util.concurrent.Executors$RunnableAdapter.call(Executors.java:511)
	at java.util.concurrent.FutureTask.run(FutureTask.java:266)
	at java.util.concurrent.Executors$RunnableAdapter.call(Executors.java:511)
	at java.util.concurrent.FutureTask.run(FutureTask.java:266)
	at java.util.concurrent.ThreadPoolExecutor.runWorker(ThreadPoolExecutor.java:1149)
	at java.util.concurrent.ThreadPoolExecutor$Worker.run(ThreadPoolExecutor.java:624)
	at java.lang.Thread.run(Thread.java:748)
Heap
 PSYoungGen      total 149504K, used 114182K [0x00000000f5980000, 0x0000000100000000, 0x0000000100000000)
  eden space 128512K, 88% used [0x00000000f5980000,0x00000000fc901968,0x00000000fd700000)
  from space 20992K, 0% used [0x00000000fd700000,0x00000000fd700000,0x00000000feb80000)
  to   space 20992K, 0% used [0x00000000feb80000,0x00000000feb80000,0x0000000100000000)
 ParOldGen       total 341504K, used 38637K [0x00000000e0c00000, 0x00000000f5980000, 0x00000000f5980000)
  object space 341504K, 11% used [0x00000000e0c00000,0x00000000e31bb770,0x00000000f5980000)
 Metaspace       used 35986K, capacity 36824K, committed 37208K, reserved 1081344K
  class space    used 4977K, capacity 5160K, committed 5248K, reserved 1048576K
