07:49:46,361 |-INFO in ch.qos.logback.classic.LoggerContext[default] - Could NOT find resource [logback-test.xml]
07:49:46,361 |-INFO in ch.qos.logback.classic.LoggerContext[default] - Could NOT find resource [logback.groovy]
07:49:46,361 |-INFO in ch.qos.logback.classic.LoggerContext[default] - Found resource [logback.xml] at [jar:file:/root/flamestream/lib/flamestream-runtime-1.0-SNAPSHOT.jar!/logback.xml]
07:49:46,362 |-WARN in ch.qos.logback.classic.LoggerContext[default] - Resource [logback.xml] occurs multiple times on the classpath.
07:49:46,367 |-WARN in ch.qos.logback.classic.LoggerContext[default] - Resource [logback.xml] occurs at [jar:file:/root/flamestream/lib/flamestream-runtime-1.0-SNAPSHOT.jar!/logback.xml]
07:49:46,367 |-WARN in ch.qos.logback.classic.LoggerContext[default] - Resource [logback.xml] occurs at [jar:file:/root/flamestream/flamestream-runtime-1.0-SNAPSHOT.jar!/logback.xml]
07:49:46,386 |-INFO in ch.qos.logback.core.joran.spi.ConfigurationWatchList@3fb6a447 - URL [jar:file:/root/flamestream/lib/flamestream-runtime-1.0-SNAPSHOT.jar!/logback.xml] is not of type file
07:49:46,452 |-INFO in ch.qos.logback.classic.joran.action.ConfigurationAction - debug attribute not set
07:49:46,453 |-INFO in ch.qos.logback.core.joran.action.AppenderAction - About to instantiate appender of type [ch.qos.logback.core.ConsoleAppender]
07:49:46,469 |-INFO in ch.qos.logback.core.joran.action.AppenderAction - Naming appender as [STDOUT]
07:49:46,483 |-INFO in ch.qos.logback.core.joran.action.NestedComplexPropertyIA - Assuming default type [ch.qos.logback.classic.encoder.PatternLayoutEncoder] for [encoder] property
07:49:46,588 |-INFO in ch.qos.logback.core.joran.action.AppenderAction - About to instantiate appender of type [ch.qos.logback.core.rolling.RollingFileAppender]
07:49:46,591 |-INFO in ch.qos.logback.core.joran.action.AppenderAction - Naming appender as [FILE]
07:49:46,625 |-INFO in c.q.l.core.rolling.TimeBasedRollingPolicy@127618319 - No compression will be used
07:49:46,626 |-INFO in c.q.l.core.rolling.TimeBasedRollingPolicy@127618319 - Will use the pattern /tmp/application_%d{yyyy-MM-dd}.%i.log for the active file
07:49:46,629 |-INFO in ch.qos.logback.core.rolling.SizeAndTimeBasedFNATP@6b2fad11 - The date pattern is 'yyyy-MM-dd' from file name pattern '/tmp/application_%d{yyyy-MM-dd}.%i.log'.
07:49:46,629 |-INFO in ch.qos.logback.core.rolling.SizeAndTimeBasedFNATP@6b2fad11 - Roll-over at midnight.
07:49:46,634 |-INFO in ch.qos.logback.core.rolling.SizeAndTimeBasedFNATP@6b2fad11 - Setting initial period to Tue Jun 11 07:48:21 UTC 2019
07:49:46,634 |-WARN in ch.qos.logback.core.rolling.SizeAndTimeBasedFNATP@6b2fad11 - SizeAndTimeBasedFNATP is deprecated. Use SizeAndTimeBasedRollingPolicy instead
07:49:46,634 |-WARN in ch.qos.logback.core.rolling.SizeAndTimeBasedFNATP@6b2fad11 - For more information see http://logback.qos.ch/manual/appenders.html#SizeAndTimeBasedRollingPolicy
07:49:46,638 |-INFO in ch.qos.logback.core.joran.action.NestedComplexPropertyIA - Assuming default type [ch.qos.logback.classic.encoder.PatternLayoutEncoder] for [encoder] property
07:49:46,643 |-INFO in ch.qos.logback.core.rolling.RollingFileAppender[FILE] - Active log file name: /tmp/application.log
07:49:46,643 |-INFO in ch.qos.logback.core.rolling.RollingFileAppender[FILE] - File property is set to [/tmp/application.log]
07:49:46,644 |-INFO in ch.qos.logback.classic.joran.action.RootLoggerAction - Setting level of ROOT logger to WARN
07:49:46,644 |-INFO in ch.qos.logback.core.joran.action.AppenderRefAction - Attaching appender named [STDOUT] to Logger[ROOT]
07:49:46,646 |-INFO in ch.qos.logback.core.joran.action.AppenderRefAction - Attaching appender named [FILE] to Logger[ROOT]
07:49:46,646 |-INFO in ch.qos.logback.classic.joran.action.ConfigurationAction - End of configuration.
07:49:46,647 |-INFO in ch.qos.logback.classic.joran.JoranConfigurator@79698539 - Registering current configuration as safe fallback point

Ama winner
Ama winner
2019-06-11T07:49:47.951+0000: 1.774: [Full GC (Metadata GC Threshold) 2019-06-11T07:49:47.951+0000: 1.774: [Tenured: 0K->15240K(341376K), 0.0398578 secs] 114923K->15240K(494976K), [Metaspace: 20725K->20725K(1067008K)], 0.0399243 secs] [Times: user=0.04 sys=0.01, real=0.04 secs] 
07:50:05.560 [Curator-PathChildrenCache-1] WARN  o.a.c.u.ZKPaths  - The version of ZooKeeper being used doesn't support Container nodes. CreateMode.PERSISTENT will be used instead.
2019-06-11T07:50:07.624+0000: 21.447: [GC (Allocation Failure) 2019-06-11T07:50:07.624+0000: 21.447: [DefNew: 136576K->17024K(153600K), 0.0297086 secs] 151816K->52743K(494976K), 0.0297914 secs] [Times: user=0.03 sys=0.00, real=0.03 secs] 
2019-06-11T07:50:10.617+0000: 24.440: [GC (Allocation Failure) 2019-06-11T07:50:10.617+0000: 24.440: [DefNew: 153600K->253K(153600K), 0.0142059 secs] 189319K->44267K(494976K), 0.0142695 secs] [Times: user=0.01 sys=0.00, real=0.02 secs] 
2019-06-11T07:50:11.145+0000: 24.968: [Full GC (Metadata GC Threshold) 2019-06-11T07:50:11.145+0000: 24.968: [Tenured: 44013K->44246K(341376K), 0.0463155 secs] 84306K->44246K(494976K), [Metaspace: 34613K->34613K(1079296K)], 0.0463938 secs] [Times: user=0.05 sys=0.00, real=0.05 secs] 
2019-06-11T07:50:13.251+0000: 27.074: [GC (Allocation Failure) 2019-06-11T07:50:13.251+0000: 27.074: [DefNew: 136576K->46K(153600K), 0.0015840 secs] 180822K->44293K(494976K), 0.0016384 secs] [Times: user=0.01 sys=0.00, real=0.00 secs] 
2019-06-11T07:50:15.380+0000: 29.203: [GC (Allocation Failure) 2019-06-11T07:50:15.380+0000: 29.203: [DefNew: 136622K->51K(153600K), 0.0015673 secs] 180869K->44298K(494976K), 0.0016324 secs] [Times: user=0.00 sys=0.00, real=0.00 secs] 
07:50:23.211 [Curator-PathChildrenCache-0] ERROR o.a.c.f.r.c.PathChildrenCache  - 
java.lang.IllegalStateException: instance must be started before calling this method
	at org.apache.curator.shaded.com.google.common.base.Preconditions.checkState(Preconditions.java:444)
	at org.apache.curator.framework.imps.CuratorFrameworkImpl.getChildren(CuratorFrameworkImpl.java:456)
	at org.apache.curator.framework.recipes.cache.PathChildrenCache.refresh(PathChildrenCache.java:521)
	at org.apache.curator.framework.recipes.cache.RefreshOperation.invoke(RefreshOperation.java:35)
	at org.apache.curator.framework.recipes.cache.PathChildrenCache$9.run(PathChildrenCache.java:786)
	at java.util.concurrent.Executors$RunnableAdapter.call(Executors.java:511)
	at java.util.concurrent.FutureTask.run(FutureTask.java:266)
	at java.util.concurrent.Executors$RunnableAdapter.call(Executors.java:511)
	at java.util.concurrent.FutureTask.run(FutureTask.java:266)
	at java.util.concurrent.ThreadPoolExecutor.runWorker(ThreadPoolExecutor.java:1149)
	at java.util.concurrent.ThreadPoolExecutor$Worker.run(ThreadPoolExecutor.java:624)
	at java.lang.Thread.run(Thread.java:748)
Heap
 def new generation   total 153600K, used 122739K [0x00000000e0c00000, 0x00000000eb2a0000, 0x00000000eb2a0000)
  eden space 136576K,  89% used [0x00000000e0c00000, 0x00000000e83cfee8, 0x00000000e9160000)
  from space 17024K,   0% used [0x00000000e9160000, 0x00000000e916cff0, 0x00000000ea200000)
  to   space 17024K,   0% used [0x00000000ea200000, 0x00000000ea200000, 0x00000000eb2a0000)
 tenured generation   total 341376K, used 44246K [0x00000000eb2a0000, 0x0000000100000000, 0x0000000100000000)
   the space 341376K,  12% used [0x00000000eb2a0000, 0x00000000eddd58b0, 0x00000000eddd5a00, 0x0000000100000000)
 Metaspace       used 35569K, capacity 36506K, committed 36864K, reserved 1081344K
  class space    used 4826K, capacity 5041K, committed 5120K, reserved 1048576K
