13:41:45,947 |-INFO in ch.qos.logback.classic.LoggerContext[default] - Could NOT find resource [logback-test.xml]
13:41:45,947 |-INFO in ch.qos.logback.classic.LoggerContext[default] - Could NOT find resource [logback.groovy]
13:41:45,947 |-INFO in ch.qos.logback.classic.LoggerContext[default] - Found resource [logback.xml] at [jar:file:/home/nikitasokolov/flamestream/lib/flamestream-runtime-1.0-SNAPSHOT.jar!/logback.xml]
13:41:45,948 |-WARN in ch.qos.logback.classic.LoggerContext[default] - Resource [logback.xml] occurs multiple times on the classpath.
13:41:45,948 |-WARN in ch.qos.logback.classic.LoggerContext[default] - Resource [logback.xml] occurs at [jar:file:/home/nikitasokolov/flamestream/lib/flamestream-runtime-1.0-SNAPSHOT.jar!/logback.xml]
13:41:45,948 |-WARN in ch.qos.logback.classic.LoggerContext[default] - Resource [logback.xml] occurs at [jar:file:/home/nikitasokolov/flamestream/flamestream-runtime-1.0-SNAPSHOT.jar!/logback.xml]
13:41:45,964 |-INFO in ch.qos.logback.core.joran.spi.ConfigurationWatchList@6108b2d7 - URL [jar:file:/home/nikitasokolov/flamestream/lib/flamestream-runtime-1.0-SNAPSHOT.jar!/logback.xml] is not of type file
13:41:46,016 |-INFO in ch.qos.logback.classic.joran.action.ConfigurationAction - debug attribute not set
13:41:46,016 |-INFO in ch.qos.logback.core.joran.action.AppenderAction - About to instantiate appender of type [ch.qos.logback.core.ConsoleAppender]
13:41:46,024 |-INFO in ch.qos.logback.core.joran.action.AppenderAction - Naming appender as [STDOUT]
13:41:46,033 |-INFO in ch.qos.logback.core.joran.action.NestedComplexPropertyIA - Assuming default type [ch.qos.logback.classic.encoder.PatternLayoutEncoder] for [encoder] property
13:41:46,091 |-INFO in ch.qos.logback.core.joran.action.AppenderAction - About to instantiate appender of type [ch.qos.logback.core.rolling.RollingFileAppender]
13:41:46,096 |-INFO in ch.qos.logback.core.joran.action.AppenderAction - Naming appender as [FILE]
13:41:46,118 |-INFO in c.q.l.core.rolling.TimeBasedRollingPolicy@357863579 - No compression will be used
13:41:46,119 |-INFO in c.q.l.core.rolling.TimeBasedRollingPolicy@357863579 - Will use the pattern /tmp/application_%d{yyyy-MM-dd}.%i.log for the active file
13:41:46,122 |-INFO in ch.qos.logback.core.rolling.SizeAndTimeBasedFNATP@6bf256fa - The date pattern is 'yyyy-MM-dd' from file name pattern '/tmp/application_%d{yyyy-MM-dd}.%i.log'.
13:41:46,122 |-INFO in ch.qos.logback.core.rolling.SizeAndTimeBasedFNATP@6bf256fa - Roll-over at midnight.
13:41:46,126 |-INFO in ch.qos.logback.core.rolling.SizeAndTimeBasedFNATP@6bf256fa - Setting initial period to Mon Jun 10 13:40:49 MSK 2019
13:41:46,126 |-WARN in ch.qos.logback.core.rolling.SizeAndTimeBasedFNATP@6bf256fa - SizeAndTimeBasedFNATP is deprecated. Use SizeAndTimeBasedRollingPolicy instead
13:41:46,126 |-WARN in ch.qos.logback.core.rolling.SizeAndTimeBasedFNATP@6bf256fa - For more information see http://logback.qos.ch/manual/appenders.html#SizeAndTimeBasedRollingPolicy
13:41:46,131 |-INFO in ch.qos.logback.core.joran.action.NestedComplexPropertyIA - Assuming default type [ch.qos.logback.classic.encoder.PatternLayoutEncoder] for [encoder] property
13:41:46,134 |-INFO in ch.qos.logback.core.rolling.RollingFileAppender[FILE] - Active log file name: /tmp/application.log
13:41:46,134 |-INFO in ch.qos.logback.core.rolling.RollingFileAppender[FILE] - File property is set to [/tmp/application.log]
13:41:46,135 |-INFO in ch.qos.logback.classic.joran.action.RootLoggerAction - Setting level of ROOT logger to WARN
13:41:46,135 |-INFO in ch.qos.logback.core.joran.action.AppenderRefAction - Attaching appender named [STDOUT] to Logger[ROOT]
13:41:46,135 |-INFO in ch.qos.logback.core.joran.action.AppenderRefAction - Attaching appender named [FILE] to Logger[ROOT]
13:41:46,135 |-INFO in ch.qos.logback.classic.joran.action.ConfigurationAction - End of configuration.
13:41:46,136 |-INFO in ch.qos.logback.classic.joran.JoranConfigurator@6cd8737 - Registering current configuration as safe fallback point

2019-06-10T13:41:47.118+0300: 1.382: [GC (Metadata GC Threshold) [PSYoungGen: 110722K->15869K(149504K)] 110722K->15949K(491008K), 0.0202702 secs] [Times: user=0.07 sys=0.03, real=0.02 secs] 
2019-06-10T13:41:47.138+0300: 1.403: [Full GC (Metadata GC Threshold) [PSYoungGen: 15869K->0K(149504K)] [ParOldGen: 80K->15078K(341504K)] 15949K->15078K(491008K), [Metaspace: 20803K->20803K(1067008K)], 0.0297369 secs] [Times: user=0.19 sys=0.01, real=0.02 secs] 
13:41:58.944 [Curator-PathChildrenCache-1] WARN  o.a.c.u.ZKPaths  - The version of ZooKeeper being used doesn't support Container nodes. CreateMode.PERSISTENT will be used instead.
2019-06-10T13:41:59.878+0300: 14.143: [GC (Metadata GC Threshold) [PSYoungGen: 123454K->16482K(149504K)] 138532K->51099K(491008K), 0.0239478 secs] [Times: user=0.18 sys=0.02, real=0.02 secs] 
2019-06-10T13:41:59.902+0300: 14.167: [Full GC (Metadata GC Threshold) [PSYoungGen: 16482K->0K(149504K)] [ParOldGen: 34617K->39579K(341504K)] 51099K->39579K(491008K), [Metaspace: 34479K->34479K(1079296K)], 0.0333169 secs] [Times: user=0.19 sys=0.00, real=0.03 secs] 
2019-06-10T13:42:38.293+0300: 52.558: [GC (Allocation Failure) [PSYoungGen: 128512K->576K(149504K)] 168091K->40163K(491008K), 0.0063470 secs] [Times: user=0.05 sys=0.00, real=0.01 secs] 
13:43:12.157 [Curator-PathChildrenCache-0] ERROR o.a.c.f.r.c.PathChildrenCache  - 
java.lang.IllegalStateException: instance must be started before calling this method
	at org.apache.curator.shaded.com.google.common.base.Preconditions.checkState(Preconditions.java:444)
	at org.apache.curator.framework.imps.CuratorFrameworkImpl.getChildren(CuratorFrameworkImpl.java:456)
	at org.apache.curator.framework.recipes.cache.PathChildrenCache.refresh(PathChildrenCache.java:521)
	at org.apache.curator.framework.recipes.cache.RefreshOperation.invoke(RefreshOperation.java:35)
	at org.apache.curator.framework.recipes.cache.PathChildrenCache$9.run(PathChildrenCache.java:786)
	at java.util.concurrent.Executors$RunnableAdapter.call(Executors.java:511)
	at java.util.concurrent.FutureTask.run(FutureTask.java:266)
	at java.util.concurrent.Executors$RunnableAdapter.call(Executors.java:511)
	at java.util.concurrent.FutureTask.run(FutureTask.java:266)
	at java.util.concurrent.ThreadPoolExecutor.runWorker(ThreadPoolExecutor.java:1149)
	at java.util.concurrent.ThreadPoolExecutor$Worker.run(ThreadPoolExecutor.java:624)
	at java.lang.Thread.run(Thread.java:748)
Heap
 PSYoungGen      total 149504K, used 81531K [0x00000000f5980000, 0x0000000100000000, 0x0000000100000000)
  eden space 128512K, 62% used [0x00000000f5980000,0x00000000fa88ec58,0x00000000fd700000)
  from space 20992K, 2% used [0x00000000fd700000,0x00000000fd790040,0x00000000feb80000)
  to   space 20992K, 0% used [0x00000000feb80000,0x00000000feb80000,0x0000000100000000)
 ParOldGen       total 341504K, used 39587K [0x00000000e0c00000, 0x00000000f5980000, 0x00000000f5980000)
  object space 341504K, 11% used [0x00000000e0c00000,0x00000000e32a8d18,0x00000000f5980000)
 Metaspace       used 36050K, capacity 36942K, committed 37208K, reserved 1081344K
  class space    used 4978K, capacity 5167K, committed 5248K, reserved 1048576K
