15:06:34,349 |-INFO in ch.qos.logback.classic.LoggerContext[default] - Could NOT find resource [logback-test.xml]
15:06:34,349 |-INFO in ch.qos.logback.classic.LoggerContext[default] - Could NOT find resource [logback.groovy]
15:06:34,350 |-INFO in ch.qos.logback.classic.LoggerContext[default] - Found resource [logback.xml] at [jar:file:/root/flamestream/lib/flamestream-runtime-1.0-SNAPSHOT.jar!/logback.xml]
15:06:34,350 |-WARN in ch.qos.logback.classic.LoggerContext[default] - Resource [logback.xml] occurs multiple times on the classpath.
15:06:34,351 |-WARN in ch.qos.logback.classic.LoggerContext[default] - Resource [logback.xml] occurs at [jar:file:/root/flamestream/lib/flamestream-runtime-1.0-SNAPSHOT.jar!/logback.xml]
15:06:34,351 |-WARN in ch.qos.logback.classic.LoggerContext[default] - Resource [logback.xml] occurs at [jar:file:/root/flamestream/flamestream-runtime-1.0-SNAPSHOT.jar!/logback.xml]
15:06:34,370 |-INFO in ch.qos.logback.core.joran.spi.ConfigurationWatchList@3fb6a447 - URL [jar:file:/root/flamestream/lib/flamestream-runtime-1.0-SNAPSHOT.jar!/logback.xml] is not of type file
15:06:34,444 |-INFO in ch.qos.logback.classic.joran.action.ConfigurationAction - debug attribute not set
15:06:34,444 |-INFO in ch.qos.logback.core.joran.action.AppenderAction - About to instantiate appender of type [ch.qos.logback.core.ConsoleAppender]
15:06:34,462 |-INFO in ch.qos.logback.core.joran.action.AppenderAction - Naming appender as [STDOUT]
15:06:34,480 |-INFO in ch.qos.logback.core.joran.action.NestedComplexPropertyIA - Assuming default type [ch.qos.logback.classic.encoder.PatternLayoutEncoder] for [encoder] property
15:06:34,561 |-INFO in ch.qos.logback.core.joran.action.AppenderAction - About to instantiate appender of type [ch.qos.logback.core.rolling.RollingFileAppender]
15:06:34,566 |-INFO in ch.qos.logback.core.joran.action.AppenderAction - Naming appender as [FILE]
15:06:34,598 |-INFO in c.q.l.core.rolling.TimeBasedRollingPolicy@127618319 - No compression will be used
15:06:34,599 |-INFO in c.q.l.core.rolling.TimeBasedRollingPolicy@127618319 - Will use the pattern /tmp/application_%d{yyyy-MM-dd}.%i.log for the active file
15:06:34,602 |-INFO in ch.qos.logback.core.rolling.SizeAndTimeBasedFNATP@6b2fad11 - The date pattern is 'yyyy-MM-dd' from file name pattern '/tmp/application_%d{yyyy-MM-dd}.%i.log'.
15:06:34,603 |-INFO in ch.qos.logback.core.rolling.SizeAndTimeBasedFNATP@6b2fad11 - Roll-over at midnight.
15:06:34,608 |-INFO in ch.qos.logback.core.rolling.SizeAndTimeBasedFNATP@6b2fad11 - Setting initial period to Mon Jun 10 15:05:23 UTC 2019
15:06:34,608 |-WARN in ch.qos.logback.core.rolling.SizeAndTimeBasedFNATP@6b2fad11 - SizeAndTimeBasedFNATP is deprecated. Use SizeAndTimeBasedRollingPolicy instead
15:06:34,608 |-WARN in ch.qos.logback.core.rolling.SizeAndTimeBasedFNATP@6b2fad11 - For more information see http://logback.qos.ch/manual/appenders.html#SizeAndTimeBasedRollingPolicy
15:06:34,612 |-INFO in ch.qos.logback.core.joran.action.NestedComplexPropertyIA - Assuming default type [ch.qos.logback.classic.encoder.PatternLayoutEncoder] for [encoder] property
15:06:34,617 |-INFO in ch.qos.logback.core.rolling.RollingFileAppender[FILE] - Active log file name: /tmp/application.log
15:06:34,617 |-INFO in ch.qos.logback.core.rolling.RollingFileAppender[FILE] - File property is set to [/tmp/application.log]
15:06:34,618 |-INFO in ch.qos.logback.classic.joran.action.RootLoggerAction - Setting level of ROOT logger to WARN
15:06:34,618 |-INFO in ch.qos.logback.core.joran.action.AppenderRefAction - Attaching appender named [STDOUT] to Logger[ROOT]
15:06:34,620 |-INFO in ch.qos.logback.core.joran.action.AppenderRefAction - Attaching appender named [FILE] to Logger[ROOT]
15:06:34,620 |-INFO in ch.qos.logback.classic.joran.action.ConfigurationAction - End of configuration.
15:06:34,621 |-INFO in ch.qos.logback.classic.joran.JoranConfigurator@79698539 - Registering current configuration as safe fallback point

Ama winner
Ama winner
2019-06-10T15:06:36.243+0000: 2.085: [Full GC (Metadata GC Threshold) 2019-06-10T15:06:36.243+0000: 2.085: [Tenured: 0K->15241K(341376K), 0.0412269 secs] 117654K->15241K(494976K), [Metaspace: 20741K->20741K(1067008K)], 0.0413007 secs] [Times: user=0.04 sys=0.00, real=0.04 secs] 
15:06:53.296 [Curator-PathChildrenCache-1] WARN  o.a.c.u.ZKPaths  - The version of ZooKeeper being used doesn't support Container nodes. CreateMode.PERSISTENT will be used instead.
2019-06-10T15:06:55.678+0000: 21.520: [GC (Allocation Failure) 2019-06-10T15:06:55.678+0000: 21.520: [DefNew: 136576K->17023K(153600K), 0.0261484 secs] 151817K->52897K(494976K), 0.0262217 secs] [Times: user=0.02 sys=0.01, real=0.02 secs] 
2019-06-10T15:06:57.326+0000: 23.168: [Full GC (Metadata GC Threshold) 2019-06-10T15:06:57.326+0000: 23.168: [Tenured: 35873K->44857K(341376K), 0.0535579 secs] 94439K->44857K(494976K), [Metaspace: 34592K->34592K(1079296K)], 0.0536272 secs] [Times: user=0.05 sys=0.00, real=0.05 secs] 
2019-06-10T15:07:02.234+0000: 28.075: [GC (Allocation Failure) 2019-06-10T15:07:02.234+0000: 28.075: [DefNew: 136576K->116K(153600K), 0.0019334 secs] 181433K->44973K(494976K), 0.0019897 secs] [Times: user=0.00 sys=0.00, real=0.00 secs] 
2019-06-10T15:07:07.349+0000: 33.192: [GC (Allocation Failure) 2019-06-10T15:07:07.351+0000: 33.192: [DefNew: 136692K->127K(153600K), 0.0018840 secs] 181549K->44984K(494976K), 0.0034450 secs] [Times: user=0.00 sys=0.00, real=0.00 secs] 
2019-06-10T15:07:12.514+0000: 38.355: [GC (Allocation Failure) 2019-06-10T15:07:12.514+0000: 38.355: [DefNew: 136703K->130K(153600K), 0.0017736 secs] 181560K->44987K(494976K), 0.0018508 secs] [Times: user=0.00 sys=0.00, real=0.00 secs] 
2019-06-10T15:07:20.974+0000: 46.816: [GC (Allocation Failure) 2019-06-10T15:07:20.974+0000: 46.816: [DefNew: 136706K->111K(153600K), 0.0018494 secs] 181563K->44968K(494976K), 0.0019127 secs] [Times: user=0.01 sys=0.00, real=0.00 secs] 
15:07:24.255 [Curator-PathChildrenCache-0] ERROR o.a.c.f.r.c.PathChildrenCache  - 
java.lang.IllegalStateException: instance must be started before calling this method
	at org.apache.curator.shaded.com.google.common.base.Preconditions.checkState(Preconditions.java:444)
	at org.apache.curator.framework.imps.CuratorFrameworkImpl.getChildren(CuratorFrameworkImpl.java:456)
	at org.apache.curator.framework.recipes.cache.PathChildrenCache.refresh(PathChildrenCache.java:521)
	at org.apache.curator.framework.recipes.cache.RefreshOperation.invoke(RefreshOperation.java:35)
	at org.apache.curator.framework.recipes.cache.PathChildrenCache$9.run(PathChildrenCache.java:786)
	at java.util.concurrent.Executors$RunnableAdapter.call(Executors.java:511)
	at java.util.concurrent.FutureTask.run(FutureTask.java:266)
	at java.util.concurrent.Executors$RunnableAdapter.call(Executors.java:511)
	at java.util.concurrent.FutureTask.run(FutureTask.java:266)
	at java.util.concurrent.ThreadPoolExecutor.runWorker(ThreadPoolExecutor.java:1149)
	at java.util.concurrent.ThreadPoolExecutor$Worker.run(ThreadPoolExecutor.java:624)
	at java.lang.Thread.run(Thread.java:748)
Heap
 def new generation   total 153600K, used 41760K [0x00000000e0c00000, 0x00000000eb2a0000, 0x00000000eb2a0000)
  eden space 136576K,  30% used [0x00000000e0c00000, 0x00000000e34ac2e0, 0x00000000e9160000)
  from space 17024K,   0% used [0x00000000ea200000, 0x00000000ea21be38, 0x00000000eb2a0000)
  to   space 17024K,   0% used [0x00000000e9160000, 0x00000000e9160000, 0x00000000ea200000)
 tenured generation   total 341376K, used 44857K [0x00000000eb2a0000, 0x0000000100000000, 0x0000000100000000)
   the space 341376K,  13% used [0x00000000eb2a0000, 0x00000000ede6e598, 0x00000000ede6e600, 0x0000000100000000)
 Metaspace       used 35964K, capacity 36882K, committed 37120K, reserved 1081344K
  class space    used 4815K, capacity 5013K, committed 5120K, reserved 1048576K
