07:17:28,295 |-INFO in ch.qos.logback.classic.LoggerContext[default] - Could NOT find resource [logback-test.xml]
07:17:28,295 |-INFO in ch.qos.logback.classic.LoggerContext[default] - Could NOT find resource [logback.groovy]
07:17:28,296 |-INFO in ch.qos.logback.classic.LoggerContext[default] - Found resource [logback.xml] at [jar:file:/root/flamestream/lib/flamestream-runtime-1.0-SNAPSHOT.jar!/logback.xml]
07:17:28,297 |-WARN in ch.qos.logback.classic.LoggerContext[default] - Resource [logback.xml] occurs multiple times on the classpath.
07:17:28,297 |-WARN in ch.qos.logback.classic.LoggerContext[default] - Resource [logback.xml] occurs at [jar:file:/root/flamestream/lib/flamestream-runtime-1.0-SNAPSHOT.jar!/logback.xml]
07:17:28,297 |-WARN in ch.qos.logback.classic.LoggerContext[default] - Resource [logback.xml] occurs at [jar:file:/root/flamestream/flamestream-runtime-1.0-SNAPSHOT.jar!/logback.xml]
07:17:28,316 |-INFO in ch.qos.logback.core.joran.spi.ConfigurationWatchList@3fb6a447 - URL [jar:file:/root/flamestream/lib/flamestream-runtime-1.0-SNAPSHOT.jar!/logback.xml] is not of type file
07:17:28,385 |-INFO in ch.qos.logback.classic.joran.action.ConfigurationAction - debug attribute not set
07:17:28,385 |-INFO in ch.qos.logback.core.joran.action.AppenderAction - About to instantiate appender of type [ch.qos.logback.core.ConsoleAppender]
07:17:28,407 |-INFO in ch.qos.logback.core.joran.action.AppenderAction - Naming appender as [STDOUT]
07:17:28,421 |-INFO in ch.qos.logback.core.joran.action.NestedComplexPropertyIA - Assuming default type [ch.qos.logback.classic.encoder.PatternLayoutEncoder] for [encoder] property
07:17:28,507 |-INFO in ch.qos.logback.core.joran.action.AppenderAction - About to instantiate appender of type [ch.qos.logback.core.rolling.RollingFileAppender]
07:17:28,515 |-INFO in ch.qos.logback.core.joran.action.AppenderAction - Naming appender as [FILE]
07:17:28,544 |-INFO in c.q.l.core.rolling.TimeBasedRollingPolicy@127618319 - No compression will be used
07:17:28,545 |-INFO in c.q.l.core.rolling.TimeBasedRollingPolicy@127618319 - Will use the pattern /tmp/application_%d{yyyy-MM-dd}.%i.log for the active file
07:17:28,548 |-INFO in ch.qos.logback.core.rolling.SizeAndTimeBasedFNATP@6b2fad11 - The date pattern is 'yyyy-MM-dd' from file name pattern '/tmp/application_%d{yyyy-MM-dd}.%i.log'.
07:17:28,548 |-INFO in ch.qos.logback.core.rolling.SizeAndTimeBasedFNATP@6b2fad11 - Roll-over at midnight.
07:17:28,553 |-INFO in ch.qos.logback.core.rolling.SizeAndTimeBasedFNATP@6b2fad11 - Setting initial period to Tue Jun 11 07:15:58 UTC 2019
07:17:28,553 |-WARN in ch.qos.logback.core.rolling.SizeAndTimeBasedFNATP@6b2fad11 - SizeAndTimeBasedFNATP is deprecated. Use SizeAndTimeBasedRollingPolicy instead
07:17:28,554 |-WARN in ch.qos.logback.core.rolling.SizeAndTimeBasedFNATP@6b2fad11 - For more information see http://logback.qos.ch/manual/appenders.html#SizeAndTimeBasedRollingPolicy
07:17:28,558 |-INFO in ch.qos.logback.core.joran.action.NestedComplexPropertyIA - Assuming default type [ch.qos.logback.classic.encoder.PatternLayoutEncoder] for [encoder] property
07:17:28,562 |-INFO in ch.qos.logback.core.rolling.RollingFileAppender[FILE] - Active log file name: /tmp/application.log
07:17:28,562 |-INFO in ch.qos.logback.core.rolling.RollingFileAppender[FILE] - File property is set to [/tmp/application.log]
07:17:28,564 |-INFO in ch.qos.logback.classic.joran.action.RootLoggerAction - Setting level of ROOT logger to WARN
07:17:28,564 |-INFO in ch.qos.logback.core.joran.action.AppenderRefAction - Attaching appender named [STDOUT] to Logger[ROOT]
07:17:28,565 |-INFO in ch.qos.logback.core.joran.action.AppenderRefAction - Attaching appender named [FILE] to Logger[ROOT]
07:17:28,566 |-INFO in ch.qos.logback.classic.joran.action.ConfigurationAction - End of configuration.
07:17:28,566 |-INFO in ch.qos.logback.classic.joran.JoranConfigurator@79698539 - Registering current configuration as safe fallback point

Ama winner
Ama winner
2019-06-11T07:17:29.872+0000: 1.762: [Full GC (Metadata GC Threshold) 2019-06-11T07:17:29.872+0000: 1.762: [Tenured: 0K->15145K(341376K), 0.0399728 secs] 114988K->15145K(494976K), [Metaspace: 20735K->20735K(1067008K)], 0.0400402 secs] [Times: user=0.03 sys=0.00, real=0.04 secs] 
07:17:57.970 [Curator-PathChildrenCache-2] WARN  o.a.c.u.ZKPaths  - The version of ZooKeeper being used doesn't support Container nodes. CreateMode.PERSISTENT will be used instead.
2019-06-11T07:18:11.330+0000: 43.220: [GC (Allocation Failure) 2019-06-11T07:18:11.330+0000: 43.220: [DefNew: 136576K->16153K(153600K), 0.0174924 secs] 151721K->31298K(494976K), 0.0175602 secs] [Times: user=0.01 sys=0.00, real=0.02 secs] 
2019-06-11T07:18:15.955+0000: 47.845: [Full GC (Metadata GC Threshold) 2019-06-11T07:18:15.955+0000: 47.845: [Tenured: 15145K->43056K(341376K), 0.0502266 secs] 100831K->43056K(494976K), [Metaspace: 34632K->34632K(1079296K)], 0.0503053 secs] [Times: user=0.04 sys=0.01, real=0.04 secs] 
2019-06-11T07:18:26.328+0000: 58.219: [GC (Allocation Failure) 2019-06-11T07:18:26.328+0000: 58.219: [DefNew: 136576K->53K(153600K), 0.0017625 secs] 179632K->43110K(494976K), 0.0018204 secs] [Times: user=0.00 sys=0.00, real=0.00 secs] 
2019-06-11T07:18:36.765+0000: 68.655: [GC (Allocation Failure) 2019-06-11T07:18:36.765+0000: 68.655: [DefNew: 136629K->364K(153600K), 0.0020700 secs] 179686K->43420K(494976K), 0.0021318 secs] [Times: user=0.00 sys=0.00, real=0.01 secs] 
2019-06-11T07:18:47.772+0000: 79.662: [GC (Allocation Failure) 2019-06-11T07:18:47.772+0000: 79.663: [DefNew: 136940K->122K(153600K), 0.0018633 secs] 179996K->43178K(494976K), 0.0019252 secs] [Times: user=0.00 sys=0.00, real=0.00 secs] 
07:19:15.572 [Curator-PathChildrenCache-0] ERROR o.a.c.f.r.c.PathChildrenCache  - 
java.lang.IllegalStateException: instance must be started before calling this method
	at org.apache.curator.shaded.com.google.common.base.Preconditions.checkState(Preconditions.java:444)
	at org.apache.curator.framework.imps.CuratorFrameworkImpl.getChildren(CuratorFrameworkImpl.java:456)
	at org.apache.curator.framework.recipes.cache.PathChildrenCache.refresh(PathChildrenCache.java:521)
	at org.apache.curator.framework.recipes.cache.RefreshOperation.invoke(RefreshOperation.java:35)
	at org.apache.curator.framework.recipes.cache.PathChildrenCache$9.run(PathChildrenCache.java:786)
	at java.util.concurrent.Executors$RunnableAdapter.call(Executors.java:511)
	at java.util.concurrent.FutureTask.run(FutureTask.java:266)
	at java.util.concurrent.Executors$RunnableAdapter.call(Executors.java:511)
	at java.util.concurrent.FutureTask.run(FutureTask.java:266)
	at java.util.concurrent.ThreadPoolExecutor.runWorker(ThreadPoolExecutor.java:1149)
	at java.util.concurrent.ThreadPoolExecutor$Worker.run(ThreadPoolExecutor.java:624)
	at java.lang.Thread.run(Thread.java:748)
Heap
 def new generation   total 153600K, used 97337K [0x00000000e0c00000, 0x00000000eb2a0000, 0x00000000eb2a0000)
  eden space 136576K,  71% used [0x00000000e0c00000, 0x00000000e6aefda0, 0x00000000e9160000)
  from space 17024K,   0% used [0x00000000e9160000, 0x00000000e917e828, 0x00000000ea200000)
  to   space 17024K,   0% used [0x00000000ea200000, 0x00000000ea200000, 0x00000000eb2a0000)
 tenured generation   total 341376K, used 43056K [0x00000000eb2a0000, 0x0000000100000000, 0x0000000100000000)
   the space 341376K,  12% used [0x00000000eb2a0000, 0x00000000edcac368, 0x00000000edcac400, 0x0000000100000000)
 Metaspace       used 36072K, capacity 36942K, committed 37120K, reserved 1081344K
  class space    used 4868K, capacity 5075K, committed 5120K, reserved 1048576K
