15:02:30,939 |-INFO in ch.qos.logback.classic.LoggerContext[default] - Could NOT find resource [logback-test.xml]
15:02:30,939 |-INFO in ch.qos.logback.classic.LoggerContext[default] - Could NOT find resource [logback.groovy]
15:02:30,941 |-INFO in ch.qos.logback.classic.LoggerContext[default] - Found resource [logback.xml] at [jar:file:/root/flamestream/lib/flamestream-runtime-1.0-SNAPSHOT.jar!/logback.xml]
15:02:30,942 |-WARN in ch.qos.logback.classic.LoggerContext[default] - Resource [logback.xml] occurs multiple times on the classpath.
15:02:30,942 |-WARN in ch.qos.logback.classic.LoggerContext[default] - Resource [logback.xml] occurs at [jar:file:/root/flamestream/lib/flamestream-runtime-1.0-SNAPSHOT.jar!/logback.xml]
15:02:30,942 |-WARN in ch.qos.logback.classic.LoggerContext[default] - Resource [logback.xml] occurs at [jar:file:/root/flamestream/flamestream-runtime-1.0-SNAPSHOT.jar!/logback.xml]
15:02:30,962 |-INFO in ch.qos.logback.core.joran.spi.ConfigurationWatchList@3fb6a447 - URL [jar:file:/root/flamestream/lib/flamestream-runtime-1.0-SNAPSHOT.jar!/logback.xml] is not of type file
15:02:31,029 |-INFO in ch.qos.logback.classic.joran.action.ConfigurationAction - debug attribute not set
15:02:31,030 |-INFO in ch.qos.logback.core.joran.action.AppenderAction - About to instantiate appender of type [ch.qos.logback.core.ConsoleAppender]
15:02:31,046 |-INFO in ch.qos.logback.core.joran.action.AppenderAction - Naming appender as [STDOUT]
15:02:31,066 |-INFO in ch.qos.logback.core.joran.action.NestedComplexPropertyIA - Assuming default type [ch.qos.logback.classic.encoder.PatternLayoutEncoder] for [encoder] property
15:02:31,161 |-INFO in ch.qos.logback.core.joran.action.AppenderAction - About to instantiate appender of type [ch.qos.logback.core.rolling.RollingFileAppender]
15:02:31,166 |-INFO in ch.qos.logback.core.joran.action.AppenderAction - Naming appender as [FILE]
15:02:31,202 |-INFO in c.q.l.core.rolling.TimeBasedRollingPolicy@127618319 - No compression will be used
15:02:31,203 |-INFO in c.q.l.core.rolling.TimeBasedRollingPolicy@127618319 - Will use the pattern /tmp/application_%d{yyyy-MM-dd}.%i.log for the active file
15:02:31,206 |-INFO in ch.qos.logback.core.rolling.SizeAndTimeBasedFNATP@6b2fad11 - The date pattern is 'yyyy-MM-dd' from file name pattern '/tmp/application_%d{yyyy-MM-dd}.%i.log'.
15:02:31,206 |-INFO in ch.qos.logback.core.rolling.SizeAndTimeBasedFNATP@6b2fad11 - Roll-over at midnight.
15:02:31,211 |-INFO in ch.qos.logback.core.rolling.SizeAndTimeBasedFNATP@6b2fad11 - Setting initial period to Mon Jun 10 15:01:16 UTC 2019
15:02:31,211 |-WARN in ch.qos.logback.core.rolling.SizeAndTimeBasedFNATP@6b2fad11 - SizeAndTimeBasedFNATP is deprecated. Use SizeAndTimeBasedRollingPolicy instead
15:02:31,211 |-WARN in ch.qos.logback.core.rolling.SizeAndTimeBasedFNATP@6b2fad11 - For more information see http://logback.qos.ch/manual/appenders.html#SizeAndTimeBasedRollingPolicy
15:02:31,215 |-INFO in ch.qos.logback.core.joran.action.NestedComplexPropertyIA - Assuming default type [ch.qos.logback.classic.encoder.PatternLayoutEncoder] for [encoder] property
15:02:31,220 |-INFO in ch.qos.logback.core.rolling.RollingFileAppender[FILE] - Active log file name: /tmp/application.log
15:02:31,220 |-INFO in ch.qos.logback.core.rolling.RollingFileAppender[FILE] - File property is set to [/tmp/application.log]
15:02:31,221 |-INFO in ch.qos.logback.classic.joran.action.RootLoggerAction - Setting level of ROOT logger to WARN
15:02:31,221 |-INFO in ch.qos.logback.core.joran.action.AppenderRefAction - Attaching appender named [STDOUT] to Logger[ROOT]
15:02:31,223 |-INFO in ch.qos.logback.core.joran.action.AppenderRefAction - Attaching appender named [FILE] to Logger[ROOT]
15:02:31,223 |-INFO in ch.qos.logback.classic.joran.action.ConfigurationAction - End of configuration.
15:02:31,223 |-INFO in ch.qos.logback.classic.joran.JoranConfigurator@79698539 - Registering current configuration as safe fallback point

Ama winner
Ama winner
2019-06-10T15:02:32.512+0000: 1.750: [Full GC (Metadata GC Threshold) 2019-06-10T15:02:32.512+0000: 1.750: [Tenured: 0K->15209K(341376K), 0.0393685 secs] 109494K->15209K(494976K), [Metaspace: 20739K->20739K(1067008K)], 0.0394355 secs] [Times: user=0.04 sys=0.01, real=0.04 secs] 
15:02:49.784 [Curator-PathChildrenCache-1] WARN  o.a.c.u.ZKPaths  - The version of ZooKeeper being used doesn't support Container nodes. CreateMode.PERSISTENT will be used instead.
2019-06-10T15:02:52.294+0000: 21.532: [GC (Allocation Failure) 2019-06-10T15:02:52.294+0000: 21.532: [DefNew: 117637K->17023K(153600K), 0.0243584 secs] 132846K->32742K(494976K), 0.0244342 secs] [Times: user=0.02 sys=0.01, real=0.03 secs] 
2019-06-10T15:02:53.166+0000: 22.404: [Full GC (Metadata GC Threshold) 2019-06-10T15:02:53.166+0000: 22.404: [Tenured: 15718K->44046K(341376K), 0.0710913 secs] 77309K->44046K(494976K), [Metaspace: 34588K->34588K(1079296K)], 0.0711663 secs] [Times: user=0.05 sys=0.02, real=0.08 secs] 
2019-06-10T15:02:56.414+0000: 25.652: [GC (Allocation Failure) 2019-06-10T15:02:56.414+0000: 25.652: [DefNew: 136576K->110K(153600K), 0.0020159 secs] 180622K->44156K(494976K), 0.0020744 secs] [Times: user=0.00 sys=0.00, real=0.01 secs] 
2019-06-10T15:02:59.757+0000: 28.995: [GC (Allocation Failure) 2019-06-10T15:02:59.757+0000: 28.995: [DefNew: 136686K->121K(153600K), 0.0017198 secs] 180732K->44167K(494976K), 0.0017754 secs] [Times: user=0.00 sys=0.00, real=0.00 secs] 
2019-06-10T15:03:03.144+0000: 32.383: [GC (Allocation Failure) 2019-06-10T15:03:03.144+0000: 32.383: [DefNew: 136697K->159K(153600K), 0.0018427 secs] 180743K->44205K(494976K), 0.0019048 secs] [Times: user=0.00 sys=0.00, real=0.00 secs] 
15:03:13.590 [Curator-PathChildrenCache-0] ERROR o.a.c.f.r.c.PathChildrenCache  - 
java.lang.IllegalStateException: instance must be started before calling this method
	at org.apache.curator.shaded.com.google.common.base.Preconditions.checkState(Preconditions.java:444)
	at org.apache.curator.framework.imps.CuratorFrameworkImpl.getChildren(CuratorFrameworkImpl.java:456)
	at org.apache.curator.framework.recipes.cache.PathChildrenCache.refresh(PathChildrenCache.java:521)
	at org.apache.curator.framework.recipes.cache.RefreshOperation.invoke(RefreshOperation.java:35)
	at org.apache.curator.framework.recipes.cache.PathChildrenCache$9.run(PathChildrenCache.java:786)
	at java.util.concurrent.Executors$RunnableAdapter.call(Executors.java:511)
	at java.util.concurrent.FutureTask.run(FutureTask.java:266)
	at java.util.concurrent.Executors$RunnableAdapter.call(Executors.java:511)
	at java.util.concurrent.FutureTask.run(FutureTask.java:266)
	at java.util.concurrent.ThreadPoolExecutor.runWorker(ThreadPoolExecutor.java:1149)
	at java.util.concurrent.ThreadPoolExecutor$Worker.run(ThreadPoolExecutor.java:624)
	at java.lang.Thread.run(Thread.java:748)
2019-06-10T15:03:13.626+0000: 42.864: [GC (Allocation Failure) 2019-06-10T15:03:13.626+0000: 42.864: [DefNew: 136735K->938K(153600K), 0.0033428 secs] 180781K->44984K(494976K), 0.0034019 secs] [Times: user=0.00 sys=0.00, real=0.01 secs] 
Heap
 def new generation   total 153600K, used 15326K [0x00000000e0c00000, 0x00000000eb2a0000, 0x00000000eb2a0000)
  eden space 136576K,  10% used [0x00000000e0c00000, 0x00000000e1a0d108, 0x00000000e9160000)
  from space 17024K,   5% used [0x00000000ea200000, 0x00000000ea2ea8e8, 0x00000000eb2a0000)
  to   space 17024K,   0% used [0x00000000e9160000, 0x00000000e9160000, 0x00000000ea200000)
 tenured generation   total 341376K, used 44046K [0x00000000eb2a0000, 0x0000000100000000, 0x0000000100000000)
   the space 341376K,  12% used [0x00000000eb2a0000, 0x00000000edda39b8, 0x00000000edda3a00, 0x0000000100000000)
 Metaspace       used 35855K, capacity 36710K, committed 36864K, reserved 1081344K
  class space    used 4823K, capacity 5043K, committed 5120K, reserved 1048576K
