22:39:18,159 |-INFO in ch.qos.logback.classic.LoggerContext[default] - Could NOT find resource [logback-test.xml]
22:39:18,159 |-INFO in ch.qos.logback.classic.LoggerContext[default] - Could NOT find resource [logback.groovy]
22:39:18,160 |-INFO in ch.qos.logback.classic.LoggerContext[default] - Found resource [logback.xml] at [jar:file:/home/nikitasokolov/flamestream/lib/flamestream-runtime-1.0-SNAPSHOT.jar!/logback.xml]
22:39:18,160 |-WARN in ch.qos.logback.classic.LoggerContext[default] - Resource [logback.xml] occurs multiple times on the classpath.
22:39:18,160 |-WARN in ch.qos.logback.classic.LoggerContext[default] - Resource [logback.xml] occurs at [jar:file:/home/nikitasokolov/flamestream/lib/flamestream-runtime-1.0-SNAPSHOT.jar!/logback.xml]
22:39:18,160 |-WARN in ch.qos.logback.classic.LoggerContext[default] - Resource [logback.xml] occurs at [jar:file:/home/nikitasokolov/flamestream/flamestream-runtime-1.0-SNAPSHOT.jar!/logback.xml]
22:39:18,177 |-INFO in ch.qos.logback.core.joran.spi.ConfigurationWatchList@6108b2d7 - URL [jar:file:/home/nikitasokolov/flamestream/lib/flamestream-runtime-1.0-SNAPSHOT.jar!/logback.xml] is not of type file
22:39:18,229 |-INFO in ch.qos.logback.classic.joran.action.ConfigurationAction - debug attribute not set
22:39:18,229 |-INFO in ch.qos.logback.core.joran.action.AppenderAction - About to instantiate appender of type [ch.qos.logback.core.ConsoleAppender]
22:39:18,237 |-INFO in ch.qos.logback.core.joran.action.AppenderAction - Naming appender as [STDOUT]
22:39:18,245 |-INFO in ch.qos.logback.core.joran.action.NestedComplexPropertyIA - Assuming default type [ch.qos.logback.classic.encoder.PatternLayoutEncoder] for [encoder] property
22:39:18,304 |-INFO in ch.qos.logback.core.joran.action.AppenderAction - About to instantiate appender of type [ch.qos.logback.core.rolling.RollingFileAppender]
22:39:18,309 |-INFO in ch.qos.logback.core.joran.action.AppenderAction - Naming appender as [FILE]
22:39:18,330 |-INFO in c.q.l.core.rolling.TimeBasedRollingPolicy@357863579 - No compression will be used
22:39:18,332 |-INFO in c.q.l.core.rolling.TimeBasedRollingPolicy@357863579 - Will use the pattern /tmp/application_%d{yyyy-MM-dd}.%i.log for the active file
22:39:18,334 |-INFO in ch.qos.logback.core.rolling.SizeAndTimeBasedFNATP@6bf256fa - The date pattern is 'yyyy-MM-dd' from file name pattern '/tmp/application_%d{yyyy-MM-dd}.%i.log'.
22:39:18,334 |-INFO in ch.qos.logback.core.rolling.SizeAndTimeBasedFNATP@6bf256fa - Roll-over at midnight.
22:39:18,338 |-INFO in ch.qos.logback.core.rolling.SizeAndTimeBasedFNATP@6bf256fa - Setting initial period to Sat Jun 08 22:38:33 MSK 2019
22:39:18,338 |-WARN in ch.qos.logback.core.rolling.SizeAndTimeBasedFNATP@6bf256fa - SizeAndTimeBasedFNATP is deprecated. Use SizeAndTimeBasedRollingPolicy instead
22:39:18,338 |-WARN in ch.qos.logback.core.rolling.SizeAndTimeBasedFNATP@6bf256fa - For more information see http://logback.qos.ch/manual/appenders.html#SizeAndTimeBasedRollingPolicy
22:39:18,343 |-INFO in ch.qos.logback.core.joran.action.NestedComplexPropertyIA - Assuming default type [ch.qos.logback.classic.encoder.PatternLayoutEncoder] for [encoder] property
22:39:18,345 |-INFO in ch.qos.logback.core.rolling.RollingFileAppender[FILE] - Active log file name: /tmp/application.log
22:39:18,345 |-INFO in ch.qos.logback.core.rolling.RollingFileAppender[FILE] - File property is set to [/tmp/application.log]
22:39:18,346 |-INFO in ch.qos.logback.classic.joran.action.RootLoggerAction - Setting level of ROOT logger to WARN
22:39:18,346 |-INFO in ch.qos.logback.core.joran.action.AppenderRefAction - Attaching appender named [STDOUT] to Logger[ROOT]
22:39:18,347 |-INFO in ch.qos.logback.core.joran.action.AppenderRefAction - Attaching appender named [FILE] to Logger[ROOT]
22:39:18,347 |-INFO in ch.qos.logback.classic.joran.action.ConfigurationAction - End of configuration.
22:39:18,347 |-INFO in ch.qos.logback.classic.joran.JoranConfigurator@6cd8737 - Registering current configuration as safe fallback point

2019-06-08T22:39:19.336+0300: 1.379: [GC (Metadata GC Threshold) [PSYoungGen: 108151K->15867K(149504K)] 108151K->15947K(491008K), 0.0205980 secs] [Times: user=0.06 sys=0.01, real=0.02 secs] 
2019-06-08T22:39:19.357+0300: 1.400: [Full GC (Metadata GC Threshold) [PSYoungGen: 15867K->0K(149504K)] [ParOldGen: 80K->14981K(341504K)] 15947K->14981K(491008K), [Metaspace: 20800K->20800K(1067008K)], 0.0275022 secs] [Times: user=0.17 sys=0.01, real=0.03 secs] 
22:39:26.548 [Curator-PathChildrenCache-1] WARN  o.a.c.u.ZKPaths  - The version of ZooKeeper being used doesn't support Container nodes. CreateMode.PERSISTENT will be used instead.
2019-06-08T22:39:27.773+0300: 9.816: [GC (Metadata GC Threshold) [PSYoungGen: 128512K->15895K(149504K)] 143493K->50416K(491008K), 0.0259152 secs] [Times: user=0.20 sys=0.01, real=0.03 secs] 
2019-06-08T22:39:27.799+0300: 9.842: [Full GC (Metadata GC Threshold) [PSYoungGen: 15895K->0K(149504K)] [ParOldGen: 34521K->38758K(341504K)] 50416K->38758K(491008K), [Metaspace: 34551K->34551K(1079296K)], 0.0484910 secs] [Times: user=0.34 sys=0.00, real=0.04 secs] 
2019-06-08T22:39:45.551+0300: 27.594: [GC (Allocation Failure) [PSYoungGen: 128512K->192K(149504K)] 167270K->38958K(491008K), 0.0045688 secs] [Times: user=0.02 sys=0.00, real=0.00 secs] 
2019-06-08T22:40:04.736+0300: 46.779: [GC (Allocation Failure) [PSYoungGen: 128704K->320K(149504K)] 167470K->39094K(491008K), 0.0049039 secs] [Times: user=0.04 sys=0.00, real=0.01 secs] 
2019-06-08T22:40:24.661+0300: 66.704: [GC (Allocation Failure) [PSYoungGen: 128832K->855K(129536K)] 167606K->39638K(471040K), 0.0043586 secs] [Times: user=0.03 sys=0.00, real=0.00 secs] 
22:40:37.305 [Curator-PathChildrenCache-0] ERROR o.a.c.f.r.c.PathChildrenCache  - 
java.lang.IllegalStateException: instance must be started before calling this method
	at org.apache.curator.shaded.com.google.common.base.Preconditions.checkState(Preconditions.java:444)
	at org.apache.curator.framework.imps.CuratorFrameworkImpl.getChildren(CuratorFrameworkImpl.java:456)
	at org.apache.curator.framework.recipes.cache.PathChildrenCache.refresh(PathChildrenCache.java:521)
	at org.apache.curator.framework.recipes.cache.RefreshOperation.invoke(RefreshOperation.java:35)
	at org.apache.curator.framework.recipes.cache.PathChildrenCache$9.run(PathChildrenCache.java:786)
	at java.util.concurrent.Executors$RunnableAdapter.call(Executors.java:511)
	at java.util.concurrent.FutureTask.run(FutureTask.java:266)
	at java.util.concurrent.Executors$RunnableAdapter.call(Executors.java:511)
	at java.util.concurrent.FutureTask.run(FutureTask.java:266)
	at java.util.concurrent.ThreadPoolExecutor.runWorker(ThreadPoolExecutor.java:1149)
	at java.util.concurrent.ThreadPoolExecutor$Worker.run(ThreadPoolExecutor.java:624)
	at java.lang.Thread.run(Thread.java:748)
Heap
 PSYoungGen      total 129536K, used 29296K [0x00000000f5980000, 0x0000000100000000, 0x0000000100000000)
  eden space 128512K, 22% used [0x00000000f5980000,0x00000000f7546608,0x00000000fd700000)
  from space 1024K, 83% used [0x00000000fd700000,0x00000000fd7d5cf0,0x00000000fd800000)
  to   space 21504K, 0% used [0x00000000feb00000,0x00000000feb00000,0x0000000100000000)
 ParOldGen       total 341504K, used 38782K [0x00000000e0c00000, 0x00000000f5980000, 0x00000000f5980000)
  object space 341504K, 11% used [0x00000000e0c00000,0x00000000e31dfb50,0x00000000f5980000)
 Metaspace       used 36094K, capacity 36924K, committed 37208K, reserved 1081344K
  class space    used 4967K, capacity 5152K, committed 5248K, reserved 1048576K
