20:15:09,695 |-INFO in ch.qos.logback.classic.LoggerContext[default] - Could NOT find resource [logback-test.xml]
20:15:09,695 |-INFO in ch.qos.logback.classic.LoggerContext[default] - Could NOT find resource [logback.groovy]
20:15:09,695 |-INFO in ch.qos.logback.classic.LoggerContext[default] - Found resource [logback.xml] at [jar:file:/home/nikitasokolov/flamestream/lib/flamestream-runtime-1.0-SNAPSHOT.jar!/logback.xml]
20:15:09,696 |-WARN in ch.qos.logback.classic.LoggerContext[default] - Resource [logback.xml] occurs multiple times on the classpath.
20:15:09,696 |-WARN in ch.qos.logback.classic.LoggerContext[default] - Resource [logback.xml] occurs at [jar:file:/home/nikitasokolov/flamestream/lib/flamestream-runtime-1.0-SNAPSHOT.jar!/logback.xml]
20:15:09,696 |-WARN in ch.qos.logback.classic.LoggerContext[default] - Resource [logback.xml] occurs at [jar:file:/home/nikitasokolov/flamestream/flamestream-runtime-1.0-SNAPSHOT.jar!/logback.xml]
20:15:09,712 |-INFO in ch.qos.logback.core.joran.spi.ConfigurationWatchList@6bf256fa - URL [jar:file:/home/nikitasokolov/flamestream/lib/flamestream-runtime-1.0-SNAPSHOT.jar!/logback.xml] is not of type file
20:15:09,765 |-INFO in ch.qos.logback.classic.joran.action.ConfigurationAction - debug attribute not set
20:15:09,765 |-INFO in ch.qos.logback.core.joran.action.AppenderAction - About to instantiate appender of type [ch.qos.logback.core.ConsoleAppender]
20:15:09,773 |-INFO in ch.qos.logback.core.joran.action.AppenderAction - Naming appender as [STDOUT]
20:15:09,780 |-INFO in ch.qos.logback.core.joran.action.NestedComplexPropertyIA - Assuming default type [ch.qos.logback.classic.encoder.PatternLayoutEncoder] for [encoder] property
20:15:09,841 |-INFO in ch.qos.logback.core.joran.action.AppenderAction - About to instantiate appender of type [ch.qos.logback.core.rolling.RollingFileAppender]
20:15:09,848 |-INFO in ch.qos.logback.core.joran.action.AppenderAction - Naming appender as [FILE]
20:15:09,871 |-INFO in c.q.l.core.rolling.TimeBasedRollingPolicy@114132791 - No compression will be used
20:15:09,872 |-INFO in c.q.l.core.rolling.TimeBasedRollingPolicy@114132791 - Will use the pattern /tmp/application_%d{yyyy-MM-dd}.%i.log for the active file
20:15:09,875 |-INFO in ch.qos.logback.core.rolling.SizeAndTimeBasedFNATP@22f71333 - The date pattern is 'yyyy-MM-dd' from file name pattern '/tmp/application_%d{yyyy-MM-dd}.%i.log'.
20:15:09,875 |-INFO in ch.qos.logback.core.rolling.SizeAndTimeBasedFNATP@22f71333 - Roll-over at midnight.
20:15:09,879 |-INFO in ch.qos.logback.core.rolling.SizeAndTimeBasedFNATP@22f71333 - Setting initial period to Thu Jun 06 22:00:24 MSK 2019
20:15:09,879 |-WARN in ch.qos.logback.core.rolling.SizeAndTimeBasedFNATP@22f71333 - SizeAndTimeBasedFNATP is deprecated. Use SizeAndTimeBasedRollingPolicy instead
20:15:09,879 |-WARN in ch.qos.logback.core.rolling.SizeAndTimeBasedFNATP@22f71333 - For more information see http://logback.qos.ch/manual/appenders.html#SizeAndTimeBasedRollingPolicy
20:15:09,883 |-INFO in ch.qos.logback.core.joran.action.NestedComplexPropertyIA - Assuming default type [ch.qos.logback.classic.encoder.PatternLayoutEncoder] for [encoder] property
20:15:09,885 |-INFO in ch.qos.logback.core.rolling.RollingFileAppender[FILE] - Active log file name: /tmp/application.log
20:15:09,885 |-INFO in ch.qos.logback.core.rolling.RollingFileAppender[FILE] - File property is set to [/tmp/application.log]
20:15:09,886 |-ERROR in ch.qos.logback.core.rolling.RollingFileAppender[FILE] - openFile(/tmp/application.log,true) call failed. java.io.FileNotFoundException: /tmp/application.log (Permission denied)
	at java.io.FileNotFoundException: /tmp/application.log (Permission denied)
	at 	at java.io.FileOutputStream.open0(Native Method)
	at 	at java.io.FileOutputStream.open(FileOutputStream.java:270)
	at 	at java.io.FileOutputStream.<init>(FileOutputStream.java:213)
	at 	at ch.qos.logback.core.recovery.ResilientFileOutputStream.<init>(ResilientFileOutputStream.java:26)
	at 	at ch.qos.logback.core.FileAppender.openFile(FileAppender.java:204)
	at 	at ch.qos.logback.core.FileAppender.start(FileAppender.java:127)
	at 	at ch.qos.logback.core.rolling.RollingFileAppender.start(RollingFileAppender.java:100)
	at 	at ch.qos.logback.core.joran.action.AppenderAction.end(AppenderAction.java:90)
	at 	at ch.qos.logback.core.joran.spi.Interpreter.callEndAction(Interpreter.java:309)
	at 	at ch.qos.logback.core.joran.spi.Interpreter.endElement(Interpreter.java:193)
	at 	at ch.qos.logback.core.joran.spi.Interpreter.endElement(Interpreter.java:179)
	at 	at ch.qos.logback.core.joran.spi.EventPlayer.play(EventPlayer.java:62)
	at 	at ch.qos.logback.core.joran.GenericConfigurator.doConfigure(GenericConfigurator.java:165)
	at 	at ch.qos.logback.core.joran.GenericConfigurator.doConfigure(GenericConfigurator.java:152)
	at 	at ch.qos.logback.core.joran.GenericConfigurator.doConfigure(GenericConfigurator.java:110)
	at 	at ch.qos.logback.core.joran.GenericConfigurator.doConfigure(GenericConfigurator.java:53)
	at 	at ch.qos.logback.classic.util.ContextInitializer.configureByResource(ContextInitializer.java:75)
	at 	at ch.qos.logback.classic.util.ContextInitializer.autoConfig(ContextInitializer.java:150)
	at 	at org.slf4j.impl.StaticLoggerBinder.init(StaticLoggerBinder.java:84)
	at 	at org.slf4j.impl.StaticLoggerBinder.<clinit>(StaticLoggerBinder.java:55)
	at 	at org.slf4j.LoggerFactory.bind(LoggerFactory.java:150)
	at 	at org.slf4j.LoggerFactory.performInitialization(LoggerFactory.java:124)
	at 	at org.slf4j.LoggerFactory.getILoggerFactory(LoggerFactory.java:412)
	at 	at org.slf4j.LoggerFactory.getLogger(LoggerFactory.java:357)
	at 	at org.slf4j.LoggerFactory.getLogger(LoggerFactory.java:383)
	at 	at com.spbsu.flamestream.runtime.WorkerApplication.<init>(WorkerApplication.java:26)
	at 	at com.spbsu.flamestream.runtime.WorkerApplication.main(WorkerApplication.java:68)
20:15:09,887 |-INFO in ch.qos.logback.classic.joran.action.RootLoggerAction - Setting level of ROOT logger to WARN
20:15:09,887 |-INFO in ch.qos.logback.core.joran.action.AppenderRefAction - Attaching appender named [STDOUT] to Logger[ROOT]
20:15:09,887 |-INFO in ch.qos.logback.core.joran.action.AppenderRefAction - Attaching appender named [FILE] to Logger[ROOT]
20:15:09,887 |-INFO in ch.qos.logback.classic.joran.action.ConfigurationAction - End of configuration.
20:15:09,888 |-INFO in ch.qos.logback.classic.joran.JoranConfigurator@3498ed - Registering current configuration as safe fallback point

2019-06-09T20:15:10.917+0300: 1.420: [GC (Metadata GC Threshold) [PSYoungGen: 97865K->15884K(149504K)] 97865K->15964K(491008K), 0.0182277 secs] [Times: user=0.09 sys=0.01, real=0.02 secs] 
2019-06-09T20:15:10.936+0300: 1.438: [Full GC (Metadata GC Threshold) [PSYoungGen: 15884K->0K(149504K)] [ParOldGen: 80K->15081K(341504K)] 15964K->15081K(491008K), [Metaspace: 20804K->20804K(1067008K)], 0.0252557 secs] [Times: user=0.15 sys=0.01, real=0.02 secs] 
20:15:18.165 [Curator-PathChildrenCache-2] WARN  o.a.c.u.ZKPaths  - The version of ZooKeeper being used doesn't support Container nodes. CreateMode.PERSISTENT will be used instead.
2019-06-09T20:15:18.917+0300: 9.419: [GC (Metadata GC Threshold) [PSYoungGen: 128457K->16537K(149504K)] 143538K->51158K(491008K), 0.0254904 secs] [Times: user=0.20 sys=0.02, real=0.03 secs] 
2019-06-09T20:15:18.942+0300: 9.445: [Full GC (Metadata GC Threshold) [PSYoungGen: 16537K->0K(149504K)] [ParOldGen: 34620K->39640K(341504K)] 51158K->39640K(491008K), [Metaspace: 34511K->34509K(1079296K)], 0.0337566 secs] [Times: user=0.17 sys=0.00, real=0.03 secs] 
2019-06-09T20:15:46.484+0300: 36.987: [GC (Allocation Failure) [PSYoungGen: 128512K->448K(149504K)] 168152K->40096K(491008K), 0.0045700 secs] [Times: user=0.03 sys=0.00, real=0.00 secs] 
2019-06-09T20:16:15.568+0300: 66.071: [GC (Allocation Failure) [PSYoungGen: 128960K->791K(149504K)] 168608K->40447K(491008K), 0.0037387 secs] [Times: user=0.02 sys=0.00, real=0.00 secs] 
20:16:47.354 [Curator-PathChildrenCache-0] ERROR o.a.c.f.r.c.PathChildrenCache  - 
java.lang.IllegalStateException: instance must be started before calling this method
	at org.apache.curator.shaded.com.google.common.base.Preconditions.checkState(Preconditions.java:444)
	at org.apache.curator.framework.imps.CuratorFrameworkImpl.getChildren(CuratorFrameworkImpl.java:456)
	at org.apache.curator.framework.recipes.cache.PathChildrenCache.refresh(PathChildrenCache.java:521)
	at org.apache.curator.framework.recipes.cache.RefreshOperation.invoke(RefreshOperation.java:35)
	at org.apache.curator.framework.recipes.cache.PathChildrenCache$9.run(PathChildrenCache.java:786)
	at java.util.concurrent.Executors$RunnableAdapter.call(Executors.java:511)
	at java.util.concurrent.FutureTask.run(FutureTask.java:266)
	at java.util.concurrent.Executors$RunnableAdapter.call(Executors.java:511)
	at java.util.concurrent.FutureTask.run(FutureTask.java:266)
	at java.util.concurrent.ThreadPoolExecutor.runWorker(ThreadPoolExecutor.java:1149)
	at java.util.concurrent.ThreadPoolExecutor$Worker.run(ThreadPoolExecutor.java:624)
	at java.lang.Thread.run(Thread.java:748)
20:16:47.437 [worker-akka.actor.default-dispatcher-10] ERROR c.s.f.r.WorkerApplication  - Something went wrong during trace flush
java.nio.file.AccessDeniedException: /tmp/trace.csv
	at sun.nio.fs.UnixException.translateToIOException(UnixException.java:84)
	at sun.nio.fs.UnixException.rethrowAsIOException(UnixException.java:102)
	at sun.nio.fs.UnixException.rethrowAsIOException(UnixException.java:107)
	at sun.nio.fs.UnixFileSystemProvider.newByteChannel(UnixFileSystemProvider.java:214)
	at java.nio.file.spi.FileSystemProvider.newOutputStream(FileSystemProvider.java:434)
	at java.nio.file.Files.newOutputStream(Files.java:216)
	at java.nio.file.Files.newBufferedWriter(Files.java:2860)
	at java.nio.file.Files.newBufferedWriter(Files.java:2896)
	at com.spbsu.flamestream.runtime.utils.tracing.Tracing.flush(Tracing.java:35)
	at com.spbsu.flamestream.runtime.WorkerApplication.lambda$run$0(WorkerApplication.java:109)
	at akka.actor.ActorSystemImpl$TerminationCallbacks$$anonfun$addRec$1$1.applyOrElse(ActorSystem.scala:1036)
	at akka.actor.ActorSystemImpl$TerminationCallbacks$$anonfun$addRec$1$1.applyOrElse(ActorSystem.scala:1036)
	at scala.concurrent.Future$$anonfun$andThen$1.apply(Future.scala:436)
	at scala.concurrent.Future$$anonfun$andThen$1.apply(Future.scala:435)
	at scala.concurrent.impl.CallbackRunnable.run(Promise.scala:36)
	at akka.dispatch.BatchingExecutor$AbstractBatch.processBatch(BatchingExecutor.scala:55)
	at akka.dispatch.BatchingExecutor$BlockableBatch$$anonfun$run$1.apply$mcV$sp(BatchingExecutor.scala:91)
	at akka.dispatch.BatchingExecutor$BlockableBatch$$anonfun$run$1.apply(BatchingExecutor.scala:91)
	at akka.dispatch.BatchingExecutor$BlockableBatch$$anonfun$run$1.apply(BatchingExecutor.scala:91)
	at scala.concurrent.BlockContext$.withBlockContext(BlockContext.scala:72)
	at akka.dispatch.BatchingExecutor$BlockableBatch.run(BatchingExecutor.scala:90)
	at akka.dispatch.TaskInvocation.run(AbstractDispatcher.scala:40)
	at akka.dispatch.ForkJoinExecutorConfigurator$AkkaForkJoinTask.exec(ForkJoinExecutorConfigurator.scala:44)
	at akka.dispatch.forkjoin.ForkJoinTask.doExec(ForkJoinTask.java:260)
	at akka.dispatch.forkjoin.ForkJoinPool$WorkQueue.runTask(ForkJoinPool.java:1339)
	at akka.dispatch.forkjoin.ForkJoinPool.runWorker(ForkJoinPool.java:1979)
	at akka.dispatch.forkjoin.ForkJoinWorkerThread.run(ForkJoinWorkerThread.java:107)
Heap
 PSYoungGen      total 149504K, used 92222K [0x00000000f5980000, 0x0000000100000000, 0x0000000100000000)
  eden space 128512K, 71% used [0x00000000f5980000,0x00000000fb2c9bc0,0x00000000fd700000)
  from space 20992K, 3% used [0x00000000feb80000,0x00000000fec45d10,0x0000000100000000)
  to   space 20992K, 0% used [0x00000000fd700000,0x00000000fd700000,0x00000000feb80000)
 ParOldGen       total 341504K, used 39656K [0x00000000e0c00000, 0x00000000f5980000, 0x00000000f5980000)
  object space 341504K, 11% used [0x00000000e0c00000,0x00000000e32ba0f8,0x00000000f5980000)
 Metaspace       used 36322K, capacity 37288K, committed 37464K, reserved 1081344K
  class space    used 5028K, capacity 5220K, committed 5248K, reserved 1048576K
