19:23:21,678 |-INFO in ch.qos.logback.classic.LoggerContext[default] - Could NOT find resource [logback-test.xml]
19:23:21,679 |-INFO in ch.qos.logback.classic.LoggerContext[default] - Could NOT find resource [logback.groovy]
19:23:21,679 |-INFO in ch.qos.logback.classic.LoggerContext[default] - Found resource [logback.xml] at [jar:file:/root/flamestream/lib/flamestream-runtime-1.0-SNAPSHOT.jar!/logback.xml]
19:23:21,680 |-WARN in ch.qos.logback.classic.LoggerContext[default] - Resource [logback.xml] occurs multiple times on the classpath.
19:23:21,680 |-WARN in ch.qos.logback.classic.LoggerContext[default] - Resource [logback.xml] occurs at [jar:file:/root/flamestream/lib/flamestream-runtime-1.0-SNAPSHOT.jar!/logback.xml]
19:23:21,680 |-WARN in ch.qos.logback.classic.LoggerContext[default] - Resource [logback.xml] occurs at [jar:file:/root/flamestream/flamestream-runtime-1.0-SNAPSHOT.jar!/logback.xml]
19:23:21,701 |-INFO in ch.qos.logback.core.joran.spi.ConfigurationWatchList@3fb6a447 - URL [jar:file:/root/flamestream/lib/flamestream-runtime-1.0-SNAPSHOT.jar!/logback.xml] is not of type file
19:23:21,773 |-INFO in ch.qos.logback.classic.joran.action.ConfigurationAction - debug attribute not set
19:23:21,774 |-INFO in ch.qos.logback.core.joran.action.AppenderAction - About to instantiate appender of type [ch.qos.logback.core.ConsoleAppender]
19:23:21,792 |-INFO in ch.qos.logback.core.joran.action.AppenderAction - Naming appender as [STDOUT]
19:23:21,810 |-INFO in ch.qos.logback.core.joran.action.NestedComplexPropertyIA - Assuming default type [ch.qos.logback.classic.encoder.PatternLayoutEncoder] for [encoder] property
19:23:21,889 |-INFO in ch.qos.logback.core.joran.action.AppenderAction - About to instantiate appender of type [ch.qos.logback.core.rolling.RollingFileAppender]
19:23:21,894 |-INFO in ch.qos.logback.core.joran.action.AppenderAction - Naming appender as [FILE]
19:23:21,926 |-INFO in c.q.l.core.rolling.TimeBasedRollingPolicy@127618319 - No compression will be used
19:23:21,928 |-INFO in c.q.l.core.rolling.TimeBasedRollingPolicy@127618319 - Will use the pattern /tmp/application_%d{yyyy-MM-dd}.%i.log for the active file
19:23:21,931 |-INFO in ch.qos.logback.core.rolling.SizeAndTimeBasedFNATP@6b2fad11 - The date pattern is 'yyyy-MM-dd' from file name pattern '/tmp/application_%d{yyyy-MM-dd}.%i.log'.
19:23:21,931 |-INFO in ch.qos.logback.core.rolling.SizeAndTimeBasedFNATP@6b2fad11 - Roll-over at midnight.
19:23:21,936 |-INFO in ch.qos.logback.core.rolling.SizeAndTimeBasedFNATP@6b2fad11 - Setting initial period to Mon Jun 10 19:21:55 UTC 2019
19:23:21,936 |-WARN in ch.qos.logback.core.rolling.SizeAndTimeBasedFNATP@6b2fad11 - SizeAndTimeBasedFNATP is deprecated. Use SizeAndTimeBasedRollingPolicy instead
19:23:21,936 |-WARN in ch.qos.logback.core.rolling.SizeAndTimeBasedFNATP@6b2fad11 - For more information see http://logback.qos.ch/manual/appenders.html#SizeAndTimeBasedRollingPolicy
19:23:21,940 |-INFO in ch.qos.logback.core.joran.action.NestedComplexPropertyIA - Assuming default type [ch.qos.logback.classic.encoder.PatternLayoutEncoder] for [encoder] property
19:23:21,945 |-INFO in ch.qos.logback.core.rolling.RollingFileAppender[FILE] - Active log file name: /tmp/application.log
19:23:21,945 |-INFO in ch.qos.logback.core.rolling.RollingFileAppender[FILE] - File property is set to [/tmp/application.log]
19:23:21,946 |-INFO in ch.qos.logback.classic.joran.action.RootLoggerAction - Setting level of ROOT logger to WARN
19:23:21,946 |-INFO in ch.qos.logback.core.joran.action.AppenderRefAction - Attaching appender named [STDOUT] to Logger[ROOT]
19:23:21,948 |-INFO in ch.qos.logback.core.joran.action.AppenderRefAction - Attaching appender named [FILE] to Logger[ROOT]
19:23:21,948 |-INFO in ch.qos.logback.classic.joran.action.ConfigurationAction - End of configuration.
19:23:21,948 |-INFO in ch.qos.logback.classic.joran.JoranConfigurator@79698539 - Registering current configuration as safe fallback point

Ama winner
Ama winner
2019-06-10T19:23:23.564+0000: 2.074: [Full GC (Metadata GC Threshold) 2019-06-10T19:23:23.565+0000: 2.074: [Tenured: 0K->15176K(341376K), 0.0394262 secs] 120483K->15176K(494976K), [Metaspace: 20732K->20732K(1067008K)], 0.0394968 secs] [Times: user=0.03 sys=0.01, real=0.04 secs] 
19:23:41.568 [Curator-PathChildrenCache-1] WARN  o.a.c.u.ZKPaths  - The version of ZooKeeper being used doesn't support Container nodes. CreateMode.PERSISTENT will be used instead.
2019-06-10T19:23:43.952+0000: 22.462: [GC (Allocation Failure) 2019-06-10T19:23:43.952+0000: 22.462: [DefNew: 136576K->17024K(153600K), 0.0269974 secs] 151752K->52466K(494976K), 0.0270660 secs] [Times: user=0.02 sys=0.01, real=0.03 secs] 
2019-06-10T19:23:47.094+0000: 25.604: [Full GC (Metadata GC Threshold) 2019-06-10T19:23:47.094+0000: 25.604: [Tenured: 35442K->43771K(341376K), 0.0639823 secs] 177753K->43771K(494976K), [Metaspace: 34597K->34597K(1079296K)], 0.0640747 secs] [Times: user=0.06 sys=0.00, real=0.06 secs] 
2019-06-10T19:23:49.910+0000: 28.420: [GC (Allocation Failure) 2019-06-10T19:23:49.910+0000: 28.420: [DefNew: 136576K->47K(153600K), 0.0016926 secs] 180347K->43818K(494976K), 0.0017568 secs] [Times: user=0.01 sys=0.00, real=0.01 secs] 
2019-06-10T19:23:56.071+0000: 34.581: [GC (Allocation Failure) 2019-06-10T19:23:56.071+0000: 34.581: [DefNew: 136623K->57K(153600K), 0.0016837 secs] 180394K->43828K(494976K), 0.0017616 secs] [Times: user=0.00 sys=0.00, real=0.01 secs] 
19:24:00.304 [Curator-PathChildrenCache-0] ERROR o.a.c.f.r.c.PathChildrenCache  - 
java.lang.IllegalStateException: instance must be started before calling this method
	at org.apache.curator.shaded.com.google.common.base.Preconditions.checkState(Preconditions.java:444)
	at org.apache.curator.framework.imps.CuratorFrameworkImpl.getChildren(CuratorFrameworkImpl.java:456)
	at org.apache.curator.framework.recipes.cache.PathChildrenCache.refresh(PathChildrenCache.java:521)
	at org.apache.curator.framework.recipes.cache.RefreshOperation.invoke(RefreshOperation.java:35)
	at org.apache.curator.framework.recipes.cache.PathChildrenCache$9.run(PathChildrenCache.java:786)
	at java.util.concurrent.Executors$RunnableAdapter.call(Executors.java:511)
	at java.util.concurrent.FutureTask.run(FutureTask.java:266)
	at java.util.concurrent.Executors$RunnableAdapter.call(Executors.java:511)
	at java.util.concurrent.FutureTask.run(FutureTask.java:266)
	at java.util.concurrent.ThreadPoolExecutor.runWorker(ThreadPoolExecutor.java:1149)
	at java.util.concurrent.ThreadPoolExecutor$Worker.run(ThreadPoolExecutor.java:624)
	at java.lang.Thread.run(Thread.java:748)
Heap
 def new generation   total 153600K, used 42904K [0x00000000e0c00000, 0x00000000eb2a0000, 0x00000000eb2a0000)
  eden space 136576K,  31% used [0x00000000e0c00000, 0x00000000e35d7c40, 0x00000000e9160000)
  from space 17024K,   0% used [0x00000000ea200000, 0x00000000ea20e4b8, 0x00000000eb2a0000)
  to   space 17024K,   0% used [0x00000000e9160000, 0x00000000e9160000, 0x00000000ea200000)
 tenured generation   total 341376K, used 43771K [0x00000000eb2a0000, 0x0000000100000000, 0x0000000100000000)
   the space 341376K,  12% used [0x00000000eb2a0000, 0x00000000edd5eec0, 0x00000000edd5f000, 0x0000000100000000)
 Metaspace       used 35541K, capacity 36480K, committed 36864K, reserved 1081344K
  class space    used 4815K, capacity 5010K, committed 5120K, reserved 1048576K
