19:27:54,002 |-INFO in ch.qos.logback.classic.LoggerContext[default] - Could NOT find resource [logback-test.xml]
19:27:54,002 |-INFO in ch.qos.logback.classic.LoggerContext[default] - Could NOT find resource [logback.groovy]
19:27:54,002 |-INFO in ch.qos.logback.classic.LoggerContext[default] - Found resource [logback.xml] at [jar:file:/root/flamestream/lib/flamestream-runtime-1.0-SNAPSHOT.jar!/logback.xml]
19:27:54,002 |-WARN in ch.qos.logback.classic.LoggerContext[default] - Resource [logback.xml] occurs multiple times on the classpath.
19:27:54,002 |-WARN in ch.qos.logback.classic.LoggerContext[default] - Resource [logback.xml] occurs at [jar:file:/root/flamestream/lib/flamestream-runtime-1.0-SNAPSHOT.jar!/logback.xml]
19:27:54,002 |-WARN in ch.qos.logback.classic.LoggerContext[default] - Resource [logback.xml] occurs at [jar:file:/root/flamestream/flamestream-runtime-1.0-SNAPSHOT.jar!/logback.xml]
19:27:54,028 |-INFO in ch.qos.logback.core.joran.spi.ConfigurationWatchList@3fb6a447 - URL [jar:file:/root/flamestream/lib/flamestream-runtime-1.0-SNAPSHOT.jar!/logback.xml] is not of type file
19:27:54,105 |-INFO in ch.qos.logback.classic.joran.action.ConfigurationAction - debug attribute not set
19:27:54,105 |-INFO in ch.qos.logback.core.joran.action.AppenderAction - About to instantiate appender of type [ch.qos.logback.core.ConsoleAppender]
19:27:54,118 |-INFO in ch.qos.logback.core.joran.action.AppenderAction - Naming appender as [STDOUT]
19:27:54,136 |-INFO in ch.qos.logback.core.joran.action.NestedComplexPropertyIA - Assuming default type [ch.qos.logback.classic.encoder.PatternLayoutEncoder] for [encoder] property
19:27:54,222 |-INFO in ch.qos.logback.core.joran.action.AppenderAction - About to instantiate appender of type [ch.qos.logback.core.rolling.RollingFileAppender]
19:27:54,227 |-INFO in ch.qos.logback.core.joran.action.AppenderAction - Naming appender as [FILE]
19:27:54,257 |-INFO in c.q.l.core.rolling.TimeBasedRollingPolicy@127618319 - No compression will be used
19:27:54,259 |-INFO in c.q.l.core.rolling.TimeBasedRollingPolicy@127618319 - Will use the pattern /tmp/application_%d{yyyy-MM-dd}.%i.log for the active file
19:27:54,262 |-INFO in ch.qos.logback.core.rolling.SizeAndTimeBasedFNATP@6b2fad11 - The date pattern is 'yyyy-MM-dd' from file name pattern '/tmp/application_%d{yyyy-MM-dd}.%i.log'.
19:27:54,262 |-INFO in ch.qos.logback.core.rolling.SizeAndTimeBasedFNATP@6b2fad11 - Roll-over at midnight.
19:27:54,267 |-INFO in ch.qos.logback.core.rolling.SizeAndTimeBasedFNATP@6b2fad11 - Setting initial period to Mon Jun 10 19:26:23 UTC 2019
19:27:54,267 |-WARN in ch.qos.logback.core.rolling.SizeAndTimeBasedFNATP@6b2fad11 - SizeAndTimeBasedFNATP is deprecated. Use SizeAndTimeBasedRollingPolicy instead
19:27:54,267 |-WARN in ch.qos.logback.core.rolling.SizeAndTimeBasedFNATP@6b2fad11 - For more information see http://logback.qos.ch/manual/appenders.html#SizeAndTimeBasedRollingPolicy
19:27:54,271 |-INFO in ch.qos.logback.core.joran.action.NestedComplexPropertyIA - Assuming default type [ch.qos.logback.classic.encoder.PatternLayoutEncoder] for [encoder] property
19:27:54,276 |-INFO in ch.qos.logback.core.rolling.RollingFileAppender[FILE] - Active log file name: /tmp/application.log
19:27:54,276 |-INFO in ch.qos.logback.core.rolling.RollingFileAppender[FILE] - File property is set to [/tmp/application.log]
19:27:54,276 |-INFO in ch.qos.logback.classic.joran.action.RootLoggerAction - Setting level of ROOT logger to WARN
19:27:54,277 |-INFO in ch.qos.logback.core.joran.action.AppenderRefAction - Attaching appender named [STDOUT] to Logger[ROOT]
19:27:54,278 |-INFO in ch.qos.logback.core.joran.action.AppenderRefAction - Attaching appender named [FILE] to Logger[ROOT]
19:27:54,279 |-INFO in ch.qos.logback.classic.joran.action.ConfigurationAction - End of configuration.
19:27:54,279 |-INFO in ch.qos.logback.classic.joran.JoranConfigurator@79698539 - Registering current configuration as safe fallback point

Ama winner
Ama winner
2019-06-10T19:27:55.546+0000: 1.723: [Full GC (Metadata GC Threshold) 2019-06-10T19:27:55.546+0000: 1.723: [Tenured: 0K->15145K(341376K), 0.0406175 secs] 114987K->15145K(494976K), [Metaspace: 20738K->20738K(1067008K)], 0.0406840 secs] [Times: user=0.04 sys=0.01, real=0.04 secs] 
19:28:16.522 [Curator-PathChildrenCache-1] WARN  o.a.c.u.ZKPaths  - The version of ZooKeeper being used doesn't support Container nodes. CreateMode.PERSISTENT will be used instead.
2019-06-10T19:28:18.701+0000: 24.877: [GC (Allocation Failure) 2019-06-10T19:28:18.701+0000: 24.877: [DefNew: 136576K->17024K(153600K), 0.0300175 secs] 151721K->52503K(494976K), 0.0300938 secs] [Times: user=0.02 sys=0.01, real=0.04 secs] 
2019-06-10T19:28:23.115+0000: 29.292: [GC (Allocation Failure) 2019-06-10T19:28:23.115+0000: 29.292: [DefNew: 153600K->272K(153600K), 0.0138956 secs] 189079K->43923K(494976K), 0.0139553 secs] [Times: user=0.01 sys=0.01, real=0.01 secs] 
2019-06-10T19:28:24.709+0000: 30.886: [Full GC (Metadata GC Threshold) 2019-06-10T19:28:24.709+0000: 30.886: [Tenured: 43650K->43911K(341376K), 0.0562848 secs] 102335K->43911K(494976K), [Metaspace: 34612K->34612K(1079296K)], 0.0563686 secs] [Times: user=0.05 sys=0.00, real=0.06 secs] 
2019-06-10T19:28:28.652+0000: 34.829: [GC (Allocation Failure) 2019-06-10T19:28:28.652+0000: 34.829: [DefNew: 136576K->41K(153600K), 0.0016466 secs] 180487K->43953K(494976K), 0.0017066 secs] [Times: user=0.00 sys=0.00, real=0.00 secs] 
2019-06-10T19:28:32.549+0000: 38.726: [GC (Allocation Failure) 2019-06-10T19:28:32.549+0000: 38.726: [DefNew: 136617K->54K(153600K), 0.0016465 secs] 180529K->43965K(494976K), 0.0017266 secs] [Times: user=0.00 sys=0.00, real=0.01 secs] 
2019-06-10T19:28:41.515+0000: 47.692: [GC (Allocation Failure) 2019-06-10T19:28:41.515+0000: 47.692: [DefNew: 136630K->50K(153600K), 0.0016495 secs] 180541K->43962K(494976K), 0.0017109 secs] [Times: user=0.00 sys=0.00, real=0.00 secs] 
19:28:47.042 [Curator-PathChildrenCache-0] ERROR o.a.c.f.r.c.PathChildrenCache  - 
java.lang.IllegalStateException: instance must be started before calling this method
	at org.apache.curator.shaded.com.google.common.base.Preconditions.checkState(Preconditions.java:444)
	at org.apache.curator.framework.imps.CuratorFrameworkImpl.getChildren(CuratorFrameworkImpl.java:456)
	at org.apache.curator.framework.recipes.cache.PathChildrenCache.refresh(PathChildrenCache.java:521)
	at org.apache.curator.framework.recipes.cache.RefreshOperation.invoke(RefreshOperation.java:35)
	at org.apache.curator.framework.recipes.cache.PathChildrenCache$9.run(PathChildrenCache.java:786)
	at java.util.concurrent.Executors$RunnableAdapter.call(Executors.java:511)
	at java.util.concurrent.FutureTask.run(FutureTask.java:266)
	at java.util.concurrent.Executors$RunnableAdapter.call(Executors.java:511)
	at java.util.concurrent.FutureTask.run(FutureTask.java:266)
	at java.util.concurrent.ThreadPoolExecutor.runWorker(ThreadPoolExecutor.java:1149)
	at java.util.concurrent.ThreadPoolExecutor$Worker.run(ThreadPoolExecutor.java:624)
	at java.lang.Thread.run(Thread.java:748)
Heap
 def new generation   total 153600K, used 46069K [0x00000000e0c00000, 0x00000000eb2a0000, 0x00000000eb2a0000)
  eden space 136576K,  33% used [0x00000000e0c00000, 0x00000000e38f0ba0, 0x00000000e9160000)
  from space 17024K,   0% used [0x00000000ea200000, 0x00000000ea20c9d0, 0x00000000eb2a0000)
  to   space 17024K,   0% used [0x00000000e9160000, 0x00000000e9160000, 0x00000000ea200000)
 tenured generation   total 341376K, used 43911K [0x00000000eb2a0000, 0x0000000100000000, 0x0000000100000000)
   the space 341376K,  12% used [0x00000000eb2a0000, 0x00000000edd81ee0, 0x00000000edd82000, 0x0000000100000000)
 Metaspace       used 35738K, capacity 36608K, committed 36864K, reserved 1081344K
  class space    used 4811K, capacity 5010K, committed 5120K, reserved 1048576K
