00:21:32,562 |-INFO in ch.qos.logback.classic.LoggerContext[default] - Could NOT find resource [logback-test.xml]
00:21:32,562 |-INFO in ch.qos.logback.classic.LoggerContext[default] - Could NOT find resource [logback.groovy]
00:21:32,563 |-INFO in ch.qos.logback.classic.LoggerContext[default] - Found resource [logback.xml] at [jar:file:/home/nikitasokolov/flamestream/lib/flamestream-runtime-1.0-SNAPSHOT.jar!/logback.xml]
00:21:32,563 |-WARN in ch.qos.logback.classic.LoggerContext[default] - Resource [logback.xml] occurs multiple times on the classpath.
00:21:32,563 |-WARN in ch.qos.logback.classic.LoggerContext[default] - Resource [logback.xml] occurs at [jar:file:/home/nikitasokolov/flamestream/lib/flamestream-runtime-1.0-SNAPSHOT.jar!/logback.xml]
00:21:32,563 |-WARN in ch.qos.logback.classic.LoggerContext[default] - Resource [logback.xml] occurs at [jar:file:/home/nikitasokolov/flamestream/flamestream-runtime-1.0-SNAPSHOT.jar!/logback.xml]
00:21:32,579 |-INFO in ch.qos.logback.core.joran.spi.ConfigurationWatchList@2f7a2457 - URL [jar:file:/home/nikitasokolov/flamestream/lib/flamestream-runtime-1.0-SNAPSHOT.jar!/logback.xml] is not of type file
00:21:32,629 |-INFO in ch.qos.logback.classic.joran.action.ConfigurationAction - debug attribute not set
00:21:32,630 |-INFO in ch.qos.logback.core.joran.action.AppenderAction - About to instantiate appender of type [ch.qos.logback.core.ConsoleAppender]
00:21:32,638 |-INFO in ch.qos.logback.core.joran.action.AppenderAction - Naming appender as [STDOUT]
00:21:32,645 |-INFO in ch.qos.logback.core.joran.action.NestedComplexPropertyIA - Assuming default type [ch.qos.logback.classic.encoder.PatternLayoutEncoder] for [encoder] property
00:21:32,700 |-INFO in ch.qos.logback.core.joran.action.AppenderAction - About to instantiate appender of type [ch.qos.logback.core.rolling.RollingFileAppender]
00:21:32,705 |-INFO in ch.qos.logback.core.joran.action.AppenderAction - Naming appender as [FILE]
00:21:32,727 |-INFO in c.q.l.core.rolling.TimeBasedRollingPolicy@1449621165 - No compression will be used
00:21:32,728 |-INFO in c.q.l.core.rolling.TimeBasedRollingPolicy@1449621165 - Will use the pattern /tmp/application_%d{yyyy-MM-dd}.%i.log for the active file
00:21:32,731 |-INFO in ch.qos.logback.core.rolling.SizeAndTimeBasedFNATP@6108b2d7 - The date pattern is 'yyyy-MM-dd' from file name pattern '/tmp/application_%d{yyyy-MM-dd}.%i.log'.
00:21:32,731 |-INFO in ch.qos.logback.core.rolling.SizeAndTimeBasedFNATP@6108b2d7 - Roll-over at midnight.
00:21:32,735 |-INFO in ch.qos.logback.core.rolling.SizeAndTimeBasedFNATP@6108b2d7 - Setting initial period to Tue May 28 00:20:30 MSK 2019
00:21:32,735 |-WARN in ch.qos.logback.core.rolling.SizeAndTimeBasedFNATP@6108b2d7 - SizeAndTimeBasedFNATP is deprecated. Use SizeAndTimeBasedRollingPolicy instead
00:21:32,735 |-WARN in ch.qos.logback.core.rolling.SizeAndTimeBasedFNATP@6108b2d7 - For more information see http://logback.qos.ch/manual/appenders.html#SizeAndTimeBasedRollingPolicy
00:21:32,739 |-INFO in ch.qos.logback.core.joran.action.NestedComplexPropertyIA - Assuming default type [ch.qos.logback.classic.encoder.PatternLayoutEncoder] for [encoder] property
00:21:32,741 |-INFO in ch.qos.logback.core.rolling.RollingFileAppender[FILE] - Active log file name: /tmp/application.log
00:21:32,741 |-INFO in ch.qos.logback.core.rolling.RollingFileAppender[FILE] - File property is set to [/tmp/application.log]
00:21:32,742 |-INFO in ch.qos.logback.classic.joran.action.RootLoggerAction - Setting level of ROOT logger to WARN
00:21:32,742 |-INFO in ch.qos.logback.core.joran.action.AppenderRefAction - Attaching appender named [STDOUT] to Logger[ROOT]
00:21:32,743 |-INFO in ch.qos.logback.core.joran.action.AppenderRefAction - Attaching appender named [FILE] to Logger[ROOT]
00:21:32,743 |-INFO in ch.qos.logback.classic.joran.action.ConfigurationAction - End of configuration.
00:21:32,743 |-INFO in ch.qos.logback.classic.joran.JoranConfigurator@1554909b - Registering current configuration as safe fallback point

2019-05-28T00:21:33.747+0300: 1.388: [GC (Metadata GC Threshold) [PSYoungGen: 110652K->15900K(149504K)] 110652K->15980K(491008K), 0.0311303 secs] [Times: user=0.07 sys=0.05, real=0.04 secs] 
2019-05-28T00:21:33.778+0300: 1.419: [Full GC (Metadata GC Threshold) [PSYoungGen: 15900K->0K(149504K)] [ParOldGen: 80K->15080K(341504K)] 15980K->15080K(491008K), [Metaspace: 20802K->20802K(1067008K)], 0.0264268 secs] [Times: user=0.15 sys=0.01, real=0.02 secs] 
00:21:43.511 [Curator-PathChildrenCache-2] WARN  o.a.c.u.ZKPaths  - The version of ZooKeeper being used doesn't support Container nodes. CreateMode.PERSISTENT will be used instead.
2019-05-28T00:21:44.177+0300: 11.817: [GC (Metadata GC Threshold) [PSYoungGen: 123263K->16731K(149504K)] 138343K->51351K(491008K), 0.0260146 secs] [Times: user=0.20 sys=0.02, real=0.03 secs] 
2019-05-28T00:21:44.203+0300: 11.843: [Full GC (Metadata GC Threshold) [PSYoungGen: 16731K->0K(149504K)] [ParOldGen: 34620K->39861K(341504K)] 51351K->39861K(491008K), [Metaspace: 34291K->34288K(1079296K)], 0.0324507 secs] [Times: user=0.19 sys=0.01, real=0.03 secs] 
2019-05-28T00:22:11.281+0300: 38.922: [GC (Allocation Failure) [PSYoungGen: 128512K->1024K(149504K)] 168373K->40893K(491008K), 0.0044593 secs] [Times: user=0.01 sys=0.01, real=0.00 secs] 
00:22:44.155 [Curator-PathChildrenCache-0] ERROR o.a.c.f.r.c.PathChildrenCache  - 
java.lang.IllegalStateException: instance must be started before calling this method
	at org.apache.curator.shaded.com.google.common.base.Preconditions.checkState(Preconditions.java:444)
	at org.apache.curator.framework.imps.CuratorFrameworkImpl.getChildren(CuratorFrameworkImpl.java:456)
	at org.apache.curator.framework.recipes.cache.PathChildrenCache.refresh(PathChildrenCache.java:521)
	at org.apache.curator.framework.recipes.cache.RefreshOperation.invoke(RefreshOperation.java:35)
	at org.apache.curator.framework.recipes.cache.PathChildrenCache$9.run(PathChildrenCache.java:786)
	at java.util.concurrent.Executors$RunnableAdapter.call(Executors.java:511)
	at java.util.concurrent.FutureTask.run(FutureTask.java:266)
	at java.util.concurrent.Executors$RunnableAdapter.call(Executors.java:511)
	at java.util.concurrent.FutureTask.run(FutureTask.java:266)
	at java.util.concurrent.ThreadPoolExecutor.runWorker(ThreadPoolExecutor.java:1149)
	at java.util.concurrent.ThreadPoolExecutor$Worker.run(ThreadPoolExecutor.java:624)
	at java.lang.Thread.run(Thread.java:748)
Heap
 PSYoungGen      total 149504K, used 121735K [0x00000000f5980000, 0x0000000100000000, 0x0000000100000000)
  eden space 128512K, 93% used [0x00000000f5980000,0x00000000fcf61e28,0x00000000fd700000)
  from space 20992K, 4% used [0x00000000fd700000,0x00000000fd800120,0x00000000feb80000)
  to   space 20992K, 0% used [0x00000000feb80000,0x00000000feb80000,0x0000000100000000)
 ParOldGen       total 341504K, used 39869K [0x00000000e0c00000, 0x00000000f5980000, 0x00000000f5980000)
  object space 341504K, 11% used [0x00000000e0c00000,0x00000000e32ef568,0x00000000f5980000)
 Metaspace       used 36691K, capacity 37704K, committed 37888K, reserved 1081344K
  class space    used 5041K, capacity 5250K, committed 5376K, reserved 1048576K
