15:06:39,233 |-INFO in ch.qos.logback.classic.LoggerContext[default] - Could NOT find resource [logback-test.xml]
15:06:39,233 |-INFO in ch.qos.logback.classic.LoggerContext[default] - Could NOT find resource [logback.groovy]
15:06:39,233 |-INFO in ch.qos.logback.classic.LoggerContext[default] - Found resource [logback.xml] at [jar:file:/root/flamestream/lib/flamestream-runtime-1.0-SNAPSHOT.jar!/logback.xml]
15:06:39,233 |-WARN in ch.qos.logback.classic.LoggerContext[default] - Resource [logback.xml] occurs multiple times on the classpath.
15:06:39,233 |-WARN in ch.qos.logback.classic.LoggerContext[default] - Resource [logback.xml] occurs at [jar:file:/root/flamestream/lib/flamestream-runtime-1.0-SNAPSHOT.jar!/logback.xml]
15:06:39,233 |-WARN in ch.qos.logback.classic.LoggerContext[default] - Resource [logback.xml] occurs at [jar:file:/root/flamestream/flamestream-runtime-1.0-SNAPSHOT.jar!/logback.xml]
15:06:39,255 |-INFO in ch.qos.logback.core.joran.spi.ConfigurationWatchList@3fb6a447 - URL [jar:file:/root/flamestream/lib/flamestream-runtime-1.0-SNAPSHOT.jar!/logback.xml] is not of type file
15:06:39,326 |-INFO in ch.qos.logback.classic.joran.action.ConfigurationAction - debug attribute not set
15:06:39,326 |-INFO in ch.qos.logback.core.joran.action.AppenderAction - About to instantiate appender of type [ch.qos.logback.core.ConsoleAppender]
15:06:39,345 |-INFO in ch.qos.logback.core.joran.action.AppenderAction - Naming appender as [STDOUT]
15:06:39,363 |-INFO in ch.qos.logback.core.joran.action.NestedComplexPropertyIA - Assuming default type [ch.qos.logback.classic.encoder.PatternLayoutEncoder] for [encoder] property
15:06:39,441 |-INFO in ch.qos.logback.core.joran.action.AppenderAction - About to instantiate appender of type [ch.qos.logback.core.rolling.RollingFileAppender]
15:06:39,450 |-INFO in ch.qos.logback.core.joran.action.AppenderAction - Naming appender as [FILE]
15:06:39,481 |-INFO in c.q.l.core.rolling.TimeBasedRollingPolicy@127618319 - No compression will be used
15:06:39,483 |-INFO in c.q.l.core.rolling.TimeBasedRollingPolicy@127618319 - Will use the pattern /tmp/application_%d{yyyy-MM-dd}.%i.log for the active file
15:06:39,486 |-INFO in ch.qos.logback.core.rolling.SizeAndTimeBasedFNATP@6b2fad11 - The date pattern is 'yyyy-MM-dd' from file name pattern '/tmp/application_%d{yyyy-MM-dd}.%i.log'.
15:06:39,486 |-INFO in ch.qos.logback.core.rolling.SizeAndTimeBasedFNATP@6b2fad11 - Roll-over at midnight.
15:06:39,491 |-INFO in ch.qos.logback.core.rolling.SizeAndTimeBasedFNATP@6b2fad11 - Setting initial period to Mon Jun 10 15:05:23 UTC 2019
15:06:39,491 |-WARN in ch.qos.logback.core.rolling.SizeAndTimeBasedFNATP@6b2fad11 - SizeAndTimeBasedFNATP is deprecated. Use SizeAndTimeBasedRollingPolicy instead
15:06:39,491 |-WARN in ch.qos.logback.core.rolling.SizeAndTimeBasedFNATP@6b2fad11 - For more information see http://logback.qos.ch/manual/appenders.html#SizeAndTimeBasedRollingPolicy
15:06:39,494 |-INFO in ch.qos.logback.core.joran.action.NestedComplexPropertyIA - Assuming default type [ch.qos.logback.classic.encoder.PatternLayoutEncoder] for [encoder] property
15:06:39,499 |-INFO in ch.qos.logback.core.rolling.RollingFileAppender[FILE] - Active log file name: /tmp/application.log
15:06:39,499 |-INFO in ch.qos.logback.core.rolling.RollingFileAppender[FILE] - File property is set to [/tmp/application.log]
15:06:39,500 |-INFO in ch.qos.logback.classic.joran.action.RootLoggerAction - Setting level of ROOT logger to WARN
15:06:39,500 |-INFO in ch.qos.logback.core.joran.action.AppenderRefAction - Attaching appender named [STDOUT] to Logger[ROOT]
15:06:39,502 |-INFO in ch.qos.logback.core.joran.action.AppenderRefAction - Attaching appender named [FILE] to Logger[ROOT]
15:06:39,502 |-INFO in ch.qos.logback.classic.joran.action.ConfigurationAction - End of configuration.
15:06:39,503 |-INFO in ch.qos.logback.classic.joran.JoranConfigurator@79698539 - Registering current configuration as safe fallback point

Ama winner
Ama winner
2019-06-10T15:06:40.724+0000: 1.671: [Full GC (Metadata GC Threshold) 2019-06-10T15:06:40.724+0000: 1.671: [Tenured: 0K->15208K(341376K), 0.0351356 secs] 114987K->15208K(494976K), [Metaspace: 20724K->20724K(1067008K)], 0.0352233 secs] [Times: user=0.03 sys=0.00, real=0.03 secs] 
15:06:53.332 [Curator-PathChildrenCache-1] WARN  o.a.c.u.ZKPaths  - The version of ZooKeeper being used doesn't support Container nodes. CreateMode.PERSISTENT will be used instead.
2019-06-10T15:06:55.498+0000: 16.445: [GC (Allocation Failure) 2019-06-10T15:06:55.498+0000: 16.445: [DefNew: 136576K->17024K(153600K), 0.0259416 secs] 151784K->52908K(494976K), 0.0260142 secs] [Times: user=0.02 sys=0.01, real=0.03 secs] 
2019-06-10T15:06:56.565+0000: 17.512: [Full GC (Metadata GC Threshold) 2019-06-10T15:06:56.565+0000: 17.512: [Tenured: 35884K->44653K(341376K), 0.0376583 secs] 75634K->44653K(494976K), [Metaspace: 34528K->34528K(1079296K)], 0.0377322 secs] [Times: user=0.03 sys=0.00, real=0.04 secs] 
2019-06-10T15:07:01.778+0000: 22.725: [GC (Allocation Failure) 2019-06-10T15:07:01.778+0000: 22.725: [DefNew: 136576K->162K(153600K), 0.0020435 secs] 181229K->44815K(494976K), 0.0021040 secs] [Times: user=0.00 sys=0.00, real=0.00 secs] 
2019-06-10T15:07:07.138+0000: 28.085: [GC (Allocation Failure) 2019-06-10T15:07:07.138+0000: 28.085: [DefNew: 136738K->161K(153600K), 0.0018268 secs] 181391K->44814K(494976K), 0.0018985 secs] [Times: user=0.00 sys=0.00, real=0.00 secs] 
2019-06-10T15:07:12.472+0000: 33.418: [GC (Allocation Failure) 2019-06-10T15:07:12.472+0000: 33.418: [DefNew: 136737K->161K(153600K), 0.0017776 secs] 181390K->44814K(494976K), 0.0018395 secs] [Times: user=0.01 sys=0.00, real=0.00 secs] 
2019-06-10T15:07:21.689+0000: 42.636: [GC (Allocation Failure) 2019-06-10T15:07:21.689+0000: 42.636: [DefNew: 136737K->162K(153600K), 0.0019137 secs] 181390K->44815K(494976K), 0.0019757 secs] [Times: user=0.00 sys=0.00, real=0.01 secs] 
15:07:24.939 [Curator-PathChildrenCache-0] ERROR o.a.c.f.r.c.PathChildrenCache  - 
java.lang.IllegalStateException: instance must be started before calling this method
	at org.apache.curator.shaded.com.google.common.base.Preconditions.checkState(Preconditions.java:444)
	at org.apache.curator.framework.imps.CuratorFrameworkImpl.getChildren(CuratorFrameworkImpl.java:456)
	at org.apache.curator.framework.recipes.cache.PathChildrenCache.refresh(PathChildrenCache.java:521)
	at org.apache.curator.framework.recipes.cache.RefreshOperation.invoke(RefreshOperation.java:35)
	at org.apache.curator.framework.recipes.cache.PathChildrenCache$9.run(PathChildrenCache.java:786)
	at java.util.concurrent.Executors$RunnableAdapter.call(Executors.java:511)
	at java.util.concurrent.FutureTask.run(FutureTask.java:266)
	at java.util.concurrent.Executors$RunnableAdapter.call(Executors.java:511)
	at java.util.concurrent.FutureTask.run(FutureTask.java:266)
	at java.util.concurrent.ThreadPoolExecutor.runWorker(ThreadPoolExecutor.java:1149)
	at java.util.concurrent.ThreadPoolExecutor$Worker.run(ThreadPoolExecutor.java:624)
	at java.lang.Thread.run(Thread.java:748)
Heap
 def new generation   total 153600K, used 30932K [0x00000000e0c00000, 0x00000000eb2a0000, 0x00000000eb2a0000)
  eden space 136576K,  22% used [0x00000000e0c00000, 0x00000000e2a0ca48, 0x00000000e9160000)
  from space 17024K,   0% used [0x00000000ea200000, 0x00000000ea228820, 0x00000000eb2a0000)
  to   space 17024K,   0% used [0x00000000e9160000, 0x00000000e9160000, 0x00000000ea200000)
 tenured generation   total 341376K, used 44653K [0x00000000eb2a0000, 0x0000000100000000, 0x0000000100000000)
   the space 341376K,  13% used [0x00000000eb2a0000, 0x00000000ede3b478, 0x00000000ede3b600, 0x0000000100000000)
 Metaspace       used 35764K, capacity 36638K, committed 36864K, reserved 1081344K
  class space    used 4829K, capacity 5041K, committed 5120K, reserved 1048576K
