15:49:18,284 |-INFO in ch.qos.logback.classic.LoggerContext[default] - Could NOT find resource [logback-test.xml]
15:49:18,284 |-INFO in ch.qos.logback.classic.LoggerContext[default] - Could NOT find resource [logback.groovy]
15:49:18,285 |-INFO in ch.qos.logback.classic.LoggerContext[default] - Found resource [logback.xml] at [jar:file:/root/flamestream/lib/flamestream-runtime-1.0-SNAPSHOT.jar!/logback.xml]
15:49:18,285 |-WARN in ch.qos.logback.classic.LoggerContext[default] - Resource [logback.xml] occurs multiple times on the classpath.
15:49:18,286 |-WARN in ch.qos.logback.classic.LoggerContext[default] - Resource [logback.xml] occurs at [jar:file:/root/flamestream/lib/flamestream-runtime-1.0-SNAPSHOT.jar!/logback.xml]
15:49:18,286 |-WARN in ch.qos.logback.classic.LoggerContext[default] - Resource [logback.xml] occurs at [jar:file:/root/flamestream/flamestream-runtime-1.0-SNAPSHOT.jar!/logback.xml]
15:49:18,305 |-INFO in ch.qos.logback.core.joran.spi.ConfigurationWatchList@3fb6a447 - URL [jar:file:/root/flamestream/lib/flamestream-runtime-1.0-SNAPSHOT.jar!/logback.xml] is not of type file
15:49:18,372 |-INFO in ch.qos.logback.classic.joran.action.ConfigurationAction - debug attribute not set
15:49:18,373 |-INFO in ch.qos.logback.core.joran.action.AppenderAction - About to instantiate appender of type [ch.qos.logback.core.ConsoleAppender]
15:49:18,389 |-INFO in ch.qos.logback.core.joran.action.AppenderAction - Naming appender as [STDOUT]
15:49:18,407 |-INFO in ch.qos.logback.core.joran.action.NestedComplexPropertyIA - Assuming default type [ch.qos.logback.classic.encoder.PatternLayoutEncoder] for [encoder] property
15:49:18,490 |-INFO in ch.qos.logback.core.joran.action.AppenderAction - About to instantiate appender of type [ch.qos.logback.core.rolling.RollingFileAppender]
15:49:18,499 |-INFO in ch.qos.logback.core.joran.action.AppenderAction - Naming appender as [FILE]
15:49:18,528 |-INFO in c.q.l.core.rolling.TimeBasedRollingPolicy@127618319 - No compression will be used
15:49:18,529 |-INFO in c.q.l.core.rolling.TimeBasedRollingPolicy@127618319 - Will use the pattern /tmp/application_%d{yyyy-MM-dd}.%i.log for the active file
15:49:18,532 |-INFO in ch.qos.logback.core.rolling.SizeAndTimeBasedFNATP@6b2fad11 - The date pattern is 'yyyy-MM-dd' from file name pattern '/tmp/application_%d{yyyy-MM-dd}.%i.log'.
15:49:18,532 |-INFO in ch.qos.logback.core.rolling.SizeAndTimeBasedFNATP@6b2fad11 - Roll-over at midnight.
15:49:18,538 |-INFO in ch.qos.logback.core.rolling.SizeAndTimeBasedFNATP@6b2fad11 - Setting initial period to Mon Jun 10 15:47:59 UTC 2019
15:49:18,538 |-WARN in ch.qos.logback.core.rolling.SizeAndTimeBasedFNATP@6b2fad11 - SizeAndTimeBasedFNATP is deprecated. Use SizeAndTimeBasedRollingPolicy instead
15:49:18,538 |-WARN in ch.qos.logback.core.rolling.SizeAndTimeBasedFNATP@6b2fad11 - For more information see http://logback.qos.ch/manual/appenders.html#SizeAndTimeBasedRollingPolicy
15:49:18,542 |-INFO in ch.qos.logback.core.joran.action.NestedComplexPropertyIA - Assuming default type [ch.qos.logback.classic.encoder.PatternLayoutEncoder] for [encoder] property
15:49:18,547 |-INFO in ch.qos.logback.core.rolling.RollingFileAppender[FILE] - Active log file name: /tmp/application.log
15:49:18,547 |-INFO in ch.qos.logback.core.rolling.RollingFileAppender[FILE] - File property is set to [/tmp/application.log]
15:49:18,548 |-INFO in ch.qos.logback.classic.joran.action.RootLoggerAction - Setting level of ROOT logger to WARN
15:49:18,548 |-INFO in ch.qos.logback.core.joran.action.AppenderRefAction - Attaching appender named [STDOUT] to Logger[ROOT]
15:49:18,550 |-INFO in ch.qos.logback.core.joran.action.AppenderRefAction - Attaching appender named [FILE] to Logger[ROOT]
15:49:18,550 |-INFO in ch.qos.logback.classic.joran.action.ConfigurationAction - End of configuration.
15:49:18,551 |-INFO in ch.qos.logback.classic.joran.JoranConfigurator@79698539 - Registering current configuration as safe fallback point

Ama winner
Ama winner
2019-06-10T15:49:19.844+0000: 1.751: [Full GC (Metadata GC Threshold) 2019-06-10T15:49:19.844+0000: 1.751: [Tenured: 0K->15209K(341376K), 0.0390686 secs] 114987K->15209K(494976K), [Metaspace: 20734K->20734K(1067008K)], 0.0391342 secs] [Times: user=0.03 sys=0.00, real=0.04 secs] 
15:49:35.557 [Curator-PathChildrenCache-1] WARN  o.a.c.u.ZKPaths  - The version of ZooKeeper being used doesn't support Container nodes. CreateMode.PERSISTENT will be used instead.
2019-06-10T15:49:37.736+0000: 19.643: [GC (Allocation Failure) 2019-06-10T15:49:37.736+0000: 19.643: [DefNew: 136576K->17023K(153600K), 0.0290215 secs] 151785K->52672K(494976K), 0.0290894 secs] [Times: user=0.02 sys=0.01, real=0.03 secs] 
2019-06-10T15:49:38.702+0000: 20.608: [Full GC (Metadata GC Threshold) 2019-06-10T15:49:38.702+0000: 20.608: [Tenured: 35648K->44405K(341376K), 0.0397018 secs] 78823K->44405K(494976K), [Metaspace: 34593K->34593K(1079296K)], 0.0397787 secs] [Times: user=0.03 sys=0.00, real=0.04 secs] 
2019-06-10T15:49:43.835+0000: 25.742: [GC (Allocation Failure) 2019-06-10T15:49:43.835+0000: 25.742: [DefNew: 136576K->103K(153600K), 0.0018203 secs] 180981K->44509K(494976K), 0.0018786 secs] [Times: user=0.01 sys=0.00, real=0.00 secs] 
2019-06-10T15:49:48.952+0000: 30.859: [GC (Allocation Failure) 2019-06-10T15:49:48.952+0000: 30.859: [DefNew: 136679K->105K(153600K), 0.0017032 secs] 181085K->44510K(494976K), 0.0017639 secs] [Times: user=0.01 sys=0.00, real=0.00 secs] 
2019-06-10T15:49:54.004+0000: 35.911: [GC (Allocation Failure) 2019-06-10T15:49:54.004+0000: 35.911: [DefNew: 136681K->138K(153600K), 0.0017024 secs] 181086K->44544K(494976K), 0.0017606 secs] [Times: user=0.00 sys=0.00, real=0.00 secs] 
2019-06-10T15:50:01.467+0000: 43.374: [GC (Allocation Failure) 2019-06-10T15:50:01.467+0000: 43.374: [DefNew: 136714K->169K(153600K), 0.0018027 secs] 181120K->44575K(494976K), 0.0018756 secs] [Times: user=0.00 sys=0.00, real=0.00 secs] 
15:50:08.789 [Curator-PathChildrenCache-0] ERROR o.a.c.f.r.c.PathChildrenCache  - 
java.lang.IllegalStateException: instance must be started before calling this method
	at org.apache.curator.shaded.com.google.common.base.Preconditions.checkState(Preconditions.java:444)
	at org.apache.curator.framework.imps.CuratorFrameworkImpl.getChildren(CuratorFrameworkImpl.java:456)
	at org.apache.curator.framework.recipes.cache.PathChildrenCache.refresh(PathChildrenCache.java:521)
	at org.apache.curator.framework.recipes.cache.RefreshOperation.invoke(RefreshOperation.java:35)
	at org.apache.curator.framework.recipes.cache.PathChildrenCache$9.run(PathChildrenCache.java:786)
	at java.util.concurrent.Executors$RunnableAdapter.call(Executors.java:511)
	at java.util.concurrent.FutureTask.run(FutureTask.java:266)
	at java.util.concurrent.Executors$RunnableAdapter.call(Executors.java:511)
	at java.util.concurrent.FutureTask.run(FutureTask.java:266)
	at java.util.concurrent.ThreadPoolExecutor.runWorker(ThreadPoolExecutor.java:1149)
	at java.util.concurrent.ThreadPoolExecutor$Worker.run(ThreadPoolExecutor.java:624)
	at java.lang.Thread.run(Thread.java:748)
Heap
 def new generation   total 153600K, used 49861K [0x00000000e0c00000, 0x00000000eb2a0000, 0x00000000eb2a0000)
  eden space 136576K,  36% used [0x00000000e0c00000, 0x00000000e3c86dc0, 0x00000000e9160000)
  from space 17024K,   0% used [0x00000000ea200000, 0x00000000ea22a6d0, 0x00000000eb2a0000)
  to   space 17024K,   0% used [0x00000000e9160000, 0x00000000e9160000, 0x00000000ea200000)
 tenured generation   total 341376K, used 44405K [0x00000000eb2a0000, 0x0000000100000000, 0x0000000100000000)
   the space 341376K,  13% used [0x00000000eb2a0000, 0x00000000eddfd628, 0x00000000eddfd800, 0x0000000100000000)
 Metaspace       used 35790K, capacity 36700K, committed 36864K, reserved 1081344K
  class space    used 4834K, capacity 5052K, committed 5120K, reserved 1048576K
