21:17:36,872 |-INFO in ch.qos.logback.classic.LoggerContext[default] - Could NOT find resource [logback-test.xml]
21:17:36,872 |-INFO in ch.qos.logback.classic.LoggerContext[default] - Could NOT find resource [logback.groovy]
21:17:36,872 |-INFO in ch.qos.logback.classic.LoggerContext[default] - Found resource [logback.xml] at [jar:file:/home/nikitasokolov/flamestream/lib/flamestream-runtime-1.0-SNAPSHOT.jar!/logback.xml]
21:17:36,873 |-WARN in ch.qos.logback.classic.LoggerContext[default] - Resource [logback.xml] occurs multiple times on the classpath.
21:17:36,873 |-WARN in ch.qos.logback.classic.LoggerContext[default] - Resource [logback.xml] occurs at [jar:file:/home/nikitasokolov/flamestream/lib/flamestream-runtime-1.0-SNAPSHOT.jar!/logback.xml]
21:17:36,873 |-WARN in ch.qos.logback.classic.LoggerContext[default] - Resource [logback.xml] occurs at [jar:file:/home/nikitasokolov/flamestream/flamestream-runtime-1.0-SNAPSHOT.jar!/logback.xml]
21:17:36,889 |-INFO in ch.qos.logback.core.joran.spi.ConfigurationWatchList@6108b2d7 - URL [jar:file:/home/nikitasokolov/flamestream/lib/flamestream-runtime-1.0-SNAPSHOT.jar!/logback.xml] is not of type file
21:17:36,939 |-INFO in ch.qos.logback.classic.joran.action.ConfigurationAction - debug attribute not set
21:17:36,939 |-INFO in ch.qos.logback.core.joran.action.AppenderAction - About to instantiate appender of type [ch.qos.logback.core.ConsoleAppender]
21:17:36,947 |-INFO in ch.qos.logback.core.joran.action.AppenderAction - Naming appender as [STDOUT]
21:17:36,954 |-INFO in ch.qos.logback.core.joran.action.NestedComplexPropertyIA - Assuming default type [ch.qos.logback.classic.encoder.PatternLayoutEncoder] for [encoder] property
21:17:37,008 |-INFO in ch.qos.logback.core.joran.action.AppenderAction - About to instantiate appender of type [ch.qos.logback.core.rolling.RollingFileAppender]
21:17:37,013 |-INFO in ch.qos.logback.core.joran.action.AppenderAction - Naming appender as [FILE]
21:17:37,036 |-INFO in c.q.l.core.rolling.TimeBasedRollingPolicy@357863579 - No compression will be used
21:17:37,038 |-INFO in c.q.l.core.rolling.TimeBasedRollingPolicy@357863579 - Will use the pattern /tmp/application_%d{yyyy-MM-dd}.%i.log for the active file
21:17:37,040 |-INFO in ch.qos.logback.core.rolling.SizeAndTimeBasedFNATP@6bf256fa - The date pattern is 'yyyy-MM-dd' from file name pattern '/tmp/application_%d{yyyy-MM-dd}.%i.log'.
21:17:37,041 |-INFO in ch.qos.logback.core.rolling.SizeAndTimeBasedFNATP@6bf256fa - Roll-over at midnight.
21:17:37,045 |-INFO in ch.qos.logback.core.rolling.SizeAndTimeBasedFNATP@6bf256fa - Setting initial period to Sun Jun 09 21:16:52 MSK 2019
21:17:37,045 |-WARN in ch.qos.logback.core.rolling.SizeAndTimeBasedFNATP@6bf256fa - SizeAndTimeBasedFNATP is deprecated. Use SizeAndTimeBasedRollingPolicy instead
21:17:37,045 |-WARN in ch.qos.logback.core.rolling.SizeAndTimeBasedFNATP@6bf256fa - For more information see http://logback.qos.ch/manual/appenders.html#SizeAndTimeBasedRollingPolicy
21:17:37,049 |-INFO in ch.qos.logback.core.joran.action.NestedComplexPropertyIA - Assuming default type [ch.qos.logback.classic.encoder.PatternLayoutEncoder] for [encoder] property
21:17:37,051 |-INFO in ch.qos.logback.core.rolling.RollingFileAppender[FILE] - Active log file name: /tmp/application.log
21:17:37,051 |-INFO in ch.qos.logback.core.rolling.RollingFileAppender[FILE] - File property is set to [/tmp/application.log]
21:17:37,053 |-INFO in ch.qos.logback.classic.joran.action.RootLoggerAction - Setting level of ROOT logger to WARN
21:17:37,053 |-INFO in ch.qos.logback.core.joran.action.AppenderRefAction - Attaching appender named [STDOUT] to Logger[ROOT]
21:17:37,053 |-INFO in ch.qos.logback.core.joran.action.AppenderRefAction - Attaching appender named [FILE] to Logger[ROOT]
21:17:37,053 |-INFO in ch.qos.logback.classic.joran.action.ConfigurationAction - End of configuration.
21:17:37,054 |-INFO in ch.qos.logback.classic.joran.JoranConfigurator@6cd8737 - Registering current configuration as safe fallback point

2019-06-09T21:17:38.062+0300: 1.383: [GC (Metadata GC Threshold) [PSYoungGen: 105582K->15854K(149504K)] 105582K->15934K(491008K), 0.0308056 secs] [Times: user=0.15 sys=0.02, real=0.03 secs] 
2019-06-09T21:17:38.093+0300: 1.414: [Full GC (Metadata GC Threshold) [PSYoungGen: 15854K->0K(149504K)] [ParOldGen: 80K->14989K(341504K)] 15934K->14989K(491008K), [Metaspace: 20802K->20802K(1067008K)], 0.0305969 secs] [Times: user=0.20 sys=0.00, real=0.03 secs] 
2019-06-09T21:17:46.270+0300: 9.591: [GC (Allocation Failure) [PSYoungGen: 128512K->20971K(149504K)] 143501K->49555K(491008K), 0.0251633 secs] [Times: user=0.31 sys=0.03, real=0.02 secs] 
2019-06-09T21:17:46.819+0300: 10.140: [GC (Metadata GC Threshold) [PSYoungGen: 55730K->20971K(149504K)] 84314K->49699K(491008K), 0.0101997 secs] [Times: user=0.13 sys=0.00, real=0.00 secs] 
2019-06-09T21:17:46.829+0300: 10.150: [Full GC (Metadata GC Threshold) [PSYoungGen: 20971K->0K(149504K)] [ParOldGen: 28728K->38533K(341504K)] 49699K->38533K(491008K), [Metaspace: 34526K->34526K(1079296K)], 0.0405493 secs] [Times: user=0.20 sys=0.05, real=0.04 secs] 
2019-06-09T21:17:49.904+0300: 13.225: [GC (Allocation Failure) [PSYoungGen: 128512K->288K(149504K)] 167045K->38829K(491008K), 0.0044256 secs] [Times: user=0.03 sys=0.00, real=0.00 secs] 
2019-06-09T21:17:53.198+0300: 16.520: [GC (Allocation Failure) [PSYoungGen: 128800K->320K(129024K)] 167341K->38861K(470528K), 0.0028694 secs] [Times: user=0.01 sys=0.00, real=0.00 secs] 
21:18:01.221 [Curator-PathChildrenCache-0] ERROR o.a.c.f.r.c.PathChildrenCache  - 
java.lang.IllegalStateException: instance must be started before calling this method
	at org.apache.curator.shaded.com.google.common.base.Preconditions.checkState(Preconditions.java:444)
	at org.apache.curator.framework.imps.CuratorFrameworkImpl.getChildren(CuratorFrameworkImpl.java:456)
	at org.apache.curator.framework.recipes.cache.PathChildrenCache.refresh(PathChildrenCache.java:521)
	at org.apache.curator.framework.recipes.cache.RefreshOperation.invoke(RefreshOperation.java:35)
	at org.apache.curator.framework.recipes.cache.PathChildrenCache$9.run(PathChildrenCache.java:786)
	at java.util.concurrent.Executors$RunnableAdapter.call(Executors.java:511)
	at java.util.concurrent.FutureTask.run(FutureTask.java:266)
	at java.util.concurrent.Executors$RunnableAdapter.call(Executors.java:511)
	at java.util.concurrent.FutureTask.run(FutureTask.java:266)
	at java.util.concurrent.ThreadPoolExecutor.runWorker(ThreadPoolExecutor.java:1149)
	at java.util.concurrent.ThreadPoolExecutor$Worker.run(ThreadPoolExecutor.java:624)
	at java.lang.Thread.run(Thread.java:748)
Heap
 PSYoungGen      total 129024K, used 53104K [0x00000000f5980000, 0x0000000100000000, 0x0000000100000000)
  eden space 128512K, 41% used [0x00000000f5980000,0x00000000f8d0c238,0x00000000fd700000)
  from space 512K, 62% used [0x00000000fd700000,0x00000000fd750000,0x00000000fd780000)
  to   space 40960K, 0% used [0x00000000fd800000,0x00000000fd800000,0x0000000100000000)
 ParOldGen       total 341504K, used 38541K [0x00000000e0c00000, 0x00000000f5980000, 0x00000000f5980000)
  object space 341504K, 11% used [0x00000000e0c00000,0x00000000e31a35e8,0x00000000f5980000)
 Metaspace       used 35497K, capacity 36414K, committed 36696K, reserved 1081344K
  class space    used 4923K, capacity 5129K, committed 5248K, reserved 1048576K
