05:22:00,378 |-INFO in ch.qos.logback.classic.LoggerContext[default] - Could NOT find resource [logback-test.xml]
05:22:00,378 |-INFO in ch.qos.logback.classic.LoggerContext[default] - Could NOT find resource [logback.groovy]
05:22:00,378 |-INFO in ch.qos.logback.classic.LoggerContext[default] - Found resource [logback.xml] at [jar:file:/root/flamestream/lib/flamestream-runtime-1.0-SNAPSHOT.jar!/logback.xml]
05:22:00,383 |-WARN in ch.qos.logback.classic.LoggerContext[default] - Resource [logback.xml] occurs multiple times on the classpath.
05:22:00,383 |-WARN in ch.qos.logback.classic.LoggerContext[default] - Resource [logback.xml] occurs at [jar:file:/root/flamestream/lib/flamestream-runtime-1.0-SNAPSHOT.jar!/logback.xml]
05:22:00,383 |-WARN in ch.qos.logback.classic.LoggerContext[default] - Resource [logback.xml] occurs at [jar:file:/root/flamestream/flamestream-runtime-1.0-SNAPSHOT.jar!/logback.xml]
05:22:00,403 |-INFO in ch.qos.logback.core.joran.spi.ConfigurationWatchList@3fb6a447 - URL [jar:file:/root/flamestream/lib/flamestream-runtime-1.0-SNAPSHOT.jar!/logback.xml] is not of type file
05:22:00,476 |-INFO in ch.qos.logback.classic.joran.action.ConfigurationAction - debug attribute not set
05:22:00,476 |-INFO in ch.qos.logback.core.joran.action.AppenderAction - About to instantiate appender of type [ch.qos.logback.core.ConsoleAppender]
05:22:00,489 |-INFO in ch.qos.logback.core.joran.action.AppenderAction - Naming appender as [STDOUT]
05:22:00,509 |-INFO in ch.qos.logback.core.joran.action.NestedComplexPropertyIA - Assuming default type [ch.qos.logback.classic.encoder.PatternLayoutEncoder] for [encoder] property
05:22:00,594 |-INFO in ch.qos.logback.core.joran.action.AppenderAction - About to instantiate appender of type [ch.qos.logback.core.rolling.RollingFileAppender]
05:22:00,599 |-INFO in ch.qos.logback.core.joran.action.AppenderAction - Naming appender as [FILE]
05:22:00,629 |-INFO in c.q.l.core.rolling.TimeBasedRollingPolicy@127618319 - No compression will be used
05:22:00,630 |-INFO in c.q.l.core.rolling.TimeBasedRollingPolicy@127618319 - Will use the pattern /tmp/application_%d{yyyy-MM-dd}.%i.log for the active file
05:22:00,633 |-INFO in ch.qos.logback.core.rolling.SizeAndTimeBasedFNATP@6b2fad11 - The date pattern is 'yyyy-MM-dd' from file name pattern '/tmp/application_%d{yyyy-MM-dd}.%i.log'.
05:22:00,633 |-INFO in ch.qos.logback.core.rolling.SizeAndTimeBasedFNATP@6b2fad11 - Roll-over at midnight.
05:22:00,638 |-INFO in ch.qos.logback.core.rolling.SizeAndTimeBasedFNATP@6b2fad11 - Setting initial period to Tue Jun 11 05:20:44 UTC 2019
05:22:00,638 |-WARN in ch.qos.logback.core.rolling.SizeAndTimeBasedFNATP@6b2fad11 - SizeAndTimeBasedFNATP is deprecated. Use SizeAndTimeBasedRollingPolicy instead
05:22:00,638 |-WARN in ch.qos.logback.core.rolling.SizeAndTimeBasedFNATP@6b2fad11 - For more information see http://logback.qos.ch/manual/appenders.html#SizeAndTimeBasedRollingPolicy
05:22:00,642 |-INFO in ch.qos.logback.core.joran.action.NestedComplexPropertyIA - Assuming default type [ch.qos.logback.classic.encoder.PatternLayoutEncoder] for [encoder] property
05:22:00,647 |-INFO in ch.qos.logback.core.rolling.RollingFileAppender[FILE] - Active log file name: /tmp/application.log
05:22:00,648 |-INFO in ch.qos.logback.core.rolling.RollingFileAppender[FILE] - File property is set to [/tmp/application.log]
05:22:00,648 |-INFO in ch.qos.logback.classic.joran.action.RootLoggerAction - Setting level of ROOT logger to WARN
05:22:00,648 |-INFO in ch.qos.logback.core.joran.action.AppenderRefAction - Attaching appender named [STDOUT] to Logger[ROOT]
05:22:00,650 |-INFO in ch.qos.logback.core.joran.action.AppenderRefAction - Attaching appender named [FILE] to Logger[ROOT]
05:22:00,650 |-INFO in ch.qos.logback.classic.joran.action.ConfigurationAction - End of configuration.
05:22:00,651 |-INFO in ch.qos.logback.classic.joran.JoranConfigurator@79698539 - Registering current configuration as safe fallback point

Ama winner
Ama winner
2019-06-11T05:22:01.924+0000: 1.725: [Full GC (Metadata GC Threshold) 2019-06-11T05:22:01.924+0000: 1.725: [Tenured: 0K->15241K(341376K), 0.0425301 secs] 117750K->15241K(494976K), [Metaspace: 20730K->20730K(1067008K)], 0.0425981 secs] [Times: user=0.03 sys=0.01, real=0.04 secs] 
05:22:17.567 [Curator-PathChildrenCache-1] WARN  o.a.c.u.ZKPaths  - The version of ZooKeeper being used doesn't support Container nodes. CreateMode.PERSISTENT will be used instead.
2019-06-11T05:22:19.915+0000: 19.716: [GC (Allocation Failure) 2019-06-11T05:22:19.915+0000: 19.716: [DefNew: 136576K->17023K(153600K), 0.0258295 secs] 151817K->52633K(494976K), 0.0258964 secs] [Times: user=0.02 sys=0.00, real=0.02 secs] 
2019-06-11T05:22:21.921+0000: 21.722: [Full GC (Metadata GC Threshold) 2019-06-11T05:22:21.921+0000: 21.722: [Tenured: 35609K->43974K(341376K), 0.0421029 secs] 102529K->43974K(494976K), [Metaspace: 34597K->34597K(1079296K)], 0.0421770 secs] [Times: user=0.04 sys=0.00, real=0.04 secs] 
2019-06-11T05:22:26.813+0000: 26.614: [GC (Allocation Failure) 2019-06-11T05:22:26.813+0000: 26.614: [DefNew: 136576K->59K(153600K), 0.0017809 secs] 180550K->44034K(494976K), 0.0018401 secs] [Times: user=0.01 sys=0.00, real=0.01 secs] 
2019-06-11T05:22:31.801+0000: 31.602: [GC (Allocation Failure) 2019-06-11T05:22:31.801+0000: 31.602: [DefNew: 136635K->92K(153600K), 0.0016612 secs] 180610K->44067K(494976K), 0.0017271 secs] [Times: user=0.01 sys=0.00, real=0.00 secs] 
2019-06-11T05:22:36.758+0000: 36.559: [GC (Allocation Failure) 2019-06-11T05:22:36.758+0000: 36.559: [DefNew: 136668K->127K(153600K), 0.0016826 secs] 180643K->44102K(494976K), 0.0017490 secs] [Times: user=0.00 sys=0.00, real=0.00 secs] 
2019-06-11T05:22:41.777+0000: 41.578: [GC (Allocation Failure) 2019-06-11T05:22:41.777+0000: 41.578: [DefNew: 136703K->161K(153600K), 0.0016909 secs] 180678K->44136K(494976K), 0.0017508 secs] [Times: user=0.01 sys=0.00, real=0.00 secs] 
05:22:51.238 [Curator-PathChildrenCache-0] ERROR o.a.c.f.r.c.PathChildrenCache  - 
java.lang.IllegalStateException: instance must be started before calling this method
	at org.apache.curator.shaded.com.google.common.base.Preconditions.checkState(Preconditions.java:444)
	at org.apache.curator.framework.imps.CuratorFrameworkImpl.getChildren(CuratorFrameworkImpl.java:456)
	at org.apache.curator.framework.recipes.cache.PathChildrenCache.refresh(PathChildrenCache.java:521)
	at org.apache.curator.framework.recipes.cache.RefreshOperation.invoke(RefreshOperation.java:35)
	at org.apache.curator.framework.recipes.cache.PathChildrenCache$9.run(PathChildrenCache.java:786)
	at java.util.concurrent.Executors$RunnableAdapter.call(Executors.java:511)
	at java.util.concurrent.FutureTask.run(FutureTask.java:266)
	at java.util.concurrent.Executors$RunnableAdapter.call(Executors.java:511)
	at java.util.concurrent.FutureTask.run(FutureTask.java:266)
	at java.util.concurrent.ThreadPoolExecutor.runWorker(ThreadPoolExecutor.java:1149)
	at java.util.concurrent.ThreadPoolExecutor$Worker.run(ThreadPoolExecutor.java:624)
	at java.lang.Thread.run(Thread.java:748)
Heap
 def new generation   total 153600K, used 129311K [0x00000000e0c00000, 0x00000000eb2a0000, 0x00000000eb2a0000)
  eden space 136576K,  94% used [0x00000000e0c00000, 0x00000000e8a1f740, 0x00000000e9160000)
  from space 17024K,   0% used [0x00000000ea200000, 0x00000000ea2284d8, 0x00000000eb2a0000)
  to   space 17024K,   0% used [0x00000000e9160000, 0x00000000e9160000, 0x00000000ea200000)
 tenured generation   total 341376K, used 43974K [0x00000000eb2a0000, 0x0000000100000000, 0x0000000100000000)
   the space 341376K,  12% used [0x00000000eb2a0000, 0x00000000edd91bf8, 0x00000000edd91c00, 0x0000000100000000)
 Metaspace       used 35727K, capacity 36646K, committed 36864K, reserved 1081344K
  class space    used 4826K, capacity 5043K, committed 5120K, reserved 1048576K
