22:39:25,519 |-INFO in ch.qos.logback.classic.LoggerContext[default] - Could NOT find resource [logback-test.xml]
22:39:25,519 |-INFO in ch.qos.logback.classic.LoggerContext[default] - Could NOT find resource [logback.groovy]
22:39:25,519 |-INFO in ch.qos.logback.classic.LoggerContext[default] - Found resource [logback.xml] at [jar:file:/home/nikitasokolov/flamestream/lib/flamestream-runtime-1.0-SNAPSHOT.jar!/logback.xml]
22:39:25,520 |-WARN in ch.qos.logback.classic.LoggerContext[default] - Resource [logback.xml] occurs multiple times on the classpath.
22:39:25,520 |-WARN in ch.qos.logback.classic.LoggerContext[default] - Resource [logback.xml] occurs at [jar:file:/home/nikitasokolov/flamestream/lib/flamestream-runtime-1.0-SNAPSHOT.jar!/logback.xml]
22:39:25,520 |-WARN in ch.qos.logback.classic.LoggerContext[default] - Resource [logback.xml] occurs at [jar:file:/home/nikitasokolov/flamestream/flamestream-runtime-1.0-SNAPSHOT.jar!/logback.xml]
22:39:25,536 |-INFO in ch.qos.logback.core.joran.spi.ConfigurationWatchList@2f7a2457 - URL [jar:file:/home/nikitasokolov/flamestream/lib/flamestream-runtime-1.0-SNAPSHOT.jar!/logback.xml] is not of type file
22:39:25,587 |-INFO in ch.qos.logback.classic.joran.action.ConfigurationAction - debug attribute not set
22:39:25,588 |-INFO in ch.qos.logback.core.joran.action.AppenderAction - About to instantiate appender of type [ch.qos.logback.core.ConsoleAppender]
22:39:25,596 |-INFO in ch.qos.logback.core.joran.action.AppenderAction - Naming appender as [STDOUT]
22:39:25,603 |-INFO in ch.qos.logback.core.joran.action.NestedComplexPropertyIA - Assuming default type [ch.qos.logback.classic.encoder.PatternLayoutEncoder] for [encoder] property
22:39:25,660 |-INFO in ch.qos.logback.core.joran.action.AppenderAction - About to instantiate appender of type [ch.qos.logback.core.rolling.RollingFileAppender]
22:39:25,666 |-INFO in ch.qos.logback.core.joran.action.AppenderAction - Naming appender as [FILE]
22:39:25,688 |-INFO in c.q.l.core.rolling.TimeBasedRollingPolicy@1449621165 - No compression will be used
22:39:25,690 |-INFO in c.q.l.core.rolling.TimeBasedRollingPolicy@1449621165 - Will use the pattern /tmp/application_%d{yyyy-MM-dd}.%i.log for the active file
22:39:25,692 |-INFO in ch.qos.logback.core.rolling.SizeAndTimeBasedFNATP@6108b2d7 - The date pattern is 'yyyy-MM-dd' from file name pattern '/tmp/application_%d{yyyy-MM-dd}.%i.log'.
22:39:25,692 |-INFO in ch.qos.logback.core.rolling.SizeAndTimeBasedFNATP@6108b2d7 - Roll-over at midnight.
22:39:25,696 |-INFO in ch.qos.logback.core.rolling.SizeAndTimeBasedFNATP@6108b2d7 - Setting initial period to Thu May 30 22:38:10 MSK 2019
22:39:25,696 |-WARN in ch.qos.logback.core.rolling.SizeAndTimeBasedFNATP@6108b2d7 - SizeAndTimeBasedFNATP is deprecated. Use SizeAndTimeBasedRollingPolicy instead
22:39:25,696 |-WARN in ch.qos.logback.core.rolling.SizeAndTimeBasedFNATP@6108b2d7 - For more information see http://logback.qos.ch/manual/appenders.html#SizeAndTimeBasedRollingPolicy
22:39:25,701 |-INFO in ch.qos.logback.core.joran.action.NestedComplexPropertyIA - Assuming default type [ch.qos.logback.classic.encoder.PatternLayoutEncoder] for [encoder] property
22:39:25,704 |-INFO in ch.qos.logback.core.rolling.RollingFileAppender[FILE] - Active log file name: /tmp/application.log
22:39:25,704 |-INFO in ch.qos.logback.core.rolling.RollingFileAppender[FILE] - File property is set to [/tmp/application.log]
22:39:25,705 |-INFO in ch.qos.logback.classic.joran.action.RootLoggerAction - Setting level of ROOT logger to WARN
22:39:25,705 |-INFO in ch.qos.logback.core.joran.action.AppenderRefAction - Attaching appender named [STDOUT] to Logger[ROOT]
22:39:25,705 |-INFO in ch.qos.logback.core.joran.action.AppenderRefAction - Attaching appender named [FILE] to Logger[ROOT]
22:39:25,705 |-INFO in ch.qos.logback.classic.joran.action.ConfigurationAction - End of configuration.
22:39:25,706 |-INFO in ch.qos.logback.classic.joran.JoranConfigurator@1554909b - Registering current configuration as safe fallback point

2019-05-30T22:39:26.708+0300: 1.418: [GC (Metadata GC Threshold) [PSYoungGen: 108082K->15881K(149504K)] 108082K->15961K(491008K), 0.0248160 secs] [Times: user=0.06 sys=0.02, real=0.03 secs] 
2019-05-30T22:39:26.733+0300: 1.443: [Full GC (Metadata GC Threshold) [PSYoungGen: 15881K->0K(149504K)] [ParOldGen: 80K->15081K(341504K)] 15961K->15081K(491008K), [Metaspace: 20804K->20804K(1067008K)], 0.0337667 secs] [Times: user=0.17 sys=0.03, real=0.03 secs] 
22:39:36.668 [Curator-PathChildrenCache-2] WARN  o.a.c.u.ZKPaths  - The version of ZooKeeper being used doesn't support Container nodes. CreateMode.PERSISTENT will be used instead.
2019-05-30T22:39:37.381+0300: 12.090: [GC (Metadata GC Threshold) [PSYoungGen: 121850K->20987K(149504K)] 136931K->50853K(491008K), 0.0198601 secs] [Times: user=0.20 sys=0.05, real=0.02 secs] 
2019-05-30T22:39:37.401+0300: 12.110: [Full GC (Metadata GC Threshold) [PSYoungGen: 20987K->0K(149504K)] [ParOldGen: 29866K->39770K(341504K)] 50853K->39770K(491008K), [Metaspace: 34445K->34443K(1079296K)], 0.0342439 secs] [Times: user=0.17 sys=0.00, real=0.03 secs] 
22:39:46.268 [Curator-PathChildrenCache-0] ERROR o.a.c.f.r.c.PathChildrenCache  - 
java.lang.IllegalStateException: instance must be started before calling this method
	at org.apache.curator.shaded.com.google.common.base.Preconditions.checkState(Preconditions.java:444)
	at org.apache.curator.framework.imps.CuratorFrameworkImpl.getChildren(CuratorFrameworkImpl.java:456)
	at org.apache.curator.framework.recipes.cache.PathChildrenCache.refresh(PathChildrenCache.java:521)
	at org.apache.curator.framework.recipes.cache.RefreshOperation.invoke(RefreshOperation.java:35)
	at org.apache.curator.framework.recipes.cache.PathChildrenCache$9.run(PathChildrenCache.java:786)
	at java.util.concurrent.Executors$RunnableAdapter.call(Executors.java:511)
	at java.util.concurrent.FutureTask.run(FutureTask.java:266)
	at java.util.concurrent.Executors$RunnableAdapter.call(Executors.java:511)
	at java.util.concurrent.FutureTask.run(FutureTask.java:266)
	at java.util.concurrent.ThreadPoolExecutor.runWorker(ThreadPoolExecutor.java:1149)
	at java.util.concurrent.ThreadPoolExecutor$Worker.run(ThreadPoolExecutor.java:624)
	at java.lang.Thread.run(Thread.java:748)
Heap
 PSYoungGen      total 149504K, used 48120K [0x00000000f5980000, 0x0000000100000000, 0x0000000100000000)
  eden space 128512K, 37% used [0x00000000f5980000,0x00000000f887e170,0x00000000fd700000)
  from space 20992K, 0% used [0x00000000feb80000,0x00000000feb80000,0x0000000100000000)
  to   space 20992K, 0% used [0x00000000fd700000,0x00000000fd700000,0x00000000feb80000)
 ParOldGen       total 341504K, used 39770K [0x00000000e0c00000, 0x00000000f5980000, 0x00000000f5980000)
  object space 341504K, 11% used [0x00000000e0c00000,0x00000000e32d6948,0x00000000f5980000)
 Metaspace       used 35775K, capacity 36746K, committed 36952K, reserved 1081344K
  class space    used 4972K, capacity 5153K, committed 5248K, reserved 1048576K
