00:18:26,524 |-INFO in ch.qos.logback.classic.LoggerContext[default] - Could NOT find resource [logback-test.xml]
00:18:26,524 |-INFO in ch.qos.logback.classic.LoggerContext[default] - Could NOT find resource [logback.groovy]
00:18:26,524 |-INFO in ch.qos.logback.classic.LoggerContext[default] - Found resource [logback.xml] at [jar:file:/home/nikitasokolov/flamestream/lib/flamestream-runtime-1.0-SNAPSHOT.jar!/logback.xml]
00:18:26,525 |-WARN in ch.qos.logback.classic.LoggerContext[default] - Resource [logback.xml] occurs multiple times on the classpath.
00:18:26,525 |-WARN in ch.qos.logback.classic.LoggerContext[default] - Resource [logback.xml] occurs at [jar:file:/home/nikitasokolov/flamestream/lib/flamestream-runtime-1.0-SNAPSHOT.jar!/logback.xml]
00:18:26,525 |-WARN in ch.qos.logback.classic.LoggerContext[default] - Resource [logback.xml] occurs at [jar:file:/home/nikitasokolov/flamestream/flamestream-runtime-1.0-SNAPSHOT.jar!/logback.xml]
00:18:26,541 |-INFO in ch.qos.logback.core.joran.spi.ConfigurationWatchList@2f7a2457 - URL [jar:file:/home/nikitasokolov/flamestream/lib/flamestream-runtime-1.0-SNAPSHOT.jar!/logback.xml] is not of type file
00:18:26,593 |-INFO in ch.qos.logback.classic.joran.action.ConfigurationAction - debug attribute not set
00:18:26,594 |-INFO in ch.qos.logback.core.joran.action.AppenderAction - About to instantiate appender of type [ch.qos.logback.core.ConsoleAppender]
00:18:26,602 |-INFO in ch.qos.logback.core.joran.action.AppenderAction - Naming appender as [STDOUT]
00:18:26,609 |-INFO in ch.qos.logback.core.joran.action.NestedComplexPropertyIA - Assuming default type [ch.qos.logback.classic.encoder.PatternLayoutEncoder] for [encoder] property
00:18:26,663 |-INFO in ch.qos.logback.core.joran.action.AppenderAction - About to instantiate appender of type [ch.qos.logback.core.rolling.RollingFileAppender]
00:18:26,668 |-INFO in ch.qos.logback.core.joran.action.AppenderAction - Naming appender as [FILE]
00:18:26,690 |-INFO in c.q.l.core.rolling.TimeBasedRollingPolicy@1449621165 - No compression will be used
00:18:26,691 |-INFO in c.q.l.core.rolling.TimeBasedRollingPolicy@1449621165 - Will use the pattern /tmp/application_%d{yyyy-MM-dd}.%i.log for the active file
00:18:26,694 |-INFO in ch.qos.logback.core.rolling.SizeAndTimeBasedFNATP@6108b2d7 - The date pattern is 'yyyy-MM-dd' from file name pattern '/tmp/application_%d{yyyy-MM-dd}.%i.log'.
00:18:26,694 |-INFO in ch.qos.logback.core.rolling.SizeAndTimeBasedFNATP@6108b2d7 - Roll-over at midnight.
00:18:26,698 |-INFO in ch.qos.logback.core.rolling.SizeAndTimeBasedFNATP@6108b2d7 - Setting initial period to Sat Jun 08 00:17:40 MSK 2019
00:18:26,698 |-WARN in ch.qos.logback.core.rolling.SizeAndTimeBasedFNATP@6108b2d7 - SizeAndTimeBasedFNATP is deprecated. Use SizeAndTimeBasedRollingPolicy instead
00:18:26,698 |-WARN in ch.qos.logback.core.rolling.SizeAndTimeBasedFNATP@6108b2d7 - For more information see http://logback.qos.ch/manual/appenders.html#SizeAndTimeBasedRollingPolicy
00:18:26,703 |-INFO in ch.qos.logback.core.joran.action.NestedComplexPropertyIA - Assuming default type [ch.qos.logback.classic.encoder.PatternLayoutEncoder] for [encoder] property
00:18:26,706 |-INFO in ch.qos.logback.core.rolling.RollingFileAppender[FILE] - Active log file name: /tmp/application.log
00:18:26,706 |-INFO in ch.qos.logback.core.rolling.RollingFileAppender[FILE] - File property is set to [/tmp/application.log]
00:18:26,707 |-INFO in ch.qos.logback.classic.joran.action.RootLoggerAction - Setting level of ROOT logger to WARN
00:18:26,707 |-INFO in ch.qos.logback.core.joran.action.AppenderRefAction - Attaching appender named [STDOUT] to Logger[ROOT]
00:18:26,707 |-INFO in ch.qos.logback.core.joran.action.AppenderRefAction - Attaching appender named [FILE] to Logger[ROOT]
00:18:26,707 |-INFO in ch.qos.logback.classic.joran.action.ConfigurationAction - End of configuration.
00:18:26,708 |-INFO in ch.qos.logback.classic.joran.JoranConfigurator@1554909b - Registering current configuration as safe fallback point

2019-06-08T00:18:27.718+0300: 1.401: [GC (Metadata GC Threshold) [PSYoungGen: 108082K->15779K(149504K)] 108082K->15859K(491008K), 0.0178455 secs] [Times: user=0.07 sys=0.01, real=0.01 secs] 
2019-06-08T00:18:27.736+0300: 1.418: [Full GC (Metadata GC Threshold) [PSYoungGen: 15779K->0K(149504K)] [ParOldGen: 80K->14984K(341504K)] 15859K->14984K(491008K), [Metaspace: 20805K->20805K(1067008K)], 0.0241227 secs] [Times: user=0.15 sys=0.00, real=0.03 secs] 
00:18:39.111 [Curator-PathChildrenCache-1] WARN  o.a.c.u.ZKPaths  - The version of ZooKeeper being used doesn't support Container nodes. CreateMode.PERSISTENT will be used instead.
2019-06-08T00:18:40.381+0300: 14.064: [GC (Metadata GC Threshold) [PSYoungGen: 126188K->20987K(149504K)] 141172K->49732K(491008K), 0.0247667 secs] [Times: user=0.26 sys=0.04, real=0.02 secs] 
2019-06-08T00:18:40.406+0300: 14.089: [Full GC (Metadata GC Threshold) [PSYoungGen: 20987K->0K(149504K)] [ParOldGen: 28744K->38703K(341504K)] 49732K->38703K(491008K), [Metaspace: 34569K->34569K(1079296K)], 0.0342175 secs] [Times: user=0.18 sys=0.00, real=0.04 secs] 
2019-06-08T00:18:43.242+0300: 16.925: [GC (Allocation Failure) [PSYoungGen: 128512K->480K(149504K)] 167215K->39191K(491008K), 0.0024280 secs] [Times: user=0.01 sys=0.00, real=0.00 secs] 
2019-06-08T00:18:46.632+0300: 20.315: [GC (Allocation Failure) [PSYoungGen: 128992K->672K(149504K)] 167703K->39391K(491008K), 0.0027756 secs] [Times: user=0.01 sys=0.00, real=0.00 secs] 
2019-06-08T00:18:49.868+0300: 23.550: [GC (Allocation Failure) [PSYoungGen: 129184K->608K(129536K)] 167903K->39327K(471040K), 0.0034187 secs] [Times: user=0.02 sys=0.00, real=0.01 secs] 
2019-06-08T00:18:53.503+0300: 27.186: [GC (Allocation Failure) [PSYoungGen: 129120K->672K(133120K)] 167839K->39391K(474624K), 0.0036927 secs] [Times: user=0.01 sys=0.00, real=0.00 secs] 
00:19:03.455 [Curator-PathChildrenCache-0] ERROR o.a.c.f.r.c.PathChildrenCache  - 
java.lang.IllegalStateException: instance must be started before calling this method
	at org.apache.curator.shaded.com.google.common.base.Preconditions.checkState(Preconditions.java:444)
	at org.apache.curator.framework.imps.CuratorFrameworkImpl.getChildren(CuratorFrameworkImpl.java:456)
	at org.apache.curator.framework.recipes.cache.PathChildrenCache.refresh(PathChildrenCache.java:521)
	at org.apache.curator.framework.recipes.cache.RefreshOperation.invoke(RefreshOperation.java:35)
	at org.apache.curator.framework.recipes.cache.PathChildrenCache$9.run(PathChildrenCache.java:786)
	at java.util.concurrent.Executors$RunnableAdapter.call(Executors.java:511)
	at java.util.concurrent.FutureTask.run(FutureTask.java:266)
	at java.util.concurrent.Executors$RunnableAdapter.call(Executors.java:511)
	at java.util.concurrent.FutureTask.run(FutureTask.java:266)
	at java.util.concurrent.ThreadPoolExecutor.runWorker(ThreadPoolExecutor.java:1149)
	at java.util.concurrent.ThreadPoolExecutor$Worker.run(ThreadPoolExecutor.java:624)
	at java.lang.Thread.run(Thread.java:748)
Heap
 PSYoungGen      total 133120K, used 63949K [0x00000000f5980000, 0x0000000100000000, 0x0000000100000000)
  eden space 93696K, 67% used [0x00000000f5980000,0x00000000f974b700,0x00000000fb500000)
  from space 39424K, 1% used [0x00000000fd980000,0x00000000fda280a0,0x0000000100000000)
  to   space 37376K, 0% used [0x00000000fb500000,0x00000000fb500000,0x00000000fd980000)
 ParOldGen       total 341504K, used 38719K [0x00000000e0c00000, 0x00000000f5980000, 0x00000000f5980000)
  object space 341504K, 11% used [0x00000000e0c00000,0x00000000e31cfc98,0x00000000f5980000)
 Metaspace       used 35708K, capacity 36584K, committed 36952K, reserved 1081344K
  class space    used 4945K, capacity 5136K, committed 5248K, reserved 1048576K
