15:10:51,351 |-INFO in ch.qos.logback.classic.LoggerContext[default] - Could NOT find resource [logback-test.xml]
15:10:51,351 |-INFO in ch.qos.logback.classic.LoggerContext[default] - Could NOT find resource [logback.groovy]
15:10:51,351 |-INFO in ch.qos.logback.classic.LoggerContext[default] - Found resource [logback.xml] at [jar:file:/root/flamestream/lib/flamestream-runtime-1.0-SNAPSHOT.jar!/logback.xml]
15:10:51,352 |-WARN in ch.qos.logback.classic.LoggerContext[default] - Resource [logback.xml] occurs multiple times on the classpath.
15:10:51,352 |-WARN in ch.qos.logback.classic.LoggerContext[default] - Resource [logback.xml] occurs at [jar:file:/root/flamestream/lib/flamestream-runtime-1.0-SNAPSHOT.jar!/logback.xml]
15:10:51,352 |-WARN in ch.qos.logback.classic.LoggerContext[default] - Resource [logback.xml] occurs at [jar:file:/root/flamestream/flamestream-runtime-1.0-SNAPSHOT.jar!/logback.xml]
15:10:51,371 |-INFO in ch.qos.logback.core.joran.spi.ConfigurationWatchList@3fb6a447 - URL [jar:file:/root/flamestream/lib/flamestream-runtime-1.0-SNAPSHOT.jar!/logback.xml] is not of type file
15:10:51,442 |-INFO in ch.qos.logback.classic.joran.action.ConfigurationAction - debug attribute not set
15:10:51,443 |-INFO in ch.qos.logback.core.joran.action.AppenderAction - About to instantiate appender of type [ch.qos.logback.core.ConsoleAppender]
15:10:51,460 |-INFO in ch.qos.logback.core.joran.action.AppenderAction - Naming appender as [STDOUT]
15:10:51,475 |-INFO in ch.qos.logback.core.joran.action.NestedComplexPropertyIA - Assuming default type [ch.qos.logback.classic.encoder.PatternLayoutEncoder] for [encoder] property
15:10:51,547 |-INFO in ch.qos.logback.core.joran.action.AppenderAction - About to instantiate appender of type [ch.qos.logback.core.rolling.RollingFileAppender]
15:10:51,559 |-INFO in ch.qos.logback.core.joran.action.AppenderAction - Naming appender as [FILE]
15:10:51,587 |-INFO in c.q.l.core.rolling.TimeBasedRollingPolicy@127618319 - No compression will be used
15:10:51,589 |-INFO in c.q.l.core.rolling.TimeBasedRollingPolicy@127618319 - Will use the pattern /tmp/application_%d{yyyy-MM-dd}.%i.log for the active file
15:10:51,592 |-INFO in ch.qos.logback.core.rolling.SizeAndTimeBasedFNATP@6b2fad11 - The date pattern is 'yyyy-MM-dd' from file name pattern '/tmp/application_%d{yyyy-MM-dd}.%i.log'.
15:10:51,592 |-INFO in ch.qos.logback.core.rolling.SizeAndTimeBasedFNATP@6b2fad11 - Roll-over at midnight.
15:10:51,597 |-INFO in ch.qos.logback.core.rolling.SizeAndTimeBasedFNATP@6b2fad11 - Setting initial period to Mon Jun 10 15:09:32 UTC 2019
15:10:51,597 |-WARN in ch.qos.logback.core.rolling.SizeAndTimeBasedFNATP@6b2fad11 - SizeAndTimeBasedFNATP is deprecated. Use SizeAndTimeBasedRollingPolicy instead
15:10:51,597 |-WARN in ch.qos.logback.core.rolling.SizeAndTimeBasedFNATP@6b2fad11 - For more information see http://logback.qos.ch/manual/appenders.html#SizeAndTimeBasedRollingPolicy
15:10:51,601 |-INFO in ch.qos.logback.core.joran.action.NestedComplexPropertyIA - Assuming default type [ch.qos.logback.classic.encoder.PatternLayoutEncoder] for [encoder] property
15:10:51,606 |-INFO in ch.qos.logback.core.rolling.RollingFileAppender[FILE] - Active log file name: /tmp/application.log
15:10:51,606 |-INFO in ch.qos.logback.core.rolling.RollingFileAppender[FILE] - File property is set to [/tmp/application.log]
15:10:51,607 |-INFO in ch.qos.logback.classic.joran.action.RootLoggerAction - Setting level of ROOT logger to WARN
15:10:51,607 |-INFO in ch.qos.logback.core.joran.action.AppenderRefAction - Attaching appender named [STDOUT] to Logger[ROOT]
15:10:51,607 |-INFO in ch.qos.logback.core.joran.action.AppenderRefAction - Attaching appender named [FILE] to Logger[ROOT]
15:10:51,607 |-INFO in ch.qos.logback.classic.joran.action.ConfigurationAction - End of configuration.
15:10:51,610 |-INFO in ch.qos.logback.classic.joran.JoranConfigurator@79698539 - Registering current configuration as safe fallback point

Ama winner
Ama winner
2019-06-10T15:10:53.213+0000: 2.047: [Full GC (Metadata GC Threshold) 2019-06-10T15:10:53.213+0000: 2.047: [Tenured: 0K->15241K(341376K), 0.0404490 secs] 117782K->15241K(494976K), [Metaspace: 20739K->20739K(1067008K)], 0.0405197 secs] [Times: user=0.03 sys=0.01, real=0.04 secs] 
15:11:08.985 [Curator-PathChildrenCache-1] WARN  o.a.c.u.ZKPaths  - The version of ZooKeeper being used doesn't support Container nodes. CreateMode.PERSISTENT will be used instead.
2019-06-10T15:11:11.022+0000: 19.856: [GC (Allocation Failure) 2019-06-10T15:11:11.022+0000: 19.856: [DefNew: 117343K->16581K(153600K), 0.0175520 secs] 132585K->31823K(494976K), 0.0176195 secs] [Times: user=0.01 sys=0.01, real=0.02 secs] 
2019-06-10T15:11:12.251+0000: 21.085: [Full GC (Metadata GC Threshold) 2019-06-10T15:11:12.251+0000: 21.085: [Tenured: 15241K->43674K(341376K), 0.0545305 secs] 78647K->43674K(494976K), [Metaspace: 34568K->34568K(1079296K)], 0.0546154 secs] [Times: user=0.05 sys=0.00, real=0.05 secs] 
2019-06-10T15:11:18.468+0000: 27.302: [GC (Allocation Failure) 2019-06-10T15:11:18.468+0000: 27.302: [DefNew: 136576K->77K(153600K), 0.0019253 secs] 180250K->43751K(494976K), 0.0019848 secs] [Times: user=0.00 sys=0.00, real=0.01 secs] 
2019-06-10T15:11:24.591+0000: 33.426: [GC (Allocation Failure) 2019-06-10T15:11:24.592+0000: 33.426: [DefNew: 136653K->109K(153600K), 0.0018225 secs] 180327K->43783K(494976K), 0.0029214 secs] [Times: user=0.01 sys=0.00, real=0.00 secs] 
2019-06-10T15:11:30.703+0000: 39.537: [GC (Allocation Failure) 2019-06-10T15:11:30.703+0000: 39.537: [DefNew: 136685K->143K(153600K), 0.0019449 secs] 180359K->43817K(494976K), 0.0020090 secs] [Times: user=0.00 sys=0.00, real=0.00 secs] 
2019-06-10T15:11:36.860+0000: 45.693: [GC (Allocation Failure) 2019-06-10T15:11:36.860+0000: 45.694: [DefNew: 136719K->174K(153600K), 0.0018738 secs] 180393K->43848K(494976K), 0.0019377 secs] [Times: user=0.00 sys=0.00, real=0.00 secs] 
15:11:47.962 [Curator-PathChildrenCache-0] ERROR o.a.c.f.r.c.PathChildrenCache  - 
java.lang.IllegalStateException: instance must be started before calling this method
	at org.apache.curator.shaded.com.google.common.base.Preconditions.checkState(Preconditions.java:444)
	at org.apache.curator.framework.imps.CuratorFrameworkImpl.getChildren(CuratorFrameworkImpl.java:456)
	at org.apache.curator.framework.recipes.cache.PathChildrenCache.refresh(PathChildrenCache.java:521)
	at org.apache.curator.framework.recipes.cache.RefreshOperation.invoke(RefreshOperation.java:35)
	at org.apache.curator.framework.recipes.cache.PathChildrenCache$9.run(PathChildrenCache.java:786)
	at java.util.concurrent.Executors$RunnableAdapter.call(Executors.java:511)
	at java.util.concurrent.FutureTask.run(FutureTask.java:266)
	at java.util.concurrent.Executors$RunnableAdapter.call(Executors.java:511)
	at java.util.concurrent.FutureTask.run(FutureTask.java:266)
	at java.util.concurrent.ThreadPoolExecutor.runWorker(ThreadPoolExecutor.java:1149)
	at java.util.concurrent.ThreadPoolExecutor$Worker.run(ThreadPoolExecutor.java:624)
	at java.lang.Thread.run(Thread.java:748)
Heap
 def new generation   total 153600K, used 126186K [0x00000000e0c00000, 0x00000000eb2a0000, 0x00000000eb2a0000)
  eden space 136576K,  92% used [0x00000000e0c00000, 0x00000000e870ef58, 0x00000000e9160000)
  from space 17024K,   1% used [0x00000000ea200000, 0x00000000ea22baa0, 0x00000000eb2a0000)
  to   space 17024K,   0% used [0x00000000e9160000, 0x00000000e9160000, 0x00000000ea200000)
 tenured generation   total 341376K, used 43674K [0x00000000eb2a0000, 0x0000000100000000, 0x0000000100000000)
   the space 341376K,  12% used [0x00000000eb2a0000, 0x00000000edd46828, 0x00000000edd46a00, 0x0000000100000000)
 Metaspace       used 35781K, capacity 36704K, committed 36864K, reserved 1081344K
  class space    used 4830K, capacity 5042K, committed 5120K, reserved 1048576K
