15:10:59,987 |-INFO in ch.qos.logback.classic.LoggerContext[default] - Could NOT find resource [logback-test.xml]
15:10:59,988 |-INFO in ch.qos.logback.classic.LoggerContext[default] - Could NOT find resource [logback.groovy]
15:10:59,988 |-INFO in ch.qos.logback.classic.LoggerContext[default] - Found resource [logback.xml] at [jar:file:/home/nikitasokolov/flamestream/lib/flamestream-runtime-1.0-SNAPSHOT.jar!/logback.xml]
15:10:59,988 |-WARN in ch.qos.logback.classic.LoggerContext[default] - Resource [logback.xml] occurs multiple times on the classpath.
15:10:59,989 |-WARN in ch.qos.logback.classic.LoggerContext[default] - Resource [logback.xml] occurs at [jar:file:/home/nikitasokolov/flamestream/lib/flamestream-runtime-1.0-SNAPSHOT.jar!/logback.xml]
15:10:59,989 |-WARN in ch.qos.logback.classic.LoggerContext[default] - Resource [logback.xml] occurs at [jar:file:/home/nikitasokolov/flamestream/flamestream-runtime-1.0-SNAPSHOT.jar!/logback.xml]
15:11:00,004 |-INFO in ch.qos.logback.core.joran.spi.ConfigurationWatchList@2f7a2457 - URL [jar:file:/home/nikitasokolov/flamestream/lib/flamestream-runtime-1.0-SNAPSHOT.jar!/logback.xml] is not of type file
15:11:00,056 |-INFO in ch.qos.logback.classic.joran.action.ConfigurationAction - debug attribute not set
15:11:00,056 |-INFO in ch.qos.logback.core.joran.action.AppenderAction - About to instantiate appender of type [ch.qos.logback.core.ConsoleAppender]
15:11:00,064 |-INFO in ch.qos.logback.core.joran.action.AppenderAction - Naming appender as [STDOUT]
15:11:00,071 |-INFO in ch.qos.logback.core.joran.action.NestedComplexPropertyIA - Assuming default type [ch.qos.logback.classic.encoder.PatternLayoutEncoder] for [encoder] property
15:11:00,125 |-INFO in ch.qos.logback.core.joran.action.AppenderAction - About to instantiate appender of type [ch.qos.logback.core.rolling.RollingFileAppender]
15:11:00,130 |-INFO in ch.qos.logback.core.joran.action.AppenderAction - Naming appender as [FILE]
15:11:00,152 |-INFO in c.q.l.core.rolling.TimeBasedRollingPolicy@1449621165 - No compression will be used
15:11:00,154 |-INFO in c.q.l.core.rolling.TimeBasedRollingPolicy@1449621165 - Will use the pattern /tmp/application_%d{yyyy-MM-dd}.%i.log for the active file
15:11:00,156 |-INFO in ch.qos.logback.core.rolling.SizeAndTimeBasedFNATP@6108b2d7 - The date pattern is 'yyyy-MM-dd' from file name pattern '/tmp/application_%d{yyyy-MM-dd}.%i.log'.
15:11:00,156 |-INFO in ch.qos.logback.core.rolling.SizeAndTimeBasedFNATP@6108b2d7 - Roll-over at midnight.
15:11:00,161 |-INFO in ch.qos.logback.core.rolling.SizeAndTimeBasedFNATP@6108b2d7 - Setting initial period to Thu May 30 15:09:27 MSK 2019
15:11:00,161 |-WARN in ch.qos.logback.core.rolling.SizeAndTimeBasedFNATP@6108b2d7 - SizeAndTimeBasedFNATP is deprecated. Use SizeAndTimeBasedRollingPolicy instead
15:11:00,161 |-WARN in ch.qos.logback.core.rolling.SizeAndTimeBasedFNATP@6108b2d7 - For more information see http://logback.qos.ch/manual/appenders.html#SizeAndTimeBasedRollingPolicy
15:11:00,165 |-INFO in ch.qos.logback.core.joran.action.NestedComplexPropertyIA - Assuming default type [ch.qos.logback.classic.encoder.PatternLayoutEncoder] for [encoder] property
15:11:00,167 |-INFO in ch.qos.logback.core.rolling.RollingFileAppender[FILE] - Active log file name: /tmp/application.log
15:11:00,167 |-INFO in ch.qos.logback.core.rolling.RollingFileAppender[FILE] - File property is set to [/tmp/application.log]
15:11:00,169 |-INFO in ch.qos.logback.classic.joran.action.RootLoggerAction - Setting level of ROOT logger to WARN
15:11:00,169 |-INFO in ch.qos.logback.core.joran.action.AppenderRefAction - Attaching appender named [STDOUT] to Logger[ROOT]
15:11:00,169 |-INFO in ch.qos.logback.core.joran.action.AppenderRefAction - Attaching appender named [FILE] to Logger[ROOT]
15:11:00,169 |-INFO in ch.qos.logback.classic.joran.action.ConfigurationAction - End of configuration.
15:11:00,170 |-INFO in ch.qos.logback.classic.joran.JoranConfigurator@1554909b - Registering current configuration as safe fallback point

2019-05-30T15:11:01.173+0300: 1.372: [GC (Metadata GC Threshold) [PSYoungGen: 95231K->15939K(149504K)] 95231K->16019K(491008K), 0.0199897 secs] [Times: user=0.08 sys=0.05, real=0.02 secs] 
2019-05-30T15:11:01.193+0300: 1.392: [Full GC (Metadata GC Threshold) [PSYoungGen: 15939K->0K(149504K)] [ParOldGen: 80K->15080K(341504K)] 16019K->15080K(491008K), [Metaspace: 20804K->20804K(1067008K)], 0.0253527 secs] [Times: user=0.14 sys=0.01, real=0.02 secs] 
15:11:14.278 [Curator-PathChildrenCache-1] WARN  o.a.c.u.ZKPaths  - The version of ZooKeeper being used doesn't support Container nodes. CreateMode.PERSISTENT will be used instead.
2019-05-30T15:11:16.063+0300: 16.262: [GC (Allocation Failure) [PSYoungGen: 128512K->16443K(149504K)] 143592K->51062K(491008K), 0.0266294 secs] [Times: user=0.22 sys=0.01, real=0.02 secs] 
2019-05-30T15:11:16.499+0300: 16.698: [GC (Metadata GC Threshold) [PSYoungGen: 24277K->6030K(149504K)] 58897K->40657K(491008K), 0.0058026 secs] [Times: user=0.05 sys=0.01, real=0.01 secs] 
2019-05-30T15:11:16.505+0300: 16.704: [Full GC (Metadata GC Threshold) [PSYoungGen: 6030K->0K(149504K)] [ParOldGen: 34627K->29778K(341504K)] 40657K->29778K(491008K), [Metaspace: 34470K->34470K(1079296K)], 0.0376141 secs] [Times: user=0.17 sys=0.00, real=0.03 secs] 
2019-05-30T15:12:02.379+0300: 62.578: [GC (Allocation Failure) [PSYoungGen: 128512K->736K(149504K)] 158290K->30522K(491008K), 0.0037908 secs] [Times: user=0.02 sys=0.01, real=0.00 secs] 
15:12:14.470 [Curator-PathChildrenCache-0] ERROR o.a.c.f.r.c.PathChildrenCache  - 
java.lang.IllegalStateException: instance must be started before calling this method
	at org.apache.curator.shaded.com.google.common.base.Preconditions.checkState(Preconditions.java:444)
	at org.apache.curator.framework.imps.CuratorFrameworkImpl.getChildren(CuratorFrameworkImpl.java:456)
	at org.apache.curator.framework.recipes.cache.PathChildrenCache.refresh(PathChildrenCache.java:521)
	at org.apache.curator.framework.recipes.cache.RefreshOperation.invoke(RefreshOperation.java:35)
	at org.apache.curator.framework.recipes.cache.PathChildrenCache$9.run(PathChildrenCache.java:786)
	at java.util.concurrent.Executors$RunnableAdapter.call(Executors.java:511)
	at java.util.concurrent.FutureTask.run(FutureTask.java:266)
	at java.util.concurrent.Executors$RunnableAdapter.call(Executors.java:511)
	at java.util.concurrent.FutureTask.run(FutureTask.java:266)
	at java.util.concurrent.ThreadPoolExecutor.runWorker(ThreadPoolExecutor.java:1149)
	at java.util.concurrent.ThreadPoolExecutor$Worker.run(ThreadPoolExecutor.java:624)
	at java.lang.Thread.run(Thread.java:748)
Heap
 PSYoungGen      total 149504K, used 29864K [0x00000000f5980000, 0x0000000100000000, 0x0000000100000000)
  eden space 128512K, 22% used [0x00000000f5980000,0x00000000f75f2040,0x00000000fd700000)
  from space 20992K, 3% used [0x00000000feb80000,0x00000000fec38040,0x0000000100000000)
  to   space 20992K, 0% used [0x00000000fd700000,0x00000000fd700000,0x00000000feb80000)
 ParOldGen       total 341504K, used 29786K [0x00000000e0c00000, 0x00000000f5980000, 0x00000000f5980000)
  object space 341504K, 8% used [0x00000000e0c00000,0x00000000e2916b00,0x00000000f5980000)
 Metaspace       used 35894K, capacity 36786K, committed 36952K, reserved 1081344K
  class space    used 4962K, capacity 5161K, committed 5248K, reserved 1048576K
