14:40:05,269 |-INFO in ch.qos.logback.classic.LoggerContext[default] - Could NOT find resource [logback-test.xml]
14:40:05,270 |-INFO in ch.qos.logback.classic.LoggerContext[default] - Could NOT find resource [logback.groovy]
14:40:05,270 |-INFO in ch.qos.logback.classic.LoggerContext[default] - Found resource [logback.xml] at [jar:file:/root/flamestream/lib/flamestream-runtime-1.0-SNAPSHOT.jar!/logback.xml]
14:40:05,271 |-WARN in ch.qos.logback.classic.LoggerContext[default] - Resource [logback.xml] occurs multiple times on the classpath.
14:40:05,271 |-WARN in ch.qos.logback.classic.LoggerContext[default] - Resource [logback.xml] occurs at [jar:file:/root/flamestream/lib/flamestream-runtime-1.0-SNAPSHOT.jar!/logback.xml]
14:40:05,271 |-WARN in ch.qos.logback.classic.LoggerContext[default] - Resource [logback.xml] occurs at [jar:file:/root/flamestream/flamestream-runtime-1.0-SNAPSHOT.jar!/logback.xml]
14:40:05,291 |-INFO in ch.qos.logback.core.joran.spi.ConfigurationWatchList@3fb6a447 - URL [jar:file:/root/flamestream/lib/flamestream-runtime-1.0-SNAPSHOT.jar!/logback.xml] is not of type file
14:40:05,363 |-INFO in ch.qos.logback.classic.joran.action.ConfigurationAction - debug attribute not set
14:40:05,364 |-INFO in ch.qos.logback.core.joran.action.AppenderAction - About to instantiate appender of type [ch.qos.logback.core.ConsoleAppender]
14:40:05,375 |-INFO in ch.qos.logback.core.joran.action.AppenderAction - Naming appender as [STDOUT]
14:40:05,394 |-INFO in ch.qos.logback.core.joran.action.NestedComplexPropertyIA - Assuming default type [ch.qos.logback.classic.encoder.PatternLayoutEncoder] for [encoder] property
14:40:05,474 |-INFO in ch.qos.logback.core.joran.action.AppenderAction - About to instantiate appender of type [ch.qos.logback.core.rolling.RollingFileAppender]
14:40:05,480 |-INFO in ch.qos.logback.core.joran.action.AppenderAction - Naming appender as [FILE]
14:40:05,511 |-INFO in c.q.l.core.rolling.TimeBasedRollingPolicy@127618319 - No compression will be used
14:40:05,512 |-INFO in c.q.l.core.rolling.TimeBasedRollingPolicy@127618319 - Will use the pattern /tmp/application_%d{yyyy-MM-dd}.%i.log for the active file
14:40:05,515 |-INFO in ch.qos.logback.core.rolling.SizeAndTimeBasedFNATP@6b2fad11 - The date pattern is 'yyyy-MM-dd' from file name pattern '/tmp/application_%d{yyyy-MM-dd}.%i.log'.
14:40:05,515 |-INFO in ch.qos.logback.core.rolling.SizeAndTimeBasedFNATP@6b2fad11 - Roll-over at midnight.
14:40:05,521 |-INFO in ch.qos.logback.core.rolling.SizeAndTimeBasedFNATP@6b2fad11 - Setting initial period to Sat Jun 29 11:05:05 UTC 2019
14:40:05,521 |-WARN in ch.qos.logback.core.rolling.SizeAndTimeBasedFNATP@6b2fad11 - SizeAndTimeBasedFNATP is deprecated. Use SizeAndTimeBasedRollingPolicy instead
14:40:05,521 |-WARN in ch.qos.logback.core.rolling.SizeAndTimeBasedFNATP@6b2fad11 - For more information see http://logback.qos.ch/manual/appenders.html#SizeAndTimeBasedRollingPolicy
14:40:05,525 |-INFO in ch.qos.logback.core.joran.action.NestedComplexPropertyIA - Assuming default type [ch.qos.logback.classic.encoder.PatternLayoutEncoder] for [encoder] property
14:40:05,530 |-INFO in ch.qos.logback.core.rolling.RollingFileAppender[FILE] - Active log file name: /tmp/application.log
14:40:05,530 |-INFO in ch.qos.logback.core.rolling.RollingFileAppender[FILE] - File property is set to [/tmp/application.log]
14:40:05,531 |-INFO in ch.qos.logback.classic.joran.action.RootLoggerAction - Setting level of ROOT logger to INFO
14:40:05,531 |-INFO in ch.qos.logback.core.joran.action.AppenderRefAction - Attaching appender named [STDOUT] to Logger[ROOT]
14:40:05,531 |-INFO in ch.qos.logback.core.joran.action.AppenderRefAction - Attaching appender named [FILE] to Logger[ROOT]
14:40:05,531 |-INFO in ch.qos.logback.classic.joran.action.ConfigurationAction - End of configuration.
14:40:05,532 |-INFO in ch.qos.logback.classic.joran.JoranConfigurator@79698539 - Registering current configuration as safe fallback point

14:40:05.539 [main] INFO  c.s.f.r.WorkerApplication  - Starting worker with workerConfig 'WorkerConfig{id='10.0.0.227', localAddress=10.0.0.227:5412, zkString='10.0.0.167:12181', snapshotPath='/root/flamestream/data', guarantees=AT_MOST_ONCE, maxElementsInGraph=100, millisBetweenCommits=5000000, defaultMinimalTime=0, distributedAcker=false}'
14:40:06.530 [worker-akka.actor.default-dispatcher-4] INFO  a.e.s.Slf4jLogger  - Slf4jLogger started
Ama winner
Ama winner
14:40:06.799 [worker-akka.actor.default-dispatcher-4] INFO  a.r.a.a.ArteryAeronUdpTransport(akka://worker) akka.remote.artery.aeron.ArteryAeronUdpTransport(akka://worker) - Started embedded media driver in directory [/dev/shm/aeron-10.0.0.227]
2019-06-29T14:40:06.856+0000: 1.772: [Full GC (Metadata GC Threshold) 2019-06-29T14:40:06.856+0000: 1.772: [Tenured: 0K->15078K(1024000K), 0.0475501 secs] 155843K->15078K(1484800K), [Metaspace: 20730K->20730K(1067008K)], 0.0476138 secs] [Times: user=0.05 sys=0.00, real=0.05 secs] 
14:40:07.029 [worker-akka.actor.default-dispatcher-4] INFO  a.r.a.a.ArteryAeronUdpTransport(akka://worker) akka.remote.artery.aeron.ArteryAeronUdpTransport(akka://worker) - Remoting started with transport [Artery aeron-udp]; listening on address [akka://worker@10.0.0.227:5412] with UID [8113778010949942874]
14:40:07.327 [worker-akka.actor.default-dispatcher-6] INFO  a.a.RepointableActorRef akka://worker/user/watcher - Starting...
14:40:07.432 [worker-akka.actor.default-dispatcher-4] INFO  o.a.c.u.Compatibility  - Running in ZooKeeper 3.4.x compatibility mode
14:40:07.480 [worker-akka.actor.default-dispatcher-4] INFO  o.a.c.f.i.CuratorFrameworkImpl  - Starting
14:40:07.498 [worker-akka.actor.default-dispatcher-4] INFO  o.a.z.ZooKeeper  - Client environment:zookeeper.version=3.4.9-1757313, built on 08/23/2016 06:50 GMT
14:40:07.500 [worker-akka.actor.default-dispatcher-4] INFO  o.a.z.ZooKeeper  - Client environment:host.name=localhost
14:40:07.501 [worker-akka.actor.default-dispatcher-4] INFO  o.a.z.ZooKeeper  - Client environment:java.version=1.8.0_212
14:40:07.501 [worker-akka.actor.default-dispatcher-4] INFO  o.a.z.ZooKeeper  - Client environment:java.vendor=Oracle Corporation
14:40:07.501 [worker-akka.actor.default-dispatcher-4] INFO  o.a.z.ZooKeeper  - Client environment:java.home=/usr/lib/jvm/java-8-openjdk-amd64/jre
14:40:07.501 [worker-akka.actor.default-dispatcher-4] INFO  o.a.z.ZooKeeper  - Client environment:java.class.path=lib/commons-cli-1.4.jar:lib/minlog-1.3.0.jar:lib/asm-5.0.4.jar:lib/commons-csv-1.4.jar:lib/annotations-13.0.jar:lib/akka-slf4j_2.11-2.5.15.jar:lib/lz4-1.3.0.jar:lib/scala-java8-compat_2.11-0.7.0.jar:lib/jblas-1.2.4.jar:lib/objenesis-2.1.jar:lib/jackson-annotations-2.8.0.jar:lib/akka-actor_2.11-2.5.15.jar:lib/curator-client-4.0.1.jar:lib/aeron-client-1.9.3.jar:lib/leveldb-0.7.jar:lib/flamestream-core-1.0-SNAPSHOT.jar:lib/reflectasm-1.07-shaded.jar:lib/akka-testkit_2.11-2.5.15.jar:lib/slf4j-simple-1.8.0-beta4.jar:lib/commons-lang-2.6.jar:lib/curator-recipes-4.0.1.jar:lib/logback-classic-1.2.3.jar:lib/jool-0.9.12.jar:lib/kryo-4.0.0.jar:lib/ssl-config-core_2.11-0.2.4.jar:lib/jackson-annotations-2.9.6.jar:lib/leveldbjni-all-1.8.jar:lib/jackson-core-2.8.4.jar:lib/netty-3.10.6.Final.jar:lib/trove4j-3.0.3.jar:lib/logback-core-1.2.3.jar:lib/flamestream-examples-1.0-SNAPSHOT.jar:lib/jackson-databind-2.8.4.jar:lib/flamestream-runtime-1.0-SNAPSHOT.jar:lib/slf4j-api-1.7.24.jar:lib/jline-0.9.94.jar:lib/jedis-2.9.0.jar:lib/akka-protobuf_2.11-2.5.15.jar:lib/kryonet-2.21.jar:lib/akka-kryo-serialization_2.11-0.5.0.jar:lib/config-1.3.1.jar:lib/testng-6.10.jar:lib/agrona-0.9.18.jar:lib/leveldb-api-0.7.jar:lib/reactive-streams-1.0.2.jar:lib/reflectasm-1.11.3.jar:lib/jcommander-1.48.jar:lib/minlog-1.2.jar:lib/akka-stream_2.11-2.5.15.jar:lib/scala-parser-combinators_2.11-1.1.1.jar:lib/zookeeper-3.4.9.jar:lib/commons-1.4.9.jar:lib/commons-pool2-2.4.2.jar:lib/commons-io-2.4.jar:lib/akka-remote_2.11-2.5.15.jar:lib/rocksdbjni-5.5.1.jar:lib/guava-21.0.jar:lib/aeron-driver-1.9.3.jar:lib/flamestream-core-1.0-SNAPSHOT-tests.jar:lib/annotations-12.0.jar:lib/curator-framework-4.0.1.jar:lib/scala-library-2.11.12.jar:flamestream-runtime-1.0-SNAPSHOT.jar
14:40:07.501 [worker-akka.actor.default-dispatcher-4] INFO  o.a.z.ZooKeeper  - Client environment:java.library.path=/usr/java/packages/lib/amd64:/usr/lib/x86_64-linux-gnu/jni:/lib/x86_64-linux-gnu:/usr/lib/x86_64-linux-gnu:/usr/lib/jni:/lib:/usr/lib
14:40:07.501 [worker-akka.actor.default-dispatcher-4] INFO  o.a.z.ZooKeeper  - Client environment:java.io.tmpdir=/tmp
14:40:07.501 [worker-akka.actor.default-dispatcher-4] INFO  o.a.z.ZooKeeper  - Client environment:java.compiler=<NA>
14:40:07.503 [worker-akka.actor.default-dispatcher-4] INFO  o.a.z.ZooKeeper  - Client environment:os.name=Linux
14:40:07.503 [worker-akka.actor.default-dispatcher-4] INFO  o.a.z.ZooKeeper  - Client environment:os.arch=amd64
14:40:07.503 [worker-akka.actor.default-dispatcher-4] INFO  o.a.z.ZooKeeper  - Client environment:os.version=4.4.0-1049-aws
14:40:07.503 [worker-akka.actor.default-dispatcher-4] INFO  o.a.z.ZooKeeper  - Client environment:user.name=root
14:40:07.503 [worker-akka.actor.default-dispatcher-4] INFO  o.a.z.ZooKeeper  - Client environment:user.home=/root
14:40:07.503 [worker-akka.actor.default-dispatcher-4] INFO  o.a.z.ZooKeeper  - Client environment:user.dir=/root/flamestream
14:40:07.505 [worker-akka.actor.default-dispatcher-4] INFO  o.a.z.ZooKeeper  - Initiating client connection, connectString=10.0.0.167:12181 sessionTimeout=60000 watcher=org.apache.curator.ConnectionState@7c87c4a0
14:40:07.538 [worker-akka.actor.default-dispatcher-4-SendThread(10.0.0.167:12181)] INFO  o.a.z.ClientCnxn  - Opening socket connection to server 10.0.0.167/10.0.0.167:12181. Will not attempt to authenticate using SASL (unknown error)
14:40:07.542 [worker-akka.actor.default-dispatcher-4] INFO  o.a.c.f.i.CuratorFrameworkImpl  - Default schema
14:40:07.545 [worker-akka.actor.default-dispatcher-4-SendThread(10.0.0.167:12181)] INFO  o.a.z.ClientCnxn  - Socket connection established to 10.0.0.167/10.0.0.167:12181, initiating session
14:40:07.555 [worker-akka.actor.default-dispatcher-4-SendThread(10.0.0.167:12181)] INFO  o.a.z.ClientCnxn  - Session establishment complete on server 10.0.0.167/10.0.0.167:12181, sessionid = 0x10001f1eb570002, negotiated timeout = 60000
14:40:07.565 [worker-akka.actor.default-dispatcher-4-EventThread] INFO  o.a.c.f.s.ConnectionStateManager  - State change: CONNECTED
14:40:07.572 [worker-akka.actor.default-dispatcher-6] INFO  a.a.RepointableActorRef akka://worker/user/watcher - Initializing rocksDB backend
14:40:08.280 [worker-akka.actor.default-dispatcher-3] INFO  a.a.LocalActorRef akka://worker/user/watcher/client-watcher - Starting...
14:40:08.289 [worker-akka.actor.default-dispatcher-4] INFO  a.a.LocalActorRef akka://worker/user/watcher/processing-watcher - Starting...
14:40:08.321 [worker-akka.actor.default-dispatcher-6] INFO  a.a.LocalActorRef akka://worker/user/watcher/acker - Starting...
14:40:19.171 [Curator-PathChildrenCache-2] WARN  o.a.c.u.ZKPaths  - The version of ZooKeeper being used doesn't support Container nodes. CreateMode.PERSISTENT will be used instead.
14:40:19.241 [worker-akka.actor.default-dispatcher-3] INFO  a.a.LocalActorRef akka://worker/user/watcher/processing-watcher/$a - Starting...
14:40:19.268 [worker-akka.actor.default-dispatcher-4] INFO  a.a.LocalActorRef akka://worker/user/watcher/processing-watcher/$a - Stopped
14:40:19.334 [worker-akka.actor.default-dispatcher-4] INFO  a.a.LocalActorRef akka://worker/user/watcher/processing-watcher/$c/$a - Starting...
14:40:19.342 [worker-akka.actor.default-dispatcher-3] INFO  a.a.LocalActorRef akka://worker/user/watcher/processing-watcher/$c - Starting...
14:40:19.370 [worker-akka.actor.default-dispatcher-2] INFO  a.a.LocalActorRef akka://worker/user/watcher/processing-watcher/registry-holder - Starting...
14:40:19.421 [worker-akka.actor.default-dispatcher-6] INFO  a.a.LocalActorRef akka://worker/user/watcher/processing-watcher/graph/graph - Starting...
14:40:19.426 [worker-akka.actor.default-dispatcher-6] INFO  a.a.LocalActorRef akka://worker/user/watcher/processing-watcher/committer/acker-ping - Starting...
14:40:19.430 [worker-akka.actor.default-dispatcher-2] INFO  a.a.LocalActorRef akka://worker/user/watcher/processing-watcher/committer - Starting...
14:40:19.439 [worker-akka.actor.default-dispatcher-6] INFO  a.a.LocalActorRef akka://worker/user/watcher/processing-watcher/registry-holder - Got gimme 'com.spbsu.flamestream.runtime.master.acker.api.commit.GimmeLastCommit@69d219d1'
14:40:20.135 [worker-akka.actor.default-dispatcher-6] INFO  a.a.LocalActorRef akka://worker/user/watcher/processing-watcher/graph/graph - Finishing constructor
14:40:20.136 [worker-akka.actor.default-dispatcher-6] INFO  a.a.LocalActorRef akka://worker/user/watcher/processing-watcher/graph/negotiator - Starting...
14:40:20.138 [worker-akka.actor.default-dispatcher-6] INFO  a.a.LocalActorRef akka://worker/user/watcher/processing-watcher/registry-holder - Got gimme 'com.spbsu.flamestream.runtime.master.acker.api.commit.GimmeLastCommit@46070fef'
14:40:20.139 [worker-akka.actor.default-dispatcher-5] INFO  a.a.LocalActorRef akka://worker/user/watcher/processing-watcher/graph/graph - Received last commit 'LastCommit{globalTime=(0000000, min@min)}'
14:40:20.142 [worker-akka.actor.default-dispatcher-5] INFO  a.a.LocalActorRef akka://worker/user/watcher/processing-watcher/graph/edge - Starting...
14:40:20.142 [worker-akka.actor.default-dispatcher-6] INFO  a.a.LocalActorRef akka://worker/user/watcher/processing-watcher/graph - Starting FlameNode with config 'ClusterConfig{paths={10.0.0.217=akka://worker@10.0.0.217:5412/user/watcher/processing-watcher/graph, 10.0.0.227=akka://worker@10.0.0.227:5412/user/watcher/processing-watcher/graph, 10.0.0.218=akka://worker@10.0.0.218:5412/user/watcher/processing-watcher/graph, 10.0.0.213=akka://worker@10.0.0.213:5412/user/watcher/processing-watcher/graph, 10.0.0.132=akka://worker@10.0.0.132:5412/user/watcher/processing-watcher/graph, 10.0.0.13=akka://worker@10.0.0.13:5412/user/watcher/processing-watcher/graph, 10.0.0.144=akka://worker@10.0.0.144:5412/user/watcher/processing-watcher/graph}, masterLocation='10.0.0.227', hashGroups={10.0.0.217=com.spbsu.flamestream.runtime.config.HashGroup@c2d47651, 10.0.0.227=com.spbsu.flamestream.runtime.config.HashGroup@ccfa54a2, 10.0.0.218=com.spbsu.flamestream.runtime.config.HashGroup@ffa417bd, 10.0.0.213=com.spbsu.flamestream.runtime.config.HashGroup@9693b47d, 10.0.0.132=com.spbsu.flamestream.runtime.config.HashGroup@4e74169, 10.0.0.13=com.spbsu.flamestream.runtime.config.HashGroup@8cfc1dd2, 10.0.0.144=com.spbsu.flamestream.runtime.config.HashGroup@6469268}}'
14:40:20.161 [worker-akka.actor.default-dispatcher-4] INFO  a.a.LocalActorRef akka://worker/user/watcher/processing-watcher/graph/negotiator - Requesting ticket for the frontClass FlameSocketGraphDeployerFront@10.0.0.227
14:40:20.188 [worker-akka.actor.default-dispatcher-6] INFO  c.s.f.r.e.s.SocketRear  - FlameSocketGraphDeployerRear@10.0.0.227: connecting to 10.0.0.167:5678
14:40:20.247 [worker-akka.actor.default-dispatcher-6] INFO  c.s.f.r.e.s.SocketRear  - FlameSocketGraphDeployerRear@10.0.0.227: connected to 10.0.0.167:5678
14:40:20.248 [worker-akka.actor.default-dispatcher-11] INFO  a.a.LocalActorRef akka://worker/user/watcher/processing-watcher/graph/edge/FlameSocketGraphDeployerRear - Starting...
14:40:20.259 [worker-akka.actor.default-dispatcher-6] INFO  a.a.LocalActorRef akka://worker/user/watcher/processing-watcher/graph/edge/FlameSocketGraphDeployerFront - Starting...
14:40:20.332 [worker-akka.actor.default-dispatcher-5] INFO  a.a.LocalActorRef akka://worker/user/watcher/processing-watcher/registry-holder/$a - Starting...
14:40:20.356 [worker-akka.actor.default-dispatcher-5] INFO  a.a.LocalActorRef akka://worker/user/watcher/processing-watcher/graph/graph/$a - Starting...
14:40:20.357 [worker-akka.actor.default-dispatcher-5] INFO  a.a.LocalActorRef akka://worker/user/watcher/processing-watcher/registry-holder - Got gimme 'com.spbsu.flamestream.runtime.master.acker.api.commit.GimmeLastCommit@12d57736'
14:40:20.361 [worker-akka.actor.default-dispatcher-5] INFO  a.a.LocalActorRef akka://worker/user/watcher/processing-watcher/registry-holder/$b - Starting...
14:40:20.363 [worker-akka.actor.default-dispatcher-6] INFO  a.a.LocalActorRef akka://worker/user/watcher/processing-watcher/graph/graph/$b - Starting...
14:40:20.365 [worker-akka.actor.default-dispatcher-6] INFO  a.a.LocalActorRef akka://worker/user/watcher/processing-watcher/graph/graph/$c - Starting...
14:40:20.366 [worker-akka.actor.default-dispatcher-6] INFO  a.a.LocalActorRef akka://worker/user/watcher/processing-watcher/graph/graph/$d - Starting...
14:40:20.368 [worker-akka.actor.default-dispatcher-6] INFO  a.a.LocalActorRef akka://worker/user/watcher/processing-watcher/graph/graph/$e - Starting...
14:40:20.371 [worker-akka.actor.default-dispatcher-6] INFO  a.a.LocalActorRef akka://worker/user/watcher/processing-watcher/graph/graph/$f - Starting...
14:40:20.372 [worker-akka.actor.default-dispatcher-6] INFO  a.a.LocalActorRef akka://worker/user/watcher/processing-watcher/graph/graph/$g - Starting...
14:40:20.373 [worker-akka.actor.default-dispatcher-6] INFO  a.a.LocalActorRef akka://worker/user/watcher/processing-watcher/graph/graph/$h - Starting...
14:40:20.374 [worker-akka.actor.default-dispatcher-6] INFO  a.a.LocalActorRef akka://worker/user/watcher/processing-watcher/graph/graph/$i - Starting...
14:40:20.375 [worker-akka.actor.default-dispatcher-6] INFO  a.a.LocalActorRef akka://worker/user/watcher/processing-watcher/graph/graph/$j - Starting...
14:40:20.376 [worker-akka.actor.default-dispatcher-6] INFO  a.a.LocalActorRef akka://worker/user/watcher/processing-watcher/graph/graph/$k - Starting...
14:40:20.377 [worker-akka.actor.default-dispatcher-6] INFO  a.a.LocalActorRef akka://worker/user/watcher/processing-watcher/graph/graph/$l - Starting...
14:40:20.378 [worker-akka.actor.default-dispatcher-6] INFO  a.a.LocalActorRef akka://worker/user/watcher/processing-watcher/graph/graph/$m - Starting...
14:40:20.380 [worker-akka.actor.default-dispatcher-6] INFO  a.a.LocalActorRef akka://worker/user/watcher/processing-watcher/graph/graph/$n - Starting...
14:40:20.380 [worker-akka.actor.default-dispatcher-6] INFO  a.a.LocalActorRef akka://worker/user/watcher/processing-watcher/graph/graph/$o - Starting...
14:40:20.382 [worker-akka.actor.default-dispatcher-6] INFO  a.a.LocalActorRef akka://worker/user/watcher/processing-watcher/graph/graph/$p - Starting...
14:40:20.384 [worker-akka.actor.default-dispatcher-6] INFO  a.a.LocalActorRef akka://worker/user/watcher/processing-watcher/graph/graph/$q - Starting...
14:40:20.385 [worker-akka.actor.default-dispatcher-6] INFO  a.a.LocalActorRef akka://worker/user/watcher/processing-watcher/graph/graph/$r - Starting...
14:40:20.385 [worker-akka.actor.default-dispatcher-5] INFO  a.a.LocalActorRef akka://worker/user/watcher/processing-watcher/graph/graph/$s - Starting...
14:40:20.387 [worker-akka.actor.default-dispatcher-6] INFO  a.a.LocalActorRef akka://worker/user/watcher/processing-watcher/graph/graph/$t - Starting...
14:40:20.388 [worker-akka.actor.default-dispatcher-6] INFO  a.a.LocalActorRef akka://worker/user/watcher/processing-watcher/graph/graph/$u - Starting...
14:40:20.388 [worker-akka.actor.default-dispatcher-6] INFO  a.a.LocalActorRef akka://worker/user/watcher/processing-watcher/graph/graph/$v - Starting...
14:40:20.389 [worker-akka.actor.default-dispatcher-6] INFO  a.a.LocalActorRef akka://worker/user/watcher/processing-watcher/graph/graph/$w - Starting...
14:40:20.390 [worker-akka.actor.default-dispatcher-6] INFO  a.a.LocalActorRef akka://worker/user/watcher/processing-watcher/graph/graph/$x - Starting...
14:40:20.391 [worker-akka.actor.default-dispatcher-6] INFO  a.a.LocalActorRef akka://worker/user/watcher/processing-watcher/graph/graph/$y - Starting...
14:40:20.392 [worker-akka.actor.default-dispatcher-6] INFO  a.a.LocalActorRef akka://worker/user/watcher/processing-watcher/graph/graph/$z - Starting...
14:40:20.393 [worker-akka.actor.default-dispatcher-6] INFO  a.a.LocalActorRef akka://worker/user/watcher/processing-watcher/graph/graph/$A - Starting...
14:40:20.396 [worker-akka.actor.default-dispatcher-6] INFO  a.a.LocalActorRef akka://worker/user/watcher/processing-watcher/graph/graph/$B - Starting...
14:40:20.396 [worker-akka.actor.default-dispatcher-6] INFO  a.a.LocalActorRef akka://worker/user/watcher/processing-watcher/graph/graph/$C - Starting...
14:40:20.396 [worker-akka.actor.default-dispatcher-6] INFO  a.a.LocalActorRef akka://worker/user/watcher/processing-watcher/graph/graph/$D - Starting...
14:40:20.396 [worker-akka.actor.default-dispatcher-6] INFO  a.a.LocalActorRef akka://worker/user/watcher/processing-watcher/graph/graph/$E - Starting...
14:40:20.398 [worker-akka.actor.default-dispatcher-6] INFO  a.a.LocalActorRef akka://worker/user/watcher/processing-watcher/graph/graph/$F - Starting...
14:40:20.399 [worker-akka.actor.default-dispatcher-6] INFO  a.a.LocalActorRef akka://worker/user/watcher/processing-watcher/graph/graph/$G - Starting...
14:40:20.401 [worker-akka.actor.default-dispatcher-6] INFO  a.a.LocalActorRef akka://worker/user/watcher/processing-watcher/graph/graph/$H - Starting...
14:40:20.402 [worker-akka.actor.default-dispatcher-6] INFO  a.a.LocalActorRef akka://worker/user/watcher/processing-watcher/graph/graph/$I - Starting...
14:40:20.403 [worker-akka.actor.default-dispatcher-6] INFO  a.a.LocalActorRef akka://worker/user/watcher/processing-watcher/graph/graph/$J - Starting...
14:40:20.405 [worker-akka.actor.default-dispatcher-6] INFO  a.a.LocalActorRef akka://worker/user/watcher/processing-watcher/graph/graph/$K - Starting...
14:40:20.406 [worker-akka.actor.default-dispatcher-6] INFO  a.a.LocalActorRef akka://worker/user/watcher/processing-watcher/graph/graph/$L - Starting...
14:40:20.407 [worker-akka.actor.default-dispatcher-6] INFO  a.a.LocalActorRef akka://worker/user/watcher/processing-watcher/graph/graph/$M - Starting...
14:40:20.407 [worker-akka.actor.default-dispatcher-6] INFO  a.a.LocalActorRef akka://worker/user/watcher/processing-watcher/graph/graph/$N - Starting...
14:40:20.410 [worker-akka.actor.default-dispatcher-6] INFO  a.a.LocalActorRef akka://worker/user/watcher/processing-watcher/graph/graph/$O - Starting...
14:40:20.410 [worker-akka.actor.default-dispatcher-6] INFO  a.a.LocalActorRef akka://worker/user/watcher/processing-watcher/graph/graph/$P - Starting...
14:40:20.411 [worker-akka.actor.default-dispatcher-6] INFO  a.a.LocalActorRef akka://worker/user/watcher/processing-watcher/graph/graph/$Q - Starting...
14:40:20.411 [worker-akka.actor.default-dispatcher-6] INFO  a.a.LocalActorRef akka://worker/user/watcher/processing-watcher/graph/graph/$R - Starting...
14:40:20.412 [worker-akka.actor.default-dispatcher-6] INFO  a.a.LocalActorRef akka://worker/user/watcher/processing-watcher/graph/graph/$S - Starting...
14:40:20.413 [worker-akka.actor.default-dispatcher-5] INFO  a.a.LocalActorRef akka://worker/user/watcher/processing-watcher/graph/graph/$T - Starting...
14:40:20.414 [worker-akka.actor.default-dispatcher-5] INFO  a.a.LocalActorRef akka://worker/user/watcher/processing-watcher/graph/graph/$U - Starting...
14:40:20.416 [worker-akka.actor.default-dispatcher-6] INFO  a.a.LocalActorRef akka://worker/user/watcher/processing-watcher/graph/graph/$V - Starting...
14:40:20.429 [worker-akka.actor.default-dispatcher-6] INFO  a.a.LocalActorRef akka://worker/user/watcher/processing-watcher/graph/graph/$V - Attached rear to graph (-9223372036854775808, min@min)
14:40:20.431 [worker-akka.actor.default-dispatcher-6] INFO  a.a.LocalActorRef akka://worker/user/watcher/processing-watcher/graph/graph/$W - Starting...
14:40:20.431 [worker-akka.actor.default-dispatcher-6] INFO  a.a.LocalActorRef akka://worker/user/watcher/processing-watcher/graph/graph/$X - Starting...
14:40:20.434 [worker-akka.actor.default-dispatcher-6] INFO  a.a.LocalActorRef akka://worker/user/watcher/processing-watcher/graph/graph/$Y - Starting...
14:40:20.435 [worker-akka.actor.default-dispatcher-6] INFO  a.a.LocalActorRef akka://worker/user/watcher/processing-watcher/graph/graph/$Z - Starting...
14:40:20.437 [worker-akka.actor.default-dispatcher-6] INFO  a.a.LocalActorRef akka://worker/user/watcher/processing-watcher/graph/graph/$0 - Starting...
14:40:20.438 [worker-akka.actor.default-dispatcher-6] INFO  a.a.LocalActorRef akka://worker/user/watcher/processing-watcher/graph/graph/$1 - Starting...
14:40:20.439 [worker-akka.actor.default-dispatcher-6] INFO  a.a.LocalActorRef akka://worker/user/watcher/processing-watcher/registry-holder/$a - Stopped
14:40:20.439 [worker-akka.actor.default-dispatcher-5] INFO  a.a.LocalActorRef akka://worker/user/watcher/processing-watcher/registry-holder/$b - Stopped
14:40:20.440 [worker-akka.actor.default-dispatcher-6] INFO  a.a.LocalActorRef akka://worker/user/watcher/processing-watcher/registry-holder - Registering timestamp 0 for FlameSocketGraphDeployerFront@10.0.0.227
14:40:20.450 [worker-akka.actor.default-dispatcher-6] INFO  a.a.LocalActorRef akka://worker/user/watcher/processing-watcher/registry-holder - Registering timestamp 0 for FlameSocketGraphDeployerFront@10.0.0.217
14:40:20.458 [worker-akka.actor.default-dispatcher-6] INFO  a.a.LocalActorRef akka://worker/user/watcher/processing-watcher/graph/negotiator - Ticket for the frontClass received: FrontTicket{allowedTimestamp=(0000000, FlameSocketGraphDeployerFront@10.0.0.227)}
14:40:20.459 [worker-akka.actor.default-dispatcher-6] INFO  c.s.f.r.e.s.SocketFront  - FlameSocketGraphDeployerFront@10.0.0.227: connecting to 10.0.0.167:4567
WatermarksVsAckerGraph start -1000
14:40:20.717 [worker-akka.actor.default-dispatcher-6] INFO  a.a.LocalActorRef akka://worker/user/watcher/processing-watcher/registry-holder - Got gimme 'com.spbsu.flamestream.runtime.master.acker.api.commit.GimmeLastCommit@1ac64b2d'
14:40:20.720 [worker-akka.actor.default-dispatcher-6] INFO  a.a.LocalActorRef akka://worker/user/watcher/processing-watcher/registry-holder/$c - Starting...
14:40:20.721 [worker-akka.actor.default-dispatcher-5] INFO  a.a.LocalActorRef akka://worker/user/watcher/processing-watcher/registry-holder/$c - Stopped
14:40:20.724 [worker-akka.actor.default-dispatcher-6] INFO  a.a.LocalActorRef akka://worker/user/watcher/processing-watcher/registry-holder - Registering timestamp 0 for FlameSocketGraphDeployerFront@10.0.0.218
14:40:20.828 [worker-akka.actor.default-dispatcher-6] INFO  a.a.LocalActorRef akka://worker/user/watcher/acker - Unregistering front FlameSocketGraphDeployerFront@10.0.0.217
14:40:20.901 [worker-akka.actor.default-dispatcher-6] INFO  a.a.LocalActorRef akka://worker/user/watcher/processing-watcher/registry-holder - Got gimme 'com.spbsu.flamestream.runtime.master.acker.api.commit.GimmeLastCommit@200c9c4f'
14:40:20.902 [worker-akka.actor.default-dispatcher-6] INFO  a.a.LocalActorRef akka://worker/user/watcher/processing-watcher/registry-holder/$d - Starting...
14:40:20.903 [worker-akka.actor.default-dispatcher-11] INFO  a.a.LocalActorRef akka://worker/user/watcher/processing-watcher/registry-holder/$d - Stopped
14:40:20.904 [worker-akka.actor.default-dispatcher-5] INFO  a.a.LocalActorRef akka://worker/user/watcher/processing-watcher/registry-holder - Registering timestamp 0 for FlameSocketGraphDeployerFront@10.0.0.213
14:40:21.029 [worker-akka.actor.default-dispatcher-5] INFO  a.a.LocalActorRef akka://worker/user/watcher/processing-watcher/registry-holder - Got gimme 'com.spbsu.flamestream.runtime.master.acker.api.commit.GimmeLastCommit@178904e9'
14:40:21.063 [worker-akka.actor.default-dispatcher-5] INFO  a.a.LocalActorRef akka://worker/user/watcher/processing-watcher/registry-holder/$e - Starting...
14:40:21.064 [worker-akka.actor.default-dispatcher-11] INFO  a.a.LocalActorRef akka://worker/user/watcher/processing-watcher/registry-holder/$e - Stopped
14:40:21.064 [worker-akka.actor.default-dispatcher-11] INFO  a.a.LocalActorRef akka://worker/user/watcher/processing-watcher/registry-holder - Registering timestamp 0 for FlameSocketGraphDeployerFront@10.0.0.132
14:40:21.070 [worker-akka.actor.default-dispatcher-5] INFO  a.a.LocalActorRef akka://worker/user/watcher/processing-watcher/registry-holder - Got gimme 'com.spbsu.flamestream.runtime.master.acker.api.commit.GimmeLastCommit@178aa0f0'
14:40:21.108 [worker-akka.actor.default-dispatcher-5] INFO  a.a.LocalActorRef akka://worker/user/watcher/processing-watcher/registry-holder/$f - Starting...
14:40:21.109 [worker-akka.actor.default-dispatcher-11] INFO  a.a.LocalActorRef akka://worker/user/watcher/processing-watcher/registry-holder/$f - Stopped
14:40:21.109 [worker-akka.actor.default-dispatcher-11] INFO  a.a.LocalActorRef akka://worker/user/watcher/processing-watcher/registry-holder - Registering timestamp 0 for FlameSocketGraphDeployerFront@10.0.0.13
14:40:21.117 [worker-akka.actor.default-dispatcher-5] INFO  a.a.LocalActorRef akka://worker/user/watcher/processing-watcher/registry-holder - Got gimme 'com.spbsu.flamestream.runtime.master.acker.api.commit.GimmeLastCommit@2a51493'
14:40:21.117 [worker-akka.actor.default-dispatcher-5] INFO  a.a.LocalActorRef akka://worker/user/watcher/processing-watcher/registry-holder/$g - Starting...
14:40:21.121 [worker-akka.actor.default-dispatcher-6] INFO  a.a.LocalActorRef akka://worker/user/watcher/acker - Unregistering front FlameSocketGraphDeployerFront@10.0.0.218
14:40:21.122 [worker-akka.actor.default-dispatcher-6] INFO  a.a.LocalActorRef akka://worker/user/watcher/processing-watcher/registry-holder/$g - Stopped
14:40:21.122 [worker-akka.actor.default-dispatcher-5] INFO  a.a.LocalActorRef akka://worker/user/watcher/processing-watcher/registry-holder - Registering timestamp 0 for FlameSocketGraphDeployerFront@10.0.0.144
14:40:21.257 [worker-akka.actor.default-dispatcher-5] INFO  a.a.LocalActorRef akka://worker/user/watcher/acker - Unregistering front FlameSocketGraphDeployerFront@10.0.0.213
14:40:21.342 [worker-akka.actor.default-dispatcher-5] INFO  a.a.LocalActorRef akka://worker/user/watcher/processing-watcher/committer - Initiating commit for time '(0000000, min@min)'
14:40:21.363 [worker-akka.actor.default-dispatcher-5] INFO  a.a.LocalActorRef akka://worker/user/watcher/processing-watcher/committer - Manager 'Actor[akka://worker/user/watcher/processing-watcher/graph/graph#-1958131900]' has prepared
14:40:21.365 [worker-akka.actor.default-dispatcher-5] INFO  a.a.LocalActorRef akka://worker/user/watcher/processing-watcher/committer - Manager 'Actor[akka://worker@10.0.0.217:5412/user/watcher/processing-watcher/graph/graph#-1842082156]' has prepared
14:40:21.368 [worker-akka.actor.default-dispatcher-5] INFO  a.a.LocalActorRef akka://worker/user/watcher/processing-watcher/committer - Manager 'Actor[akka://worker@10.0.0.218:5412/user/watcher/processing-watcher/graph/graph#-941999936]' has prepared
14:40:21.370 [worker-akka.actor.default-dispatcher-5] INFO  a.a.LocalActorRef akka://worker/user/watcher/processing-watcher/committer - Manager 'Actor[akka://worker@10.0.0.213:5412/user/watcher/processing-watcher/graph/graph#-514192596]' has prepared
14:40:21.430 [worker-akka.actor.default-dispatcher-5] INFO  a.a.LocalActorRef akka://worker/user/watcher/processing-watcher/committer - Manager 'Actor[akka://worker@10.0.0.132:5412/user/watcher/processing-watcher/graph/graph#1735953866]' has prepared
14:40:21.445 [worker-akka.actor.default-dispatcher-5] INFO  a.a.LocalActorRef akka://worker/user/watcher/acker - Unregistering front FlameSocketGraphDeployerFront@10.0.0.132
14:40:21.470 [worker-akka.actor.default-dispatcher-5] INFO  a.a.LocalActorRef akka://worker/user/watcher/processing-watcher/committer - Manager 'Actor[akka://worker@10.0.0.144:5412/user/watcher/processing-watcher/graph/graph#339584142]' has prepared
2019-06-29T14:40:21.499+0000: 16.415: [Full GC (Metadata GC Threshold) 2019-06-29T14:40:21.500+0000: 16.415: [Tenured: 15078K->227329K(1024000K), 0.1237052 secs] 408795K->227329K(1484800K), [Metaspace: 34391K->34391K(1079296K)], 0.1237876 secs] [Times: user=0.08 sys=0.05, real=0.12 secs] 
14:40:21.635 [worker-akka.actor.default-dispatcher-5] INFO  a.a.LocalActorRef akka://worker/user/watcher/acker - Unregistering front FlameSocketGraphDeployerFront@10.0.0.144
14:40:21.636 [worker-akka.actor.default-dispatcher-5] INFO  a.a.LocalActorRef akka://worker/user/watcher/acker - Unregistering front FlameSocketGraphDeployerFront@10.0.0.13
14:40:21.636 [worker-akka.actor.default-dispatcher-5] INFO  a.a.LocalActorRef akka://worker/user/watcher/processing-watcher/committer - Manager 'Actor[akka://worker@10.0.0.13:5412/user/watcher/processing-watcher/graph/graph#-1458496348]' has prepared
14:40:21.636 [worker-akka.actor.default-dispatcher-5] INFO  a.a.LocalActorRef akka://worker/user/watcher/processing-watcher/committer - All managers have prepared, committing
WatermarksVsAckerGraph start -900
WatermarksVsAckerGraph start -800
WatermarksVsAckerGraph start -700
WatermarksVsAckerGraph start -600
WatermarksVsAckerGraph start -500
WatermarksVsAckerGraph start -400
WatermarksVsAckerGraph start -300
WatermarksVsAckerGraph start -200
WatermarksVsAckerGraph start -100
WatermarksVsAckerGraph start 0
WatermarksVsAckerGraph start 100
WatermarksVsAckerGraph start 200
WatermarksVsAckerGraph start 300
WatermarksVsAckerGraph start 400
WatermarksVsAckerGraph start 500
WatermarksVsAckerGraph start 600
WatermarksVsAckerGraph start 700
WatermarksVsAckerGraph start 800
WatermarksVsAckerGraph start 900
WatermarksVsAckerGraph start 1000
WatermarksVsAckerGraph start 1100
WatermarksVsAckerGraph start 1200
WatermarksVsAckerGraph start 1300
WatermarksVsAckerGraph start 1400
WatermarksVsAckerGraph start 1500
WatermarksVsAckerGraph start 1600
WatermarksVsAckerGraph start 1700
WatermarksVsAckerGraph start 1800
WatermarksVsAckerGraph start 1900
WatermarksVsAckerGraph start 2000
WatermarksVsAckerGraph start 2100
WatermarksVsAckerGraph start 2200
WatermarksVsAckerGraph start 2300
WatermarksVsAckerGraph start 2400
WatermarksVsAckerGraph start 2500
WatermarksVsAckerGraph start 2600
WatermarksVsAckerGraph start 2700
WatermarksVsAckerGraph start 2800
WatermarksVsAckerGraph start 2900
WatermarksVsAckerGraph start 3000
WatermarksVsAckerGraph start 3100
WatermarksVsAckerGraph start 3200
WatermarksVsAckerGraph start 3300
WatermarksVsAckerGraph start 3400
WatermarksVsAckerGraph start 3500
WatermarksVsAckerGraph start 3600
WatermarksVsAckerGraph start 3700
WatermarksVsAckerGraph start 3800
WatermarksVsAckerGraph start 3900
WatermarksVsAckerGraph start 4000
WatermarksVsAckerGraph start 4100
WatermarksVsAckerGraph start 4200
WatermarksVsAckerGraph start 4300
WatermarksVsAckerGraph start 4400
WatermarksVsAckerGraph start 4500
WatermarksVsAckerGraph start 4600
WatermarksVsAckerGraph start 4700
WatermarksVsAckerGraph start 4800
WatermarksVsAckerGraph start 4900
WatermarksVsAckerGraph start 5000
WatermarksVsAckerGraph start 5100
WatermarksVsAckerGraph start 5200
WatermarksVsAckerGraph start 5300
2019-06-29T14:41:15.120+0000: 70.036: [GC (Allocation Failure) 2019-06-29T14:41:15.120+0000: 70.036: [DefNew: 409600K->1331K(460800K), 0.0065885 secs] 636929K->228660K(1484800K), 0.0066467 secs] [Times: user=0.01 sys=0.00, real=0.01 secs] 
WatermarksVsAckerGraph start 5400
WatermarksVsAckerGraph start 5500
WatermarksVsAckerGraph start 5600
WatermarksVsAckerGraph start 5700
WatermarksVsAckerGraph start 5800
WatermarksVsAckerGraph start 5900
WatermarksVsAckerGraph start 6000
WatermarksVsAckerGraph start 6100
WatermarksVsAckerGraph start 6200
WatermarksVsAckerGraph start 6300
WatermarksVsAckerGraph start 6400
WatermarksVsAckerGraph start 6500
WatermarksVsAckerGraph start 6600
WatermarksVsAckerGraph start 6700
WatermarksVsAckerGraph start 6800
WatermarksVsAckerGraph start 6900
WatermarksVsAckerGraph start 7000
WatermarksVsAckerGraph start 7100
WatermarksVsAckerGraph start 7200
WatermarksVsAckerGraph start 7300
WatermarksVsAckerGraph start 7400
WatermarksVsAckerGraph start 7500
WatermarksVsAckerGraph start 7600
WatermarksVsAckerGraph start 7700
WatermarksVsAckerGraph start 7800
WatermarksVsAckerGraph start 7900
WatermarksVsAckerGraph start 8000
WatermarksVsAckerGraph start 8100
WatermarksVsAckerGraph start 8200
WatermarksVsAckerGraph start 8300
WatermarksVsAckerGraph start 8400
WatermarksVsAckerGraph start 8500
WatermarksVsAckerGraph start 8600
WatermarksVsAckerGraph start 8700
WatermarksVsAckerGraph start 8800
WatermarksVsAckerGraph start 8900
WatermarksVsAckerGraph start 9000
WatermarksVsAckerGraph start 9100
WatermarksVsAckerGraph start 9200
WatermarksVsAckerGraph start 9300
WatermarksVsAckerGraph start 9400
WatermarksVsAckerGraph start 9500
WatermarksVsAckerGraph start 9600
WatermarksVsAckerGraph start 9700
WatermarksVsAckerGraph start 9800
WatermarksVsAckerGraph start 9900
WatermarksVsAckerGraph start 10000
WatermarksVsAckerGraph start 10100
WatermarksVsAckerGraph start 10200
WatermarksVsAckerGraph start 10300
WatermarksVsAckerGraph start 10400
WatermarksVsAckerGraph start 10500
2019-06-29T14:41:19.081+0000: 73.997: [GC (Allocation Failure) 2019-06-29T14:41:19.081+0000: 73.997: [DefNew: 410931K->884K(460800K), 0.0038751 secs] 638260K->228214K(1484800K), 0.0039300 secs] [Times: user=0.00 sys=0.00, real=0.00 secs] 
WatermarksVsAckerGraph start 10600
WatermarksVsAckerGraph start 10700
WatermarksVsAckerGraph start 10800
WatermarksVsAckerGraph start 10900
WatermarksVsAckerGraph start 11000
WatermarksVsAckerGraph start 11100
WatermarksVsAckerGraph start 11200
WatermarksVsAckerGraph start 11300
WatermarksVsAckerGraph start 11400
WatermarksVsAckerGraph start 11500
WatermarksVsAckerGraph start 11600
WatermarksVsAckerGraph start 11700
WatermarksVsAckerGraph start 11800
WatermarksVsAckerGraph start 11900
WatermarksVsAckerGraph start 12000
WatermarksVsAckerGraph start 12100
WatermarksVsAckerGraph start 12200
WatermarksVsAckerGraph start 12300
WatermarksVsAckerGraph start 12400
WatermarksVsAckerGraph start 12500
WatermarksVsAckerGraph start 12600
WatermarksVsAckerGraph start 12700
WatermarksVsAckerGraph start 12800
WatermarksVsAckerGraph start 12900
WatermarksVsAckerGraph start 13000
WatermarksVsAckerGraph start 13100
WatermarksVsAckerGraph start 13200
WatermarksVsAckerGraph start 13300
WatermarksVsAckerGraph start 13400
WatermarksVsAckerGraph start 13500
WatermarksVsAckerGraph start 13600
WatermarksVsAckerGraph start 13700
WatermarksVsAckerGraph start 13800
WatermarksVsAckerGraph start 13900
WatermarksVsAckerGraph start 14000
WatermarksVsAckerGraph start 14100
WatermarksVsAckerGraph start 14200
WatermarksVsAckerGraph start 14300
WatermarksVsAckerGraph start 14400
WatermarksVsAckerGraph start 14500
WatermarksVsAckerGraph start 14600
WatermarksVsAckerGraph start 14700
WatermarksVsAckerGraph start 14800
WatermarksVsAckerGraph start 14900
WatermarksVsAckerGraph start 15000
WatermarksVsAckerGraph start 15100
WatermarksVsAckerGraph start 15200
WatermarksVsAckerGraph start 15300
WatermarksVsAckerGraph start 15400
WatermarksVsAckerGraph start 15500
WatermarksVsAckerGraph start 15600
WatermarksVsAckerGraph start 15700
WatermarksVsAckerGraph start 15800
WatermarksVsAckerGraph start 15900
2019-06-29T14:41:23.117+0000: 78.033: [GC (Allocation Failure) 2019-06-29T14:41:23.117+0000: 78.033: [DefNew: 410484K->830K(460800K), 0.0030674 secs] 637814K->228159K(1484800K), 0.0031179 secs] [Times: user=0.01 sys=0.00, real=0.01 secs] 
WatermarksVsAckerGraph start 16000
WatermarksVsAckerGraph start 16100
WatermarksVsAckerGraph start 16200
WatermarksVsAckerGraph start 16300
WatermarksVsAckerGraph start 16400
WatermarksVsAckerGraph start 16500
WatermarksVsAckerGraph start 16600
WatermarksVsAckerGraph start 16700
WatermarksVsAckerGraph start 16800
WatermarksVsAckerGraph start 16900
WatermarksVsAckerGraph start 17000
WatermarksVsAckerGraph start 17100
WatermarksVsAckerGraph start 17200
WatermarksVsAckerGraph start 17300
WatermarksVsAckerGraph start 17400
WatermarksVsAckerGraph start 17500
WatermarksVsAckerGraph start 17600
WatermarksVsAckerGraph start 17700
WatermarksVsAckerGraph start 17800
WatermarksVsAckerGraph start 17900
WatermarksVsAckerGraph start 18000
WatermarksVsAckerGraph start 18100
WatermarksVsAckerGraph start 18200
WatermarksVsAckerGraph start 18300
WatermarksVsAckerGraph start 18400
WatermarksVsAckerGraph start 18500
WatermarksVsAckerGraph start 18600
WatermarksVsAckerGraph start 18700
WatermarksVsAckerGraph start 18800
WatermarksVsAckerGraph start 18900
WatermarksVsAckerGraph start 19000
WatermarksVsAckerGraph start 19100
WatermarksVsAckerGraph start 19200
WatermarksVsAckerGraph start 19300
WatermarksVsAckerGraph start 19400
WatermarksVsAckerGraph start 19500
WatermarksVsAckerGraph start 19600
WatermarksVsAckerGraph start 19700
WatermarksVsAckerGraph start 19800
WatermarksVsAckerGraph start 19900
WatermarksVsAckerGraph start 20000
WatermarksVsAckerGraph start 20100
WatermarksVsAckerGraph start 20200
WatermarksVsAckerGraph start 20300
WatermarksVsAckerGraph start 20400
WatermarksVsAckerGraph start 20500
WatermarksVsAckerGraph start 20600
WatermarksVsAckerGraph start 20700
WatermarksVsAckerGraph start 20800
WatermarksVsAckerGraph start 20900
WatermarksVsAckerGraph start 21000
WatermarksVsAckerGraph start 21100
WatermarksVsAckerGraph start 21200
WatermarksVsAckerGraph start 21300
WatermarksVsAckerGraph start 21400
WatermarksVsAckerGraph start 21500
WatermarksVsAckerGraph start 21600
WatermarksVsAckerGraph start 21700
WatermarksVsAckerGraph start 21800
2019-06-29T14:41:27.624+0000: 82.540: [GC (Allocation Failure) 2019-06-29T14:41:27.624+0000: 82.540: [DefNew: 410430K->844K(460800K), 0.0028410 secs] 637759K->228174K(1484800K), 0.0028942 secs] [Times: user=0.00 sys=0.00, real=0.01 secs] 
WatermarksVsAckerGraph start 21900
WatermarksVsAckerGraph start 22000
WatermarksVsAckerGraph start 22100
WatermarksVsAckerGraph start 22200
WatermarksVsAckerGraph start 22300
WatermarksVsAckerGraph start 22400
WatermarksVsAckerGraph start 22500
WatermarksVsAckerGraph start 22600
WatermarksVsAckerGraph start 22700
WatermarksVsAckerGraph start 22800
WatermarksVsAckerGraph start 22900
WatermarksVsAckerGraph start 23000
WatermarksVsAckerGraph start 23100
WatermarksVsAckerGraph start 23200
WatermarksVsAckerGraph start 23300
WatermarksVsAckerGraph start 23400
WatermarksVsAckerGraph start 23500
WatermarksVsAckerGraph start 23600
WatermarksVsAckerGraph start 23700
WatermarksVsAckerGraph start 23800
WatermarksVsAckerGraph start 23900
WatermarksVsAckerGraph start 24000
WatermarksVsAckerGraph start 24100
WatermarksVsAckerGraph start 24200
WatermarksVsAckerGraph start 24300
WatermarksVsAckerGraph start 24400
WatermarksVsAckerGraph start 24500
WatermarksVsAckerGraph start 24600
WatermarksVsAckerGraph start 24700
WatermarksVsAckerGraph start 24800
WatermarksVsAckerGraph start 24900
WatermarksVsAckerGraph start 25000
WatermarksVsAckerGraph start 25100
WatermarksVsAckerGraph start 25200
WatermarksVsAckerGraph start 25300
WatermarksVsAckerGraph start 25400
WatermarksVsAckerGraph start 25500
WatermarksVsAckerGraph start 25600
WatermarksVsAckerGraph start 25700
WatermarksVsAckerGraph start 25800
WatermarksVsAckerGraph start 25900
WatermarksVsAckerGraph start 26000
WatermarksVsAckerGraph start 26100
WatermarksVsAckerGraph start 26200
WatermarksVsAckerGraph start 26300
WatermarksVsAckerGraph start 26400
WatermarksVsAckerGraph start 26500
WatermarksVsAckerGraph start 26600
WatermarksVsAckerGraph start 26700
WatermarksVsAckerGraph start 26800
WatermarksVsAckerGraph start 26900
WatermarksVsAckerGraph start 27000
WatermarksVsAckerGraph start 27100
WatermarksVsAckerGraph start 27200
WatermarksVsAckerGraph start 27300
WatermarksVsAckerGraph start 27400
WatermarksVsAckerGraph start 27500
WatermarksVsAckerGraph start 27600
WatermarksVsAckerGraph start 27700
WatermarksVsAckerGraph start 27800
WatermarksVsAckerGraph start 27900
2019-06-29T14:41:32.188+0000: 87.104: [GC (Allocation Failure) 2019-06-29T14:41:32.188+0000: 87.104: [DefNew: 410444K->735K(460800K), 0.0028139 secs] 637774K->228064K(1484800K), 0.0028702 secs] [Times: user=0.00 sys=0.00, real=0.00 secs] 
WatermarksVsAckerGraph start 28000
WatermarksVsAckerGraph start 28100
WatermarksVsAckerGraph start 28200
WatermarksVsAckerGraph start 28300
WatermarksVsAckerGraph start 28400
WatermarksVsAckerGraph start 28500
WatermarksVsAckerGraph start 28600
WatermarksVsAckerGraph start 28700
WatermarksVsAckerGraph start 28800
WatermarksVsAckerGraph start 28900
WatermarksVsAckerGraph start 29000
WatermarksVsAckerGraph start 29100
WatermarksVsAckerGraph start 29200
WatermarksVsAckerGraph start 29300
WatermarksVsAckerGraph start 29400
WatermarksVsAckerGraph start 29500
WatermarksVsAckerGraph start 29600
WatermarksVsAckerGraph start 29700
WatermarksVsAckerGraph start 29800
WatermarksVsAckerGraph start 29900
WatermarksVsAckerGraph start 30000
WatermarksVsAckerGraph start 30100
WatermarksVsAckerGraph start 30200
WatermarksVsAckerGraph start 30300
WatermarksVsAckerGraph start 30400
WatermarksVsAckerGraph start 30500
WatermarksVsAckerGraph start 30600
WatermarksVsAckerGraph start 30700
WatermarksVsAckerGraph start 30800
WatermarksVsAckerGraph start 30900
WatermarksVsAckerGraph start 31000
WatermarksVsAckerGraph start 31100
WatermarksVsAckerGraph start 31200
WatermarksVsAckerGraph start 31300
WatermarksVsAckerGraph start 31400
WatermarksVsAckerGraph start 31500
WatermarksVsAckerGraph start 31600
WatermarksVsAckerGraph start 31700
WatermarksVsAckerGraph start 31800
WatermarksVsAckerGraph start 31900
WatermarksVsAckerGraph start 32000
WatermarksVsAckerGraph start 32100
WatermarksVsAckerGraph start 32200
WatermarksVsAckerGraph start 32300
WatermarksVsAckerGraph start 32400
WatermarksVsAckerGraph start 32500
WatermarksVsAckerGraph start 32600
WatermarksVsAckerGraph start 32700
WatermarksVsAckerGraph start 32800
WatermarksVsAckerGraph start 32900
WatermarksVsAckerGraph start 33000
WatermarksVsAckerGraph start 33100
WatermarksVsAckerGraph start 33200
WatermarksVsAckerGraph start 33300
WatermarksVsAckerGraph start 33400
WatermarksVsAckerGraph start 33500
WatermarksVsAckerGraph start 33600
WatermarksVsAckerGraph start 33700
WatermarksVsAckerGraph start 33800
2019-06-29T14:41:36.697+0000: 91.613: [GC (Allocation Failure) 2019-06-29T14:41:36.697+0000: 91.613: [DefNew: 410335K->949K(460800K), 0.0028453 secs] 637664K->228279K(1484800K), 0.0029195 secs] [Times: user=0.00 sys=0.00, real=0.01 secs] 
WatermarksVsAckerGraph start 33900
WatermarksVsAckerGraph start 34000
WatermarksVsAckerGraph start 34100
WatermarksVsAckerGraph start 34200
WatermarksVsAckerGraph start 34300
WatermarksVsAckerGraph start 34400
WatermarksVsAckerGraph start 34500
WatermarksVsAckerGraph start 34600
WatermarksVsAckerGraph start 34700
WatermarksVsAckerGraph start 34800
WatermarksVsAckerGraph start 34900
WatermarksVsAckerGraph start 35000
WatermarksVsAckerGraph start 35100
WatermarksVsAckerGraph start 35200
WatermarksVsAckerGraph start 35300
WatermarksVsAckerGraph start 35400
WatermarksVsAckerGraph start 35500
WatermarksVsAckerGraph start 35600
WatermarksVsAckerGraph start 35700
WatermarksVsAckerGraph start 35800
WatermarksVsAckerGraph start 35900
WatermarksVsAckerGraph start 36000
WatermarksVsAckerGraph start 36100
WatermarksVsAckerGraph start 36200
WatermarksVsAckerGraph start 36300
WatermarksVsAckerGraph start 36400
WatermarksVsAckerGraph start 36500
WatermarksVsAckerGraph start 36600
WatermarksVsAckerGraph start 36700
WatermarksVsAckerGraph start 36800
WatermarksVsAckerGraph start 36900
WatermarksVsAckerGraph start 37000
WatermarksVsAckerGraph start 37100
WatermarksVsAckerGraph start 37200
WatermarksVsAckerGraph start 37300
WatermarksVsAckerGraph start 37400
WatermarksVsAckerGraph start 37500
WatermarksVsAckerGraph start 37600
WatermarksVsAckerGraph start 37700
WatermarksVsAckerGraph start 37800
WatermarksVsAckerGraph start 37900
WatermarksVsAckerGraph start 38000
WatermarksVsAckerGraph start 38100
WatermarksVsAckerGraph start 38200
WatermarksVsAckerGraph start 38300
WatermarksVsAckerGraph start 38400
WatermarksVsAckerGraph start 38500
WatermarksVsAckerGraph start 38600
WatermarksVsAckerGraph start 38700
WatermarksVsAckerGraph start 38800
WatermarksVsAckerGraph start 38900
WatermarksVsAckerGraph start 39000
WatermarksVsAckerGraph start 39100
WatermarksVsAckerGraph start 39200
WatermarksVsAckerGraph start 39300
WatermarksVsAckerGraph start 39400
WatermarksVsAckerGraph start 39500
WatermarksVsAckerGraph start 39600
WatermarksVsAckerGraph start 39700
2019-06-29T14:41:41.154+0000: 96.069: [GC (Allocation Failure) 2019-06-29T14:41:41.154+0000: 96.069: [DefNew: 410549K->1273K(460800K), 0.0029660 secs] 637879K->228602K(1484800K), 0.0030280 secs] [Times: user=0.00 sys=0.00, real=0.00 secs] 
WatermarksVsAckerGraph start 39800
WatermarksVsAckerGraph start 39900
WatermarksVsAckerGraph start 40000
WatermarksVsAckerGraph start 40100
WatermarksVsAckerGraph start 40200
WatermarksVsAckerGraph start 40300
WatermarksVsAckerGraph start 40400
WatermarksVsAckerGraph start 40500
WatermarksVsAckerGraph start 40600
WatermarksVsAckerGraph start 40700
WatermarksVsAckerGraph start 40800
WatermarksVsAckerGraph start 40900
WatermarksVsAckerGraph start 41000
WatermarksVsAckerGraph start 41100
WatermarksVsAckerGraph start 41200
WatermarksVsAckerGraph start 41300
WatermarksVsAckerGraph start 41400
WatermarksVsAckerGraph start 41500
WatermarksVsAckerGraph start 41600
WatermarksVsAckerGraph start 41700
WatermarksVsAckerGraph start 41800
WatermarksVsAckerGraph start 41900
WatermarksVsAckerGraph start 42000
WatermarksVsAckerGraph start 42100
WatermarksVsAckerGraph start 42200
WatermarksVsAckerGraph start 42300
WatermarksVsAckerGraph start 42400
WatermarksVsAckerGraph start 42500
WatermarksVsAckerGraph start 42600
WatermarksVsAckerGraph start 42700
WatermarksVsAckerGraph start 42800
WatermarksVsAckerGraph start 42900
WatermarksVsAckerGraph start 43000
WatermarksVsAckerGraph start 43100
WatermarksVsAckerGraph start 43200
WatermarksVsAckerGraph start 43300
WatermarksVsAckerGraph start 43400
WatermarksVsAckerGraph start 43500
WatermarksVsAckerGraph start 43600
WatermarksVsAckerGraph start 43700
WatermarksVsAckerGraph start 43800
WatermarksVsAckerGraph start 43900
WatermarksVsAckerGraph start 44000
WatermarksVsAckerGraph start 44100
WatermarksVsAckerGraph start 44200
WatermarksVsAckerGraph start 44300
WatermarksVsAckerGraph start 44400
WatermarksVsAckerGraph start 44500
WatermarksVsAckerGraph start 44600
WatermarksVsAckerGraph start 44700
WatermarksVsAckerGraph start 44800
WatermarksVsAckerGraph start 44900
WatermarksVsAckerGraph start 45000
WatermarksVsAckerGraph start 45100
WatermarksVsAckerGraph start 45200
WatermarksVsAckerGraph start 45300
WatermarksVsAckerGraph start 45400
WatermarksVsAckerGraph start 45500
WatermarksVsAckerGraph start 45600
WatermarksVsAckerGraph start 45700
2019-06-29T14:41:45.661+0000: 100.577: [GC (Allocation Failure) 2019-06-29T14:41:45.661+0000: 100.577: [DefNew: 410873K->1400K(460800K), 0.0029743 secs] 638202K->228730K(1484800K), 0.0030404 secs] [Times: user=0.01 sys=0.00, real=0.00 secs] 
WatermarksVsAckerGraph start 45800
WatermarksVsAckerGraph start 45900
WatermarksVsAckerGraph start 46000
WatermarksVsAckerGraph start 46100
WatermarksVsAckerGraph start 46200
WatermarksVsAckerGraph start 46300
WatermarksVsAckerGraph start 46400
WatermarksVsAckerGraph start 46500
WatermarksVsAckerGraph start 46600
WatermarksVsAckerGraph start 46700
WatermarksVsAckerGraph start 46800
WatermarksVsAckerGraph start 46900
WatermarksVsAckerGraph start 47000
WatermarksVsAckerGraph start 47100
WatermarksVsAckerGraph start 47200
WatermarksVsAckerGraph start 47300
WatermarksVsAckerGraph start 47400
WatermarksVsAckerGraph start 47500
WatermarksVsAckerGraph start 47600
WatermarksVsAckerGraph start 47700
WatermarksVsAckerGraph start 47800
WatermarksVsAckerGraph start 47900
WatermarksVsAckerGraph start 48000
WatermarksVsAckerGraph start 48100
WatermarksVsAckerGraph start 48200
WatermarksVsAckerGraph start 48300
WatermarksVsAckerGraph start 48400
WatermarksVsAckerGraph start 48500
WatermarksVsAckerGraph start 48600
WatermarksVsAckerGraph start 48700
WatermarksVsAckerGraph start 48800
WatermarksVsAckerGraph start 48900
WatermarksVsAckerGraph start 49000
WatermarksVsAckerGraph start 49100
WatermarksVsAckerGraph start 49200
WatermarksVsAckerGraph start 49300
WatermarksVsAckerGraph start 49400
WatermarksVsAckerGraph start 49500
WatermarksVsAckerGraph start 49600
WatermarksVsAckerGraph start 49700
WatermarksVsAckerGraph start 49800
WatermarksVsAckerGraph start 49900
WatermarksVsAckerGraph start 50000
WatermarksVsAckerGraph start 50100
WatermarksVsAckerGraph start 50200
WatermarksVsAckerGraph start 50300
WatermarksVsAckerGraph start 50400
WatermarksVsAckerGraph start 50500
WatermarksVsAckerGraph start 50600
WatermarksVsAckerGraph start 50700
WatermarksVsAckerGraph start 50800
WatermarksVsAckerGraph start 50900
WatermarksVsAckerGraph start 51000
WatermarksVsAckerGraph start 51100
WatermarksVsAckerGraph start 51200
WatermarksVsAckerGraph start 51300
WatermarksVsAckerGraph start 51400
WatermarksVsAckerGraph start 51500
WatermarksVsAckerGraph start 51600
WatermarksVsAckerGraph start 51700
WatermarksVsAckerGraph start 51800
2019-06-29T14:41:50.225+0000: 105.140: [GC (Allocation Failure) 2019-06-29T14:41:50.225+0000: 105.140: [DefNew: 411000K->1422K(460800K), 0.0028435 secs] 638330K->228751K(1484800K), 0.0028992 secs] [Times: user=0.00 sys=0.00, real=0.01 secs] 
WatermarksVsAckerGraph start 51900
WatermarksVsAckerGraph start 52000
WatermarksVsAckerGraph start 52100
WatermarksVsAckerGraph start 52200
WatermarksVsAckerGraph start 52300
WatermarksVsAckerGraph start 52400
WatermarksVsAckerGraph start 52500
WatermarksVsAckerGraph start 52600
WatermarksVsAckerGraph start 52700
WatermarksVsAckerGraph start 52800
WatermarksVsAckerGraph start 52900
WatermarksVsAckerGraph start 53000
WatermarksVsAckerGraph start 53100
WatermarksVsAckerGraph start 53200
WatermarksVsAckerGraph start 53300
WatermarksVsAckerGraph start 53400
WatermarksVsAckerGraph start 53500
WatermarksVsAckerGraph start 53600
WatermarksVsAckerGraph start 53700
WatermarksVsAckerGraph start 53800
WatermarksVsAckerGraph start 53900
WatermarksVsAckerGraph start 54000
WatermarksVsAckerGraph start 54100
WatermarksVsAckerGraph start 54200
WatermarksVsAckerGraph start 54300
WatermarksVsAckerGraph start 54400
WatermarksVsAckerGraph start 54500
WatermarksVsAckerGraph start 54600
WatermarksVsAckerGraph start 54700
WatermarksVsAckerGraph start 54800
WatermarksVsAckerGraph start 54900
WatermarksVsAckerGraph start 55000
WatermarksVsAckerGraph start 55100
WatermarksVsAckerGraph start 55200
WatermarksVsAckerGraph start 55300
WatermarksVsAckerGraph start 55400
WatermarksVsAckerGraph start 55500
WatermarksVsAckerGraph start 55600
WatermarksVsAckerGraph start 55700
WatermarksVsAckerGraph start 55800
WatermarksVsAckerGraph start 55900
WatermarksVsAckerGraph start 56000
WatermarksVsAckerGraph start 56100
WatermarksVsAckerGraph start 56200
WatermarksVsAckerGraph start 56300
WatermarksVsAckerGraph start 56400
WatermarksVsAckerGraph start 56500
WatermarksVsAckerGraph start 56600
WatermarksVsAckerGraph start 56700
WatermarksVsAckerGraph start 56800
WatermarksVsAckerGraph start 56900
WatermarksVsAckerGraph start 57000
WatermarksVsAckerGraph start 57100
WatermarksVsAckerGraph start 57200
WatermarksVsAckerGraph start 57300
WatermarksVsAckerGraph start 57400
WatermarksVsAckerGraph start 57500
WatermarksVsAckerGraph start 57600
WatermarksVsAckerGraph start 57700
WatermarksVsAckerGraph start 57800
WatermarksVsAckerGraph start 57900
2019-06-29T14:41:54.827+0000: 109.743: [GC (Allocation Failure) 2019-06-29T14:41:54.827+0000: 109.743: [DefNew: 411022K->1593K(460800K), 0.0031659 secs] 638351K->228923K(1484800K), 0.0032210 secs] [Times: user=0.00 sys=0.00, real=0.00 secs] 
WatermarksVsAckerGraph start 58000
WatermarksVsAckerGraph start 58100
WatermarksVsAckerGraph start 58200
WatermarksVsAckerGraph start 58300
WatermarksVsAckerGraph start 58400
WatermarksVsAckerGraph start 58500
WatermarksVsAckerGraph start 58600
WatermarksVsAckerGraph start 58700
WatermarksVsAckerGraph start 58800
WatermarksVsAckerGraph start 58900
WatermarksVsAckerGraph start 59000
WatermarksVsAckerGraph start 59100
WatermarksVsAckerGraph start 59200
WatermarksVsAckerGraph start 59300
WatermarksVsAckerGraph start 59400
WatermarksVsAckerGraph start 59500
WatermarksVsAckerGraph start 59600
WatermarksVsAckerGraph start 59700
WatermarksVsAckerGraph start 59800
WatermarksVsAckerGraph start 59900
WatermarksVsAckerGraph start 60000
WatermarksVsAckerGraph start 60100
WatermarksVsAckerGraph start 60200
WatermarksVsAckerGraph start 60300
WatermarksVsAckerGraph start 60400
WatermarksVsAckerGraph start 60500
WatermarksVsAckerGraph start 60600
WatermarksVsAckerGraph start 60700
WatermarksVsAckerGraph start 60800
WatermarksVsAckerGraph start 60900
WatermarksVsAckerGraph start 61000
WatermarksVsAckerGraph start 61100
WatermarksVsAckerGraph start 61200
WatermarksVsAckerGraph start 61300
WatermarksVsAckerGraph start 61400
WatermarksVsAckerGraph start 61500
WatermarksVsAckerGraph start 61600
WatermarksVsAckerGraph start 61700
WatermarksVsAckerGraph start 61800
WatermarksVsAckerGraph start 61900
WatermarksVsAckerGraph start 62000
WatermarksVsAckerGraph start 62100
WatermarksVsAckerGraph start 62200
WatermarksVsAckerGraph start 62300
WatermarksVsAckerGraph start 62400
WatermarksVsAckerGraph start 62500
WatermarksVsAckerGraph start 62600
WatermarksVsAckerGraph start 62700
WatermarksVsAckerGraph start 62800
WatermarksVsAckerGraph start 62900
WatermarksVsAckerGraph start 63000
WatermarksVsAckerGraph start 63100
WatermarksVsAckerGraph start 63200
WatermarksVsAckerGraph start 63300
WatermarksVsAckerGraph start 63400
WatermarksVsAckerGraph start 63500
WatermarksVsAckerGraph start 63600
WatermarksVsAckerGraph start 63700
WatermarksVsAckerGraph start 63800
WatermarksVsAckerGraph start 63900
2019-06-29T14:41:59.404+0000: 114.320: [GC (Allocation Failure) 2019-06-29T14:41:59.404+0000: 114.320: [DefNew: 411193K->1447K(460800K), 0.0030683 secs] 638523K->228776K(1484800K), 0.0031254 secs] [Times: user=0.00 sys=0.00, real=0.01 secs] 
WatermarksVsAckerGraph start 64000
WatermarksVsAckerGraph start 64100
WatermarksVsAckerGraph start 64200
WatermarksVsAckerGraph start 64300
WatermarksVsAckerGraph start 64400
WatermarksVsAckerGraph start 64500
WatermarksVsAckerGraph start 64600
WatermarksVsAckerGraph start 64700
WatermarksVsAckerGraph start 64800
WatermarksVsAckerGraph start 64900
WatermarksVsAckerGraph start 65000
WatermarksVsAckerGraph start 65100
WatermarksVsAckerGraph start 65200
WatermarksVsAckerGraph start 65300
WatermarksVsAckerGraph start 65400
WatermarksVsAckerGraph start 65500
WatermarksVsAckerGraph start 65600
WatermarksVsAckerGraph start 65700
WatermarksVsAckerGraph start 65800
WatermarksVsAckerGraph start 65900
WatermarksVsAckerGraph start 66000
WatermarksVsAckerGraph start 66100
WatermarksVsAckerGraph start 66200
WatermarksVsAckerGraph start 66300
WatermarksVsAckerGraph start 66400
WatermarksVsAckerGraph start 66500
WatermarksVsAckerGraph start 66600
WatermarksVsAckerGraph start 66700
WatermarksVsAckerGraph start 66800
WatermarksVsAckerGraph start 66900
WatermarksVsAckerGraph start 67000
WatermarksVsAckerGraph start 67100
WatermarksVsAckerGraph start 67200
WatermarksVsAckerGraph start 67300
WatermarksVsAckerGraph start 67400
WatermarksVsAckerGraph start 67500
WatermarksVsAckerGraph start 67600
WatermarksVsAckerGraph start 67700
WatermarksVsAckerGraph start 67800
WatermarksVsAckerGraph start 67900
WatermarksVsAckerGraph start 68000
WatermarksVsAckerGraph start 68100
WatermarksVsAckerGraph start 68200
WatermarksVsAckerGraph start 68300
WatermarksVsAckerGraph start 68400
WatermarksVsAckerGraph start 68500
WatermarksVsAckerGraph start 68600
WatermarksVsAckerGraph start 68700
WatermarksVsAckerGraph start 68800
WatermarksVsAckerGraph start 68900
WatermarksVsAckerGraph start 69000
WatermarksVsAckerGraph start 69100
WatermarksVsAckerGraph start 69200
WatermarksVsAckerGraph start 69300
WatermarksVsAckerGraph start 69400
WatermarksVsAckerGraph start 69500
WatermarksVsAckerGraph start 69600
WatermarksVsAckerGraph start 69700
WatermarksVsAckerGraph start 69800
WatermarksVsAckerGraph start 69900
WatermarksVsAckerGraph start 70000
2019-06-29T14:42:03.979+0000: 118.895: [GC (Allocation Failure) 2019-06-29T14:42:03.979+0000: 118.895: [DefNew: 411047K->1497K(460800K), 0.0032037 secs] 638376K->228827K(1484800K), 0.0032723 secs] [Times: user=0.00 sys=0.00, real=0.00 secs] 
WatermarksVsAckerGraph start 70100
WatermarksVsAckerGraph start 70200
WatermarksVsAckerGraph start 70300
WatermarksVsAckerGraph start 70400
WatermarksVsAckerGraph start 70500
WatermarksVsAckerGraph start 70600
WatermarksVsAckerGraph start 70700
WatermarksVsAckerGraph start 70800
WatermarksVsAckerGraph start 70900
WatermarksVsAckerGraph start 71000
WatermarksVsAckerGraph start 71100
WatermarksVsAckerGraph start 71200
WatermarksVsAckerGraph start 71300
WatermarksVsAckerGraph start 71400
WatermarksVsAckerGraph start 71500
WatermarksVsAckerGraph start 71600
WatermarksVsAckerGraph start 71700
WatermarksVsAckerGraph start 71800
WatermarksVsAckerGraph start 71900
WatermarksVsAckerGraph start 72000
WatermarksVsAckerGraph start 72100
WatermarksVsAckerGraph start 72200
WatermarksVsAckerGraph start 72300
WatermarksVsAckerGraph start 72400
WatermarksVsAckerGraph start 72500
WatermarksVsAckerGraph start 72600
WatermarksVsAckerGraph start 72700
WatermarksVsAckerGraph start 72800
WatermarksVsAckerGraph start 72900
WatermarksVsAckerGraph start 73000
WatermarksVsAckerGraph start 73100
WatermarksVsAckerGraph start 73200
WatermarksVsAckerGraph start 73300
WatermarksVsAckerGraph start 73400
WatermarksVsAckerGraph start 73500
WatermarksVsAckerGraph start 73600
WatermarksVsAckerGraph start 73700
WatermarksVsAckerGraph start 73800
WatermarksVsAckerGraph start 73900
WatermarksVsAckerGraph start 74000
WatermarksVsAckerGraph start 74100
WatermarksVsAckerGraph start 74200
WatermarksVsAckerGraph start 74300
WatermarksVsAckerGraph start 74400
WatermarksVsAckerGraph start 74500
WatermarksVsAckerGraph start 74600
WatermarksVsAckerGraph start 74700
WatermarksVsAckerGraph start 74800
WatermarksVsAckerGraph start 74900
WatermarksVsAckerGraph start 75000
WatermarksVsAckerGraph start 75100
WatermarksVsAckerGraph start 75200
WatermarksVsAckerGraph start 75300
WatermarksVsAckerGraph start 75400
WatermarksVsAckerGraph start 75500
WatermarksVsAckerGraph start 75600
WatermarksVsAckerGraph start 75700
WatermarksVsAckerGraph start 75800
WatermarksVsAckerGraph start 75900
WatermarksVsAckerGraph start 76000
WatermarksVsAckerGraph start 76100
WatermarksVsAckerGraph start 76200
WatermarksVsAckerGraph start 76300
WatermarksVsAckerGraph start 76400
2019-06-29T14:42:08.796+0000: 123.711: [GC (Allocation Failure) 2019-06-29T14:42:08.796+0000: 123.711: [DefNew: 411097K->1737K(460800K), 0.0036346 secs] 638427K->229066K(1484800K), 0.0036892 secs] [Times: user=0.01 sys=0.00, real=0.01 secs] 
WatermarksVsAckerGraph start 76500
WatermarksVsAckerGraph start 76600
WatermarksVsAckerGraph start 76700
WatermarksVsAckerGraph start 76800
WatermarksVsAckerGraph start 76900
WatermarksVsAckerGraph start 77000
WatermarksVsAckerGraph start 77100
WatermarksVsAckerGraph start 77200
WatermarksVsAckerGraph start 77300
WatermarksVsAckerGraph start 77400
WatermarksVsAckerGraph start 77500
WatermarksVsAckerGraph start 77600
WatermarksVsAckerGraph start 77700
WatermarksVsAckerGraph start 77800
WatermarksVsAckerGraph start 77900
WatermarksVsAckerGraph start 78000
WatermarksVsAckerGraph start 78100
WatermarksVsAckerGraph start 78200
WatermarksVsAckerGraph start 78300
WatermarksVsAckerGraph start 78400
WatermarksVsAckerGraph start 78500
WatermarksVsAckerGraph start 78600
WatermarksVsAckerGraph start 78700
WatermarksVsAckerGraph start 78800
WatermarksVsAckerGraph start 78900
WatermarksVsAckerGraph start 79000
WatermarksVsAckerGraph start 79100
WatermarksVsAckerGraph start 79200
WatermarksVsAckerGraph start 79300
WatermarksVsAckerGraph start 79400
WatermarksVsAckerGraph start 79500
WatermarksVsAckerGraph start 79600
WatermarksVsAckerGraph start 79700
WatermarksVsAckerGraph start 79800
WatermarksVsAckerGraph start 79900
WatermarksVsAckerGraph start 80000
WatermarksVsAckerGraph start 80100
WatermarksVsAckerGraph start 80200
WatermarksVsAckerGraph start 80300
WatermarksVsAckerGraph start 80400
WatermarksVsAckerGraph start 80500
WatermarksVsAckerGraph start 80600
WatermarksVsAckerGraph start 80700
WatermarksVsAckerGraph start 80800
WatermarksVsAckerGraph start 80900
WatermarksVsAckerGraph start 81000
WatermarksVsAckerGraph start 81100
WatermarksVsAckerGraph start 81200
WatermarksVsAckerGraph start 81300
WatermarksVsAckerGraph start 81400
WatermarksVsAckerGraph start 81500
WatermarksVsAckerGraph start 81600
WatermarksVsAckerGraph start 81700
WatermarksVsAckerGraph start 81800
WatermarksVsAckerGraph start 81900
WatermarksVsAckerGraph start 82000
WatermarksVsAckerGraph start 82100
2019-06-29T14:42:13.056+0000: 127.972: [GC (Allocation Failure) 2019-06-29T14:42:13.056+0000: 127.972: [DefNew: 411337K->1461K(460800K), 0.0031042 secs] 638666K->228790K(1484800K), 0.0031664 secs] [Times: user=0.00 sys=0.00, real=0.01 secs] 
WatermarksVsAckerGraph start 82200
WatermarksVsAckerGraph start 82300
WatermarksVsAckerGraph start 82400
WatermarksVsAckerGraph start 82500
WatermarksVsAckerGraph start 82600
WatermarksVsAckerGraph start 82700
WatermarksVsAckerGraph start 82800
WatermarksVsAckerGraph start 82900
WatermarksVsAckerGraph start 83000
WatermarksVsAckerGraph start 83100
WatermarksVsAckerGraph start 83200
WatermarksVsAckerGraph start 83300
WatermarksVsAckerGraph start 83400
WatermarksVsAckerGraph start 83500
WatermarksVsAckerGraph start 83600
WatermarksVsAckerGraph start 83700
WatermarksVsAckerGraph start 83800
WatermarksVsAckerGraph start 83900
WatermarksVsAckerGraph start 84000
WatermarksVsAckerGraph start 84100
WatermarksVsAckerGraph start 84200
WatermarksVsAckerGraph start 84300
WatermarksVsAckerGraph start 84400
WatermarksVsAckerGraph start 84500
WatermarksVsAckerGraph start 84600
WatermarksVsAckerGraph start 84700
WatermarksVsAckerGraph start 84800
WatermarksVsAckerGraph start 84900
WatermarksVsAckerGraph start 85000
WatermarksVsAckerGraph start 85100
WatermarksVsAckerGraph start 85200
WatermarksVsAckerGraph start 85300
WatermarksVsAckerGraph start 85400
WatermarksVsAckerGraph start 85500
WatermarksVsAckerGraph start 85600
WatermarksVsAckerGraph start 85700
WatermarksVsAckerGraph start 85800
WatermarksVsAckerGraph start 85900
WatermarksVsAckerGraph start 86000
WatermarksVsAckerGraph start 86100
WatermarksVsAckerGraph start 86200
WatermarksVsAckerGraph start 86300
WatermarksVsAckerGraph start 86400
WatermarksVsAckerGraph start 86500
WatermarksVsAckerGraph start 86600
WatermarksVsAckerGraph start 86700
WatermarksVsAckerGraph start 86800
WatermarksVsAckerGraph start 86900
WatermarksVsAckerGraph start 87000
WatermarksVsAckerGraph start 87100
WatermarksVsAckerGraph start 87200
WatermarksVsAckerGraph start 87300
WatermarksVsAckerGraph start 87400
WatermarksVsAckerGraph start 87500
WatermarksVsAckerGraph start 87600
WatermarksVsAckerGraph start 87700
WatermarksVsAckerGraph start 87800
WatermarksVsAckerGraph start 87900
WatermarksVsAckerGraph start 88000
WatermarksVsAckerGraph start 88100
WatermarksVsAckerGraph start 88200
2019-06-29T14:42:17.586+0000: 132.502: [GC (Allocation Failure) 2019-06-29T14:42:17.586+0000: 132.502: [DefNew: 411061K->1455K(460800K), 0.0030508 secs] 638390K->228784K(1484800K), 0.0031119 secs] [Times: user=0.00 sys=0.00, real=0.01 secs] 
WatermarksVsAckerGraph start 88300
WatermarksVsAckerGraph start 88400
WatermarksVsAckerGraph start 88500
WatermarksVsAckerGraph start 88600
WatermarksVsAckerGraph start 88700
WatermarksVsAckerGraph start 88800
WatermarksVsAckerGraph start 88900
WatermarksVsAckerGraph start 89000
WatermarksVsAckerGraph start 89100
WatermarksVsAckerGraph start 89200
WatermarksVsAckerGraph start 89300
WatermarksVsAckerGraph start 89400
WatermarksVsAckerGraph start 89500
WatermarksVsAckerGraph start 89600
WatermarksVsAckerGraph start 89700
WatermarksVsAckerGraph start 89800
WatermarksVsAckerGraph start 89900
WatermarksVsAckerGraph start 90000
WatermarksVsAckerGraph start 90100
WatermarksVsAckerGraph start 90200
WatermarksVsAckerGraph start 90300
WatermarksVsAckerGraph start 90400
WatermarksVsAckerGraph start 90500
WatermarksVsAckerGraph start 90600
WatermarksVsAckerGraph start 90700
WatermarksVsAckerGraph start 90800
WatermarksVsAckerGraph start 90900
WatermarksVsAckerGraph start 91000
WatermarksVsAckerGraph start 91100
WatermarksVsAckerGraph start 91200
WatermarksVsAckerGraph start 91300
WatermarksVsAckerGraph start 91400
WatermarksVsAckerGraph start 91500
WatermarksVsAckerGraph start 91600
WatermarksVsAckerGraph start 91700
WatermarksVsAckerGraph start 91800
WatermarksVsAckerGraph start 91900
WatermarksVsAckerGraph start 92000
WatermarksVsAckerGraph start 92100
WatermarksVsAckerGraph start 92200
WatermarksVsAckerGraph start 92300
WatermarksVsAckerGraph start 92400
WatermarksVsAckerGraph start 92500
WatermarksVsAckerGraph start 92600
WatermarksVsAckerGraph start 92700
WatermarksVsAckerGraph start 92800
WatermarksVsAckerGraph start 92900
WatermarksVsAckerGraph start 93000
WatermarksVsAckerGraph start 93100
WatermarksVsAckerGraph start 93200
WatermarksVsAckerGraph start 93300
WatermarksVsAckerGraph start 93400
WatermarksVsAckerGraph start 93500
WatermarksVsAckerGraph start 93600
WatermarksVsAckerGraph start 93700
WatermarksVsAckerGraph start 93800
WatermarksVsAckerGraph start 93900
WatermarksVsAckerGraph start 94000
WatermarksVsAckerGraph start 94100
WatermarksVsAckerGraph start 94200
WatermarksVsAckerGraph start 94300
WatermarksVsAckerGraph start 94400
WatermarksVsAckerGraph start 94500
WatermarksVsAckerGraph start 94600
WatermarksVsAckerGraph start 94700
WatermarksVsAckerGraph start 94800
WatermarksVsAckerGraph start 94900
WatermarksVsAckerGraph start 95000
WatermarksVsAckerGraph start 95100
WatermarksVsAckerGraph start 95200
WatermarksVsAckerGraph start 95300
WatermarksVsAckerGraph start 95400
2019-06-29T14:42:23.058+0000: 137.974: [GC (Allocation Failure) 2019-06-29T14:42:23.058+0000: 137.974: [DefNew: 411055K->1363K(460800K), 0.0036133 secs] 638384K->229032K(1484800K), 0.0036787 secs] [Times: user=0.00 sys=0.00, real=0.01 secs] 
WatermarksVsAckerGraph start 95500
WatermarksVsAckerGraph start 95600
WatermarksVsAckerGraph start 95700
WatermarksVsAckerGraph start 95800
WatermarksVsAckerGraph start 95900
WatermarksVsAckerGraph start 96000
WatermarksVsAckerGraph start 96100
WatermarksVsAckerGraph start 96200
WatermarksVsAckerGraph start 96300
WatermarksVsAckerGraph start 96400
WatermarksVsAckerGraph start 96500
WatermarksVsAckerGraph start 96600
WatermarksVsAckerGraph start 96700
WatermarksVsAckerGraph start 96800
WatermarksVsAckerGraph start 96900
WatermarksVsAckerGraph start 97000
WatermarksVsAckerGraph start 97100
WatermarksVsAckerGraph start 97200
WatermarksVsAckerGraph start 97300
WatermarksVsAckerGraph start 97400
WatermarksVsAckerGraph start 97500
WatermarksVsAckerGraph start 97600
WatermarksVsAckerGraph start 97700
WatermarksVsAckerGraph start 97800
WatermarksVsAckerGraph start 97900
WatermarksVsAckerGraph start 98000
WatermarksVsAckerGraph start 98100
WatermarksVsAckerGraph start 98200
WatermarksVsAckerGraph start 98300
WatermarksVsAckerGraph start 98400
WatermarksVsAckerGraph start 98500
WatermarksVsAckerGraph start 98600
WatermarksVsAckerGraph start 98700
WatermarksVsAckerGraph start 98800
WatermarksVsAckerGraph start 98900
WatermarksVsAckerGraph start 99000
WatermarksVsAckerGraph start 99100
WatermarksVsAckerGraph start 99200
WatermarksVsAckerGraph start 99300
WatermarksVsAckerGraph start 99400
WatermarksVsAckerGraph start 99500
WatermarksVsAckerGraph start 99600
WatermarksVsAckerGraph start 99700
WatermarksVsAckerGraph start 99800
WatermarksVsAckerGraph start 99900
14:42:26.947 [Client] INFO  c.s.f.r.e.s.SocketFront  - FlameSocketGraphDeployerFront@10.0.0.227 has been disconnected from Connection 1
14:42:26.947 [Client] INFO  c.s.f.r.e.s.SocketRear  - FlameSocketGraphDeployerRear@10.0.0.227: has been disconnected from Connection 1
14:42:26.953 [worker-akka.actor.default-dispatcher-21] INFO  a.a.LocalActorRef akka://worker/user/watcher/acker - Unregistering front FlameSocketGraphDeployerFront@10.0.0.227
2019-06-29T14:42:38.646+0000: 153.561: [GC (Allocation Failure) 2019-06-29T14:42:38.646+0000: 153.561: [DefNew: 410963K->1094K(460800K), 0.0024618 secs] 638632K->228774K(1484800K), 0.0025085 secs] [Times: user=0.01 sys=0.00, real=0.01 secs] 
14:42:38.672 [worker-akka.actor.default-dispatcher-18] INFO  a.a.LocalActorRef akka://worker/user/watcher/acker - Stopped
14:42:38.673 [worker-akka.actor.default-dispatcher-26] INFO  a.a.LocalActorRef akka://worker/user/watcher/processing-watcher/graph/negotiator - Stopped
14:42:38.674 [worker-akka.actor.default-dispatcher-26] INFO  a.a.LocalActorRef akka://worker/user/watcher/processing-watcher/graph/edge/FlameSocketGraphDeployerFront - Stopped
14:42:38.674 [worker-akka.actor.default-dispatcher-24] INFO  a.a.LocalActorRef akka://worker/user/watcher/processing-watcher/graph/edge/FlameSocketGraphDeployerRear - Stopped
14:42:38.679 [worker-akka.actor.default-dispatcher-5] INFO  a.a.LocalActorRef akka://worker/user/watcher/processing-watcher/graph/edge - Stopped
14:42:38.679 [worker-akka.actor.default-dispatcher-5] INFO  a.a.LocalActorRef akka://worker/user/watcher/processing-watcher/registry-holder - Stopped
14:42:38.679 [worker-akka.actor.default-dispatcher-5] INFO  a.a.LocalActorRef akka://worker/user/watcher/processing-watcher/graph/graph/$0 - Stopped
14:42:38.679 [worker-akka.actor.default-dispatcher-5] INFO  a.a.LocalActorRef akka://worker/user/watcher/processing-watcher/graph/graph/$1 - Stopped
14:42:38.680 [worker-akka.actor.default-dispatcher-5] INFO  a.a.LocalActorRef akka://worker/user/watcher/processing-watcher/graph/graph/$A - Stopped
14:42:38.680 [worker-akka.actor.default-dispatcher-6] INFO  a.a.LocalActorRef akka://worker/user/watcher/processing-watcher/graph/graph/$B - Stopped
14:42:38.680 [worker-akka.actor.default-dispatcher-6] INFO  a.a.LocalActorRef akka://worker/user/watcher/processing-watcher/graph/graph/$C - Stopped
14:42:38.680 [worker-akka.actor.default-dispatcher-6] INFO  a.a.LocalActorRef akka://worker/user/watcher/processing-watcher/graph/graph/$D - Stopped
14:42:38.680 [worker-akka.actor.default-dispatcher-6] INFO  a.a.LocalActorRef akka://worker/user/watcher/processing-watcher/graph/graph/$E - Stopped
14:42:38.680 [worker-akka.actor.default-dispatcher-6] INFO  a.a.LocalActorRef akka://worker/user/watcher/processing-watcher/graph/graph/$F - Stopped
14:42:38.681 [worker-akka.actor.default-dispatcher-6] INFO  a.a.LocalActorRef akka://worker/user/watcher/processing-watcher/graph/graph/$G - Stopped
14:42:38.681 [worker-akka.actor.default-dispatcher-6] INFO  a.a.LocalActorRef akka://worker/user/watcher/processing-watcher/graph/graph/$H - Stopped
14:42:38.681 [worker-akka.actor.default-dispatcher-6] INFO  a.a.LocalActorRef akka://worker/user/watcher/processing-watcher/graph/graph/$I - Stopped
14:42:38.681 [worker-akka.actor.default-dispatcher-6] INFO  a.a.LocalActorRef akka://worker/user/watcher/processing-watcher/graph/graph/$J - Stopped
14:42:38.681 [worker-akka.actor.default-dispatcher-6] INFO  a.a.LocalActorRef akka://worker/user/watcher/processing-watcher/graph/graph/$K - Stopped
14:42:38.681 [worker-akka.actor.default-dispatcher-27] INFO  a.a.LocalActorRef akka://worker/user/watcher/processing-watcher/graph/graph/$L - Stopped
14:42:38.681 [worker-akka.actor.default-dispatcher-27] INFO  a.a.LocalActorRef akka://worker/user/watcher/processing-watcher/graph/graph/$M - Stopped
14:42:38.682 [worker-akka.actor.default-dispatcher-27] INFO  a.a.LocalActorRef akka://worker/user/watcher/processing-watcher/graph/graph/$N - Stopped
14:42:38.682 [worker-akka.actor.default-dispatcher-27] INFO  a.a.LocalActorRef akka://worker/user/watcher/processing-watcher/graph/graph/$O - Stopped
14:42:38.682 [worker-akka.actor.default-dispatcher-27] INFO  a.a.LocalActorRef akka://worker/user/watcher/processing-watcher/graph/graph/$P - Stopped
14:42:38.682 [worker-akka.actor.default-dispatcher-27] INFO  a.a.LocalActorRef akka://worker/user/watcher/processing-watcher/graph/graph/$Q - Stopped
14:42:38.682 [worker-akka.actor.default-dispatcher-27] INFO  a.a.LocalActorRef akka://worker/user/watcher/processing-watcher/graph/graph/$R - Stopped
14:42:38.682 [worker-akka.actor.default-dispatcher-27] INFO  a.a.LocalActorRef akka://worker/user/watcher/processing-watcher/graph/graph/$S - Stopped
14:42:38.682 [worker-akka.actor.default-dispatcher-27] INFO  a.a.LocalActorRef akka://worker/user/watcher/processing-watcher/graph/graph/$T - Stopped
14:42:38.687 [Curator-Framework-0] INFO  o.a.c.f.i.CuratorFrameworkImpl  - backgroundOperationsLoop exiting
14:42:38.688 [worker-akka.actor.default-dispatcher-27] INFO  a.a.LocalActorRef akka://worker/user/watcher/processing-watcher/graph/graph/$U - Stopped
14:42:38.689 [worker-akka.actor.default-dispatcher-27] INFO  a.a.LocalActorRef akka://worker/user/watcher/processing-watcher/graph/graph/$V - Stopped
14:42:38.689 [worker-akka.actor.default-dispatcher-27] INFO  a.a.LocalActorRef akka://worker/user/watcher/processing-watcher/graph/graph/$W - Stopped
14:42:38.689 [worker-akka.actor.default-dispatcher-27] INFO  a.a.LocalActorRef akka://worker/user/watcher/processing-watcher/graph/graph/$X - Stopped
14:42:38.689 [worker-akka.actor.default-dispatcher-27] INFO  a.a.LocalActorRef akka://worker/user/watcher/processing-watcher/graph/graph/$Y - Stopped
14:42:38.689 [worker-akka.actor.default-dispatcher-27] INFO  a.a.LocalActorRef akka://worker/user/watcher/processing-watcher/graph/graph/$Z - Stopped
14:42:38.690 [worker-akka.actor.default-dispatcher-3] INFO  a.a.LocalActorRef akka://worker/user/watcher/processing-watcher/graph/graph/$a - Stopped
14:42:38.690 [worker-akka.actor.default-dispatcher-3] INFO  a.a.LocalActorRef akka://worker/user/watcher/processing-watcher/graph/graph/$b - Stopped
14:42:38.690 [worker-akka.actor.default-dispatcher-3] INFO  a.a.LocalActorRef akka://worker/user/watcher/processing-watcher/graph/graph/$c - Stopped
14:42:38.690 [worker-akka.actor.default-dispatcher-3] INFO  a.a.LocalActorRef akka://worker/user/watcher/processing-watcher/graph/graph/$d - Stopped
14:42:38.690 [worker-akka.actor.default-dispatcher-3] INFO  a.a.LocalActorRef akka://worker/user/watcher/processing-watcher/graph/graph/$e - Stopped
14:42:38.691 [worker-akka.actor.default-dispatcher-5] INFO  a.a.LocalActorRef akka://worker/user/watcher/processing-watcher/graph/graph/$f - Stopped
14:42:38.691 [worker-akka.actor.default-dispatcher-5] INFO  a.a.LocalActorRef akka://worker/user/watcher/processing-watcher/graph/graph/$g - Stopped
14:42:38.691 [worker-akka.actor.default-dispatcher-5] INFO  a.a.LocalActorRef akka://worker/user/watcher/processing-watcher/graph/graph/$h - Stopped
14:42:38.691 [worker-akka.actor.default-dispatcher-5] INFO  a.a.LocalActorRef akka://worker/user/watcher/processing-watcher/graph/graph/$i - Stopped
14:42:38.691 [worker-akka.actor.default-dispatcher-5] INFO  a.a.LocalActorRef akka://worker/user/watcher/processing-watcher/graph/graph/$j - Stopped
14:42:38.691 [worker-akka.actor.default-dispatcher-23] INFO  a.a.LocalActorRef akka://worker/user/watcher/processing-watcher/graph/graph/$k - Stopped
14:42:38.692 [worker-akka.actor.default-dispatcher-23] INFO  a.a.LocalActorRef akka://worker/user/watcher/processing-watcher/graph/graph/$l - Stopped
14:42:38.692 [worker-akka.actor.default-dispatcher-23] INFO  a.a.LocalActorRef akka://worker/user/watcher/processing-watcher/graph/graph/$m - Stopped
14:42:38.692 [worker-akka.actor.default-dispatcher-23] INFO  a.a.LocalActorRef akka://worker/user/watcher/processing-watcher/graph/graph/$n - Stopped
14:42:38.692 [worker-akka.actor.default-dispatcher-23] INFO  a.a.LocalActorRef akka://worker/user/watcher/processing-watcher/graph/graph/$o - Stopped
14:42:38.692 [worker-akka.actor.default-dispatcher-23] INFO  a.a.LocalActorRef akka://worker/user/watcher/processing-watcher/graph/graph/$p - Stopped
14:42:38.692 [worker-akka.actor.default-dispatcher-23] INFO  a.a.LocalActorRef akka://worker/user/watcher/processing-watcher/graph/graph/$q - Stopped
14:42:38.693 [worker-akka.actor.default-dispatcher-23] INFO  a.a.LocalActorRef akka://worker/user/watcher/processing-watcher/graph/graph/$r - Stopped
14:42:38.693 [worker-akka.actor.default-dispatcher-23] INFO  a.a.LocalActorRef akka://worker/user/watcher/processing-watcher/graph/graph/$s - Stopped
14:42:38.693 [worker-akka.actor.default-dispatcher-23] INFO  a.a.LocalActorRef akka://worker/user/watcher/processing-watcher/graph/graph/$t - Stopped
14:42:38.693 [worker-akka.actor.default-dispatcher-26] INFO  a.a.LocalActorRef akka://worker/user/watcher/processing-watcher/graph/graph/$u - Stopped
14:42:38.693 [worker-akka.actor.default-dispatcher-26] INFO  a.a.LocalActorRef akka://worker/user/watcher/processing-watcher/graph/graph/$v - Stopped
14:42:38.693 [worker-akka.actor.default-dispatcher-26] INFO  a.a.LocalActorRef akka://worker/user/watcher/processing-watcher/graph/graph/$w - Stopped
14:42:38.693 [worker-akka.actor.default-dispatcher-26] INFO  a.a.LocalActorRef akka://worker/user/watcher/processing-watcher/committer/acker-ping - Stopped
14:42:38.694 [worker-akka.actor.default-dispatcher-26] INFO  a.a.LocalActorRef akka://worker/user/watcher/processing-watcher/$c/$a - Stopped
14:42:38.694 [worker-akka.actor.default-dispatcher-11] INFO  a.a.LocalActorRef akka://worker/user/watcher/processing-watcher/$c/$a - Message [com.spbsu.flamestream.runtime.utils.akka.PingActor$InnerPing] from Actor[akka://worker/user/watcher/processing-watcher/$c/$a#-1137138436] to Actor[akka://worker/user/watcher/processing-watcher/$c/$a#-1137138436] was not delivered. [1] dead letters encountered. If this is not an expected behavior, then [Actor[akka://worker/user/watcher/processing-watcher/$c/$a#-1137138436]] may have terminated unexpectedly, This logging can be turned off or adjusted with configuration settings 'akka.log-dead-letters' and 'akka.log-dead-letters-during-shutdown'.
14:42:38.704 [Curator-PathChildrenCache-0] ERROR o.a.c.f.r.c.PathChildrenCache  - 
java.lang.IllegalStateException: instance must be started before calling this method
	at org.apache.curator.shaded.com.google.common.base.Preconditions.checkState(Preconditions.java:444)
	at org.apache.curator.framework.imps.CuratorFrameworkImpl.getChildren(CuratorFrameworkImpl.java:456)
	at org.apache.curator.framework.recipes.cache.PathChildrenCache.refresh(PathChildrenCache.java:521)
	at org.apache.curator.framework.recipes.cache.RefreshOperation.invoke(RefreshOperation.java:35)
	at org.apache.curator.framework.recipes.cache.PathChildrenCache$9.run(PathChildrenCache.java:786)
	at java.util.concurrent.Executors$RunnableAdapter.call(Executors.java:511)
	at java.util.concurrent.FutureTask.run(FutureTask.java:266)
	at java.util.concurrent.Executors$RunnableAdapter.call(Executors.java:511)
	at java.util.concurrent.FutureTask.run(FutureTask.java:266)
	at java.util.concurrent.ThreadPoolExecutor.runWorker(ThreadPoolExecutor.java:1149)
	at java.util.concurrent.ThreadPoolExecutor$Worker.run(ThreadPoolExecutor.java:624)
	at java.lang.Thread.run(Thread.java:748)
14:42:38.704 [worker-akka.actor.default-dispatcher-22] INFO  o.a.z.ZooKeeper  - Session: 0x10001f1eb570002 closed
14:42:38.704 [worker-akka.actor.default-dispatcher-22] INFO  a.a.LocalActorRef akka://worker/user/watcher/client-watcher - Stopped
14:42:38.705 [worker-akka.actor.default-dispatcher-4-EventThread] INFO  o.a.z.ClientCnxn  - EventThread shut down for session: 0x10001f1eb570002
14:42:38.708 [worker-akka.actor.default-dispatcher-19] INFO  a.a.LocalActorRef akka://worker/user/watcher/processing-watcher/graph/graph/$x - Stopped
14:42:38.708 [worker-akka.actor.default-dispatcher-19] INFO  a.a.LocalActorRef akka://worker/user/watcher/processing-watcher/graph/graph/$y - Stopped
14:42:38.709 [worker-akka.actor.default-dispatcher-19] INFO  a.a.LocalActorRef akka://worker/user/watcher/processing-watcher/graph/graph/$z - Stopped
14:42:38.714 [worker-akka.actor.default-dispatcher-21] INFO  a.a.LocalActorRef akka://worker/user/watcher/processing-watcher/graph/graph - Stopped
14:42:38.715 [worker-akka.actor.default-dispatcher-19] INFO  a.a.LocalActorRef akka://worker/user/watcher/processing-watcher/graph - Stopped
14:42:38.717 [worker-akka.actor.default-dispatcher-19] INFO  a.a.LocalActorRef akka://worker/user/watcher/processing-watcher/committer/acker-ping - Message [com.spbsu.flamestream.runtime.utils.akka.PingActor$Stop] from Actor[akka://worker/user/watcher/processing-watcher/committer#1507947501] to Actor[akka://worker/user/watcher/processing-watcher/committer/acker-ping#1063553770] was not delivered. [2] dead letters encountered. If this is not an expected behavior, then [Actor[akka://worker/user/watcher/processing-watcher/committer/acker-ping#1063553770]] may have terminated unexpectedly, This logging can be turned off or adjusted with configuration settings 'akka.log-dead-letters' and 'akka.log-dead-letters-during-shutdown'.
14:42:38.717 [worker-akka.actor.default-dispatcher-21] INFO  a.a.LocalActorRef akka://worker/user/watcher/processing-watcher/committer - Stopped
14:42:38.718 [worker-akka.actor.default-dispatcher-19] INFO  a.a.LocalActorRef akka://worker/user/watcher/processing-watcher/$c/$a - Message [com.spbsu.flamestream.runtime.utils.akka.PingActor$Stop] from Actor[akka://worker/user/watcher/processing-watcher/$c#383063786] to Actor[akka://worker/user/watcher/processing-watcher/$c/$a#-1137138436] was not delivered. [3] dead letters encountered. If this is not an expected behavior, then [Actor[akka://worker/user/watcher/processing-watcher/$c/$a#-1137138436]] may have terminated unexpectedly, This logging can be turned off or adjusted with configuration settings 'akka.log-dead-letters' and 'akka.log-dead-letters-during-shutdown'.
14:42:38.718 [worker-akka.actor.default-dispatcher-21] INFO  a.a.LocalActorRef akka://worker/user/watcher/processing-watcher/$c - Stopped
14:42:38.719 [worker-akka.actor.default-dispatcher-19] INFO  a.a.LocalActorRef akka://worker/user/watcher/processing-watcher/$c - Message [com.spbsu.flamestream.runtime.master.acker.LocalAcker$Flush] from Actor[akka://worker/user/watcher/processing-watcher/$c/$a#-1137138436] to Actor[akka://worker/user/watcher/processing-watcher/$c#383063786] was not delivered. [4] dead letters encountered. If this is not an expected behavior, then [Actor[akka://worker/user/watcher/processing-watcher/$c#383063786]] may have terminated unexpectedly, This logging can be turned off or adjusted with configuration settings 'akka.log-dead-letters' and 'akka.log-dead-letters-during-shutdown'.
14:42:38.721 [worker-akka.actor.default-dispatcher-19] INFO  a.a.LocalActorRef akka://worker/user/watcher/processing-watcher - Stopped
14:42:38.722 [worker-akka.actor.default-dispatcher-19] INFO  a.a.RepointableActorRef akka://worker/user/watcher - Stopped
14:42:38.730 [worker-akka.actor.default-dispatcher-19] INFO  a.r.RemoteActorRefProvider$RemotingTerminator akka://worker@10.0.0.227:5412/system/remoting-terminator - Shutting down remote daemon.
14:42:38.731 [worker-akka.actor.default-dispatcher-19] INFO  a.r.RemoteActorRefProvider$RemotingTerminator akka://worker@10.0.0.227:5412/system/remoting-terminator - Remote daemon shut down; proceeding with flushing remote transports.
14:42:38.851 [worker-akka.actor.default-dispatcher-3] INFO  a.r.RemoteActorRefProvider$RemotingTerminator akka://worker@10.0.0.227:5412/system/remoting-terminator - Remoting shut down.
Heap
 def new generation   total 460800K, used 29268K [0x00000000a2400000, 0x00000000c1800000, 0x00000000c1800000)
  eden space 409600K,   6% used [0x00000000a2400000, 0x00000000a3f83848, 0x00000000bb400000)
  from space 51200K,   2% used [0x00000000be600000, 0x00000000be711838, 0x00000000c1800000)
  to   space 51200K,   0% used [0x00000000bb400000, 0x00000000bb400000, 0x00000000be600000)
 tenured generation   total 1024000K, used 227680K [0x00000000c1800000, 0x0000000100000000, 0x0000000100000000)
   the space 1024000K,  22% used [0x00000000c1800000, 0x00000000cf6581a0, 0x00000000cf658200, 0x0000000100000000)
 Metaspace       used 36521K, capacity 37498K, committed 37720K, reserved 1081344K
  class space    used 4913K, capacity 5123K, committed 5248K, reserved 1048576K
