07:07:12,822 |-INFO in ch.qos.logback.classic.LoggerContext[default] - Could NOT find resource [logback-test.xml]
07:07:12,822 |-INFO in ch.qos.logback.classic.LoggerContext[default] - Could NOT find resource [logback.groovy]
07:07:12,822 |-INFO in ch.qos.logback.classic.LoggerContext[default] - Found resource [logback.xml] at [jar:file:/home/nikitasokolov/flamestream/lib/flamestream-runtime-1.0-SNAPSHOT.jar!/logback.xml]
07:07:12,823 |-WARN in ch.qos.logback.classic.LoggerContext[default] - Resource [logback.xml] occurs multiple times on the classpath.
07:07:12,823 |-WARN in ch.qos.logback.classic.LoggerContext[default] - Resource [logback.xml] occurs at [jar:file:/home/nikitasokolov/flamestream/lib/flamestream-runtime-1.0-SNAPSHOT.jar!/logback.xml]
07:07:12,823 |-WARN in ch.qos.logback.classic.LoggerContext[default] - Resource [logback.xml] occurs at [jar:file:/home/nikitasokolov/flamestream/flamestream-runtime-1.0-SNAPSHOT.jar!/logback.xml]
07:07:12,839 |-INFO in ch.qos.logback.core.joran.spi.ConfigurationWatchList@6bf256fa - URL [jar:file:/home/nikitasokolov/flamestream/lib/flamestream-runtime-1.0-SNAPSHOT.jar!/logback.xml] is not of type file
07:07:12,891 |-INFO in ch.qos.logback.classic.joran.action.ConfigurationAction - debug attribute not set
07:07:12,891 |-INFO in ch.qos.logback.core.joran.action.AppenderAction - About to instantiate appender of type [ch.qos.logback.core.ConsoleAppender]
07:07:12,899 |-INFO in ch.qos.logback.core.joran.action.AppenderAction - Naming appender as [STDOUT]
07:07:12,906 |-INFO in ch.qos.logback.core.joran.action.NestedComplexPropertyIA - Assuming default type [ch.qos.logback.classic.encoder.PatternLayoutEncoder] for [encoder] property
07:07:12,961 |-INFO in ch.qos.logback.core.joran.action.AppenderAction - About to instantiate appender of type [ch.qos.logback.core.rolling.RollingFileAppender]
07:07:12,967 |-INFO in ch.qos.logback.core.joran.action.AppenderAction - Naming appender as [FILE]
07:07:12,988 |-INFO in c.q.l.core.rolling.TimeBasedRollingPolicy@114132791 - No compression will be used
07:07:12,990 |-INFO in c.q.l.core.rolling.TimeBasedRollingPolicy@114132791 - Will use the pattern /tmp/application_%d{yyyy-MM-dd}.%i.log for the active file
07:07:12,993 |-INFO in ch.qos.logback.core.rolling.SizeAndTimeBasedFNATP@22f71333 - The date pattern is 'yyyy-MM-dd' from file name pattern '/tmp/application_%d{yyyy-MM-dd}.%i.log'.
07:07:12,993 |-INFO in ch.qos.logback.core.rolling.SizeAndTimeBasedFNATP@22f71333 - Roll-over at midnight.
07:07:12,997 |-INFO in ch.qos.logback.core.rolling.SizeAndTimeBasedFNATP@22f71333 - Setting initial period to Thu Jun 06 22:00:24 MSK 2019
07:07:12,997 |-WARN in ch.qos.logback.core.rolling.SizeAndTimeBasedFNATP@22f71333 - SizeAndTimeBasedFNATP is deprecated. Use SizeAndTimeBasedRollingPolicy instead
07:07:12,997 |-WARN in ch.qos.logback.core.rolling.SizeAndTimeBasedFNATP@22f71333 - For more information see http://logback.qos.ch/manual/appenders.html#SizeAndTimeBasedRollingPolicy
07:07:13,001 |-INFO in ch.qos.logback.core.joran.action.NestedComplexPropertyIA - Assuming default type [ch.qos.logback.classic.encoder.PatternLayoutEncoder] for [encoder] property
07:07:13,003 |-INFO in ch.qos.logback.core.rolling.RollingFileAppender[FILE] - Active log file name: /tmp/application.log
07:07:13,003 |-INFO in ch.qos.logback.core.rolling.RollingFileAppender[FILE] - File property is set to [/tmp/application.log]
07:07:13,004 |-ERROR in ch.qos.logback.core.rolling.RollingFileAppender[FILE] - openFile(/tmp/application.log,true) call failed. java.io.FileNotFoundException: /tmp/application.log (Permission denied)
	at java.io.FileNotFoundException: /tmp/application.log (Permission denied)
	at 	at java.io.FileOutputStream.open0(Native Method)
	at 	at java.io.FileOutputStream.open(FileOutputStream.java:270)
	at 	at java.io.FileOutputStream.<init>(FileOutputStream.java:213)
	at 	at ch.qos.logback.core.recovery.ResilientFileOutputStream.<init>(ResilientFileOutputStream.java:26)
	at 	at ch.qos.logback.core.FileAppender.openFile(FileAppender.java:204)
	at 	at ch.qos.logback.core.FileAppender.start(FileAppender.java:127)
	at 	at ch.qos.logback.core.rolling.RollingFileAppender.start(RollingFileAppender.java:100)
	at 	at ch.qos.logback.core.joran.action.AppenderAction.end(AppenderAction.java:90)
	at 	at ch.qos.logback.core.joran.spi.Interpreter.callEndAction(Interpreter.java:309)
	at 	at ch.qos.logback.core.joran.spi.Interpreter.endElement(Interpreter.java:193)
	at 	at ch.qos.logback.core.joran.spi.Interpreter.endElement(Interpreter.java:179)
	at 	at ch.qos.logback.core.joran.spi.EventPlayer.play(EventPlayer.java:62)
	at 	at ch.qos.logback.core.joran.GenericConfigurator.doConfigure(GenericConfigurator.java:165)
	at 	at ch.qos.logback.core.joran.GenericConfigurator.doConfigure(GenericConfigurator.java:152)
	at 	at ch.qos.logback.core.joran.GenericConfigurator.doConfigure(GenericConfigurator.java:110)
	at 	at ch.qos.logback.core.joran.GenericConfigurator.doConfigure(GenericConfigurator.java:53)
	at 	at ch.qos.logback.classic.util.ContextInitializer.configureByResource(ContextInitializer.java:75)
	at 	at ch.qos.logback.classic.util.ContextInitializer.autoConfig(ContextInitializer.java:150)
	at 	at org.slf4j.impl.StaticLoggerBinder.init(StaticLoggerBinder.java:84)
	at 	at org.slf4j.impl.StaticLoggerBinder.<clinit>(StaticLoggerBinder.java:55)
	at 	at org.slf4j.LoggerFactory.bind(LoggerFactory.java:150)
	at 	at org.slf4j.LoggerFactory.performInitialization(LoggerFactory.java:124)
	at 	at org.slf4j.LoggerFactory.getILoggerFactory(LoggerFactory.java:412)
	at 	at org.slf4j.LoggerFactory.getLogger(LoggerFactory.java:357)
	at 	at org.slf4j.LoggerFactory.getLogger(LoggerFactory.java:383)
	at 	at com.spbsu.flamestream.runtime.WorkerApplication.<init>(WorkerApplication.java:26)
	at 	at com.spbsu.flamestream.runtime.WorkerApplication.main(WorkerApplication.java:68)
07:07:13,004 |-INFO in ch.qos.logback.classic.joran.action.RootLoggerAction - Setting level of ROOT logger to WARN
07:07:13,004 |-INFO in ch.qos.logback.core.joran.action.AppenderRefAction - Attaching appender named [STDOUT] to Logger[ROOT]
07:07:13,005 |-INFO in ch.qos.logback.core.joran.action.AppenderRefAction - Attaching appender named [FILE] to Logger[ROOT]
07:07:13,005 |-INFO in ch.qos.logback.classic.joran.action.ConfigurationAction - End of configuration.
07:07:13,006 |-INFO in ch.qos.logback.classic.joran.JoranConfigurator@3498ed - Registering current configuration as safe fallback point

2019-06-10T07:07:14.006+0300: 1.394: [GC (Metadata GC Threshold) [PSYoungGen: 97917K->15838K(149504K)] 97917K->15918K(491008K), 0.0188139 secs] [Times: user=0.10 sys=0.01, real=0.02 secs] 
2019-06-10T07:07:14.025+0300: 1.413: [Full GC (Metadata GC Threshold) [PSYoungGen: 15838K->0K(149504K)] [ParOldGen: 80K->15081K(341504K)] 15918K->15081K(491008K), [Metaspace: 20807K->20807K(1067008K)], 0.0249257 secs] [Times: user=0.15 sys=0.02, real=0.02 secs] 
07:07:21.227 [Curator-PathChildrenCache-1] WARN  o.a.c.u.ZKPaths  - The version of ZooKeeper being used doesn't support Container nodes. CreateMode.PERSISTENT will be used instead.
2019-06-10T07:07:21.990+0300: 9.377: [GC (Metadata GC Threshold) [PSYoungGen: 127535K->16448K(149504K)] 142617K->51069K(491008K), 0.0261528 secs] [Times: user=0.21 sys=0.02, real=0.03 secs] 
2019-06-10T07:07:22.016+0300: 9.403: [Full GC (Metadata GC Threshold) [PSYoungGen: 16448K->0K(149504K)] [ParOldGen: 34620K->39575K(341504K)] 51069K->39575K(491008K), [Metaspace: 34505K->34505K(1079296K)], 0.0317934 secs] [Times: user=0.18 sys=0.01, real=0.03 secs] 
2019-06-10T07:07:40.929+0300: 28.317: [GC (Allocation Failure) [PSYoungGen: 128512K->576K(149504K)] 168087K->40159K(491008K), 0.0044703 secs] [Times: user=0.03 sys=0.01, real=0.01 secs] 
07:08:07.659 [Curator-PathChildrenCache-0] ERROR o.a.c.f.r.c.PathChildrenCache  - 
java.lang.IllegalStateException: instance must be started before calling this method
	at org.apache.curator.shaded.com.google.common.base.Preconditions.checkState(Preconditions.java:444)
	at org.apache.curator.framework.imps.CuratorFrameworkImpl.getChildren(CuratorFrameworkImpl.java:456)
	at org.apache.curator.framework.recipes.cache.PathChildrenCache.refresh(PathChildrenCache.java:521)
	at org.apache.curator.framework.recipes.cache.RefreshOperation.invoke(RefreshOperation.java:35)
	at org.apache.curator.framework.recipes.cache.PathChildrenCache$9.run(PathChildrenCache.java:786)
	at java.util.concurrent.Executors$RunnableAdapter.call(Executors.java:511)
	at java.util.concurrent.FutureTask.run(FutureTask.java:266)
	at java.util.concurrent.Executors$RunnableAdapter.call(Executors.java:511)
	at java.util.concurrent.FutureTask.run(FutureTask.java:266)
	at java.util.concurrent.ThreadPoolExecutor.runWorker(ThreadPoolExecutor.java:1149)
	at java.util.concurrent.ThreadPoolExecutor$Worker.run(ThreadPoolExecutor.java:624)
	at java.lang.Thread.run(Thread.java:748)
07:08:07.762 [worker-akka.actor.default-dispatcher-8] ERROR c.s.f.r.WorkerApplication  - Something went wrong during trace flush
java.nio.file.AccessDeniedException: /tmp/trace.csv
	at sun.nio.fs.UnixException.translateToIOException(UnixException.java:84)
	at sun.nio.fs.UnixException.rethrowAsIOException(UnixException.java:102)
	at sun.nio.fs.UnixException.rethrowAsIOException(UnixException.java:107)
	at sun.nio.fs.UnixFileSystemProvider.newByteChannel(UnixFileSystemProvider.java:214)
	at java.nio.file.spi.FileSystemProvider.newOutputStream(FileSystemProvider.java:434)
	at java.nio.file.Files.newOutputStream(Files.java:216)
	at java.nio.file.Files.newBufferedWriter(Files.java:2860)
	at java.nio.file.Files.newBufferedWriter(Files.java:2896)
	at com.spbsu.flamestream.runtime.utils.tracing.Tracing.flush(Tracing.java:35)
	at com.spbsu.flamestream.runtime.WorkerApplication.lambda$run$0(WorkerApplication.java:109)
	at akka.actor.ActorSystemImpl$TerminationCallbacks$$anonfun$addRec$1$1.applyOrElse(ActorSystem.scala:1036)
	at akka.actor.ActorSystemImpl$TerminationCallbacks$$anonfun$addRec$1$1.applyOrElse(ActorSystem.scala:1036)
	at scala.concurrent.Future$$anonfun$andThen$1.apply(Future.scala:436)
	at scala.concurrent.Future$$anonfun$andThen$1.apply(Future.scala:435)
	at scala.concurrent.impl.CallbackRunnable.run(Promise.scala:36)
	at akka.dispatch.BatchingExecutor$AbstractBatch.processBatch(BatchingExecutor.scala:55)
	at akka.dispatch.BatchingExecutor$BlockableBatch$$anonfun$run$1.apply$mcV$sp(BatchingExecutor.scala:91)
	at akka.dispatch.BatchingExecutor$BlockableBatch$$anonfun$run$1.apply(BatchingExecutor.scala:91)
	at akka.dispatch.BatchingExecutor$BlockableBatch$$anonfun$run$1.apply(BatchingExecutor.scala:91)
	at scala.concurrent.BlockContext$.withBlockContext(BlockContext.scala:72)
	at akka.dispatch.BatchingExecutor$BlockableBatch.run(BatchingExecutor.scala:90)
	at akka.dispatch.TaskInvocation.run(AbstractDispatcher.scala:40)
	at akka.dispatch.ForkJoinExecutorConfigurator$AkkaForkJoinTask.exec(ForkJoinExecutorConfigurator.scala:44)
	at akka.dispatch.forkjoin.ForkJoinTask.doExec(ForkJoinTask.java:260)
	at akka.dispatch.forkjoin.ForkJoinPool$WorkQueue.runTask(ForkJoinPool.java:1339)
	at akka.dispatch.forkjoin.ForkJoinPool.runWorker(ForkJoinPool.java:1979)
	at akka.dispatch.forkjoin.ForkJoinWorkerThread.run(ForkJoinWorkerThread.java:107)
Heap
 PSYoungGen      total 149504K, used 128237K [0x00000000f5980000, 0x0000000100000000, 0x0000000100000000)
  eden space 128512K, 99% used [0x00000000f5980000,0x00000000fd62b650,0x00000000fd700000)
  from space 20992K, 2% used [0x00000000fd700000,0x00000000fd790030,0x00000000feb80000)
  to   space 20992K, 0% used [0x00000000feb80000,0x00000000feb80000,0x0000000100000000)
 ParOldGen       total 341504K, used 39583K [0x00000000e0c00000, 0x00000000f5980000, 0x00000000f5980000)
  object space 341504K, 11% used [0x00000000e0c00000,0x00000000e32a7c50,0x00000000f5980000)
 Metaspace       used 35854K, capacity 36732K, committed 36992K, reserved 1081344K
  class space    used 4941K, capacity 5136K, committed 5248K, reserved 1048576K
