16:10:28,812 |-INFO in ch.qos.logback.classic.LoggerContext[default] - Could NOT find resource [logback-test.xml]
16:10:28,813 |-INFO in ch.qos.logback.classic.LoggerContext[default] - Could NOT find resource [logback.groovy]
16:10:28,813 |-INFO in ch.qos.logback.classic.LoggerContext[default] - Found resource [logback.xml] at [jar:file:/root/flamestream/lib/flamestream-runtime-1.0-SNAPSHOT.jar!/logback.xml]
16:10:28,814 |-WARN in ch.qos.logback.classic.LoggerContext[default] - Resource [logback.xml] occurs multiple times on the classpath.
16:10:28,814 |-WARN in ch.qos.logback.classic.LoggerContext[default] - Resource [logback.xml] occurs at [jar:file:/root/flamestream/lib/flamestream-runtime-1.0-SNAPSHOT.jar!/logback.xml]
16:10:28,814 |-WARN in ch.qos.logback.classic.LoggerContext[default] - Resource [logback.xml] occurs at [jar:file:/root/flamestream/flamestream-runtime-1.0-SNAPSHOT.jar!/logback.xml]
16:10:28,835 |-INFO in ch.qos.logback.core.joran.spi.ConfigurationWatchList@3fb6a447 - URL [jar:file:/root/flamestream/lib/flamestream-runtime-1.0-SNAPSHOT.jar!/logback.xml] is not of type file
16:10:28,909 |-INFO in ch.qos.logback.classic.joran.action.ConfigurationAction - debug attribute not set
16:10:28,910 |-INFO in ch.qos.logback.core.joran.action.AppenderAction - About to instantiate appender of type [ch.qos.logback.core.ConsoleAppender]
16:10:28,925 |-INFO in ch.qos.logback.core.joran.action.AppenderAction - Naming appender as [STDOUT]
16:10:28,943 |-INFO in ch.qos.logback.core.joran.action.NestedComplexPropertyIA - Assuming default type [ch.qos.logback.classic.encoder.PatternLayoutEncoder] for [encoder] property
16:10:29,033 |-INFO in ch.qos.logback.core.joran.action.AppenderAction - About to instantiate appender of type [ch.qos.logback.core.rolling.RollingFileAppender]
16:10:29,038 |-INFO in ch.qos.logback.core.joran.action.AppenderAction - Naming appender as [FILE]
16:10:29,069 |-INFO in c.q.l.core.rolling.TimeBasedRollingPolicy@127618319 - No compression will be used
16:10:29,070 |-INFO in c.q.l.core.rolling.TimeBasedRollingPolicy@127618319 - Will use the pattern /tmp/application_%d{yyyy-MM-dd}.%i.log for the active file
16:10:29,072 |-INFO in ch.qos.logback.core.rolling.SizeAndTimeBasedFNATP@6b2fad11 - The date pattern is 'yyyy-MM-dd' from file name pattern '/tmp/application_%d{yyyy-MM-dd}.%i.log'.
16:10:29,072 |-INFO in ch.qos.logback.core.rolling.SizeAndTimeBasedFNATP@6b2fad11 - Roll-over at midnight.
16:10:29,077 |-INFO in ch.qos.logback.core.rolling.SizeAndTimeBasedFNATP@6b2fad11 - Setting initial period to Sun Jul 07 15:59:04 UTC 2019
16:10:29,077 |-WARN in ch.qos.logback.core.rolling.SizeAndTimeBasedFNATP@6b2fad11 - SizeAndTimeBasedFNATP is deprecated. Use SizeAndTimeBasedRollingPolicy instead
16:10:29,077 |-WARN in ch.qos.logback.core.rolling.SizeAndTimeBasedFNATP@6b2fad11 - For more information see http://logback.qos.ch/manual/appenders.html#SizeAndTimeBasedRollingPolicy
16:10:29,082 |-INFO in ch.qos.logback.core.joran.action.NestedComplexPropertyIA - Assuming default type [ch.qos.logback.classic.encoder.PatternLayoutEncoder] for [encoder] property
16:10:29,086 |-INFO in ch.qos.logback.core.rolling.RollingFileAppender[FILE] - Active log file name: /tmp/application.log
16:10:29,086 |-INFO in ch.qos.logback.core.rolling.RollingFileAppender[FILE] - File property is set to [/tmp/application.log]
16:10:29,087 |-INFO in ch.qos.logback.classic.joran.action.RootLoggerAction - Setting level of ROOT logger to INFO
16:10:29,087 |-INFO in ch.qos.logback.core.joran.action.AppenderRefAction - Attaching appender named [STDOUT] to Logger[ROOT]
16:10:29,089 |-INFO in ch.qos.logback.core.joran.action.AppenderRefAction - Attaching appender named [FILE] to Logger[ROOT]
16:10:29,089 |-INFO in ch.qos.logback.classic.joran.action.ConfigurationAction - End of configuration.
16:10:29,090 |-INFO in ch.qos.logback.classic.joran.JoranConfigurator@79698539 - Registering current configuration as safe fallback point

16:10:29.095 [main] INFO  c.s.f.r.WorkerApplication  - Starting worker with workerConfig 'WorkerConfig{id='10.0.0.156', localAddress=10.0.0.156:5412, zkString='10.0.0.71:12181', snapshotPath='/root/flamestream/data', guarantees=AT_MOST_ONCE, maxElementsInGraph=100, millisBetweenCommits=5000000, defaultMinimalTime=0, distributedAcker=false}'
16:10:30.105 [worker-akka.actor.default-dispatcher-3] INFO  a.e.s.Slf4jLogger  - Slf4jLogger started
Ama winner
Ama winner
16:10:30.392 [worker-akka.actor.default-dispatcher-3] INFO  a.r.a.a.ArteryAeronUdpTransport(akka://worker) akka.remote.artery.aeron.ArteryAeronUdpTransport(akka://worker) - Started embedded media driver in directory [/dev/shm/aeron-10.0.0.156]
2019-07-07T16:10:30.501+0000: 1.875: [Full GC (Metadata GC Threshold) 2019-07-07T16:10:30.501+0000: 1.875: [Tenured: 0K->15111K(1024000K), 0.0756836 secs] 164032K->15111K(1484800K), [Metaspace: 20733K->20733K(1067008K)], 0.0757486 secs] [Times: user=0.05 sys=0.00, real=0.08 secs] 
16:10:30.697 [worker-akka.actor.default-dispatcher-3] INFO  a.r.a.a.ArteryAeronUdpTransport(akka://worker) akka.remote.artery.aeron.ArteryAeronUdpTransport(akka://worker) - Remoting started with transport [Artery aeron-udp]; listening on address [akka://worker@10.0.0.156:5412] with UID [6665552477281417974]
16:10:30.976 [worker-akka.actor.default-dispatcher-4] INFO  a.a.RepointableActorRef akka://worker/user/watcher - Starting...
16:10:31.078 [worker-akka.actor.default-dispatcher-6] INFO  o.a.c.u.Compatibility  - Running in ZooKeeper 3.4.x compatibility mode
16:10:31.126 [worker-akka.actor.default-dispatcher-6] INFO  o.a.c.f.i.CuratorFrameworkImpl  - Starting
16:10:31.150 [worker-akka.actor.default-dispatcher-6] INFO  o.a.z.ZooKeeper  - Client environment:zookeeper.version=3.4.9-1757313, built on 08/23/2016 06:50 GMT
16:10:31.150 [worker-akka.actor.default-dispatcher-6] INFO  o.a.z.ZooKeeper  - Client environment:host.name=<NA>
16:10:31.151 [worker-akka.actor.default-dispatcher-6] INFO  o.a.z.ZooKeeper  - Client environment:java.version=1.8.0_212
16:10:31.151 [worker-akka.actor.default-dispatcher-6] INFO  o.a.z.ZooKeeper  - Client environment:java.vendor=Oracle Corporation
16:10:31.151 [worker-akka.actor.default-dispatcher-6] INFO  o.a.z.ZooKeeper  - Client environment:java.home=/usr/lib/jvm/java-8-openjdk-amd64/jre
16:10:31.151 [worker-akka.actor.default-dispatcher-6] INFO  o.a.z.ZooKeeper  - Client environment:java.class.path=lib/commons-cli-1.4.jar:lib/minlog-1.3.0.jar:lib/asm-5.0.4.jar:lib/commons-csv-1.4.jar:lib/annotations-13.0.jar:lib/akka-slf4j_2.11-2.5.15.jar:lib/lz4-1.3.0.jar:lib/scala-java8-compat_2.11-0.7.0.jar:lib/jblas-1.2.4.jar:lib/objenesis-2.1.jar:lib/jackson-annotations-2.8.0.jar:lib/akka-actor_2.11-2.5.15.jar:lib/curator-client-4.0.1.jar:lib/aeron-client-1.9.3.jar:lib/leveldb-0.7.jar:lib/flamestream-core-1.0-SNAPSHOT.jar:lib/reflectasm-1.07-shaded.jar:lib/akka-testkit_2.11-2.5.15.jar:lib/slf4j-simple-1.8.0-beta4.jar:lib/commons-lang-2.6.jar:lib/curator-recipes-4.0.1.jar:lib/logback-classic-1.2.3.jar:lib/jool-0.9.12.jar:lib/kryo-4.0.0.jar:lib/ssl-config-core_2.11-0.2.4.jar:lib/jackson-annotations-2.9.6.jar:lib/leveldbjni-all-1.8.jar:lib/jackson-core-2.8.4.jar:lib/netty-3.10.6.Final.jar:lib/trove4j-3.0.3.jar:lib/logback-core-1.2.3.jar:lib/flamestream-examples-1.0-SNAPSHOT.jar:lib/jackson-databind-2.8.4.jar:lib/flamestream-runtime-1.0-SNAPSHOT.jar:lib/slf4j-api-1.7.24.jar:lib/jline-0.9.94.jar:lib/jedis-2.9.0.jar:lib/akka-protobuf_2.11-2.5.15.jar:lib/kryonet-2.21.jar:lib/akka-kryo-serialization_2.11-0.5.0.jar:lib/config-1.3.1.jar:lib/testng-6.10.jar:lib/agrona-0.9.18.jar:lib/leveldb-api-0.7.jar:lib/reactive-streams-1.0.2.jar:lib/reflectasm-1.11.3.jar:lib/jcommander-1.48.jar:lib/minlog-1.2.jar:lib/akka-stream_2.11-2.5.15.jar:lib/scala-parser-combinators_2.11-1.1.1.jar:lib/zookeeper-3.4.9.jar:lib/commons-1.4.9.jar:lib/commons-pool2-2.4.2.jar:lib/commons-io-2.4.jar:lib/akka-remote_2.11-2.5.15.jar:lib/rocksdbjni-5.5.1.jar:lib/guava-21.0.jar:lib/aeron-driver-1.9.3.jar:lib/flamestream-core-1.0-SNAPSHOT-tests.jar:lib/annotations-12.0.jar:lib/curator-framework-4.0.1.jar:lib/scala-library-2.11.12.jar:flamestream-runtime-1.0-SNAPSHOT.jar
16:10:31.151 [worker-akka.actor.default-dispatcher-6] INFO  o.a.z.ZooKeeper  - Client environment:java.library.path=/usr/java/packages/lib/amd64:/usr/lib/x86_64-linux-gnu/jni:/lib/x86_64-linux-gnu:/usr/lib/x86_64-linux-gnu:/usr/lib/jni:/lib:/usr/lib
16:10:31.151 [worker-akka.actor.default-dispatcher-6] INFO  o.a.z.ZooKeeper  - Client environment:java.io.tmpdir=/tmp
16:10:31.151 [worker-akka.actor.default-dispatcher-6] INFO  o.a.z.ZooKeeper  - Client environment:java.compiler=<NA>
16:10:31.151 [worker-akka.actor.default-dispatcher-6] INFO  o.a.z.ZooKeeper  - Client environment:os.name=Linux
16:10:31.151 [worker-akka.actor.default-dispatcher-6] INFO  o.a.z.ZooKeeper  - Client environment:os.arch=amd64
16:10:31.151 [worker-akka.actor.default-dispatcher-6] INFO  o.a.z.ZooKeeper  - Client environment:os.version=4.4.0-1049-aws
16:10:31.151 [worker-akka.actor.default-dispatcher-6] INFO  o.a.z.ZooKeeper  - Client environment:user.name=root
16:10:31.151 [worker-akka.actor.default-dispatcher-6] INFO  o.a.z.ZooKeeper  - Client environment:user.home=/root
16:10:31.151 [worker-akka.actor.default-dispatcher-6] INFO  o.a.z.ZooKeeper  - Client environment:user.dir=/root/flamestream
16:10:31.153 [worker-akka.actor.default-dispatcher-6] INFO  o.a.z.ZooKeeper  - Initiating client connection, connectString=10.0.0.71:12181 sessionTimeout=60000 watcher=org.apache.curator.ConnectionState@150452dd
16:10:31.185 [worker-akka.actor.default-dispatcher-6-SendThread(10.0.0.71:12181)] INFO  o.a.z.ClientCnxn  - Opening socket connection to server 10.0.0.71/10.0.0.71:12181. Will not attempt to authenticate using SASL (unknown error)
16:10:31.190 [worker-akka.actor.default-dispatcher-6] INFO  o.a.c.f.i.CuratorFrameworkImpl  - Default schema
16:10:31.194 [worker-akka.actor.default-dispatcher-6-SendThread(10.0.0.71:12181)] INFO  o.a.z.ClientCnxn  - Socket connection established to 10.0.0.71/10.0.0.71:12181, initiating session
16:10:31.202 [worker-akka.actor.default-dispatcher-6-SendThread(10.0.0.71:12181)] INFO  o.a.z.ClientCnxn  - Session establishment complete on server 10.0.0.71/10.0.0.71:12181, sessionid = 0x1000f2edefe0004, negotiated timeout = 60000
16:10:31.213 [worker-akka.actor.default-dispatcher-6-EventThread] INFO  o.a.c.f.s.ConnectionStateManager  - State change: CONNECTED
16:10:31.216 [worker-akka.actor.default-dispatcher-4] INFO  a.a.RepointableActorRef akka://worker/user/watcher - Initializing rocksDB backend
16:10:31.908 [worker-akka.actor.default-dispatcher-3] INFO  a.a.LocalActorRef akka://worker/user/watcher/processing-watcher - Starting...
16:10:41.885 [Curator-PathChildrenCache-2] WARN  o.a.c.u.ZKPaths  - The version of ZooKeeper being used doesn't support Container nodes. CreateMode.PERSISTENT will be used instead.
16:10:41.960 [worker-akka.actor.default-dispatcher-6] INFO  a.a.LocalActorRef akka://worker/user/watcher/processing-watcher/$a - Starting...
16:10:41.982 [worker-akka.actor.default-dispatcher-3] INFO  a.a.LocalActorRef akka://worker/user/watcher/processing-watcher/$a - Stopped
16:10:42.579 [worker-akka.actor.default-dispatcher-2] INFO  a.a.LocalActorRef akka://worker/user/watcher/processing-watcher/$c/$a - Starting...
16:10:42.579 [worker-akka.actor.default-dispatcher-2] INFO  a.a.LocalActorRef akka://worker/user/watcher/processing-watcher/$c - Starting...
16:10:42.619 [worker-akka.actor.default-dispatcher-3] INFO  a.a.LocalActorRef akka://worker/user/watcher/processing-watcher/graph/graph - Starting...
16:10:43.016 [worker-akka.actor.default-dispatcher-2] INFO  a.a.LocalActorRef akka://worker/user/watcher/processing-watcher/graph/graph - Finishing constructor
16:10:43.019 [worker-akka.actor.default-dispatcher-3] INFO  a.a.LocalActorRef akka://worker/user/watcher/processing-watcher/graph/edge - Starting...
16:10:43.022 [worker-akka.actor.default-dispatcher-3] INFO  a.a.LocalActorRef akka://worker/user/watcher/processing-watcher/graph - Starting FlameNode with config 'ClusterConfig{paths={10.0.0.117=akka://worker@10.0.0.117:5412/user/watcher/processing-watcher/graph, 10.0.0.114=akka://worker@10.0.0.114:5412/user/watcher/processing-watcher/graph, 10.0.0.157=akka://worker@10.0.0.157:5412/user/watcher/processing-watcher/graph, 10.0.0.110=akka://worker@10.0.0.110:5412/user/watcher/processing-watcher/graph, 10.0.0.156=akka://worker@10.0.0.156:5412/user/watcher/processing-watcher/graph}, masterLocation='10.0.0.157', hashGroups={10.0.0.117=com.spbsu.flamestream.runtime.config.HashGroup@346d5818, 10.0.0.114=com.spbsu.flamestream.runtime.config.HashGroup@5b96fac2, 10.0.0.157=com.spbsu.flamestream.runtime.config.HashGroup@9a421a79, 10.0.0.110=com.spbsu.flamestream.runtime.config.HashGroup@ff908bbc, 10.0.0.156=com.spbsu.flamestream.runtime.config.HashGroup@e1911c6e}}'
16:10:43.026 [worker-akka.actor.default-dispatcher-2] INFO  a.a.LocalActorRef akka://worker/user/watcher/processing-watcher/graph/negotiator - Starting...
16:10:43.040 [worker-akka.actor.default-dispatcher-5] INFO  a.a.LocalActorRef akka://worker/user/watcher/processing-watcher/graph/negotiator - Requesting ticket for the frontClass FlameSocketGraphDeployerFront@10.0.0.156
16:10:43.044 [worker-akka.actor.default-dispatcher-10] INFO  a.a.LocalActorRef akka://worker/user/watcher/processing-watcher/graph/graph - Received last commit 'LastCommit{globalTime=(0000000, min@min)}'
16:10:43.134 [worker-akka.actor.default-dispatcher-6] INFO  c.s.f.r.e.s.SocketRear  - FlameSocketGraphDeployerRear@10.0.0.156: connecting to 10.0.0.71:5678
16:10:43.140 [worker-akka.actor.default-dispatcher-11] INFO  c.s.f.r.e.s.SocketFront  - FlameSocketGraphDeployerFront@10.0.0.156: connecting to 10.0.0.71:4567
16:10:43.141 [worker-akka.actor.default-dispatcher-2] INFO  a.a.LocalActorRef akka://worker/user/watcher/processing-watcher/graph/negotiator - Ticket for the frontClass received: FrontTicket{allowedTimestamp=(0000000, FlameSocketGraphDeployerFront@10.0.0.156)}
16:10:43.141 [worker-akka.actor.default-dispatcher-2] INFO  a.a.LocalActorRef akka://worker/user/watcher/processing-watcher/graph/edge/FlameSocketGraphDeployerFront - Starting...
16:10:43.203 [worker-akka.actor.default-dispatcher-6] INFO  c.s.f.r.e.s.SocketRear  - FlameSocketGraphDeployerRear@10.0.0.156: connected to 10.0.0.71:5678
16:10:43.205 [worker-akka.actor.default-dispatcher-12] INFO  a.a.LocalActorRef akka://worker/user/watcher/processing-watcher/graph/edge/FlameSocketGraphDeployerRear - Starting...
16:10:43.264 [worker-akka.actor.default-dispatcher-6] INFO  a.a.LocalActorRef akka://worker/user/watcher/processing-watcher/graph/graph/$a - Starting...
16:10:43.265 [worker-akka.actor.default-dispatcher-6] INFO  a.a.LocalActorRef akka://worker/user/watcher/processing-watcher/graph/graph/$b - Starting...
16:10:43.267 [worker-akka.actor.default-dispatcher-6] INFO  a.a.LocalActorRef akka://worker/user/watcher/processing-watcher/graph/graph/$c - Starting...
16:10:43.269 [worker-akka.actor.default-dispatcher-6] INFO  a.a.LocalActorRef akka://worker/user/watcher/processing-watcher/graph/graph/$d - Starting...
16:10:43.270 [worker-akka.actor.default-dispatcher-6] INFO  a.a.LocalActorRef akka://worker/user/watcher/processing-watcher/graph/graph/$e - Starting...
16:10:43.271 [worker-akka.actor.default-dispatcher-6] INFO  a.a.LocalActorRef akka://worker/user/watcher/processing-watcher/graph/graph/$f - Starting...
16:10:43.272 [worker-akka.actor.default-dispatcher-6] INFO  a.a.LocalActorRef akka://worker/user/watcher/processing-watcher/graph/graph/$g - Starting...
16:10:43.273 [worker-akka.actor.default-dispatcher-6] INFO  a.a.LocalActorRef akka://worker/user/watcher/processing-watcher/graph/graph/$h - Starting...
16:10:43.274 [worker-akka.actor.default-dispatcher-6] INFO  a.a.LocalActorRef akka://worker/user/watcher/processing-watcher/graph/graph/$i - Starting...
16:10:43.276 [worker-akka.actor.default-dispatcher-6] INFO  a.a.LocalActorRef akka://worker/user/watcher/processing-watcher/graph/graph/$j - Starting...
16:10:43.276 [worker-akka.actor.default-dispatcher-6] INFO  a.a.LocalActorRef akka://worker/user/watcher/processing-watcher/graph/graph/$k - Starting...
16:10:43.277 [worker-akka.actor.default-dispatcher-6] INFO  a.a.LocalActorRef akka://worker/user/watcher/processing-watcher/graph/graph/$l - Starting...
16:10:43.278 [worker-akka.actor.default-dispatcher-6] INFO  a.a.LocalActorRef akka://worker/user/watcher/processing-watcher/graph/graph/$m - Starting...
16:10:43.279 [worker-akka.actor.default-dispatcher-6] INFO  a.a.LocalActorRef akka://worker/user/watcher/processing-watcher/graph/graph/$n - Starting...
16:10:43.281 [worker-akka.actor.default-dispatcher-6] INFO  a.a.LocalActorRef akka://worker/user/watcher/processing-watcher/graph/graph/$o - Starting...
16:10:43.283 [worker-akka.actor.default-dispatcher-6] INFO  a.a.LocalActorRef akka://worker/user/watcher/processing-watcher/graph/graph/$p - Starting...
16:10:43.285 [worker-akka.actor.default-dispatcher-6] INFO  a.a.LocalActorRef akka://worker/user/watcher/processing-watcher/graph/graph/$q - Starting...
16:10:43.291 [worker-akka.actor.default-dispatcher-6] INFO  a.a.LocalActorRef akka://worker/user/watcher/processing-watcher/graph/graph/$r - Starting...
16:10:43.309 [worker-akka.actor.default-dispatcher-6] INFO  a.a.LocalActorRef akka://worker/user/watcher/processing-watcher/graph/graph/$r - Attached rear to graph (-9223372036854775808, min@min)
16:10:43.310 [worker-akka.actor.default-dispatcher-6] INFO  a.a.LocalActorRef akka://worker/user/watcher/processing-watcher/graph/graph/$s - Starting...
16:10:43.311 [worker-akka.actor.default-dispatcher-6] INFO  a.a.LocalActorRef akka://worker/user/watcher/processing-watcher/graph/graph/$t - Starting...
16:10:43.314 [worker-akka.actor.default-dispatcher-6] INFO  a.a.LocalActorRef akka://worker/user/watcher/processing-watcher/graph/graph/$u - Starting...
16:10:43.317 [worker-akka.actor.default-dispatcher-6] INFO  a.a.LocalActorRef akka://worker/user/watcher/processing-watcher/graph/graph/$v - Starting...
16:10:43.319 [worker-akka.actor.default-dispatcher-6] INFO  a.a.LocalActorRef akka://worker/user/watcher/processing-watcher/graph/graph/$w - Starting...
16:10:43.319 [worker-akka.actor.default-dispatcher-6] INFO  a.a.LocalActorRef akka://worker/user/watcher/processing-watcher/graph/graph/$x - Starting...
16:10:43.320 [worker-akka.actor.default-dispatcher-6] INFO  a.a.LocalActorRef akka://worker/user/watcher/processing-watcher/graph/graph/$y - Starting...
16:10:43.321 [worker-akka.actor.default-dispatcher-6] INFO  a.a.LocalActorRef akka://worker/user/watcher/processing-watcher/graph/graph/$z - Starting...
16:10:43.322 [worker-akka.actor.default-dispatcher-6] INFO  a.a.LocalActorRef akka://worker/user/watcher/processing-watcher/graph/graph/$A - Starting...
16:10:43.323 [worker-akka.actor.default-dispatcher-6] INFO  a.a.LocalActorRef akka://worker/user/watcher/processing-watcher/graph/graph/$B - Starting...
16:10:43.324 [worker-akka.actor.default-dispatcher-6] INFO  a.a.LocalActorRef akka://worker/user/watcher/processing-watcher/graph/graph/$C - Starting...
16:10:43.326 [worker-akka.actor.default-dispatcher-6] INFO  a.a.LocalActorRef akka://worker/user/watcher/processing-watcher/graph/graph/$D - Starting...
16:10:43.326 [worker-akka.actor.default-dispatcher-6] INFO  a.a.LocalActorRef akka://worker/user/watcher/processing-watcher/graph/graph/$E - Starting...
16:10:43.327 [worker-akka.actor.default-dispatcher-6] INFO  a.a.LocalActorRef akka://worker/user/watcher/processing-watcher/graph/graph/$F - Starting...
16:10:43.328 [worker-akka.actor.default-dispatcher-6] INFO  a.a.LocalActorRef akka://worker/user/watcher/processing-watcher/graph/graph/$G - Starting...
16:10:43.329 [worker-akka.actor.default-dispatcher-6] INFO  a.a.LocalActorRef akka://worker/user/watcher/processing-watcher/graph/graph/$H - Starting...
16:10:43.330 [worker-akka.actor.default-dispatcher-6] INFO  a.a.LocalActorRef akka://worker/user/watcher/processing-watcher/graph/graph/$I - Starting...
16:10:43.331 [worker-akka.actor.default-dispatcher-6] INFO  a.a.LocalActorRef akka://worker/user/watcher/processing-watcher/graph/graph/$J - Starting...
16:10:43.332 [worker-akka.actor.default-dispatcher-6] INFO  a.a.LocalActorRef akka://worker/user/watcher/processing-watcher/graph/graph/$K - Starting...
16:10:43.333 [worker-akka.actor.default-dispatcher-6] INFO  a.a.LocalActorRef akka://worker/user/watcher/processing-watcher/graph/graph/$L - Starting...
16:10:43.334 [worker-akka.actor.default-dispatcher-6] INFO  a.a.LocalActorRef akka://worker/user/watcher/processing-watcher/graph/graph/$M - Starting...
16:10:43.336 [worker-akka.actor.default-dispatcher-6] INFO  a.a.LocalActorRef akka://worker/user/watcher/processing-watcher/graph/graph/$N - Starting...
16:10:43.336 [worker-akka.actor.default-dispatcher-6] INFO  a.a.LocalActorRef akka://worker/user/watcher/processing-watcher/graph/graph/$O - Starting...
16:10:43.337 [worker-akka.actor.default-dispatcher-6] INFO  a.a.LocalActorRef akka://worker/user/watcher/processing-watcher/graph/graph/$P - Starting...
16:10:43.339 [worker-akka.actor.default-dispatcher-6] INFO  a.a.LocalActorRef akka://worker/user/watcher/processing-watcher/graph/graph/$Q - Starting...
16:10:43.340 [worker-akka.actor.default-dispatcher-6] INFO  a.a.LocalActorRef akka://worker/user/watcher/processing-watcher/graph/graph/$R - Starting...
16:10:43.341 [worker-akka.actor.default-dispatcher-6] INFO  a.a.LocalActorRef akka://worker/user/watcher/processing-watcher/graph/graph/$S - Starting...
16:10:43.343 [worker-akka.actor.default-dispatcher-6] INFO  a.a.LocalActorRef akka://worker/user/watcher/processing-watcher/graph/graph/$T - Starting...
16:10:43.344 [worker-akka.actor.default-dispatcher-6] INFO  a.a.LocalActorRef akka://worker/user/watcher/processing-watcher/graph/graph/$U - Starting...
16:10:43.346 [worker-akka.actor.default-dispatcher-6] INFO  a.a.LocalActorRef akka://worker/user/watcher/processing-watcher/graph/graph/$V - Starting...
16:10:43.346 [worker-akka.actor.default-dispatcher-6] INFO  a.a.LocalActorRef akka://worker/user/watcher/processing-watcher/graph/graph/$W - Starting...
16:10:43.347 [worker-akka.actor.default-dispatcher-6] INFO  a.a.LocalActorRef akka://worker/user/watcher/processing-watcher/graph/graph/$X - Starting...
16:10:43.347 [worker-akka.actor.default-dispatcher-6] INFO  a.a.LocalActorRef akka://worker/user/watcher/processing-watcher/graph/graph/$Y - Starting...
16:10:43.349 [worker-akka.actor.default-dispatcher-6] INFO  a.a.LocalActorRef akka://worker/user/watcher/processing-watcher/graph/graph/$Z - Starting...
16:10:43.349 [worker-akka.actor.default-dispatcher-6] INFO  a.a.LocalActorRef akka://worker/user/watcher/processing-watcher/graph/graph/$0 - Starting...
16:10:43.350 [worker-akka.actor.default-dispatcher-6] INFO  a.a.LocalActorRef akka://worker/user/watcher/processing-watcher/graph/graph/$1 - Starting...
16:10:43.584 [Client] INFO  c.s.f.r.e.s.SocketFront  - FlameSocketGraphDeployerFront@10.0.0.156 has been disconnected from Connection 4
2019-07-07T16:11:03.966+0000: 35.341: [GC (Allocation Failure) 2019-07-07T16:11:03.966+0000: 35.341: [DefNew: 409600K->15231K(460800K), 0.0850354 secs] 424711K->225654K(1484800K), 0.0851050 secs] [Times: user=0.03 sys=0.06, real=0.08 secs] 
2019-07-07T16:11:28.774+0000: 60.148: [Full GC (Metadata GC Threshold) 2019-07-07T16:11:28.774+0000: 60.148: [Tenured: 210423K->216015K(1024000K), 0.0407285 secs] 291660K->216015K(1484800K), [Metaspace: 34548K->34548K(1079296K)], 0.0408049 secs] [Times: user=0.04 sys=0.00, real=0.05 secs] 
2019-07-07T16:15:09.869+0000: 281.244: [GC (Allocation Failure) 2019-07-07T16:15:09.869+0000: 281.244: [DefNew: 409600K->358K(460800K), 0.0023352 secs] 625615K->216374K(1484800K), 0.0024042 secs] [Times: user=0.01 sys=0.00, real=0.00 secs] 
2019-07-07T16:15:42.897+0000: 314.272: [GC (Allocation Failure) 2019-07-07T16:15:42.897+0000: 314.272: [DefNew: 409958K->113K(460800K), 0.0020168 secs] 625974K->216129K(1484800K), 0.0020800 secs] [Times: user=0.00 sys=0.00, real=0.00 secs] 
16:15:43.603 [worker-akka.actor.default-dispatcher-6] INFO  a.r.a.Association(akka://worker) akka.remote.artery.Association(akka://worker) - Stopping idle outbound stream [2] to [akka://worker@10.0.0.110:5412]
16:15:43.881 [worker-akka.actor.default-dispatcher-12] INFO  a.r.a.Association(akka://worker) akka.remote.artery.Association(akka://worker) - Stopping idle outbound stream [2] to [akka://worker@10.0.0.114:5412]
2019-07-07T16:16:15.553+0000: 346.928: [GC (Allocation Failure) 2019-07-07T16:16:15.553+0000: 346.928: [DefNew: 409713K->254K(460800K), 0.0022277 secs] 625729K->216270K(1484800K), 0.0022905 secs] [Times: user=0.00 sys=0.00, real=0.01 secs] 
2019-07-07T16:16:48.569+0000: 379.943: [GC (Allocation Failure) 2019-07-07T16:16:48.569+0000: 379.943: [DefNew: 409854K->157K(460800K), 0.0021032 secs] 625870K->216173K(1484800K), 0.0021603 secs] [Times: user=0.00 sys=0.00, real=0.00 secs] 
2019-07-07T16:17:21.591+0000: 412.966: [GC (Allocation Failure) 2019-07-07T16:17:21.591+0000: 412.966: [DefNew: 409757K->164K(460800K), 0.0021205 secs] 625773K->216179K(1484800K), 0.0021884 secs] [Times: user=0.00 sys=0.00, real=0.00 secs] 
2019-07-07T16:17:54.794+0000: 446.168: [GC (Allocation Failure) 2019-07-07T16:17:54.794+0000: 446.169: [DefNew: 409764K->160K(460800K), 0.0021143 secs] 625779K->216175K(1484800K), 0.0021786 secs] [Times: user=0.00 sys=0.00, real=0.01 secs] 
2019-07-07T16:18:28.112+0000: 479.486: [GC (Allocation Failure) 2019-07-07T16:18:28.112+0000: 479.486: [DefNew: 409760K->168K(460800K), 0.0020728 secs] 625775K->216183K(1484800K), 0.0021597 secs] [Times: user=0.00 sys=0.01, real=0.01 secs] 
2019-07-07T16:19:01.581+0000: 512.955: [GC (Allocation Failure) 2019-07-07T16:19:01.581+0000: 512.955: [DefNew: 409768K->167K(460800K), 0.0021879 secs] 625783K->216182K(1484800K), 0.0022492 secs] [Times: user=0.00 sys=0.00, real=0.00 secs] 
16:19:09.424 [Client] INFO  c.s.f.r.e.s.SocketRear  - FlameSocketGraphDeployerRear@10.0.0.156: has been disconnected from Connection 4
16:19:17.473 [worker-akka.actor.default-dispatcher-3] INFO  a.a.LocalActorRef akka://worker/user/watcher/processing-watcher/graph/negotiator - Stopped
16:19:17.473 [worker-akka.actor.default-dispatcher-3] INFO  a.a.LocalActorRef akka://worker/user/watcher/processing-watcher/graph/graph/$0 - Stopped
16:19:17.474 [worker-akka.actor.default-dispatcher-3] INFO  a.a.LocalActorRef akka://worker/user/watcher/processing-watcher/graph/graph/$1 - Stopped
16:19:17.474 [worker-akka.actor.default-dispatcher-3] INFO  a.a.LocalActorRef akka://worker/user/watcher/processing-watcher/graph/graph/$A - Stopped
16:19:17.477 [worker-akka.actor.default-dispatcher-3] INFO  a.a.LocalActorRef akka://worker/user/watcher/processing-watcher/graph/graph/$B - Stopped
16:19:17.477 [worker-akka.actor.default-dispatcher-3] INFO  a.a.LocalActorRef akka://worker/user/watcher/processing-watcher/graph/graph/$C - Stopped
16:19:17.477 [worker-akka.actor.default-dispatcher-3] INFO  a.a.LocalActorRef akka://worker/user/watcher/processing-watcher/graph/graph/$D - Stopped
16:19:17.477 [worker-akka.actor.default-dispatcher-3] INFO  a.a.LocalActorRef akka://worker/user/watcher/processing-watcher/graph/graph/$E - Stopped
16:19:17.478 [worker-akka.actor.default-dispatcher-3] INFO  a.a.LocalActorRef akka://worker/user/watcher/processing-watcher/graph/graph/$F - Stopped
16:19:17.478 [worker-akka.actor.default-dispatcher-3] INFO  a.a.LocalActorRef akka://worker/user/watcher/processing-watcher/graph/graph/$G - Stopped
16:19:17.478 [worker-akka.actor.default-dispatcher-4] INFO  a.a.LocalActorRef akka://worker/user/watcher/processing-watcher/graph/graph/$H - Stopped
16:19:17.478 [worker-akka.actor.default-dispatcher-4] INFO  a.a.LocalActorRef akka://worker/user/watcher/processing-watcher/$c/$a - Stopped
16:19:17.478 [worker-akka.actor.default-dispatcher-4] INFO  a.a.LocalActorRef akka://worker/user/watcher/processing-watcher/$c/$a - Message [com.spbsu.flamestream.runtime.utils.akka.PingActor$InnerPing] from Actor[akka://worker/user/watcher/processing-watcher/$c/$a#718839026] to Actor[akka://worker/user/watcher/processing-watcher/$c/$a#718839026] was not delivered. [1] dead letters encountered. If this is not an expected behavior, then [Actor[akka://worker/user/watcher/processing-watcher/$c/$a#718839026]] may have terminated unexpectedly, This logging can be turned off or adjusted with configuration settings 'akka.log-dead-letters' and 'akka.log-dead-letters-during-shutdown'.
16:19:17.482 [worker-akka.actor.default-dispatcher-4] INFO  a.a.LocalActorRef akka://worker/user/watcher/processing-watcher/graph/graph/$I - Stopped
16:19:17.482 [worker-akka.actor.default-dispatcher-4] INFO  a.a.LocalActorRef akka://worker/user/watcher/processing-watcher/graph/graph/$J - Stopped
16:19:17.482 [worker-akka.actor.default-dispatcher-4] INFO  a.a.LocalActorRef akka://worker/user/watcher/processing-watcher/graph/graph/$K - Stopped
16:19:17.483 [worker-akka.actor.default-dispatcher-4] INFO  a.a.LocalActorRef akka://worker/user/watcher/processing-watcher/graph/graph/$L - Stopped
16:19:17.483 [worker-akka.actor.default-dispatcher-4] INFO  a.a.LocalActorRef akka://worker/user/watcher/processing-watcher/graph/graph/$M - Stopped
16:19:17.483 [worker-akka.actor.default-dispatcher-10] INFO  a.a.LocalActorRef akka://worker/user/watcher/processing-watcher/graph/graph/$N - Stopped
16:19:17.483 [worker-akka.actor.default-dispatcher-10] INFO  a.a.LocalActorRef akka://worker/user/watcher/processing-watcher/graph/graph/$O - Stopped
16:19:17.483 [worker-akka.actor.default-dispatcher-10] INFO  a.a.LocalActorRef akka://worker/user/watcher/processing-watcher/graph/graph/$P - Stopped
16:19:17.484 [worker-akka.actor.default-dispatcher-10] INFO  a.a.LocalActorRef akka://worker/user/watcher/processing-watcher/graph/graph/$Q - Stopped
16:19:17.484 [worker-akka.actor.default-dispatcher-10] INFO  a.a.LocalActorRef akka://worker/user/watcher/processing-watcher/graph/graph/$R - Stopped
16:19:17.484 [worker-akka.actor.default-dispatcher-4] INFO  a.a.LocalActorRef akka://worker/user/watcher/processing-watcher/graph/graph/$S - Stopped
16:19:17.484 [worker-akka.actor.default-dispatcher-4] INFO  a.a.LocalActorRef akka://worker/user/watcher/processing-watcher/graph/graph/$T - Stopped
16:19:17.485 [worker-akka.actor.default-dispatcher-4] INFO  a.a.LocalActorRef akka://worker/user/watcher/processing-watcher/graph/graph/$U - Stopped
16:19:17.485 [worker-akka.actor.default-dispatcher-4] INFO  a.a.LocalActorRef akka://worker/user/watcher/processing-watcher/graph/graph/$V - Stopped
16:19:17.485 [worker-akka.actor.default-dispatcher-4] INFO  a.a.LocalActorRef akka://worker/user/watcher/processing-watcher/graph/graph/$W - Stopped
16:19:17.485 [worker-akka.actor.default-dispatcher-5] INFO  a.a.LocalActorRef akka://worker/user/watcher/processing-watcher/graph/graph/$X - Stopped
16:19:17.485 [worker-akka.actor.default-dispatcher-5] INFO  a.a.LocalActorRef akka://worker/user/watcher/processing-watcher/graph/graph/$Y - Stopped
16:19:17.486 [worker-akka.actor.default-dispatcher-5] INFO  a.a.LocalActorRef akka://worker/user/watcher/processing-watcher/graph/graph/$Z - Stopped
16:19:17.486 [worker-akka.actor.default-dispatcher-5] INFO  a.a.LocalActorRef akka://worker/user/watcher/processing-watcher/graph/graph/$a - Stopped
16:19:17.486 [worker-akka.actor.default-dispatcher-5] INFO  a.a.LocalActorRef akka://worker/user/watcher/processing-watcher/graph/graph/$b - Stopped
16:19:17.486 [worker-akka.actor.default-dispatcher-3] INFO  a.a.LocalActorRef akka://worker/user/watcher/processing-watcher/graph/graph/$c - Stopped
16:19:17.486 [worker-akka.actor.default-dispatcher-3] INFO  a.a.LocalActorRef akka://worker/user/watcher/processing-watcher/graph/graph/$d - Stopped
16:19:17.487 [worker-akka.actor.default-dispatcher-3] INFO  a.a.LocalActorRef akka://worker/user/watcher/processing-watcher/graph/graph/$e - Stopped
16:19:17.487 [worker-akka.actor.default-dispatcher-3] INFO  a.a.LocalActorRef akka://worker/user/watcher/processing-watcher/graph/graph/$f - Stopped
16:19:17.487 [worker-akka.actor.default-dispatcher-3] INFO  a.a.LocalActorRef akka://worker/user/watcher/processing-watcher/graph/graph/$g - Stopped
16:19:17.488 [worker-akka.actor.default-dispatcher-11] INFO  a.a.LocalActorRef akka://worker/user/watcher/processing-watcher/graph/graph/$h - Stopped
16:19:17.489 [worker-akka.actor.default-dispatcher-11] INFO  a.a.LocalActorRef akka://worker/user/watcher/processing-watcher/graph/graph/$i - Stopped
16:19:17.489 [worker-akka.actor.default-dispatcher-11] INFO  a.a.LocalActorRef akka://worker/user/watcher/processing-watcher/graph/graph/$j - Stopped
16:19:17.489 [worker-akka.actor.default-dispatcher-11] INFO  a.a.LocalActorRef akka://worker/user/watcher/processing-watcher/graph/graph/$k - Stopped
16:19:17.489 [worker-akka.actor.default-dispatcher-11] INFO  a.a.LocalActorRef akka://worker/user/watcher/processing-watcher/graph/graph/$l - Stopped
16:19:17.499 [worker-akka.actor.default-dispatcher-12] INFO  a.a.LocalActorRef akka://worker/user/watcher/processing-watcher/graph/graph/$m - Stopped
16:19:17.499 [worker-akka.actor.default-dispatcher-12] INFO  a.a.LocalActorRef akka://worker/user/watcher/processing-watcher/graph/graph/$n - Stopped
16:19:17.502 [worker-akka.actor.default-dispatcher-12] INFO  a.a.LocalActorRef akka://worker/user/watcher/processing-watcher/graph/graph/$o - Stopped
16:19:17.502 [worker-akka.actor.default-dispatcher-12] INFO  a.a.LocalActorRef akka://worker/user/watcher/processing-watcher/graph/graph/$p - Stopped
16:19:17.503 [worker-akka.actor.default-dispatcher-12] INFO  a.a.LocalActorRef akka://worker/user/watcher/processing-watcher/graph/graph/$q - Stopped
16:19:17.506 [worker-akka.actor.default-dispatcher-6] INFO  a.a.LocalActorRef akka://worker/user/watcher/processing-watcher/graph/graph/$r - Stopped
16:19:17.507 [worker-akka.actor.default-dispatcher-6] INFO  a.a.LocalActorRef akka://worker/user/watcher/processing-watcher/graph/graph/$s - Stopped
16:19:17.507 [worker-akka.actor.default-dispatcher-6] INFO  a.a.LocalActorRef akka://worker/user/watcher/processing-watcher/graph/graph/$t - Stopped
16:19:17.507 [worker-akka.actor.default-dispatcher-6] INFO  a.a.LocalActorRef akka://worker/user/watcher/processing-watcher/graph/edge/FlameSocketGraphDeployerFront - Stopped
16:19:17.507 [worker-akka.actor.default-dispatcher-6] INFO  a.a.LocalActorRef akka://worker/user/watcher/processing-watcher/graph/graph/$u - Stopped
16:19:17.508 [worker-akka.actor.default-dispatcher-12] INFO  a.a.LocalActorRef akka://worker/user/watcher/processing-watcher/graph/graph/$v - Stopped
16:19:17.508 [worker-akka.actor.default-dispatcher-12] INFO  a.a.LocalActorRef akka://worker/user/watcher/processing-watcher/graph/graph/$w - Stopped
16:19:17.508 [worker-akka.actor.default-dispatcher-12] INFO  a.a.LocalActorRef akka://worker/user/watcher/processing-watcher/graph/graph/$x - Stopped
16:19:17.508 [worker-akka.actor.default-dispatcher-12] INFO  a.a.LocalActorRef akka://worker/user/watcher/processing-watcher/graph/graph/$y - Stopped
16:19:17.513 [worker-akka.actor.default-dispatcher-12] INFO  a.a.LocalActorRef akka://worker/user/watcher/processing-watcher/graph/graph/$z - Stopped
16:19:17.514 [worker-akka.actor.default-dispatcher-3] INFO  a.a.LocalActorRef akka://worker/user/watcher/processing-watcher/graph/edge/FlameSocketGraphDeployerRear - Stopped
16:19:17.514 [worker-akka.actor.default-dispatcher-3] INFO  a.a.LocalActorRef akka://worker/user/watcher/processing-watcher/graph/edge - Stopped
16:19:17.514 [worker-akka.actor.default-dispatcher-3] INFO  a.a.LocalActorRef akka://worker/user/watcher/processing-watcher/graph/graph - Stopped
16:19:17.515 [worker-akka.actor.default-dispatcher-3] INFO  a.a.LocalActorRef akka://worker/user/watcher/processing-watcher/$c/$a - Message [com.spbsu.flamestream.runtime.utils.akka.PingActor$Stop] from Actor[akka://worker/user/watcher/processing-watcher/$c#1351901718] to Actor[akka://worker/user/watcher/processing-watcher/$c/$a#718839026] was not delivered. [2] dead letters encountered. If this is not an expected behavior, then [Actor[akka://worker/user/watcher/processing-watcher/$c/$a#718839026]] may have terminated unexpectedly, This logging can be turned off or adjusted with configuration settings 'akka.log-dead-letters' and 'akka.log-dead-letters-during-shutdown'.
16:19:17.521 [worker-akka.actor.default-dispatcher-2] INFO  a.a.LocalActorRef akka://worker/user/watcher/processing-watcher/graph - Stopped
16:19:17.526 [worker-akka.actor.default-dispatcher-14] INFO  a.a.LocalActorRef akka://worker/user/watcher/processing-watcher/$c - Stopped
16:19:17.529 [worker-akka.actor.default-dispatcher-15] INFO  a.a.LocalActorRef akka://worker/user/watcher/processing-watcher - Stopped
16:19:17.530 [Curator-Framework-0] INFO  o.a.c.f.i.CuratorFrameworkImpl  - backgroundOperationsLoop exiting
16:19:17.536 [Curator-PathChildrenCache-0] ERROR o.a.c.f.r.c.PathChildrenCache  - 
java.lang.IllegalStateException: instance must be started before calling this method
	at org.apache.curator.shaded.com.google.common.base.Preconditions.checkState(Preconditions.java:444)
	at org.apache.curator.framework.imps.CuratorFrameworkImpl.getChildren(CuratorFrameworkImpl.java:456)
	at org.apache.curator.framework.recipes.cache.PathChildrenCache.refresh(PathChildrenCache.java:521)
	at org.apache.curator.framework.recipes.cache.RefreshOperation.invoke(RefreshOperation.java:35)
	at org.apache.curator.framework.recipes.cache.PathChildrenCache$9.run(PathChildrenCache.java:786)
	at java.util.concurrent.Executors$RunnableAdapter.call(Executors.java:511)
	at java.util.concurrent.FutureTask.run(FutureTask.java:266)
	at java.util.concurrent.Executors$RunnableAdapter.call(Executors.java:511)
	at java.util.concurrent.FutureTask.run(FutureTask.java:266)
	at java.util.concurrent.ThreadPoolExecutor.runWorker(ThreadPoolExecutor.java:1149)
	at java.util.concurrent.ThreadPoolExecutor$Worker.run(ThreadPoolExecutor.java:624)
	at java.lang.Thread.run(Thread.java:748)
16:19:17.542 [worker-akka.actor.default-dispatcher-15] INFO  o.a.z.ZooKeeper  - Session: 0x1000f2edefe0004 closed
16:19:17.543 [worker-akka.actor.default-dispatcher-15] INFO  a.a.RepointableActorRef akka://worker/user/watcher - Stopped
16:19:17.544 [worker-akka.actor.default-dispatcher-6-EventThread] INFO  o.a.z.ClientCnxn  - EventThread shut down for session: 0x1000f2edefe0004
16:19:17.557 [worker-akka.actor.default-dispatcher-22] INFO  a.r.RemoteActorRefProvider$RemotingTerminator akka://worker@10.0.0.156:5412/system/remoting-terminator - Shutting down remote daemon.
16:19:17.558 [worker-akka.actor.default-dispatcher-22] INFO  a.r.RemoteActorRefProvider$RemotingTerminator akka://worker@10.0.0.156:5412/system/remoting-terminator - Remote daemon shut down; proceeding with flushing remote transports.
16:19:18.630 [worker-akka.actor.default-dispatcher-22] INFO  a.r.RemoteActorRefProvider$RemotingTerminator akka://worker@10.0.0.156:5412/system/remoting-terminator - Remoting shut down.
Heap
 def new generation   total 460800K, used 147825K [0x00000000a2400000, 0x00000000c1800000, 0x00000000c1800000)
  eden space 409600K,  36% used [0x00000000a2400000, 0x00000000ab432880, 0x00000000bb400000)
  from space 51200K,   0% used [0x00000000be600000, 0x00000000be629ca8, 0x00000000c1800000)
  to   space 51200K,   0% used [0x00000000bb400000, 0x00000000bb400000, 0x00000000be600000)
 tenured generation   total 1024000K, used 216015K [0x00000000c1800000, 0x0000000100000000, 0x0000000100000000)
   the space 1024000K,  21% used [0x00000000c1800000, 0x00000000ceaf3da8, 0x00000000ceaf3e00, 0x0000000100000000)
 Metaspace       used 36057K, capacity 36858K, committed 37120K, reserved 1081344K
  class space    used 4841K, capacity 5025K, committed 5120K, reserved 1048576K
