08:02:40,326 |-INFO in ch.qos.logback.classic.LoggerContext[default] - Could NOT find resource [logback-test.xml]
08:02:40,326 |-INFO in ch.qos.logback.classic.LoggerContext[default] - Could NOT find resource [logback.groovy]
08:02:40,326 |-INFO in ch.qos.logback.classic.LoggerContext[default] - Found resource [logback.xml] at [jar:file:/root/flamestream/lib/flamestream-runtime-1.0-SNAPSHOT.jar!/logback.xml]
08:02:40,327 |-WARN in ch.qos.logback.classic.LoggerContext[default] - Resource [logback.xml] occurs multiple times on the classpath.
08:02:40,327 |-WARN in ch.qos.logback.classic.LoggerContext[default] - Resource [logback.xml] occurs at [jar:file:/root/flamestream/lib/flamestream-runtime-1.0-SNAPSHOT.jar!/logback.xml]
08:02:40,327 |-WARN in ch.qos.logback.classic.LoggerContext[default] - Resource [logback.xml] occurs at [jar:file:/root/flamestream/flamestream-runtime-1.0-SNAPSHOT.jar!/logback.xml]
08:02:40,346 |-INFO in ch.qos.logback.core.joran.spi.ConfigurationWatchList@3fb6a447 - URL [jar:file:/root/flamestream/lib/flamestream-runtime-1.0-SNAPSHOT.jar!/logback.xml] is not of type file
08:02:40,416 |-INFO in ch.qos.logback.classic.joran.action.ConfigurationAction - debug attribute not set
08:02:40,416 |-INFO in ch.qos.logback.core.joran.action.AppenderAction - About to instantiate appender of type [ch.qos.logback.core.ConsoleAppender]
08:02:40,437 |-INFO in ch.qos.logback.core.joran.action.AppenderAction - Naming appender as [STDOUT]
08:02:40,450 |-INFO in ch.qos.logback.core.joran.action.NestedComplexPropertyIA - Assuming default type [ch.qos.logback.classic.encoder.PatternLayoutEncoder] for [encoder] property
08:02:40,537 |-INFO in ch.qos.logback.core.joran.action.AppenderAction - About to instantiate appender of type [ch.qos.logback.core.rolling.RollingFileAppender]
08:02:40,542 |-INFO in ch.qos.logback.core.joran.action.AppenderAction - Naming appender as [FILE]
08:02:40,574 |-INFO in c.q.l.core.rolling.TimeBasedRollingPolicy@127618319 - No compression will be used
08:02:40,575 |-INFO in c.q.l.core.rolling.TimeBasedRollingPolicy@127618319 - Will use the pattern /tmp/application_%d{yyyy-MM-dd}.%i.log for the active file
08:02:40,578 |-INFO in ch.qos.logback.core.rolling.SizeAndTimeBasedFNATP@6b2fad11 - The date pattern is 'yyyy-MM-dd' from file name pattern '/tmp/application_%d{yyyy-MM-dd}.%i.log'.
08:02:40,578 |-INFO in ch.qos.logback.core.rolling.SizeAndTimeBasedFNATP@6b2fad11 - Roll-over at midnight.
08:02:40,583 |-INFO in ch.qos.logback.core.rolling.SizeAndTimeBasedFNATP@6b2fad11 - Setting initial period to Tue Jun 11 08:01:17 UTC 2019
08:02:40,583 |-WARN in ch.qos.logback.core.rolling.SizeAndTimeBasedFNATP@6b2fad11 - SizeAndTimeBasedFNATP is deprecated. Use SizeAndTimeBasedRollingPolicy instead
08:02:40,583 |-WARN in ch.qos.logback.core.rolling.SizeAndTimeBasedFNATP@6b2fad11 - For more information see http://logback.qos.ch/manual/appenders.html#SizeAndTimeBasedRollingPolicy
08:02:40,587 |-INFO in ch.qos.logback.core.joran.action.NestedComplexPropertyIA - Assuming default type [ch.qos.logback.classic.encoder.PatternLayoutEncoder] for [encoder] property
08:02:40,592 |-INFO in ch.qos.logback.core.rolling.RollingFileAppender[FILE] - Active log file name: /tmp/application.log
08:02:40,592 |-INFO in ch.qos.logback.core.rolling.RollingFileAppender[FILE] - File property is set to [/tmp/application.log]
08:02:40,593 |-INFO in ch.qos.logback.classic.joran.action.RootLoggerAction - Setting level of ROOT logger to WARN
08:02:40,593 |-INFO in ch.qos.logback.core.joran.action.AppenderRefAction - Attaching appender named [STDOUT] to Logger[ROOT]
08:02:40,595 |-INFO in ch.qos.logback.core.joran.action.AppenderRefAction - Attaching appender named [FILE] to Logger[ROOT]
08:02:40,595 |-INFO in ch.qos.logback.classic.joran.action.ConfigurationAction - End of configuration.
08:02:40,596 |-INFO in ch.qos.logback.classic.joran.JoranConfigurator@79698539 - Registering current configuration as safe fallback point

Ama winner
Ama winner
2019-06-11T08:02:41.853+0000: 1.714: [Full GC (Metadata GC Threshold) 2019-06-11T08:02:41.853+0000: 1.714: [Tenured: 0K->15240K(341376K), 0.0393948 secs] 117750K->15240K(494976K), [Metaspace: 20731K->20731K(1067008K)], 0.0394718 secs] [Times: user=0.04 sys=0.00, real=0.04 secs] 
08:02:59.564 [Curator-PathChildrenCache-1] WARN  o.a.c.u.ZKPaths  - The version of ZooKeeper being used doesn't support Container nodes. CreateMode.PERSISTENT will be used instead.
2019-06-11T08:03:01.927+0000: 21.787: [GC (Allocation Failure) 2019-06-11T08:03:01.927+0000: 21.787: [DefNew: 136576K->17024K(153600K), 0.0363169 secs] 151816K->52483K(494976K), 0.0363887 secs] [Times: user=0.02 sys=0.01, real=0.03 secs] 
2019-06-11T08:03:06.335+0000: 26.196: [Full GC (Metadata GC Threshold) 2019-06-11T08:03:06.336+0000: 26.196: [Tenured: 35459K->43711K(341376K), 0.0661346 secs] 149264K->43711K(494976K), [Metaspace: 34577K->34577K(1079296K)], 0.0662129 secs] [Times: user=0.06 sys=0.00, real=0.07 secs] 
2019-06-11T08:03:12.518+0000: 32.378: [GC (Allocation Failure) 2019-06-11T08:03:12.518+0000: 32.378: [DefNew: 136576K->51K(153600K), 0.0016912 secs] 180287K->43763K(494976K), 0.0017479 secs] [Times: user=0.01 sys=0.00, real=0.00 secs] 
2019-06-11T08:03:18.791+0000: 38.651: [GC (Allocation Failure) 2019-06-11T08:03:18.791+0000: 38.651: [DefNew: 136627K->52K(153600K), 0.0016090 secs] 180339K->43764K(494976K), 0.0016688 secs] [Times: user=0.01 sys=0.00, real=0.00 secs] 
2019-06-11T08:03:25.067+0000: 44.927: [GC (Allocation Failure) 2019-06-11T08:03:25.067+0000: 44.927: [DefNew: 136628K->53K(153600K), 0.0016627 secs] 180340K->43764K(494976K), 0.0017335 secs] [Times: user=0.01 sys=0.00, real=0.00 secs] 
2019-06-11T08:03:31.381+0000: 51.241: [GC (Allocation Failure) 2019-06-11T08:03:31.381+0000: 51.241: [DefNew: 136629K->54K(153600K), 0.0016213 secs] 180340K->43766K(494976K), 0.0016808 secs] [Times: user=0.00 sys=0.00, real=0.00 secs] 
08:03:41.537 [Curator-PathChildrenCache-0] ERROR o.a.c.f.r.c.PathChildrenCache  - 
java.lang.IllegalStateException: instance must be started before calling this method
	at org.apache.curator.shaded.com.google.common.base.Preconditions.checkState(Preconditions.java:444)
	at org.apache.curator.framework.imps.CuratorFrameworkImpl.getChildren(CuratorFrameworkImpl.java:456)
	at org.apache.curator.framework.recipes.cache.PathChildrenCache.refresh(PathChildrenCache.java:521)
	at org.apache.curator.framework.recipes.cache.RefreshOperation.invoke(RefreshOperation.java:35)
	at org.apache.curator.framework.recipes.cache.PathChildrenCache$9.run(PathChildrenCache.java:786)
	at java.util.concurrent.Executors$RunnableAdapter.call(Executors.java:511)
	at java.util.concurrent.FutureTask.run(FutureTask.java:266)
	at java.util.concurrent.Executors$RunnableAdapter.call(Executors.java:511)
	at java.util.concurrent.FutureTask.run(FutureTask.java:266)
	at java.util.concurrent.ThreadPoolExecutor.runWorker(ThreadPoolExecutor.java:1149)
	at java.util.concurrent.ThreadPoolExecutor$Worker.run(ThreadPoolExecutor.java:624)
	at java.lang.Thread.run(Thread.java:748)
Heap
 def new generation   total 153600K, used 119073K [0x00000000e0c00000, 0x00000000eb2a0000, 0x00000000eb2a0000)
  eden space 136576K,  87% used [0x00000000e0c00000, 0x00000000e803ac30, 0x00000000e9160000)
  from space 17024K,   0% used [0x00000000ea200000, 0x00000000ea20d998, 0x00000000eb2a0000)
  to   space 17024K,   0% used [0x00000000e9160000, 0x00000000e9160000, 0x00000000ea200000)
 tenured generation   total 341376K, used 43711K [0x00000000eb2a0000, 0x0000000100000000, 0x0000000100000000)
   the space 341376K,  12% used [0x00000000eb2a0000, 0x00000000edd4fed0, 0x00000000edd50000, 0x0000000100000000)
 Metaspace       used 35934K, capacity 36858K, committed 37120K, reserved 1081344K
  class space    used 4860K, capacity 5073K, committed 5120K, reserved 1048576K
