19:25:58,280 |-INFO in ch.qos.logback.classic.LoggerContext[default] - Could NOT find resource [logback-test.xml]
19:25:58,280 |-INFO in ch.qos.logback.classic.LoggerContext[default] - Could NOT find resource [logback.groovy]
19:25:58,280 |-INFO in ch.qos.logback.classic.LoggerContext[default] - Found resource [logback.xml] at [jar:file:/home/nikitasokolov/flamestream/lib/flamestream-runtime-1.0-SNAPSHOT.jar!/logback.xml]
19:25:58,280 |-WARN in ch.qos.logback.classic.LoggerContext[default] - Resource [logback.xml] occurs multiple times on the classpath.
19:25:58,281 |-WARN in ch.qos.logback.classic.LoggerContext[default] - Resource [logback.xml] occurs at [jar:file:/home/nikitasokolov/flamestream/lib/flamestream-runtime-1.0-SNAPSHOT.jar!/logback.xml]
19:25:58,281 |-WARN in ch.qos.logback.classic.LoggerContext[default] - Resource [logback.xml] occurs at [jar:file:/home/nikitasokolov/flamestream/flamestream-runtime-1.0-SNAPSHOT.jar!/logback.xml]
19:25:58,297 |-INFO in ch.qos.logback.core.joran.spi.ConfigurationWatchList@6108b2d7 - URL [jar:file:/home/nikitasokolov/flamestream/lib/flamestream-runtime-1.0-SNAPSHOT.jar!/logback.xml] is not of type file
19:25:58,347 |-INFO in ch.qos.logback.classic.joran.action.ConfigurationAction - debug attribute not set
19:25:58,348 |-INFO in ch.qos.logback.core.joran.action.AppenderAction - About to instantiate appender of type [ch.qos.logback.core.ConsoleAppender]
19:25:58,356 |-INFO in ch.qos.logback.core.joran.action.AppenderAction - Naming appender as [STDOUT]
19:25:58,365 |-INFO in ch.qos.logback.core.joran.action.NestedComplexPropertyIA - Assuming default type [ch.qos.logback.classic.encoder.PatternLayoutEncoder] for [encoder] property
19:25:58,422 |-INFO in ch.qos.logback.core.joran.action.AppenderAction - About to instantiate appender of type [ch.qos.logback.core.rolling.RollingFileAppender]
19:25:58,427 |-INFO in ch.qos.logback.core.joran.action.AppenderAction - Naming appender as [FILE]
19:25:58,449 |-INFO in c.q.l.core.rolling.TimeBasedRollingPolicy@357863579 - No compression will be used
19:25:58,450 |-INFO in c.q.l.core.rolling.TimeBasedRollingPolicy@357863579 - Will use the pattern /tmp/application_%d{yyyy-MM-dd}.%i.log for the active file
19:25:58,453 |-INFO in ch.qos.logback.core.rolling.SizeAndTimeBasedFNATP@6bf256fa - The date pattern is 'yyyy-MM-dd' from file name pattern '/tmp/application_%d{yyyy-MM-dd}.%i.log'.
19:25:58,453 |-INFO in ch.qos.logback.core.rolling.SizeAndTimeBasedFNATP@6bf256fa - Roll-over at midnight.
19:25:58,457 |-INFO in ch.qos.logback.core.rolling.SizeAndTimeBasedFNATP@6bf256fa - Setting initial period to Sun Jun 09 19:25:14 MSK 2019
19:25:58,457 |-WARN in ch.qos.logback.core.rolling.SizeAndTimeBasedFNATP@6bf256fa - SizeAndTimeBasedFNATP is deprecated. Use SizeAndTimeBasedRollingPolicy instead
19:25:58,457 |-WARN in ch.qos.logback.core.rolling.SizeAndTimeBasedFNATP@6bf256fa - For more information see http://logback.qos.ch/manual/appenders.html#SizeAndTimeBasedRollingPolicy
19:25:58,462 |-INFO in ch.qos.logback.core.joran.action.NestedComplexPropertyIA - Assuming default type [ch.qos.logback.classic.encoder.PatternLayoutEncoder] for [encoder] property
19:25:58,465 |-INFO in ch.qos.logback.core.rolling.RollingFileAppender[FILE] - Active log file name: /tmp/application.log
19:25:58,465 |-INFO in ch.qos.logback.core.rolling.RollingFileAppender[FILE] - File property is set to [/tmp/application.log]
19:25:58,466 |-INFO in ch.qos.logback.classic.joran.action.RootLoggerAction - Setting level of ROOT logger to WARN
19:25:58,467 |-INFO in ch.qos.logback.core.joran.action.AppenderRefAction - Attaching appender named [STDOUT] to Logger[ROOT]
19:25:58,467 |-INFO in ch.qos.logback.core.joran.action.AppenderRefAction - Attaching appender named [FILE] to Logger[ROOT]
19:25:58,467 |-INFO in ch.qos.logback.classic.joran.action.ConfigurationAction - End of configuration.
19:25:58,468 |-INFO in ch.qos.logback.classic.joran.JoranConfigurator@6cd8737 - Registering current configuration as safe fallback point

2019-06-09T19:25:59.468+0300: 1.390: [GC (Metadata GC Threshold) [PSYoungGen: 110722K->15879K(149504K)] 110722K->15959K(491008K), 0.0304323 secs] [Times: user=0.16 sys=0.05, real=0.04 secs] 
2019-06-09T19:25:59.498+0300: 1.420: [Full GC (Metadata GC Threshold) [PSYoungGen: 15879K->0K(149504K)] [ParOldGen: 80K->15078K(341504K)] 15959K->15078K(491008K), [Metaspace: 20802K->20802K(1067008K)], 0.0276147 secs] [Times: user=0.19 sys=0.01, real=0.02 secs] 
19:26:11.161 [Curator-PathChildrenCache-1] WARN  o.a.c.u.ZKPaths  - The version of ZooKeeper being used doesn't support Container nodes. CreateMode.PERSISTENT will be used instead.
2019-06-09T19:26:12.378+0300: 14.300: [GC (Metadata GC Threshold) [PSYoungGen: 127492K->20971K(149504K)] 142571K->49786K(491008K), 0.0225019 secs] [Times: user=0.23 sys=0.01, real=0.02 secs] 
2019-06-09T19:26:12.401+0300: 14.323: [Full GC (Metadata GC Threshold) [PSYoungGen: 20971K->0K(149504K)] [ParOldGen: 28815K->38722K(341504K)] 49786K->38722K(491008K), [Metaspace: 34554K->34554K(1079296K)], 0.0413313 secs] [Times: user=0.12 sys=0.03, real=0.04 secs] 
2019-06-09T19:26:29.399+0300: 31.320: [GC (Allocation Failure) [PSYoungGen: 128512K->448K(149504K)] 167234K->39178K(491008K), 0.0873934 secs] [Times: user=0.04 sys=0.00, real=0.08 secs] 
2019-06-09T19:26:47.399+0300: 49.321: [GC (Allocation Failure) [PSYoungGen: 128960K->480K(149504K)] 167690K->39219K(491008K), 0.0052901 secs] [Times: user=0.03 sys=0.00, real=0.00 secs] 
2019-06-09T19:27:06.476+0300: 68.398: [GC (Allocation Failure) [PSYoungGen: 128992K->791K(129536K)] 167731K->39538K(471040K), 0.0058032 secs] [Times: user=0.00 sys=0.04, real=0.01 secs] 
19:27:28.279 [Curator-PathChildrenCache-0] ERROR o.a.c.f.r.c.PathChildrenCache  - 
java.lang.IllegalStateException: instance must be started before calling this method
	at org.apache.curator.shaded.com.google.common.base.Preconditions.checkState(Preconditions.java:444)
	at org.apache.curator.framework.imps.CuratorFrameworkImpl.getChildren(CuratorFrameworkImpl.java:456)
	at org.apache.curator.framework.recipes.cache.PathChildrenCache.refresh(PathChildrenCache.java:521)
	at org.apache.curator.framework.recipes.cache.RefreshOperation.invoke(RefreshOperation.java:35)
	at org.apache.curator.framework.recipes.cache.PathChildrenCache$9.run(PathChildrenCache.java:786)
	at java.util.concurrent.Executors$RunnableAdapter.call(Executors.java:511)
	at java.util.concurrent.FutureTask.run(FutureTask.java:266)
	at java.util.concurrent.Executors$RunnableAdapter.call(Executors.java:511)
	at java.util.concurrent.FutureTask.run(FutureTask.java:266)
	at java.util.concurrent.ThreadPoolExecutor.runWorker(ThreadPoolExecutor.java:1149)
	at java.util.concurrent.ThreadPoolExecutor$Worker.run(ThreadPoolExecutor.java:624)
	at java.lang.Thread.run(Thread.java:748)
Heap
 PSYoungGen      total 129536K, used 67046K [0x00000000f5980000, 0x0000000100000000, 0x0000000100000000)
  eden space 128512K, 51% used [0x00000000f5980000,0x00000000f9a33db8,0x00000000fd700000)
  from space 1024K, 77% used [0x00000000fd700000,0x00000000fd7c5d00,0x00000000fd800000)
  to   space 39424K, 0% used [0x00000000fd980000,0x00000000fd980000,0x0000000100000000)
 ParOldGen       total 341504K, used 38746K [0x00000000e0c00000, 0x00000000f5980000, 0x00000000f5980000)
  object space 341504K, 11% used [0x00000000e0c00000,0x00000000e31d6bb8,0x00000000f5980000)
 Metaspace       used 36035K, capacity 36894K, committed 37208K, reserved 1081344K
  class space    used 4978K, capacity 5161K, committed 5248K, reserved 1048576K
