16:32:03,762 |-INFO in ch.qos.logback.classic.LoggerContext[default] - Could NOT find resource [logback-test.xml]
16:32:03,763 |-INFO in ch.qos.logback.classic.LoggerContext[default] - Could NOT find resource [logback.groovy]
16:32:03,763 |-INFO in ch.qos.logback.classic.LoggerContext[default] - Found resource [logback.xml] at [jar:file:/root/flamestream/lib/flamestream-runtime-1.0-SNAPSHOT.jar!/logback.xml]
16:32:03,764 |-WARN in ch.qos.logback.classic.LoggerContext[default] - Resource [logback.xml] occurs multiple times on the classpath.
16:32:03,764 |-WARN in ch.qos.logback.classic.LoggerContext[default] - Resource [logback.xml] occurs at [jar:file:/root/flamestream/lib/flamestream-runtime-1.0-SNAPSHOT.jar!/logback.xml]
16:32:03,764 |-WARN in ch.qos.logback.classic.LoggerContext[default] - Resource [logback.xml] occurs at [jar:file:/root/flamestream/flamestream-runtime-1.0-SNAPSHOT.jar!/logback.xml]
16:32:03,783 |-INFO in ch.qos.logback.core.joran.spi.ConfigurationWatchList@3fb6a447 - URL [jar:file:/root/flamestream/lib/flamestream-runtime-1.0-SNAPSHOT.jar!/logback.xml] is not of type file
16:32:03,854 |-INFO in ch.qos.logback.classic.joran.action.ConfigurationAction - debug attribute not set
16:32:03,855 |-INFO in ch.qos.logback.core.joran.action.AppenderAction - About to instantiate appender of type [ch.qos.logback.core.ConsoleAppender]
16:32:03,871 |-INFO in ch.qos.logback.core.joran.action.AppenderAction - Naming appender as [STDOUT]
16:32:03,887 |-INFO in ch.qos.logback.core.joran.action.NestedComplexPropertyIA - Assuming default type [ch.qos.logback.classic.encoder.PatternLayoutEncoder] for [encoder] property
16:32:03,975 |-INFO in ch.qos.logback.core.joran.action.AppenderAction - About to instantiate appender of type [ch.qos.logback.core.rolling.RollingFileAppender]
16:32:03,980 |-INFO in ch.qos.logback.core.joran.action.AppenderAction - Naming appender as [FILE]
16:32:04,011 |-INFO in c.q.l.core.rolling.TimeBasedRollingPolicy@127618319 - No compression will be used
16:32:04,012 |-INFO in c.q.l.core.rolling.TimeBasedRollingPolicy@127618319 - Will use the pattern /tmp/application_%d{yyyy-MM-dd}.%i.log for the active file
16:32:04,015 |-INFO in ch.qos.logback.core.rolling.SizeAndTimeBasedFNATP@6b2fad11 - The date pattern is 'yyyy-MM-dd' from file name pattern '/tmp/application_%d{yyyy-MM-dd}.%i.log'.
16:32:04,015 |-INFO in ch.qos.logback.core.rolling.SizeAndTimeBasedFNATP@6b2fad11 - Roll-over at midnight.
16:32:04,020 |-INFO in ch.qos.logback.core.rolling.SizeAndTimeBasedFNATP@6b2fad11 - Setting initial period to Mon Jun 10 16:30:35 UTC 2019
16:32:04,021 |-WARN in ch.qos.logback.core.rolling.SizeAndTimeBasedFNATP@6b2fad11 - SizeAndTimeBasedFNATP is deprecated. Use SizeAndTimeBasedRollingPolicy instead
16:32:04,021 |-WARN in ch.qos.logback.core.rolling.SizeAndTimeBasedFNATP@6b2fad11 - For more information see http://logback.qos.ch/manual/appenders.html#SizeAndTimeBasedRollingPolicy
16:32:04,024 |-INFO in ch.qos.logback.core.joran.action.NestedComplexPropertyIA - Assuming default type [ch.qos.logback.classic.encoder.PatternLayoutEncoder] for [encoder] property
16:32:04,029 |-INFO in ch.qos.logback.core.rolling.RollingFileAppender[FILE] - Active log file name: /tmp/application.log
16:32:04,029 |-INFO in ch.qos.logback.core.rolling.RollingFileAppender[FILE] - File property is set to [/tmp/application.log]
16:32:04,030 |-INFO in ch.qos.logback.classic.joran.action.RootLoggerAction - Setting level of ROOT logger to WARN
16:32:04,030 |-INFO in ch.qos.logback.core.joran.action.AppenderRefAction - Attaching appender named [STDOUT] to Logger[ROOT]
16:32:04,032 |-INFO in ch.qos.logback.core.joran.action.AppenderRefAction - Attaching appender named [FILE] to Logger[ROOT]
16:32:04,032 |-INFO in ch.qos.logback.classic.joran.action.ConfigurationAction - End of configuration.
16:32:04,033 |-INFO in ch.qos.logback.classic.joran.JoranConfigurator@79698539 - Registering current configuration as safe fallback point

Ama winner
Ama winner
2019-06-10T16:32:05.351+0000: 1.773: [Full GC (Metadata GC Threshold) 2019-06-10T16:32:05.351+0000: 1.773: [Tenured: 0K->15240K(341376K), 0.0396157 secs] 117751K->15240K(494976K), [Metaspace: 20727K->20727K(1067008K)], 0.0396847 secs] [Times: user=0.04 sys=0.00, real=0.04 secs] 
16:32:17.783 [Curator-PathChildrenCache-1] WARN  o.a.c.u.ZKPaths  - The version of ZooKeeper being used doesn't support Container nodes. CreateMode.PERSISTENT will be used instead.
2019-06-10T16:32:20.052+0000: 16.474: [GC (Allocation Failure) 2019-06-10T16:32:20.052+0000: 16.474: [DefNew: 136576K->17024K(153600K), 0.0271569 secs] 151816K->52734K(494976K), 0.0272368 secs] [Times: user=0.03 sys=0.01, real=0.02 secs] 
2019-06-10T16:32:23.556+0000: 19.978: [Full GC (Metadata GC Threshold) 2019-06-10T16:32:23.556+0000: 19.978: [Tenured: 35710K->44288K(341376K), 0.0545424 secs] 146207K->44288K(494976K), [Metaspace: 34627K->34627K(1079296K)], 0.0546143 secs] [Times: user=0.05 sys=0.01, real=0.06 secs] 
2019-06-10T16:32:28.174+0000: 24.596: [GC (Allocation Failure) 2019-06-10T16:32:28.174+0000: 24.596: [DefNew: 136576K->57K(153600K), 0.0018497 secs] 180864K->44345K(494976K), 0.0019186 secs] [Times: user=0.00 sys=0.00, real=0.00 secs] 
2019-06-10T16:32:32.676+0000: 29.098: [GC (Allocation Failure) 2019-06-10T16:32:32.676+0000: 29.098: [DefNew: 136633K->60K(153600K), 0.0016738 secs] 180921K->44348K(494976K), 0.0017328 secs] [Times: user=0.00 sys=0.00, real=0.00 secs] 
2019-06-10T16:32:37.266+0000: 33.688: [GC (Allocation Failure) 2019-06-10T16:32:37.266+0000: 33.688: [DefNew: 136636K->95K(153600K), 0.0017021 secs] 180924K->44383K(494976K), 0.0017609 secs] [Times: user=0.01 sys=0.00, real=0.00 secs] 
16:32:48.639 [Curator-PathChildrenCache-0] ERROR o.a.c.f.r.c.PathChildrenCache  - 
java.lang.IllegalStateException: instance must be started before calling this method
	at org.apache.curator.shaded.com.google.common.base.Preconditions.checkState(Preconditions.java:444)
	at org.apache.curator.framework.imps.CuratorFrameworkImpl.getChildren(CuratorFrameworkImpl.java:456)
	at org.apache.curator.framework.recipes.cache.PathChildrenCache.refresh(PathChildrenCache.java:521)
	at org.apache.curator.framework.recipes.cache.RefreshOperation.invoke(RefreshOperation.java:35)
	at org.apache.curator.framework.recipes.cache.PathChildrenCache$9.run(PathChildrenCache.java:786)
	at java.util.concurrent.Executors$RunnableAdapter.call(Executors.java:511)
	at java.util.concurrent.FutureTask.run(FutureTask.java:266)
	at java.util.concurrent.Executors$RunnableAdapter.call(Executors.java:511)
	at java.util.concurrent.FutureTask.run(FutureTask.java:266)
	at java.util.concurrent.ThreadPoolExecutor.runWorker(ThreadPoolExecutor.java:1149)
	at java.util.concurrent.ThreadPoolExecutor$Worker.run(ThreadPoolExecutor.java:624)
	at java.lang.Thread.run(Thread.java:748)
Heap
 def new generation   total 153600K, used 76494K [0x00000000e0c00000, 0x00000000eb2a0000, 0x00000000eb2a0000)
  eden space 136576K,  55% used [0x00000000e0c00000, 0x00000000e569bd68, 0x00000000e9160000)
  from space 17024K,   0% used [0x00000000e9160000, 0x00000000e9177c08, 0x00000000ea200000)
  to   space 17024K,   0% used [0x00000000ea200000, 0x00000000ea200000, 0x00000000eb2a0000)
 tenured generation   total 341376K, used 44288K [0x00000000eb2a0000, 0x0000000100000000, 0x0000000100000000)
   the space 341376K,  12% used [0x00000000eb2a0000, 0x00000000edde0098, 0x00000000edde0200, 0x0000000100000000)
 Metaspace       used 35826K, capacity 36768K, committed 37120K, reserved 1081344K
  class space    used 4830K, capacity 5042K, committed 5120K, reserved 1048576K
