15:08:41,319 |-INFO in ch.qos.logback.classic.LoggerContext[default] - Could NOT find resource [logback-test.xml]
15:08:41,319 |-INFO in ch.qos.logback.classic.LoggerContext[default] - Could NOT find resource [logback.groovy]
15:08:41,320 |-INFO in ch.qos.logback.classic.LoggerContext[default] - Found resource [logback.xml] at [jar:file:/root/flamestream/lib/flamestream-runtime-1.0-SNAPSHOT.jar!/logback.xml]
15:08:41,321 |-WARN in ch.qos.logback.classic.LoggerContext[default] - Resource [logback.xml] occurs multiple times on the classpath.
15:08:41,321 |-WARN in ch.qos.logback.classic.LoggerContext[default] - Resource [logback.xml] occurs at [jar:file:/root/flamestream/lib/flamestream-runtime-1.0-SNAPSHOT.jar!/logback.xml]
15:08:41,321 |-WARN in ch.qos.logback.classic.LoggerContext[default] - Resource [logback.xml] occurs at [jar:file:/root/flamestream/flamestream-runtime-1.0-SNAPSHOT.jar!/logback.xml]
15:08:41,341 |-INFO in ch.qos.logback.core.joran.spi.ConfigurationWatchList@3fb6a447 - URL [jar:file:/root/flamestream/lib/flamestream-runtime-1.0-SNAPSHOT.jar!/logback.xml] is not of type file
15:08:41,413 |-INFO in ch.qos.logback.classic.joran.action.ConfigurationAction - debug attribute not set
15:08:41,414 |-INFO in ch.qos.logback.core.joran.action.AppenderAction - About to instantiate appender of type [ch.qos.logback.core.ConsoleAppender]
15:08:41,430 |-INFO in ch.qos.logback.core.joran.action.AppenderAction - Naming appender as [STDOUT]
15:08:41,448 |-INFO in ch.qos.logback.core.joran.action.NestedComplexPropertyIA - Assuming default type [ch.qos.logback.classic.encoder.PatternLayoutEncoder] for [encoder] property
15:08:41,528 |-INFO in ch.qos.logback.core.joran.action.AppenderAction - About to instantiate appender of type [ch.qos.logback.core.rolling.RollingFileAppender]
15:08:41,533 |-INFO in ch.qos.logback.core.joran.action.AppenderAction - Naming appender as [FILE]
15:08:41,564 |-INFO in c.q.l.core.rolling.TimeBasedRollingPolicy@127618319 - No compression will be used
15:08:41,565 |-INFO in c.q.l.core.rolling.TimeBasedRollingPolicy@127618319 - Will use the pattern /tmp/application_%d{yyyy-MM-dd}.%i.log for the active file
15:08:41,568 |-INFO in ch.qos.logback.core.rolling.SizeAndTimeBasedFNATP@6b2fad11 - The date pattern is 'yyyy-MM-dd' from file name pattern '/tmp/application_%d{yyyy-MM-dd}.%i.log'.
15:08:41,568 |-INFO in ch.qos.logback.core.rolling.SizeAndTimeBasedFNATP@6b2fad11 - Roll-over at midnight.
15:08:41,573 |-INFO in ch.qos.logback.core.rolling.SizeAndTimeBasedFNATP@6b2fad11 - Setting initial period to Mon Jun 10 15:07:24 UTC 2019
15:08:41,573 |-WARN in ch.qos.logback.core.rolling.SizeAndTimeBasedFNATP@6b2fad11 - SizeAndTimeBasedFNATP is deprecated. Use SizeAndTimeBasedRollingPolicy instead
15:08:41,573 |-WARN in ch.qos.logback.core.rolling.SizeAndTimeBasedFNATP@6b2fad11 - For more information see http://logback.qos.ch/manual/appenders.html#SizeAndTimeBasedRollingPolicy
15:08:41,577 |-INFO in ch.qos.logback.core.joran.action.NestedComplexPropertyIA - Assuming default type [ch.qos.logback.classic.encoder.PatternLayoutEncoder] for [encoder] property
15:08:41,582 |-INFO in ch.qos.logback.core.rolling.RollingFileAppender[FILE] - Active log file name: /tmp/application.log
15:08:41,582 |-INFO in ch.qos.logback.core.rolling.RollingFileAppender[FILE] - File property is set to [/tmp/application.log]
15:08:41,583 |-INFO in ch.qos.logback.classic.joran.action.RootLoggerAction - Setting level of ROOT logger to WARN
15:08:41,583 |-INFO in ch.qos.logback.core.joran.action.AppenderRefAction - Attaching appender named [STDOUT] to Logger[ROOT]
15:08:41,585 |-INFO in ch.qos.logback.core.joran.action.AppenderRefAction - Attaching appender named [FILE] to Logger[ROOT]
15:08:41,585 |-INFO in ch.qos.logback.classic.joran.action.ConfigurationAction - End of configuration.
15:08:41,586 |-INFO in ch.qos.logback.classic.joran.JoranConfigurator@79698539 - Registering current configuration as safe fallback point

Ama winner
Ama winner
2019-06-10T15:08:42.928+0000: 1.792: [Full GC (Metadata GC Threshold) 2019-06-10T15:08:42.928+0000: 1.792: [Tenured: 0K->15177K(341376K), 0.0395666 secs] 114923K->15177K(494976K), [Metaspace: 20734K->20734K(1067008K)], 0.0396350 secs] [Times: user=0.04 sys=0.00, real=0.04 secs] 
15:08:56.575 [Curator-PathChildrenCache-1] WARN  o.a.c.u.ZKPaths  - The version of ZooKeeper being used doesn't support Container nodes. CreateMode.PERSISTENT will be used instead.
2019-06-10T15:08:58.786+0000: 17.651: [GC (Allocation Failure) 2019-06-10T15:08:58.786+0000: 17.651: [DefNew: 136576K->17023K(153600K), 0.0302480 secs] 151753K->52633K(494976K), 0.0303360 secs] [Times: user=0.02 sys=0.01, real=0.03 secs] 
2019-06-10T15:09:02.290+0000: 21.154: [Full GC (Metadata GC Threshold) 2019-06-10T15:09:02.290+0000: 21.154: [Tenured: 35609K->44279K(341376K), 0.0503914 secs] 132704K->44279K(494976K), [Metaspace: 34620K->34620K(1079296K)], 0.0504936 secs] [Times: user=0.04 sys=0.01, real=0.06 secs] 
2019-06-10T15:09:07.983+0000: 26.848: [GC (Allocation Failure) 2019-06-10T15:09:07.983+0000: 26.848: [DefNew: 136576K->62K(153600K), 0.0018290 secs] 180855K->44342K(494976K), 0.0018890 secs] [Times: user=0.01 sys=0.00, real=0.00 secs] 
2019-06-10T15:09:13.398+0000: 32.262: [GC (Allocation Failure) 2019-06-10T15:09:13.398+0000: 32.262: [DefNew: 136638K->65K(153600K), 0.0017709 secs] 180918K->44345K(494976K), 0.0018315 secs] [Times: user=0.00 sys=0.00, real=0.01 secs] 
2019-06-10T15:09:18.794+0000: 37.659: [GC (Allocation Failure) 2019-06-10T15:09:18.795+0000: 37.659: [DefNew: 136641K->64K(153600K), 0.0017342 secs] 180921K->44344K(494976K), 0.0017975 secs] [Times: user=0.01 sys=0.00, real=0.00 secs] 
2019-06-10T15:09:26.576+0000: 45.440: [GC (Allocation Failure) 2019-06-10T15:09:26.576+0000: 45.440: [DefNew: 136640K->62K(153600K), 0.0017994 secs] 180920K->44342K(494976K), 0.0018618 secs] [Times: user=0.00 sys=0.00, real=0.00 secs] 
15:09:32.200 [Curator-PathChildrenCache-0] ERROR o.a.c.f.r.c.PathChildrenCache  - 
java.lang.IllegalStateException: instance must be started before calling this method
	at org.apache.curator.shaded.com.google.common.base.Preconditions.checkState(Preconditions.java:444)
	at org.apache.curator.framework.imps.CuratorFrameworkImpl.getChildren(CuratorFrameworkImpl.java:456)
	at org.apache.curator.framework.recipes.cache.PathChildrenCache.refresh(PathChildrenCache.java:521)
	at org.apache.curator.framework.recipes.cache.RefreshOperation.invoke(RefreshOperation.java:35)
	at org.apache.curator.framework.recipes.cache.PathChildrenCache$9.run(PathChildrenCache.java:786)
	at java.util.concurrent.Executors$RunnableAdapter.call(Executors.java:511)
	at java.util.concurrent.FutureTask.run(FutureTask.java:266)
	at java.util.concurrent.Executors$RunnableAdapter.call(Executors.java:511)
	at java.util.concurrent.FutureTask.run(FutureTask.java:266)
	at java.util.concurrent.ThreadPoolExecutor.runWorker(ThreadPoolExecutor.java:1149)
	at java.util.concurrent.ThreadPoolExecutor$Worker.run(ThreadPoolExecutor.java:624)
	at java.lang.Thread.run(Thread.java:748)
Heap
 def new generation   total 153600K, used 53786K [0x00000000e0c00000, 0x00000000eb2a0000, 0x00000000eb2a0000)
  eden space 136576K,  39% used [0x00000000e0c00000, 0x00000000e4076fd0, 0x00000000e9160000)
  from space 17024K,   0% used [0x00000000ea200000, 0x00000000ea20fa20, 0x00000000eb2a0000)
  to   space 17024K,   0% used [0x00000000e9160000, 0x00000000e9160000, 0x00000000ea200000)
 tenured generation   total 341376K, used 44279K [0x00000000eb2a0000, 0x0000000100000000, 0x0000000100000000)
   the space 341376K,  12% used [0x00000000eb2a0000, 0x00000000eddddf00, 0x00000000eddde000, 0x0000000100000000)
 Metaspace       used 35815K, capacity 36676K, committed 36864K, reserved 1081344K
  class space    used 4812K, capacity 5010K, committed 5120K, reserved 1048576K
