00:22:32,395 |-INFO in ch.qos.logback.classic.LoggerContext[default] - Could NOT find resource [logback-test.xml]
00:22:32,395 |-INFO in ch.qos.logback.classic.LoggerContext[default] - Could NOT find resource [logback.groovy]
00:22:32,396 |-INFO in ch.qos.logback.classic.LoggerContext[default] - Found resource [logback.xml] at [jar:file:/home/nikitasokolov/flamestream/lib/flamestream-runtime-1.0-SNAPSHOT.jar!/logback.xml]
00:22:32,396 |-WARN in ch.qos.logback.classic.LoggerContext[default] - Resource [logback.xml] occurs multiple times on the classpath.
00:22:32,396 |-WARN in ch.qos.logback.classic.LoggerContext[default] - Resource [logback.xml] occurs at [jar:file:/home/nikitasokolov/flamestream/lib/flamestream-runtime-1.0-SNAPSHOT.jar!/logback.xml]
00:22:32,396 |-WARN in ch.qos.logback.classic.LoggerContext[default] - Resource [logback.xml] occurs at [jar:file:/home/nikitasokolov/flamestream/flamestream-runtime-1.0-SNAPSHOT.jar!/logback.xml]
00:22:32,412 |-INFO in ch.qos.logback.core.joran.spi.ConfigurationWatchList@22f71333 - URL [jar:file:/home/nikitasokolov/flamestream/lib/flamestream-runtime-1.0-SNAPSHOT.jar!/logback.xml] is not of type file
00:22:32,463 |-INFO in ch.qos.logback.classic.joran.action.ConfigurationAction - debug attribute not set
00:22:32,464 |-INFO in ch.qos.logback.core.joran.action.AppenderAction - About to instantiate appender of type [ch.qos.logback.core.ConsoleAppender]
00:22:32,471 |-INFO in ch.qos.logback.core.joran.action.AppenderAction - Naming appender as [STDOUT]
00:22:32,479 |-INFO in ch.qos.logback.core.joran.action.NestedComplexPropertyIA - Assuming default type [ch.qos.logback.classic.encoder.PatternLayoutEncoder] for [encoder] property
00:22:32,537 |-INFO in ch.qos.logback.core.joran.action.AppenderAction - About to instantiate appender of type [ch.qos.logback.core.rolling.RollingFileAppender]
00:22:32,543 |-INFO in ch.qos.logback.core.joran.action.AppenderAction - Naming appender as [FILE]
00:22:32,566 |-INFO in c.q.l.core.rolling.TimeBasedRollingPolicy@328638398 - No compression will be used
00:22:32,567 |-INFO in c.q.l.core.rolling.TimeBasedRollingPolicy@328638398 - Will use the pattern /tmp/application_%d{yyyy-MM-dd}.%i.log for the active file
00:22:32,570 |-INFO in ch.qos.logback.core.rolling.SizeAndTimeBasedFNATP@6aaa5eb0 - The date pattern is 'yyyy-MM-dd' from file name pattern '/tmp/application_%d{yyyy-MM-dd}.%i.log'.
00:22:32,570 |-INFO in ch.qos.logback.core.rolling.SizeAndTimeBasedFNATP@6aaa5eb0 - Roll-over at midnight.
00:22:32,574 |-INFO in ch.qos.logback.core.rolling.SizeAndTimeBasedFNATP@6aaa5eb0 - Setting initial period to Thu Jun 06 22:00:24 MSK 2019
00:22:32,575 |-WARN in ch.qos.logback.core.rolling.SizeAndTimeBasedFNATP@6aaa5eb0 - SizeAndTimeBasedFNATP is deprecated. Use SizeAndTimeBasedRollingPolicy instead
00:22:32,575 |-WARN in ch.qos.logback.core.rolling.SizeAndTimeBasedFNATP@6aaa5eb0 - For more information see http://logback.qos.ch/manual/appenders.html#SizeAndTimeBasedRollingPolicy
00:22:32,578 |-INFO in ch.qos.logback.core.joran.action.NestedComplexPropertyIA - Assuming default type [ch.qos.logback.classic.encoder.PatternLayoutEncoder] for [encoder] property
00:22:32,580 |-INFO in ch.qos.logback.core.rolling.RollingFileAppender[FILE] - Active log file name: /tmp/application.log
00:22:32,580 |-INFO in ch.qos.logback.core.rolling.RollingFileAppender[FILE] - File property is set to [/tmp/application.log]
00:22:32,581 |-ERROR in ch.qos.logback.core.rolling.RollingFileAppender[FILE] - openFile(/tmp/application.log,true) call failed. java.io.FileNotFoundException: /tmp/application.log (Permission denied)
	at java.io.FileNotFoundException: /tmp/application.log (Permission denied)
	at 	at java.io.FileOutputStream.open0(Native Method)
	at 	at java.io.FileOutputStream.open(FileOutputStream.java:270)
	at 	at java.io.FileOutputStream.<init>(FileOutputStream.java:213)
	at 	at ch.qos.logback.core.recovery.ResilientFileOutputStream.<init>(ResilientFileOutputStream.java:26)
	at 	at ch.qos.logback.core.FileAppender.openFile(FileAppender.java:204)
	at 	at ch.qos.logback.core.FileAppender.start(FileAppender.java:127)
	at 	at ch.qos.logback.core.rolling.RollingFileAppender.start(RollingFileAppender.java:100)
	at 	at ch.qos.logback.core.joran.action.AppenderAction.end(AppenderAction.java:90)
	at 	at ch.qos.logback.core.joran.spi.Interpreter.callEndAction(Interpreter.java:309)
	at 	at ch.qos.logback.core.joran.spi.Interpreter.endElement(Interpreter.java:193)
	at 	at ch.qos.logback.core.joran.spi.Interpreter.endElement(Interpreter.java:179)
	at 	at ch.qos.logback.core.joran.spi.EventPlayer.play(EventPlayer.java:62)
	at 	at ch.qos.logback.core.joran.GenericConfigurator.doConfigure(GenericConfigurator.java:165)
	at 	at ch.qos.logback.core.joran.GenericConfigurator.doConfigure(GenericConfigurator.java:152)
	at 	at ch.qos.logback.core.joran.GenericConfigurator.doConfigure(GenericConfigurator.java:110)
	at 	at ch.qos.logback.core.joran.GenericConfigurator.doConfigure(GenericConfigurator.java:53)
	at 	at ch.qos.logback.classic.util.ContextInitializer.configureByResource(ContextInitializer.java:75)
	at 	at ch.qos.logback.classic.util.ContextInitializer.autoConfig(ContextInitializer.java:150)
	at 	at org.slf4j.impl.StaticLoggerBinder.init(StaticLoggerBinder.java:84)
	at 	at org.slf4j.impl.StaticLoggerBinder.<clinit>(StaticLoggerBinder.java:55)
	at 	at org.slf4j.LoggerFactory.bind(LoggerFactory.java:150)
	at 	at org.slf4j.LoggerFactory.performInitialization(LoggerFactory.java:124)
	at 	at org.slf4j.LoggerFactory.getILoggerFactory(LoggerFactory.java:412)
	at 	at org.slf4j.LoggerFactory.getLogger(LoggerFactory.java:357)
	at 	at org.slf4j.LoggerFactory.getLogger(LoggerFactory.java:383)
	at 	at com.spbsu.flamestream.runtime.WorkerApplication.<init>(WorkerApplication.java:25)
	at 	at com.spbsu.flamestream.runtime.WorkerApplication.main(WorkerApplication.java:58)
00:22:32,581 |-INFO in ch.qos.logback.classic.joran.action.RootLoggerAction - Setting level of ROOT logger to WARN
00:22:32,582 |-INFO in ch.qos.logback.core.joran.action.AppenderRefAction - Attaching appender named [STDOUT] to Logger[ROOT]
00:22:32,582 |-INFO in ch.qos.logback.core.joran.action.AppenderRefAction - Attaching appender named [FILE] to Logger[ROOT]
00:22:32,582 |-INFO in ch.qos.logback.classic.joran.action.ConfigurationAction - End of configuration.
00:22:32,583 |-INFO in ch.qos.logback.classic.joran.JoranConfigurator@3d8c7aca - Registering current configuration as safe fallback point

Ama winner
Ama winner
2019-06-08T00:22:33.569+0300: 1.366: [GC (Metadata GC Threshold) [PSYoungGen: 95234K->15957K(149504K)] 95234K->16037K(491008K), 0.0198379 secs] [Times: user=0.09 sys=0.01, real=0.02 secs] 
2019-06-08T00:22:33.589+0300: 1.386: [Full GC (Metadata GC Threshold) [PSYoungGen: 15957K->0K(149504K)] [ParOldGen: 80K->15088K(341504K)] 16037K->15088K(491008K), [Metaspace: 20798K->20798K(1067008K)], 0.0245293 secs] [Times: user=0.15 sys=0.00, real=0.03 secs] 
00:22:45.210 [Curator-PathChildrenCache-1] WARN  o.a.c.u.ZKPaths  - The version of ZooKeeper being used doesn't support Container nodes. CreateMode.PERSISTENT will be used instead.
2019-06-08T00:22:47.007+0300: 14.805: [GC (Allocation Failure) [PSYoungGen: 128512K->15583K(149504K)] 143600K->50211K(491008K), 0.0273998 secs] [Times: user=0.23 sys=0.03, real=0.03 secs] 
2019-06-08T00:22:47.432+0300: 15.230: [GC (Metadata GC Threshold) [PSYoungGen: 43048K->5301K(149504K)] 77676K->39937K(491008K), 0.0039203 secs] [Times: user=0.02 sys=0.00, real=0.01 secs] 
2019-06-08T00:22:47.436+0300: 15.234: [Full GC (Metadata GC Threshold) [PSYoungGen: 5301K->0K(149504K)] [ParOldGen: 34636K->29052K(341504K)] 39937K->29052K(491008K), [Metaspace: 34560K->34560K(1079296K)], 0.0379065 secs] [Times: user=0.18 sys=0.01, real=0.04 secs] 
2019-06-08T00:22:51.785+0300: 19.583: [GC (Allocation Failure) [PSYoungGen: 128512K->448K(149504K)] 157564K->29508K(491008K), 0.0060140 secs] [Times: user=0.05 sys=0.00, real=0.00 secs] 
2019-06-08T00:22:56.532+0300: 24.329: [GC (Allocation Failure) [PSYoungGen: 128960K->416K(129024K)] 158020K->29484K(470528K), 0.0028484 secs] [Times: user=0.01 sys=0.00, real=0.01 secs] 
2019-06-08T00:23:00.927+0300: 28.725: [GC (Allocation Failure) [PSYoungGen: 128928K->512K(149504K)] 157996K->29588K(491008K), 0.0068312 secs] [Times: user=0.05 sys=0.01, real=0.01 secs] 
2019-06-08T00:23:05.853+0300: 33.651: [GC (Allocation Failure) [PSYoungGen: 128512K->480K(148992K)] 157588K->29564K(490496K), 0.0042712 secs] [Times: user=0.02 sys=0.01, real=0.00 secs] 
00:23:14.723 [Curator-PathChildrenCache-0] ERROR o.a.c.f.r.c.PathChildrenCache  - 
java.lang.IllegalStateException: instance must be started before calling this method
	at org.apache.curator.shaded.com.google.common.base.Preconditions.checkState(Preconditions.java:444)
	at org.apache.curator.framework.imps.CuratorFrameworkImpl.getChildren(CuratorFrameworkImpl.java:456)
	at org.apache.curator.framework.recipes.cache.PathChildrenCache.refresh(PathChildrenCache.java:521)
	at org.apache.curator.framework.recipes.cache.RefreshOperation.invoke(RefreshOperation.java:35)
	at org.apache.curator.framework.recipes.cache.PathChildrenCache$9.run(PathChildrenCache.java:786)
	at java.util.concurrent.Executors$RunnableAdapter.call(Executors.java:511)
	at java.util.concurrent.FutureTask.run(FutureTask.java:266)
	at java.util.concurrent.Executors$RunnableAdapter.call(Executors.java:511)
	at java.util.concurrent.FutureTask.run(FutureTask.java:266)
	at java.util.concurrent.ThreadPoolExecutor.runWorker(ThreadPoolExecutor.java:1149)
	at java.util.concurrent.ThreadPoolExecutor$Worker.run(ThreadPoolExecutor.java:624)
	at java.lang.Thread.run(Thread.java:748)
00:23:15.811 [worker-akka.actor.default-dispatcher-4] ERROR c.s.f.r.WorkerApplication  - Something went wrong during trace flush
java.nio.file.AccessDeniedException: /tmp/trace.csv
	at sun.nio.fs.UnixException.translateToIOException(UnixException.java:84)
	at sun.nio.fs.UnixException.rethrowAsIOException(UnixException.java:102)
	at sun.nio.fs.UnixException.rethrowAsIOException(UnixException.java:107)
	at sun.nio.fs.UnixFileSystemProvider.newByteChannel(UnixFileSystemProvider.java:214)
	at java.nio.file.spi.FileSystemProvider.newOutputStream(FileSystemProvider.java:434)
	at java.nio.file.Files.newOutputStream(Files.java:216)
	at java.nio.file.Files.newBufferedWriter(Files.java:2860)
	at java.nio.file.Files.newBufferedWriter(Files.java:2896)
	at com.spbsu.flamestream.runtime.utils.tracing.Tracing.flush(Tracing.java:35)
	at com.spbsu.flamestream.runtime.WorkerApplication.lambda$run$0(WorkerApplication.java:98)
	at akka.actor.ActorSystemImpl$TerminationCallbacks$$anonfun$addRec$1$1.applyOrElse(ActorSystem.scala:1036)
	at akka.actor.ActorSystemImpl$TerminationCallbacks$$anonfun$addRec$1$1.applyOrElse(ActorSystem.scala:1036)
	at scala.concurrent.Future$$anonfun$andThen$1.apply(Future.scala:436)
	at scala.concurrent.Future$$anonfun$andThen$1.apply(Future.scala:435)
	at scala.concurrent.impl.CallbackRunnable.run(Promise.scala:36)
	at akka.dispatch.BatchingExecutor$AbstractBatch.processBatch(BatchingExecutor.scala:55)
	at akka.dispatch.BatchingExecutor$BlockableBatch$$anonfun$run$1.apply$mcV$sp(BatchingExecutor.scala:91)
	at akka.dispatch.BatchingExecutor$BlockableBatch$$anonfun$run$1.apply(BatchingExecutor.scala:91)
	at akka.dispatch.BatchingExecutor$BlockableBatch$$anonfun$run$1.apply(BatchingExecutor.scala:91)
	at scala.concurrent.BlockContext$.withBlockContext(BlockContext.scala:72)
	at akka.dispatch.BatchingExecutor$BlockableBatch.run(BatchingExecutor.scala:90)
	at akka.dispatch.TaskInvocation.run(AbstractDispatcher.scala:40)
	at akka.dispatch.ForkJoinExecutorConfigurator$AkkaForkJoinTask.exec(ForkJoinExecutorConfigurator.scala:44)
	at akka.dispatch.forkjoin.ForkJoinTask.doExec(ForkJoinTask.java:260)
	at akka.dispatch.forkjoin.ForkJoinPool$WorkQueue.runTask(ForkJoinPool.java:1339)
	at akka.dispatch.forkjoin.ForkJoinPool.runWorker(ForkJoinPool.java:1979)
	at akka.dispatch.forkjoin.ForkJoinWorkerThread.run(ForkJoinWorkerThread.java:107)
Heap
 PSYoungGen      total 148992K, used 56301K [0x00000000f5980000, 0x0000000100000000, 0x0000000100000000)
  eden space 128000K, 43% used [0x00000000f5980000,0x00000000f90036d0,0x00000000fd680000)
  from space 20992K, 2% used [0x00000000fd680000,0x00000000fd6f8040,0x00000000feb00000)
  to   space 20480K, 0% used [0x00000000fec00000,0x00000000fec00000,0x0000000100000000)
 ParOldGen       total 341504K, used 29084K [0x00000000e0c00000, 0x00000000f5980000, 0x00000000f5980000)
  object space 341504K, 8% used [0x00000000e0c00000,0x00000000e2867190,0x00000000f5980000)
 Metaspace       used 35683K, capacity 36544K, committed 36952K, reserved 1081344K
  class space    used 4928K, capacity 5128K, committed 5248K, reserved 1048576K
