16:39:06,562 |-INFO in ch.qos.logback.classic.LoggerContext[default] - Could NOT find resource [logback-test.xml]
16:39:06,562 |-INFO in ch.qos.logback.classic.LoggerContext[default] - Could NOT find resource [logback.groovy]
16:39:06,563 |-INFO in ch.qos.logback.classic.LoggerContext[default] - Found resource [logback.xml] at [jar:file:/home/nikitasokolov/flamestream/lib/flamestream-runtime-1.0-SNAPSHOT.jar!/logback.xml]
16:39:06,563 |-WARN in ch.qos.logback.classic.LoggerContext[default] - Resource [logback.xml] occurs multiple times on the classpath.
16:39:06,563 |-WARN in ch.qos.logback.classic.LoggerContext[default] - Resource [logback.xml] occurs at [jar:file:/home/nikitasokolov/flamestream/lib/flamestream-runtime-1.0-SNAPSHOT.jar!/logback.xml]
16:39:06,563 |-WARN in ch.qos.logback.classic.LoggerContext[default] - Resource [logback.xml] occurs at [jar:file:/home/nikitasokolov/flamestream/flamestream-runtime-1.0-SNAPSHOT.jar!/logback.xml]
16:39:06,579 |-INFO in ch.qos.logback.core.joran.spi.ConfigurationWatchList@6108b2d7 - URL [jar:file:/home/nikitasokolov/flamestream/lib/flamestream-runtime-1.0-SNAPSHOT.jar!/logback.xml] is not of type file
16:39:06,629 |-INFO in ch.qos.logback.classic.joran.action.ConfigurationAction - debug attribute not set
16:39:06,630 |-INFO in ch.qos.logback.core.joran.action.AppenderAction - About to instantiate appender of type [ch.qos.logback.core.ConsoleAppender]
16:39:06,638 |-INFO in ch.qos.logback.core.joran.action.AppenderAction - Naming appender as [STDOUT]
16:39:06,646 |-INFO in ch.qos.logback.core.joran.action.NestedComplexPropertyIA - Assuming default type [ch.qos.logback.classic.encoder.PatternLayoutEncoder] for [encoder] property
16:39:06,701 |-INFO in ch.qos.logback.core.joran.action.AppenderAction - About to instantiate appender of type [ch.qos.logback.core.rolling.RollingFileAppender]
16:39:06,706 |-INFO in ch.qos.logback.core.joran.action.AppenderAction - Naming appender as [FILE]
16:39:06,728 |-INFO in c.q.l.core.rolling.TimeBasedRollingPolicy@357863579 - No compression will be used
16:39:06,729 |-INFO in c.q.l.core.rolling.TimeBasedRollingPolicy@357863579 - Will use the pattern /tmp/application_%d{yyyy-MM-dd}.%i.log for the active file
16:39:06,732 |-INFO in ch.qos.logback.core.rolling.SizeAndTimeBasedFNATP@6bf256fa - The date pattern is 'yyyy-MM-dd' from file name pattern '/tmp/application_%d{yyyy-MM-dd}.%i.log'.
16:39:06,732 |-INFO in ch.qos.logback.core.rolling.SizeAndTimeBasedFNATP@6bf256fa - Roll-over at midnight.
16:39:06,736 |-INFO in ch.qos.logback.core.rolling.SizeAndTimeBasedFNATP@6bf256fa - Setting initial period to Sun Jun 09 16:38:13 MSK 2019
16:39:06,736 |-WARN in ch.qos.logback.core.rolling.SizeAndTimeBasedFNATP@6bf256fa - SizeAndTimeBasedFNATP is deprecated. Use SizeAndTimeBasedRollingPolicy instead
16:39:06,736 |-WARN in ch.qos.logback.core.rolling.SizeAndTimeBasedFNATP@6bf256fa - For more information see http://logback.qos.ch/manual/appenders.html#SizeAndTimeBasedRollingPolicy
16:39:06,740 |-INFO in ch.qos.logback.core.joran.action.NestedComplexPropertyIA - Assuming default type [ch.qos.logback.classic.encoder.PatternLayoutEncoder] for [encoder] property
16:39:06,743 |-INFO in ch.qos.logback.core.rolling.RollingFileAppender[FILE] - Active log file name: /tmp/application.log
16:39:06,743 |-INFO in ch.qos.logback.core.rolling.RollingFileAppender[FILE] - File property is set to [/tmp/application.log]
16:39:06,744 |-INFO in ch.qos.logback.classic.joran.action.RootLoggerAction - Setting level of ROOT logger to WARN
16:39:06,744 |-INFO in ch.qos.logback.core.joran.action.AppenderRefAction - Attaching appender named [STDOUT] to Logger[ROOT]
16:39:06,744 |-INFO in ch.qos.logback.core.joran.action.AppenderRefAction - Attaching appender named [FILE] to Logger[ROOT]
16:39:06,744 |-INFO in ch.qos.logback.classic.joran.action.ConfigurationAction - End of configuration.
16:39:06,745 |-INFO in ch.qos.logback.classic.joran.JoranConfigurator@6cd8737 - Registering current configuration as safe fallback point

2019-06-09T16:39:07.751+0300: 1.390: [GC (Metadata GC Threshold) [PSYoungGen: 110722K->15954K(149504K)] 110722K->16034K(491008K), 0.0269431 secs] [Times: user=0.06 sys=0.07, real=0.03 secs] 
2019-06-09T16:39:07.778+0300: 1.417: [Full GC (Metadata GC Threshold) [PSYoungGen: 15954K->0K(149504K)] [ParOldGen: 80K->15078K(341504K)] 16034K->15078K(491008K), [Metaspace: 20802K->20802K(1067008K)], 0.0306228 secs] [Times: user=0.20 sys=0.01, real=0.02 secs] 
16:39:19.041 [Curator-PathChildrenCache-2] WARN  o.a.c.u.ZKPaths  - The version of ZooKeeper being used doesn't support Container nodes. CreateMode.PERSISTENT will be used instead.
2019-06-09T16:39:20.108+0300: 13.746: [GC (Metadata GC Threshold) [PSYoungGen: 126683K->15576K(149504K)] 141761K->50193K(491008K), 0.0303828 secs] [Times: user=0.23 sys=0.02, real=0.04 secs] 
2019-06-09T16:39:20.138+0300: 13.777: [Full GC (Metadata GC Threshold) [PSYoungGen: 15576K->0K(149504K)] [ParOldGen: 34617K->38523K(341504K)] 50193K->38523K(491008K), [Metaspace: 34523K->34523K(1079296K)], 0.0560561 secs] [Times: user=0.42 sys=0.02, real=0.05 secs] 
2019-06-09T16:39:34.896+0300: 28.535: [GC (Allocation Failure) [PSYoungGen: 128512K->320K(149504K)] 167035K->38851K(491008K), 0.0034457 secs] [Times: user=0.02 sys=0.00, real=0.01 secs] 
16:39:42.260 [Curator-PathChildrenCache-0] ERROR o.a.c.f.r.c.PathChildrenCache  - 
java.lang.IllegalStateException: instance must be started before calling this method
	at org.apache.curator.shaded.com.google.common.base.Preconditions.checkState(Preconditions.java:444)
	at org.apache.curator.framework.imps.CuratorFrameworkImpl.getChildren(CuratorFrameworkImpl.java:456)
	at org.apache.curator.framework.recipes.cache.PathChildrenCache.refresh(PathChildrenCache.java:521)
	at org.apache.curator.framework.recipes.cache.RefreshOperation.invoke(RefreshOperation.java:35)
	at org.apache.curator.framework.recipes.cache.PathChildrenCache$9.run(PathChildrenCache.java:786)
	at java.util.concurrent.Executors$RunnableAdapter.call(Executors.java:511)
	at java.util.concurrent.FutureTask.run(FutureTask.java:266)
	at java.util.concurrent.Executors$RunnableAdapter.call(Executors.java:511)
	at java.util.concurrent.FutureTask.run(FutureTask.java:266)
	at java.util.concurrent.ThreadPoolExecutor.runWorker(ThreadPoolExecutor.java:1149)
	at java.util.concurrent.ThreadPoolExecutor$Worker.run(ThreadPoolExecutor.java:624)
	at java.lang.Thread.run(Thread.java:748)
Heap
 PSYoungGen      total 149504K, used 26651K [0x00000000f5980000, 0x0000000100000000, 0x0000000100000000)
  eden space 128512K, 20% used [0x00000000f5980000,0x00000000f7336bf8,0x00000000fd700000)
  from space 20992K, 1% used [0x00000000fd700000,0x00000000fd750010,0x00000000feb80000)
  to   space 20992K, 0% used [0x00000000feb80000,0x00000000feb80000,0x0000000100000000)
 ParOldGen       total 341504K, used 38531K [0x00000000e0c00000, 0x00000000f5980000, 0x00000000f5980000)
  object space 341504K, 11% used [0x00000000e0c00000,0x00000000e31a0fa0,0x00000000f5980000)
 Metaspace       used 35578K, capacity 36372K, committed 36568K, reserved 1081344K
  class space    used 4925K, capacity 5120K, committed 5120K, reserved 1048576K
