16:36:29,214 |-INFO in ch.qos.logback.classic.LoggerContext[default] - Could NOT find resource [logback-test.xml]
16:36:29,214 |-INFO in ch.qos.logback.classic.LoggerContext[default] - Could NOT find resource [logback.groovy]
16:36:29,215 |-INFO in ch.qos.logback.classic.LoggerContext[default] - Found resource [logback.xml] at [jar:file:/root/flamestream/lib/flamestream-runtime-1.0-SNAPSHOT.jar!/logback.xml]
16:36:29,215 |-WARN in ch.qos.logback.classic.LoggerContext[default] - Resource [logback.xml] occurs multiple times on the classpath.
16:36:29,216 |-WARN in ch.qos.logback.classic.LoggerContext[default] - Resource [logback.xml] occurs at [jar:file:/root/flamestream/lib/flamestream-runtime-1.0-SNAPSHOT.jar!/logback.xml]
16:36:29,216 |-WARN in ch.qos.logback.classic.LoggerContext[default] - Resource [logback.xml] occurs at [jar:file:/root/flamestream/flamestream-runtime-1.0-SNAPSHOT.jar!/logback.xml]
16:36:29,234 |-INFO in ch.qos.logback.core.joran.spi.ConfigurationWatchList@3fb6a447 - URL [jar:file:/root/flamestream/lib/flamestream-runtime-1.0-SNAPSHOT.jar!/logback.xml] is not of type file
16:36:29,303 |-INFO in ch.qos.logback.classic.joran.action.ConfigurationAction - debug attribute not set
16:36:29,304 |-INFO in ch.qos.logback.core.joran.action.AppenderAction - About to instantiate appender of type [ch.qos.logback.core.ConsoleAppender]
16:36:29,324 |-INFO in ch.qos.logback.core.joran.action.AppenderAction - Naming appender as [STDOUT]
16:36:29,339 |-INFO in ch.qos.logback.core.joran.action.NestedComplexPropertyIA - Assuming default type [ch.qos.logback.classic.encoder.PatternLayoutEncoder] for [encoder] property
16:36:29,423 |-INFO in ch.qos.logback.core.joran.action.AppenderAction - About to instantiate appender of type [ch.qos.logback.core.rolling.RollingFileAppender]
16:36:29,428 |-INFO in ch.qos.logback.core.joran.action.AppenderAction - Naming appender as [FILE]
16:36:29,460 |-INFO in c.q.l.core.rolling.TimeBasedRollingPolicy@127618319 - No compression will be used
16:36:29,462 |-INFO in c.q.l.core.rolling.TimeBasedRollingPolicy@127618319 - Will use the pattern /tmp/application_%d{yyyy-MM-dd}.%i.log for the active file
16:36:29,464 |-INFO in ch.qos.logback.core.rolling.SizeAndTimeBasedFNATP@6b2fad11 - The date pattern is 'yyyy-MM-dd' from file name pattern '/tmp/application_%d{yyyy-MM-dd}.%i.log'.
16:36:29,464 |-INFO in ch.qos.logback.core.rolling.SizeAndTimeBasedFNATP@6b2fad11 - Roll-over at midnight.
16:36:29,470 |-INFO in ch.qos.logback.core.rolling.SizeAndTimeBasedFNATP@6b2fad11 - Setting initial period to Mon Jun 10 16:35:07 UTC 2019
16:36:29,470 |-WARN in ch.qos.logback.core.rolling.SizeAndTimeBasedFNATP@6b2fad11 - SizeAndTimeBasedFNATP is deprecated. Use SizeAndTimeBasedRollingPolicy instead
16:36:29,470 |-WARN in ch.qos.logback.core.rolling.SizeAndTimeBasedFNATP@6b2fad11 - For more information see http://logback.qos.ch/manual/appenders.html#SizeAndTimeBasedRollingPolicy
16:36:29,473 |-INFO in ch.qos.logback.core.joran.action.NestedComplexPropertyIA - Assuming default type [ch.qos.logback.classic.encoder.PatternLayoutEncoder] for [encoder] property
16:36:29,478 |-INFO in ch.qos.logback.core.rolling.RollingFileAppender[FILE] - Active log file name: /tmp/application.log
16:36:29,478 |-INFO in ch.qos.logback.core.rolling.RollingFileAppender[FILE] - File property is set to [/tmp/application.log]
16:36:29,479 |-INFO in ch.qos.logback.classic.joran.action.RootLoggerAction - Setting level of ROOT logger to WARN
16:36:29,479 |-INFO in ch.qos.logback.core.joran.action.AppenderRefAction - Attaching appender named [STDOUT] to Logger[ROOT]
16:36:29,481 |-INFO in ch.qos.logback.core.joran.action.AppenderRefAction - Attaching appender named [FILE] to Logger[ROOT]
16:36:29,481 |-INFO in ch.qos.logback.classic.joran.action.ConfigurationAction - End of configuration.
16:36:29,482 |-INFO in ch.qos.logback.classic.joran.JoranConfigurator@79698539 - Registering current configuration as safe fallback point

Ama winner
Ama winner
2019-06-10T16:36:30.742+0000: 1.712: [Full GC (Metadata GC Threshold) 2019-06-10T16:36:30.742+0000: 1.712: [Tenured: 0K->15144K(341376K), 0.0384913 secs] 114988K->15144K(494976K), [Metaspace: 20736K->20736K(1067008K)], 0.0385596 secs] [Times: user=0.03 sys=0.00, real=0.04 secs] 
16:36:44.775 [Curator-PathChildrenCache-1] WARN  o.a.c.u.ZKPaths  - The version of ZooKeeper being used doesn't support Container nodes. CreateMode.PERSISTENT will be used instead.
2019-06-10T16:36:47.082+0000: 18.053: [GC (Allocation Failure) 2019-06-10T16:36:47.082+0000: 18.053: [DefNew: 136576K->17023K(153600K), 0.0252474 secs] 151720K->52431K(494976K), 0.0253304 secs] [Times: user=0.02 sys=0.01, real=0.02 secs] 
2019-06-10T16:36:49.524+0000: 20.495: [Full GC (Metadata GC Threshold) 2019-06-10T16:36:49.524+0000: 20.495: [Tenured: 35407K->44129K(341376K), 0.0483691 secs] 111768K->44129K(494976K), [Metaspace: 34594K->34594K(1079296K)], 0.0484512 secs] [Times: user=0.05 sys=0.00, real=0.05 secs] 
2019-06-10T16:36:54.674+0000: 25.644: [GC (Allocation Failure) 2019-06-10T16:36:54.674+0000: 25.644: [DefNew: 136576K->60K(153600K), 0.0018231 secs] 180705K->44190K(494976K), 0.0018828 secs] [Times: user=0.00 sys=0.00, real=0.00 secs] 
2019-06-10T16:36:59.838+0000: 30.808: [GC (Allocation Failure) 2019-06-10T16:36:59.838+0000: 30.808: [DefNew: 136636K->62K(153600K), 0.0017174 secs] 180766K->44191K(494976K), 0.0017742 secs] [Times: user=0.00 sys=0.00, real=0.01 secs] 
2019-06-10T16:37:05.125+0000: 36.095: [GC (Allocation Failure) 2019-06-10T16:37:05.125+0000: 36.095: [DefNew: 136638K->63K(153600K), 0.0016310 secs] 180767K->44192K(494976K), 0.0016932 secs] [Times: user=0.00 sys=0.00, real=0.00 secs] 
2019-06-10T16:37:10.423+0000: 41.393: [GC (Allocation Failure) 2019-06-10T16:37:10.423+0000: 41.393: [DefNew: 136639K->63K(153600K), 0.0017146 secs] 180768K->44192K(494976K), 0.0017766 secs] [Times: user=0.00 sys=0.00, real=0.00 secs] 
16:37:20.497 [Curator-PathChildrenCache-0] ERROR o.a.c.f.r.c.PathChildrenCache  - 
java.lang.IllegalStateException: instance must be started before calling this method
	at org.apache.curator.shaded.com.google.common.base.Preconditions.checkState(Preconditions.java:444)
	at org.apache.curator.framework.imps.CuratorFrameworkImpl.getChildren(CuratorFrameworkImpl.java:456)
	at org.apache.curator.framework.recipes.cache.PathChildrenCache.refresh(PathChildrenCache.java:521)
	at org.apache.curator.framework.recipes.cache.RefreshOperation.invoke(RefreshOperation.java:35)
	at org.apache.curator.framework.recipes.cache.PathChildrenCache$9.run(PathChildrenCache.java:786)
	at java.util.concurrent.Executors$RunnableAdapter.call(Executors.java:511)
	at java.util.concurrent.FutureTask.run(FutureTask.java:266)
	at java.util.concurrent.Executors$RunnableAdapter.call(Executors.java:511)
	at java.util.concurrent.FutureTask.run(FutureTask.java:266)
	at java.util.concurrent.ThreadPoolExecutor.runWorker(ThreadPoolExecutor.java:1149)
	at java.util.concurrent.ThreadPoolExecutor$Worker.run(ThreadPoolExecutor.java:624)
	at java.lang.Thread.run(Thread.java:748)
Heap
 def new generation   total 153600K, used 103044K [0x00000000e0c00000, 0x00000000eb2a0000, 0x00000000eb2a0000)
  eden space 136576K,  75% used [0x00000000e0c00000, 0x00000000e7091450, 0x00000000e9160000)
  from space 17024K,   0% used [0x00000000ea200000, 0x00000000ea20fcc0, 0x00000000eb2a0000)
  to   space 17024K,   0% used [0x00000000e9160000, 0x00000000e9160000, 0x00000000ea200000)
 tenured generation   total 341376K, used 44129K [0x00000000eb2a0000, 0x0000000100000000, 0x0000000100000000)
   the space 341376K,  12% used [0x00000000eb2a0000, 0x00000000eddb84e8, 0x00000000eddb8600, 0x0000000100000000)
 Metaspace       used 35700K, capacity 36608K, committed 36864K, reserved 1081344K
  class space    used 4811K, capacity 5010K, committed 5120K, reserved 1048576K
