16:34:15,136 |-INFO in ch.qos.logback.classic.LoggerContext[default] - Could NOT find resource [logback-test.xml]
16:34:15,136 |-INFO in ch.qos.logback.classic.LoggerContext[default] - Could NOT find resource [logback.groovy]
16:34:15,136 |-INFO in ch.qos.logback.classic.LoggerContext[default] - Found resource [logback.xml] at [jar:file:/root/flamestream/lib/flamestream-runtime-1.0-SNAPSHOT.jar!/logback.xml]
16:34:15,137 |-WARN in ch.qos.logback.classic.LoggerContext[default] - Resource [logback.xml] occurs multiple times on the classpath.
16:34:15,137 |-WARN in ch.qos.logback.classic.LoggerContext[default] - Resource [logback.xml] occurs at [jar:file:/root/flamestream/lib/flamestream-runtime-1.0-SNAPSHOT.jar!/logback.xml]
16:34:15,137 |-WARN in ch.qos.logback.classic.LoggerContext[default] - Resource [logback.xml] occurs at [jar:file:/root/flamestream/flamestream-runtime-1.0-SNAPSHOT.jar!/logback.xml]
16:34:15,160 |-INFO in ch.qos.logback.core.joran.spi.ConfigurationWatchList@3fb6a447 - URL [jar:file:/root/flamestream/lib/flamestream-runtime-1.0-SNAPSHOT.jar!/logback.xml] is not of type file
16:34:15,233 |-INFO in ch.qos.logback.classic.joran.action.ConfigurationAction - debug attribute not set
16:34:15,234 |-INFO in ch.qos.logback.core.joran.action.AppenderAction - About to instantiate appender of type [ch.qos.logback.core.ConsoleAppender]
16:34:15,254 |-INFO in ch.qos.logback.core.joran.action.AppenderAction - Naming appender as [STDOUT]
16:34:15,272 |-INFO in ch.qos.logback.core.joran.action.NestedComplexPropertyIA - Assuming default type [ch.qos.logback.classic.encoder.PatternLayoutEncoder] for [encoder] property
16:34:15,351 |-INFO in ch.qos.logback.core.joran.action.AppenderAction - About to instantiate appender of type [ch.qos.logback.core.rolling.RollingFileAppender]
16:34:15,356 |-INFO in ch.qos.logback.core.joran.action.AppenderAction - Naming appender as [FILE]
16:34:15,386 |-INFO in c.q.l.core.rolling.TimeBasedRollingPolicy@127618319 - No compression will be used
16:34:15,387 |-INFO in c.q.l.core.rolling.TimeBasedRollingPolicy@127618319 - Will use the pattern /tmp/application_%d{yyyy-MM-dd}.%i.log for the active file
16:34:15,390 |-INFO in ch.qos.logback.core.rolling.SizeAndTimeBasedFNATP@6b2fad11 - The date pattern is 'yyyy-MM-dd' from file name pattern '/tmp/application_%d{yyyy-MM-dd}.%i.log'.
16:34:15,390 |-INFO in ch.qos.logback.core.rolling.SizeAndTimeBasedFNATP@6b2fad11 - Roll-over at midnight.
16:34:15,395 |-INFO in ch.qos.logback.core.rolling.SizeAndTimeBasedFNATP@6b2fad11 - Setting initial period to Mon Jun 10 16:32:48 UTC 2019
16:34:15,395 |-WARN in ch.qos.logback.core.rolling.SizeAndTimeBasedFNATP@6b2fad11 - SizeAndTimeBasedFNATP is deprecated. Use SizeAndTimeBasedRollingPolicy instead
16:34:15,395 |-WARN in ch.qos.logback.core.rolling.SizeAndTimeBasedFNATP@6b2fad11 - For more information see http://logback.qos.ch/manual/appenders.html#SizeAndTimeBasedRollingPolicy
16:34:15,399 |-INFO in ch.qos.logback.core.joran.action.NestedComplexPropertyIA - Assuming default type [ch.qos.logback.classic.encoder.PatternLayoutEncoder] for [encoder] property
16:34:15,404 |-INFO in ch.qos.logback.core.rolling.RollingFileAppender[FILE] - Active log file name: /tmp/application.log
16:34:15,404 |-INFO in ch.qos.logback.core.rolling.RollingFileAppender[FILE] - File property is set to [/tmp/application.log]
16:34:15,405 |-INFO in ch.qos.logback.classic.joran.action.RootLoggerAction - Setting level of ROOT logger to WARN
16:34:15,405 |-INFO in ch.qos.logback.core.joran.action.AppenderRefAction - Attaching appender named [STDOUT] to Logger[ROOT]
16:34:15,407 |-INFO in ch.qos.logback.core.joran.action.AppenderRefAction - Attaching appender named [FILE] to Logger[ROOT]
16:34:15,407 |-INFO in ch.qos.logback.classic.joran.action.ConfigurationAction - End of configuration.
16:34:15,407 |-INFO in ch.qos.logback.classic.joran.JoranConfigurator@79698539 - Registering current configuration as safe fallback point

Ama winner
Ama winner
2019-06-10T16:34:16.718+0000: 1.763: [Full GC (Metadata GC Threshold) 2019-06-10T16:34:16.718+0000: 1.763: [Tenured: 0K->15176K(341376K), 0.0369604 secs] 114923K->15176K(494976K), [Metaspace: 20734K->20734K(1067008K)], 0.0370269 secs] [Times: user=0.03 sys=0.00, real=0.04 secs] 
16:34:34.970 [Curator-PathChildrenCache-1] WARN  o.a.c.u.ZKPaths  - The version of ZooKeeper being used doesn't support Container nodes. CreateMode.PERSISTENT will be used instead.
2019-06-10T16:34:37.457+0000: 22.502: [GC (Allocation Failure) 2019-06-10T16:34:37.457+0000: 22.502: [DefNew: 136576K->17023K(153600K), 0.0295578 secs] 151752K->52421K(494976K), 0.0296412 secs] [Times: user=0.01 sys=0.02, real=0.03 secs] 
2019-06-10T16:34:38.985+0000: 24.029: [Full GC (Metadata GC Threshold) 2019-06-10T16:34:38.985+0000: 24.029: [Tenured: 35397K->43892K(341376K), 0.0425753 secs] 97756K->43892K(494976K), [Metaspace: 34585K->34585K(1079296K)], 0.0426498 secs] [Times: user=0.04 sys=0.01, real=0.05 secs] 
2019-06-10T16:34:43.931+0000: 28.976: [GC (Allocation Failure) 2019-06-10T16:34:43.931+0000: 28.976: [DefNew: 136576K->65K(153600K), 0.0017099 secs] 180468K->43958K(494976K), 0.0017675 secs] [Times: user=0.00 sys=0.00, real=0.00 secs] 
2019-06-10T16:34:48.874+0000: 33.919: [GC (Allocation Failure) 2019-06-10T16:34:48.874+0000: 33.919: [DefNew: 136641K->66K(153600K), 0.0016141 secs] 180534K->43958K(494976K), 0.0016740 secs] [Times: user=0.01 sys=0.00, real=0.00 secs] 
2019-06-10T16:34:53.827+0000: 38.872: [GC (Allocation Failure) 2019-06-10T16:34:53.827+0000: 38.872: [DefNew: 136642K->66K(153600K), 0.0016704 secs] 180534K->43959K(494976K), 0.0017560 secs] [Times: user=0.01 sys=0.00, real=0.00 secs] 
2019-06-10T16:35:00.455+0000: 45.500: [GC (Allocation Failure) 2019-06-10T16:35:00.455+0000: 45.500: [DefNew: 136642K->66K(153600K), 0.0017411 secs] 180535K->43958K(494976K), 0.0018024 secs] [Times: user=0.00 sys=0.00, real=0.00 secs] 
16:35:07.927 [Curator-PathChildrenCache-0] ERROR o.a.c.f.r.c.PathChildrenCache  - 
java.lang.IllegalStateException: instance must be started before calling this method
	at org.apache.curator.shaded.com.google.common.base.Preconditions.checkState(Preconditions.java:444)
	at org.apache.curator.framework.imps.CuratorFrameworkImpl.getChildren(CuratorFrameworkImpl.java:456)
	at org.apache.curator.framework.recipes.cache.PathChildrenCache.refresh(PathChildrenCache.java:521)
	at org.apache.curator.framework.recipes.cache.RefreshOperation.invoke(RefreshOperation.java:35)
	at org.apache.curator.framework.recipes.cache.PathChildrenCache$9.run(PathChildrenCache.java:786)
	at java.util.concurrent.Executors$RunnableAdapter.call(Executors.java:511)
	at java.util.concurrent.FutureTask.run(FutureTask.java:266)
	at java.util.concurrent.Executors$RunnableAdapter.call(Executors.java:511)
	at java.util.concurrent.FutureTask.run(FutureTask.java:266)
	at java.util.concurrent.ThreadPoolExecutor.runWorker(ThreadPoolExecutor.java:1149)
	at java.util.concurrent.ThreadPoolExecutor$Worker.run(ThreadPoolExecutor.java:624)
	at java.lang.Thread.run(Thread.java:748)
Heap
 def new generation   total 153600K, used 58290K [0x00000000e0c00000, 0x00000000eb2a0000, 0x00000000eb2a0000)
  eden space 136576K,  42% used [0x00000000e0c00000, 0x00000000e44dc228, 0x00000000e9160000)
  from space 17024K,   0% used [0x00000000ea200000, 0x00000000ea210960, 0x00000000eb2a0000)
  to   space 17024K,   0% used [0x00000000e9160000, 0x00000000e9160000, 0x00000000ea200000)
 tenured generation   total 341376K, used 43892K [0x00000000eb2a0000, 0x0000000100000000, 0x0000000100000000)
   the space 341376K,  12% used [0x00000000eb2a0000, 0x00000000edd7d1d0, 0x00000000edd7d200, 0x0000000100000000)
 Metaspace       used 35694K, capacity 36576K, committed 36864K, reserved 1081344K
  class space    used 4824K, capacity 5042K, committed 5120K, reserved 1048576K
