10:20:57,567 |-INFO in ch.qos.logback.classic.LoggerContext[default] - Could NOT find resource [logback-test.xml]
10:20:57,567 |-INFO in ch.qos.logback.classic.LoggerContext[default] - Could NOT find resource [logback.groovy]
10:20:57,567 |-INFO in ch.qos.logback.classic.LoggerContext[default] - Found resource [logback.xml] at [jar:file:/home/nikitasokolov/flamestream/lib/flamestream-runtime-1.0-SNAPSHOT.jar!/logback.xml]
10:20:57,568 |-WARN in ch.qos.logback.classic.LoggerContext[default] - Resource [logback.xml] occurs multiple times on the classpath.
10:20:57,569 |-WARN in ch.qos.logback.classic.LoggerContext[default] - Resource [logback.xml] occurs at [jar:file:/home/nikitasokolov/flamestream/lib/flamestream-runtime-1.0-SNAPSHOT.jar!/logback.xml]
10:20:57,569 |-WARN in ch.qos.logback.classic.LoggerContext[default] - Resource [logback.xml] occurs at [jar:file:/home/nikitasokolov/flamestream/flamestream-runtime-1.0-SNAPSHOT.jar!/logback.xml]
10:20:57,586 |-INFO in ch.qos.logback.core.joran.spi.ConfigurationWatchList@6108b2d7 - URL [jar:file:/home/nikitasokolov/flamestream/lib/flamestream-runtime-1.0-SNAPSHOT.jar!/logback.xml] is not of type file
10:20:57,636 |-INFO in ch.qos.logback.classic.joran.action.ConfigurationAction - debug attribute not set
10:20:57,636 |-INFO in ch.qos.logback.core.joran.action.AppenderAction - About to instantiate appender of type [ch.qos.logback.core.ConsoleAppender]
10:20:57,644 |-INFO in ch.qos.logback.core.joran.action.AppenderAction - Naming appender as [STDOUT]
10:20:57,653 |-INFO in ch.qos.logback.core.joran.action.NestedComplexPropertyIA - Assuming default type [ch.qos.logback.classic.encoder.PatternLayoutEncoder] for [encoder] property
10:20:57,710 |-INFO in ch.qos.logback.core.joran.action.AppenderAction - About to instantiate appender of type [ch.qos.logback.core.rolling.RollingFileAppender]
10:20:57,715 |-INFO in ch.qos.logback.core.joran.action.AppenderAction - Naming appender as [FILE]
10:20:57,736 |-INFO in c.q.l.core.rolling.TimeBasedRollingPolicy@357863579 - No compression will be used
10:20:57,738 |-INFO in c.q.l.core.rolling.TimeBasedRollingPolicy@357863579 - Will use the pattern /tmp/application_%d{yyyy-MM-dd}.%i.log for the active file
10:20:57,740 |-INFO in ch.qos.logback.core.rolling.SizeAndTimeBasedFNATP@6bf256fa - The date pattern is 'yyyy-MM-dd' from file name pattern '/tmp/application_%d{yyyy-MM-dd}.%i.log'.
10:20:57,740 |-INFO in ch.qos.logback.core.rolling.SizeAndTimeBasedFNATP@6bf256fa - Roll-over at midnight.
10:20:57,744 |-INFO in ch.qos.logback.core.rolling.SizeAndTimeBasedFNATP@6bf256fa - Setting initial period to Sun Jun 09 10:20:20 MSK 2019
10:20:57,745 |-WARN in ch.qos.logback.core.rolling.SizeAndTimeBasedFNATP@6bf256fa - SizeAndTimeBasedFNATP is deprecated. Use SizeAndTimeBasedRollingPolicy instead
10:20:57,745 |-WARN in ch.qos.logback.core.rolling.SizeAndTimeBasedFNATP@6bf256fa - For more information see http://logback.qos.ch/manual/appenders.html#SizeAndTimeBasedRollingPolicy
10:20:57,749 |-INFO in ch.qos.logback.core.joran.action.NestedComplexPropertyIA - Assuming default type [ch.qos.logback.classic.encoder.PatternLayoutEncoder] for [encoder] property
10:20:57,752 |-INFO in ch.qos.logback.core.rolling.RollingFileAppender[FILE] - Active log file name: /tmp/application.log
10:20:57,752 |-INFO in ch.qos.logback.core.rolling.RollingFileAppender[FILE] - File property is set to [/tmp/application.log]
10:20:57,753 |-INFO in ch.qos.logback.classic.joran.action.RootLoggerAction - Setting level of ROOT logger to WARN
10:20:57,753 |-INFO in ch.qos.logback.core.joran.action.AppenderRefAction - Attaching appender named [STDOUT] to Logger[ROOT]
10:20:57,753 |-INFO in ch.qos.logback.core.joran.action.AppenderRefAction - Attaching appender named [FILE] to Logger[ROOT]
10:20:57,753 |-INFO in ch.qos.logback.classic.joran.action.ConfigurationAction - End of configuration.
10:20:57,754 |-INFO in ch.qos.logback.classic.joran.JoranConfigurator@6cd8737 - Registering current configuration as safe fallback point

2019-06-09T10:20:58.721+0300: 1.370: [GC (Metadata GC Threshold) [PSYoungGen: 110721K->15897K(149504K)] 110721K->15977K(491008K), 0.0200995 secs] [Times: user=0.06 sys=0.04, real=0.02 secs] 
2019-06-09T10:20:58.742+0300: 1.390: [Full GC (Metadata GC Threshold) [PSYoungGen: 15897K->0K(149504K)] [ParOldGen: 80K->15078K(341504K)] 15977K->15078K(491008K), [Metaspace: 20802K->20802K(1067008K)], 0.0295065 secs] [Times: user=0.19 sys=0.01, real=0.03 secs] 
10:21:06.018 [Curator-PathChildrenCache-1] WARN  o.a.c.u.ZKPaths  - The version of ZooKeeper being used doesn't support Container nodes. CreateMode.PERSISTENT will be used instead.
2019-06-09T10:21:07.160+0300: 9.808: [GC (Metadata GC Threshold) [PSYoungGen: 124388K->15860K(149504K)] 139466K->50477K(491008K), 0.0281748 secs] [Times: user=0.22 sys=0.02, real=0.02 secs] 
2019-06-09T10:21:07.188+0300: 9.836: [Full GC (Metadata GC Threshold) [PSYoungGen: 15860K->0K(149504K)] [ParOldGen: 34617K->38917K(341504K)] 50477K->38917K(491008K), [Metaspace: 34540K->34540K(1079296K)], 0.0423189 secs] [Times: user=0.16 sys=0.02, real=0.05 secs] 
2019-06-09T10:21:31.498+0300: 34.147: [GC (Allocation Failure) [PSYoungGen: 128512K->384K(149504K)] 167429K->39309K(491008K), 0.0086858 secs] [Times: user=0.06 sys=0.01, real=0.00 secs] 
10:22:00.049 [Curator-PathChildrenCache-0] ERROR o.a.c.f.r.c.PathChildrenCache  - 
java.lang.IllegalStateException: instance must be started before calling this method
	at org.apache.curator.shaded.com.google.common.base.Preconditions.checkState(Preconditions.java:444)
	at org.apache.curator.framework.imps.CuratorFrameworkImpl.getChildren(CuratorFrameworkImpl.java:456)
	at org.apache.curator.framework.recipes.cache.PathChildrenCache.refresh(PathChildrenCache.java:521)
	at org.apache.curator.framework.recipes.cache.RefreshOperation.invoke(RefreshOperation.java:35)
	at org.apache.curator.framework.recipes.cache.PathChildrenCache$9.run(PathChildrenCache.java:786)
	at java.util.concurrent.Executors$RunnableAdapter.call(Executors.java:511)
	at java.util.concurrent.FutureTask.run(FutureTask.java:266)
	at java.util.concurrent.Executors$RunnableAdapter.call(Executors.java:511)
	at java.util.concurrent.FutureTask.run(FutureTask.java:266)
	at java.util.concurrent.ThreadPoolExecutor.runWorker(ThreadPoolExecutor.java:1149)
	at java.util.concurrent.ThreadPoolExecutor$Worker.run(ThreadPoolExecutor.java:624)
	at java.lang.Thread.run(Thread.java:748)
2019-06-09T10:22:01.161+0300: 63.809: [GC (Allocation Failure) [PSYoungGen: 128896K->1457K(149504K)] 167821K->40391K(491008K), 0.0062282 secs] [Times: user=0.04 sys=0.01, real=0.00 secs] 
Heap
 PSYoungGen      total 149504K, used 4908K [0x00000000f5980000, 0x0000000100000000, 0x0000000100000000)
  eden space 128512K, 2% used [0x00000000f5980000,0x00000000f5cdeb40,0x00000000fd700000)
  from space 20992K, 6% used [0x00000000feb80000,0x00000000fecec4c8,0x0000000100000000)
  to   space 20992K, 0% used [0x00000000fd700000,0x00000000fd700000,0x00000000feb80000)
 ParOldGen       total 341504K, used 38933K [0x00000000e0c00000, 0x00000000f5980000, 0x00000000f5980000)
  object space 341504K, 11% used [0x00000000e0c00000,0x00000000e3205768,0x00000000f5980000)
 Metaspace       used 36004K, capacity 36852K, committed 37208K, reserved 1081344K
  class space    used 4966K, capacity 5152K, committed 5248K, reserved 1048576K
