04:40:41,627 |-INFO in ch.qos.logback.classic.LoggerContext[default] - Could NOT find resource [logback-test.xml]
04:40:41,627 |-INFO in ch.qos.logback.classic.LoggerContext[default] - Could NOT find resource [logback.groovy]
04:40:41,627 |-INFO in ch.qos.logback.classic.LoggerContext[default] - Found resource [logback.xml] at [jar:file:/home/nikitasokolov/flamestream/lib/flamestream-runtime-1.0-SNAPSHOT.jar!/logback.xml]
04:40:41,628 |-WARN in ch.qos.logback.classic.LoggerContext[default] - Resource [logback.xml] occurs multiple times on the classpath.
04:40:41,628 |-WARN in ch.qos.logback.classic.LoggerContext[default] - Resource [logback.xml] occurs at [jar:file:/home/nikitasokolov/flamestream/lib/flamestream-runtime-1.0-SNAPSHOT.jar!/logback.xml]
04:40:41,628 |-WARN in ch.qos.logback.classic.LoggerContext[default] - Resource [logback.xml] occurs at [jar:file:/home/nikitasokolov/flamestream/flamestream-runtime-1.0-SNAPSHOT.jar!/logback.xml]
04:40:41,645 |-INFO in ch.qos.logback.core.joran.spi.ConfigurationWatchList@6aaa5eb0 - URL [jar:file:/home/nikitasokolov/flamestream/lib/flamestream-runtime-1.0-SNAPSHOT.jar!/logback.xml] is not of type file
04:40:41,697 |-INFO in ch.qos.logback.classic.joran.action.ConfigurationAction - debug attribute not set
04:40:41,698 |-INFO in ch.qos.logback.core.joran.action.AppenderAction - About to instantiate appender of type [ch.qos.logback.core.ConsoleAppender]
04:40:41,705 |-INFO in ch.qos.logback.core.joran.action.AppenderAction - Naming appender as [STDOUT]
04:40:41,714 |-INFO in ch.qos.logback.core.joran.action.NestedComplexPropertyIA - Assuming default type [ch.qos.logback.classic.encoder.PatternLayoutEncoder] for [encoder] property
04:40:41,773 |-INFO in ch.qos.logback.core.joran.action.AppenderAction - About to instantiate appender of type [ch.qos.logback.core.rolling.RollingFileAppender]
04:40:41,778 |-INFO in ch.qos.logback.core.joran.action.AppenderAction - Naming appender as [FILE]
04:40:41,801 |-INFO in c.q.l.core.rolling.TimeBasedRollingPolicy@3447021 - No compression will be used
04:40:41,802 |-INFO in c.q.l.core.rolling.TimeBasedRollingPolicy@3447021 - Will use the pattern /tmp/application_%d{yyyy-MM-dd}.%i.log for the active file
04:40:41,805 |-INFO in ch.qos.logback.core.rolling.SizeAndTimeBasedFNATP@1a407d53 - The date pattern is 'yyyy-MM-dd' from file name pattern '/tmp/application_%d{yyyy-MM-dd}.%i.log'.
04:40:41,805 |-INFO in ch.qos.logback.core.rolling.SizeAndTimeBasedFNATP@1a407d53 - Roll-over at midnight.
04:40:41,809 |-INFO in ch.qos.logback.core.rolling.SizeAndTimeBasedFNATP@1a407d53 - Setting initial period to Thu Jun 06 22:00:24 MSK 2019
04:40:41,810 |-WARN in ch.qos.logback.core.rolling.SizeAndTimeBasedFNATP@1a407d53 - SizeAndTimeBasedFNATP is deprecated. Use SizeAndTimeBasedRollingPolicy instead
04:40:41,810 |-WARN in ch.qos.logback.core.rolling.SizeAndTimeBasedFNATP@1a407d53 - For more information see http://logback.qos.ch/manual/appenders.html#SizeAndTimeBasedRollingPolicy
04:40:41,813 |-INFO in ch.qos.logback.core.joran.action.NestedComplexPropertyIA - Assuming default type [ch.qos.logback.classic.encoder.PatternLayoutEncoder] for [encoder] property
04:40:41,816 |-INFO in ch.qos.logback.core.rolling.RollingFileAppender[FILE] - Active log file name: /tmp/application.log
04:40:41,816 |-INFO in ch.qos.logback.core.rolling.RollingFileAppender[FILE] - File property is set to [/tmp/application.log]
04:40:41,817 |-ERROR in ch.qos.logback.core.rolling.RollingFileAppender[FILE] - openFile(/tmp/application.log,true) call failed. java.io.FileNotFoundException: /tmp/application.log (Permission denied)
	at java.io.FileNotFoundException: /tmp/application.log (Permission denied)
	at 	at java.io.FileOutputStream.open0(Native Method)
	at 	at java.io.FileOutputStream.open(FileOutputStream.java:270)
	at 	at java.io.FileOutputStream.<init>(FileOutputStream.java:213)
	at 	at ch.qos.logback.core.recovery.ResilientFileOutputStream.<init>(ResilientFileOutputStream.java:26)
	at 	at ch.qos.logback.core.FileAppender.openFile(FileAppender.java:204)
	at 	at ch.qos.logback.core.FileAppender.start(FileAppender.java:127)
	at 	at ch.qos.logback.core.rolling.RollingFileAppender.start(RollingFileAppender.java:100)
	at 	at ch.qos.logback.core.joran.action.AppenderAction.end(AppenderAction.java:90)
	at 	at ch.qos.logback.core.joran.spi.Interpreter.callEndAction(Interpreter.java:309)
	at 	at ch.qos.logback.core.joran.spi.Interpreter.endElement(Interpreter.java:193)
	at 	at ch.qos.logback.core.joran.spi.Interpreter.endElement(Interpreter.java:179)
	at 	at ch.qos.logback.core.joran.spi.EventPlayer.play(EventPlayer.java:62)
	at 	at ch.qos.logback.core.joran.GenericConfigurator.doConfigure(GenericConfigurator.java:165)
	at 	at ch.qos.logback.core.joran.GenericConfigurator.doConfigure(GenericConfigurator.java:152)
	at 	at ch.qos.logback.core.joran.GenericConfigurator.doConfigure(GenericConfigurator.java:110)
	at 	at ch.qos.logback.core.joran.GenericConfigurator.doConfigure(GenericConfigurator.java:53)
	at 	at ch.qos.logback.classic.util.ContextInitializer.configureByResource(ContextInitializer.java:75)
	at 	at ch.qos.logback.classic.util.ContextInitializer.autoConfig(ContextInitializer.java:150)
	at 	at org.slf4j.impl.StaticLoggerBinder.init(StaticLoggerBinder.java:84)
	at 	at org.slf4j.impl.StaticLoggerBinder.<clinit>(StaticLoggerBinder.java:55)
	at 	at org.slf4j.LoggerFactory.bind(LoggerFactory.java:150)
	at 	at org.slf4j.LoggerFactory.performInitialization(LoggerFactory.java:124)
	at 	at org.slf4j.LoggerFactory.getILoggerFactory(LoggerFactory.java:412)
	at 	at org.slf4j.LoggerFactory.getLogger(LoggerFactory.java:357)
	at 	at org.slf4j.LoggerFactory.getLogger(LoggerFactory.java:383)
	at 	at com.spbsu.flamestream.runtime.WorkerApplication.<init>(WorkerApplication.java:26)
	at 	at com.spbsu.flamestream.runtime.WorkerApplication.main(WorkerApplication.java:68)
04:40:41,817 |-INFO in ch.qos.logback.classic.joran.action.RootLoggerAction - Setting level of ROOT logger to WARN
04:40:41,817 |-INFO in ch.qos.logback.core.joran.action.AppenderRefAction - Attaching appender named [STDOUT] to Logger[ROOT]
04:40:41,818 |-INFO in ch.qos.logback.core.joran.action.AppenderRefAction - Attaching appender named [FILE] to Logger[ROOT]
04:40:41,818 |-INFO in ch.qos.logback.classic.joran.action.ConfigurationAction - End of configuration.
04:40:41,818 |-INFO in ch.qos.logback.classic.joran.JoranConfigurator@21bcffb5 - Registering current configuration as safe fallback point

Ama winner
Ama winner
2019-06-09T04:40:42.812+0300: 1.387: [GC (Metadata GC Threshold) [PSYoungGen: 92677K->15980K(149504K)] 92677K->16060K(491008K), 0.0210088 secs] [Times: user=0.15 sys=0.00, real=0.03 secs] 
2019-06-09T04:40:42.833+0300: 1.408: [Full GC (Metadata GC Threshold) [PSYoungGen: 15980K->0K(149504K)] [ParOldGen: 80K->15102K(341504K)] 16060K->15102K(491008K), [Metaspace: 20801K->20801K(1067008K)], 0.0247636 secs] [Times: user=0.15 sys=0.02, real=0.02 secs] 
04:40:54.671 [Curator-PathChildrenCache-1] WARN  o.a.c.u.ZKPaths  - The version of ZooKeeper being used doesn't support Container nodes. CreateMode.PERSISTENT will be used instead.
2019-06-09T04:40:55.574+0300: 14.149: [GC (Allocation Failure) [PSYoungGen: 128512K->15911K(149504K)] 143614K->50553K(491008K), 0.0252579 secs] [Times: user=0.19 sys=0.03, real=0.02 secs] 
2019-06-09T04:40:55.904+0300: 14.479: [GC (Metadata GC Threshold) [PSYoungGen: 31840K->5765K(149504K)] 66482K->40415K(491008K), 0.0054864 secs] [Times: user=0.07 sys=0.00, real=0.01 secs] 
2019-06-09T04:40:55.909+0300: 14.484: [Full GC (Metadata GC Threshold) [PSYoungGen: 5765K->0K(149504K)] [ParOldGen: 34650K->29287K(341504K)] 40415K->29287K(491008K), [Metaspace: 34554K->34554K(1079296K)], 0.0575214 secs] [Times: user=0.40 sys=0.00, real=0.06 secs] 
2019-06-09T04:40:58.143+0300: 16.718: [GC (Allocation Failure) [PSYoungGen: 128512K->640K(149504K)] 157799K->29935K(491008K), 0.0040535 secs] [Times: user=0.02 sys=0.00, real=0.01 secs] 
2019-06-09T04:41:00.793+0300: 19.368: [GC (Allocation Failure) [PSYoungGen: 129152K->576K(129536K)] 158447K->29879K(471040K), 0.0031008 secs] [Times: user=0.03 sys=0.00, real=0.00 secs] 
2019-06-09T04:41:03.480+0300: 22.055: [GC (Allocation Failure) [PSYoungGen: 129088K->672K(148992K)] 158391K->29975K(490496K), 0.0039723 secs] [Times: user=0.02 sys=0.02, real=0.00 secs] 
2019-06-09T04:41:06.150+0300: 24.725: [GC (Allocation Failure) [PSYoungGen: 127648K->672K(148480K)] 156951K->29983K(489984K), 0.0031164 secs] [Times: user=0.01 sys=0.00, real=0.01 secs] 
2019-06-09T04:41:08.810+0300: 27.385: [GC (Allocation Failure) [PSYoungGen: 127648K->672K(150528K)] 156959K->29991K(492032K), 0.0033853 secs] [Times: user=0.01 sys=0.01, real=0.01 secs] 
2019-06-09T04:41:11.576+0300: 30.151: [GC (Allocation Failure) [PSYoungGen: 130720K->672K(150016K)] 160039K->29991K(491520K), 0.0022511 secs] [Times: user=0.01 sys=0.00, real=0.00 secs] 
2019-06-09T04:41:14.313+0300: 32.888: [GC (Allocation Failure) [PSYoungGen: 130720K->736K(152064K)] 160039K->30055K(493568K), 0.0026690 secs] [Times: user=0.01 sys=0.01, real=0.00 secs] 
2019-06-09T04:41:17.088+0300: 35.675: [GC (Allocation Failure) [PSYoungGen: 133856K->800K(151552K)] 163175K->30127K(493056K), 0.0164724 secs] [Times: user=0.01 sys=0.01, real=0.02 secs] 
2019-06-09T04:41:19.906+0300: 38.481: [GC (Allocation Failure) [PSYoungGen: 133920K->864K(153600K)] 163247K->30191K(495104K), 0.0023684 secs] [Times: user=0.01 sys=0.00, real=0.00 secs] 
2019-06-09T04:41:22.814+0300: 41.389: [GC (Allocation Failure) [PSYoungGen: 137056K->896K(153088K)] 166383K->30231K(494592K), 0.0647798 secs] [Times: user=0.02 sys=0.01, real=0.06 secs] 
2019-06-09T04:41:25.685+0300: 44.260: [GC (Allocation Failure) [PSYoungGen: 137088K->800K(155136K)] 166423K->30143K(496640K), 0.0022507 secs] [Times: user=0.01 sys=0.01, real=0.00 secs] 
2019-06-09T04:41:28.622+0300: 47.197: [GC (Allocation Failure) [PSYoungGen: 140064K->896K(154624K)] 169407K->30247K(496128K), 0.0668427 secs] [Times: user=0.01 sys=0.01, real=0.07 secs] 
2019-06-09T04:41:31.578+0300: 50.153: [GC (Allocation Failure) [PSYoungGen: 140160K->864K(156672K)] 169511K->30215K(498176K), 0.0029177 secs] [Times: user=0.01 sys=0.00, real=0.00 secs] 
2019-06-09T04:41:34.577+0300: 53.152: [GC (Allocation Failure) [PSYoungGen: 143200K->864K(156160K)] 172551K->30215K(497664K), 0.0021096 secs] [Times: user=0.01 sys=0.01, real=0.00 secs] 
2019-06-09T04:41:37.598+0300: 56.173: [GC (Allocation Failure) [PSYoungGen: 143200K->800K(158208K)] 172551K->30159K(499712K), 0.0038035 secs] [Times: user=0.03 sys=0.00, real=0.00 secs] 
04:41:44.862 [Curator-PathChildrenCache-0] ERROR o.a.c.f.r.c.PathChildrenCache  - 
java.lang.IllegalStateException: instance must be started before calling this method
	at org.apache.curator.shaded.com.google.common.base.Preconditions.checkState(Preconditions.java:444)
	at org.apache.curator.framework.imps.CuratorFrameworkImpl.getChildren(CuratorFrameworkImpl.java:456)
	at org.apache.curator.framework.recipes.cache.PathChildrenCache.refresh(PathChildrenCache.java:521)
	at org.apache.curator.framework.recipes.cache.RefreshOperation.invoke(RefreshOperation.java:35)
	at org.apache.curator.framework.recipes.cache.PathChildrenCache$9.run(PathChildrenCache.java:786)
	at java.util.concurrent.Executors$RunnableAdapter.call(Executors.java:511)
	at java.util.concurrent.FutureTask.run(FutureTask.java:266)
	at java.util.concurrent.Executors$RunnableAdapter.call(Executors.java:511)
	at java.util.concurrent.FutureTask.run(FutureTask.java:266)
	at java.util.concurrent.ThreadPoolExecutor.runWorker(ThreadPoolExecutor.java:1149)
	at java.util.concurrent.ThreadPoolExecutor$Worker.run(ThreadPoolExecutor.java:624)
	at java.lang.Thread.run(Thread.java:748)
04:41:45.955 [worker-akka.actor.default-dispatcher-4] ERROR c.s.f.r.WorkerApplication  - Something went wrong during trace flush
java.nio.file.AccessDeniedException: /tmp/trace.csv
	at sun.nio.fs.UnixException.translateToIOException(UnixException.java:84)
	at sun.nio.fs.UnixException.rethrowAsIOException(UnixException.java:102)
	at sun.nio.fs.UnixException.rethrowAsIOException(UnixException.java:107)
	at sun.nio.fs.UnixFileSystemProvider.newByteChannel(UnixFileSystemProvider.java:214)
	at java.nio.file.spi.FileSystemProvider.newOutputStream(FileSystemProvider.java:434)
	at java.nio.file.Files.newOutputStream(Files.java:216)
	at java.nio.file.Files.newBufferedWriter(Files.java:2860)
	at java.nio.file.Files.newBufferedWriter(Files.java:2896)
	at com.spbsu.flamestream.runtime.utils.tracing.Tracing.flush(Tracing.java:35)
	at com.spbsu.flamestream.runtime.WorkerApplication.lambda$run$0(WorkerApplication.java:109)
	at akka.actor.ActorSystemImpl$TerminationCallbacks$$anonfun$addRec$1$1.applyOrElse(ActorSystem.scala:1036)
	at akka.actor.ActorSystemImpl$TerminationCallbacks$$anonfun$addRec$1$1.applyOrElse(ActorSystem.scala:1036)
	at scala.concurrent.Future$$anonfun$andThen$1.apply(Future.scala:436)
	at scala.concurrent.Future$$anonfun$andThen$1.apply(Future.scala:435)
	at scala.concurrent.impl.CallbackRunnable.run(Promise.scala:36)
	at akka.dispatch.BatchingExecutor$AbstractBatch.processBatch(BatchingExecutor.scala:55)
	at akka.dispatch.BatchingExecutor$BlockableBatch$$anonfun$run$1.apply$mcV$sp(BatchingExecutor.scala:91)
	at akka.dispatch.BatchingExecutor$BlockableBatch$$anonfun$run$1.apply(BatchingExecutor.scala:91)
	at akka.dispatch.BatchingExecutor$BlockableBatch$$anonfun$run$1.apply(BatchingExecutor.scala:91)
	at scala.concurrent.BlockContext$.withBlockContext(BlockContext.scala:72)
	at akka.dispatch.BatchingExecutor$BlockableBatch.run(BatchingExecutor.scala:90)
	at akka.dispatch.TaskInvocation.run(AbstractDispatcher.scala:40)
	at akka.dispatch.ForkJoinExecutorConfigurator$AkkaForkJoinTask.exec(ForkJoinExecutorConfigurator.scala:44)
	at akka.dispatch.forkjoin.ForkJoinTask.doExec(ForkJoinTask.java:260)
	at akka.dispatch.forkjoin.ForkJoinPool$WorkQueue.runTask(ForkJoinPool.java:1339)
	at akka.dispatch.forkjoin.ForkJoinPool.runWorker(ForkJoinPool.java:1979)
	at akka.dispatch.forkjoin.ForkJoinWorkerThread.run(ForkJoinWorkerThread.java:107)
Heap
 PSYoungGen      total 158208K, used 120823K [0x00000000f5980000, 0x0000000100000000, 0x0000000100000000)
  eden space 145408K, 82% used [0x00000000f5980000,0x00000000fceb5d30,0x00000000fe780000)
  from space 12800K, 6% used [0x00000000ff380000,0x00000000ff4480b0,0x0000000100000000)
  to   space 12288K, 0% used [0x00000000fe780000,0x00000000fe780000,0x00000000ff380000)
 ParOldGen       total 341504K, used 29359K [0x00000000e0c00000, 0x00000000f5980000, 0x00000000f5980000)
  object space 341504K, 8% used [0x00000000e0c00000,0x00000000e28abe08,0x00000000f5980000)
 Metaspace       used 36172K, capacity 37032K, committed 37208K, reserved 1081344K
  class space    used 4973K, capacity 5160K, committed 5248K, reserved 1048576K
