06:32:26,387 |-INFO in ch.qos.logback.classic.LoggerContext[default] - Could NOT find resource [logback-test.xml]
06:32:26,388 |-INFO in ch.qos.logback.classic.LoggerContext[default] - Could NOT find resource [logback.groovy]
06:32:26,388 |-INFO in ch.qos.logback.classic.LoggerContext[default] - Found resource [logback.xml] at [jar:file:/home/nikitasokolov/flamestream/lib/flamestream-runtime-1.0-SNAPSHOT.jar!/logback.xml]
06:32:26,388 |-WARN in ch.qos.logback.classic.LoggerContext[default] - Resource [logback.xml] occurs multiple times on the classpath.
06:32:26,389 |-WARN in ch.qos.logback.classic.LoggerContext[default] - Resource [logback.xml] occurs at [jar:file:/home/nikitasokolov/flamestream/lib/flamestream-runtime-1.0-SNAPSHOT.jar!/logback.xml]
06:32:26,389 |-WARN in ch.qos.logback.classic.LoggerContext[default] - Resource [logback.xml] occurs at [jar:file:/home/nikitasokolov/flamestream/flamestream-runtime-1.0-SNAPSHOT.jar!/logback.xml]
06:32:26,405 |-INFO in ch.qos.logback.core.joran.spi.ConfigurationWatchList@6aaa5eb0 - URL [jar:file:/home/nikitasokolov/flamestream/lib/flamestream-runtime-1.0-SNAPSHOT.jar!/logback.xml] is not of type file
06:32:26,457 |-INFO in ch.qos.logback.classic.joran.action.ConfigurationAction - debug attribute not set
06:32:26,457 |-INFO in ch.qos.logback.core.joran.action.AppenderAction - About to instantiate appender of type [ch.qos.logback.core.ConsoleAppender]
06:32:26,465 |-INFO in ch.qos.logback.core.joran.action.AppenderAction - Naming appender as [STDOUT]
06:32:26,472 |-INFO in ch.qos.logback.core.joran.action.NestedComplexPropertyIA - Assuming default type [ch.qos.logback.classic.encoder.PatternLayoutEncoder] for [encoder] property
06:32:26,533 |-INFO in ch.qos.logback.core.joran.action.AppenderAction - About to instantiate appender of type [ch.qos.logback.core.rolling.RollingFileAppender]
06:32:26,539 |-INFO in ch.qos.logback.core.joran.action.AppenderAction - Naming appender as [FILE]
06:32:26,561 |-INFO in c.q.l.core.rolling.TimeBasedRollingPolicy@3447021 - No compression will be used
06:32:26,562 |-INFO in c.q.l.core.rolling.TimeBasedRollingPolicy@3447021 - Will use the pattern /tmp/application_%d{yyyy-MM-dd}.%i.log for the active file
06:32:26,565 |-INFO in ch.qos.logback.core.rolling.SizeAndTimeBasedFNATP@1a407d53 - The date pattern is 'yyyy-MM-dd' from file name pattern '/tmp/application_%d{yyyy-MM-dd}.%i.log'.
06:32:26,565 |-INFO in ch.qos.logback.core.rolling.SizeAndTimeBasedFNATP@1a407d53 - Roll-over at midnight.
06:32:26,569 |-INFO in ch.qos.logback.core.rolling.SizeAndTimeBasedFNATP@1a407d53 - Setting initial period to Thu Jun 06 22:00:24 MSK 2019
06:32:26,570 |-WARN in ch.qos.logback.core.rolling.SizeAndTimeBasedFNATP@1a407d53 - SizeAndTimeBasedFNATP is deprecated. Use SizeAndTimeBasedRollingPolicy instead
06:32:26,570 |-WARN in ch.qos.logback.core.rolling.SizeAndTimeBasedFNATP@1a407d53 - For more information see http://logback.qos.ch/manual/appenders.html#SizeAndTimeBasedRollingPolicy
06:32:26,573 |-INFO in ch.qos.logback.core.joran.action.NestedComplexPropertyIA - Assuming default type [ch.qos.logback.classic.encoder.PatternLayoutEncoder] for [encoder] property
06:32:26,576 |-INFO in ch.qos.logback.core.rolling.RollingFileAppender[FILE] - Active log file name: /tmp/application.log
06:32:26,576 |-INFO in ch.qos.logback.core.rolling.RollingFileAppender[FILE] - File property is set to [/tmp/application.log]
06:32:26,577 |-ERROR in ch.qos.logback.core.rolling.RollingFileAppender[FILE] - openFile(/tmp/application.log,true) call failed. java.io.FileNotFoundException: /tmp/application.log (Permission denied)
	at java.io.FileNotFoundException: /tmp/application.log (Permission denied)
	at 	at java.io.FileOutputStream.open0(Native Method)
	at 	at java.io.FileOutputStream.open(FileOutputStream.java:270)
	at 	at java.io.FileOutputStream.<init>(FileOutputStream.java:213)
	at 	at ch.qos.logback.core.recovery.ResilientFileOutputStream.<init>(ResilientFileOutputStream.java:26)
	at 	at ch.qos.logback.core.FileAppender.openFile(FileAppender.java:204)
	at 	at ch.qos.logback.core.FileAppender.start(FileAppender.java:127)
	at 	at ch.qos.logback.core.rolling.RollingFileAppender.start(RollingFileAppender.java:100)
	at 	at ch.qos.logback.core.joran.action.AppenderAction.end(AppenderAction.java:90)
	at 	at ch.qos.logback.core.joran.spi.Interpreter.callEndAction(Interpreter.java:309)
	at 	at ch.qos.logback.core.joran.spi.Interpreter.endElement(Interpreter.java:193)
	at 	at ch.qos.logback.core.joran.spi.Interpreter.endElement(Interpreter.java:179)
	at 	at ch.qos.logback.core.joran.spi.EventPlayer.play(EventPlayer.java:62)
	at 	at ch.qos.logback.core.joran.GenericConfigurator.doConfigure(GenericConfigurator.java:165)
	at 	at ch.qos.logback.core.joran.GenericConfigurator.doConfigure(GenericConfigurator.java:152)
	at 	at ch.qos.logback.core.joran.GenericConfigurator.doConfigure(GenericConfigurator.java:110)
	at 	at ch.qos.logback.core.joran.GenericConfigurator.doConfigure(GenericConfigurator.java:53)
	at 	at ch.qos.logback.classic.util.ContextInitializer.configureByResource(ContextInitializer.java:75)
	at 	at ch.qos.logback.classic.util.ContextInitializer.autoConfig(ContextInitializer.java:150)
	at 	at org.slf4j.impl.StaticLoggerBinder.init(StaticLoggerBinder.java:84)
	at 	at org.slf4j.impl.StaticLoggerBinder.<clinit>(StaticLoggerBinder.java:55)
	at 	at org.slf4j.LoggerFactory.bind(LoggerFactory.java:150)
	at 	at org.slf4j.LoggerFactory.performInitialization(LoggerFactory.java:124)
	at 	at org.slf4j.LoggerFactory.getILoggerFactory(LoggerFactory.java:412)
	at 	at org.slf4j.LoggerFactory.getLogger(LoggerFactory.java:357)
	at 	at org.slf4j.LoggerFactory.getLogger(LoggerFactory.java:383)
	at 	at com.spbsu.flamestream.runtime.WorkerApplication.<init>(WorkerApplication.java:26)
	at 	at com.spbsu.flamestream.runtime.WorkerApplication.main(WorkerApplication.java:68)
06:32:26,577 |-INFO in ch.qos.logback.classic.joran.action.RootLoggerAction - Setting level of ROOT logger to WARN
06:32:26,577 |-INFO in ch.qos.logback.core.joran.action.AppenderRefAction - Attaching appender named [STDOUT] to Logger[ROOT]
06:32:26,577 |-INFO in ch.qos.logback.core.joran.action.AppenderRefAction - Attaching appender named [FILE] to Logger[ROOT]
06:32:26,577 |-INFO in ch.qos.logback.classic.joran.action.ConfigurationAction - End of configuration.
06:32:26,578 |-INFO in ch.qos.logback.classic.joran.JoranConfigurator@21bcffb5 - Registering current configuration as safe fallback point

Ama winner
Ama winner
2019-06-09T06:32:27.549+0300: 1.358: [GC (Metadata GC Threshold) [PSYoungGen: 95247K->15963K(149504K)] 95247K->16043K(491008K), 0.0183955 secs] [Times: user=0.08 sys=0.01, real=0.02 secs] 
2019-06-09T06:32:27.567+0300: 1.376: [Full GC (Metadata GC Threshold) [PSYoungGen: 15963K->0K(149504K)] [ParOldGen: 80K->15103K(341504K)] 16043K->15103K(491008K), [Metaspace: 20804K->20804K(1067008K)], 0.0255086 secs] [Times: user=0.15 sys=0.01, real=0.03 secs] 
06:32:36.316 [Curator-PathChildrenCache-1] WARN  o.a.c.u.ZKPaths  - The version of ZooKeeper being used doesn't support Container nodes. CreateMode.PERSISTENT will be used instead.
2019-06-09T06:32:37.357+0300: 11.166: [GC (Allocation Failure) [PSYoungGen: 128512K->15899K(149504K)] 143615K->50541K(491008K), 0.0248733 secs] [Times: user=0.23 sys=0.01, real=0.02 secs] 
2019-06-09T06:32:37.427+0300: 11.236: [GC (Metadata GC Threshold) [PSYoungGen: 23230K->5521K(149504K)] 57872K->40171K(491008K), 0.0052036 secs] [Times: user=0.05 sys=0.01, real=0.01 secs] 
2019-06-09T06:32:37.432+0300: 11.241: [Full GC (Metadata GC Threshold) [PSYoungGen: 5521K->0K(149504K)] [ParOldGen: 34650K->29290K(341504K)] 40171K->29290K(491008K), [Metaspace: 34544K->34544K(1079296K)], 0.0454847 secs] [Times: user=0.20 sys=0.00, real=0.04 secs] 
2019-06-09T06:32:41.772+0300: 15.580: [GC (Allocation Failure) [PSYoungGen: 128512K->448K(149504K)] 157802K->29746K(491008K), 0.0561144 secs] [Times: user=0.01 sys=0.01, real=0.06 secs] 
2019-06-09T06:32:46.438+0300: 20.247: [GC (Allocation Failure) [PSYoungGen: 128960K->512K(129536K)] 158258K->29818K(471040K), 0.0066746 secs] [Times: user=0.05 sys=0.00, real=0.01 secs] 
2019-06-09T06:32:51.225+0300: 25.034: [GC (Allocation Failure) [PSYoungGen: 129024K->512K(148992K)] 158330K->29826K(490496K), 0.0039223 secs] [Times: user=0.02 sys=0.01, real=0.00 secs] 
2019-06-09T06:32:55.877+0300: 29.686: [GC (Allocation Failure) [PSYoungGen: 127488K->384K(148480K)] 156802K->29706K(489984K), 0.0028933 secs] [Times: user=0.01 sys=0.00, real=0.00 secs] 
2019-06-09T06:33:00.592+0300: 34.401: [GC (Allocation Failure) [PSYoungGen: 127360K->480K(150528K)] 156682K->29810K(492032K), 0.0031705 secs] [Times: user=0.01 sys=0.00, real=0.01 secs] 
2019-06-09T06:33:05.467+0300: 39.276: [GC (Allocation Failure) [PSYoungGen: 130528K->544K(150016K)] 159858K->29882K(491520K), 0.0020565 secs] [Times: user=0.01 sys=0.01, real=0.00 secs] 
2019-06-09T06:33:10.321+0300: 44.130: [GC (Allocation Failure) [PSYoungGen: 130592K->608K(152064K)] 159930K->29954K(493568K), 0.0036055 secs] [Times: user=0.03 sys=0.00, real=0.01 secs] 
2019-06-09T06:33:15.333+0300: 49.141: [GC (Allocation Failure) [PSYoungGen: 133728K->480K(151552K)] 163074K->29834K(493056K), 0.0033076 secs] [Times: user=0.02 sys=0.01, real=0.00 secs] 
2019-06-09T06:33:20.320+0300: 54.129: [GC (Allocation Failure) [PSYoungGen: 133600K->480K(153600K)] 162954K->29842K(495104K), 0.0028715 secs] [Times: user=0.01 sys=0.00, real=0.00 secs] 
2019-06-09T06:33:25.429+0300: 59.290: [GC (Allocation Failure) [PSYoungGen: 136672K->576K(153088K)] 166034K->29938K(494592K), 0.0550448 secs] [Times: user=0.01 sys=0.01, real=0.06 secs] 
2019-06-09T06:33:31.219+0300: 65.028: [GC (Allocation Failure) [PSYoungGen: 136768K->928K(155136K)] 166130K->30298K(496640K), 0.0069766 secs] [Times: user=0.07 sys=0.00, real=0.01 secs] 
2019-06-09T06:33:37.846+0300: 71.655: [GC (Allocation Failure) [PSYoungGen: 140192K->608K(154624K)] 169562K->29986K(496128K), 0.0044590 secs] [Times: user=0.02 sys=0.00, real=0.00 secs] 
2019-06-09T06:33:44.475+0300: 78.284: [GC (Allocation Failure) [PSYoungGen: 139872K->576K(157184K)] 169250K->29962K(498688K), 0.0042185 secs] [Times: user=0.03 sys=0.00, real=0.00 secs] 
06:33:53.417 [Curator-PathChildrenCache-0] ERROR o.a.c.f.r.c.PathChildrenCache  - 
java.lang.IllegalStateException: instance must be started before calling this method
	at org.apache.curator.shaded.com.google.common.base.Preconditions.checkState(Preconditions.java:444)
	at org.apache.curator.framework.imps.CuratorFrameworkImpl.getChildren(CuratorFrameworkImpl.java:456)
	at org.apache.curator.framework.recipes.cache.PathChildrenCache.refresh(PathChildrenCache.java:521)
	at org.apache.curator.framework.recipes.cache.RefreshOperation.invoke(RefreshOperation.java:35)
	at org.apache.curator.framework.recipes.cache.PathChildrenCache$9.run(PathChildrenCache.java:786)
	at java.util.concurrent.Executors$RunnableAdapter.call(Executors.java:511)
	at java.util.concurrent.FutureTask.run(FutureTask.java:266)
	at java.util.concurrent.Executors$RunnableAdapter.call(Executors.java:511)
	at java.util.concurrent.FutureTask.run(FutureTask.java:266)
	at java.util.concurrent.ThreadPoolExecutor.runWorker(ThreadPoolExecutor.java:1149)
	at java.util.concurrent.ThreadPoolExecutor$Worker.run(ThreadPoolExecutor.java:624)
	at java.lang.Thread.run(Thread.java:748)
06:33:54.505 [worker-akka.actor.default-dispatcher-12] ERROR c.s.f.r.WorkerApplication  - Something went wrong during trace flush
java.nio.file.AccessDeniedException: /tmp/trace.csv
	at sun.nio.fs.UnixException.translateToIOException(UnixException.java:84)
	at sun.nio.fs.UnixException.rethrowAsIOException(UnixException.java:102)
	at sun.nio.fs.UnixException.rethrowAsIOException(UnixException.java:107)
	at sun.nio.fs.UnixFileSystemProvider.newByteChannel(UnixFileSystemProvider.java:214)
	at java.nio.file.spi.FileSystemProvider.newOutputStream(FileSystemProvider.java:434)
	at java.nio.file.Files.newOutputStream(Files.java:216)
	at java.nio.file.Files.newBufferedWriter(Files.java:2860)
	at java.nio.file.Files.newBufferedWriter(Files.java:2896)
	at com.spbsu.flamestream.runtime.utils.tracing.Tracing.flush(Tracing.java:35)
	at com.spbsu.flamestream.runtime.WorkerApplication.lambda$run$0(WorkerApplication.java:109)
	at akka.actor.ActorSystemImpl$TerminationCallbacks$$anonfun$addRec$1$1.applyOrElse(ActorSystem.scala:1036)
	at akka.actor.ActorSystemImpl$TerminationCallbacks$$anonfun$addRec$1$1.applyOrElse(ActorSystem.scala:1036)
	at scala.concurrent.Future$$anonfun$andThen$1.apply(Future.scala:436)
	at scala.concurrent.Future$$anonfun$andThen$1.apply(Future.scala:435)
	at scala.concurrent.impl.CallbackRunnable.run(Promise.scala:36)
	at akka.dispatch.BatchingExecutor$AbstractBatch.processBatch(BatchingExecutor.scala:55)
	at akka.dispatch.BatchingExecutor$BlockableBatch$$anonfun$run$1.apply$mcV$sp(BatchingExecutor.scala:91)
	at akka.dispatch.BatchingExecutor$BlockableBatch$$anonfun$run$1.apply(BatchingExecutor.scala:91)
	at akka.dispatch.BatchingExecutor$BlockableBatch$$anonfun$run$1.apply(BatchingExecutor.scala:91)
	at scala.concurrent.BlockContext$.withBlockContext(BlockContext.scala:72)
	at akka.dispatch.BatchingExecutor$BlockableBatch.run(BatchingExecutor.scala:90)
	at akka.dispatch.TaskInvocation.run(AbstractDispatcher.scala:40)
	at akka.dispatch.ForkJoinExecutorConfigurator$AkkaForkJoinTask.exec(ForkJoinExecutorConfigurator.scala:44)
	at akka.dispatch.forkjoin.ForkJoinTask.doExec(ForkJoinTask.java:260)
	at akka.dispatch.forkjoin.ForkJoinPool$WorkQueue.runTask(ForkJoinPool.java:1339)
	at akka.dispatch.forkjoin.ForkJoinPool.runWorker(ForkJoinPool.java:1979)
	at akka.dispatch.forkjoin.ForkJoinWorkerThread.run(ForkJoinWorkerThread.java:107)
Heap
 PSYoungGen      total 157184K, used 31929K [0x00000000f5980000, 0x0000000100000000, 0x0000000100000000)
  eden space 142848K, 21% used [0x00000000f5980000,0x00000000f781e608,0x00000000fe500000)
  from space 14336K, 4% used [0x00000000ff200000,0x00000000ff290040,0x0000000100000000)
  to   space 13312K, 0% used [0x00000000fe500000,0x00000000fe500000,0x00000000ff200000)
 ParOldGen       total 341504K, used 29386K [0x00000000e0c00000, 0x00000000f5980000, 0x00000000f5980000)
  object space 341504K, 8% used [0x00000000e0c00000,0x00000000e28b2840,0x00000000f5980000)
 Metaspace       used 36198K, capacity 37088K, committed 37464K, reserved 1081344K
  class space    used 4969K, capacity 5160K, committed 5248K, reserved 1048576K
