07:23:28,914 |-INFO in ch.qos.logback.classic.LoggerContext[default] - Could NOT find resource [logback-test.xml]
07:23:28,914 |-INFO in ch.qos.logback.classic.LoggerContext[default] - Could NOT find resource [logback.groovy]
07:23:28,914 |-INFO in ch.qos.logback.classic.LoggerContext[default] - Found resource [logback.xml] at [jar:file:/root/flamestream/lib/flamestream-runtime-1.0-SNAPSHOT.jar!/logback.xml]
07:23:28,918 |-WARN in ch.qos.logback.classic.LoggerContext[default] - Resource [logback.xml] occurs multiple times on the classpath.
07:23:28,918 |-WARN in ch.qos.logback.classic.LoggerContext[default] - Resource [logback.xml] occurs at [jar:file:/root/flamestream/lib/flamestream-runtime-1.0-SNAPSHOT.jar!/logback.xml]
07:23:28,918 |-WARN in ch.qos.logback.classic.LoggerContext[default] - Resource [logback.xml] occurs at [jar:file:/root/flamestream/flamestream-runtime-1.0-SNAPSHOT.jar!/logback.xml]
07:23:28,940 |-INFO in ch.qos.logback.core.joran.spi.ConfigurationWatchList@3fb6a447 - URL [jar:file:/root/flamestream/lib/flamestream-runtime-1.0-SNAPSHOT.jar!/logback.xml] is not of type file
07:23:29,017 |-INFO in ch.qos.logback.classic.joran.action.ConfigurationAction - debug attribute not set
07:23:29,017 |-INFO in ch.qos.logback.core.joran.action.AppenderAction - About to instantiate appender of type [ch.qos.logback.core.ConsoleAppender]
07:23:29,035 |-INFO in ch.qos.logback.core.joran.action.AppenderAction - Naming appender as [STDOUT]
07:23:29,053 |-INFO in ch.qos.logback.core.joran.action.NestedComplexPropertyIA - Assuming default type [ch.qos.logback.classic.encoder.PatternLayoutEncoder] for [encoder] property
07:23:29,139 |-INFO in ch.qos.logback.core.joran.action.AppenderAction - About to instantiate appender of type [ch.qos.logback.core.rolling.RollingFileAppender]
07:23:29,144 |-INFO in ch.qos.logback.core.joran.action.AppenderAction - Naming appender as [FILE]
07:23:29,177 |-INFO in c.q.l.core.rolling.TimeBasedRollingPolicy@127618319 - No compression will be used
07:23:29,178 |-INFO in c.q.l.core.rolling.TimeBasedRollingPolicy@127618319 - Will use the pattern /tmp/application_%d{yyyy-MM-dd}.%i.log for the active file
07:23:29,181 |-INFO in ch.qos.logback.core.rolling.SizeAndTimeBasedFNATP@6b2fad11 - The date pattern is 'yyyy-MM-dd' from file name pattern '/tmp/application_%d{yyyy-MM-dd}.%i.log'.
07:23:29,181 |-INFO in ch.qos.logback.core.rolling.SizeAndTimeBasedFNATP@6b2fad11 - Roll-over at midnight.
07:23:29,186 |-INFO in ch.qos.logback.core.rolling.SizeAndTimeBasedFNATP@6b2fad11 - Setting initial period to Tue Jun 11 07:22:06 UTC 2019
07:23:29,187 |-WARN in ch.qos.logback.core.rolling.SizeAndTimeBasedFNATP@6b2fad11 - SizeAndTimeBasedFNATP is deprecated. Use SizeAndTimeBasedRollingPolicy instead
07:23:29,187 |-WARN in ch.qos.logback.core.rolling.SizeAndTimeBasedFNATP@6b2fad11 - For more information see http://logback.qos.ch/manual/appenders.html#SizeAndTimeBasedRollingPolicy
07:23:29,191 |-INFO in ch.qos.logback.core.joran.action.NestedComplexPropertyIA - Assuming default type [ch.qos.logback.classic.encoder.PatternLayoutEncoder] for [encoder] property
07:23:29,196 |-INFO in ch.qos.logback.core.rolling.RollingFileAppender[FILE] - Active log file name: /tmp/application.log
07:23:29,196 |-INFO in ch.qos.logback.core.rolling.RollingFileAppender[FILE] - File property is set to [/tmp/application.log]
07:23:29,197 |-INFO in ch.qos.logback.classic.joran.action.RootLoggerAction - Setting level of ROOT logger to WARN
07:23:29,197 |-INFO in ch.qos.logback.core.joran.action.AppenderRefAction - Attaching appender named [STDOUT] to Logger[ROOT]
07:23:29,199 |-INFO in ch.qos.logback.core.joran.action.AppenderRefAction - Attaching appender named [FILE] to Logger[ROOT]
07:23:29,199 |-INFO in ch.qos.logback.classic.joran.action.ConfigurationAction - End of configuration.
07:23:29,199 |-INFO in ch.qos.logback.classic.joran.JoranConfigurator@79698539 - Registering current configuration as safe fallback point

Ama winner
Ama winner
2019-06-11T07:23:30.468+0000: 1.742: [Full GC (Metadata GC Threshold) 2019-06-11T07:23:30.468+0000: 1.742: [Tenured: 0K->15241K(341376K), 0.0382022 secs] 117750K->15241K(494976K), [Metaspace: 20737K->20737K(1067008K)], 0.0382698 secs] [Times: user=0.03 sys=0.00, real=0.04 secs] 
07:24:02.166 [Curator-PathChildrenCache-1] WARN  o.a.c.u.ZKPaths  - The version of ZooKeeper being used doesn't support Container nodes. CreateMode.PERSISTENT will be used instead.
2019-06-11T07:24:14.779+0000: 46.053: [GC (GCLocker Initiated GC) 2019-06-11T07:24:14.779+0000: 46.053: [DefNew: 136593K->16605K(153600K), 0.0173026 secs] 151835K->31846K(494976K), 0.0173843 secs] [Times: user=0.01 sys=0.00, real=0.02 secs] 
2019-06-11T07:24:17.047+0000: 48.321: [GC (Allocation Failure) 2019-06-11T07:24:17.047+0000: 48.321: [DefNew: 153181K->1564K(153600K), 0.0174620 secs] 168422K->43408K(494976K), 0.0175280 secs] [Times: user=0.01 sys=0.02, real=0.01 secs] 
2019-06-11T07:24:17.419+0000: 48.693: [Full GC (Metadata GC Threshold) 2019-06-11T07:24:17.419+0000: 48.693: [Tenured: 41843K->43272K(341376K), 0.0344111 secs] 65621K->43272K(494976K), [Metaspace: 34611K->34611K(1079296K)], 0.0344948 secs] [Times: user=0.03 sys=0.00, real=0.03 secs] 
2019-06-11T07:24:39.646+0000: 70.920: [GC (Allocation Failure) 2019-06-11T07:24:39.646+0000: 70.920: [DefNew: 136576K->410K(153600K), 0.0023305 secs] 179848K->43682K(494976K), 0.0023968 secs] [Times: user=0.00 sys=0.00, real=0.00 secs] 
07:24:45.551 [Curator-PathChildrenCache-0] ERROR o.a.c.f.r.c.PathChildrenCache  - 
java.lang.IllegalStateException: instance must be started before calling this method
	at org.apache.curator.shaded.com.google.common.base.Preconditions.checkState(Preconditions.java:444)
	at org.apache.curator.framework.imps.CuratorFrameworkImpl.getChildren(CuratorFrameworkImpl.java:456)
	at org.apache.curator.framework.recipes.cache.PathChildrenCache.refresh(PathChildrenCache.java:521)
	at org.apache.curator.framework.recipes.cache.RefreshOperation.invoke(RefreshOperation.java:35)
	at org.apache.curator.framework.recipes.cache.PathChildrenCache$9.run(PathChildrenCache.java:786)
	at java.util.concurrent.Executors$RunnableAdapter.call(Executors.java:511)
	at java.util.concurrent.FutureTask.run(FutureTask.java:266)
	at java.util.concurrent.Executors$RunnableAdapter.call(Executors.java:511)
	at java.util.concurrent.FutureTask.run(FutureTask.java:266)
	at java.util.concurrent.ThreadPoolExecutor.runWorker(ThreadPoolExecutor.java:1149)
	at java.util.concurrent.ThreadPoolExecutor$Worker.run(ThreadPoolExecutor.java:624)
	at java.lang.Thread.run(Thread.java:748)
Heap
 def new generation   total 153600K, used 29054K [0x00000000e0c00000, 0x00000000eb2a0000, 0x00000000eb2a0000)
  eden space 136576K,  20% used [0x00000000e0c00000, 0x00000000e27f9358, 0x00000000e9160000)
  from space 17024K,   2% used [0x00000000ea200000, 0x00000000ea266820, 0x00000000eb2a0000)
  to   space 17024K,   0% used [0x00000000e9160000, 0x00000000e9160000, 0x00000000ea200000)
 tenured generation   total 341376K, used 43272K [0x00000000eb2a0000, 0x0000000100000000, 0x0000000100000000)
   the space 341376K,  12% used [0x00000000eb2a0000, 0x00000000edce2340, 0x00000000edce2400, 0x0000000100000000)
 Metaspace       used 36076K, capacity 36930K, committed 37120K, reserved 1081344K
  class space    used 4870K, capacity 5075K, committed 5120K, reserved 1048576K
