01:21:42,771 |-INFO in ch.qos.logback.classic.LoggerContext[default] - Could NOT find resource [logback-test.xml]
01:21:42,771 |-INFO in ch.qos.logback.classic.LoggerContext[default] - Could NOT find resource [logback.groovy]
01:21:42,771 |-INFO in ch.qos.logback.classic.LoggerContext[default] - Found resource [logback.xml] at [jar:file:/home/nikitasokolov/flamestream/lib/flamestream-runtime-1.0-SNAPSHOT.jar!/logback.xml]
01:21:42,772 |-WARN in ch.qos.logback.classic.LoggerContext[default] - Resource [logback.xml] occurs multiple times on the classpath.
01:21:42,772 |-WARN in ch.qos.logback.classic.LoggerContext[default] - Resource [logback.xml] occurs at [jar:file:/home/nikitasokolov/flamestream/lib/flamestream-runtime-1.0-SNAPSHOT.jar!/logback.xml]
01:21:42,772 |-WARN in ch.qos.logback.classic.LoggerContext[default] - Resource [logback.xml] occurs at [jar:file:/home/nikitasokolov/flamestream/flamestream-runtime-1.0-SNAPSHOT.jar!/logback.xml]
01:21:42,788 |-INFO in ch.qos.logback.core.joran.spi.ConfigurationWatchList@6108b2d7 - URL [jar:file:/home/nikitasokolov/flamestream/lib/flamestream-runtime-1.0-SNAPSHOT.jar!/logback.xml] is not of type file
01:21:42,839 |-INFO in ch.qos.logback.classic.joran.action.ConfigurationAction - debug attribute not set
01:21:42,840 |-INFO in ch.qos.logback.core.joran.action.AppenderAction - About to instantiate appender of type [ch.qos.logback.core.ConsoleAppender]
01:21:42,851 |-INFO in ch.qos.logback.core.joran.action.AppenderAction - Naming appender as [STDOUT]
01:21:42,861 |-INFO in ch.qos.logback.core.joran.action.NestedComplexPropertyIA - Assuming default type [ch.qos.logback.classic.encoder.PatternLayoutEncoder] for [encoder] property
01:21:42,918 |-INFO in ch.qos.logback.core.joran.action.AppenderAction - About to instantiate appender of type [ch.qos.logback.core.rolling.RollingFileAppender]
01:21:42,924 |-INFO in ch.qos.logback.core.joran.action.AppenderAction - Naming appender as [FILE]
01:21:42,947 |-INFO in c.q.l.core.rolling.TimeBasedRollingPolicy@357863579 - No compression will be used
01:21:42,948 |-INFO in c.q.l.core.rolling.TimeBasedRollingPolicy@357863579 - Will use the pattern /tmp/application_%d{yyyy-MM-dd}.%i.log for the active file
01:21:42,951 |-INFO in ch.qos.logback.core.rolling.SizeAndTimeBasedFNATP@6bf256fa - The date pattern is 'yyyy-MM-dd' from file name pattern '/tmp/application_%d{yyyy-MM-dd}.%i.log'.
01:21:42,951 |-INFO in ch.qos.logback.core.rolling.SizeAndTimeBasedFNATP@6bf256fa - Roll-over at midnight.
01:21:42,955 |-INFO in ch.qos.logback.core.rolling.SizeAndTimeBasedFNATP@6bf256fa - Setting initial period to Mon Jun 10 01:20:59 MSK 2019
01:21:42,955 |-WARN in ch.qos.logback.core.rolling.SizeAndTimeBasedFNATP@6bf256fa - SizeAndTimeBasedFNATP is deprecated. Use SizeAndTimeBasedRollingPolicy instead
01:21:42,955 |-WARN in ch.qos.logback.core.rolling.SizeAndTimeBasedFNATP@6bf256fa - For more information see http://logback.qos.ch/manual/appenders.html#SizeAndTimeBasedRollingPolicy
01:21:42,959 |-INFO in ch.qos.logback.core.joran.action.NestedComplexPropertyIA - Assuming default type [ch.qos.logback.classic.encoder.PatternLayoutEncoder] for [encoder] property
01:21:42,961 |-INFO in ch.qos.logback.core.rolling.RollingFileAppender[FILE] - Active log file name: /tmp/application.log
01:21:42,961 |-INFO in ch.qos.logback.core.rolling.RollingFileAppender[FILE] - File property is set to [/tmp/application.log]
01:21:42,963 |-INFO in ch.qos.logback.classic.joran.action.RootLoggerAction - Setting level of ROOT logger to WARN
01:21:42,963 |-INFO in ch.qos.logback.core.joran.action.AppenderRefAction - Attaching appender named [STDOUT] to Logger[ROOT]
01:21:42,963 |-INFO in ch.qos.logback.core.joran.action.AppenderRefAction - Attaching appender named [FILE] to Logger[ROOT]
01:21:42,963 |-INFO in ch.qos.logback.classic.joran.action.ConfigurationAction - End of configuration.
01:21:42,964 |-INFO in ch.qos.logback.classic.joran.JoranConfigurator@6cd8737 - Registering current configuration as safe fallback point

2019-06-10T01:21:43.964+0300: 1.392: [GC (Metadata GC Threshold) [PSYoungGen: 110722K->15862K(149504K)] 110722K->15942K(491008K), 0.0190766 secs] [Times: user=0.04 sys=0.03, real=0.02 secs] 
2019-06-10T01:21:43.984+0300: 1.411: [Full GC (Metadata GC Threshold) [PSYoungGen: 15862K->0K(149504K)] [ParOldGen: 80K->15078K(341504K)] 15942K->15078K(491008K), [Metaspace: 20802K->20802K(1067008K)], 0.0268994 secs] [Times: user=0.18 sys=0.01, real=0.03 secs] 
01:21:55.210 [Curator-PathChildrenCache-1] WARN  o.a.c.u.ZKPaths  - The version of ZooKeeper being used doesn't support Container nodes. CreateMode.PERSISTENT will be used instead.
2019-06-10T01:21:56.264+0300: 13.692: [GC (Metadata GC Threshold) [PSYoungGen: 125605K->16617K(149504K)] 140684K->51235K(491008K), 0.0256979 secs] [Times: user=0.21 sys=0.01, real=0.03 secs] 
2019-06-10T01:21:56.290+0300: 13.717: [Full GC (Metadata GC Threshold) [PSYoungGen: 16617K->0K(149504K)] [ParOldGen: 34617K->39485K(341504K)] 51235K->39485K(491008K), [Metaspace: 34482K->34482K(1079296K)], 0.0508786 secs] [Times: user=0.39 sys=0.01, real=0.05 secs] 
2019-06-10T01:22:10.425+0300: 27.853: [GC (Allocation Failure) [PSYoungGen: 128512K->512K(149504K)] 167997K->40005K(491008K), 0.0056557 secs] [Times: user=0.02 sys=0.02, real=0.01 secs] 
2019-06-10T01:22:26.258+0300: 43.686: [GC (Allocation Failure) [PSYoungGen: 129024K->576K(149504K)] 168517K->40077K(491008K), 0.0052123 secs] [Times: user=0.02 sys=0.01, real=0.00 secs] 
2019-06-10T01:22:42.194+0300: 59.622: [GC (Allocation Failure) [PSYoungGen: 129088K->544K(129536K)] 168589K->40053K(471040K), 0.0038494 secs] [Times: user=0.02 sys=0.00, real=0.01 secs] 
01:23:01.197 [Curator-PathChildrenCache-0] ERROR o.a.c.f.r.c.PathChildrenCache  - 
java.lang.IllegalStateException: instance must be started before calling this method
	at org.apache.curator.shaded.com.google.common.base.Preconditions.checkState(Preconditions.java:444)
	at org.apache.curator.framework.imps.CuratorFrameworkImpl.getChildren(CuratorFrameworkImpl.java:456)
	at org.apache.curator.framework.recipes.cache.PathChildrenCache.refresh(PathChildrenCache.java:521)
	at org.apache.curator.framework.recipes.cache.RefreshOperation.invoke(RefreshOperation.java:35)
	at org.apache.curator.framework.recipes.cache.PathChildrenCache$9.run(PathChildrenCache.java:786)
	at java.util.concurrent.Executors$RunnableAdapter.call(Executors.java:511)
	at java.util.concurrent.FutureTask.run(FutureTask.java:266)
	at java.util.concurrent.Executors$RunnableAdapter.call(Executors.java:511)
	at java.util.concurrent.FutureTask.run(FutureTask.java:266)
	at java.util.concurrent.ThreadPoolExecutor.runWorker(ThreadPoolExecutor.java:1149)
	at java.util.concurrent.ThreadPoolExecutor$Worker.run(ThreadPoolExecutor.java:624)
	at java.lang.Thread.run(Thread.java:748)
Heap
 PSYoungGen      total 129536K, used 87399K [0x00000000f5980000, 0x0000000100000000, 0x0000000100000000)
  eden space 128512K, 67% used [0x00000000f5980000,0x00000000fae51d10,0x00000000fd700000)
  from space 1024K, 53% used [0x00000000fd700000,0x00000000fd788040,0x00000000fd800000)
  to   space 22016K, 0% used [0x00000000fea80000,0x00000000fea80000,0x0000000100000000)
 ParOldGen       total 341504K, used 39509K [0x00000000e0c00000, 0x00000000f5980000, 0x00000000f5980000)
  object space 341504K, 11% used [0x00000000e0c00000,0x00000000e3295470,0x00000000f5980000)
 Metaspace       used 36203K, capacity 37084K, committed 37248K, reserved 1081344K
  class space    used 4979K, capacity 5168K, committed 5248K, reserved 1048576K
