16:29:47,568 |-INFO in ch.qos.logback.classic.LoggerContext[default] - Could NOT find resource [logback-test.xml]
16:29:47,568 |-INFO in ch.qos.logback.classic.LoggerContext[default] - Could NOT find resource [logback.groovy]
16:29:47,568 |-INFO in ch.qos.logback.classic.LoggerContext[default] - Found resource [logback.xml] at [jar:file:/root/flamestream/lib/flamestream-runtime-1.0-SNAPSHOT.jar!/logback.xml]
16:29:47,568 |-WARN in ch.qos.logback.classic.LoggerContext[default] - Resource [logback.xml] occurs multiple times on the classpath.
16:29:47,568 |-WARN in ch.qos.logback.classic.LoggerContext[default] - Resource [logback.xml] occurs at [jar:file:/root/flamestream/lib/flamestream-runtime-1.0-SNAPSHOT.jar!/logback.xml]
16:29:47,568 |-WARN in ch.qos.logback.classic.LoggerContext[default] - Resource [logback.xml] occurs at [jar:file:/root/flamestream/flamestream-runtime-1.0-SNAPSHOT.jar!/logback.xml]
16:29:47,591 |-INFO in ch.qos.logback.core.joran.spi.ConfigurationWatchList@3fb6a447 - URL [jar:file:/root/flamestream/lib/flamestream-runtime-1.0-SNAPSHOT.jar!/logback.xml] is not of type file
16:29:47,667 |-INFO in ch.qos.logback.classic.joran.action.ConfigurationAction - debug attribute not set
16:29:47,668 |-INFO in ch.qos.logback.core.joran.action.AppenderAction - About to instantiate appender of type [ch.qos.logback.core.ConsoleAppender]
16:29:47,680 |-INFO in ch.qos.logback.core.joran.action.AppenderAction - Naming appender as [STDOUT]
16:29:47,703 |-INFO in ch.qos.logback.core.joran.action.NestedComplexPropertyIA - Assuming default type [ch.qos.logback.classic.encoder.PatternLayoutEncoder] for [encoder] property
16:29:47,787 |-INFO in ch.qos.logback.core.joran.action.AppenderAction - About to instantiate appender of type [ch.qos.logback.core.rolling.RollingFileAppender]
16:29:47,792 |-INFO in ch.qos.logback.core.joran.action.AppenderAction - Naming appender as [FILE]
16:29:47,824 |-INFO in c.q.l.core.rolling.TimeBasedRollingPolicy@127618319 - No compression will be used
16:29:47,825 |-INFO in c.q.l.core.rolling.TimeBasedRollingPolicy@127618319 - Will use the pattern /tmp/application_%d{yyyy-MM-dd}.%i.log for the active file
16:29:47,828 |-INFO in ch.qos.logback.core.rolling.SizeAndTimeBasedFNATP@6b2fad11 - The date pattern is 'yyyy-MM-dd' from file name pattern '/tmp/application_%d{yyyy-MM-dd}.%i.log'.
16:29:47,828 |-INFO in ch.qos.logback.core.rolling.SizeAndTimeBasedFNATP@6b2fad11 - Roll-over at midnight.
16:29:47,833 |-INFO in ch.qos.logback.core.rolling.SizeAndTimeBasedFNATP@6b2fad11 - Setting initial period to Mon Jun 10 16:28:32 UTC 2019
16:29:47,833 |-WARN in ch.qos.logback.core.rolling.SizeAndTimeBasedFNATP@6b2fad11 - SizeAndTimeBasedFNATP is deprecated. Use SizeAndTimeBasedRollingPolicy instead
16:29:47,833 |-WARN in ch.qos.logback.core.rolling.SizeAndTimeBasedFNATP@6b2fad11 - For more information see http://logback.qos.ch/manual/appenders.html#SizeAndTimeBasedRollingPolicy
16:29:47,837 |-INFO in ch.qos.logback.core.joran.action.NestedComplexPropertyIA - Assuming default type [ch.qos.logback.classic.encoder.PatternLayoutEncoder] for [encoder] property
16:29:47,842 |-INFO in ch.qos.logback.core.rolling.RollingFileAppender[FILE] - Active log file name: /tmp/application.log
16:29:47,842 |-INFO in ch.qos.logback.core.rolling.RollingFileAppender[FILE] - File property is set to [/tmp/application.log]
16:29:47,843 |-INFO in ch.qos.logback.classic.joran.action.RootLoggerAction - Setting level of ROOT logger to WARN
16:29:47,843 |-INFO in ch.qos.logback.core.joran.action.AppenderRefAction - Attaching appender named [STDOUT] to Logger[ROOT]
16:29:47,845 |-INFO in ch.qos.logback.core.joran.action.AppenderRefAction - Attaching appender named [FILE] to Logger[ROOT]
16:29:47,845 |-INFO in ch.qos.logback.classic.joran.action.ConfigurationAction - End of configuration.
16:29:47,846 |-INFO in ch.qos.logback.classic.joran.JoranConfigurator@79698539 - Registering current configuration as safe fallback point

Ama winner
Ama winner
2019-06-10T16:29:49.156+0000: 1.769: [Full GC (Metadata GC Threshold) 2019-06-10T16:29:49.156+0000: 1.769: [Tenured: 0K->15208K(341376K), 0.0409913 secs] 114924K->15208K(494976K), [Metaspace: 20738K->20738K(1067008K)], 0.0410595 secs] [Times: user=0.04 sys=0.01, real=0.05 secs] 
16:30:09.307 [Curator-PathChildrenCache-1] WARN  o.a.c.u.ZKPaths  - The version of ZooKeeper being used doesn't support Container nodes. CreateMode.PERSISTENT will be used instead.
2019-06-10T16:30:11.713+0000: 24.327: [GC (Allocation Failure) 2019-06-10T16:30:11.713+0000: 24.327: [DefNew: 136576K->17024K(153600K), 0.0278639 secs] 151784K->52830K(494976K), 0.0279629 secs] [Times: user=0.02 sys=0.01, real=0.03 secs] 
2019-06-10T16:30:13.038+0000: 25.652: [Full GC (Metadata GC Threshold) 2019-06-10T16:30:13.038+0000: 25.652: [Tenured: 35806K->44588K(341376K), 0.0479632 secs] 98976K->44588K(494976K), [Metaspace: 34580K->34580K(1079296K)], 0.0480476 secs] [Times: user=0.04 sys=0.00, real=0.04 secs] 
2019-06-10T16:30:16.311+0000: 28.925: [GC (Allocation Failure) 2019-06-10T16:30:16.311+0000: 28.925: [DefNew: 136576K->51K(153600K), 0.0018900 secs] 181164K->44639K(494976K), 0.0019514 secs] [Times: user=0.00 sys=0.00, real=0.00 secs] 
2019-06-10T16:30:19.717+0000: 32.330: [GC (Allocation Failure) 2019-06-10T16:30:19.717+0000: 32.330: [DefNew: 136627K->72K(153600K), 0.0017956 secs] 181215K->44660K(494976K), 0.0018583 secs] [Times: user=0.00 sys=0.00, real=0.01 secs] 
2019-06-10T16:30:23.203+0000: 35.816: [GC (Allocation Failure) 2019-06-10T16:30:23.203+0000: 35.816: [DefNew: 136648K->76K(153600K), 0.0017316 secs] 181236K->44664K(494976K), 0.0018033 secs] [Times: user=0.00 sys=0.00, real=0.00 secs] 
16:30:34.825 [Curator-PathChildrenCache-0] ERROR o.a.c.f.r.c.PathChildrenCache  - 
java.lang.IllegalStateException: instance must be started before calling this method
	at org.apache.curator.shaded.com.google.common.base.Preconditions.checkState(Preconditions.java:444)
	at org.apache.curator.framework.imps.CuratorFrameworkImpl.getChildren(CuratorFrameworkImpl.java:456)
	at org.apache.curator.framework.recipes.cache.PathChildrenCache.refresh(PathChildrenCache.java:521)
	at org.apache.curator.framework.recipes.cache.RefreshOperation.invoke(RefreshOperation.java:35)
	at org.apache.curator.framework.recipes.cache.PathChildrenCache$9.run(PathChildrenCache.java:786)
	at java.util.concurrent.Executors$RunnableAdapter.call(Executors.java:511)
	at java.util.concurrent.FutureTask.run(FutureTask.java:266)
	at java.util.concurrent.Executors$RunnableAdapter.call(Executors.java:511)
	at java.util.concurrent.FutureTask.run(FutureTask.java:266)
	at java.util.concurrent.ThreadPoolExecutor.runWorker(ThreadPoolExecutor.java:1149)
	at java.util.concurrent.ThreadPoolExecutor$Worker.run(ThreadPoolExecutor.java:624)
	at java.lang.Thread.run(Thread.java:748)
Heap
 def new generation   total 153600K, used 119064K [0x00000000e0c00000, 0x00000000eb2a0000, 0x00000000eb2a0000)
  eden space 136576K,  87% used [0x00000000e0c00000, 0x00000000e8032eb0, 0x00000000e9160000)
  from space 17024K,   0% used [0x00000000e9160000, 0x00000000e9173220, 0x00000000ea200000)
  to   space 17024K,   0% used [0x00000000ea200000, 0x00000000ea200000, 0x00000000eb2a0000)
 tenured generation   total 341376K, used 44588K [0x00000000eb2a0000, 0x0000000100000000, 0x0000000100000000)
   the space 341376K,  13% used [0x00000000eb2a0000, 0x00000000ede2b1d0, 0x00000000ede2b200, 0x0000000100000000)
 Metaspace       used 35814K, capacity 36710K, committed 36864K, reserved 1081344K
  class space    used 4825K, capacity 5017K, committed 5120K, reserved 1048576K
