14:46:54,292 |-INFO in ch.qos.logback.classic.LoggerContext[default] - Could NOT find resource [logback-test.xml]
14:46:54,292 |-INFO in ch.qos.logback.classic.LoggerContext[default] - Could NOT find resource [logback.groovy]
14:46:54,292 |-INFO in ch.qos.logback.classic.LoggerContext[default] - Found resource [logback.xml] at [jar:file:/root/flamestream/lib/flamestream-runtime-1.0-SNAPSHOT.jar!/logback.xml]
14:46:54,295 |-WARN in ch.qos.logback.classic.LoggerContext[default] - Resource [logback.xml] occurs multiple times on the classpath.
14:46:54,296 |-WARN in ch.qos.logback.classic.LoggerContext[default] - Resource [logback.xml] occurs at [jar:file:/root/flamestream/lib/flamestream-runtime-1.0-SNAPSHOT.jar!/logback.xml]
14:46:54,296 |-WARN in ch.qos.logback.classic.LoggerContext[default] - Resource [logback.xml] occurs at [jar:file:/root/flamestream/flamestream-runtime-1.0-SNAPSHOT.jar!/logback.xml]
14:46:54,315 |-INFO in ch.qos.logback.core.joran.spi.ConfigurationWatchList@3fb6a447 - URL [jar:file:/root/flamestream/lib/flamestream-runtime-1.0-SNAPSHOT.jar!/logback.xml] is not of type file
14:46:54,391 |-INFO in ch.qos.logback.classic.joran.action.ConfigurationAction - debug attribute not set
14:46:54,391 |-INFO in ch.qos.logback.core.joran.action.AppenderAction - About to instantiate appender of type [ch.qos.logback.core.ConsoleAppender]
14:46:54,403 |-INFO in ch.qos.logback.core.joran.action.AppenderAction - Naming appender as [STDOUT]
14:46:54,421 |-INFO in ch.qos.logback.core.joran.action.NestedComplexPropertyIA - Assuming default type [ch.qos.logback.classic.encoder.PatternLayoutEncoder] for [encoder] property
14:46:54,510 |-INFO in ch.qos.logback.core.joran.action.AppenderAction - About to instantiate appender of type [ch.qos.logback.core.rolling.RollingFileAppender]
14:46:54,515 |-INFO in ch.qos.logback.core.joran.action.AppenderAction - Naming appender as [FILE]
14:46:54,547 |-INFO in c.q.l.core.rolling.TimeBasedRollingPolicy@127618319 - No compression will be used
14:46:54,549 |-INFO in c.q.l.core.rolling.TimeBasedRollingPolicy@127618319 - Will use the pattern /tmp/application_%d{yyyy-MM-dd}.%i.log for the active file
14:46:54,552 |-INFO in ch.qos.logback.core.rolling.SizeAndTimeBasedFNATP@6b2fad11 - The date pattern is 'yyyy-MM-dd' from file name pattern '/tmp/application_%d{yyyy-MM-dd}.%i.log'.
14:46:54,552 |-INFO in ch.qos.logback.core.rolling.SizeAndTimeBasedFNATP@6b2fad11 - Roll-over at midnight.
14:46:54,557 |-INFO in ch.qos.logback.core.rolling.SizeAndTimeBasedFNATP@6b2fad11 - Setting initial period to Mon Jun 10 14:45:28 UTC 2019
14:46:54,557 |-WARN in ch.qos.logback.core.rolling.SizeAndTimeBasedFNATP@6b2fad11 - SizeAndTimeBasedFNATP is deprecated. Use SizeAndTimeBasedRollingPolicy instead
14:46:54,557 |-WARN in ch.qos.logback.core.rolling.SizeAndTimeBasedFNATP@6b2fad11 - For more information see http://logback.qos.ch/manual/appenders.html#SizeAndTimeBasedRollingPolicy
14:46:54,561 |-INFO in ch.qos.logback.core.joran.action.NestedComplexPropertyIA - Assuming default type [ch.qos.logback.classic.encoder.PatternLayoutEncoder] for [encoder] property
14:46:54,566 |-INFO in ch.qos.logback.core.rolling.RollingFileAppender[FILE] - Active log file name: /tmp/application.log
14:46:54,566 |-INFO in ch.qos.logback.core.rolling.RollingFileAppender[FILE] - File property is set to [/tmp/application.log]
14:46:54,567 |-INFO in ch.qos.logback.classic.joran.action.RootLoggerAction - Setting level of ROOT logger to WARN
14:46:54,567 |-INFO in ch.qos.logback.core.joran.action.AppenderRefAction - Attaching appender named [STDOUT] to Logger[ROOT]
14:46:54,569 |-INFO in ch.qos.logback.core.joran.action.AppenderRefAction - Attaching appender named [FILE] to Logger[ROOT]
14:46:54,569 |-INFO in ch.qos.logback.classic.joran.action.ConfigurationAction - End of configuration.
14:46:54,569 |-INFO in ch.qos.logback.classic.joran.JoranConfigurator@79698539 - Registering current configuration as safe fallback point

Ama winner
Ama winner
2019-06-10T14:46:55.871+0000: 1.763: [Full GC (Metadata GC Threshold) 2019-06-10T14:46:55.871+0000: 1.763: [Tenured: 0K->15175K(341376K), 0.0395720 secs] 114924K->15175K(494976K), [Metaspace: 20728K->20728K(1067008K)], 0.0396418 secs] [Times: user=0.04 sys=0.00, real=0.04 secs] 
14:47:08.863 [Curator-PathChildrenCache-1] WARN  o.a.c.u.ZKPaths  - The version of ZooKeeper being used doesn't support Container nodes. CreateMode.PERSISTENT will be used instead.
2019-06-10T14:47:11.287+0000: 17.179: [GC (Allocation Failure) 2019-06-10T14:47:11.287+0000: 17.179: [DefNew: 136576K->17023K(153600K), 0.0262092 secs] 151751K->52706K(494976K), 0.0262791 secs] [Times: user=0.02 sys=0.01, real=0.02 secs] 
2019-06-10T14:47:14.626+0000: 20.518: [Full GC (Metadata GC Threshold) 2019-06-10T14:47:14.627+0000: 20.519: [Tenured: 35682K->44578K(341376K), 0.0503653 secs] 130563K->44578K(494976K), [Metaspace: 34593K->34593K(1079296K)], 0.0504383 secs] [Times: user=0.04 sys=0.00, real=0.05 secs] 
2019-06-10T14:47:20.492+0000: 26.384: [GC (Allocation Failure) 2019-06-10T14:47:20.492+0000: 26.384: [DefNew: 136576K->53K(153600K), 0.0018399 secs] 181154K->44631K(494976K), 0.0019022 secs] [Times: user=0.01 sys=0.00, real=0.00 secs] 
2019-06-10T14:47:26.247+0000: 32.139: [GC (Allocation Failure) 2019-06-10T14:47:26.247+0000: 32.139: [DefNew: 136629K->57K(153600K), 0.0016622 secs] 181207K->44635K(494976K), 0.0017227 secs] [Times: user=0.00 sys=0.00, real=0.00 secs] 
2019-06-10T14:47:31.938+0000: 37.830: [GC (Allocation Failure) 2019-06-10T14:47:31.938+0000: 37.830: [DefNew: 136633K->61K(153600K), 0.0017440 secs] 181211K->44639K(494976K), 0.0018112 secs] [Times: user=0.00 sys=0.00, real=0.00 secs] 
2019-06-10T14:47:42.938+0000: 48.830: [GC (Allocation Failure) 2019-06-10T14:47:42.938+0000: 48.830: [DefNew: 136637K->388K(153600K), 0.0034496 secs] 181215K->44966K(494976K), 0.0035093 secs] [Times: user=0.00 sys=0.00, real=0.00 secs] 
14:47:42.954 [Curator-PathChildrenCache-0] ERROR o.a.c.f.r.c.PathChildrenCache  - 
java.lang.IllegalStateException: instance must be started before calling this method
	at org.apache.curator.shaded.com.google.common.base.Preconditions.checkState(Preconditions.java:444)
	at org.apache.curator.framework.imps.CuratorFrameworkImpl.getChildren(CuratorFrameworkImpl.java:456)
	at org.apache.curator.framework.recipes.cache.PathChildrenCache.refresh(PathChildrenCache.java:521)
	at org.apache.curator.framework.recipes.cache.RefreshOperation.invoke(RefreshOperation.java:35)
	at org.apache.curator.framework.recipes.cache.PathChildrenCache$9.run(PathChildrenCache.java:786)
	at java.util.concurrent.Executors$RunnableAdapter.call(Executors.java:511)
	at java.util.concurrent.FutureTask.run(FutureTask.java:266)
	at java.util.concurrent.Executors$RunnableAdapter.call(Executors.java:511)
	at java.util.concurrent.FutureTask.run(FutureTask.java:266)
	at java.util.concurrent.ThreadPoolExecutor.runWorker(ThreadPoolExecutor.java:1149)
	at java.util.concurrent.ThreadPoolExecutor$Worker.run(ThreadPoolExecutor.java:624)
	at java.lang.Thread.run(Thread.java:748)
Heap
 def new generation   total 153600K, used 10449K [0x00000000e0c00000, 0x00000000eb2a0000, 0x00000000eb2a0000)
  eden space 136576K,   7% used [0x00000000e0c00000, 0x00000000e15d36e0, 0x00000000e9160000)
  from space 17024K,   2% used [0x00000000ea200000, 0x00000000ea261050, 0x00000000eb2a0000)
  to   space 17024K,   0% used [0x00000000e9160000, 0x00000000e9160000, 0x00000000ea200000)
 tenured generation   total 341376K, used 44578K [0x00000000eb2a0000, 0x0000000100000000, 0x0000000100000000)
   the space 341376K,  13% used [0x00000000eb2a0000, 0x00000000ede288d0, 0x00000000ede28a00, 0x0000000100000000)
 Metaspace       used 35698K, capacity 36602K, committed 36864K, reserved 1081344K
  class space    used 4811K, capacity 5009K, committed 5120K, reserved 1048576K
