14:46:52,244 |-INFO in ch.qos.logback.classic.LoggerContext[default] - Could NOT find resource [logback-test.xml]
14:46:52,244 |-INFO in ch.qos.logback.classic.LoggerContext[default] - Could NOT find resource [logback.groovy]
14:46:52,244 |-INFO in ch.qos.logback.classic.LoggerContext[default] - Found resource [logback.xml] at [jar:file:/root/flamestream/lib/flamestream-runtime-1.0-SNAPSHOT.jar!/logback.xml]
14:46:52,246 |-WARN in ch.qos.logback.classic.LoggerContext[default] - Resource [logback.xml] occurs multiple times on the classpath.
14:46:52,246 |-WARN in ch.qos.logback.classic.LoggerContext[default] - Resource [logback.xml] occurs at [jar:file:/root/flamestream/lib/flamestream-runtime-1.0-SNAPSHOT.jar!/logback.xml]
14:46:52,246 |-WARN in ch.qos.logback.classic.LoggerContext[default] - Resource [logback.xml] occurs at [jar:file:/root/flamestream/flamestream-runtime-1.0-SNAPSHOT.jar!/logback.xml]
14:46:52,266 |-INFO in ch.qos.logback.core.joran.spi.ConfigurationWatchList@3fb6a447 - URL [jar:file:/root/flamestream/lib/flamestream-runtime-1.0-SNAPSHOT.jar!/logback.xml] is not of type file
14:46:52,343 |-INFO in ch.qos.logback.classic.joran.action.ConfigurationAction - debug attribute not set
14:46:52,344 |-INFO in ch.qos.logback.core.joran.action.AppenderAction - About to instantiate appender of type [ch.qos.logback.core.ConsoleAppender]
14:46:52,356 |-INFO in ch.qos.logback.core.joran.action.AppenderAction - Naming appender as [STDOUT]
14:46:52,374 |-INFO in ch.qos.logback.core.joran.action.NestedComplexPropertyIA - Assuming default type [ch.qos.logback.classic.encoder.PatternLayoutEncoder] for [encoder] property
14:46:52,465 |-INFO in ch.qos.logback.core.joran.action.AppenderAction - About to instantiate appender of type [ch.qos.logback.core.rolling.RollingFileAppender]
14:46:52,471 |-INFO in ch.qos.logback.core.joran.action.AppenderAction - Naming appender as [FILE]
14:46:52,503 |-INFO in c.q.l.core.rolling.TimeBasedRollingPolicy@127618319 - No compression will be used
14:46:52,504 |-INFO in c.q.l.core.rolling.TimeBasedRollingPolicy@127618319 - Will use the pattern /tmp/application_%d{yyyy-MM-dd}.%i.log for the active file
14:46:52,507 |-INFO in ch.qos.logback.core.rolling.SizeAndTimeBasedFNATP@6b2fad11 - The date pattern is 'yyyy-MM-dd' from file name pattern '/tmp/application_%d{yyyy-MM-dd}.%i.log'.
14:46:52,507 |-INFO in ch.qos.logback.core.rolling.SizeAndTimeBasedFNATP@6b2fad11 - Roll-over at midnight.
14:46:52,512 |-INFO in ch.qos.logback.core.rolling.SizeAndTimeBasedFNATP@6b2fad11 - Setting initial period to Mon Jun 10 14:45:27 UTC 2019
14:46:52,512 |-WARN in ch.qos.logback.core.rolling.SizeAndTimeBasedFNATP@6b2fad11 - SizeAndTimeBasedFNATP is deprecated. Use SizeAndTimeBasedRollingPolicy instead
14:46:52,512 |-WARN in ch.qos.logback.core.rolling.SizeAndTimeBasedFNATP@6b2fad11 - For more information see http://logback.qos.ch/manual/appenders.html#SizeAndTimeBasedRollingPolicy
14:46:52,516 |-INFO in ch.qos.logback.core.joran.action.NestedComplexPropertyIA - Assuming default type [ch.qos.logback.classic.encoder.PatternLayoutEncoder] for [encoder] property
14:46:52,521 |-INFO in ch.qos.logback.core.rolling.RollingFileAppender[FILE] - Active log file name: /tmp/application.log
14:46:52,521 |-INFO in ch.qos.logback.core.rolling.RollingFileAppender[FILE] - File property is set to [/tmp/application.log]
14:46:52,522 |-INFO in ch.qos.logback.classic.joran.action.RootLoggerAction - Setting level of ROOT logger to WARN
14:46:52,522 |-INFO in ch.qos.logback.core.joran.action.AppenderRefAction - Attaching appender named [STDOUT] to Logger[ROOT]
14:46:52,524 |-INFO in ch.qos.logback.core.joran.action.AppenderRefAction - Attaching appender named [FILE] to Logger[ROOT]
14:46:52,524 |-INFO in ch.qos.logback.classic.joran.action.ConfigurationAction - End of configuration.
14:46:52,524 |-INFO in ch.qos.logback.classic.joran.JoranConfigurator@79698539 - Registering current configuration as safe fallback point

Ama winner
Ama winner
2019-06-10T14:46:53.844+0000: 1.786: [Full GC (Metadata GC Threshold) 2019-06-10T14:46:53.844+0000: 1.786: [Tenured: 0K->15208K(341376K), 0.0404699 secs] 114988K->15208K(494976K), [Metaspace: 20733K->20733K(1067008K)], 0.0405389 secs] [Times: user=0.04 sys=0.00, real=0.04 secs] 
14:47:08.822 [Curator-PathChildrenCache-1] WARN  o.a.c.u.ZKPaths  - The version of ZooKeeper being used doesn't support Container nodes. CreateMode.PERSISTENT will be used instead.
2019-06-10T14:47:11.299+0000: 19.241: [GC (Allocation Failure) 2019-06-10T14:47:11.299+0000: 19.241: [DefNew: 136576K->17023K(153600K), 0.0302694 secs] 151784K->52796K(494976K), 0.0303392 secs] [Times: user=0.03 sys=0.00, real=0.03 secs] 
2019-06-10T14:47:12.289+0000: 20.231: [Full GC (Metadata GC Threshold) 2019-06-10T14:47:12.289+0000: 20.231: [Tenured: 35772K->44767K(341376K), 0.0407263 secs] 79359K->44767K(494976K), [Metaspace: 34566K->34566K(1079296K)], 0.0408076 secs] [Times: user=0.04 sys=0.00, real=0.04 secs] 
2019-06-10T14:47:17.591+0000: 25.533: [GC (Allocation Failure) 2019-06-10T14:47:17.591+0000: 25.533: [DefNew: 136576K->88K(153600K), 0.0019353 secs] 181343K->44855K(494976K), 0.0019942 secs] [Times: user=0.00 sys=0.00, real=0.00 secs] 
2019-06-10T14:47:22.914+0000: 30.856: [GC (Allocation Failure) 2019-06-10T14:47:22.914+0000: 30.856: [DefNew: 136664K->122K(153600K), 0.0019356 secs] 181431K->44889K(494976K), 0.0019958 secs] [Times: user=0.00 sys=0.00, real=0.00 secs] 
2019-06-10T14:47:28.172+0000: 36.114: [GC (Allocation Failure) 2019-06-10T14:47:28.172+0000: 36.114: [DefNew: 136698K->158K(153600K), 0.0019097 secs] 181465K->44925K(494976K), 0.0019707 secs] [Times: user=0.01 sys=0.00, real=0.00 secs] 
2019-06-10T14:47:33.437+0000: 41.379: [GC (Allocation Failure) 2019-06-10T14:47:33.437+0000: 41.379: [DefNew: 136734K->155K(153600K), 0.0019055 secs] 181501K->44922K(494976K), 0.0019653 secs] [Times: user=0.00 sys=0.00, real=0.00 secs] 
14:47:41.908 [Curator-PathChildrenCache-0] ERROR o.a.c.f.r.c.PathChildrenCache  - 
java.lang.IllegalStateException: instance must be started before calling this method
	at org.apache.curator.shaded.com.google.common.base.Preconditions.checkState(Preconditions.java:444)
	at org.apache.curator.framework.imps.CuratorFrameworkImpl.getChildren(CuratorFrameworkImpl.java:456)
	at org.apache.curator.framework.recipes.cache.PathChildrenCache.refresh(PathChildrenCache.java:521)
	at org.apache.curator.framework.recipes.cache.RefreshOperation.invoke(RefreshOperation.java:35)
	at org.apache.curator.framework.recipes.cache.PathChildrenCache$9.run(PathChildrenCache.java:786)
	at java.util.concurrent.Executors$RunnableAdapter.call(Executors.java:511)
	at java.util.concurrent.FutureTask.run(FutureTask.java:266)
	at java.util.concurrent.Executors$RunnableAdapter.call(Executors.java:511)
	at java.util.concurrent.FutureTask.run(FutureTask.java:266)
	at java.util.concurrent.ThreadPoolExecutor.runWorker(ThreadPoolExecutor.java:1149)
	at java.util.concurrent.ThreadPoolExecutor$Worker.run(ThreadPoolExecutor.java:624)
	at java.lang.Thread.run(Thread.java:748)
Heap
 def new generation   total 153600K, used 115233K [0x00000000e0c00000, 0x00000000eb2a0000, 0x00000000eb2a0000)
  eden space 136576K,  84% used [0x00000000e0c00000, 0x00000000e7c61730, 0x00000000e9160000)
  from space 17024K,   0% used [0x00000000ea200000, 0x00000000ea226da8, 0x00000000eb2a0000)
  to   space 17024K,   0% used [0x00000000e9160000, 0x00000000e9160000, 0x00000000ea200000)
 tenured generation   total 341376K, used 44767K [0x00000000eb2a0000, 0x0000000100000000, 0x0000000100000000)
   the space 341376K,  13% used [0x00000000eb2a0000, 0x00000000ede57c80, 0x00000000ede57e00, 0x0000000100000000)
 Metaspace       used 35820K, capacity 36752K, committed 36864K, reserved 1081344K
  class space    used 4837K, capacity 5050K, committed 5120K, reserved 1048576K
