01:19:34,197 |-INFO in ch.qos.logback.classic.LoggerContext[default] - Could NOT find resource [logback-test.xml]
01:19:34,198 |-INFO in ch.qos.logback.classic.LoggerContext[default] - Could NOT find resource [logback.groovy]
01:19:34,198 |-INFO in ch.qos.logback.classic.LoggerContext[default] - Found resource [logback.xml] at [jar:file:/home/nikitasokolov/flamestream/lib/flamestream-runtime-1.0-SNAPSHOT.jar!/logback.xml]
01:19:34,198 |-WARN in ch.qos.logback.classic.LoggerContext[default] - Resource [logback.xml] occurs multiple times on the classpath.
01:19:34,198 |-WARN in ch.qos.logback.classic.LoggerContext[default] - Resource [logback.xml] occurs at [jar:file:/home/nikitasokolov/flamestream/lib/flamestream-runtime-1.0-SNAPSHOT.jar!/logback.xml]
01:19:34,198 |-WARN in ch.qos.logback.classic.LoggerContext[default] - Resource [logback.xml] occurs at [jar:file:/home/nikitasokolov/flamestream/flamestream-runtime-1.0-SNAPSHOT.jar!/logback.xml]
01:19:34,213 |-INFO in ch.qos.logback.core.joran.spi.ConfigurationWatchList@6108b2d7 - URL [jar:file:/home/nikitasokolov/flamestream/lib/flamestream-runtime-1.0-SNAPSHOT.jar!/logback.xml] is not of type file
01:19:34,263 |-INFO in ch.qos.logback.classic.joran.action.ConfigurationAction - debug attribute not set
01:19:34,263 |-INFO in ch.qos.logback.core.joran.action.AppenderAction - About to instantiate appender of type [ch.qos.logback.core.ConsoleAppender]
01:19:34,271 |-INFO in ch.qos.logback.core.joran.action.AppenderAction - Naming appender as [STDOUT]
01:19:34,278 |-INFO in ch.qos.logback.core.joran.action.NestedComplexPropertyIA - Assuming default type [ch.qos.logback.classic.encoder.PatternLayoutEncoder] for [encoder] property
01:19:34,336 |-INFO in ch.qos.logback.core.joran.action.AppenderAction - About to instantiate appender of type [ch.qos.logback.core.rolling.RollingFileAppender]
01:19:34,341 |-INFO in ch.qos.logback.core.joran.action.AppenderAction - Naming appender as [FILE]
01:19:34,364 |-INFO in c.q.l.core.rolling.TimeBasedRollingPolicy@357863579 - No compression will be used
01:19:34,366 |-INFO in c.q.l.core.rolling.TimeBasedRollingPolicy@357863579 - Will use the pattern /tmp/application_%d{yyyy-MM-dd}.%i.log for the active file
01:19:34,370 |-INFO in ch.qos.logback.core.rolling.SizeAndTimeBasedFNATP@6bf256fa - The date pattern is 'yyyy-MM-dd' from file name pattern '/tmp/application_%d{yyyy-MM-dd}.%i.log'.
01:19:34,370 |-INFO in ch.qos.logback.core.rolling.SizeAndTimeBasedFNATP@6bf256fa - Roll-over at midnight.
01:19:34,375 |-INFO in ch.qos.logback.core.rolling.SizeAndTimeBasedFNATP@6bf256fa - Setting initial period to Mon Jun 10 01:18:54 MSK 2019
01:19:34,375 |-WARN in ch.qos.logback.core.rolling.SizeAndTimeBasedFNATP@6bf256fa - SizeAndTimeBasedFNATP is deprecated. Use SizeAndTimeBasedRollingPolicy instead
01:19:34,375 |-WARN in ch.qos.logback.core.rolling.SizeAndTimeBasedFNATP@6bf256fa - For more information see http://logback.qos.ch/manual/appenders.html#SizeAndTimeBasedRollingPolicy
01:19:34,380 |-INFO in ch.qos.logback.core.joran.action.NestedComplexPropertyIA - Assuming default type [ch.qos.logback.classic.encoder.PatternLayoutEncoder] for [encoder] property
01:19:34,383 |-INFO in ch.qos.logback.core.rolling.RollingFileAppender[FILE] - Active log file name: /tmp/application.log
01:19:34,383 |-INFO in ch.qos.logback.core.rolling.RollingFileAppender[FILE] - File property is set to [/tmp/application.log]
01:19:34,384 |-INFO in ch.qos.logback.classic.joran.action.RootLoggerAction - Setting level of ROOT logger to WARN
01:19:34,384 |-INFO in ch.qos.logback.core.joran.action.AppenderRefAction - Attaching appender named [STDOUT] to Logger[ROOT]
01:19:34,385 |-INFO in ch.qos.logback.core.joran.action.AppenderRefAction - Attaching appender named [FILE] to Logger[ROOT]
01:19:34,385 |-INFO in ch.qos.logback.classic.joran.action.ConfigurationAction - End of configuration.
01:19:34,386 |-INFO in ch.qos.logback.classic.joran.JoranConfigurator@6cd8737 - Registering current configuration as safe fallback point

2019-06-10T01:19:35.402+0300: 1.395: [GC (Metadata GC Threshold) [PSYoungGen: 108152K->15693K(149504K)] 108152K->15773K(491008K), 0.0241881 secs] [Times: user=0.13 sys=0.01, real=0.02 secs] 
2019-06-10T01:19:35.426+0300: 1.419: [Full GC (Metadata GC Threshold) [PSYoungGen: 15693K->0K(149504K)] [ParOldGen: 80K->14982K(341504K)] 15773K->14982K(491008K), [Metaspace: 20806K->20806K(1067008K)], 0.0272951 secs] [Times: user=0.15 sys=0.02, real=0.03 secs] 
01:19:46.391 [Curator-PathChildrenCache-1] WARN  o.a.c.u.ZKPaths  - The version of ZooKeeper being used doesn't support Container nodes. CreateMode.PERSISTENT will be used instead.
2019-06-10T01:19:47.353+0300: 13.346: [GC (Metadata GC Threshold) [PSYoungGen: 126950K->16614K(149504K)] 141932K->51135K(491008K), 0.0278703 secs] [Times: user=0.22 sys=0.02, real=0.03 secs] 
2019-06-10T01:19:47.381+0300: 13.374: [Full GC (Metadata GC Threshold) [PSYoungGen: 16614K->0K(149504K)] [ParOldGen: 34521K->39614K(341504K)] 51135K->39614K(491008K), [Metaspace: 34497K->34497K(1079296K)], 0.0364908 secs] [Times: user=0.20 sys=0.00, real=0.03 secs] 
2019-06-10T01:20:02.395+0300: 28.388: [GC (Allocation Failure) [PSYoungGen: 128512K->480K(149504K)] 168126K->40102K(491008K), 0.0056473 secs] [Times: user=0.04 sys=0.00, real=0.01 secs] 
2019-06-10T01:20:19.237+0300: 45.230: [GC (Allocation Failure) [PSYoungGen: 128992K->512K(149504K)] 168614K->40142K(491008K), 0.0051596 secs] [Times: user=0.03 sys=0.01, real=0.01 secs] 
2019-06-10T01:20:35.625+0300: 61.618: [GC (Allocation Failure) [PSYoungGen: 129024K->791K(129536K)] 168654K->40429K(471040K), 0.0040989 secs] [Times: user=0.03 sys=0.00, real=0.00 secs] 
01:20:59.479 [Curator-PathChildrenCache-0] ERROR o.a.c.f.r.c.PathChildrenCache  - 
java.lang.IllegalStateException: instance must be started before calling this method
	at org.apache.curator.shaded.com.google.common.base.Preconditions.checkState(Preconditions.java:444)
	at org.apache.curator.framework.imps.CuratorFrameworkImpl.getChildren(CuratorFrameworkImpl.java:456)
	at org.apache.curator.framework.recipes.cache.PathChildrenCache.refresh(PathChildrenCache.java:521)
	at org.apache.curator.framework.recipes.cache.RefreshOperation.invoke(RefreshOperation.java:35)
	at org.apache.curator.framework.recipes.cache.PathChildrenCache$9.run(PathChildrenCache.java:786)
	at java.util.concurrent.Executors$RunnableAdapter.call(Executors.java:511)
	at java.util.concurrent.FutureTask.run(FutureTask.java:266)
	at java.util.concurrent.Executors$RunnableAdapter.call(Executors.java:511)
	at java.util.concurrent.FutureTask.run(FutureTask.java:266)
	at java.util.concurrent.ThreadPoolExecutor.runWorker(ThreadPoolExecutor.java:1149)
	at java.util.concurrent.ThreadPoolExecutor$Worker.run(ThreadPoolExecutor.java:624)
	at java.lang.Thread.run(Thread.java:748)
Heap
 PSYoungGen      total 129536K, used 88079K [0x00000000f5980000, 0x0000000100000000, 0x0000000100000000)
  eden space 128512K, 67% used [0x00000000f5980000,0x00000000faebe0d8,0x00000000fd700000)
  from space 1024K, 77% used [0x00000000fd700000,0x00000000fd7c5cd0,0x00000000fd800000)
  to   space 22016K, 0% used [0x00000000fea80000,0x00000000fea80000,0x0000000100000000)
 ParOldGen       total 341504K, used 39638K [0x00000000e0c00000, 0x00000000f5980000, 0x00000000f5980000)
  object space 341504K, 11% used [0x00000000e0c00000,0x00000000e32b5828,0x00000000f5980000)
 Metaspace       used 36246K, capacity 37148K, committed 37504K, reserved 1081344K
  class space    used 4980K, capacity 5168K, committed 5248K, reserved 1048576K
