05:13:54,679 |-INFO in ch.qos.logback.classic.LoggerContext[default] - Could NOT find resource [logback-test.xml]
05:13:54,680 |-INFO in ch.qos.logback.classic.LoggerContext[default] - Could NOT find resource [logback.groovy]
05:13:54,680 |-INFO in ch.qos.logback.classic.LoggerContext[default] - Found resource [logback.xml] at [jar:file:/home/nikitasokolov/flamestream/lib/flamestream-runtime-1.0-SNAPSHOT.jar!/logback.xml]
05:13:54,680 |-WARN in ch.qos.logback.classic.LoggerContext[default] - Resource [logback.xml] occurs multiple times on the classpath.
05:13:54,680 |-WARN in ch.qos.logback.classic.LoggerContext[default] - Resource [logback.xml] occurs at [jar:file:/home/nikitasokolov/flamestream/lib/flamestream-runtime-1.0-SNAPSHOT.jar!/logback.xml]
05:13:54,681 |-WARN in ch.qos.logback.classic.LoggerContext[default] - Resource [logback.xml] occurs at [jar:file:/home/nikitasokolov/flamestream/flamestream-runtime-1.0-SNAPSHOT.jar!/logback.xml]
05:13:54,697 |-INFO in ch.qos.logback.core.joran.spi.ConfigurationWatchList@6108b2d7 - URL [jar:file:/home/nikitasokolov/flamestream/lib/flamestream-runtime-1.0-SNAPSHOT.jar!/logback.xml] is not of type file
05:13:54,748 |-INFO in ch.qos.logback.classic.joran.action.ConfigurationAction - debug attribute not set
05:13:54,748 |-INFO in ch.qos.logback.core.joran.action.AppenderAction - About to instantiate appender of type [ch.qos.logback.core.ConsoleAppender]
05:13:54,760 |-INFO in ch.qos.logback.core.joran.action.AppenderAction - Naming appender as [STDOUT]
05:13:54,770 |-INFO in ch.qos.logback.core.joran.action.NestedComplexPropertyIA - Assuming default type [ch.qos.logback.classic.encoder.PatternLayoutEncoder] for [encoder] property
05:13:54,826 |-INFO in ch.qos.logback.core.joran.action.AppenderAction - About to instantiate appender of type [ch.qos.logback.core.rolling.RollingFileAppender]
05:13:54,831 |-INFO in ch.qos.logback.core.joran.action.AppenderAction - Naming appender as [FILE]
05:13:54,853 |-INFO in c.q.l.core.rolling.TimeBasedRollingPolicy@357863579 - No compression will be used
05:13:54,854 |-INFO in c.q.l.core.rolling.TimeBasedRollingPolicy@357863579 - Will use the pattern /tmp/application_%d{yyyy-MM-dd}.%i.log for the active file
05:13:54,857 |-INFO in ch.qos.logback.core.rolling.SizeAndTimeBasedFNATP@6bf256fa - The date pattern is 'yyyy-MM-dd' from file name pattern '/tmp/application_%d{yyyy-MM-dd}.%i.log'.
05:13:54,857 |-INFO in ch.qos.logback.core.rolling.SizeAndTimeBasedFNATP@6bf256fa - Roll-over at midnight.
05:13:54,861 |-INFO in ch.qos.logback.core.rolling.SizeAndTimeBasedFNATP@6bf256fa - Setting initial period to Mon Jun 10 05:13:11 MSK 2019
05:13:54,861 |-WARN in ch.qos.logback.core.rolling.SizeAndTimeBasedFNATP@6bf256fa - SizeAndTimeBasedFNATP is deprecated. Use SizeAndTimeBasedRollingPolicy instead
05:13:54,861 |-WARN in ch.qos.logback.core.rolling.SizeAndTimeBasedFNATP@6bf256fa - For more information see http://logback.qos.ch/manual/appenders.html#SizeAndTimeBasedRollingPolicy
05:13:54,865 |-INFO in ch.qos.logback.core.joran.action.NestedComplexPropertyIA - Assuming default type [ch.qos.logback.classic.encoder.PatternLayoutEncoder] for [encoder] property
05:13:54,868 |-INFO in ch.qos.logback.core.rolling.RollingFileAppender[FILE] - Active log file name: /tmp/application.log
05:13:54,868 |-INFO in ch.qos.logback.core.rolling.RollingFileAppender[FILE] - File property is set to [/tmp/application.log]
05:13:54,869 |-INFO in ch.qos.logback.classic.joran.action.RootLoggerAction - Setting level of ROOT logger to WARN
05:13:54,869 |-INFO in ch.qos.logback.core.joran.action.AppenderRefAction - Attaching appender named [STDOUT] to Logger[ROOT]
05:13:54,869 |-INFO in ch.qos.logback.core.joran.action.AppenderRefAction - Attaching appender named [FILE] to Logger[ROOT]
05:13:54,869 |-INFO in ch.qos.logback.classic.joran.action.ConfigurationAction - End of configuration.
05:13:54,870 |-INFO in ch.qos.logback.classic.joran.JoranConfigurator@6cd8737 - Registering current configuration as safe fallback point

2019-06-10T05:13:55.882+0300: 1.415: [GC (Metadata GC Threshold) [PSYoungGen: 108151K->15893K(149504K)] 108151K->15973K(491008K), 0.0197662 secs] [Times: user=0.09 sys=0.01, real=0.02 secs] 
2019-06-10T05:13:55.901+0300: 1.435: [Full GC (Metadata GC Threshold) [PSYoungGen: 15893K->0K(149504K)] [ParOldGen: 80K->15078K(341504K)] 15973K->15078K(491008K), [Metaspace: 20806K->20806K(1067008K)], 0.0296313 secs] [Times: user=0.19 sys=0.01, real=0.03 secs] 
05:14:08.153 [Curator-PathChildrenCache-1] WARN  o.a.c.u.ZKPaths  - The version of ZooKeeper being used doesn't support Container nodes. CreateMode.PERSISTENT will be used instead.
2019-06-10T05:14:09.086+0300: 14.619: [GC (Metadata GC Threshold) [PSYoungGen: 123554K->16617K(149504K)] 138632K->51235K(491008K), 0.0270765 secs] [Times: user=0.20 sys=0.03, real=0.03 secs] 
2019-06-10T05:14:09.113+0300: 14.646: [Full GC (Metadata GC Threshold) [PSYoungGen: 16617K->0K(149504K)] [ParOldGen: 34617K->39483K(341504K)] 51235K->39483K(491008K), [Metaspace: 34476K->34476K(1079296K)], 0.0515819 secs] [Times: user=0.37 sys=0.00, real=0.05 secs] 
2019-06-10T05:14:31.461+0300: 36.994: [GC (Allocation Failure) [PSYoungGen: 128512K->512K(149504K)] 167995K->40003K(491008K), 0.0061464 secs] [Times: user=0.05 sys=0.01, real=0.00 secs] 
2019-06-10T05:14:56.191+0300: 61.724: [GC (Allocation Failure) [PSYoungGen: 129024K->823K(149504K)] 168515K->40314K(491008K), 0.0775696 secs] [Times: user=0.04 sys=0.00, real=0.07 secs] 
05:15:21.583 [Curator-PathChildrenCache-0] ERROR o.a.c.f.r.c.PathChildrenCache  - 
java.lang.IllegalStateException: instance must be started before calling this method
	at org.apache.curator.shaded.com.google.common.base.Preconditions.checkState(Preconditions.java:444)
	at org.apache.curator.framework.imps.CuratorFrameworkImpl.getChildren(CuratorFrameworkImpl.java:456)
	at org.apache.curator.framework.recipes.cache.PathChildrenCache.refresh(PathChildrenCache.java:521)
	at org.apache.curator.framework.recipes.cache.RefreshOperation.invoke(RefreshOperation.java:35)
	at org.apache.curator.framework.recipes.cache.PathChildrenCache$9.run(PathChildrenCache.java:786)
	at java.util.concurrent.Executors$RunnableAdapter.call(Executors.java:511)
	at java.util.concurrent.FutureTask.run(FutureTask.java:266)
	at java.util.concurrent.Executors$RunnableAdapter.call(Executors.java:511)
	at java.util.concurrent.FutureTask.run(FutureTask.java:266)
	at java.util.concurrent.ThreadPoolExecutor.runWorker(ThreadPoolExecutor.java:1149)
	at java.util.concurrent.ThreadPoolExecutor$Worker.run(ThreadPoolExecutor.java:624)
	at java.lang.Thread.run(Thread.java:748)
Heap
 PSYoungGen      total 149504K, used 79295K [0x00000000f5980000, 0x0000000100000000, 0x0000000100000000)
  eden space 128512K, 61% used [0x00000000f5980000,0x00000000fa622088,0x00000000fd700000)
  from space 20992K, 3% used [0x00000000feb80000,0x00000000fec4dce0,0x0000000100000000)
  to   space 20992K, 0% used [0x00000000fd700000,0x00000000fd700000,0x00000000feb80000)
 ParOldGen       total 341504K, used 39491K [0x00000000e0c00000, 0x00000000f5980000, 0x00000000f5980000)
  object space 341504K, 11% used [0x00000000e0c00000,0x00000000e3290e28,0x00000000f5980000)
 Metaspace       used 36189K, capacity 37076K, committed 37208K, reserved 1081344K
  class space    used 4977K, capacity 5168K, committed 5248K, reserved 1048576K
