05:11:45,004 |-INFO in ch.qos.logback.classic.LoggerContext[default] - Could NOT find resource [logback-test.xml]
05:11:45,004 |-INFO in ch.qos.logback.classic.LoggerContext[default] - Could NOT find resource [logback.groovy]
05:11:45,005 |-INFO in ch.qos.logback.classic.LoggerContext[default] - Found resource [logback.xml] at [jar:file:/home/nikitasokolov/flamestream/lib/flamestream-runtime-1.0-SNAPSHOT.jar!/logback.xml]
05:11:45,005 |-WARN in ch.qos.logback.classic.LoggerContext[default] - Resource [logback.xml] occurs multiple times on the classpath.
05:11:45,006 |-WARN in ch.qos.logback.classic.LoggerContext[default] - Resource [logback.xml] occurs at [jar:file:/home/nikitasokolov/flamestream/lib/flamestream-runtime-1.0-SNAPSHOT.jar!/logback.xml]
05:11:45,006 |-WARN in ch.qos.logback.classic.LoggerContext[default] - Resource [logback.xml] occurs at [jar:file:/home/nikitasokolov/flamestream/flamestream-runtime-1.0-SNAPSHOT.jar!/logback.xml]
05:11:45,021 |-INFO in ch.qos.logback.core.joran.spi.ConfigurationWatchList@6108b2d7 - URL [jar:file:/home/nikitasokolov/flamestream/lib/flamestream-runtime-1.0-SNAPSHOT.jar!/logback.xml] is not of type file
05:11:45,071 |-INFO in ch.qos.logback.classic.joran.action.ConfigurationAction - debug attribute not set
05:11:45,071 |-INFO in ch.qos.logback.core.joran.action.AppenderAction - About to instantiate appender of type [ch.qos.logback.core.ConsoleAppender]
05:11:45,079 |-INFO in ch.qos.logback.core.joran.action.AppenderAction - Naming appender as [STDOUT]
05:11:45,087 |-INFO in ch.qos.logback.core.joran.action.NestedComplexPropertyIA - Assuming default type [ch.qos.logback.classic.encoder.PatternLayoutEncoder] for [encoder] property
05:11:45,140 |-INFO in ch.qos.logback.core.joran.action.AppenderAction - About to instantiate appender of type [ch.qos.logback.core.rolling.RollingFileAppender]
05:11:45,145 |-INFO in ch.qos.logback.core.joran.action.AppenderAction - Naming appender as [FILE]
05:11:45,166 |-INFO in c.q.l.core.rolling.TimeBasedRollingPolicy@357863579 - No compression will be used
05:11:45,168 |-INFO in c.q.l.core.rolling.TimeBasedRollingPolicy@357863579 - Will use the pattern /tmp/application_%d{yyyy-MM-dd}.%i.log for the active file
05:11:45,170 |-INFO in ch.qos.logback.core.rolling.SizeAndTimeBasedFNATP@6bf256fa - The date pattern is 'yyyy-MM-dd' from file name pattern '/tmp/application_%d{yyyy-MM-dd}.%i.log'.
05:11:45,170 |-INFO in ch.qos.logback.core.rolling.SizeAndTimeBasedFNATP@6bf256fa - Roll-over at midnight.
05:11:45,174 |-INFO in ch.qos.logback.core.rolling.SizeAndTimeBasedFNATP@6bf256fa - Setting initial period to Mon Jun 10 05:10:59 MSK 2019
05:11:45,174 |-WARN in ch.qos.logback.core.rolling.SizeAndTimeBasedFNATP@6bf256fa - SizeAndTimeBasedFNATP is deprecated. Use SizeAndTimeBasedRollingPolicy instead
05:11:45,175 |-WARN in ch.qos.logback.core.rolling.SizeAndTimeBasedFNATP@6bf256fa - For more information see http://logback.qos.ch/manual/appenders.html#SizeAndTimeBasedRollingPolicy
05:11:45,179 |-INFO in ch.qos.logback.core.joran.action.NestedComplexPropertyIA - Assuming default type [ch.qos.logback.classic.encoder.PatternLayoutEncoder] for [encoder] property
05:11:45,181 |-INFO in ch.qos.logback.core.rolling.RollingFileAppender[FILE] - Active log file name: /tmp/application.log
05:11:45,181 |-INFO in ch.qos.logback.core.rolling.RollingFileAppender[FILE] - File property is set to [/tmp/application.log]
05:11:45,182 |-INFO in ch.qos.logback.classic.joran.action.RootLoggerAction - Setting level of ROOT logger to WARN
05:11:45,182 |-INFO in ch.qos.logback.core.joran.action.AppenderRefAction - Attaching appender named [STDOUT] to Logger[ROOT]
05:11:45,183 |-INFO in ch.qos.logback.core.joran.action.AppenderRefAction - Attaching appender named [FILE] to Logger[ROOT]
05:11:45,183 |-INFO in ch.qos.logback.classic.joran.action.ConfigurationAction - End of configuration.
05:11:45,184 |-INFO in ch.qos.logback.classic.joran.JoranConfigurator@6cd8737 - Registering current configuration as safe fallback point

2019-06-10T05:11:46.159+0300: 1.360: [GC (Metadata GC Threshold) [PSYoungGen: 110722K->15965K(149504K)] 110722K->16045K(491008K), 0.0204693 secs] [Times: user=0.03 sys=0.08, real=0.02 secs] 
2019-06-10T05:11:46.180+0300: 1.380: [Full GC (Metadata GC Threshold) [PSYoungGen: 15965K->0K(149504K)] [ParOldGen: 80K->15078K(341504K)] 16045K->15078K(491008K), [Metaspace: 20801K->20801K(1067008K)], 0.0270225 secs] [Times: user=0.18 sys=0.00, real=0.02 secs] 
05:11:54.523 [Curator-PathChildrenCache-1] WARN  o.a.c.u.ZKPaths  - The version of ZooKeeper being used doesn't support Container nodes. CreateMode.PERSISTENT will be used instead.
2019-06-10T05:11:55.483+0300: 10.683: [GC (Metadata GC Threshold) [PSYoungGen: 124629K->16530K(149504K)] 139707K->51147K(491008K), 0.0250162 secs] [Times: user=0.21 sys=0.01, real=0.02 secs] 
2019-06-10T05:11:55.508+0300: 10.708: [Full GC (Metadata GC Threshold) [PSYoungGen: 16530K->0K(149504K)] [ParOldGen: 34617K->39628K(341504K)] 51147K->39628K(491008K), [Metaspace: 34456K->34456K(1079296K)], 0.0332698 secs] [Times: user=0.18 sys=0.00, real=0.04 secs] 
2019-06-10T05:12:18.896+0300: 34.097: [GC (Allocation Failure) [PSYoungGen: 128512K->544K(149504K)] 168140K->40180K(491008K), 0.0055486 secs] [Times: user=0.03 sys=0.01, real=0.01 secs] 
2019-06-10T05:12:45.816+0300: 61.016: [GC (Allocation Failure) [PSYoungGen: 129056K->576K(149504K)] 168692K->40220K(491008K), 0.0096282 secs] [Times: user=0.09 sys=0.00, real=0.01 secs] 
05:13:11.473 [Curator-PathChildrenCache-0] ERROR o.a.c.f.r.c.PathChildrenCache  - 
java.lang.IllegalStateException: instance must be started before calling this method
	at org.apache.curator.shaded.com.google.common.base.Preconditions.checkState(Preconditions.java:444)
	at org.apache.curator.framework.imps.CuratorFrameworkImpl.getChildren(CuratorFrameworkImpl.java:456)
	at org.apache.curator.framework.recipes.cache.PathChildrenCache.refresh(PathChildrenCache.java:521)
	at org.apache.curator.framework.recipes.cache.RefreshOperation.invoke(RefreshOperation.java:35)
	at org.apache.curator.framework.recipes.cache.PathChildrenCache$9.run(PathChildrenCache.java:786)
	at java.util.concurrent.Executors$RunnableAdapter.call(Executors.java:511)
	at java.util.concurrent.FutureTask.run(FutureTask.java:266)
	at java.util.concurrent.Executors$RunnableAdapter.call(Executors.java:511)
	at java.util.concurrent.FutureTask.run(FutureTask.java:266)
	at java.util.concurrent.ThreadPoolExecutor.runWorker(ThreadPoolExecutor.java:1149)
	at java.util.concurrent.ThreadPoolExecutor$Worker.run(ThreadPoolExecutor.java:624)
	at java.lang.Thread.run(Thread.java:748)
Heap
 PSYoungGen      total 149504K, used 84076K [0x00000000f5980000, 0x0000000100000000, 0x0000000100000000)
  eden space 128512K, 64% used [0x00000000f5980000,0x00000000fab0b038,0x00000000fd700000)
  from space 20992K, 2% used [0x00000000feb80000,0x00000000fec10060,0x0000000100000000)
  to   space 20992K, 0% used [0x00000000fd700000,0x00000000fd700000,0x00000000feb80000)
 ParOldGen       total 341504K, used 39644K [0x00000000e0c00000, 0x00000000f5980000, 0x00000000f5980000)
  object space 341504K, 11% used [0x00000000e0c00000,0x00000000e32b7390,0x00000000f5980000)
 Metaspace       used 36178K, capacity 37076K, committed 37208K, reserved 1081344K
  class space    used 4979K, capacity 5168K, committed 5248K, reserved 1048576K
