23:35:33,915 |-INFO in ch.qos.logback.classic.LoggerContext[default] - Could NOT find resource [logback-test.xml]
23:35:33,915 |-INFO in ch.qos.logback.classic.LoggerContext[default] - Could NOT find resource [logback.groovy]
23:35:33,915 |-INFO in ch.qos.logback.classic.LoggerContext[default] - Found resource [logback.xml] at [jar:file:/home/nikitasokolov/flamestream/lib/flamestream-runtime-1.0-SNAPSHOT.jar!/logback.xml]
23:35:33,916 |-WARN in ch.qos.logback.classic.LoggerContext[default] - Resource [logback.xml] occurs multiple times on the classpath.
23:35:33,916 |-WARN in ch.qos.logback.classic.LoggerContext[default] - Resource [logback.xml] occurs at [jar:file:/home/nikitasokolov/flamestream/lib/flamestream-runtime-1.0-SNAPSHOT.jar!/logback.xml]
23:35:33,916 |-WARN in ch.qos.logback.classic.LoggerContext[default] - Resource [logback.xml] occurs at [jar:file:/home/nikitasokolov/flamestream/flamestream-runtime-1.0-SNAPSHOT.jar!/logback.xml]
23:35:33,932 |-INFO in ch.qos.logback.core.joran.spi.ConfigurationWatchList@2f7a2457 - URL [jar:file:/home/nikitasokolov/flamestream/lib/flamestream-runtime-1.0-SNAPSHOT.jar!/logback.xml] is not of type file
23:35:33,983 |-INFO in ch.qos.logback.classic.joran.action.ConfigurationAction - debug attribute not set
23:35:33,984 |-INFO in ch.qos.logback.core.joran.action.AppenderAction - About to instantiate appender of type [ch.qos.logback.core.ConsoleAppender]
23:35:33,991 |-INFO in ch.qos.logback.core.joran.action.AppenderAction - Naming appender as [STDOUT]
23:35:33,999 |-INFO in ch.qos.logback.core.joran.action.NestedComplexPropertyIA - Assuming default type [ch.qos.logback.classic.encoder.PatternLayoutEncoder] for [encoder] property
23:35:34,053 |-INFO in ch.qos.logback.core.joran.action.AppenderAction - About to instantiate appender of type [ch.qos.logback.core.rolling.RollingFileAppender]
23:35:34,059 |-INFO in ch.qos.logback.core.joran.action.AppenderAction - Naming appender as [FILE]
23:35:34,081 |-INFO in c.q.l.core.rolling.TimeBasedRollingPolicy@1449621165 - No compression will be used
23:35:34,082 |-INFO in c.q.l.core.rolling.TimeBasedRollingPolicy@1449621165 - Will use the pattern /tmp/application_%d{yyyy-MM-dd}.%i.log for the active file
23:35:34,085 |-INFO in ch.qos.logback.core.rolling.SizeAndTimeBasedFNATP@6108b2d7 - The date pattern is 'yyyy-MM-dd' from file name pattern '/tmp/application_%d{yyyy-MM-dd}.%i.log'.
23:35:34,085 |-INFO in ch.qos.logback.core.rolling.SizeAndTimeBasedFNATP@6108b2d7 - Roll-over at midnight.
23:35:34,089 |-INFO in ch.qos.logback.core.rolling.SizeAndTimeBasedFNATP@6108b2d7 - Setting initial period to Thu May 30 23:34:24 MSK 2019
23:35:34,089 |-WARN in ch.qos.logback.core.rolling.SizeAndTimeBasedFNATP@6108b2d7 - SizeAndTimeBasedFNATP is deprecated. Use SizeAndTimeBasedRollingPolicy instead
23:35:34,089 |-WARN in ch.qos.logback.core.rolling.SizeAndTimeBasedFNATP@6108b2d7 - For more information see http://logback.qos.ch/manual/appenders.html#SizeAndTimeBasedRollingPolicy
23:35:34,093 |-INFO in ch.qos.logback.core.joran.action.NestedComplexPropertyIA - Assuming default type [ch.qos.logback.classic.encoder.PatternLayoutEncoder] for [encoder] property
23:35:34,096 |-INFO in ch.qos.logback.core.rolling.RollingFileAppender[FILE] - Active log file name: /tmp/application.log
23:35:34,096 |-INFO in ch.qos.logback.core.rolling.RollingFileAppender[FILE] - File property is set to [/tmp/application.log]
23:35:34,097 |-INFO in ch.qos.logback.classic.joran.action.RootLoggerAction - Setting level of ROOT logger to WARN
23:35:34,097 |-INFO in ch.qos.logback.core.joran.action.AppenderRefAction - Attaching appender named [STDOUT] to Logger[ROOT]
23:35:34,097 |-INFO in ch.qos.logback.core.joran.action.AppenderRefAction - Attaching appender named [FILE] to Logger[ROOT]
23:35:34,097 |-INFO in ch.qos.logback.classic.joran.action.ConfigurationAction - End of configuration.
23:35:34,098 |-INFO in ch.qos.logback.classic.joran.JoranConfigurator@1554909b - Registering current configuration as safe fallback point

2019-05-30T23:35:35.113+0300: 1.398: [GC (Metadata GC Threshold) [PSYoungGen: 97801K->15897K(149504K)] 97801K->15977K(491008K), 0.0245984 secs] [Times: user=0.12 sys=0.06, real=0.02 secs] 
2019-05-30T23:35:35.138+0300: 1.422: [Full GC (Metadata GC Threshold) [PSYoungGen: 15897K->0K(149504K)] [ParOldGen: 80K->15080K(341504K)] 15977K->15080K(491008K), [Metaspace: 20805K->20805K(1067008K)], 0.0271269 secs] [Times: user=0.16 sys=0.01, real=0.03 secs] 
23:35:46.394 [Curator-PathChildrenCache-3] WARN  o.a.c.u.ZKPaths  - The version of ZooKeeper being used doesn't support Container nodes. CreateMode.PERSISTENT will be used instead.
2019-05-30T23:35:47.125+0300: 13.410: [GC (Metadata GC Threshold) [PSYoungGen: 127670K->17024K(149504K)] 142750K->51643K(491008K), 0.0267439 secs] [Times: user=0.21 sys=0.02, real=0.03 secs] 
2019-05-30T23:35:47.152+0300: 13.436: [Full GC (Metadata GC Threshold) [PSYoungGen: 17024K->0K(149504K)] [ParOldGen: 34619K->40131K(341504K)] 51643K->40131K(491008K), [Metaspace: 34492K->34488K(1079296K)], 0.0342489 secs] [Times: user=0.19 sys=0.00, real=0.03 secs] 
2019-05-30T23:35:54.536+0300: 20.821: [GC (Allocation Failure) [PSYoungGen: 128512K->512K(149504K)] 168643K->40651K(491008K), 0.0043402 secs] [Times: user=0.02 sys=0.01, real=0.00 secs] 
2019-05-30T23:36:02.650+0300: 28.935: [GC (Allocation Failure) [PSYoungGen: 129024K->480K(149504K)] 169163K->40627K(491008K), 0.0054584 secs] [Times: user=0.04 sys=0.01, real=0.01 secs] 
2019-05-30T23:36:10.828+0300: 37.113: [GC (Allocation Failure) [PSYoungGen: 128992K->576K(129536K)] 169139K->40731K(471040K), 0.0024171 secs] [Times: user=0.01 sys=0.00, real=0.00 secs] 
2019-05-30T23:36:23.844+0300: 50.129: [GC (Allocation Failure) [PSYoungGen: 129088K->945K(148992K)] 169243K->41108K(490496K), 0.0046969 secs] [Times: user=0.03 sys=0.01, real=0.00 secs] 
23:36:23.852 [Curator-PathChildrenCache-0] ERROR o.a.c.f.r.c.PathChildrenCache  - 
java.lang.IllegalStateException: instance must be started before calling this method
	at org.apache.curator.shaded.com.google.common.base.Preconditions.checkState(Preconditions.java:444)
	at org.apache.curator.framework.imps.CuratorFrameworkImpl.getChildren(CuratorFrameworkImpl.java:456)
	at org.apache.curator.framework.recipes.cache.PathChildrenCache.refresh(PathChildrenCache.java:521)
	at org.apache.curator.framework.recipes.cache.RefreshOperation.invoke(RefreshOperation.java:35)
	at org.apache.curator.framework.recipes.cache.PathChildrenCache$9.run(PathChildrenCache.java:786)
	at java.util.concurrent.Executors$RunnableAdapter.call(Executors.java:511)
	at java.util.concurrent.FutureTask.run(FutureTask.java:266)
	at java.util.concurrent.Executors$RunnableAdapter.call(Executors.java:511)
	at java.util.concurrent.FutureTask.run(FutureTask.java:266)
	at java.util.concurrent.ThreadPoolExecutor.runWorker(ThreadPoolExecutor.java:1149)
	at java.util.concurrent.ThreadPoolExecutor$Worker.run(ThreadPoolExecutor.java:624)
	at java.lang.Thread.run(Thread.java:748)
Heap
 PSYoungGen      total 148992K, used 10172K [0x00000000f5980000, 0x0000000100000000, 0x0000000100000000)
  eden space 126464K, 7% used [0x00000000f5980000,0x00000000f6282cd8,0x00000000fd500000)
  from space 22528K, 4% used [0x00000000fea00000,0x00000000feaec4c0,0x0000000100000000)
  to   space 21504K, 0% used [0x00000000fd500000,0x00000000fd500000,0x00000000fea00000)
 ParOldGen       total 341504K, used 40163K [0x00000000e0c00000, 0x00000000f5980000, 0x00000000f5980000)
  object space 341504K, 11% used [0x00000000e0c00000,0x00000000e3338ee0,0x00000000f5980000)
 Metaspace       used 36012K, capacity 36968K, committed 37208K, reserved 1081344K
  class space    used 4966K, capacity 5180K, committed 5248K, reserved 1048576K
