20:05:43,660 |-INFO in ch.qos.logback.classic.LoggerContext[default] - Could NOT find resource [logback-test.xml]
20:05:43,661 |-INFO in ch.qos.logback.classic.LoggerContext[default] - Could NOT find resource [logback.groovy]
20:05:43,661 |-INFO in ch.qos.logback.classic.LoggerContext[default] - Found resource [logback.xml] at [jar:file:/root/flamestream/lib/flamestream-runtime-1.0-SNAPSHOT.jar!/logback.xml]
20:05:43,666 |-WARN in ch.qos.logback.classic.LoggerContext[default] - Resource [logback.xml] occurs multiple times on the classpath.
20:05:43,666 |-WARN in ch.qos.logback.classic.LoggerContext[default] - Resource [logback.xml] occurs at [jar:file:/root/flamestream/lib/flamestream-runtime-1.0-SNAPSHOT.jar!/logback.xml]
20:05:43,666 |-WARN in ch.qos.logback.classic.LoggerContext[default] - Resource [logback.xml] occurs at [jar:file:/root/flamestream/flamestream-runtime-1.0-SNAPSHOT.jar!/logback.xml]
20:05:43,685 |-INFO in ch.qos.logback.core.joran.spi.ConfigurationWatchList@3fb6a447 - URL [jar:file:/root/flamestream/lib/flamestream-runtime-1.0-SNAPSHOT.jar!/logback.xml] is not of type file
20:05:43,751 |-INFO in ch.qos.logback.classic.joran.action.ConfigurationAction - debug attribute not set
20:05:43,752 |-INFO in ch.qos.logback.core.joran.action.AppenderAction - About to instantiate appender of type [ch.qos.logback.core.ConsoleAppender]
20:05:43,768 |-INFO in ch.qos.logback.core.joran.action.AppenderAction - Naming appender as [STDOUT]
20:05:43,786 |-INFO in ch.qos.logback.core.joran.action.NestedComplexPropertyIA - Assuming default type [ch.qos.logback.classic.encoder.PatternLayoutEncoder] for [encoder] property
20:05:43,869 |-INFO in ch.qos.logback.core.joran.action.AppenderAction - About to instantiate appender of type [ch.qos.logback.core.rolling.RollingFileAppender]
20:05:43,881 |-INFO in ch.qos.logback.core.joran.action.AppenderAction - Naming appender as [FILE]
20:05:43,909 |-INFO in c.q.l.core.rolling.TimeBasedRollingPolicy@127618319 - No compression will be used
20:05:43,911 |-INFO in c.q.l.core.rolling.TimeBasedRollingPolicy@127618319 - Will use the pattern /tmp/application_%d{yyyy-MM-dd}.%i.log for the active file
20:05:43,914 |-INFO in ch.qos.logback.core.rolling.SizeAndTimeBasedFNATP@6b2fad11 - The date pattern is 'yyyy-MM-dd' from file name pattern '/tmp/application_%d{yyyy-MM-dd}.%i.log'.
20:05:43,914 |-INFO in ch.qos.logback.core.rolling.SizeAndTimeBasedFNATP@6b2fad11 - Roll-over at midnight.
20:05:43,919 |-INFO in ch.qos.logback.core.rolling.SizeAndTimeBasedFNATP@6b2fad11 - Setting initial period to Mon Jun 10 20:04:11 UTC 2019
20:05:43,919 |-WARN in ch.qos.logback.core.rolling.SizeAndTimeBasedFNATP@6b2fad11 - SizeAndTimeBasedFNATP is deprecated. Use SizeAndTimeBasedRollingPolicy instead
20:05:43,919 |-WARN in ch.qos.logback.core.rolling.SizeAndTimeBasedFNATP@6b2fad11 - For more information see http://logback.qos.ch/manual/appenders.html#SizeAndTimeBasedRollingPolicy
20:05:43,924 |-INFO in ch.qos.logback.core.joran.action.NestedComplexPropertyIA - Assuming default type [ch.qos.logback.classic.encoder.PatternLayoutEncoder] for [encoder] property
20:05:43,928 |-INFO in ch.qos.logback.core.rolling.RollingFileAppender[FILE] - Active log file name: /tmp/application.log
20:05:43,928 |-INFO in ch.qos.logback.core.rolling.RollingFileAppender[FILE] - File property is set to [/tmp/application.log]
20:05:43,929 |-INFO in ch.qos.logback.classic.joran.action.RootLoggerAction - Setting level of ROOT logger to WARN
20:05:43,929 |-INFO in ch.qos.logback.core.joran.action.AppenderRefAction - Attaching appender named [STDOUT] to Logger[ROOT]
20:05:43,931 |-INFO in ch.qos.logback.core.joran.action.AppenderRefAction - Attaching appender named [FILE] to Logger[ROOT]
20:05:43,931 |-INFO in ch.qos.logback.classic.joran.action.ConfigurationAction - End of configuration.
20:05:43,932 |-INFO in ch.qos.logback.classic.joran.JoranConfigurator@79698539 - Registering current configuration as safe fallback point

Ama winner
Ama winner
2019-06-10T20:05:45.588+0000: 2.108: [Full GC (Metadata GC Threshold) 2019-06-10T20:05:45.588+0000: 2.108: [Tenured: 0K->15176K(341376K), 0.0403660 secs] 120418K->15176K(494976K), [Metaspace: 20737K->20737K(1067008K)], 0.0404351 secs] [Times: user=0.04 sys=0.00, real=0.04 secs] 
20:06:03.962 [Curator-PathChildrenCache-1] WARN  o.a.c.u.ZKPaths  - The version of ZooKeeper being used doesn't support Container nodes. CreateMode.PERSISTENT will be used instead.
2019-06-10T20:06:06.469+0000: 22.989: [GC (Allocation Failure) 2019-06-10T20:06:06.469+0000: 22.989: [DefNew: 136576K->17024K(153600K), 0.0276448 secs] 151752K->52401K(494976K), 0.0277264 secs] [Times: user=0.01 sys=0.02, real=0.02 secs] 
2019-06-10T20:06:07.530+0000: 24.050: [Full GC (Metadata GC Threshold) 2019-06-10T20:06:07.530+0000: 24.050: [Tenured: 35377K->43839K(341376K), 0.0727370 secs] 82817K->43839K(494976K), [Metaspace: 34581K->34581K(1079296K)], 0.0728157 secs] [Times: user=0.07 sys=0.00, real=0.07 secs] 
2019-06-10T20:06:11.768+0000: 28.288: [GC (Allocation Failure) 2019-06-10T20:06:11.768+0000: 28.288: [DefNew: 136576K->112K(153600K), 0.0019780 secs] 180415K->43951K(494976K), 0.0020352 secs] [Times: user=0.00 sys=0.00, real=0.00 secs] 
2019-06-10T20:06:15.803+0000: 32.323: [GC (Allocation Failure) 2019-06-10T20:06:15.803+0000: 32.323: [DefNew: 136688K->135K(153600K), 0.0018047 secs] 180527K->43974K(494976K), 0.0018638 secs] [Times: user=0.00 sys=0.00, real=0.00 secs] 
2019-06-10T20:06:19.877+0000: 36.398: [GC (Allocation Failure) 2019-06-10T20:06:19.877+0000: 36.398: [DefNew: 136711K->136K(153600K), 0.0018900 secs] 180550K->43975K(494976K), 0.0019489 secs] [Times: user=0.00 sys=0.00, real=0.00 secs] 
2019-06-10T20:06:28.522+0000: 45.043: [GC (Allocation Failure) 2019-06-10T20:06:28.522+0000: 45.043: [DefNew: 136712K->111K(153600K), 0.0017558 secs] 180551K->43950K(494976K), 0.0018294 secs] [Times: user=0.00 sys=0.00, real=0.00 secs] 
20:06:29.910 [Curator-PathChildrenCache-0] ERROR o.a.c.f.r.c.PathChildrenCache  - 
java.lang.IllegalStateException: instance must be started before calling this method
	at org.apache.curator.shaded.com.google.common.base.Preconditions.checkState(Preconditions.java:444)
	at org.apache.curator.framework.imps.CuratorFrameworkImpl.getChildren(CuratorFrameworkImpl.java:456)
	at org.apache.curator.framework.recipes.cache.PathChildrenCache.refresh(PathChildrenCache.java:521)
	at org.apache.curator.framework.recipes.cache.RefreshOperation.invoke(RefreshOperation.java:35)
	at org.apache.curator.framework.recipes.cache.PathChildrenCache$9.run(PathChildrenCache.java:786)
	at java.util.concurrent.Executors$RunnableAdapter.call(Executors.java:511)
	at java.util.concurrent.FutureTask.run(FutureTask.java:266)
	at java.util.concurrent.Executors$RunnableAdapter.call(Executors.java:511)
	at java.util.concurrent.FutureTask.run(FutureTask.java:266)
	at java.util.concurrent.ThreadPoolExecutor.runWorker(ThreadPoolExecutor.java:1149)
	at java.util.concurrent.ThreadPoolExecutor$Worker.run(ThreadPoolExecutor.java:624)
	at java.lang.Thread.run(Thread.java:748)
Heap
 def new generation   total 153600K, used 43764K [0x00000000e0c00000, 0x00000000eb2a0000, 0x00000000eb2a0000)
  eden space 136576K,  31% used [0x00000000e0c00000, 0x00000000e36a12d0, 0x00000000e9160000)
  from space 17024K,   0% used [0x00000000ea200000, 0x00000000ea21bf18, 0x00000000eb2a0000)
  to   space 17024K,   0% used [0x00000000e9160000, 0x00000000e9160000, 0x00000000ea200000)
 tenured generation   total 341376K, used 43839K [0x00000000eb2a0000, 0x0000000100000000, 0x0000000100000000)
   the space 341376K,  12% used [0x00000000eb2a0000, 0x00000000edd6fc88, 0x00000000edd6fe00, 0x0000000100000000)
 Metaspace       used 35881K, capacity 36786K, committed 37120K, reserved 1081344K
  class space    used 4825K, capacity 5045K, committed 5120K, reserved 1048576K
