23:44:21,199 |-INFO in ch.qos.logback.classic.LoggerContext[default] - Could NOT find resource [logback-test.xml]
23:44:21,199 |-INFO in ch.qos.logback.classic.LoggerContext[default] - Could NOT find resource [logback.groovy]
23:44:21,199 |-INFO in ch.qos.logback.classic.LoggerContext[default] - Found resource [logback.xml] at [jar:file:/home/nikitasokolov/flamestream/lib/flamestream-runtime-1.0-SNAPSHOT.jar!/logback.xml]
23:44:21,200 |-WARN in ch.qos.logback.classic.LoggerContext[default] - Resource [logback.xml] occurs multiple times on the classpath.
23:44:21,200 |-WARN in ch.qos.logback.classic.LoggerContext[default] - Resource [logback.xml] occurs at [jar:file:/home/nikitasokolov/flamestream/lib/flamestream-runtime-1.0-SNAPSHOT.jar!/logback.xml]
23:44:21,200 |-WARN in ch.qos.logback.classic.LoggerContext[default] - Resource [logback.xml] occurs at [jar:file:/home/nikitasokolov/flamestream/flamestream-runtime-1.0-SNAPSHOT.jar!/logback.xml]
23:44:21,216 |-INFO in ch.qos.logback.core.joran.spi.ConfigurationWatchList@2f7a2457 - URL [jar:file:/home/nikitasokolov/flamestream/lib/flamestream-runtime-1.0-SNAPSHOT.jar!/logback.xml] is not of type file
23:44:21,268 |-INFO in ch.qos.logback.classic.joran.action.ConfigurationAction - debug attribute not set
23:44:21,269 |-INFO in ch.qos.logback.core.joran.action.AppenderAction - About to instantiate appender of type [ch.qos.logback.core.ConsoleAppender]
23:44:21,277 |-INFO in ch.qos.logback.core.joran.action.AppenderAction - Naming appender as [STDOUT]
23:44:21,285 |-INFO in ch.qos.logback.core.joran.action.NestedComplexPropertyIA - Assuming default type [ch.qos.logback.classic.encoder.PatternLayoutEncoder] for [encoder] property
23:44:21,343 |-INFO in ch.qos.logback.core.joran.action.AppenderAction - About to instantiate appender of type [ch.qos.logback.core.rolling.RollingFileAppender]
23:44:21,349 |-INFO in ch.qos.logback.core.joran.action.AppenderAction - Naming appender as [FILE]
23:44:21,371 |-INFO in c.q.l.core.rolling.TimeBasedRollingPolicy@1449621165 - No compression will be used
23:44:21,373 |-INFO in c.q.l.core.rolling.TimeBasedRollingPolicy@1449621165 - Will use the pattern /tmp/application_%d{yyyy-MM-dd}.%i.log for the active file
23:44:21,375 |-INFO in ch.qos.logback.core.rolling.SizeAndTimeBasedFNATP@6108b2d7 - The date pattern is 'yyyy-MM-dd' from file name pattern '/tmp/application_%d{yyyy-MM-dd}.%i.log'.
23:44:21,375 |-INFO in ch.qos.logback.core.rolling.SizeAndTimeBasedFNATP@6108b2d7 - Roll-over at midnight.
23:44:21,380 |-INFO in ch.qos.logback.core.rolling.SizeAndTimeBasedFNATP@6108b2d7 - Setting initial period to Thu May 30 23:42:16 MSK 2019
23:44:21,380 |-WARN in ch.qos.logback.core.rolling.SizeAndTimeBasedFNATP@6108b2d7 - SizeAndTimeBasedFNATP is deprecated. Use SizeAndTimeBasedRollingPolicy instead
23:44:21,380 |-WARN in ch.qos.logback.core.rolling.SizeAndTimeBasedFNATP@6108b2d7 - For more information see http://logback.qos.ch/manual/appenders.html#SizeAndTimeBasedRollingPolicy
23:44:21,386 |-INFO in ch.qos.logback.core.joran.action.NestedComplexPropertyIA - Assuming default type [ch.qos.logback.classic.encoder.PatternLayoutEncoder] for [encoder] property
23:44:21,390 |-INFO in ch.qos.logback.core.rolling.RollingFileAppender[FILE] - Active log file name: /tmp/application.log
23:44:21,390 |-INFO in ch.qos.logback.core.rolling.RollingFileAppender[FILE] - File property is set to [/tmp/application.log]
23:44:21,391 |-INFO in ch.qos.logback.classic.joran.action.RootLoggerAction - Setting level of ROOT logger to WARN
23:44:21,391 |-INFO in ch.qos.logback.core.joran.action.AppenderRefAction - Attaching appender named [STDOUT] to Logger[ROOT]
23:44:21,392 |-INFO in ch.qos.logback.core.joran.action.AppenderRefAction - Attaching appender named [FILE] to Logger[ROOT]
23:44:21,392 |-INFO in ch.qos.logback.classic.joran.action.ConfigurationAction - End of configuration.
23:44:21,393 |-INFO in ch.qos.logback.classic.joran.JoranConfigurator@1554909b - Registering current configuration as safe fallback point

2019-05-30T23:44:22.407+0300: 1.418: [GC (Metadata GC Threshold) [PSYoungGen: 110652K->15958K(149504K)] 110652K->16038K(491008K), 0.0174786 secs] [Times: user=0.05 sys=0.01, real=0.02 secs] 
2019-05-30T23:44:22.424+0300: 1.435: [Full GC (Metadata GC Threshold) [PSYoungGen: 15958K->0K(149504K)] [ParOldGen: 80K->15081K(341504K)] 16038K->15081K(491008K), [Metaspace: 20803K->20803K(1067008K)], 0.0247416 secs] [Times: user=0.16 sys=0.00, real=0.02 secs] 
23:44:31.306 [Curator-PathChildrenCache-1] WARN  o.a.c.u.ZKPaths  - The version of ZooKeeper being used doesn't support Container nodes. CreateMode.PERSISTENT will be used instead.
2019-05-30T23:44:32.474+0300: 11.485: [GC (Metadata GC Threshold) [PSYoungGen: 125104K->16102K(149504K)] 140185K->50723K(491008K), 0.0330217 secs] [Times: user=0.24 sys=0.02, real=0.03 secs] 
2019-05-30T23:44:32.507+0300: 11.518: [Full GC (Metadata GC Threshold) [PSYoungGen: 16102K->0K(149504K)] [ParOldGen: 34620K->39247K(341504K)] 50723K->39247K(491008K), [Metaspace: 34529K->34529K(1079296K)], 0.0371558 secs] [Times: user=0.22 sys=0.01, real=0.04 secs] 
2019-05-30T23:45:01.353+0300: 40.364: [GC (Allocation Failure) [PSYoungGen: 128512K->672K(149504K)] 167759K->39927K(491008K), 0.0041792 secs] [Times: user=0.02 sys=0.00, real=0.00 secs] 
2019-05-30T23:45:35.318+0300: 74.329: [GC (Allocation Failure) [PSYoungGen: 129184K->951K(149504K)] 168439K->40215K(491008K), 0.0044620 secs] [Times: user=0.01 sys=0.01, real=0.00 secs] 
23:46:24.274 [Curator-PathChildrenCache-0] ERROR o.a.c.f.r.c.PathChildrenCache  - 
java.lang.IllegalStateException: instance must be started before calling this method
	at org.apache.curator.shaded.com.google.common.base.Preconditions.checkState(Preconditions.java:444)
	at org.apache.curator.framework.imps.CuratorFrameworkImpl.getChildren(CuratorFrameworkImpl.java:456)
	at org.apache.curator.framework.recipes.cache.PathChildrenCache.refresh(PathChildrenCache.java:521)
	at org.apache.curator.framework.recipes.cache.RefreshOperation.invoke(RefreshOperation.java:35)
	at org.apache.curator.framework.recipes.cache.PathChildrenCache$9.run(PathChildrenCache.java:786)
	at java.util.concurrent.Executors$RunnableAdapter.call(Executors.java:511)
	at java.util.concurrent.FutureTask.run(FutureTask.java:266)
	at java.util.concurrent.Executors$RunnableAdapter.call(Executors.java:511)
	at java.util.concurrent.FutureTask.run(FutureTask.java:266)
	at java.util.concurrent.ThreadPoolExecutor.runWorker(ThreadPoolExecutor.java:1149)
	at java.util.concurrent.ThreadPoolExecutor$Worker.run(ThreadPoolExecutor.java:624)
	at java.lang.Thread.run(Thread.java:748)
Heap
 PSYoungGen      total 149504K, used 124972K [0x00000000f5980000, 0x0000000100000000, 0x0000000100000000)
  eden space 128512K, 96% used [0x00000000f5980000,0x00000000fd29d590,0x00000000fd700000)
  from space 20992K, 4% used [0x00000000feb80000,0x00000000fec6dd30,0x0000000100000000)
  to   space 20992K, 0% used [0x00000000fd700000,0x00000000fd700000,0x00000000feb80000)
 ParOldGen       total 341504K, used 39263K [0x00000000e0c00000, 0x00000000f5980000, 0x00000000f5980000)
  object space 341504K, 11% used [0x00000000e0c00000,0x00000000e3257f20,0x00000000f5980000)
 Metaspace       used 36324K, capacity 37156K, committed 37464K, reserved 1081344K
  class space    used 4982K, capacity 5160K, committed 5248K, reserved 1048576K
