07:53:53,995 |-INFO in ch.qos.logback.classic.LoggerContext[default] - Could NOT find resource [logback-test.xml]
07:53:53,995 |-INFO in ch.qos.logback.classic.LoggerContext[default] - Could NOT find resource [logback.groovy]
07:53:53,995 |-INFO in ch.qos.logback.classic.LoggerContext[default] - Found resource [logback.xml] at [jar:file:/root/flamestream/lib/flamestream-runtime-1.0-SNAPSHOT.jar!/logback.xml]
07:53:53,996 |-WARN in ch.qos.logback.classic.LoggerContext[default] - Resource [logback.xml] occurs multiple times on the classpath.
07:53:53,996 |-WARN in ch.qos.logback.classic.LoggerContext[default] - Resource [logback.xml] occurs at [jar:file:/root/flamestream/lib/flamestream-runtime-1.0-SNAPSHOT.jar!/logback.xml]
07:53:53,996 |-WARN in ch.qos.logback.classic.LoggerContext[default] - Resource [logback.xml] occurs at [jar:file:/root/flamestream/flamestream-runtime-1.0-SNAPSHOT.jar!/logback.xml]
07:53:54,015 |-INFO in ch.qos.logback.core.joran.spi.ConfigurationWatchList@3fb6a447 - URL [jar:file:/root/flamestream/lib/flamestream-runtime-1.0-SNAPSHOT.jar!/logback.xml] is not of type file
07:53:54,082 |-INFO in ch.qos.logback.classic.joran.action.ConfigurationAction - debug attribute not set
07:53:54,082 |-INFO in ch.qos.logback.core.joran.action.AppenderAction - About to instantiate appender of type [ch.qos.logback.core.ConsoleAppender]
07:53:54,104 |-INFO in ch.qos.logback.core.joran.action.AppenderAction - Naming appender as [STDOUT]
07:53:54,122 |-INFO in ch.qos.logback.core.joran.action.NestedComplexPropertyIA - Assuming default type [ch.qos.logback.classic.encoder.PatternLayoutEncoder] for [encoder] property
07:53:54,204 |-INFO in ch.qos.logback.core.joran.action.AppenderAction - About to instantiate appender of type [ch.qos.logback.core.rolling.RollingFileAppender]
07:53:54,209 |-INFO in ch.qos.logback.core.joran.action.AppenderAction - Naming appender as [FILE]
07:53:54,241 |-INFO in c.q.l.core.rolling.TimeBasedRollingPolicy@127618319 - No compression will be used
07:53:54,243 |-INFO in c.q.l.core.rolling.TimeBasedRollingPolicy@127618319 - Will use the pattern /tmp/application_%d{yyyy-MM-dd}.%i.log for the active file
07:53:54,245 |-INFO in ch.qos.logback.core.rolling.SizeAndTimeBasedFNATP@6b2fad11 - The date pattern is 'yyyy-MM-dd' from file name pattern '/tmp/application_%d{yyyy-MM-dd}.%i.log'.
07:53:54,245 |-INFO in ch.qos.logback.core.rolling.SizeAndTimeBasedFNATP@6b2fad11 - Roll-over at midnight.
07:53:54,250 |-INFO in ch.qos.logback.core.rolling.SizeAndTimeBasedFNATP@6b2fad11 - Setting initial period to Tue Jun 11 07:52:32 UTC 2019
07:53:54,250 |-WARN in ch.qos.logback.core.rolling.SizeAndTimeBasedFNATP@6b2fad11 - SizeAndTimeBasedFNATP is deprecated. Use SizeAndTimeBasedRollingPolicy instead
07:53:54,250 |-WARN in ch.qos.logback.core.rolling.SizeAndTimeBasedFNATP@6b2fad11 - For more information see http://logback.qos.ch/manual/appenders.html#SizeAndTimeBasedRollingPolicy
07:53:54,254 |-INFO in ch.qos.logback.core.joran.action.NestedComplexPropertyIA - Assuming default type [ch.qos.logback.classic.encoder.PatternLayoutEncoder] for [encoder] property
07:53:54,259 |-INFO in ch.qos.logback.core.rolling.RollingFileAppender[FILE] - Active log file name: /tmp/application.log
07:53:54,259 |-INFO in ch.qos.logback.core.rolling.RollingFileAppender[FILE] - File property is set to [/tmp/application.log]
07:53:54,260 |-INFO in ch.qos.logback.classic.joran.action.RootLoggerAction - Setting level of ROOT logger to WARN
07:53:54,260 |-INFO in ch.qos.logback.core.joran.action.AppenderRefAction - Attaching appender named [STDOUT] to Logger[ROOT]
07:53:54,262 |-INFO in ch.qos.logback.core.joran.action.AppenderRefAction - Attaching appender named [FILE] to Logger[ROOT]
07:53:54,262 |-INFO in ch.qos.logback.classic.joran.action.ConfigurationAction - End of configuration.
07:53:54,262 |-INFO in ch.qos.logback.classic.joran.JoranConfigurator@79698539 - Registering current configuration as safe fallback point

Ama winner
Ama winner
2019-06-11T07:53:55.895+0000: 2.089: [Full GC (Metadata GC Threshold) 2019-06-11T07:53:55.895+0000: 2.089: [Tenured: 0K->15208K(341376K), 0.0387004 secs] 117718K->15208K(494976K), [Metaspace: 20731K->20731K(1067008K)], 0.0387690 secs] [Times: user=0.04 sys=0.00, real=0.04 secs] 
07:54:11.311 [Curator-PathChildrenCache-1] WARN  o.a.c.u.ZKPaths  - The version of ZooKeeper being used doesn't support Container nodes. CreateMode.PERSISTENT will be used instead.
2019-06-11T07:54:13.683+0000: 19.877: [GC (Allocation Failure) 2019-06-11T07:54:13.683+0000: 19.877: [DefNew: 136576K->17023K(153600K), 0.0251848 secs] 151784K->52574K(494976K), 0.0252593 secs] [Times: user=0.02 sys=0.01, real=0.03 secs] 
2019-06-11T07:54:17.658+0000: 23.852: [GC (Allocation Failure) 2019-06-11T07:54:17.658+0000: 23.852: [DefNew: 153599K->133K(153600K), 0.0177062 secs] 189150K->43884K(494976K), 0.0177753 secs] [Times: user=0.01 sys=0.00, real=0.02 secs] 
2019-06-11T07:54:21.053+0000: 27.247: [Full GC (Metadata GC Threshold) 2019-06-11T07:54:21.053+0000: 27.247: [Tenured: 43751K->43878K(341376K), 0.0587137 secs] 172799K->43878K(494976K), [Metaspace: 34597K->34597K(1079296K)], 0.0588008 secs] [Times: user=0.06 sys=0.00, real=0.06 secs] 
2019-06-11T07:54:24.685+0000: 30.878: [GC (Allocation Failure) 2019-06-11T07:54:24.685+0000: 30.878: [DefNew: 136576K->42K(153600K), 0.0016817 secs] 180454K->43921K(494976K), 0.0017470 secs] [Times: user=0.00 sys=0.00, real=0.00 secs] 
2019-06-11T07:54:28.299+0000: 34.493: [GC (Allocation Failure) 2019-06-11T07:54:28.299+0000: 34.493: [DefNew: 136618K->52K(153600K), 0.0015904 secs] 180497K->43931K(494976K), 0.0016453 secs] [Times: user=0.00 sys=0.00, real=0.00 secs] 
07:54:39.098 [Curator-PathChildrenCache-0] ERROR o.a.c.f.r.c.PathChildrenCache  - 
java.lang.IllegalStateException: instance must be started before calling this method
	at org.apache.curator.shaded.com.google.common.base.Preconditions.checkState(Preconditions.java:444)
	at org.apache.curator.framework.imps.CuratorFrameworkImpl.getChildren(CuratorFrameworkImpl.java:456)
	at org.apache.curator.framework.recipes.cache.PathChildrenCache.refresh(PathChildrenCache.java:521)
	at org.apache.curator.framework.recipes.cache.RefreshOperation.invoke(RefreshOperation.java:35)
	at org.apache.curator.framework.recipes.cache.PathChildrenCache$9.run(PathChildrenCache.java:786)
	at java.util.concurrent.Executors$RunnableAdapter.call(Executors.java:511)
	at java.util.concurrent.FutureTask.run(FutureTask.java:266)
	at java.util.concurrent.Executors$RunnableAdapter.call(Executors.java:511)
	at java.util.concurrent.FutureTask.run(FutureTask.java:266)
	at java.util.concurrent.ThreadPoolExecutor.runWorker(ThreadPoolExecutor.java:1149)
	at java.util.concurrent.ThreadPoolExecutor$Worker.run(ThreadPoolExecutor.java:624)
	at java.lang.Thread.run(Thread.java:748)
Heap
 def new generation   total 153600K, used 123910K [0x00000000e0c00000, 0x00000000eb2a0000, 0x00000000eb2a0000)
  eden space 136576K,  90% used [0x00000000e0c00000, 0x00000000e84f4818, 0x00000000e9160000)
  from space 17024K,   0% used [0x00000000e9160000, 0x00000000e916d178, 0x00000000ea200000)
  to   space 17024K,   0% used [0x00000000ea200000, 0x00000000ea200000, 0x00000000eb2a0000)
 tenured generation   total 341376K, used 43878K [0x00000000eb2a0000, 0x0000000100000000, 0x0000000100000000)
   the space 341376K,  12% used [0x00000000eb2a0000, 0x00000000edd79b78, 0x00000000edd79c00, 0x0000000100000000)
 Metaspace       used 35566K, capacity 36468K, committed 36864K, reserved 1081344K
  class space    used 4813K, capacity 5008K, committed 5120K, reserved 1048576K
