15:51:23,899 |-INFO in ch.qos.logback.classic.LoggerContext[default] - Could NOT find resource [logback-test.xml]
15:51:23,899 |-INFO in ch.qos.logback.classic.LoggerContext[default] - Could NOT find resource [logback.groovy]
15:51:23,903 |-INFO in ch.qos.logback.classic.LoggerContext[default] - Found resource [logback.xml] at [jar:file:/root/flamestream/lib/flamestream-runtime-1.0-SNAPSHOT.jar!/logback.xml]
15:51:23,904 |-WARN in ch.qos.logback.classic.LoggerContext[default] - Resource [logback.xml] occurs multiple times on the classpath.
15:51:23,904 |-WARN in ch.qos.logback.classic.LoggerContext[default] - Resource [logback.xml] occurs at [jar:file:/root/flamestream/lib/flamestream-runtime-1.0-SNAPSHOT.jar!/logback.xml]
15:51:23,904 |-WARN in ch.qos.logback.classic.LoggerContext[default] - Resource [logback.xml] occurs at [jar:file:/root/flamestream/flamestream-runtime-1.0-SNAPSHOT.jar!/logback.xml]
15:51:23,924 |-INFO in ch.qos.logback.core.joran.spi.ConfigurationWatchList@3fb6a447 - URL [jar:file:/root/flamestream/lib/flamestream-runtime-1.0-SNAPSHOT.jar!/logback.xml] is not of type file
15:51:23,997 |-INFO in ch.qos.logback.classic.joran.action.ConfigurationAction - debug attribute not set
15:51:23,998 |-INFO in ch.qos.logback.core.joran.action.AppenderAction - About to instantiate appender of type [ch.qos.logback.core.ConsoleAppender]
15:51:24,014 |-INFO in ch.qos.logback.core.joran.action.AppenderAction - Naming appender as [STDOUT]
15:51:24,031 |-INFO in ch.qos.logback.core.joran.action.NestedComplexPropertyIA - Assuming default type [ch.qos.logback.classic.encoder.PatternLayoutEncoder] for [encoder] property
15:51:24,112 |-INFO in ch.qos.logback.core.joran.action.AppenderAction - About to instantiate appender of type [ch.qos.logback.core.rolling.RollingFileAppender]
15:51:24,117 |-INFO in ch.qos.logback.core.joran.action.AppenderAction - Naming appender as [FILE]
15:51:24,147 |-INFO in c.q.l.core.rolling.TimeBasedRollingPolicy@127618319 - No compression will be used
15:51:24,149 |-INFO in c.q.l.core.rolling.TimeBasedRollingPolicy@127618319 - Will use the pattern /tmp/application_%d{yyyy-MM-dd}.%i.log for the active file
15:51:24,152 |-INFO in ch.qos.logback.core.rolling.SizeAndTimeBasedFNATP@6b2fad11 - The date pattern is 'yyyy-MM-dd' from file name pattern '/tmp/application_%d{yyyy-MM-dd}.%i.log'.
15:51:24,152 |-INFO in ch.qos.logback.core.rolling.SizeAndTimeBasedFNATP@6b2fad11 - Roll-over at midnight.
15:51:24,157 |-INFO in ch.qos.logback.core.rolling.SizeAndTimeBasedFNATP@6b2fad11 - Setting initial period to Mon Jun 10 15:50:08 UTC 2019
15:51:24,157 |-WARN in ch.qos.logback.core.rolling.SizeAndTimeBasedFNATP@6b2fad11 - SizeAndTimeBasedFNATP is deprecated. Use SizeAndTimeBasedRollingPolicy instead
15:51:24,157 |-WARN in ch.qos.logback.core.rolling.SizeAndTimeBasedFNATP@6b2fad11 - For more information see http://logback.qos.ch/manual/appenders.html#SizeAndTimeBasedRollingPolicy
15:51:24,161 |-INFO in ch.qos.logback.core.joran.action.NestedComplexPropertyIA - Assuming default type [ch.qos.logback.classic.encoder.PatternLayoutEncoder] for [encoder] property
15:51:24,166 |-INFO in ch.qos.logback.core.rolling.RollingFileAppender[FILE] - Active log file name: /tmp/application.log
15:51:24,166 |-INFO in ch.qos.logback.core.rolling.RollingFileAppender[FILE] - File property is set to [/tmp/application.log]
15:51:24,167 |-INFO in ch.qos.logback.classic.joran.action.RootLoggerAction - Setting level of ROOT logger to WARN
15:51:24,167 |-INFO in ch.qos.logback.core.joran.action.AppenderRefAction - Attaching appender named [STDOUT] to Logger[ROOT]
15:51:24,169 |-INFO in ch.qos.logback.core.joran.action.AppenderRefAction - Attaching appender named [FILE] to Logger[ROOT]
15:51:24,169 |-INFO in ch.qos.logback.classic.joran.action.ConfigurationAction - End of configuration.
15:51:24,169 |-INFO in ch.qos.logback.classic.joran.JoranConfigurator@79698539 - Registering current configuration as safe fallback point

Ama winner
Ama winner
2019-06-10T15:51:25.796+0000: 2.079: [Full GC (Metadata GC Threshold) 2019-06-10T15:51:25.796+0000: 2.079: [Tenured: 0K->15242K(341376K), 0.0415655 secs] 120481K->15242K(494976K), [Metaspace: 20739K->20739K(1067008K)], 0.0416332 secs] [Times: user=0.03 sys=0.01, real=0.04 secs] 
15:51:43.892 [Curator-PathChildrenCache-1] WARN  o.a.c.u.ZKPaths  - The version of ZooKeeper being used doesn't support Container nodes. CreateMode.PERSISTENT will be used instead.
2019-06-10T15:51:46.114+0000: 22.397: [GC (Allocation Failure) 2019-06-10T15:51:46.114+0000: 22.397: [DefNew: 136576K->17023K(153600K), 0.0262449 secs] 151818K->52722K(494976K), 0.0263163 secs] [Times: user=0.01 sys=0.01, real=0.03 secs] 
2019-06-10T15:51:47.584+0000: 23.867: [Full GC (Metadata GC Threshold) 2019-06-10T15:51:47.584+0000: 23.867: [Tenured: 35698K->44306K(341376K), 0.0455171 secs] 83108K->44306K(494976K), [Metaspace: 34584K->34584K(1079296K)], 0.0456121 secs] [Times: user=0.04 sys=0.01, real=0.05 secs] 
2019-06-10T15:51:52.613+0000: 28.896: [GC (Allocation Failure) 2019-06-10T15:51:52.613+0000: 28.896: [DefNew: 136576K->81K(153600K), 0.0018402 secs] 180882K->44388K(494976K), 0.0018980 secs] [Times: user=0.00 sys=0.00, real=0.01 secs] 
2019-06-10T15:51:57.757+0000: 34.040: [GC (Allocation Failure) 2019-06-10T15:51:57.757+0000: 34.040: [DefNew: 136657K->117K(153600K), 0.0017379 secs] 180964K->44423K(494976K), 0.0017926 secs] [Times: user=0.00 sys=0.00, real=0.00 secs] 
2019-06-10T15:52:03.010+0000: 39.293: [GC (Allocation Failure) 2019-06-10T15:52:03.010+0000: 39.293: [DefNew: 136693K->148K(153600K), 0.0017882 secs] 180999K->44454K(494976K), 0.0018485 secs] [Times: user=0.00 sys=0.00, real=0.00 secs] 
2019-06-10T15:52:08.145+0000: 44.428: [GC (Allocation Failure) 2019-06-10T15:52:08.145+0000: 44.428: [DefNew: 136724K->178K(153600K), 0.0017359 secs] 181030K->44485K(494976K), 0.0018002 secs] [Times: user=0.00 sys=0.00, real=0.01 secs] 
15:52:16.788 [Curator-PathChildrenCache-0] ERROR o.a.c.f.r.c.PathChildrenCache  - 
java.lang.IllegalStateException: instance must be started before calling this method
	at org.apache.curator.shaded.com.google.common.base.Preconditions.checkState(Preconditions.java:444)
	at org.apache.curator.framework.imps.CuratorFrameworkImpl.getChildren(CuratorFrameworkImpl.java:456)
	at org.apache.curator.framework.recipes.cache.PathChildrenCache.refresh(PathChildrenCache.java:521)
	at org.apache.curator.framework.recipes.cache.RefreshOperation.invoke(RefreshOperation.java:35)
	at org.apache.curator.framework.recipes.cache.PathChildrenCache$9.run(PathChildrenCache.java:786)
	at java.util.concurrent.Executors$RunnableAdapter.call(Executors.java:511)
	at java.util.concurrent.FutureTask.run(FutureTask.java:266)
	at java.util.concurrent.Executors$RunnableAdapter.call(Executors.java:511)
	at java.util.concurrent.FutureTask.run(FutureTask.java:266)
	at java.util.concurrent.ThreadPoolExecutor.runWorker(ThreadPoolExecutor.java:1149)
	at java.util.concurrent.ThreadPoolExecutor$Worker.run(ThreadPoolExecutor.java:624)
	at java.lang.Thread.run(Thread.java:748)
Heap
 def new generation   total 153600K, used 125302K [0x00000000e0c00000, 0x00000000eb2a0000, 0x00000000eb2a0000)
  eden space 136576K,  91% used [0x00000000e0c00000, 0x00000000e8631078, 0x00000000e9160000)
  from space 17024K,   1% used [0x00000000ea200000, 0x00000000ea22cb38, 0x00000000eb2a0000)
  to   space 17024K,   0% used [0x00000000e9160000, 0x00000000e9160000, 0x00000000ea200000)
 tenured generation   total 341376K, used 44306K [0x00000000eb2a0000, 0x0000000100000000, 0x0000000100000000)
   the space 341376K,  12% used [0x00000000eb2a0000, 0x00000000edde4920, 0x00000000edde4a00, 0x0000000100000000)
 Metaspace       used 35887K, capacity 36774K, committed 37120K, reserved 1081344K
  class space    used 4829K, capacity 5043K, committed 5120K, reserved 1048576K
