16:36:29,338 |-INFO in ch.qos.logback.classic.LoggerContext[default] - Could NOT find resource [logback-test.xml]
16:36:29,339 |-INFO in ch.qos.logback.classic.LoggerContext[default] - Could NOT find resource [logback.groovy]
16:36:29,339 |-INFO in ch.qos.logback.classic.LoggerContext[default] - Found resource [logback.xml] at [jar:file:/root/flamestream/lib/flamestream-runtime-1.0-SNAPSHOT.jar!/logback.xml]
16:36:29,340 |-WARN in ch.qos.logback.classic.LoggerContext[default] - Resource [logback.xml] occurs multiple times on the classpath.
16:36:29,340 |-WARN in ch.qos.logback.classic.LoggerContext[default] - Resource [logback.xml] occurs at [jar:file:/root/flamestream/lib/flamestream-runtime-1.0-SNAPSHOT.jar!/logback.xml]
16:36:29,340 |-WARN in ch.qos.logback.classic.LoggerContext[default] - Resource [logback.xml] occurs at [jar:file:/root/flamestream/flamestream-runtime-1.0-SNAPSHOT.jar!/logback.xml]
16:36:29,359 |-INFO in ch.qos.logback.core.joran.spi.ConfigurationWatchList@3fb6a447 - URL [jar:file:/root/flamestream/lib/flamestream-runtime-1.0-SNAPSHOT.jar!/logback.xml] is not of type file
16:36:29,426 |-INFO in ch.qos.logback.classic.joran.action.ConfigurationAction - debug attribute not set
16:36:29,426 |-INFO in ch.qos.logback.core.joran.action.AppenderAction - About to instantiate appender of type [ch.qos.logback.core.ConsoleAppender]
16:36:29,444 |-INFO in ch.qos.logback.core.joran.action.AppenderAction - Naming appender as [STDOUT]
16:36:29,460 |-INFO in ch.qos.logback.core.joran.action.NestedComplexPropertyIA - Assuming default type [ch.qos.logback.classic.encoder.PatternLayoutEncoder] for [encoder] property
16:36:29,548 |-INFO in ch.qos.logback.core.joran.action.AppenderAction - About to instantiate appender of type [ch.qos.logback.core.rolling.RollingFileAppender]
16:36:29,552 |-INFO in ch.qos.logback.core.joran.action.AppenderAction - Naming appender as [FILE]
16:36:29,582 |-INFO in c.q.l.core.rolling.TimeBasedRollingPolicy@127618319 - No compression will be used
16:36:29,583 |-INFO in c.q.l.core.rolling.TimeBasedRollingPolicy@127618319 - Will use the pattern /tmp/application_%d{yyyy-MM-dd}.%i.log for the active file
16:36:29,586 |-INFO in ch.qos.logback.core.rolling.SizeAndTimeBasedFNATP@6b2fad11 - The date pattern is 'yyyy-MM-dd' from file name pattern '/tmp/application_%d{yyyy-MM-dd}.%i.log'.
16:36:29,586 |-INFO in ch.qos.logback.core.rolling.SizeAndTimeBasedFNATP@6b2fad11 - Roll-over at midnight.
16:36:29,591 |-INFO in ch.qos.logback.core.rolling.SizeAndTimeBasedFNATP@6b2fad11 - Setting initial period to Mon Jun 10 16:35:08 UTC 2019
16:36:29,591 |-WARN in ch.qos.logback.core.rolling.SizeAndTimeBasedFNATP@6b2fad11 - SizeAndTimeBasedFNATP is deprecated. Use SizeAndTimeBasedRollingPolicy instead
16:36:29,591 |-WARN in ch.qos.logback.core.rolling.SizeAndTimeBasedFNATP@6b2fad11 - For more information see http://logback.qos.ch/manual/appenders.html#SizeAndTimeBasedRollingPolicy
16:36:29,595 |-INFO in ch.qos.logback.core.joran.action.NestedComplexPropertyIA - Assuming default type [ch.qos.logback.classic.encoder.PatternLayoutEncoder] for [encoder] property
16:36:29,600 |-INFO in ch.qos.logback.core.rolling.RollingFileAppender[FILE] - Active log file name: /tmp/application.log
16:36:29,600 |-INFO in ch.qos.logback.core.rolling.RollingFileAppender[FILE] - File property is set to [/tmp/application.log]
16:36:29,601 |-INFO in ch.qos.logback.classic.joran.action.RootLoggerAction - Setting level of ROOT logger to WARN
16:36:29,601 |-INFO in ch.qos.logback.core.joran.action.AppenderRefAction - Attaching appender named [STDOUT] to Logger[ROOT]
16:36:29,603 |-INFO in ch.qos.logback.core.joran.action.AppenderRefAction - Attaching appender named [FILE] to Logger[ROOT]
16:36:29,603 |-INFO in ch.qos.logback.classic.joran.action.ConfigurationAction - End of configuration.
16:36:29,603 |-INFO in ch.qos.logback.classic.joran.JoranConfigurator@79698539 - Registering current configuration as safe fallback point

Ama winner
Ama winner
2019-06-10T16:36:30.867+0000: 1.713: [Full GC (Metadata GC Threshold) 2019-06-10T16:36:30.867+0000: 1.713: [Tenured: 0K->15207K(341376K), 0.0400622 secs] 114923K->15207K(494976K), [Metaspace: 20734K->20734K(1067008K)], 0.0401316 secs] [Times: user=0.03 sys=0.00, real=0.04 secs] 
16:36:44.829 [Curator-PathChildrenCache-1] WARN  o.a.c.u.ZKPaths  - The version of ZooKeeper being used doesn't support Container nodes. CreateMode.PERSISTENT will be used instead.
2019-06-10T16:36:47.089+0000: 17.935: [GC (Allocation Failure) 2019-06-10T16:36:47.089+0000: 17.935: [DefNew: 136576K->17023K(153600K), 0.0273305 secs] 151783K->52657K(494976K), 0.0273961 secs] [Times: user=0.02 sys=0.01, real=0.03 secs] 
2019-06-10T16:36:49.515+0000: 20.361: [Full GC (Metadata GC Threshold) 2019-06-10T16:36:49.515+0000: 20.361: [Tenured: 35633K->44303K(341376K), 0.0448885 secs] 111466K->44303K(494976K), [Metaspace: 34625K->34625K(1079296K)], 0.0449674 secs] [Times: user=0.05 sys=0.00, real=0.04 secs] 
2019-06-10T16:36:54.899+0000: 25.745: [GC (Allocation Failure) 2019-06-10T16:36:54.899+0000: 25.745: [DefNew: 136576K->89K(153600K), 0.0017519 secs] 180879K->44392K(494976K), 0.0018087 secs] [Times: user=0.01 sys=0.00, real=0.00 secs] 
2019-06-10T16:37:00.250+0000: 31.096: [GC (Allocation Failure) 2019-06-10T16:37:00.250+0000: 31.096: [DefNew: 136665K->99K(153600K), 0.0016793 secs] 180968K->44402K(494976K), 0.0017466 secs] [Times: user=0.00 sys=0.00, real=0.00 secs] 
2019-06-10T16:37:05.699+0000: 36.545: [GC (Allocation Failure) 2019-06-10T16:37:05.699+0000: 36.545: [DefNew: 136675K->129K(153600K), 0.0016739 secs] 180978K->44432K(494976K), 0.0017357 secs] [Times: user=0.00 sys=0.00, real=0.00 secs] 
2019-06-10T16:37:11.101+0000: 41.946: [GC (Allocation Failure) 2019-06-10T16:37:11.101+0000: 41.946: [DefNew: 136705K->158K(153600K), 0.0017429 secs] 181008K->44461K(494976K), 0.0018020 secs] [Times: user=0.00 sys=0.00, real=0.00 secs] 
16:37:20.644 [Curator-PathChildrenCache-0] ERROR o.a.c.f.r.c.PathChildrenCache  - 
java.lang.IllegalStateException: instance must be started before calling this method
	at org.apache.curator.shaded.com.google.common.base.Preconditions.checkState(Preconditions.java:444)
	at org.apache.curator.framework.imps.CuratorFrameworkImpl.getChildren(CuratorFrameworkImpl.java:456)
	at org.apache.curator.framework.recipes.cache.PathChildrenCache.refresh(PathChildrenCache.java:521)
	at org.apache.curator.framework.recipes.cache.RefreshOperation.invoke(RefreshOperation.java:35)
	at org.apache.curator.framework.recipes.cache.PathChildrenCache$9.run(PathChildrenCache.java:786)
	at java.util.concurrent.Executors$RunnableAdapter.call(Executors.java:511)
	at java.util.concurrent.FutureTask.run(FutureTask.java:266)
	at java.util.concurrent.Executors$RunnableAdapter.call(Executors.java:511)
	at java.util.concurrent.FutureTask.run(FutureTask.java:266)
	at java.util.concurrent.ThreadPoolExecutor.runWorker(ThreadPoolExecutor.java:1149)
	at java.util.concurrent.ThreadPoolExecutor$Worker.run(ThreadPoolExecutor.java:624)
	at java.lang.Thread.run(Thread.java:748)
Heap
 def new generation   total 153600K, used 98952K [0x00000000e0c00000, 0x00000000eb2a0000, 0x00000000eb2a0000)
  eden space 136576K,  72% used [0x00000000e0c00000, 0x00000000e6c7a878, 0x00000000e9160000)
  from space 17024K,   0% used [0x00000000ea200000, 0x00000000ea227b08, 0x00000000eb2a0000)
  to   space 17024K,   0% used [0x00000000e9160000, 0x00000000e9160000, 0x00000000ea200000)
 tenured generation   total 341376K, used 44303K [0x00000000eb2a0000, 0x0000000100000000, 0x0000000100000000)
   the space 341376K,  12% used [0x00000000eb2a0000, 0x00000000edde3ce0, 0x00000000edde3e00, 0x0000000100000000)
 Metaspace       used 35836K, capacity 36672K, committed 36864K, reserved 1081344K
  class space    used 4814K, capacity 5010K, committed 5120K, reserved 1048576K
