13:40:00,565 |-INFO in ch.qos.logback.classic.LoggerContext[default] - Could NOT find resource [logback-test.xml]
13:40:00,565 |-INFO in ch.qos.logback.classic.LoggerContext[default] - Could NOT find resource [logback.groovy]
13:40:00,566 |-INFO in ch.qos.logback.classic.LoggerContext[default] - Found resource [logback.xml] at [jar:file:/root/flamestream/lib/flamestream-runtime-1.0-SNAPSHOT.jar!/logback.xml]
13:40:00,566 |-WARN in ch.qos.logback.classic.LoggerContext[default] - Resource [logback.xml] occurs multiple times on the classpath.
13:40:00,566 |-WARN in ch.qos.logback.classic.LoggerContext[default] - Resource [logback.xml] occurs at [jar:file:/root/flamestream/lib/flamestream-runtime-1.0-SNAPSHOT.jar!/logback.xml]
13:40:00,566 |-WARN in ch.qos.logback.classic.LoggerContext[default] - Resource [logback.xml] occurs at [jar:file:/root/flamestream/flamestream-runtime-1.0-SNAPSHOT.jar!/logback.xml]
13:40:00,590 |-INFO in ch.qos.logback.core.joran.spi.ConfigurationWatchList@3fb6a447 - URL [jar:file:/root/flamestream/lib/flamestream-runtime-1.0-SNAPSHOT.jar!/logback.xml] is not of type file
13:40:00,663 |-INFO in ch.qos.logback.classic.joran.action.ConfigurationAction - debug attribute not set
13:40:00,664 |-INFO in ch.qos.logback.core.joran.action.AppenderAction - About to instantiate appender of type [ch.qos.logback.core.ConsoleAppender]
13:40:00,682 |-INFO in ch.qos.logback.core.joran.action.AppenderAction - Naming appender as [STDOUT]
13:40:00,700 |-INFO in ch.qos.logback.core.joran.action.NestedComplexPropertyIA - Assuming default type [ch.qos.logback.classic.encoder.PatternLayoutEncoder] for [encoder] property
13:40:00,787 |-INFO in ch.qos.logback.core.joran.action.AppenderAction - About to instantiate appender of type [ch.qos.logback.core.rolling.RollingFileAppender]
13:40:00,792 |-INFO in ch.qos.logback.core.joran.action.AppenderAction - Naming appender as [FILE]
13:40:00,823 |-INFO in c.q.l.core.rolling.TimeBasedRollingPolicy@127618319 - No compression will be used
13:40:00,824 |-INFO in c.q.l.core.rolling.TimeBasedRollingPolicy@127618319 - Will use the pattern /tmp/application_%d{yyyy-MM-dd}.%i.log for the active file
13:40:00,827 |-INFO in ch.qos.logback.core.rolling.SizeAndTimeBasedFNATP@6b2fad11 - The date pattern is 'yyyy-MM-dd' from file name pattern '/tmp/application_%d{yyyy-MM-dd}.%i.log'.
13:40:00,827 |-INFO in ch.qos.logback.core.rolling.SizeAndTimeBasedFNATP@6b2fad11 - Roll-over at midnight.
13:40:00,833 |-INFO in ch.qos.logback.core.rolling.SizeAndTimeBasedFNATP@6b2fad11 - Setting initial period to Mon Jun 10 13:38:47 UTC 2019
13:40:00,833 |-WARN in ch.qos.logback.core.rolling.SizeAndTimeBasedFNATP@6b2fad11 - SizeAndTimeBasedFNATP is deprecated. Use SizeAndTimeBasedRollingPolicy instead
13:40:00,833 |-WARN in ch.qos.logback.core.rolling.SizeAndTimeBasedFNATP@6b2fad11 - For more information see http://logback.qos.ch/manual/appenders.html#SizeAndTimeBasedRollingPolicy
13:40:00,837 |-INFO in ch.qos.logback.core.joran.action.NestedComplexPropertyIA - Assuming default type [ch.qos.logback.classic.encoder.PatternLayoutEncoder] for [encoder] property
13:40:00,842 |-INFO in ch.qos.logback.core.rolling.RollingFileAppender[FILE] - Active log file name: /tmp/application.log
13:40:00,842 |-INFO in ch.qos.logback.core.rolling.RollingFileAppender[FILE] - File property is set to [/tmp/application.log]
13:40:00,843 |-INFO in ch.qos.logback.classic.joran.action.RootLoggerAction - Setting level of ROOT logger to WARN
13:40:00,843 |-INFO in ch.qos.logback.core.joran.action.AppenderRefAction - Attaching appender named [STDOUT] to Logger[ROOT]
13:40:00,845 |-INFO in ch.qos.logback.core.joran.action.AppenderRefAction - Attaching appender named [FILE] to Logger[ROOT]
13:40:00,845 |-INFO in ch.qos.logback.classic.joran.action.ConfigurationAction - End of configuration.
13:40:00,845 |-INFO in ch.qos.logback.classic.joran.JoranConfigurator@79698539 - Registering current configuration as safe fallback point

Ama winner
Ama winner
2019-06-10T13:40:02.154+0000: 1.775: [Full GC (Metadata GC Threshold) 2019-06-10T13:40:02.154+0000: 1.775: [Tenured: 0K->15242K(341376K), 0.0361404 secs] 117750K->15242K(494976K), [Metaspace: 20739K->20739K(1067008K)], 0.0362114 secs] [Times: user=0.03 sys=0.00, real=0.04 secs] 
13:40:23.567 [Curator-PathChildrenCache-1] WARN  o.a.c.u.ZKPaths  - The version of ZooKeeper being used doesn't support Container nodes. CreateMode.PERSISTENT will be used instead.
2019-06-10T13:40:25.858+0000: 25.479: [GC (Allocation Failure) 2019-06-10T13:40:25.858+0000: 25.479: [DefNew: 117677K->17023K(153600K), 0.0193626 secs] 132919K->32918K(494976K), 0.0194311 secs] [Times: user=0.02 sys=0.00, real=0.02 secs] 
2019-06-10T13:40:27.438+0000: 27.059: [Full GC (Metadata GC Threshold) 2019-06-10T13:40:27.438+0000: 27.059: [Tenured: 15894K->44212K(341376K), 0.0493295 secs] 88120K->44212K(494976K), [Metaspace: 34581K->34581K(1079296K)], 0.0494164 secs] [Times: user=0.05 sys=0.00, real=0.05 secs] 
2019-06-10T13:40:31.288+0000: 30.909: [GC (Allocation Failure) 2019-06-10T13:40:31.288+0000: 30.909: [DefNew: 136576K->101K(153600K), 0.0018965 secs] 180788K->44313K(494976K), 0.0019576 secs] [Times: user=0.00 sys=0.00, real=0.00 secs] 
2019-06-10T13:40:35.312+0000: 34.934: [GC (Allocation Failure) 2019-06-10T13:40:35.312+0000: 34.934: [DefNew: 136677K->143K(153600K), 0.0018023 secs] 180889K->44356K(494976K), 0.0018633 secs] [Times: user=0.00 sys=0.00, real=0.00 secs] 
2019-06-10T13:40:39.346+0000: 38.967: [GC (Allocation Failure) 2019-06-10T13:40:39.346+0000: 38.967: [DefNew: 136719K->143K(153600K), 0.0018914 secs] 180932K->44355K(494976K), 0.0019565 secs] [Times: user=0.00 sys=0.00, real=0.01 secs] 
2019-06-10T13:40:46.909+0000: 46.530: [GC (Allocation Failure) 2019-06-10T13:40:46.909+0000: 46.530: [DefNew: 136719K->141K(153600K), 0.0018516 secs] 180931K->44353K(494976K), 0.0019136 secs] [Times: user=0.00 sys=0.00, real=0.00 secs] 
13:40:51.896 [Curator-PathChildrenCache-0] ERROR o.a.c.f.r.c.PathChildrenCache  - 
java.lang.IllegalStateException: instance must be started before calling this method
	at org.apache.curator.shaded.com.google.common.base.Preconditions.checkState(Preconditions.java:444)
	at org.apache.curator.framework.imps.CuratorFrameworkImpl.getChildren(CuratorFrameworkImpl.java:456)
	at org.apache.curator.framework.recipes.cache.PathChildrenCache.refresh(PathChildrenCache.java:521)
	at org.apache.curator.framework.recipes.cache.RefreshOperation.invoke(RefreshOperation.java:35)
	at org.apache.curator.framework.recipes.cache.PathChildrenCache$9.run(PathChildrenCache.java:786)
	at java.util.concurrent.Executors$RunnableAdapter.call(Executors.java:511)
	at java.util.concurrent.FutureTask.run(FutureTask.java:266)
	at java.util.concurrent.Executors$RunnableAdapter.call(Executors.java:511)
	at java.util.concurrent.FutureTask.run(FutureTask.java:266)
	at java.util.concurrent.ThreadPoolExecutor.runWorker(ThreadPoolExecutor.java:1149)
	at java.util.concurrent.ThreadPoolExecutor$Worker.run(ThreadPoolExecutor.java:624)
	at java.lang.Thread.run(Thread.java:748)
Heap
 def new generation   total 153600K, used 50673K [0x00000000e0c00000, 0x00000000eb2a0000, 0x00000000eb2a0000)
  eden space 136576K,  36% used [0x00000000e0c00000, 0x00000000e3d592c0, 0x00000000e9160000)
  from space 17024K,   0% used [0x00000000ea200000, 0x00000000ea2234d8, 0x00000000eb2a0000)
  to   space 17024K,   0% used [0x00000000e9160000, 0x00000000e9160000, 0x00000000ea200000)
 tenured generation   total 341376K, used 44212K [0x00000000eb2a0000, 0x0000000100000000, 0x0000000100000000)
   the space 341376K,  12% used [0x00000000eb2a0000, 0x00000000eddcd080, 0x00000000eddcd200, 0x0000000100000000)
 Metaspace       used 35784K, capacity 36714K, committed 36864K, reserved 1081344K
  class space    used 4824K, capacity 5043K, committed 5120K, reserved 1048576K
