13:04:54,515 |-INFO in ch.qos.logback.classic.LoggerContext[default] - Could NOT find resource [logback-test.xml]
13:04:54,515 |-INFO in ch.qos.logback.classic.LoggerContext[default] - Could NOT find resource [logback.groovy]
13:04:54,515 |-INFO in ch.qos.logback.classic.LoggerContext[default] - Found resource [logback.xml] at [jar:file:/home/nikitasokolov/flamestream/lib/flamestream-runtime-1.0-SNAPSHOT.jar!/logback.xml]
13:04:54,516 |-WARN in ch.qos.logback.classic.LoggerContext[default] - Resource [logback.xml] occurs multiple times on the classpath.
13:04:54,516 |-WARN in ch.qos.logback.classic.LoggerContext[default] - Resource [logback.xml] occurs at [jar:file:/home/nikitasokolov/flamestream/lib/flamestream-runtime-1.0-SNAPSHOT.jar!/logback.xml]
13:04:54,516 |-WARN in ch.qos.logback.classic.LoggerContext[default] - Resource [logback.xml] occurs at [jar:file:/home/nikitasokolov/flamestream/flamestream-runtime-1.0-SNAPSHOT.jar!/logback.xml]
13:04:54,532 |-INFO in ch.qos.logback.core.joran.spi.ConfigurationWatchList@6108b2d7 - URL [jar:file:/home/nikitasokolov/flamestream/lib/flamestream-runtime-1.0-SNAPSHOT.jar!/logback.xml] is not of type file
13:04:54,585 |-INFO in ch.qos.logback.classic.joran.action.ConfigurationAction - debug attribute not set
13:04:54,586 |-INFO in ch.qos.logback.core.joran.action.AppenderAction - About to instantiate appender of type [ch.qos.logback.core.ConsoleAppender]
13:04:54,597 |-INFO in ch.qos.logback.core.joran.action.AppenderAction - Naming appender as [STDOUT]
13:04:54,607 |-INFO in ch.qos.logback.core.joran.action.NestedComplexPropertyIA - Assuming default type [ch.qos.logback.classic.encoder.PatternLayoutEncoder] for [encoder] property
13:04:54,663 |-INFO in ch.qos.logback.core.joran.action.AppenderAction - About to instantiate appender of type [ch.qos.logback.core.rolling.RollingFileAppender]
13:04:54,668 |-INFO in ch.qos.logback.core.joran.action.AppenderAction - Naming appender as [FILE]
13:04:54,690 |-INFO in c.q.l.core.rolling.TimeBasedRollingPolicy@357863579 - No compression will be used
13:04:54,691 |-INFO in c.q.l.core.rolling.TimeBasedRollingPolicy@357863579 - Will use the pattern /tmp/application_%d{yyyy-MM-dd}.%i.log for the active file
13:04:54,694 |-INFO in ch.qos.logback.core.rolling.SizeAndTimeBasedFNATP@6bf256fa - The date pattern is 'yyyy-MM-dd' from file name pattern '/tmp/application_%d{yyyy-MM-dd}.%i.log'.
13:04:54,694 |-INFO in ch.qos.logback.core.rolling.SizeAndTimeBasedFNATP@6bf256fa - Roll-over at midnight.
13:04:54,698 |-INFO in ch.qos.logback.core.rolling.SizeAndTimeBasedFNATP@6bf256fa - Setting initial period to Sun Jun 09 13:04:11 MSK 2019
13:04:54,698 |-WARN in ch.qos.logback.core.rolling.SizeAndTimeBasedFNATP@6bf256fa - SizeAndTimeBasedFNATP is deprecated. Use SizeAndTimeBasedRollingPolicy instead
13:04:54,698 |-WARN in ch.qos.logback.core.rolling.SizeAndTimeBasedFNATP@6bf256fa - For more information see http://logback.qos.ch/manual/appenders.html#SizeAndTimeBasedRollingPolicy
13:04:54,703 |-INFO in ch.qos.logback.core.joran.action.NestedComplexPropertyIA - Assuming default type [ch.qos.logback.classic.encoder.PatternLayoutEncoder] for [encoder] property
13:04:54,706 |-INFO in ch.qos.logback.core.rolling.RollingFileAppender[FILE] - Active log file name: /tmp/application.log
13:04:54,706 |-INFO in ch.qos.logback.core.rolling.RollingFileAppender[FILE] - File property is set to [/tmp/application.log]
13:04:54,707 |-INFO in ch.qos.logback.classic.joran.action.RootLoggerAction - Setting level of ROOT logger to WARN
13:04:54,708 |-INFO in ch.qos.logback.core.joran.action.AppenderRefAction - Attaching appender named [STDOUT] to Logger[ROOT]
13:04:54,708 |-INFO in ch.qos.logback.core.joran.action.AppenderRefAction - Attaching appender named [FILE] to Logger[ROOT]
13:04:54,708 |-INFO in ch.qos.logback.classic.joran.action.ConfigurationAction - End of configuration.
13:04:54,709 |-INFO in ch.qos.logback.classic.joran.JoranConfigurator@6cd8737 - Registering current configuration as safe fallback point

2019-06-09T13:04:55.705+0300: 1.405: [GC (Metadata GC Threshold) [PSYoungGen: 110721K->15971K(149504K)] 110721K->16051K(491008K), 0.0267253 secs] [Times: user=0.14 sys=0.02, real=0.03 secs] 
2019-06-09T13:04:55.732+0300: 1.432: [Full GC (Metadata GC Threshold) [PSYoungGen: 15971K->0K(149504K)] [ParOldGen: 80K->15078K(341504K)] 16051K->15078K(491008K), [Metaspace: 20801K->20801K(1067008K)], 0.0248412 secs] [Times: user=0.13 sys=0.01, real=0.02 secs] 
13:05:03.123 [Curator-PathChildrenCache-1] WARN  o.a.c.u.ZKPaths  - The version of ZooKeeper being used doesn't support Container nodes. CreateMode.PERSISTENT will be used instead.
2019-06-09T13:05:04.432+0300: 10.132: [GC (Metadata GC Threshold) [PSYoungGen: 128396K->15842K(149504K)] 143475K->50460K(491008K), 0.0308821 secs] [Times: user=0.25 sys=0.04, real=0.03 secs] 
2019-06-09T13:05:04.463+0300: 10.163: [Full GC (Metadata GC Threshold) [PSYoungGen: 15842K->0K(149504K)] [ParOldGen: 34617K->38983K(341504K)] 50460K->38983K(491008K), [Metaspace: 34555K->34555K(1079296K)], 0.0670713 secs] [Times: user=0.20 sys=0.04, real=0.07 secs] 
2019-06-09T13:05:14.407+0300: 20.106: [GC (Allocation Failure) [PSYoungGen: 128512K->448K(149504K)] 167495K->39439K(491008K), 0.0050616 secs] [Times: user=0.04 sys=0.00, real=0.01 secs] 
13:05:27.257 [Curator-PathChildrenCache-0] ERROR o.a.c.f.r.c.PathChildrenCache  - 
java.lang.IllegalStateException: instance must be started before calling this method
	at org.apache.curator.shaded.com.google.common.base.Preconditions.checkState(Preconditions.java:444)
	at org.apache.curator.framework.imps.CuratorFrameworkImpl.getChildren(CuratorFrameworkImpl.java:456)
	at org.apache.curator.framework.recipes.cache.PathChildrenCache.refresh(PathChildrenCache.java:521)
	at org.apache.curator.framework.recipes.cache.RefreshOperation.invoke(RefreshOperation.java:35)
	at org.apache.curator.framework.recipes.cache.PathChildrenCache$9.run(PathChildrenCache.java:786)
	at java.util.concurrent.Executors$RunnableAdapter.call(Executors.java:511)
	at java.util.concurrent.FutureTask.run(FutureTask.java:266)
	at java.util.concurrent.Executors$RunnableAdapter.call(Executors.java:511)
	at java.util.concurrent.FutureTask.run(FutureTask.java:266)
	at java.util.concurrent.ThreadPoolExecutor.runWorker(ThreadPoolExecutor.java:1149)
	at java.util.concurrent.ThreadPoolExecutor$Worker.run(ThreadPoolExecutor.java:624)
	at java.lang.Thread.run(Thread.java:748)
Heap
 PSYoungGen      total 149504K, used 82993K [0x00000000f5980000, 0x0000000100000000, 0x0000000100000000)
  eden space 128512K, 64% used [0x00000000f5980000,0x00000000faa1c6a8,0x00000000fd700000)
  from space 20992K, 2% used [0x00000000fd700000,0x00000000fd770000,0x00000000feb80000)
  to   space 20992K, 0% used [0x00000000feb80000,0x00000000feb80000,0x0000000100000000)
 ParOldGen       total 341504K, used 38991K [0x00000000e0c00000, 0x00000000f5980000, 0x00000000f5980000)
  object space 341504K, 11% used [0x00000000e0c00000,0x00000000e3213d90,0x00000000f5980000)
 Metaspace       used 35631K, capacity 36436K, committed 36568K, reserved 1081344K
  class space    used 4924K, capacity 5120K, committed 5120K, reserved 1048576K
