16:49:24,826 |-INFO in ch.qos.logback.classic.LoggerContext[default] - Could NOT find resource [logback-test.xml]
16:49:24,826 |-INFO in ch.qos.logback.classic.LoggerContext[default] - Could NOT find resource [logback.groovy]
16:49:24,826 |-INFO in ch.qos.logback.classic.LoggerContext[default] - Found resource [logback.xml] at [jar:file:/home/nikitasokolov/flamestream/lib/flamestream-runtime-1.0-SNAPSHOT.jar!/logback.xml]
16:49:24,827 |-WARN in ch.qos.logback.classic.LoggerContext[default] - Resource [logback.xml] occurs multiple times on the classpath.
16:49:24,827 |-WARN in ch.qos.logback.classic.LoggerContext[default] - Resource [logback.xml] occurs at [jar:file:/home/nikitasokolov/flamestream/lib/flamestream-runtime-1.0-SNAPSHOT.jar!/logback.xml]
16:49:24,827 |-WARN in ch.qos.logback.classic.LoggerContext[default] - Resource [logback.xml] occurs at [jar:file:/home/nikitasokolov/flamestream/flamestream-runtime-1.0-SNAPSHOT.jar!/logback.xml]
16:49:24,843 |-INFO in ch.qos.logback.core.joran.spi.ConfigurationWatchList@6108b2d7 - URL [jar:file:/home/nikitasokolov/flamestream/lib/flamestream-runtime-1.0-SNAPSHOT.jar!/logback.xml] is not of type file
16:49:24,895 |-INFO in ch.qos.logback.classic.joran.action.ConfigurationAction - debug attribute not set
16:49:24,896 |-INFO in ch.qos.logback.core.joran.action.AppenderAction - About to instantiate appender of type [ch.qos.logback.core.ConsoleAppender]
16:49:24,907 |-INFO in ch.qos.logback.core.joran.action.AppenderAction - Naming appender as [STDOUT]
16:49:24,917 |-INFO in ch.qos.logback.core.joran.action.NestedComplexPropertyIA - Assuming default type [ch.qos.logback.classic.encoder.PatternLayoutEncoder] for [encoder] property
16:49:24,980 |-INFO in ch.qos.logback.core.joran.action.AppenderAction - About to instantiate appender of type [ch.qos.logback.core.rolling.RollingFileAppender]
16:49:24,985 |-INFO in ch.qos.logback.core.joran.action.AppenderAction - Naming appender as [FILE]
16:49:25,006 |-INFO in c.q.l.core.rolling.TimeBasedRollingPolicy@357863579 - No compression will be used
16:49:25,007 |-INFO in c.q.l.core.rolling.TimeBasedRollingPolicy@357863579 - Will use the pattern /tmp/application_%d{yyyy-MM-dd}.%i.log for the active file
16:49:25,010 |-INFO in ch.qos.logback.core.rolling.SizeAndTimeBasedFNATP@6bf256fa - The date pattern is 'yyyy-MM-dd' from file name pattern '/tmp/application_%d{yyyy-MM-dd}.%i.log'.
16:49:25,010 |-INFO in ch.qos.logback.core.rolling.SizeAndTimeBasedFNATP@6bf256fa - Roll-over at midnight.
16:49:25,014 |-INFO in ch.qos.logback.core.rolling.SizeAndTimeBasedFNATP@6bf256fa - Setting initial period to Sun Jun 09 16:48:39 MSK 2019
16:49:25,014 |-WARN in ch.qos.logback.core.rolling.SizeAndTimeBasedFNATP@6bf256fa - SizeAndTimeBasedFNATP is deprecated. Use SizeAndTimeBasedRollingPolicy instead
16:49:25,014 |-WARN in ch.qos.logback.core.rolling.SizeAndTimeBasedFNATP@6bf256fa - For more information see http://logback.qos.ch/manual/appenders.html#SizeAndTimeBasedRollingPolicy
16:49:25,018 |-INFO in ch.qos.logback.core.joran.action.NestedComplexPropertyIA - Assuming default type [ch.qos.logback.classic.encoder.PatternLayoutEncoder] for [encoder] property
16:49:25,021 |-INFO in ch.qos.logback.core.rolling.RollingFileAppender[FILE] - Active log file name: /tmp/application.log
16:49:25,021 |-INFO in ch.qos.logback.core.rolling.RollingFileAppender[FILE] - File property is set to [/tmp/application.log]
16:49:25,022 |-INFO in ch.qos.logback.classic.joran.action.RootLoggerAction - Setting level of ROOT logger to WARN
16:49:25,022 |-INFO in ch.qos.logback.core.joran.action.AppenderRefAction - Attaching appender named [STDOUT] to Logger[ROOT]
16:49:25,022 |-INFO in ch.qos.logback.core.joran.action.AppenderRefAction - Attaching appender named [FILE] to Logger[ROOT]
16:49:25,022 |-INFO in ch.qos.logback.classic.joran.action.ConfigurationAction - End of configuration.
16:49:25,023 |-INFO in ch.qos.logback.classic.joran.JoranConfigurator@6cd8737 - Registering current configuration as safe fallback point

2019-06-09T16:49:25.978+0300: 1.353: [GC (Metadata GC Threshold) [PSYoungGen: 108152K->15753K(149504K)] 108152K->15833K(491008K), 0.0202416 secs] [Times: user=0.09 sys=0.01, real=0.02 secs] 
2019-06-09T16:49:25.999+0300: 1.373: [Full GC (Metadata GC Threshold) [PSYoungGen: 15753K->0K(149504K)] [ParOldGen: 80K->14981K(341504K)] 15833K->14981K(491008K), [Metaspace: 20800K->20800K(1067008K)], 0.0274998 secs] [Times: user=0.17 sys=0.01, real=0.02 secs] 
16:49:34.198 [Curator-PathChildrenCache-1] WARN  o.a.c.u.ZKPaths  - The version of ZooKeeper being used doesn't support Container nodes. CreateMode.PERSISTENT will be used instead.
2019-06-09T16:49:35.185+0300: 10.559: [GC (Metadata GC Threshold) [PSYoungGen: 124177K->20971K(149504K)] 139159K->49896K(491008K), 0.0245722 secs] [Times: user=0.23 sys=0.03, real=0.02 secs] 
2019-06-09T16:49:35.209+0300: 10.583: [Full GC (Metadata GC Threshold) [PSYoungGen: 20971K->0K(149504K)] [ParOldGen: 28924K->38693K(341504K)] 49896K->38693K(491008K), [Metaspace: 34542K->34542K(1079296K)], 0.0432145 secs] [Times: user=0.16 sys=0.03, real=0.05 secs] 
2019-06-09T16:49:48.591+0300: 23.965: [GC (Allocation Failure) [PSYoungGen: 128512K->384K(149504K)] 167205K->39085K(491008K), 0.0083172 secs] [Times: user=0.08 sys=0.01, real=0.01 secs] 
2019-06-09T16:50:03.319+0300: 38.694: [GC (Allocation Failure) [PSYoungGen: 128896K->352K(149504K)] 167597K->39061K(491008K), 0.0052735 secs] [Times: user=0.03 sys=0.00, real=0.00 secs] 
2019-06-09T16:50:18.404+0300: 53.779: [GC (Allocation Failure) [PSYoungGen: 128864K->416K(129024K)] 167573K->39133K(470528K), 0.0047378 secs] [Times: user=0.03 sys=0.00, real=0.00 secs] 
2019-06-09T16:50:35.165+0300: 70.539: [GC (Allocation Failure) [PSYoungGen: 128928K->727K(133120K)] 167645K->39452K(474624K), 0.0050907 secs] [Times: user=0.02 sys=0.02, real=0.01 secs] 
2019-06-09T16:50:49.152+0300: 84.527: [GC (Allocation Failure) [PSYoungGen: 93911K->544K(130560K)] 132636K->39277K(472064K), 0.0039147 secs] [Times: user=0.01 sys=0.01, real=0.00 secs] 
16:51:07.800 [Curator-PathChildrenCache-0] ERROR o.a.c.f.r.c.PathChildrenCache  - 
java.lang.IllegalStateException: instance must be started before calling this method
	at org.apache.curator.shaded.com.google.common.base.Preconditions.checkState(Preconditions.java:444)
	at org.apache.curator.framework.imps.CuratorFrameworkImpl.getChildren(CuratorFrameworkImpl.java:456)
	at org.apache.curator.framework.recipes.cache.PathChildrenCache.refresh(PathChildrenCache.java:521)
	at org.apache.curator.framework.recipes.cache.RefreshOperation.invoke(RefreshOperation.java:35)
	at org.apache.curator.framework.recipes.cache.PathChildrenCache$9.run(PathChildrenCache.java:786)
	at java.util.concurrent.Executors$RunnableAdapter.call(Executors.java:511)
	at java.util.concurrent.FutureTask.run(FutureTask.java:266)
	at java.util.concurrent.Executors$RunnableAdapter.call(Executors.java:511)
	at java.util.concurrent.FutureTask.run(FutureTask.java:266)
	at java.util.concurrent.ThreadPoolExecutor.runWorker(ThreadPoolExecutor.java:1149)
	at java.util.concurrent.ThreadPoolExecutor$Worker.run(ThreadPoolExecutor.java:624)
	at java.lang.Thread.run(Thread.java:748)
Heap
 PSYoungGen      total 130560K, used 51023K [0x00000000f5980000, 0x0000000100000000, 0x0000000100000000)
  eden space 93184K, 54% used [0x00000000f5980000,0x00000000f8acbf60,0x00000000fb480000)
  from space 37376K, 1% used [0x00000000fb480000,0x00000000fb508040,0x00000000fd900000)
  to   space 35328K, 0% used [0x00000000fdd80000,0x00000000fdd80000,0x0000000100000000)
 ParOldGen       total 341504K, used 38733K [0x00000000e0c00000, 0x00000000f5980000, 0x00000000f5980000)
  object space 341504K, 11% used [0x00000000e0c00000,0x00000000e31d3458,0x00000000f5980000)
 Metaspace       used 36070K, capacity 36958K, committed 37208K, reserved 1081344K
  class space    used 4979K, capacity 5161K, committed 5248K, reserved 1048576K
