13:35:42,703 |-INFO in ch.qos.logback.classic.LoggerContext[default] - Could NOT find resource [logback-test.xml]
13:35:42,703 |-INFO in ch.qos.logback.classic.LoggerContext[default] - Could NOT find resource [logback.groovy]
13:35:42,703 |-INFO in ch.qos.logback.classic.LoggerContext[default] - Found resource [logback.xml] at [jar:file:/root/flamestream/lib/flamestream-runtime-1.0-SNAPSHOT.jar!/logback.xml]
13:35:42,706 |-WARN in ch.qos.logback.classic.LoggerContext[default] - Resource [logback.xml] occurs multiple times on the classpath.
13:35:42,706 |-WARN in ch.qos.logback.classic.LoggerContext[default] - Resource [logback.xml] occurs at [jar:file:/root/flamestream/lib/flamestream-runtime-1.0-SNAPSHOT.jar!/logback.xml]
13:35:42,706 |-WARN in ch.qos.logback.classic.LoggerContext[default] - Resource [logback.xml] occurs at [jar:file:/root/flamestream/flamestream-runtime-1.0-SNAPSHOT.jar!/logback.xml]
13:35:42,726 |-INFO in ch.qos.logback.core.joran.spi.ConfigurationWatchList@3fb6a447 - URL [jar:file:/root/flamestream/lib/flamestream-runtime-1.0-SNAPSHOT.jar!/logback.xml] is not of type file
13:35:42,798 |-INFO in ch.qos.logback.classic.joran.action.ConfigurationAction - debug attribute not set
13:35:42,798 |-INFO in ch.qos.logback.core.joran.action.AppenderAction - About to instantiate appender of type [ch.qos.logback.core.ConsoleAppender]
13:35:42,818 |-INFO in ch.qos.logback.core.joran.action.AppenderAction - Naming appender as [STDOUT]
13:35:42,838 |-INFO in ch.qos.logback.core.joran.action.NestedComplexPropertyIA - Assuming default type [ch.qos.logback.classic.encoder.PatternLayoutEncoder] for [encoder] property
13:35:42,916 |-INFO in ch.qos.logback.core.joran.action.AppenderAction - About to instantiate appender of type [ch.qos.logback.core.rolling.RollingFileAppender]
13:35:42,920 |-INFO in ch.qos.logback.core.joran.action.AppenderAction - Naming appender as [FILE]
13:35:42,952 |-INFO in c.q.l.core.rolling.TimeBasedRollingPolicy@127618319 - No compression will be used
13:35:42,953 |-INFO in c.q.l.core.rolling.TimeBasedRollingPolicy@127618319 - Will use the pattern /tmp/application_%d{yyyy-MM-dd}.%i.log for the active file
13:35:42,956 |-INFO in ch.qos.logback.core.rolling.SizeAndTimeBasedFNATP@6b2fad11 - The date pattern is 'yyyy-MM-dd' from file name pattern '/tmp/application_%d{yyyy-MM-dd}.%i.log'.
13:35:42,956 |-INFO in ch.qos.logback.core.rolling.SizeAndTimeBasedFNATP@6b2fad11 - Roll-over at midnight.
13:35:42,962 |-INFO in ch.qos.logback.core.rolling.SizeAndTimeBasedFNATP@6b2fad11 - Setting initial period to Mon Jun 10 13:34:17 UTC 2019
13:35:42,962 |-WARN in ch.qos.logback.core.rolling.SizeAndTimeBasedFNATP@6b2fad11 - SizeAndTimeBasedFNATP is deprecated. Use SizeAndTimeBasedRollingPolicy instead
13:35:42,962 |-WARN in ch.qos.logback.core.rolling.SizeAndTimeBasedFNATP@6b2fad11 - For more information see http://logback.qos.ch/manual/appenders.html#SizeAndTimeBasedRollingPolicy
13:35:42,966 |-INFO in ch.qos.logback.core.joran.action.NestedComplexPropertyIA - Assuming default type [ch.qos.logback.classic.encoder.PatternLayoutEncoder] for [encoder] property
13:35:42,971 |-INFO in ch.qos.logback.core.rolling.RollingFileAppender[FILE] - Active log file name: /tmp/application.log
13:35:42,971 |-INFO in ch.qos.logback.core.rolling.RollingFileAppender[FILE] - File property is set to [/tmp/application.log]
13:35:42,971 |-INFO in ch.qos.logback.classic.joran.action.RootLoggerAction - Setting level of ROOT logger to WARN
13:35:42,972 |-INFO in ch.qos.logback.core.joran.action.AppenderRefAction - Attaching appender named [STDOUT] to Logger[ROOT]
13:35:42,974 |-INFO in ch.qos.logback.core.joran.action.AppenderRefAction - Attaching appender named [FILE] to Logger[ROOT]
13:35:42,974 |-INFO in ch.qos.logback.classic.joran.action.ConfigurationAction - End of configuration.
13:35:42,974 |-INFO in ch.qos.logback.classic.joran.JoranConfigurator@79698539 - Registering current configuration as safe fallback point

Ama winner
Ama winner
2019-06-10T13:35:44.310+0000: 1.789: [Full GC (Metadata GC Threshold) 2019-06-10T13:35:44.311+0000: 1.789: [Tenured: 0K->15240K(341376K), 0.0407857 secs] 114988K->15240K(494976K), [Metaspace: 20729K->20729K(1067008K)], 0.0408537 secs] [Times: user=0.03 sys=0.00, real=0.04 secs] 
13:36:02.263 [Curator-PathChildrenCache-1] WARN  o.a.c.u.ZKPaths  - The version of ZooKeeper being used doesn't support Container nodes. CreateMode.PERSISTENT will be used instead.
2019-06-10T13:36:04.814+0000: 22.292: [GC (Allocation Failure) 2019-06-10T13:36:04.814+0000: 22.292: [DefNew: 136576K->17023K(153600K), 0.0262286 secs] 151816K->52728K(494976K), 0.0263167 secs] [Times: user=0.03 sys=0.00, real=0.03 secs] 
2019-06-10T13:36:08.849+0000: 26.327: [Full GC (Metadata GC Threshold) 2019-06-10T13:36:08.849+0000: 26.327: [Tenured: 35704K->44577K(341376K), 0.0562687 secs] 152293K->44577K(494976K), [Metaspace: 34611K->34611K(1079296K)], 0.0563453 secs] [Times: user=0.06 sys=0.00, real=0.05 secs] 
2019-06-10T13:36:14.817+0000: 32.295: [GC (Allocation Failure) 2019-06-10T13:36:14.817+0000: 32.295: [DefNew: 136576K->58K(153600K), 0.0018535 secs] 181153K->44635K(494976K), 0.0019160 secs] [Times: user=0.00 sys=0.00, real=0.00 secs] 
2019-06-10T13:36:20.822+0000: 38.300: [GC (Allocation Failure) 2019-06-10T13:36:20.822+0000: 38.300: [DefNew: 136634K->89K(153600K), 0.0016982 secs] 181211K->44667K(494976K), 0.0017590 secs] [Times: user=0.00 sys=0.00, real=0.00 secs] 
2019-06-10T13:36:26.762+0000: 44.240: [GC (Allocation Failure) 2019-06-10T13:36:26.762+0000: 44.240: [DefNew: 136665K->124K(153600K), 0.0017325 secs] 181243K->44701K(494976K), 0.0018072 secs] [Times: user=0.00 sys=0.00, real=0.00 secs] 
13:36:36.493 [Curator-PathChildrenCache-0] ERROR o.a.c.f.r.c.PathChildrenCache  - 
java.lang.IllegalStateException: instance must be started before calling this method
	at org.apache.curator.shaded.com.google.common.base.Preconditions.checkState(Preconditions.java:444)
	at org.apache.curator.framework.imps.CuratorFrameworkImpl.getChildren(CuratorFrameworkImpl.java:456)
	at org.apache.curator.framework.recipes.cache.PathChildrenCache.refresh(PathChildrenCache.java:521)
	at org.apache.curator.framework.recipes.cache.RefreshOperation.invoke(RefreshOperation.java:35)
	at org.apache.curator.framework.recipes.cache.PathChildrenCache$9.run(PathChildrenCache.java:786)
	at java.util.concurrent.Executors$RunnableAdapter.call(Executors.java:511)
	at java.util.concurrent.FutureTask.run(FutureTask.java:266)
	at java.util.concurrent.Executors$RunnableAdapter.call(Executors.java:511)
	at java.util.concurrent.FutureTask.run(FutureTask.java:266)
	at java.util.concurrent.ThreadPoolExecutor.runWorker(ThreadPoolExecutor.java:1149)
	at java.util.concurrent.ThreadPoolExecutor$Worker.run(ThreadPoolExecutor.java:624)
	at java.lang.Thread.run(Thread.java:748)
Heap
 def new generation   total 153600K, used 104773K [0x00000000e0c00000, 0x00000000eb2a0000, 0x00000000eb2a0000)
  eden space 136576K,  76% used [0x00000000e0c00000, 0x00000000e72324a0, 0x00000000e9160000)
  from space 17024K,   0% used [0x00000000e9160000, 0x00000000e917f178, 0x00000000ea200000)
  to   space 17024K,   0% used [0x00000000ea200000, 0x00000000ea200000, 0x00000000eb2a0000)
 tenured generation   total 341376K, used 44577K [0x00000000eb2a0000, 0x0000000100000000, 0x0000000100000000)
   the space 341376K,  13% used [0x00000000eb2a0000, 0x00000000ede28640, 0x00000000ede28800, 0x0000000100000000)
 Metaspace       used 35676K, capacity 36542K, committed 36864K, reserved 1081344K
  class space    used 4809K, capacity 5009K, committed 5120K, reserved 1048576K
