05:57:12,263 |-INFO in ch.qos.logback.classic.LoggerContext[default] - Could NOT find resource [logback-test.xml]
05:57:12,263 |-INFO in ch.qos.logback.classic.LoggerContext[default] - Could NOT find resource [logback.groovy]
05:57:12,263 |-INFO in ch.qos.logback.classic.LoggerContext[default] - Found resource [logback.xml] at [jar:file:/home/nikitasokolov/flamestream/lib/flamestream-runtime-1.0-SNAPSHOT.jar!/logback.xml]
05:57:12,264 |-WARN in ch.qos.logback.classic.LoggerContext[default] - Resource [logback.xml] occurs multiple times on the classpath.
05:57:12,264 |-WARN in ch.qos.logback.classic.LoggerContext[default] - Resource [logback.xml] occurs at [jar:file:/home/nikitasokolov/flamestream/lib/flamestream-runtime-1.0-SNAPSHOT.jar!/logback.xml]
05:57:12,264 |-WARN in ch.qos.logback.classic.LoggerContext[default] - Resource [logback.xml] occurs at [jar:file:/home/nikitasokolov/flamestream/flamestream-runtime-1.0-SNAPSHOT.jar!/logback.xml]
05:57:12,280 |-INFO in ch.qos.logback.core.joran.spi.ConfigurationWatchList@6108b2d7 - URL [jar:file:/home/nikitasokolov/flamestream/lib/flamestream-runtime-1.0-SNAPSHOT.jar!/logback.xml] is not of type file
05:57:12,333 |-INFO in ch.qos.logback.classic.joran.action.ConfigurationAction - debug attribute not set
05:57:12,333 |-INFO in ch.qos.logback.core.joran.action.AppenderAction - About to instantiate appender of type [ch.qos.logback.core.ConsoleAppender]
05:57:12,345 |-INFO in ch.qos.logback.core.joran.action.AppenderAction - Naming appender as [STDOUT]
05:57:12,355 |-INFO in ch.qos.logback.core.joran.action.NestedComplexPropertyIA - Assuming default type [ch.qos.logback.classic.encoder.PatternLayoutEncoder] for [encoder] property
05:57:12,410 |-INFO in ch.qos.logback.core.joran.action.AppenderAction - About to instantiate appender of type [ch.qos.logback.core.rolling.RollingFileAppender]
05:57:12,415 |-INFO in ch.qos.logback.core.joran.action.AppenderAction - Naming appender as [FILE]
05:57:12,438 |-INFO in c.q.l.core.rolling.TimeBasedRollingPolicy@357863579 - No compression will be used
05:57:12,440 |-INFO in c.q.l.core.rolling.TimeBasedRollingPolicy@357863579 - Will use the pattern /tmp/application_%d{yyyy-MM-dd}.%i.log for the active file
05:57:12,442 |-INFO in ch.qos.logback.core.rolling.SizeAndTimeBasedFNATP@6bf256fa - The date pattern is 'yyyy-MM-dd' from file name pattern '/tmp/application_%d{yyyy-MM-dd}.%i.log'.
05:57:12,442 |-INFO in ch.qos.logback.core.rolling.SizeAndTimeBasedFNATP@6bf256fa - Roll-over at midnight.
05:57:12,447 |-INFO in ch.qos.logback.core.rolling.SizeAndTimeBasedFNATP@6bf256fa - Setting initial period to Mon Jun 10 05:56:29 MSK 2019
05:57:12,447 |-WARN in ch.qos.logback.core.rolling.SizeAndTimeBasedFNATP@6bf256fa - SizeAndTimeBasedFNATP is deprecated. Use SizeAndTimeBasedRollingPolicy instead
05:57:12,447 |-WARN in ch.qos.logback.core.rolling.SizeAndTimeBasedFNATP@6bf256fa - For more information see http://logback.qos.ch/manual/appenders.html#SizeAndTimeBasedRollingPolicy
05:57:12,451 |-INFO in ch.qos.logback.core.joran.action.NestedComplexPropertyIA - Assuming default type [ch.qos.logback.classic.encoder.PatternLayoutEncoder] for [encoder] property
05:57:12,454 |-INFO in ch.qos.logback.core.rolling.RollingFileAppender[FILE] - Active log file name: /tmp/application.log
05:57:12,454 |-INFO in ch.qos.logback.core.rolling.RollingFileAppender[FILE] - File property is set to [/tmp/application.log]
05:57:12,455 |-INFO in ch.qos.logback.classic.joran.action.RootLoggerAction - Setting level of ROOT logger to WARN
05:57:12,455 |-INFO in ch.qos.logback.core.joran.action.AppenderRefAction - Attaching appender named [STDOUT] to Logger[ROOT]
05:57:12,455 |-INFO in ch.qos.logback.core.joran.action.AppenderRefAction - Attaching appender named [FILE] to Logger[ROOT]
05:57:12,455 |-INFO in ch.qos.logback.classic.joran.action.ConfigurationAction - End of configuration.
05:57:12,456 |-INFO in ch.qos.logback.classic.joran.JoranConfigurator@6cd8737 - Registering current configuration as safe fallback point

2019-06-10T05:57:13.457+0300: 1.384: [GC (Metadata GC Threshold) [PSYoungGen: 110721K->15973K(149504K)] 110721K->16053K(491008K), 0.0272286 secs] [Times: user=0.11 sys=0.02, real=0.03 secs] 
2019-06-10T05:57:13.485+0300: 1.411: [Full GC (Metadata GC Threshold) [PSYoungGen: 15973K->0K(149504K)] [ParOldGen: 80K->15086K(341504K)] 16053K->15086K(491008K), [Metaspace: 20803K->20803K(1067008K)], 0.0278254 secs] [Times: user=0.16 sys=0.02, real=0.03 secs] 
05:57:22.537 [Curator-PathChildrenCache-1] WARN  o.a.c.u.ZKPaths  - The version of ZooKeeper being used doesn't support Container nodes. CreateMode.PERSISTENT will be used instead.
2019-06-10T05:57:23.391+0300: 11.318: [GC (Metadata GC Threshold) [PSYoungGen: 125235K->16502K(149504K)] 140321K->51128K(491008K), 0.0289509 secs] [Times: user=0.22 sys=0.03, real=0.03 secs] 
2019-06-10T05:57:23.420+0300: 11.347: [Full GC (Metadata GC Threshold) [PSYoungGen: 16502K->0K(149504K)] [ParOldGen: 34626K->39512K(341504K)] 51128K->39512K(491008K), [Metaspace: 34466K->34466K(1079296K)], 0.0588730 secs] [Times: user=0.27 sys=0.03, real=0.06 secs] 
2019-06-10T05:57:42.578+0300: 30.505: [GC (Allocation Failure) [PSYoungGen: 128512K->512K(149504K)] 168024K->40032K(491008K), 0.0068845 secs] [Times: user=0.06 sys=0.01, real=0.00 secs] 
2019-06-10T05:58:03.929+0300: 51.856: [GC (Allocation Failure) [PSYoungGen: 129024K->544K(149504K)] 168544K->40072K(491008K), 0.0055641 secs] [Times: user=0.03 sys=0.00, real=0.01 secs] 
05:58:13.603 [Curator-PathChildrenCache-0] ERROR o.a.c.f.r.c.PathChildrenCache  - 
java.lang.IllegalStateException: instance must be started before calling this method
	at org.apache.curator.shaded.com.google.common.base.Preconditions.checkState(Preconditions.java:444)
	at org.apache.curator.framework.imps.CuratorFrameworkImpl.getChildren(CuratorFrameworkImpl.java:456)
	at org.apache.curator.framework.recipes.cache.PathChildrenCache.refresh(PathChildrenCache.java:521)
	at org.apache.curator.framework.recipes.cache.RefreshOperation.invoke(RefreshOperation.java:35)
	at org.apache.curator.framework.recipes.cache.PathChildrenCache$9.run(PathChildrenCache.java:786)
	at java.util.concurrent.Executors$RunnableAdapter.call(Executors.java:511)
	at java.util.concurrent.FutureTask.run(FutureTask.java:266)
	at java.util.concurrent.Executors$RunnableAdapter.call(Executors.java:511)
	at java.util.concurrent.FutureTask.run(FutureTask.java:266)
	at java.util.concurrent.ThreadPoolExecutor.runWorker(ThreadPoolExecutor.java:1149)
	at java.util.concurrent.ThreadPoolExecutor$Worker.run(ThreadPoolExecutor.java:624)
	at java.lang.Thread.run(Thread.java:748)
Heap
 PSYoungGen      total 149504K, used 46389K [0x00000000f5980000, 0x0000000100000000, 0x0000000100000000)
  eden space 128512K, 35% used [0x00000000f5980000,0x00000000f8645440,0x00000000fd700000)
  from space 20992K, 2% used [0x00000000feb80000,0x00000000fec08040,0x0000000100000000)
  to   space 20992K, 0% used [0x00000000fd700000,0x00000000fd700000,0x00000000feb80000)
 ParOldGen       total 341504K, used 39528K [0x00000000e0c00000, 0x00000000f5980000, 0x00000000f5980000)
  object space 341504K, 11% used [0x00000000e0c00000,0x00000000e329a330,0x00000000f5980000)
 Metaspace       used 36048K, capacity 36948K, committed 37208K, reserved 1081344K
  class space    used 4979K, capacity 5168K, committed 5248K, reserved 1048576K
