08:00:19,782 |-INFO in ch.qos.logback.classic.LoggerContext[default] - Could NOT find resource [logback-test.xml]
08:00:19,782 |-INFO in ch.qos.logback.classic.LoggerContext[default] - Could NOT find resource [logback.groovy]
08:00:19,783 |-INFO in ch.qos.logback.classic.LoggerContext[default] - Found resource [logback.xml] at [jar:file:/root/flamestream/lib/flamestream-runtime-1.0-SNAPSHOT.jar!/logback.xml]
08:00:19,783 |-WARN in ch.qos.logback.classic.LoggerContext[default] - Resource [logback.xml] occurs multiple times on the classpath.
08:00:19,783 |-WARN in ch.qos.logback.classic.LoggerContext[default] - Resource [logback.xml] occurs at [jar:file:/root/flamestream/lib/flamestream-runtime-1.0-SNAPSHOT.jar!/logback.xml]
08:00:19,783 |-WARN in ch.qos.logback.classic.LoggerContext[default] - Resource [logback.xml] occurs at [jar:file:/root/flamestream/flamestream-runtime-1.0-SNAPSHOT.jar!/logback.xml]
08:00:19,804 |-INFO in ch.qos.logback.core.joran.spi.ConfigurationWatchList@3fb6a447 - URL [jar:file:/root/flamestream/lib/flamestream-runtime-1.0-SNAPSHOT.jar!/logback.xml] is not of type file
08:00:19,875 |-INFO in ch.qos.logback.classic.joran.action.ConfigurationAction - debug attribute not set
08:00:19,875 |-INFO in ch.qos.logback.core.joran.action.AppenderAction - About to instantiate appender of type [ch.qos.logback.core.ConsoleAppender]
08:00:19,889 |-INFO in ch.qos.logback.core.joran.action.AppenderAction - Naming appender as [STDOUT]
08:00:19,913 |-INFO in ch.qos.logback.core.joran.action.NestedComplexPropertyIA - Assuming default type [ch.qos.logback.classic.encoder.PatternLayoutEncoder] for [encoder] property
08:00:19,990 |-INFO in ch.qos.logback.core.joran.action.AppenderAction - About to instantiate appender of type [ch.qos.logback.core.rolling.RollingFileAppender]
08:00:19,998 |-INFO in ch.qos.logback.core.joran.action.AppenderAction - Naming appender as [FILE]
08:00:20,030 |-INFO in c.q.l.core.rolling.TimeBasedRollingPolicy@127618319 - No compression will be used
08:00:20,031 |-INFO in c.q.l.core.rolling.TimeBasedRollingPolicy@127618319 - Will use the pattern /tmp/application_%d{yyyy-MM-dd}.%i.log for the active file
08:00:20,034 |-INFO in ch.qos.logback.core.rolling.SizeAndTimeBasedFNATP@6b2fad11 - The date pattern is 'yyyy-MM-dd' from file name pattern '/tmp/application_%d{yyyy-MM-dd}.%i.log'.
08:00:20,034 |-INFO in ch.qos.logback.core.rolling.SizeAndTimeBasedFNATP@6b2fad11 - Roll-over at midnight.
08:00:20,039 |-INFO in ch.qos.logback.core.rolling.SizeAndTimeBasedFNATP@6b2fad11 - Setting initial period to Tue Jun 11 07:58:57 UTC 2019
08:00:20,040 |-WARN in ch.qos.logback.core.rolling.SizeAndTimeBasedFNATP@6b2fad11 - SizeAndTimeBasedFNATP is deprecated. Use SizeAndTimeBasedRollingPolicy instead
08:00:20,040 |-WARN in ch.qos.logback.core.rolling.SizeAndTimeBasedFNATP@6b2fad11 - For more information see http://logback.qos.ch/manual/appenders.html#SizeAndTimeBasedRollingPolicy
08:00:20,044 |-INFO in ch.qos.logback.core.joran.action.NestedComplexPropertyIA - Assuming default type [ch.qos.logback.classic.encoder.PatternLayoutEncoder] for [encoder] property
08:00:20,048 |-INFO in ch.qos.logback.core.rolling.RollingFileAppender[FILE] - Active log file name: /tmp/application.log
08:00:20,048 |-INFO in ch.qos.logback.core.rolling.RollingFileAppender[FILE] - File property is set to [/tmp/application.log]
08:00:20,049 |-INFO in ch.qos.logback.classic.joran.action.RootLoggerAction - Setting level of ROOT logger to WARN
08:00:20,049 |-INFO in ch.qos.logback.core.joran.action.AppenderRefAction - Attaching appender named [STDOUT] to Logger[ROOT]
08:00:20,051 |-INFO in ch.qos.logback.core.joran.action.AppenderRefAction - Attaching appender named [FILE] to Logger[ROOT]
08:00:20,051 |-INFO in ch.qos.logback.classic.joran.action.ConfigurationAction - End of configuration.
08:00:20,052 |-INFO in ch.qos.logback.classic.joran.JoranConfigurator@79698539 - Registering current configuration as safe fallback point

Ama winner
Ama winner
2019-06-11T08:00:21.370+0000: 1.776: [Full GC (Metadata GC Threshold) 2019-06-11T08:00:21.370+0000: 1.776: [Tenured: 0K->15144K(341376K), 0.0388365 secs] 114922K->15144K(494976K), [Metaspace: 20724K->20724K(1067008K)], 0.0389059 secs] [Times: user=0.03 sys=0.00, real=0.04 secs] 
08:00:36.906 [Curator-PathChildrenCache-1] WARN  o.a.c.u.ZKPaths  - The version of ZooKeeper being used doesn't support Container nodes. CreateMode.PERSISTENT will be used instead.
2019-06-11T08:00:39.233+0000: 19.639: [GC (Allocation Failure) 2019-06-11T08:00:39.233+0000: 19.639: [DefNew: 136576K->17023K(153600K), 0.0265340 secs] 151720K->52627K(494976K), 0.0266170 secs] [Times: user=0.01 sys=0.02, real=0.03 secs] 
2019-06-11T08:00:43.433+0000: 23.839: [Full GC (Metadata GC Threshold) 2019-06-11T08:00:43.433+0000: 23.839: [Tenured: 35603K->44064K(341376K), 0.0572452 secs] 154536K->44064K(494976K), [Metaspace: 34592K->34592K(1079296K)], 0.0573324 secs] [Times: user=0.06 sys=0.01, real=0.06 secs] 
2019-06-11T08:00:49.004+0000: 29.410: [GC (Allocation Failure) 2019-06-11T08:00:49.004+0000: 29.410: [DefNew: 136576K->61K(153600K), 0.0017196 secs] 180640K->44125K(494976K), 0.0017807 secs] [Times: user=0.00 sys=0.00, real=0.00 secs] 
2019-06-11T08:00:54.586+0000: 34.992: [GC (Allocation Failure) 2019-06-11T08:00:54.586+0000: 34.992: [DefNew: 136637K->88K(153600K), 0.0016205 secs] 180701K->44153K(494976K), 0.0016812 secs] [Times: user=0.00 sys=0.00, real=0.01 secs] 
2019-06-11T08:01:00.130+0000: 40.536: [GC (Allocation Failure) 2019-06-11T08:01:00.130+0000: 40.536: [DefNew: 136664K->126K(153600K), 0.0017546 secs] 180729K->44190K(494976K), 0.0018304 secs] [Times: user=0.00 sys=0.00, real=0.00 secs] 
2019-06-11T08:01:05.735+0000: 46.141: [GC (Allocation Failure) 2019-06-11T08:01:05.735+0000: 46.141: [DefNew: 136702K->122K(153600K), 0.0016465 secs] 180766K->44187K(494976K), 0.0017080 secs] [Times: user=0.00 sys=0.00, real=0.00 secs] 
08:01:17.184 [Curator-PathChildrenCache-0] ERROR o.a.c.f.r.c.PathChildrenCache  - 
java.lang.IllegalStateException: instance must be started before calling this method
	at org.apache.curator.shaded.com.google.common.base.Preconditions.checkState(Preconditions.java:444)
	at org.apache.curator.framework.imps.CuratorFrameworkImpl.getChildren(CuratorFrameworkImpl.java:456)
	at org.apache.curator.framework.recipes.cache.PathChildrenCache.refresh(PathChildrenCache.java:521)
	at org.apache.curator.framework.recipes.cache.RefreshOperation.invoke(RefreshOperation.java:35)
	at org.apache.curator.framework.recipes.cache.PathChildrenCache$9.run(PathChildrenCache.java:786)
	at java.util.concurrent.Executors$RunnableAdapter.call(Executors.java:511)
	at java.util.concurrent.FutureTask.run(FutureTask.java:266)
	at java.util.concurrent.Executors$RunnableAdapter.call(Executors.java:511)
	at java.util.concurrent.FutureTask.run(FutureTask.java:266)
	at java.util.concurrent.ThreadPoolExecutor.runWorker(ThreadPoolExecutor.java:1149)
	at java.util.concurrent.ThreadPoolExecutor$Worker.run(ThreadPoolExecutor.java:624)
	at java.lang.Thread.run(Thread.java:748)
Heap
 def new generation   total 153600K, used 107653K [0x00000000e0c00000, 0x00000000eb2a0000, 0x00000000eb2a0000)
  eden space 136576K,  78% used [0x00000000e0c00000, 0x00000000e75029f8, 0x00000000e9160000)
  from space 17024K,   0% used [0x00000000ea200000, 0x00000000ea21eb48, 0x00000000eb2a0000)
  to   space 17024K,   0% used [0x00000000e9160000, 0x00000000e9160000, 0x00000000ea200000)
 tenured generation   total 341376K, used 44064K [0x00000000eb2a0000, 0x0000000100000000, 0x0000000100000000)
   the space 341376K,  12% used [0x00000000eb2a0000, 0x00000000edda8200, 0x00000000edda8200, 0x0000000100000000)
 Metaspace       used 35691K, capacity 36640K, committed 36864K, reserved 1081344K
  class space    used 4829K, capacity 5042K, committed 5120K, reserved 1048576K
