20:09:24,332 |-INFO in ch.qos.logback.classic.LoggerContext[default] - Could NOT find resource [logback-test.xml]
20:09:24,333 |-INFO in ch.qos.logback.classic.LoggerContext[default] - Could NOT find resource [logback.groovy]
20:09:24,333 |-INFO in ch.qos.logback.classic.LoggerContext[default] - Found resource [logback.xml] at [jar:file:/home/nikitasokolov/flamestream/lib/flamestream-runtime-1.0-SNAPSHOT.jar!/logback.xml]
20:09:24,334 |-WARN in ch.qos.logback.classic.LoggerContext[default] - Resource [logback.xml] occurs multiple times on the classpath.
20:09:24,334 |-WARN in ch.qos.logback.classic.LoggerContext[default] - Resource [logback.xml] occurs at [jar:file:/home/nikitasokolov/flamestream/lib/flamestream-runtime-1.0-SNAPSHOT.jar!/logback.xml]
20:09:24,334 |-WARN in ch.qos.logback.classic.LoggerContext[default] - Resource [logback.xml] occurs at [jar:file:/home/nikitasokolov/flamestream/flamestream-runtime-1.0-SNAPSHOT.jar!/logback.xml]
20:09:24,353 |-INFO in ch.qos.logback.core.joran.spi.ConfigurationWatchList@6108b2d7 - URL [jar:file:/home/nikitasokolov/flamestream/lib/flamestream-runtime-1.0-SNAPSHOT.jar!/logback.xml] is not of type file
20:09:24,402 |-INFO in ch.qos.logback.classic.joran.action.ConfigurationAction - debug attribute not set
20:09:24,403 |-INFO in ch.qos.logback.core.joran.action.AppenderAction - About to instantiate appender of type [ch.qos.logback.core.ConsoleAppender]
20:09:24,411 |-INFO in ch.qos.logback.core.joran.action.AppenderAction - Naming appender as [STDOUT]
20:09:24,419 |-INFO in ch.qos.logback.core.joran.action.NestedComplexPropertyIA - Assuming default type [ch.qos.logback.classic.encoder.PatternLayoutEncoder] for [encoder] property
20:09:24,473 |-INFO in ch.qos.logback.core.joran.action.AppenderAction - About to instantiate appender of type [ch.qos.logback.core.rolling.RollingFileAppender]
20:09:24,478 |-INFO in ch.qos.logback.core.joran.action.AppenderAction - Naming appender as [FILE]
20:09:24,502 |-INFO in c.q.l.core.rolling.TimeBasedRollingPolicy@357863579 - No compression will be used
20:09:24,503 |-INFO in c.q.l.core.rolling.TimeBasedRollingPolicy@357863579 - Will use the pattern /tmp/application_%d{yyyy-MM-dd}.%i.log for the active file
20:09:24,506 |-INFO in ch.qos.logback.core.rolling.SizeAndTimeBasedFNATP@6bf256fa - The date pattern is 'yyyy-MM-dd' from file name pattern '/tmp/application_%d{yyyy-MM-dd}.%i.log'.
20:09:24,506 |-INFO in ch.qos.logback.core.rolling.SizeAndTimeBasedFNATP@6bf256fa - Roll-over at midnight.
20:09:24,510 |-INFO in ch.qos.logback.core.rolling.SizeAndTimeBasedFNATP@6bf256fa - Setting initial period to Sun Jun 09 20:08:39 MSK 2019
20:09:24,510 |-WARN in ch.qos.logback.core.rolling.SizeAndTimeBasedFNATP@6bf256fa - SizeAndTimeBasedFNATP is deprecated. Use SizeAndTimeBasedRollingPolicy instead
20:09:24,510 |-WARN in ch.qos.logback.core.rolling.SizeAndTimeBasedFNATP@6bf256fa - For more information see http://logback.qos.ch/manual/appenders.html#SizeAndTimeBasedRollingPolicy
20:09:24,514 |-INFO in ch.qos.logback.core.joran.action.NestedComplexPropertyIA - Assuming default type [ch.qos.logback.classic.encoder.PatternLayoutEncoder] for [encoder] property
20:09:24,517 |-INFO in ch.qos.logback.core.rolling.RollingFileAppender[FILE] - Active log file name: /tmp/application.log
20:09:24,517 |-INFO in ch.qos.logback.core.rolling.RollingFileAppender[FILE] - File property is set to [/tmp/application.log]
20:09:24,518 |-INFO in ch.qos.logback.classic.joran.action.RootLoggerAction - Setting level of ROOT logger to WARN
20:09:24,518 |-INFO in ch.qos.logback.core.joran.action.AppenderRefAction - Attaching appender named [STDOUT] to Logger[ROOT]
20:09:24,518 |-INFO in ch.qos.logback.core.joran.action.AppenderRefAction - Attaching appender named [FILE] to Logger[ROOT]
20:09:24,518 |-INFO in ch.qos.logback.classic.joran.action.ConfigurationAction - End of configuration.
20:09:24,519 |-INFO in ch.qos.logback.classic.joran.JoranConfigurator@6cd8737 - Registering current configuration as safe fallback point

2019-06-09T20:09:25.503+0300: 1.378: [GC (Metadata GC Threshold) [PSYoungGen: 110722K->15794K(149504K)] 110722K->15874K(491008K), 0.0197277 secs] [Times: user=0.07 sys=0.03, real=0.02 secs] 
2019-06-09T20:09:25.523+0300: 1.398: [Full GC (Metadata GC Threshold) [PSYoungGen: 15794K->0K(149504K)] [ParOldGen: 80K->15078K(341504K)] 15874K->15078K(491008K), [Metaspace: 20801K->20801K(1067008K)], 0.0250871 secs] [Times: user=0.15 sys=0.02, real=0.02 secs] 
20:09:33.625 [Curator-PathChildrenCache-1] WARN  o.a.c.u.ZKPaths  - The version of ZooKeeper being used doesn't support Container nodes. CreateMode.PERSISTENT will be used instead.
2019-06-09T20:09:34.613+0300: 10.488: [GC (Allocation Failure) [PSYoungGen: 128512K->20991K(149504K)] 143590K->49881K(491008K), 0.0201763 secs] [Times: user=0.21 sys=0.02, real=0.02 secs] 
2019-06-09T20:09:34.790+0300: 10.665: [GC (Metadata GC Threshold) [PSYoungGen: 32804K->20975K(149504K)] 61694K->50033K(491008K), 0.0121019 secs] [Times: user=0.12 sys=0.02, real=0.01 secs] 
2019-06-09T20:09:34.802+0300: 10.677: [Full GC (Metadata GC Threshold) [PSYoungGen: 20975K->0K(149504K)] [ParOldGen: 29057K->38939K(341504K)] 50033K->38939K(491008K), [Metaspace: 34567K->34567K(1079296K)], 0.0429904 secs] [Times: user=0.20 sys=0.02, real=0.04 secs] 
2019-06-09T20:09:37.804+0300: 13.679: [GC (Allocation Failure) [PSYoungGen: 128512K->352K(149504K)] 167451K->39299K(491008K), 0.0036495 secs] [Times: user=0.00 sys=0.01, real=0.00 secs] 
2019-06-09T20:09:41.390+0300: 17.265: [GC (Allocation Failure) [PSYoungGen: 128864K->544K(129536K)] 167811K->39499K(471040K), 0.0045918 secs] [Times: user=0.03 sys=0.01, real=0.00 secs] 
2019-06-09T20:09:44.986+0300: 20.861: [GC (Allocation Failure) [PSYoungGen: 129056K->448K(130048K)] 168011K->39411K(471552K), 0.0032654 secs] [Times: user=0.02 sys=0.01, real=0.00 secs] 
20:09:52.374 [Curator-PathChildrenCache-0] ERROR o.a.c.f.r.c.PathChildrenCache  - 
java.lang.IllegalStateException: instance must be started before calling this method
	at org.apache.curator.shaded.com.google.common.base.Preconditions.checkState(Preconditions.java:444)
	at org.apache.curator.framework.imps.CuratorFrameworkImpl.getChildren(CuratorFrameworkImpl.java:456)
	at org.apache.curator.framework.recipes.cache.PathChildrenCache.refresh(PathChildrenCache.java:521)
	at org.apache.curator.framework.recipes.cache.RefreshOperation.invoke(RefreshOperation.java:35)
	at org.apache.curator.framework.recipes.cache.PathChildrenCache$9.run(PathChildrenCache.java:786)
	at java.util.concurrent.Executors$RunnableAdapter.call(Executors.java:511)
	at java.util.concurrent.FutureTask.run(FutureTask.java:266)
	at java.util.concurrent.Executors$RunnableAdapter.call(Executors.java:511)
	at java.util.concurrent.FutureTask.run(FutureTask.java:266)
	at java.util.concurrent.ThreadPoolExecutor.runWorker(ThreadPoolExecutor.java:1149)
	at java.util.concurrent.ThreadPoolExecutor$Worker.run(ThreadPoolExecutor.java:624)
	at java.lang.Thread.run(Thread.java:748)
Heap
 PSYoungGen      total 130048K, used 63796K [0x00000000f5980000, 0x0000000100000000, 0x0000000100000000)
  eden space 89088K, 71% used [0x00000000f5980000,0x00000000f975d190,0x00000000fb080000)
  from space 40960K, 1% used [0x00000000fd800000,0x00000000fd870050,0x0000000100000000)
  to   space 40448K, 0% used [0x00000000fb080000,0x00000000fb080000,0x00000000fd800000)
 ParOldGen       total 341504K, used 38963K [0x00000000e0c00000, 0x00000000f5980000, 0x00000000f5980000)
  object space 341504K, 11% used [0x00000000e0c00000,0x00000000e320ccf8,0x00000000f5980000)
 Metaspace       used 35564K, capacity 36414K, committed 36696K, reserved 1081344K
  class space    used 4936K, capacity 5129K, committed 5248K, reserved 1048576K
