20:27:35,817 |-INFO in ch.qos.logback.classic.LoggerContext[default] - Could NOT find resource [logback-test.xml]
20:27:35,817 |-INFO in ch.qos.logback.classic.LoggerContext[default] - Could NOT find resource [logback.groovy]
20:27:35,817 |-INFO in ch.qos.logback.classic.LoggerContext[default] - Found resource [logback.xml] at [jar:file:/root/flamestream/lib/flamestream-runtime-1.0-SNAPSHOT.jar!/logback.xml]
20:27:35,819 |-WARN in ch.qos.logback.classic.LoggerContext[default] - Resource [logback.xml] occurs multiple times on the classpath.
20:27:35,819 |-WARN in ch.qos.logback.classic.LoggerContext[default] - Resource [logback.xml] occurs at [jar:file:/root/flamestream/lib/flamestream-runtime-1.0-SNAPSHOT.jar!/logback.xml]
20:27:35,819 |-WARN in ch.qos.logback.classic.LoggerContext[default] - Resource [logback.xml] occurs at [jar:file:/root/flamestream/flamestream-runtime-1.0-SNAPSHOT.jar!/logback.xml]
20:27:35,840 |-INFO in ch.qos.logback.core.joran.spi.ConfigurationWatchList@3fb6a447 - URL [jar:file:/root/flamestream/lib/flamestream-runtime-1.0-SNAPSHOT.jar!/logback.xml] is not of type file
20:27:35,908 |-INFO in ch.qos.logback.classic.joran.action.ConfigurationAction - debug attribute not set
20:27:35,909 |-INFO in ch.qos.logback.core.joran.action.AppenderAction - About to instantiate appender of type [ch.qos.logback.core.ConsoleAppender]
20:27:35,925 |-INFO in ch.qos.logback.core.joran.action.AppenderAction - Naming appender as [STDOUT]
20:27:35,946 |-INFO in ch.qos.logback.core.joran.action.NestedComplexPropertyIA - Assuming default type [ch.qos.logback.classic.encoder.PatternLayoutEncoder] for [encoder] property
20:27:36,027 |-INFO in ch.qos.logback.core.joran.action.AppenderAction - About to instantiate appender of type [ch.qos.logback.core.rolling.RollingFileAppender]
20:27:36,039 |-INFO in ch.qos.logback.core.joran.action.AppenderAction - Naming appender as [FILE]
20:27:36,067 |-INFO in c.q.l.core.rolling.TimeBasedRollingPolicy@127618319 - No compression will be used
20:27:36,069 |-INFO in c.q.l.core.rolling.TimeBasedRollingPolicy@127618319 - Will use the pattern /tmp/application_%d{yyyy-MM-dd}.%i.log for the active file
20:27:36,071 |-INFO in ch.qos.logback.core.rolling.SizeAndTimeBasedFNATP@6b2fad11 - The date pattern is 'yyyy-MM-dd' from file name pattern '/tmp/application_%d{yyyy-MM-dd}.%i.log'.
20:27:36,071 |-INFO in ch.qos.logback.core.rolling.SizeAndTimeBasedFNATP@6b2fad11 - Roll-over at midnight.
20:27:36,077 |-INFO in ch.qos.logback.core.rolling.SizeAndTimeBasedFNATP@6b2fad11 - Setting initial period to Sun Jul 07 20:26:21 UTC 2019
20:27:36,077 |-WARN in ch.qos.logback.core.rolling.SizeAndTimeBasedFNATP@6b2fad11 - SizeAndTimeBasedFNATP is deprecated. Use SizeAndTimeBasedRollingPolicy instead
20:27:36,077 |-WARN in ch.qos.logback.core.rolling.SizeAndTimeBasedFNATP@6b2fad11 - For more information see http://logback.qos.ch/manual/appenders.html#SizeAndTimeBasedRollingPolicy
20:27:36,081 |-INFO in ch.qos.logback.core.joran.action.NestedComplexPropertyIA - Assuming default type [ch.qos.logback.classic.encoder.PatternLayoutEncoder] for [encoder] property
20:27:36,086 |-INFO in ch.qos.logback.core.rolling.RollingFileAppender[FILE] - Active log file name: /tmp/application.log
20:27:36,086 |-INFO in ch.qos.logback.core.rolling.RollingFileAppender[FILE] - File property is set to [/tmp/application.log]
20:27:36,087 |-INFO in ch.qos.logback.classic.joran.action.RootLoggerAction - Setting level of ROOT logger to INFO
20:27:36,087 |-INFO in ch.qos.logback.core.joran.action.AppenderRefAction - Attaching appender named [STDOUT] to Logger[ROOT]
20:27:36,089 |-INFO in ch.qos.logback.core.joran.action.AppenderRefAction - Attaching appender named [FILE] to Logger[ROOT]
20:27:36,089 |-INFO in ch.qos.logback.classic.joran.action.ConfigurationAction - End of configuration.
20:27:36,090 |-INFO in ch.qos.logback.classic.joran.JoranConfigurator@79698539 - Registering current configuration as safe fallback point

20:27:36.095 [main] INFO  c.s.f.r.WorkerApplication  - Starting worker with workerConfig 'WorkerConfig{id='10.0.0.110', localAddress=10.0.0.110:5412, zkString='10.0.0.71:12181', snapshotPath='/root/flamestream/data', guarantees=AT_MOST_ONCE, maxElementsInGraph=100, millisBetweenCommits=5000000, defaultMinimalTime=0, distributedAcker=false}'
20:27:37.117 [worker-akka.actor.default-dispatcher-4] INFO  a.e.s.Slf4jLogger  - Slf4jLogger started
Ama winner
Ama winner
20:27:37.416 [worker-akka.actor.default-dispatcher-4] INFO  a.r.a.a.ArteryAeronUdpTransport(akka://worker) akka.remote.artery.aeron.ArteryAeronUdpTransport(akka://worker) - Started embedded media driver in directory [/dev/shm/aeron-10.0.0.110]
2019-07-07T20:27:37.527+0000: 1.902: [Full GC (Metadata GC Threshold) 2019-07-07T20:27:37.527+0000: 1.902: [Tenured: 0K->15144K(1024000K), 0.0888042 secs] 164032K->15144K(1484800K), [Metaspace: 20727K->20727K(1067008K)], 0.0888768 secs] [Times: user=0.04 sys=0.00, real=0.09 secs] 
20:27:37.763 [worker-akka.actor.default-dispatcher-4] INFO  a.r.a.a.ArteryAeronUdpTransport(akka://worker) akka.remote.artery.aeron.ArteryAeronUdpTransport(akka://worker) - Remoting started with transport [Artery aeron-udp]; listening on address [akka://worker@10.0.0.110:5412] with UID [8849073733856070826]
20:27:38.052 [worker-akka.actor.default-dispatcher-3] INFO  a.a.RepointableActorRef akka://worker/user/watcher - Starting...
20:27:38.152 [worker-akka.actor.default-dispatcher-4] INFO  o.a.c.u.Compatibility  - Running in ZooKeeper 3.4.x compatibility mode
20:27:38.203 [worker-akka.actor.default-dispatcher-4] INFO  o.a.c.f.i.CuratorFrameworkImpl  - Starting
20:27:38.222 [worker-akka.actor.default-dispatcher-4] INFO  o.a.z.ZooKeeper  - Client environment:zookeeper.version=3.4.9-1757313, built on 08/23/2016 06:50 GMT
20:27:38.222 [worker-akka.actor.default-dispatcher-4] INFO  o.a.z.ZooKeeper  - Client environment:host.name=<NA>
20:27:38.223 [worker-akka.actor.default-dispatcher-4] INFO  o.a.z.ZooKeeper  - Client environment:java.version=1.8.0_212
20:27:38.223 [worker-akka.actor.default-dispatcher-4] INFO  o.a.z.ZooKeeper  - Client environment:java.vendor=Oracle Corporation
20:27:38.223 [worker-akka.actor.default-dispatcher-4] INFO  o.a.z.ZooKeeper  - Client environment:java.home=/usr/lib/jvm/java-8-openjdk-amd64/jre
20:27:38.223 [worker-akka.actor.default-dispatcher-4] INFO  o.a.z.ZooKeeper  - Client environment:java.class.path=lib/commons-cli-1.4.jar:lib/minlog-1.3.0.jar:lib/asm-5.0.4.jar:lib/commons-csv-1.4.jar:lib/annotations-13.0.jar:lib/akka-slf4j_2.11-2.5.15.jar:lib/lz4-1.3.0.jar:lib/scala-java8-compat_2.11-0.7.0.jar:lib/jblas-1.2.4.jar:lib/objenesis-2.1.jar:lib/jackson-annotations-2.8.0.jar:lib/akka-actor_2.11-2.5.15.jar:lib/curator-client-4.0.1.jar:lib/aeron-client-1.9.3.jar:lib/leveldb-0.7.jar:lib/flamestream-core-1.0-SNAPSHOT.jar:lib/reflectasm-1.07-shaded.jar:lib/akka-testkit_2.11-2.5.15.jar:lib/slf4j-simple-1.8.0-beta4.jar:lib/commons-lang-2.6.jar:lib/curator-recipes-4.0.1.jar:lib/logback-classic-1.2.3.jar:lib/jool-0.9.12.jar:lib/kryo-4.0.0.jar:lib/ssl-config-core_2.11-0.2.4.jar:lib/jackson-annotations-2.9.6.jar:lib/leveldbjni-all-1.8.jar:lib/jackson-core-2.8.4.jar:lib/netty-3.10.6.Final.jar:lib/trove4j-3.0.3.jar:lib/logback-core-1.2.3.jar:lib/flamestream-examples-1.0-SNAPSHOT.jar:lib/jackson-databind-2.8.4.jar:lib/flamestream-runtime-1.0-SNAPSHOT.jar:lib/slf4j-api-1.7.24.jar:lib/jline-0.9.94.jar:lib/jedis-2.9.0.jar:lib/akka-protobuf_2.11-2.5.15.jar:lib/kryonet-2.21.jar:lib/akka-kryo-serialization_2.11-0.5.0.jar:lib/config-1.3.1.jar:lib/testng-6.10.jar:lib/agrona-0.9.18.jar:lib/leveldb-api-0.7.jar:lib/reactive-streams-1.0.2.jar:lib/reflectasm-1.11.3.jar:lib/jcommander-1.48.jar:lib/minlog-1.2.jar:lib/akka-stream_2.11-2.5.15.jar:lib/scala-parser-combinators_2.11-1.1.1.jar:lib/zookeeper-3.4.9.jar:lib/commons-1.4.9.jar:lib/commons-pool2-2.4.2.jar:lib/commons-io-2.4.jar:lib/akka-remote_2.11-2.5.15.jar:lib/rocksdbjni-5.5.1.jar:lib/guava-21.0.jar:lib/aeron-driver-1.9.3.jar:lib/flamestream-core-1.0-SNAPSHOT-tests.jar:lib/annotations-12.0.jar:lib/curator-framework-4.0.1.jar:lib/scala-library-2.11.12.jar:flamestream-runtime-1.0-SNAPSHOT.jar
20:27:38.223 [worker-akka.actor.default-dispatcher-4] INFO  o.a.z.ZooKeeper  - Client environment:java.library.path=/usr/java/packages/lib/amd64:/usr/lib/x86_64-linux-gnu/jni:/lib/x86_64-linux-gnu:/usr/lib/x86_64-linux-gnu:/usr/lib/jni:/lib:/usr/lib
20:27:38.223 [worker-akka.actor.default-dispatcher-4] INFO  o.a.z.ZooKeeper  - Client environment:java.io.tmpdir=/tmp
20:27:38.223 [worker-akka.actor.default-dispatcher-4] INFO  o.a.z.ZooKeeper  - Client environment:java.compiler=<NA>
20:27:38.224 [worker-akka.actor.default-dispatcher-4] INFO  o.a.z.ZooKeeper  - Client environment:os.name=Linux
20:27:38.225 [worker-akka.actor.default-dispatcher-4] INFO  o.a.z.ZooKeeper  - Client environment:os.arch=amd64
20:27:38.225 [worker-akka.actor.default-dispatcher-4] INFO  o.a.z.ZooKeeper  - Client environment:os.version=4.4.0-1049-aws
20:27:38.225 [worker-akka.actor.default-dispatcher-4] INFO  o.a.z.ZooKeeper  - Client environment:user.name=root
20:27:38.225 [worker-akka.actor.default-dispatcher-4] INFO  o.a.z.ZooKeeper  - Client environment:user.home=/root
20:27:38.225 [worker-akka.actor.default-dispatcher-4] INFO  o.a.z.ZooKeeper  - Client environment:user.dir=/root/flamestream
20:27:38.227 [worker-akka.actor.default-dispatcher-4] INFO  o.a.z.ZooKeeper  - Initiating client connection, connectString=10.0.0.71:12181 sessionTimeout=60000 watcher=org.apache.curator.ConnectionState@3a92ca9a
20:27:38.261 [worker-akka.actor.default-dispatcher-4-SendThread(10.0.0.71:12181)] INFO  o.a.z.ClientCnxn  - Opening socket connection to server 10.0.0.71/10.0.0.71:12181. Will not attempt to authenticate using SASL (unknown error)
20:27:38.266 [worker-akka.actor.default-dispatcher-4] INFO  o.a.c.f.i.CuratorFrameworkImpl  - Default schema
20:27:38.270 [worker-akka.actor.default-dispatcher-4-SendThread(10.0.0.71:12181)] INFO  o.a.z.ClientCnxn  - Socket connection established to 10.0.0.71/10.0.0.71:12181, initiating session
20:27:38.278 [worker-akka.actor.default-dispatcher-4-SendThread(10.0.0.71:12181)] INFO  o.a.z.ClientCnxn  - Session establishment complete on server 10.0.0.71/10.0.0.71:12181, sessionid = 0x100101a47450005, negotiated timeout = 60000
20:27:38.289 [worker-akka.actor.default-dispatcher-4-EventThread] INFO  o.a.c.f.s.ConnectionStateManager  - State change: CONNECTED
20:27:38.298 [worker-akka.actor.default-dispatcher-3] INFO  a.a.RepointableActorRef akka://worker/user/watcher - Initializing rocksDB backend
20:27:38.918 [worker-akka.actor.default-dispatcher-6] INFO  a.a.LocalActorRef akka://worker/user/watcher/processing-watcher - Starting...
20:27:49.002 [worker-akka.actor.default-dispatcher-4] INFO  a.a.LocalActorRef akka://worker/user/watcher/processing-watcher/$a - Starting...
20:27:49.025 [worker-akka.actor.default-dispatcher-6] INFO  a.a.LocalActorRef akka://worker/user/watcher/processing-watcher/$a - Stopped
20:27:49.595 [worker-akka.actor.default-dispatcher-6] INFO  a.a.LocalActorRef akka://worker/user/watcher/processing-watcher/$c/$a - Starting...
20:27:49.598 [worker-akka.actor.default-dispatcher-3] INFO  a.a.LocalActorRef akka://worker/user/watcher/processing-watcher/$c - Starting...
20:27:49.634 [worker-akka.actor.default-dispatcher-6] INFO  a.a.LocalActorRef akka://worker/user/watcher/processing-watcher/graph/graph - Starting...
20:27:49.831 [worker-akka.actor.default-dispatcher-6] INFO  a.a.LocalActorRef akka://worker/user/watcher/processing-watcher/graph/graph - Finishing constructor
20:27:49.834 [worker-akka.actor.default-dispatcher-5] INFO  a.a.LocalActorRef akka://worker/user/watcher/processing-watcher/graph/negotiator - Starting...
20:27:49.837 [worker-akka.actor.default-dispatcher-2] INFO  a.a.LocalActorRef akka://worker/user/watcher/processing-watcher/graph/edge - Starting...
20:27:49.839 [worker-akka.actor.default-dispatcher-6] INFO  a.a.LocalActorRef akka://worker/user/watcher/processing-watcher/graph - Starting FlameNode with config 'ClusterConfig{paths={10.0.0.117=akka://worker@10.0.0.117:5412/user/watcher/processing-watcher/graph, 10.0.0.114=akka://worker@10.0.0.114:5412/user/watcher/processing-watcher/graph, 10.0.0.157=akka://worker@10.0.0.157:5412/user/watcher/processing-watcher/graph, 10.0.0.110=akka://worker@10.0.0.110:5412/user/watcher/processing-watcher/graph, 10.0.0.156=akka://worker@10.0.0.156:5412/user/watcher/processing-watcher/graph}, masterLocation='10.0.0.117', hashGroups={10.0.0.117=com.spbsu.flamestream.runtime.config.HashGroup@346d5818, 10.0.0.114=com.spbsu.flamestream.runtime.config.HashGroup@5b96fac2, 10.0.0.157=com.spbsu.flamestream.runtime.config.HashGroup@9a421a79, 10.0.0.110=com.spbsu.flamestream.runtime.config.HashGroup@ff908bbc, 10.0.0.156=com.spbsu.flamestream.runtime.config.HashGroup@e1911c6e}}'
20:27:49.850 [worker-akka.actor.default-dispatcher-6] INFO  a.a.LocalActorRef akka://worker/user/watcher/processing-watcher/graph/negotiator - Requesting ticket for the frontClass FlameSocketGraphDeployerFront@10.0.0.110
20:27:49.927 [worker-akka.actor.default-dispatcher-4] INFO  c.s.f.r.e.s.SocketRear  - FlameSocketGraphDeployerRear@10.0.0.110: connecting to 10.0.0.71:5678
20:27:49.944 [worker-akka.actor.default-dispatcher-10] INFO  a.a.LocalActorRef akka://worker/user/watcher/processing-watcher/graph/edge/FlameSocketGraphDeployerFront - Starting...
20:27:49.945 [worker-akka.actor.default-dispatcher-4] INFO  c.s.f.r.e.s.SocketRear  - FlameSocketGraphDeployerRear@10.0.0.110: connected to 10.0.0.71:5678
20:27:49.946 [worker-akka.actor.default-dispatcher-4] INFO  a.a.LocalActorRef akka://worker/user/watcher/processing-watcher/graph/edge/FlameSocketGraphDeployerRear - Starting...
20:27:50.011 [worker-akka.actor.default-dispatcher-5] INFO  a.a.LocalActorRef akka://worker/user/watcher/processing-watcher/graph/graph - Received last commit 'LastCommit{globalTime=(0000000, min@min)}'
20:27:50.130 [worker-akka.actor.default-dispatcher-5] INFO  a.a.LocalActorRef akka://worker/user/watcher/processing-watcher/graph/negotiator - Ticket for the frontClass received: FrontTicket{allowedTimestamp=(0000000, FlameSocketGraphDeployerFront@10.0.0.110)}
20:27:50.131 [worker-akka.actor.default-dispatcher-3] INFO  c.s.f.r.e.s.SocketFront  - FlameSocketGraphDeployerFront@10.0.0.110: connecting to 10.0.0.71:4567
20:27:50.161 [worker-akka.actor.default-dispatcher-5] INFO  a.a.LocalActorRef akka://worker/user/watcher/processing-watcher/graph/graph/$a - Starting...
20:27:50.163 [worker-akka.actor.default-dispatcher-5] INFO  a.a.LocalActorRef akka://worker/user/watcher/processing-watcher/graph/graph/$b - Starting...
20:27:50.164 [worker-akka.actor.default-dispatcher-5] INFO  a.a.LocalActorRef akka://worker/user/watcher/processing-watcher/graph/graph/$c - Starting...
20:27:50.165 [worker-akka.actor.default-dispatcher-5] INFO  a.a.LocalActorRef akka://worker/user/watcher/processing-watcher/graph/graph/$d - Starting...
20:27:50.166 [worker-akka.actor.default-dispatcher-5] INFO  a.a.LocalActorRef akka://worker/user/watcher/processing-watcher/graph/graph/$e - Starting...
20:27:50.168 [worker-akka.actor.default-dispatcher-5] INFO  a.a.LocalActorRef akka://worker/user/watcher/processing-watcher/graph/graph/$f - Starting...
20:27:50.169 [worker-akka.actor.default-dispatcher-5] INFO  a.a.LocalActorRef akka://worker/user/watcher/processing-watcher/graph/graph/$g - Starting...
20:27:50.170 [worker-akka.actor.default-dispatcher-5] INFO  a.a.LocalActorRef akka://worker/user/watcher/processing-watcher/graph/graph/$h - Starting...
20:27:50.171 [worker-akka.actor.default-dispatcher-5] INFO  a.a.LocalActorRef akka://worker/user/watcher/processing-watcher/graph/graph/$i - Starting...
20:27:50.172 [worker-akka.actor.default-dispatcher-5] INFO  a.a.LocalActorRef akka://worker/user/watcher/processing-watcher/graph/graph/$j - Starting...
20:27:50.173 [worker-akka.actor.default-dispatcher-5] INFO  a.a.LocalActorRef akka://worker/user/watcher/processing-watcher/graph/graph/$k - Starting...
20:27:50.174 [worker-akka.actor.default-dispatcher-5] INFO  a.a.LocalActorRef akka://worker/user/watcher/processing-watcher/graph/graph/$l - Starting...
20:27:50.178 [worker-akka.actor.default-dispatcher-5] INFO  a.a.LocalActorRef akka://worker/user/watcher/processing-watcher/graph/graph/$m - Starting...
20:27:50.179 [worker-akka.actor.default-dispatcher-5] INFO  a.a.LocalActorRef akka://worker/user/watcher/processing-watcher/graph/graph/$n - Starting...
20:27:50.181 [worker-akka.actor.default-dispatcher-5] INFO  a.a.LocalActorRef akka://worker/user/watcher/processing-watcher/graph/graph/$o - Starting...
20:27:50.183 [worker-akka.actor.default-dispatcher-5] INFO  a.a.LocalActorRef akka://worker/user/watcher/processing-watcher/graph/graph/$p - Starting...
20:27:50.184 [worker-akka.actor.default-dispatcher-5] INFO  a.a.LocalActorRef akka://worker/user/watcher/processing-watcher/graph/graph/$q - Starting...
20:27:50.186 [worker-akka.actor.default-dispatcher-5] INFO  a.a.LocalActorRef akka://worker/user/watcher/processing-watcher/graph/graph/$r - Starting...
20:27:50.188 [worker-akka.actor.default-dispatcher-5] INFO  a.a.LocalActorRef akka://worker/user/watcher/processing-watcher/graph/graph/$s - Starting...
20:27:50.189 [worker-akka.actor.default-dispatcher-5] INFO  a.a.LocalActorRef akka://worker/user/watcher/processing-watcher/graph/graph/$t - Starting...
20:27:50.189 [worker-akka.actor.default-dispatcher-5] INFO  a.a.LocalActorRef akka://worker/user/watcher/processing-watcher/graph/graph/$u - Starting...
20:27:50.190 [worker-akka.actor.default-dispatcher-5] INFO  a.a.LocalActorRef akka://worker/user/watcher/processing-watcher/graph/graph/$v - Starting...
20:27:50.192 [worker-akka.actor.default-dispatcher-5] INFO  a.a.LocalActorRef akka://worker/user/watcher/processing-watcher/graph/graph/$w - Starting...
20:27:50.193 [worker-akka.actor.default-dispatcher-5] INFO  a.a.LocalActorRef akka://worker/user/watcher/processing-watcher/graph/graph/$x - Starting...
20:27:50.194 [worker-akka.actor.default-dispatcher-5] INFO  a.a.LocalActorRef akka://worker/user/watcher/processing-watcher/graph/graph/$y - Starting...
20:27:50.201 [worker-akka.actor.default-dispatcher-5] INFO  a.a.LocalActorRef akka://worker/user/watcher/processing-watcher/graph/graph/$z - Starting...
20:27:50.222 [worker-akka.actor.default-dispatcher-5] INFO  a.a.LocalActorRef akka://worker/user/watcher/processing-watcher/graph/graph/$z - Attached rear to graph (-9223372036854775808, min@min)
20:27:50.225 [worker-akka.actor.default-dispatcher-5] INFO  a.a.LocalActorRef akka://worker/user/watcher/processing-watcher/graph/graph/$A - Starting...
20:27:50.226 [worker-akka.actor.default-dispatcher-5] INFO  a.a.LocalActorRef akka://worker/user/watcher/processing-watcher/graph/graph/$B - Starting...
20:27:50.227 [worker-akka.actor.default-dispatcher-5] INFO  a.a.LocalActorRef akka://worker/user/watcher/processing-watcher/graph/graph/$C - Starting...
20:27:50.228 [worker-akka.actor.default-dispatcher-5] INFO  a.a.LocalActorRef akka://worker/user/watcher/processing-watcher/graph/graph/$D - Starting...
20:27:50.229 [worker-akka.actor.default-dispatcher-5] INFO  a.a.LocalActorRef akka://worker/user/watcher/processing-watcher/graph/graph/$E - Starting...
20:27:50.230 [worker-akka.actor.default-dispatcher-5] INFO  a.a.LocalActorRef akka://worker/user/watcher/processing-watcher/graph/graph/$F - Starting...
20:27:50.231 [worker-akka.actor.default-dispatcher-5] INFO  a.a.LocalActorRef akka://worker/user/watcher/processing-watcher/graph/graph/$G - Starting...
20:27:50.232 [worker-akka.actor.default-dispatcher-5] INFO  a.a.LocalActorRef akka://worker/user/watcher/processing-watcher/graph/graph/$H - Starting...
20:27:50.234 [worker-akka.actor.default-dispatcher-5] INFO  a.a.LocalActorRef akka://worker/user/watcher/processing-watcher/graph/graph/$I - Starting...
20:27:50.235 [worker-akka.actor.default-dispatcher-5] INFO  a.a.LocalActorRef akka://worker/user/watcher/processing-watcher/graph/graph/$J - Starting...
20:27:50.236 [worker-akka.actor.default-dispatcher-5] INFO  a.a.LocalActorRef akka://worker/user/watcher/processing-watcher/graph/graph/$K - Starting...
20:27:50.237 [worker-akka.actor.default-dispatcher-5] INFO  a.a.LocalActorRef akka://worker/user/watcher/processing-watcher/graph/graph/$L - Starting...
20:27:50.238 [worker-akka.actor.default-dispatcher-5] INFO  a.a.LocalActorRef akka://worker/user/watcher/processing-watcher/graph/graph/$M - Starting...
20:27:50.239 [worker-akka.actor.default-dispatcher-5] INFO  a.a.LocalActorRef akka://worker/user/watcher/processing-watcher/graph/graph/$N - Starting...
20:27:50.240 [worker-akka.actor.default-dispatcher-5] INFO  a.a.LocalActorRef akka://worker/user/watcher/processing-watcher/graph/graph/$O - Starting...
20:27:50.241 [worker-akka.actor.default-dispatcher-5] INFO  a.a.LocalActorRef akka://worker/user/watcher/processing-watcher/graph/graph/$P - Starting...
20:27:50.241 [worker-akka.actor.default-dispatcher-5] INFO  a.a.LocalActorRef akka://worker/user/watcher/processing-watcher/graph/graph/$Q - Starting...
20:27:50.241 [worker-akka.actor.default-dispatcher-5] INFO  a.a.LocalActorRef akka://worker/user/watcher/processing-watcher/graph/graph/$R - Starting...
20:27:50.244 [worker-akka.actor.default-dispatcher-5] INFO  a.a.LocalActorRef akka://worker/user/watcher/processing-watcher/graph/graph/$S - Starting...
20:27:50.244 [worker-akka.actor.default-dispatcher-5] INFO  a.a.LocalActorRef akka://worker/user/watcher/processing-watcher/graph/graph/$T - Starting...
20:27:50.244 [worker-akka.actor.default-dispatcher-5] INFO  a.a.LocalActorRef akka://worker/user/watcher/processing-watcher/graph/graph/$U - Starting...
20:27:50.245 [worker-akka.actor.default-dispatcher-5] INFO  a.a.LocalActorRef akka://worker/user/watcher/processing-watcher/graph/graph/$V - Starting...
20:27:50.247 [worker-akka.actor.default-dispatcher-5] INFO  a.a.LocalActorRef akka://worker/user/watcher/processing-watcher/graph/graph/$W - Starting...
20:27:50.247 [worker-akka.actor.default-dispatcher-5] INFO  a.a.LocalActorRef akka://worker/user/watcher/processing-watcher/graph/graph/$X - Starting...
20:27:50.248 [worker-akka.actor.default-dispatcher-5] INFO  a.a.LocalActorRef akka://worker/user/watcher/processing-watcher/graph/graph/$Y - Starting...
20:27:50.249 [worker-akka.actor.default-dispatcher-5] INFO  a.a.LocalActorRef akka://worker/user/watcher/processing-watcher/graph/graph/$Z - Starting...
20:27:50.251 [worker-akka.actor.default-dispatcher-5] INFO  a.a.LocalActorRef akka://worker/user/watcher/processing-watcher/graph/graph/$0 - Starting...
20:27:50.252 [worker-akka.actor.default-dispatcher-10] INFO  a.a.LocalActorRef akka://worker/user/watcher/processing-watcher/graph/graph/$1 - Starting...
WatermarksVsAckerGraph start -5000
WatermarksVsAckerGraph start -4900
2019-07-07T20:27:57.939+0000: 22.314: [Full GC (Metadata GC Threshold) 2019-07-07T20:27:57.939+0000: 22.314: [Tenured: 15144K->225752K(1024000K), 0.1349419 secs] 419451K->225752K(1484800K), [Metaspace: 34591K->34591K(1079296K)], 0.1350353 secs] [Times: user=0.10 sys=0.04, real=0.14 secs] 
WatermarksVsAckerGraph start -4800
WatermarksVsAckerGraph start -4700
WatermarksVsAckerGraph start -4600
WatermarksVsAckerGraph start -4500
WatermarksVsAckerGraph start -4400
WatermarksVsAckerGraph start -4300
WatermarksVsAckerGraph start -4200
WatermarksVsAckerGraph start -4100
WatermarksVsAckerGraph start -4000
WatermarksVsAckerGraph start -3900
WatermarksVsAckerGraph start -3800
WatermarksVsAckerGraph start -3700
WatermarksVsAckerGraph start -3600
WatermarksVsAckerGraph start -3500
WatermarksVsAckerGraph start -3400
WatermarksVsAckerGraph start -3300
WatermarksVsAckerGraph start -3200
WatermarksVsAckerGraph start -3100
WatermarksVsAckerGraph start -3000
WatermarksVsAckerGraph start -2900
WatermarksVsAckerGraph start -2800
WatermarksVsAckerGraph start -2700
WatermarksVsAckerGraph start -2600
WatermarksVsAckerGraph start -2500
WatermarksVsAckerGraph start -2400
WatermarksVsAckerGraph start -2300
WatermarksVsAckerGraph start -2200
WatermarksVsAckerGraph start -2100
WatermarksVsAckerGraph start -2000
WatermarksVsAckerGraph start -1900
WatermarksVsAckerGraph start -1800
WatermarksVsAckerGraph start -1700
WatermarksVsAckerGraph start -1600
WatermarksVsAckerGraph start -1500
WatermarksVsAckerGraph start -1400
WatermarksVsAckerGraph start -1300
WatermarksVsAckerGraph start -1200
WatermarksVsAckerGraph start -1100
WatermarksVsAckerGraph start -1000
WatermarksVsAckerGraph start -900
WatermarksVsAckerGraph start -800
WatermarksVsAckerGraph start -700
WatermarksVsAckerGraph start -600
WatermarksVsAckerGraph start -500
WatermarksVsAckerGraph start -400
WatermarksVsAckerGraph start -300
WatermarksVsAckerGraph start -200
WatermarksVsAckerGraph start -100
WatermarksVsAckerGraph start 0
WatermarksVsAckerGraph start 100
WatermarksVsAckerGraph start 200
WatermarksVsAckerGraph start 300
WatermarksVsAckerGraph start 400
WatermarksVsAckerGraph start 500
WatermarksVsAckerGraph start 600
WatermarksVsAckerGraph start 700
WatermarksVsAckerGraph start 800
WatermarksVsAckerGraph start 900
WatermarksVsAckerGraph start 1000
WatermarksVsAckerGraph start 1100
WatermarksVsAckerGraph start 1200
WatermarksVsAckerGraph start 1300
WatermarksVsAckerGraph start 1400
WatermarksVsAckerGraph start 1500
WatermarksVsAckerGraph start 1600
WatermarksVsAckerGraph start 1700
WatermarksVsAckerGraph start 1800
WatermarksVsAckerGraph start 1900
WatermarksVsAckerGraph start 2000
WatermarksVsAckerGraph start 2100
WatermarksVsAckerGraph start 2200
WatermarksVsAckerGraph start 2300
WatermarksVsAckerGraph start 2400
2019-07-07T20:32:07.532+0000: 271.907: [GC (Allocation Failure) 2019-07-07T20:32:07.533+0000: 271.907: [DefNew: 409600K->403K(460800K), 0.0049158 secs] 635352K->226156K(1484800K), 0.0049827 secs] [Times: user=0.01 sys=0.00, real=0.01 secs] 
WatermarksVsAckerGraph start 2500
WatermarksVsAckerGraph start 2600
WatermarksVsAckerGraph start 2700
WatermarksVsAckerGraph start 2800
WatermarksVsAckerGraph start 2900
WatermarksVsAckerGraph start 3000
WatermarksVsAckerGraph start 3100
WatermarksVsAckerGraph start 3200
WatermarksVsAckerGraph start 3300
WatermarksVsAckerGraph start 3400
WatermarksVsAckerGraph start 3500
WatermarksVsAckerGraph start 3600
WatermarksVsAckerGraph start 3700
WatermarksVsAckerGraph start 3800
WatermarksVsAckerGraph start 3900
WatermarksVsAckerGraph start 4000
WatermarksVsAckerGraph start 4100
WatermarksVsAckerGraph start 4200
WatermarksVsAckerGraph start 4300
WatermarksVsAckerGraph start 4400
WatermarksVsAckerGraph start 4500
WatermarksVsAckerGraph start 4600
WatermarksVsAckerGraph start 4700
WatermarksVsAckerGraph start 4800
WatermarksVsAckerGraph start 4900
WatermarksVsAckerGraph start 5000
WatermarksVsAckerGraph start 5100
WatermarksVsAckerGraph start 5200
WatermarksVsAckerGraph start 5300
WatermarksVsAckerGraph start 5400
WatermarksVsAckerGraph start 5500
WatermarksVsAckerGraph start 5600
WatermarksVsAckerGraph start 5700
WatermarksVsAckerGraph start 5800
WatermarksVsAckerGraph start 5900
WatermarksVsAckerGraph start 6000
WatermarksVsAckerGraph start 6100
WatermarksVsAckerGraph start 6200
WatermarksVsAckerGraph start 6300
WatermarksVsAckerGraph start 6400
WatermarksVsAckerGraph start 6500
WatermarksVsAckerGraph start 6600
WatermarksVsAckerGraph start 6700
WatermarksVsAckerGraph start 6800
WatermarksVsAckerGraph start 6900
WatermarksVsAckerGraph start 7000
WatermarksVsAckerGraph start 7100
WatermarksVsAckerGraph start 7200
WatermarksVsAckerGraph start 7300
WatermarksVsAckerGraph start 7400
WatermarksVsAckerGraph start 7500
WatermarksVsAckerGraph start 7600
WatermarksVsAckerGraph start 7700
WatermarksVsAckerGraph start 7800
WatermarksVsAckerGraph start 7900
WatermarksVsAckerGraph start 8000
WatermarksVsAckerGraph start 8100
WatermarksVsAckerGraph start 8200
WatermarksVsAckerGraph start 8300
WatermarksVsAckerGraph start 8400
WatermarksVsAckerGraph start 8500
WatermarksVsAckerGraph start 8600
WatermarksVsAckerGraph start 8700
WatermarksVsAckerGraph start 8800
WatermarksVsAckerGraph start 8900
WatermarksVsAckerGraph start 9000
WatermarksVsAckerGraph start 9100
WatermarksVsAckerGraph start 9200
WatermarksVsAckerGraph start 9300
WatermarksVsAckerGraph start 9400
WatermarksVsAckerGraph start 9500
WatermarksVsAckerGraph start 9600
WatermarksVsAckerGraph start 9700
WatermarksVsAckerGraph start 9800
WatermarksVsAckerGraph start 9900
WatermarksVsAckerGraph start 10000
WatermarksVsAckerGraph start 10100
WatermarksVsAckerGraph start 10200
WatermarksVsAckerGraph start 10300
WatermarksVsAckerGraph start 10400
WatermarksVsAckerGraph start 10500
WatermarksVsAckerGraph start 10600
WatermarksVsAckerGraph start 10700
WatermarksVsAckerGraph start 10800
WatermarksVsAckerGraph start 10900
WatermarksVsAckerGraph start 11000
WatermarksVsAckerGraph start 11100
WatermarksVsAckerGraph start 11200
WatermarksVsAckerGraph start 11300
WatermarksVsAckerGraph start 11400
WatermarksVsAckerGraph start 11500
WatermarksVsAckerGraph start 11600
WatermarksVsAckerGraph start 11700
WatermarksVsAckerGraph start 11800
WatermarksVsAckerGraph start 11900
WatermarksVsAckerGraph start 12000
WatermarksVsAckerGraph start 12100
WatermarksVsAckerGraph start 12200
WatermarksVsAckerGraph start 12300
2019-07-07T20:32:30.018+0000: 294.393: [GC (Allocation Failure) 2019-07-07T20:32:30.018+0000: 294.393: [DefNew: 410003K->154K(460800K), 0.0028315 secs] 635756K->225906K(1484800K), 0.0028992 secs] [Times: user=0.00 sys=0.00, real=0.00 secs] 
WatermarksVsAckerGraph start 12400
WatermarksVsAckerGraph start 12500
WatermarksVsAckerGraph start 12600
WatermarksVsAckerGraph start 12700
WatermarksVsAckerGraph start 12800
WatermarksVsAckerGraph start 12900
WatermarksVsAckerGraph start 13000
WatermarksVsAckerGraph start 13100
WatermarksVsAckerGraph start 13200
WatermarksVsAckerGraph start 13300
WatermarksVsAckerGraph start 13400
WatermarksVsAckerGraph start 13500
WatermarksVsAckerGraph start 13600
WatermarksVsAckerGraph start 13700
WatermarksVsAckerGraph start 13800
WatermarksVsAckerGraph start 13900
WatermarksVsAckerGraph start 14000
WatermarksVsAckerGraph start 14100
WatermarksVsAckerGraph start 14200
WatermarksVsAckerGraph start 14300
WatermarksVsAckerGraph start 14400
WatermarksVsAckerGraph start 14500
WatermarksVsAckerGraph start 14600
WatermarksVsAckerGraph start 14700
WatermarksVsAckerGraph start 14800
WatermarksVsAckerGraph start 14900
WatermarksVsAckerGraph start 15000
WatermarksVsAckerGraph start 15100
WatermarksVsAckerGraph start 15200
WatermarksVsAckerGraph start 15300
WatermarksVsAckerGraph start 15400
WatermarksVsAckerGraph start 15500
WatermarksVsAckerGraph start 15600
WatermarksVsAckerGraph start 15700
WatermarksVsAckerGraph start 15800
WatermarksVsAckerGraph start 15900
WatermarksVsAckerGraph start 16000
WatermarksVsAckerGraph start 16100
WatermarksVsAckerGraph start 16200
WatermarksVsAckerGraph start 16300
WatermarksVsAckerGraph start 16400
WatermarksVsAckerGraph start 16500
WatermarksVsAckerGraph start 16600
WatermarksVsAckerGraph start 16700
WatermarksVsAckerGraph start 16800
WatermarksVsAckerGraph start 16900
WatermarksVsAckerGraph start 17000
WatermarksVsAckerGraph start 17100
WatermarksVsAckerGraph start 17200
WatermarksVsAckerGraph start 17300
WatermarksVsAckerGraph start 17400
WatermarksVsAckerGraph start 17500
WatermarksVsAckerGraph start 17600
WatermarksVsAckerGraph start 17700
WatermarksVsAckerGraph start 17800
WatermarksVsAckerGraph start 17900
WatermarksVsAckerGraph start 18000
WatermarksVsAckerGraph start 18100
WatermarksVsAckerGraph start 18200
WatermarksVsAckerGraph start 18300
WatermarksVsAckerGraph start 18400
WatermarksVsAckerGraph start 18500
WatermarksVsAckerGraph start 18600
WatermarksVsAckerGraph start 18700
WatermarksVsAckerGraph start 18800
WatermarksVsAckerGraph start 18900
WatermarksVsAckerGraph start 19000
WatermarksVsAckerGraph start 19100
WatermarksVsAckerGraph start 19200
WatermarksVsAckerGraph start 19300
WatermarksVsAckerGraph start 19400
WatermarksVsAckerGraph start 19500
WatermarksVsAckerGraph start 19600
WatermarksVsAckerGraph start 19700
WatermarksVsAckerGraph start 19800
WatermarksVsAckerGraph start 19900
WatermarksVsAckerGraph start 20000
WatermarksVsAckerGraph start 20100
WatermarksVsAckerGraph start 20200
WatermarksVsAckerGraph start 20300
WatermarksVsAckerGraph start 20400
WatermarksVsAckerGraph start 20500
WatermarksVsAckerGraph start 20600
WatermarksVsAckerGraph start 20700
WatermarksVsAckerGraph start 20800
WatermarksVsAckerGraph start 20900
WatermarksVsAckerGraph start 21000
WatermarksVsAckerGraph start 21100
WatermarksVsAckerGraph start 21200
WatermarksVsAckerGraph start 21300
WatermarksVsAckerGraph start 21400
WatermarksVsAckerGraph start 21500
WatermarksVsAckerGraph start 21600
WatermarksVsAckerGraph start 21700
WatermarksVsAckerGraph start 21800
WatermarksVsAckerGraph start 21900
WatermarksVsAckerGraph start 22000
WatermarksVsAckerGraph start 22100
2019-07-07T20:32:52.363+0000: 316.737: [GC (Allocation Failure) 2019-07-07T20:32:52.363+0000: 316.737: [DefNew: 409754K->168K(460800K), 0.0024995 secs] 635506K->225920K(1484800K), 0.0025622 secs] [Times: user=0.00 sys=0.00, real=0.00 secs] 
WatermarksVsAckerGraph start 22200
WatermarksVsAckerGraph start 22300
WatermarksVsAckerGraph start 22400
WatermarksVsAckerGraph start 22500
WatermarksVsAckerGraph start 22600
WatermarksVsAckerGraph start 22700
WatermarksVsAckerGraph start 22800
WatermarksVsAckerGraph start 22900
WatermarksVsAckerGraph start 23000
WatermarksVsAckerGraph start 23100
WatermarksVsAckerGraph start 23200
WatermarksVsAckerGraph start 23300
WatermarksVsAckerGraph start 23400
WatermarksVsAckerGraph start 23500
WatermarksVsAckerGraph start 23600
WatermarksVsAckerGraph start 23700
WatermarksVsAckerGraph start 23800
WatermarksVsAckerGraph start 23900
WatermarksVsAckerGraph start 24000
WatermarksVsAckerGraph start 24100
WatermarksVsAckerGraph start 24200
WatermarksVsAckerGraph start 24300
WatermarksVsAckerGraph start 24400
WatermarksVsAckerGraph start 24500
WatermarksVsAckerGraph start 24600
WatermarksVsAckerGraph start 24700
WatermarksVsAckerGraph start 24800
WatermarksVsAckerGraph start 24900
WatermarksVsAckerGraph start 25000
WatermarksVsAckerGraph start 25100
WatermarksVsAckerGraph start 25200
WatermarksVsAckerGraph start 25300
WatermarksVsAckerGraph start 25400
WatermarksVsAckerGraph start 25500
WatermarksVsAckerGraph start 25600
WatermarksVsAckerGraph start 25700
WatermarksVsAckerGraph start 25800
WatermarksVsAckerGraph start 25900
WatermarksVsAckerGraph start 26000
WatermarksVsAckerGraph start 26100
WatermarksVsAckerGraph start 26200
WatermarksVsAckerGraph start 26300
WatermarksVsAckerGraph start 26400
WatermarksVsAckerGraph start 26500
WatermarksVsAckerGraph start 26600
WatermarksVsAckerGraph start 26700
WatermarksVsAckerGraph start 26800
WatermarksVsAckerGraph start 26900
WatermarksVsAckerGraph start 27000
WatermarksVsAckerGraph start 27100
WatermarksVsAckerGraph start 27200
WatermarksVsAckerGraph start 27300
WatermarksVsAckerGraph start 27400
WatermarksVsAckerGraph start 27500
WatermarksVsAckerGraph start 27600
WatermarksVsAckerGraph start 27700
WatermarksVsAckerGraph start 27800
WatermarksVsAckerGraph start 27900
WatermarksVsAckerGraph start 28000
WatermarksVsAckerGraph start 28100
WatermarksVsAckerGraph start 28200
WatermarksVsAckerGraph start 28300
WatermarksVsAckerGraph start 28400
WatermarksVsAckerGraph start 28500
WatermarksVsAckerGraph start 28600
WatermarksVsAckerGraph start 28700
WatermarksVsAckerGraph start 28800
WatermarksVsAckerGraph start 28900
WatermarksVsAckerGraph start 29000
WatermarksVsAckerGraph start 29100
WatermarksVsAckerGraph start 29200
WatermarksVsAckerGraph start 29300
WatermarksVsAckerGraph start 29400
WatermarksVsAckerGraph start 29500
WatermarksVsAckerGraph start 29600
WatermarksVsAckerGraph start 29700
WatermarksVsAckerGraph start 29800
WatermarksVsAckerGraph start 29900
WatermarksVsAckerGraph start 30000
WatermarksVsAckerGraph start 30100
WatermarksVsAckerGraph start 30200
WatermarksVsAckerGraph start 30300
WatermarksVsAckerGraph start 30400
WatermarksVsAckerGraph start 30500
WatermarksVsAckerGraph start 30600
WatermarksVsAckerGraph start 30700
WatermarksVsAckerGraph start 30800
WatermarksVsAckerGraph start 30900
WatermarksVsAckerGraph start 31000
WatermarksVsAckerGraph start 31100
WatermarksVsAckerGraph start 31200
WatermarksVsAckerGraph start 31300
WatermarksVsAckerGraph start 31400
WatermarksVsAckerGraph start 31500
WatermarksVsAckerGraph start 31600
WatermarksVsAckerGraph start 31700
WatermarksVsAckerGraph start 31800
WatermarksVsAckerGraph start 31900
WatermarksVsAckerGraph start 32000
WatermarksVsAckerGraph start 32100
2019-07-07T20:33:15.164+0000: 339.539: [GC (Allocation Failure) 2019-07-07T20:33:15.165+0000: 339.539: [DefNew: 409768K->169K(460800K), 0.0026035 secs] 635520K->225921K(1484800K), 0.0026673 secs] [Times: user=0.01 sys=0.00, real=0.00 secs] 
WatermarksVsAckerGraph start 32200
WatermarksVsAckerGraph start 32300
WatermarksVsAckerGraph start 32400
WatermarksVsAckerGraph start 32500
WatermarksVsAckerGraph start 32600
WatermarksVsAckerGraph start 32700
WatermarksVsAckerGraph start 32800
WatermarksVsAckerGraph start 32900
WatermarksVsAckerGraph start 33000
WatermarksVsAckerGraph start 33100
WatermarksVsAckerGraph start 33200
WatermarksVsAckerGraph start 33300
WatermarksVsAckerGraph start 33400
WatermarksVsAckerGraph start 33500
WatermarksVsAckerGraph start 33600
WatermarksVsAckerGraph start 33700
WatermarksVsAckerGraph start 33800
WatermarksVsAckerGraph start 33900
WatermarksVsAckerGraph start 34000
WatermarksVsAckerGraph start 34100
WatermarksVsAckerGraph start 34200
WatermarksVsAckerGraph start 34300
WatermarksVsAckerGraph start 34400
WatermarksVsAckerGraph start 34500
WatermarksVsAckerGraph start 34600
WatermarksVsAckerGraph start 34700
WatermarksVsAckerGraph start 34800
WatermarksVsAckerGraph start 34900
WatermarksVsAckerGraph start 35000
WatermarksVsAckerGraph start 35100
WatermarksVsAckerGraph start 35200
WatermarksVsAckerGraph start 35300
WatermarksVsAckerGraph start 35400
WatermarksVsAckerGraph start 35500
WatermarksVsAckerGraph start 35600
WatermarksVsAckerGraph start 35700
WatermarksVsAckerGraph start 35800
WatermarksVsAckerGraph start 35900
WatermarksVsAckerGraph start 36000
WatermarksVsAckerGraph start 36100
WatermarksVsAckerGraph start 36200
WatermarksVsAckerGraph start 36300
WatermarksVsAckerGraph start 36400
WatermarksVsAckerGraph start 36500
WatermarksVsAckerGraph start 36600
WatermarksVsAckerGraph start 36700
WatermarksVsAckerGraph start 36800
WatermarksVsAckerGraph start 36900
WatermarksVsAckerGraph start 37000
WatermarksVsAckerGraph start 37100
WatermarksVsAckerGraph start 37200
WatermarksVsAckerGraph start 37300
WatermarksVsAckerGraph start 37400
WatermarksVsAckerGraph start 37500
WatermarksVsAckerGraph start 37600
WatermarksVsAckerGraph start 37700
WatermarksVsAckerGraph start 37800
WatermarksVsAckerGraph start 37900
WatermarksVsAckerGraph start 38000
WatermarksVsAckerGraph start 38100
WatermarksVsAckerGraph start 38200
WatermarksVsAckerGraph start 38300
WatermarksVsAckerGraph start 38400
WatermarksVsAckerGraph start 38500
WatermarksVsAckerGraph start 38600
WatermarksVsAckerGraph start 38700
WatermarksVsAckerGraph start 38800
WatermarksVsAckerGraph start 38900
WatermarksVsAckerGraph start 39000
WatermarksVsAckerGraph start 39100
WatermarksVsAckerGraph start 39200
WatermarksVsAckerGraph start 39300
WatermarksVsAckerGraph start 39400
WatermarksVsAckerGraph start 39500
WatermarksVsAckerGraph start 39600
WatermarksVsAckerGraph start 39700
WatermarksVsAckerGraph start 39800
WatermarksVsAckerGraph start 39900
WatermarksVsAckerGraph start 40000
WatermarksVsAckerGraph start 40100
WatermarksVsAckerGraph start 40200
WatermarksVsAckerGraph start 40300
WatermarksVsAckerGraph start 40400
WatermarksVsAckerGraph start 40500
WatermarksVsAckerGraph start 40600
WatermarksVsAckerGraph start 40700
WatermarksVsAckerGraph start 40800
WatermarksVsAckerGraph start 40900
WatermarksVsAckerGraph start 41000
WatermarksVsAckerGraph start 41100
WatermarksVsAckerGraph start 41200
WatermarksVsAckerGraph start 41300
WatermarksVsAckerGraph start 41400
WatermarksVsAckerGraph start 41500
WatermarksVsAckerGraph start 41600
WatermarksVsAckerGraph start 41700
WatermarksVsAckerGraph start 41800
WatermarksVsAckerGraph start 41900
WatermarksVsAckerGraph start 42000
WatermarksVsAckerGraph start 42100
WatermarksVsAckerGraph start 42200
2019-07-07T20:33:37.968+0000: 362.343: [GC (Allocation Failure) 2019-07-07T20:33:37.968+0000: 362.343: [DefNew: 409769K->170K(460800K), 0.0026190 secs] 635521K->225922K(1484800K), 0.0026846 secs] [Times: user=0.00 sys=0.00, real=0.00 secs] 
WatermarksVsAckerGraph start 42300
WatermarksVsAckerGraph start 42400
WatermarksVsAckerGraph start 42500
WatermarksVsAckerGraph start 42600
WatermarksVsAckerGraph start 42700
WatermarksVsAckerGraph start 42800
WatermarksVsAckerGraph start 42900
WatermarksVsAckerGraph start 43000
WatermarksVsAckerGraph start 43100
WatermarksVsAckerGraph start 43200
WatermarksVsAckerGraph start 43300
WatermarksVsAckerGraph start 43400
WatermarksVsAckerGraph start 43500
WatermarksVsAckerGraph start 43600
WatermarksVsAckerGraph start 43700
WatermarksVsAckerGraph start 43800
WatermarksVsAckerGraph start 43900
WatermarksVsAckerGraph start 44000
WatermarksVsAckerGraph start 44100
WatermarksVsAckerGraph start 44200
WatermarksVsAckerGraph start 44300
WatermarksVsAckerGraph start 44400
WatermarksVsAckerGraph start 44500
WatermarksVsAckerGraph start 44600
WatermarksVsAckerGraph start 44700
WatermarksVsAckerGraph start 44800
WatermarksVsAckerGraph start 44900
WatermarksVsAckerGraph start 45000
WatermarksVsAckerGraph start 45100
WatermarksVsAckerGraph start 45200
WatermarksVsAckerGraph start 45300
WatermarksVsAckerGraph start 45400
WatermarksVsAckerGraph start 45500
WatermarksVsAckerGraph start 45600
WatermarksVsAckerGraph start 45700
WatermarksVsAckerGraph start 45800
WatermarksVsAckerGraph start 45900
WatermarksVsAckerGraph start 46000
WatermarksVsAckerGraph start 46100
WatermarksVsAckerGraph start 46200
WatermarksVsAckerGraph start 46300
WatermarksVsAckerGraph start 46400
WatermarksVsAckerGraph start 46500
WatermarksVsAckerGraph start 46600
WatermarksVsAckerGraph start 46700
WatermarksVsAckerGraph start 46800
WatermarksVsAckerGraph start 46900
WatermarksVsAckerGraph start 47000
WatermarksVsAckerGraph start 47100
WatermarksVsAckerGraph start 47200
WatermarksVsAckerGraph start 47300
WatermarksVsAckerGraph start 47400
WatermarksVsAckerGraph start 47500
WatermarksVsAckerGraph start 47600
WatermarksVsAckerGraph start 47700
WatermarksVsAckerGraph start 47800
WatermarksVsAckerGraph start 47900
WatermarksVsAckerGraph start 48000
WatermarksVsAckerGraph start 48100
WatermarksVsAckerGraph start 48200
WatermarksVsAckerGraph start 48300
WatermarksVsAckerGraph start 48400
WatermarksVsAckerGraph start 48500
WatermarksVsAckerGraph start 48600
WatermarksVsAckerGraph start 48700
WatermarksVsAckerGraph start 48800
WatermarksVsAckerGraph start 48900
WatermarksVsAckerGraph start 49000
WatermarksVsAckerGraph start 49100
WatermarksVsAckerGraph start 49200
WatermarksVsAckerGraph start 49300
WatermarksVsAckerGraph start 49400
WatermarksVsAckerGraph start 49500
WatermarksVsAckerGraph start 49600
WatermarksVsAckerGraph start 49700
WatermarksVsAckerGraph start 49800
WatermarksVsAckerGraph start 49900
WatermarksVsAckerGraph start 50000
WatermarksVsAckerGraph start 50100
WatermarksVsAckerGraph start 50200
WatermarksVsAckerGraph start 50300
WatermarksVsAckerGraph start 50400
WatermarksVsAckerGraph start 50500
WatermarksVsAckerGraph start 50600
WatermarksVsAckerGraph start 50700
WatermarksVsAckerGraph start 50800
WatermarksVsAckerGraph start 50900
WatermarksVsAckerGraph start 51000
WatermarksVsAckerGraph start 51100
WatermarksVsAckerGraph start 51200
WatermarksVsAckerGraph start 51300
WatermarksVsAckerGraph start 51400
WatermarksVsAckerGraph start 51500
WatermarksVsAckerGraph start 51600
WatermarksVsAckerGraph start 51700
WatermarksVsAckerGraph start 51800
WatermarksVsAckerGraph start 51900
WatermarksVsAckerGraph start 52000
WatermarksVsAckerGraph start 52100
2019-07-07T20:34:00.655+0000: 385.029: [GC (Allocation Failure) 2019-07-07T20:34:00.655+0000: 385.029: [DefNew: 409770K->159K(460800K), 0.0024726 secs] 635522K->225911K(1484800K), 0.0025309 secs] [Times: user=0.00 sys=0.00, real=0.00 secs] 
WatermarksVsAckerGraph start 52200
WatermarksVsAckerGraph start 52300
WatermarksVsAckerGraph start 52400
WatermarksVsAckerGraph start 52500
WatermarksVsAckerGraph start 52600
WatermarksVsAckerGraph start 52700
WatermarksVsAckerGraph start 52800
WatermarksVsAckerGraph start 52900
WatermarksVsAckerGraph start 53000
WatermarksVsAckerGraph start 53100
WatermarksVsAckerGraph start 53200
WatermarksVsAckerGraph start 53300
WatermarksVsAckerGraph start 53400
WatermarksVsAckerGraph start 53500
WatermarksVsAckerGraph start 53600
WatermarksVsAckerGraph start 53700
WatermarksVsAckerGraph start 53800
WatermarksVsAckerGraph start 53900
WatermarksVsAckerGraph start 54000
WatermarksVsAckerGraph start 54100
WatermarksVsAckerGraph start 54200
WatermarksVsAckerGraph start 54300
WatermarksVsAckerGraph start 54400
WatermarksVsAckerGraph start 54500
WatermarksVsAckerGraph start 54600
WatermarksVsAckerGraph start 54700
WatermarksVsAckerGraph start 54800
WatermarksVsAckerGraph start 54900
WatermarksVsAckerGraph start 55000
WatermarksVsAckerGraph start 55100
WatermarksVsAckerGraph start 55200
WatermarksVsAckerGraph start 55300
WatermarksVsAckerGraph start 55400
WatermarksVsAckerGraph start 55500
WatermarksVsAckerGraph start 55600
WatermarksVsAckerGraph start 55700
WatermarksVsAckerGraph start 55800
WatermarksVsAckerGraph start 55900
WatermarksVsAckerGraph start 56000
WatermarksVsAckerGraph start 56100
WatermarksVsAckerGraph start 56200
WatermarksVsAckerGraph start 56300
WatermarksVsAckerGraph start 56400
WatermarksVsAckerGraph start 56500
WatermarksVsAckerGraph start 56600
WatermarksVsAckerGraph start 56700
WatermarksVsAckerGraph start 56800
WatermarksVsAckerGraph start 56900
WatermarksVsAckerGraph start 57000
WatermarksVsAckerGraph start 57100
WatermarksVsAckerGraph start 57200
WatermarksVsAckerGraph start 57300
WatermarksVsAckerGraph start 57400
WatermarksVsAckerGraph start 57500
WatermarksVsAckerGraph start 57600
WatermarksVsAckerGraph start 57700
WatermarksVsAckerGraph start 57800
WatermarksVsAckerGraph start 57900
WatermarksVsAckerGraph start 58000
WatermarksVsAckerGraph start 58100
WatermarksVsAckerGraph start 58200
WatermarksVsAckerGraph start 58300
WatermarksVsAckerGraph start 58400
WatermarksVsAckerGraph start 58500
WatermarksVsAckerGraph start 58600
WatermarksVsAckerGraph start 58700
WatermarksVsAckerGraph start 58800
WatermarksVsAckerGraph start 58900
WatermarksVsAckerGraph start 59000
WatermarksVsAckerGraph start 59100
WatermarksVsAckerGraph start 59200
WatermarksVsAckerGraph start 59300
WatermarksVsAckerGraph start 59400
WatermarksVsAckerGraph start 59500
WatermarksVsAckerGraph start 59600
WatermarksVsAckerGraph start 59700
WatermarksVsAckerGraph start 59800
WatermarksVsAckerGraph start 59900
WatermarksVsAckerGraph start 60000
WatermarksVsAckerGraph start 60100
WatermarksVsAckerGraph start 60200
WatermarksVsAckerGraph start 60300
WatermarksVsAckerGraph start 60400
WatermarksVsAckerGraph start 60500
WatermarksVsAckerGraph start 60600
WatermarksVsAckerGraph start 60700
WatermarksVsAckerGraph start 60800
WatermarksVsAckerGraph start 60900
WatermarksVsAckerGraph start 61000
WatermarksVsAckerGraph start 61100
WatermarksVsAckerGraph start 61200
WatermarksVsAckerGraph start 61300
WatermarksVsAckerGraph start 61400
WatermarksVsAckerGraph start 61500
WatermarksVsAckerGraph start 61600
WatermarksVsAckerGraph start 61700
WatermarksVsAckerGraph start 61800
WatermarksVsAckerGraph start 61900
WatermarksVsAckerGraph start 62000
2019-07-07T20:34:23.017+0000: 407.392: [GC (Allocation Failure) 2019-07-07T20:34:23.017+0000: 407.392: [DefNew: 409759K->316K(460800K), 0.0025364 secs] 635511K->226068K(1484800K), 0.0025944 secs] [Times: user=0.00 sys=0.00, real=0.00 secs] 
WatermarksVsAckerGraph start 62100
WatermarksVsAckerGraph start 62200
WatermarksVsAckerGraph start 62300
WatermarksVsAckerGraph start 62400
WatermarksVsAckerGraph start 62500
WatermarksVsAckerGraph start 62600
WatermarksVsAckerGraph start 62700
WatermarksVsAckerGraph start 62800
WatermarksVsAckerGraph start 62900
WatermarksVsAckerGraph start 63000
WatermarksVsAckerGraph start 63100
WatermarksVsAckerGraph start 63200
WatermarksVsAckerGraph start 63300
WatermarksVsAckerGraph start 63400
WatermarksVsAckerGraph start 63500
WatermarksVsAckerGraph start 63600
WatermarksVsAckerGraph start 63700
WatermarksVsAckerGraph start 63800
WatermarksVsAckerGraph start 63900
WatermarksVsAckerGraph start 64000
WatermarksVsAckerGraph start 64100
WatermarksVsAckerGraph start 64200
WatermarksVsAckerGraph start 64300
WatermarksVsAckerGraph start 64400
WatermarksVsAckerGraph start 64500
WatermarksVsAckerGraph start 64600
WatermarksVsAckerGraph start 64700
WatermarksVsAckerGraph start 64800
WatermarksVsAckerGraph start 64900
WatermarksVsAckerGraph start 65000
WatermarksVsAckerGraph start 65100
WatermarksVsAckerGraph start 65200
WatermarksVsAckerGraph start 65300
WatermarksVsAckerGraph start 65400
WatermarksVsAckerGraph start 65500
WatermarksVsAckerGraph start 65600
WatermarksVsAckerGraph start 65700
WatermarksVsAckerGraph start 65800
WatermarksVsAckerGraph start 65900
WatermarksVsAckerGraph start 66000
WatermarksVsAckerGraph start 66100
WatermarksVsAckerGraph start 66200
WatermarksVsAckerGraph start 66300
WatermarksVsAckerGraph start 66400
WatermarksVsAckerGraph start 66500
WatermarksVsAckerGraph start 66600
WatermarksVsAckerGraph start 66700
WatermarksVsAckerGraph start 66800
WatermarksVsAckerGraph start 66900
WatermarksVsAckerGraph start 67000
WatermarksVsAckerGraph start 67100
WatermarksVsAckerGraph start 67200
WatermarksVsAckerGraph start 67300
WatermarksVsAckerGraph start 67400
WatermarksVsAckerGraph start 67500
WatermarksVsAckerGraph start 67600
WatermarksVsAckerGraph start 67700
WatermarksVsAckerGraph start 67800
WatermarksVsAckerGraph start 67900
WatermarksVsAckerGraph start 68000
WatermarksVsAckerGraph start 68100
WatermarksVsAckerGraph start 68200
WatermarksVsAckerGraph start 68300
WatermarksVsAckerGraph start 68400
WatermarksVsAckerGraph start 68500
WatermarksVsAckerGraph start 68600
WatermarksVsAckerGraph start 68700
WatermarksVsAckerGraph start 68800
WatermarksVsAckerGraph start 68900
WatermarksVsAckerGraph start 69000
WatermarksVsAckerGraph start 69100
WatermarksVsAckerGraph start 69200
WatermarksVsAckerGraph start 69300
WatermarksVsAckerGraph start 69400
WatermarksVsAckerGraph start 69500
WatermarksVsAckerGraph start 69600
WatermarksVsAckerGraph start 69700
WatermarksVsAckerGraph start 69800
WatermarksVsAckerGraph start 69900
WatermarksVsAckerGraph start 70000
WatermarksVsAckerGraph start 70100
WatermarksVsAckerGraph start 70200
WatermarksVsAckerGraph start 70300
WatermarksVsAckerGraph start 70400
WatermarksVsAckerGraph start 70500
WatermarksVsAckerGraph start 70600
WatermarksVsAckerGraph start 70700
WatermarksVsAckerGraph start 70800
WatermarksVsAckerGraph start 70900
WatermarksVsAckerGraph start 71000
WatermarksVsAckerGraph start 71100
WatermarksVsAckerGraph start 71200
WatermarksVsAckerGraph start 71300
WatermarksVsAckerGraph start 71400
WatermarksVsAckerGraph start 71500
WatermarksVsAckerGraph start 71600
WatermarksVsAckerGraph start 71700
2019-07-07T20:34:45.018+0000: 429.393: [GC (Allocation Failure) 2019-07-07T20:34:45.019+0000: 429.393: [DefNew: 409916K->883K(460800K), 0.0028680 secs] 635668K->226636K(1484800K), 0.0029461 secs] [Times: user=0.00 sys=0.01, real=0.00 secs] 
WatermarksVsAckerGraph start 71800
WatermarksVsAckerGraph start 71900
WatermarksVsAckerGraph start 72000
WatermarksVsAckerGraph start 72100
WatermarksVsAckerGraph start 72200
WatermarksVsAckerGraph start 72300
WatermarksVsAckerGraph start 72400
WatermarksVsAckerGraph start 72500
WatermarksVsAckerGraph start 72600
WatermarksVsAckerGraph start 72700
WatermarksVsAckerGraph start 72800
WatermarksVsAckerGraph start 72900
WatermarksVsAckerGraph start 73000
WatermarksVsAckerGraph start 73100
WatermarksVsAckerGraph start 73200
WatermarksVsAckerGraph start 73300
WatermarksVsAckerGraph start 73400
WatermarksVsAckerGraph start 73500
WatermarksVsAckerGraph start 73600
WatermarksVsAckerGraph start 73700
WatermarksVsAckerGraph start 73800
WatermarksVsAckerGraph start 73900
WatermarksVsAckerGraph start 74000
WatermarksVsAckerGraph start 74100
WatermarksVsAckerGraph start 74200
WatermarksVsAckerGraph start 74300
WatermarksVsAckerGraph start 74400
WatermarksVsAckerGraph start 74500
WatermarksVsAckerGraph start 74600
WatermarksVsAckerGraph start 74700
WatermarksVsAckerGraph start 74800
WatermarksVsAckerGraph start 74900
WatermarksVsAckerGraph start 75000
WatermarksVsAckerGraph start 75100
WatermarksVsAckerGraph start 75200
WatermarksVsAckerGraph start 75300
WatermarksVsAckerGraph start 75400
WatermarksVsAckerGraph start 75500
WatermarksVsAckerGraph start 75600
WatermarksVsAckerGraph start 75700
WatermarksVsAckerGraph start 75800
WatermarksVsAckerGraph start 75900
WatermarksVsAckerGraph start 76000
WatermarksVsAckerGraph start 76100
WatermarksVsAckerGraph start 76200
WatermarksVsAckerGraph start 76300
WatermarksVsAckerGraph start 76400
WatermarksVsAckerGraph start 76500
WatermarksVsAckerGraph start 76600
WatermarksVsAckerGraph start 76700
WatermarksVsAckerGraph start 76800
WatermarksVsAckerGraph start 76900
WatermarksVsAckerGraph start 77000
WatermarksVsAckerGraph start 77100
WatermarksVsAckerGraph start 77200
WatermarksVsAckerGraph start 77300
WatermarksVsAckerGraph start 77400
WatermarksVsAckerGraph start 77500
WatermarksVsAckerGraph start 77600
WatermarksVsAckerGraph start 77700
WatermarksVsAckerGraph start 77800
WatermarksVsAckerGraph start 77900
WatermarksVsAckerGraph start 78000
WatermarksVsAckerGraph start 78100
WatermarksVsAckerGraph start 78200
WatermarksVsAckerGraph start 78300
WatermarksVsAckerGraph start 78400
WatermarksVsAckerGraph start 78500
WatermarksVsAckerGraph start 78600
WatermarksVsAckerGraph start 78700
WatermarksVsAckerGraph start 78800
WatermarksVsAckerGraph start 78900
WatermarksVsAckerGraph start 79000
WatermarksVsAckerGraph start 79100
WatermarksVsAckerGraph start 79200
WatermarksVsAckerGraph start 79300
WatermarksVsAckerGraph start 79400
WatermarksVsAckerGraph start 79500
WatermarksVsAckerGraph start 79600
WatermarksVsAckerGraph start 79700
WatermarksVsAckerGraph start 79800
WatermarksVsAckerGraph start 79900
20:35:04.087 [Client] INFO  c.s.f.r.e.s.SocketRear  - FlameSocketGraphDeployerRear@10.0.0.110: has been disconnected from Connection 2
20:35:04.087 [Client] INFO  c.s.f.r.e.s.SocketFront  - FlameSocketGraphDeployerFront@10.0.0.110 has been disconnected from Connection 2
20:35:12.068 [worker-akka.actor.default-dispatcher-19] INFO  a.a.LocalActorRef akka://worker/user/watcher/processing-watcher/graph/negotiator - Stopped
20:35:12.069 [worker-akka.actor.default-dispatcher-19] INFO  a.a.LocalActorRef akka://worker/user/watcher/processing-watcher/graph/edge/FlameSocketGraphDeployerFront - Stopped
20:35:12.071 [worker-akka.actor.default-dispatcher-19] INFO  a.a.LocalActorRef akka://worker/user/watcher/processing-watcher/graph/edge/FlameSocketGraphDeployerRear - Stopped
20:35:12.071 [worker-akka.actor.default-dispatcher-19] INFO  a.a.LocalActorRef akka://worker/user/watcher/processing-watcher/graph/edge - Stopped
20:35:12.071 [worker-akka.actor.default-dispatcher-19] INFO  a.a.LocalActorRef akka://worker/user/watcher/processing-watcher/graph/graph/$0 - Stopped
20:35:12.075 [worker-akka.actor.default-dispatcher-18] INFO  a.a.LocalActorRef akka://worker/user/watcher/processing-watcher/graph/graph/$1 - Stopped
20:35:12.076 [worker-akka.actor.default-dispatcher-18] INFO  a.a.LocalActorRef akka://worker/user/watcher/processing-watcher/graph/graph/$A - Stopped
20:35:12.076 [worker-akka.actor.default-dispatcher-18] INFO  a.a.LocalActorRef akka://worker/user/watcher/processing-watcher/graph/graph/$B - Stopped
20:35:12.076 [worker-akka.actor.default-dispatcher-18] INFO  a.a.LocalActorRef akka://worker/user/watcher/processing-watcher/graph/graph/$C - Stopped
20:35:12.076 [worker-akka.actor.default-dispatcher-18] INFO  a.a.LocalActorRef akka://worker/user/watcher/processing-watcher/graph/graph/$D - Stopped
20:35:12.076 [worker-akka.actor.default-dispatcher-18] INFO  a.a.LocalActorRef akka://worker/user/watcher/processing-watcher/graph/graph/$E - Stopped
20:35:12.077 [worker-akka.actor.default-dispatcher-18] INFO  a.a.LocalActorRef akka://worker/user/watcher/processing-watcher/graph/graph/$F - Stopped
20:35:12.077 [worker-akka.actor.default-dispatcher-18] INFO  a.a.LocalActorRef akka://worker/user/watcher/processing-watcher/graph/graph/$G - Stopped
20:35:12.077 [worker-akka.actor.default-dispatcher-18] INFO  a.a.LocalActorRef akka://worker/user/watcher/processing-watcher/graph/graph/$H - Stopped
20:35:12.077 [worker-akka.actor.default-dispatcher-18] INFO  a.a.LocalActorRef akka://worker/user/watcher/processing-watcher/graph/graph/$I - Stopped
20:35:12.077 [worker-akka.actor.default-dispatcher-11] INFO  a.a.LocalActorRef akka://worker/user/watcher/processing-watcher/graph/graph/$J - Stopped
20:35:12.078 [worker-akka.actor.default-dispatcher-11] INFO  a.a.LocalActorRef akka://worker/user/watcher/processing-watcher/graph/graph/$K - Stopped
20:35:12.078 [worker-akka.actor.default-dispatcher-11] INFO  a.a.LocalActorRef akka://worker/user/watcher/processing-watcher/graph/graph/$L - Stopped
20:35:12.078 [worker-akka.actor.default-dispatcher-11] INFO  a.a.LocalActorRef akka://worker/user/watcher/processing-watcher/graph/graph/$M - Stopped
20:35:12.078 [worker-akka.actor.default-dispatcher-11] INFO  a.a.LocalActorRef akka://worker/user/watcher/processing-watcher/graph/graph/$N - Stopped
20:35:12.078 [worker-akka.actor.default-dispatcher-11] INFO  a.a.LocalActorRef akka://worker/user/watcher/processing-watcher/$c/$a - Stopped
20:35:12.079 [worker-akka.actor.default-dispatcher-11] INFO  a.a.LocalActorRef akka://worker/user/watcher/processing-watcher/$c/$a - Message [com.spbsu.flamestream.runtime.utils.akka.PingActor$InnerPing] from Actor[akka://worker/user/watcher/processing-watcher/$c/$a#1789981821] to Actor[akka://worker/user/watcher/processing-watcher/$c/$a#1789981821] was not delivered. [1] dead letters encountered. If this is not an expected behavior, then [Actor[akka://worker/user/watcher/processing-watcher/$c/$a#1789981821]] may have terminated unexpectedly, This logging can be turned off or adjusted with configuration settings 'akka.log-dead-letters' and 'akka.log-dead-letters-during-shutdown'.
20:35:12.079 [worker-akka.actor.default-dispatcher-11] INFO  a.a.LocalActorRef akka://worker/user/watcher/processing-watcher/graph/graph/$O - Stopped
20:35:12.079 [worker-akka.actor.default-dispatcher-11] INFO  a.a.LocalActorRef akka://worker/user/watcher/processing-watcher/graph/graph/$P - Stopped
20:35:12.079 [worker-akka.actor.default-dispatcher-11] INFO  a.a.LocalActorRef akka://worker/user/watcher/processing-watcher/graph/graph/$Q - Stopped
20:35:12.079 [worker-akka.actor.default-dispatcher-17] INFO  a.a.LocalActorRef akka://worker/user/watcher/processing-watcher/graph/graph/$R - Stopped
20:35:12.080 [worker-akka.actor.default-dispatcher-17] INFO  a.a.LocalActorRef akka://worker/user/watcher/processing-watcher/graph/graph/$S - Stopped
20:35:12.080 [worker-akka.actor.default-dispatcher-17] INFO  a.a.LocalActorRef akka://worker/user/watcher/processing-watcher/graph/graph/$T - Stopped
20:35:12.080 [worker-akka.actor.default-dispatcher-17] INFO  a.a.LocalActorRef akka://worker/user/watcher/processing-watcher/graph/graph/$U - Stopped
20:35:12.080 [worker-akka.actor.default-dispatcher-17] INFO  a.a.LocalActorRef akka://worker/user/watcher/processing-watcher/graph/graph/$V - Stopped
20:35:12.080 [worker-akka.actor.default-dispatcher-5] INFO  a.a.LocalActorRef akka://worker/user/watcher/processing-watcher/graph/graph/$W - Stopped
20:35:12.081 [worker-akka.actor.default-dispatcher-5] INFO  a.a.LocalActorRef akka://worker/user/watcher/processing-watcher/graph/graph/$X - Stopped
20:35:12.081 [worker-akka.actor.default-dispatcher-5] INFO  a.a.LocalActorRef akka://worker/user/watcher/processing-watcher/graph/graph/$Y - Stopped
20:35:12.081 [worker-akka.actor.default-dispatcher-5] INFO  a.a.LocalActorRef akka://worker/user/watcher/processing-watcher/graph/graph/$Z - Stopped
20:35:12.081 [worker-akka.actor.default-dispatcher-5] INFO  a.a.LocalActorRef akka://worker/user/watcher/processing-watcher/graph/graph/$a - Stopped
20:35:12.081 [worker-akka.actor.default-dispatcher-5] INFO  a.a.LocalActorRef akka://worker/user/watcher/processing-watcher/graph/graph/$b - Stopped
20:35:12.082 [worker-akka.actor.default-dispatcher-5] INFO  a.a.LocalActorRef akka://worker/user/watcher/processing-watcher/graph/graph/$c - Stopped
20:35:12.082 [worker-akka.actor.default-dispatcher-5] INFO  a.a.LocalActorRef akka://worker/user/watcher/processing-watcher/graph/graph/$d - Stopped
20:35:12.082 [worker-akka.actor.default-dispatcher-5] INFO  a.a.LocalActorRef akka://worker/user/watcher/processing-watcher/graph/graph/$e - Stopped
20:35:12.082 [worker-akka.actor.default-dispatcher-5] INFO  a.a.LocalActorRef akka://worker/user/watcher/processing-watcher/graph/graph/$f - Stopped
20:35:12.082 [worker-akka.actor.default-dispatcher-23] INFO  a.a.LocalActorRef akka://worker/user/watcher/processing-watcher/graph/graph/$g - Stopped
20:35:12.083 [worker-akka.actor.default-dispatcher-23] INFO  a.a.LocalActorRef akka://worker/user/watcher/processing-watcher/graph/graph/$h - Stopped
20:35:12.083 [worker-akka.actor.default-dispatcher-23] INFO  a.a.LocalActorRef akka://worker/user/watcher/processing-watcher/graph/graph/$i - Stopped
20:35:12.083 [worker-akka.actor.default-dispatcher-23] INFO  a.a.LocalActorRef akka://worker/user/watcher/processing-watcher/graph/graph/$j - Stopped
20:35:12.085 [worker-akka.actor.default-dispatcher-20] INFO  a.a.LocalActorRef akka://worker/user/watcher/processing-watcher/graph/graph/$k - Stopped
20:35:12.086 [worker-akka.actor.default-dispatcher-20] INFO  a.a.LocalActorRef akka://worker/user/watcher/processing-watcher/graph/graph/$l - Stopped
20:35:12.086 [worker-akka.actor.default-dispatcher-20] INFO  a.a.LocalActorRef akka://worker/user/watcher/processing-watcher/graph/graph/$m - Stopped
20:35:12.088 [worker-akka.actor.default-dispatcher-20] INFO  a.a.LocalActorRef akka://worker/user/watcher/processing-watcher/graph/graph/$n - Stopped
20:35:12.090 [worker-akka.actor.default-dispatcher-20] INFO  a.a.LocalActorRef akka://worker/user/watcher/processing-watcher/graph/graph/$o - Stopped
20:35:12.091 [worker-akka.actor.default-dispatcher-13] INFO  a.a.LocalActorRef akka://worker/user/watcher/processing-watcher/graph/graph/$p - Stopped
20:35:12.091 [worker-akka.actor.default-dispatcher-13] INFO  a.a.LocalActorRef akka://worker/user/watcher/processing-watcher/graph/graph/$q - Stopped
20:35:12.091 [worker-akka.actor.default-dispatcher-13] INFO  a.a.LocalActorRef akka://worker/user/watcher/processing-watcher/graph/graph/$r - Stopped
20:35:12.092 [worker-akka.actor.default-dispatcher-13] INFO  a.a.LocalActorRef akka://worker/user/watcher/processing-watcher/graph/graph/$s - Stopped
20:35:12.094 [worker-akka.actor.default-dispatcher-13] INFO  a.a.LocalActorRef akka://worker/user/watcher/processing-watcher/graph/graph/$t - Stopped
20:35:12.097 [worker-akka.actor.default-dispatcher-20] INFO  a.a.LocalActorRef akka://worker/user/watcher/processing-watcher/graph/graph/$u - Stopped
20:35:12.097 [worker-akka.actor.default-dispatcher-20] INFO  a.a.LocalActorRef akka://worker/user/watcher/processing-watcher/graph/graph/$v - Stopped
20:35:12.097 [worker-akka.actor.default-dispatcher-20] INFO  a.a.LocalActorRef akka://worker/user/watcher/processing-watcher/graph/graph/$w - Stopped
20:35:12.098 [worker-akka.actor.default-dispatcher-20] INFO  a.a.LocalActorRef akka://worker/user/watcher/processing-watcher/graph/graph/$x - Stopped
20:35:12.098 [worker-akka.actor.default-dispatcher-20] INFO  a.a.LocalActorRef akka://worker/user/watcher/processing-watcher/graph/graph/$y - Stopped
20:35:12.098 [worker-akka.actor.default-dispatcher-20] INFO  a.a.LocalActorRef akka://worker/user/watcher/processing-watcher/graph/graph/$z - Stopped
20:35:12.100 [worker-akka.actor.default-dispatcher-13] INFO  a.a.LocalActorRef akka://worker/user/watcher/processing-watcher/graph/graph - Stopped
20:35:12.100 [worker-akka.actor.default-dispatcher-13] INFO  a.a.LocalActorRef akka://worker/user/watcher/processing-watcher/graph - Stopped
20:35:12.101 [worker-akka.actor.default-dispatcher-13] INFO  a.a.LocalActorRef akka://worker/user/watcher/processing-watcher/$c - Stopped
20:35:12.103 [worker-akka.actor.default-dispatcher-13] INFO  a.a.LocalActorRef akka://worker/user/watcher/processing-watcher/$c/$a - Message [com.spbsu.flamestream.runtime.utils.akka.PingActor$Stop] from Actor[akka://worker/user/watcher/processing-watcher/$c#1803675281] to Actor[akka://worker/user/watcher/processing-watcher/$c/$a#1789981821] was not delivered. [2] dead letters encountered. If this is not an expected behavior, then [Actor[akka://worker/user/watcher/processing-watcher/$c/$a#1789981821]] may have terminated unexpectedly, This logging can be turned off or adjusted with configuration settings 'akka.log-dead-letters' and 'akka.log-dead-letters-during-shutdown'.
20:35:12.106 [worker-akka.actor.default-dispatcher-20] INFO  a.a.LocalActorRef akka://worker/user/watcher/processing-watcher - Stopped
20:35:12.107 [Curator-Framework-0] INFO  o.a.c.f.i.CuratorFrameworkImpl  - backgroundOperationsLoop exiting
20:35:12.114 [worker-akka.actor.default-dispatcher-4-EventThread] INFO  o.a.z.ClientCnxn  - EventThread shut down for session: 0x100101a47450005
20:35:12.114 [worker-akka.actor.default-dispatcher-20] INFO  o.a.z.ZooKeeper  - Session: 0x100101a47450005 closed
20:35:12.117 [worker-akka.actor.default-dispatcher-13] INFO  a.a.RepointableActorRef akka://worker/user/watcher - Stopped
20:35:12.119 [Curator-PathChildrenCache-0] ERROR o.a.c.f.r.c.PathChildrenCache  - 
java.lang.IllegalStateException: instance must be started before calling this method
	at org.apache.curator.shaded.com.google.common.base.Preconditions.checkState(Preconditions.java:444)
	at org.apache.curator.framework.imps.CuratorFrameworkImpl.getChildren(CuratorFrameworkImpl.java:456)
	at org.apache.curator.framework.recipes.cache.PathChildrenCache.refresh(PathChildrenCache.java:521)
	at org.apache.curator.framework.recipes.cache.RefreshOperation.invoke(RefreshOperation.java:35)
	at org.apache.curator.framework.recipes.cache.PathChildrenCache$9.run(PathChildrenCache.java:786)
	at java.util.concurrent.Executors$RunnableAdapter.call(Executors.java:511)
	at java.util.concurrent.FutureTask.run(FutureTask.java:266)
	at java.util.concurrent.Executors$RunnableAdapter.call(Executors.java:511)
	at java.util.concurrent.FutureTask.run(FutureTask.java:266)
	at java.util.concurrent.ThreadPoolExecutor.runWorker(ThreadPoolExecutor.java:1149)
	at java.util.concurrent.ThreadPoolExecutor$Worker.run(ThreadPoolExecutor.java:624)
	at java.lang.Thread.run(Thread.java:748)
20:35:12.126 [worker-akka.actor.default-dispatcher-20] INFO  a.r.RemoteActorRefProvider$RemotingTerminator akka://worker@10.0.0.110:5412/system/remoting-terminator - Shutting down remote daemon.
20:35:12.126 [worker-akka.actor.default-dispatcher-20] INFO  a.r.RemoteActorRefProvider$RemotingTerminator akka://worker@10.0.0.110:5412/system/remoting-terminator - Remote daemon shut down; proceeding with flushing remote transports.
20:35:12.341 [worker-akka.actor.default-dispatcher-20] INFO  a.r.RemoteActorRefProvider$RemotingTerminator akka://worker@10.0.0.110:5412/system/remoting-terminator - Remoting shut down.
Heap
 def new generation   total 460800K, used 365900K [0x00000000a2400000, 0x00000000c1800000, 0x00000000c1800000)
  eden space 409600K,  89% used [0x00000000a2400000, 0x00000000b88762f8, 0x00000000bb400000)
  from space 51200K,   1% used [0x00000000bb400000, 0x00000000bb4dcf98, 0x00000000be600000)
  to   space 51200K,   0% used [0x00000000be600000, 0x00000000be600000, 0x00000000c1800000)
 tenured generation   total 1024000K, used 225752K [0x00000000c1800000, 0x0000000100000000, 0x0000000100000000)
   the space 1024000K,  22% used [0x00000000c1800000, 0x00000000cf476098, 0x00000000cf476200, 0x0000000100000000)
 Metaspace       used 36293K, capacity 37126K, committed 37376K, reserved 1081344K
  class space    used 4868K, capacity 5065K, committed 5120K, reserved 1048576K
