07:23:28,870 |-INFO in ch.qos.logback.classic.LoggerContext[default] - Could NOT find resource [logback-test.xml]
07:23:28,870 |-INFO in ch.qos.logback.classic.LoggerContext[default] - Could NOT find resource [logback.groovy]
07:23:28,870 |-INFO in ch.qos.logback.classic.LoggerContext[default] - Found resource [logback.xml] at [jar:file:/root/flamestream/lib/flamestream-runtime-1.0-SNAPSHOT.jar!/logback.xml]
07:23:28,911 |-WARN in ch.qos.logback.classic.LoggerContext[default] - Resource [logback.xml] occurs multiple times on the classpath.
07:23:28,911 |-WARN in ch.qos.logback.classic.LoggerContext[default] - Resource [logback.xml] occurs at [jar:file:/root/flamestream/lib/flamestream-runtime-1.0-SNAPSHOT.jar!/logback.xml]
07:23:28,911 |-WARN in ch.qos.logback.classic.LoggerContext[default] - Resource [logback.xml] occurs at [jar:file:/root/flamestream/flamestream-runtime-1.0-SNAPSHOT.jar!/logback.xml]
07:23:29,012 |-INFO in ch.qos.logback.core.joran.spi.ConfigurationWatchList@3fb6a447 - URL [jar:file:/root/flamestream/lib/flamestream-runtime-1.0-SNAPSHOT.jar!/logback.xml] is not of type file
07:23:29,375 |-INFO in ch.qos.logback.classic.joran.action.ConfigurationAction - debug attribute not set
07:23:29,376 |-INFO in ch.qos.logback.core.joran.action.AppenderAction - About to instantiate appender of type [ch.qos.logback.core.ConsoleAppender]
07:23:29,442 |-INFO in ch.qos.logback.core.joran.action.AppenderAction - Naming appender as [STDOUT]
07:23:29,540 |-INFO in ch.qos.logback.core.joran.action.NestedComplexPropertyIA - Assuming default type [ch.qos.logback.classic.encoder.PatternLayoutEncoder] for [encoder] property
07:23:30,054 |-INFO in ch.qos.logback.core.joran.action.AppenderAction - About to instantiate appender of type [ch.qos.logback.core.rolling.RollingFileAppender]
07:23:30,134 |-INFO in ch.qos.logback.core.joran.action.AppenderAction - Naming appender as [FILE]
07:23:30,362 |-INFO in c.q.l.core.rolling.TimeBasedRollingPolicy@127618319 - No compression will be used
07:23:30,380 |-INFO in c.q.l.core.rolling.TimeBasedRollingPolicy@127618319 - Will use the pattern /tmp/application_%d{yyyy-MM-dd}.%i.log for the active file
07:23:30,383 |-INFO in ch.qos.logback.core.rolling.SizeAndTimeBasedFNATP@6b2fad11 - The date pattern is 'yyyy-MM-dd' from file name pattern '/tmp/application_%d{yyyy-MM-dd}.%i.log'.
07:23:30,383 |-INFO in ch.qos.logback.core.rolling.SizeAndTimeBasedFNATP@6b2fad11 - Roll-over at midnight.
07:23:30,421 |-INFO in ch.qos.logback.core.rolling.SizeAndTimeBasedFNATP@6b2fad11 - Setting initial period to Tue Jun 11 07:22:06 UTC 2019
07:23:30,421 |-WARN in ch.qos.logback.core.rolling.SizeAndTimeBasedFNATP@6b2fad11 - SizeAndTimeBasedFNATP is deprecated. Use SizeAndTimeBasedRollingPolicy instead
07:23:30,421 |-WARN in ch.qos.logback.core.rolling.SizeAndTimeBasedFNATP@6b2fad11 - For more information see http://logback.qos.ch/manual/appenders.html#SizeAndTimeBasedRollingPolicy
07:23:30,441 |-INFO in ch.qos.logback.core.joran.action.NestedComplexPropertyIA - Assuming default type [ch.qos.logback.classic.encoder.PatternLayoutEncoder] for [encoder] property
07:23:30,443 |-INFO in ch.qos.logback.core.rolling.RollingFileAppender[FILE] - Active log file name: /tmp/application.log
07:23:30,443 |-INFO in ch.qos.logback.core.rolling.RollingFileAppender[FILE] - File property is set to [/tmp/application.log]
07:23:30,443 |-INFO in ch.qos.logback.classic.joran.action.RootLoggerAction - Setting level of ROOT logger to WARN
07:23:30,460 |-INFO in ch.qos.logback.core.joran.action.AppenderRefAction - Attaching appender named [STDOUT] to Logger[ROOT]
07:23:30,461 |-INFO in ch.qos.logback.core.joran.action.AppenderRefAction - Attaching appender named [FILE] to Logger[ROOT]
07:23:30,461 |-INFO in ch.qos.logback.classic.joran.action.ConfigurationAction - End of configuration.
07:23:30,461 |-INFO in ch.qos.logback.classic.joran.JoranConfigurator@79698539 - Registering current configuration as safe fallback point

Ama winner
Ama winner
2019-06-11T07:23:39.943+0000: 12.096: [Full GC (Metadata GC Threshold) 2019-06-11T07:23:39.943+0000: 12.096: [Tenured: 0K->15244K(341376K), 0.2647964 secs] 114988K->15244K(494976K), [Metaspace: 20719K->20719K(1067008K)], 0.2648670 secs] [Times: user=0.26 sys=0.00, real=0.27 secs] 
2019-06-11T07:24:16.095+0000: 48.248: [GC (Allocation Failure) 2019-06-11T07:24:16.095+0000: 48.248: [DefNew: 136576K->16869K(153600K), 0.0830792 secs] 151820K->32114K(494976K), 0.0831577 secs] [Times: user=0.08 sys=0.00, real=0.09 secs] 
2019-06-11T07:24:20.204+0000: 52.357: [GC (Allocation Failure) 2019-06-11T07:24:20.204+0000: 52.357: [DefNew: 153445K->2781K(153600K), 0.0840171 secs] 168690K->25068K(494976K), 0.0841034 secs] [Times: user=0.08 sys=0.01, real=0.09 secs] 
2019-06-11T07:24:22.947+0000: 55.100: [Full GC (Metadata GC Threshold) 2019-06-11T07:24:22.947+0000: 55.100: [Tenured: 22287K->45088K(341376K), 0.2815592 secs] 93088K->45088K(494976K), [Metaspace: 34552K->34552K(1079296K)], 0.2816340 secs] [Times: user=0.26 sys=0.02, real=0.28 secs] 
07:24:44.265 [Curator-PathChildrenCache-0] ERROR o.a.c.f.r.c.PathChildrenCache  - 
java.lang.IllegalStateException: instance must be started before calling this method
	at org.apache.curator.shaded.com.google.common.base.Preconditions.checkState(Preconditions.java:444)
	at org.apache.curator.framework.imps.CuratorFrameworkImpl.getChildren(CuratorFrameworkImpl.java:456)
	at org.apache.curator.framework.recipes.cache.PathChildrenCache.refresh(PathChildrenCache.java:521)
	at org.apache.curator.framework.recipes.cache.RefreshOperation.invoke(RefreshOperation.java:35)
	at org.apache.curator.framework.recipes.cache.PathChildrenCache$9.run(PathChildrenCache.java:786)
	at java.util.concurrent.Executors$RunnableAdapter.call(Executors.java:511)
	at java.util.concurrent.FutureTask.run(FutureTask.java:266)
	at java.util.concurrent.Executors$RunnableAdapter.call(Executors.java:511)
	at java.util.concurrent.FutureTask.run(FutureTask.java:266)
	at java.util.concurrent.ThreadPoolExecutor.runWorker(ThreadPoolExecutor.java:1149)
	at java.util.concurrent.ThreadPoolExecutor$Worker.run(ThreadPoolExecutor.java:624)
	at java.lang.Thread.run(Thread.java:748)
Heap
 def new generation   total 153600K, used 112401K [0x00000000e0c00000, 0x00000000eb2a0000, 0x00000000eb2a0000)
  eden space 136576K,  82% used [0x00000000e0c00000, 0x00000000e79c4598, 0x00000000e9160000)
  from space 17024K,   0% used [0x00000000e9160000, 0x00000000e9160000, 0x00000000ea200000)
  to   space 17024K,   0% used [0x00000000ea200000, 0x00000000ea200000, 0x00000000eb2a0000)
 tenured generation   total 341376K, used 45088K [0x00000000eb2a0000, 0x0000000100000000, 0x0000000100000000)
   the space 341376K,  13% used [0x00000000eb2a0000, 0x00000000edea81a8, 0x00000000edea8200, 0x0000000100000000)
 Metaspace       used 36024K, capacity 36920K, committed 37120K, reserved 1081344K
  class space    used 4858K, capacity 5074K, committed 5120K, reserved 1048576K
