00:32:06,076 |-INFO in ch.qos.logback.classic.LoggerContext[default] - Could NOT find resource [logback-test.xml]
00:32:06,076 |-INFO in ch.qos.logback.classic.LoggerContext[default] - Could NOT find resource [logback.groovy]
00:32:06,076 |-INFO in ch.qos.logback.classic.LoggerContext[default] - Found resource [logback.xml] at [jar:file:/home/nikitasokolov/flamestream/lib/flamestream-runtime-1.0-SNAPSHOT.jar!/logback.xml]
00:32:06,077 |-WARN in ch.qos.logback.classic.LoggerContext[default] - Resource [logback.xml] occurs multiple times on the classpath.
00:32:06,077 |-WARN in ch.qos.logback.classic.LoggerContext[default] - Resource [logback.xml] occurs at [jar:file:/home/nikitasokolov/flamestream/lib/flamestream-runtime-1.0-SNAPSHOT.jar!/logback.xml]
00:32:06,077 |-WARN in ch.qos.logback.classic.LoggerContext[default] - Resource [logback.xml] occurs at [jar:file:/home/nikitasokolov/flamestream/flamestream-runtime-1.0-SNAPSHOT.jar!/logback.xml]
00:32:06,094 |-INFO in ch.qos.logback.core.joran.spi.ConfigurationWatchList@2f7a2457 - URL [jar:file:/home/nikitasokolov/flamestream/lib/flamestream-runtime-1.0-SNAPSHOT.jar!/logback.xml] is not of type file
00:32:06,147 |-INFO in ch.qos.logback.classic.joran.action.ConfigurationAction - debug attribute not set
00:32:06,148 |-INFO in ch.qos.logback.core.joran.action.AppenderAction - About to instantiate appender of type [ch.qos.logback.core.ConsoleAppender]
00:32:06,156 |-INFO in ch.qos.logback.core.joran.action.AppenderAction - Naming appender as [STDOUT]
00:32:06,164 |-INFO in ch.qos.logback.core.joran.action.NestedComplexPropertyIA - Assuming default type [ch.qos.logback.classic.encoder.PatternLayoutEncoder] for [encoder] property
00:32:06,224 |-INFO in ch.qos.logback.core.joran.action.AppenderAction - About to instantiate appender of type [ch.qos.logback.core.rolling.RollingFileAppender]
00:32:06,230 |-INFO in ch.qos.logback.core.joran.action.AppenderAction - Naming appender as [FILE]
00:32:06,252 |-INFO in c.q.l.core.rolling.TimeBasedRollingPolicy@1449621165 - No compression will be used
00:32:06,254 |-INFO in c.q.l.core.rolling.TimeBasedRollingPolicy@1449621165 - Will use the pattern /tmp/application_%d{yyyy-MM-dd}.%i.log for the active file
00:32:06,256 |-INFO in ch.qos.logback.core.rolling.SizeAndTimeBasedFNATP@6108b2d7 - The date pattern is 'yyyy-MM-dd' from file name pattern '/tmp/application_%d{yyyy-MM-dd}.%i.log'.
00:32:06,256 |-INFO in ch.qos.logback.core.rolling.SizeAndTimeBasedFNATP@6108b2d7 - Roll-over at midnight.
00:32:06,261 |-INFO in ch.qos.logback.core.rolling.SizeAndTimeBasedFNATP@6108b2d7 - Setting initial period to Sat Jun 08 00:31:20 MSK 2019
00:32:06,261 |-WARN in ch.qos.logback.core.rolling.SizeAndTimeBasedFNATP@6108b2d7 - SizeAndTimeBasedFNATP is deprecated. Use SizeAndTimeBasedRollingPolicy instead
00:32:06,261 |-WARN in ch.qos.logback.core.rolling.SizeAndTimeBasedFNATP@6108b2d7 - For more information see http://logback.qos.ch/manual/appenders.html#SizeAndTimeBasedRollingPolicy
00:32:06,265 |-INFO in ch.qos.logback.core.joran.action.NestedComplexPropertyIA - Assuming default type [ch.qos.logback.classic.encoder.PatternLayoutEncoder] for [encoder] property
00:32:06,268 |-INFO in ch.qos.logback.core.rolling.RollingFileAppender[FILE] - Active log file name: /tmp/application.log
00:32:06,268 |-INFO in ch.qos.logback.core.rolling.RollingFileAppender[FILE] - File property is set to [/tmp/application.log]
00:32:06,269 |-INFO in ch.qos.logback.classic.joran.action.RootLoggerAction - Setting level of ROOT logger to WARN
00:32:06,269 |-INFO in ch.qos.logback.core.joran.action.AppenderRefAction - Attaching appender named [STDOUT] to Logger[ROOT]
00:32:06,270 |-INFO in ch.qos.logback.core.joran.action.AppenderRefAction - Attaching appender named [FILE] to Logger[ROOT]
00:32:06,270 |-INFO in ch.qos.logback.classic.joran.action.ConfigurationAction - End of configuration.
00:32:06,271 |-INFO in ch.qos.logback.classic.joran.JoranConfigurator@1554909b - Registering current configuration as safe fallback point

2019-06-08T00:32:07.288+0300: 1.414: [GC (Metadata GC Threshold) [PSYoungGen: 108082K->15908K(149504K)] 108082K->15988K(491008K), 0.0239172 secs] [Times: user=0.09 sys=0.02, real=0.03 secs] 
2019-06-08T00:32:07.312+0300: 1.438: [Full GC (Metadata GC Threshold) [PSYoungGen: 15908K->0K(149504K)] [ParOldGen: 80K->15081K(341504K)] 15988K->15081K(491008K), [Metaspace: 20809K->20809K(1067008K)], 0.0250963 secs] [Times: user=0.16 sys=0.01, real=0.03 secs] 
00:32:19.372 [Curator-PathChildrenCache-1] WARN  o.a.c.u.ZKPaths  - The version of ZooKeeper being used doesn't support Container nodes. CreateMode.PERSISTENT will be used instead.
2019-06-08T00:32:20.393+0300: 14.519: [GC (Metadata GC Threshold) [PSYoungGen: 120573K->20987K(149504K)] 135654K->49954K(491008K), 0.0199153 secs] [Times: user=0.18 sys=0.04, real=0.02 secs] 
2019-06-08T00:32:20.413+0300: 14.539: [Full GC (Metadata GC Threshold) [PSYoungGen: 20987K->0K(149504K)] [ParOldGen: 28967K->38957K(341504K)] 49954K->38957K(491008K), [Metaspace: 34536K->34536K(1079296K)], 0.0357818 secs] [Times: user=0.16 sys=0.01, real=0.03 secs] 
2019-06-08T00:32:28.659+0300: 22.785: [GC (Allocation Failure) [PSYoungGen: 128512K->416K(149504K)] 167469K->39381K(491008K), 0.0030032 secs] [Times: user=0.01 sys=0.01, real=0.00 secs] 
2019-06-08T00:32:37.985+0300: 32.111: [GC (Allocation Failure) [PSYoungGen: 128928K->512K(149504K)] 167893K->39486K(491008K), 0.0052031 secs] [Times: user=0.01 sys=0.02, real=0.01 secs] 
2019-06-08T00:32:46.815+0300: 40.941: [GC (Allocation Failure) [PSYoungGen: 129024K->672K(129536K)] 167998K->39654K(471040K), 0.0073048 secs] [Times: user=0.06 sys=0.00, real=0.01 secs] 
2019-06-08T00:32:57.049+0300: 51.175: [GC (Allocation Failure) [PSYoungGen: 129184K->576K(133120K)] 168166K->39566K(474624K), 0.0026288 secs] [Times: user=0.01 sys=0.00, real=0.01 secs] 
00:33:10.634 [Curator-PathChildrenCache-0] ERROR o.a.c.f.r.c.PathChildrenCache  - 
java.lang.IllegalStateException: instance must be started before calling this method
	at org.apache.curator.shaded.com.google.common.base.Preconditions.checkState(Preconditions.java:444)
	at org.apache.curator.framework.imps.CuratorFrameworkImpl.getChildren(CuratorFrameworkImpl.java:456)
	at org.apache.curator.framework.recipes.cache.PathChildrenCache.refresh(PathChildrenCache.java:521)
	at org.apache.curator.framework.recipes.cache.RefreshOperation.invoke(RefreshOperation.java:35)
	at org.apache.curator.framework.recipes.cache.PathChildrenCache$9.run(PathChildrenCache.java:786)
	at java.util.concurrent.Executors$RunnableAdapter.call(Executors.java:511)
	at java.util.concurrent.FutureTask.run(FutureTask.java:266)
	at java.util.concurrent.Executors$RunnableAdapter.call(Executors.java:511)
	at java.util.concurrent.FutureTask.run(FutureTask.java:266)
	at java.util.concurrent.ThreadPoolExecutor.runWorker(ThreadPoolExecutor.java:1149)
	at java.util.concurrent.ThreadPoolExecutor$Worker.run(ThreadPoolExecutor.java:624)
	at java.lang.Thread.run(Thread.java:748)
Heap
 PSYoungGen      total 133120K, used 80372K [0x00000000f5980000, 0x0000000100000000, 0x0000000100000000)
  eden space 93184K, 85% used [0x00000000f5980000,0x00000000fa76cfc0,0x00000000fb480000)
  from space 39936K, 1% used [0x00000000fd900000,0x00000000fd990080,0x0000000100000000)
  to   space 37376K, 0% used [0x00000000fb480000,0x00000000fb480000,0x00000000fd900000)
 ParOldGen       total 341504K, used 38989K [0x00000000e0c00000, 0x00000000f5980000, 0x00000000f5980000)
  object space 341504K, 11% used [0x00000000e0c00000,0x00000000e32137b0,0x00000000f5980000)
 Metaspace       used 36050K, capacity 36936K, committed 37208K, reserved 1081344K
  class space    used 4986K, capacity 5168K, committed 5248K, reserved 1048576K
