05:41:54,636 |-INFO in ch.qos.logback.classic.LoggerContext[default] - Could NOT find resource [logback-test.xml]
05:41:54,636 |-INFO in ch.qos.logback.classic.LoggerContext[default] - Could NOT find resource [logback.groovy]
05:41:54,636 |-INFO in ch.qos.logback.classic.LoggerContext[default] - Found resource [logback.xml] at [jar:file:/root/flamestream/lib/flamestream-runtime-1.0-SNAPSHOT.jar!/logback.xml]
05:41:54,637 |-WARN in ch.qos.logback.classic.LoggerContext[default] - Resource [logback.xml] occurs multiple times on the classpath.
05:41:54,637 |-WARN in ch.qos.logback.classic.LoggerContext[default] - Resource [logback.xml] occurs at [jar:file:/root/flamestream/lib/flamestream-runtime-1.0-SNAPSHOT.jar!/logback.xml]
05:41:54,637 |-WARN in ch.qos.logback.classic.LoggerContext[default] - Resource [logback.xml] occurs at [jar:file:/root/flamestream/flamestream-runtime-1.0-SNAPSHOT.jar!/logback.xml]
05:41:54,657 |-INFO in ch.qos.logback.core.joran.spi.ConfigurationWatchList@3fb6a447 - URL [jar:file:/root/flamestream/lib/flamestream-runtime-1.0-SNAPSHOT.jar!/logback.xml] is not of type file
05:41:54,729 |-INFO in ch.qos.logback.classic.joran.action.ConfigurationAction - debug attribute not set
05:41:54,729 |-INFO in ch.qos.logback.core.joran.action.AppenderAction - About to instantiate appender of type [ch.qos.logback.core.ConsoleAppender]
05:41:54,746 |-INFO in ch.qos.logback.core.joran.action.AppenderAction - Naming appender as [STDOUT]
05:41:54,764 |-INFO in ch.qos.logback.core.joran.action.NestedComplexPropertyIA - Assuming default type [ch.qos.logback.classic.encoder.PatternLayoutEncoder] for [encoder] property
05:41:54,847 |-INFO in ch.qos.logback.core.joran.action.AppenderAction - About to instantiate appender of type [ch.qos.logback.core.rolling.RollingFileAppender]
05:41:54,852 |-INFO in ch.qos.logback.core.joran.action.AppenderAction - Naming appender as [FILE]
05:41:54,885 |-INFO in c.q.l.core.rolling.TimeBasedRollingPolicy@127618319 - No compression will be used
05:41:54,886 |-INFO in c.q.l.core.rolling.TimeBasedRollingPolicy@127618319 - Will use the pattern /tmp/application_%d{yyyy-MM-dd}.%i.log for the active file
05:41:54,889 |-INFO in ch.qos.logback.core.rolling.SizeAndTimeBasedFNATP@6b2fad11 - The date pattern is 'yyyy-MM-dd' from file name pattern '/tmp/application_%d{yyyy-MM-dd}.%i.log'.
05:41:54,889 |-INFO in ch.qos.logback.core.rolling.SizeAndTimeBasedFNATP@6b2fad11 - Roll-over at midnight.
05:41:54,894 |-INFO in ch.qos.logback.core.rolling.SizeAndTimeBasedFNATP@6b2fad11 - Setting initial period to Tue Jun 11 05:40:38 UTC 2019
05:41:54,894 |-WARN in ch.qos.logback.core.rolling.SizeAndTimeBasedFNATP@6b2fad11 - SizeAndTimeBasedFNATP is deprecated. Use SizeAndTimeBasedRollingPolicy instead
05:41:54,894 |-WARN in ch.qos.logback.core.rolling.SizeAndTimeBasedFNATP@6b2fad11 - For more information see http://logback.qos.ch/manual/appenders.html#SizeAndTimeBasedRollingPolicy
05:41:54,898 |-INFO in ch.qos.logback.core.joran.action.NestedComplexPropertyIA - Assuming default type [ch.qos.logback.classic.encoder.PatternLayoutEncoder] for [encoder] property
05:41:54,903 |-INFO in ch.qos.logback.core.rolling.RollingFileAppender[FILE] - Active log file name: /tmp/application.log
05:41:54,903 |-INFO in ch.qos.logback.core.rolling.RollingFileAppender[FILE] - File property is set to [/tmp/application.log]
05:41:54,904 |-INFO in ch.qos.logback.classic.joran.action.RootLoggerAction - Setting level of ROOT logger to WARN
05:41:54,904 |-INFO in ch.qos.logback.core.joran.action.AppenderRefAction - Attaching appender named [STDOUT] to Logger[ROOT]
05:41:54,906 |-INFO in ch.qos.logback.core.joran.action.AppenderRefAction - Attaching appender named [FILE] to Logger[ROOT]
05:41:54,906 |-INFO in ch.qos.logback.classic.joran.action.ConfigurationAction - End of configuration.
05:41:54,906 |-INFO in ch.qos.logback.classic.joran.JoranConfigurator@79698539 - Registering current configuration as safe fallback point

Ama winner
Ama winner
2019-06-11T05:41:56.164+0000: 1.712: [Full GC (Metadata GC Threshold) 2019-06-11T05:41:56.164+0000: 1.712: [Tenured: 0K->15145K(341376K), 0.0410492 secs] 114987K->15145K(494976K), [Metaspace: 20732K->20732K(1067008K)], 0.0411168 secs] [Times: user=0.04 sys=0.01, real=0.04 secs] 
05:42:17.065 [Curator-PathChildrenCache-1] WARN  o.a.c.u.ZKPaths  - The version of ZooKeeper being used doesn't support Container nodes. CreateMode.PERSISTENT will be used instead.
2019-06-11T05:42:19.273+0000: 24.822: [GC (Allocation Failure) 2019-06-11T05:42:19.273+0000: 24.822: [DefNew: 136576K->17023K(153600K), 0.0379849 secs] 151721K->52582K(494976K), 0.0380510 secs] [Times: user=0.03 sys=0.00, real=0.04 secs] 
2019-06-11T05:42:23.916+0000: 29.465: [GC (Allocation Failure) 2019-06-11T05:42:23.916+0000: 29.465: [DefNew: 153599K->238K(153600K), 0.0134093 secs] 189158K->44067K(494976K), 0.0134832 secs] [Times: user=0.01 sys=0.00, real=0.01 secs] 
2019-06-11T05:42:28.270+0000: 33.819: [GC (Allocation Failure) 2019-06-11T05:42:28.270+0000: 33.819: [DefNew: 136814K->229K(153600K), 0.0027728 secs] 180643K->44057K(494976K), 0.0028348 secs] [Times: user=0.01 sys=0.00, real=0.01 secs] 
2019-06-11T05:42:30.913+0000: 36.462: [Full GC (Metadata GC Threshold) 2019-06-11T05:42:30.913+0000: 36.462: [Tenured: 43828K->44056K(341376K), 0.0505366 secs] 128123K->44056K(494976K), [Metaspace: 34611K->34611K(1079296K)], 0.0506108 secs] [Times: user=0.05 sys=0.00, real=0.05 secs] 
2019-06-11T05:42:35.264+0000: 40.813: [GC (Allocation Failure) 2019-06-11T05:42:35.264+0000: 40.813: [DefNew: 136576K->48K(153600K), 0.0016580 secs] 180632K->44104K(494976K), 0.0017362 secs] [Times: user=0.01 sys=0.00, real=0.00 secs] 
2019-06-11T05:42:39.649+0000: 45.197: [GC (Allocation Failure) 2019-06-11T05:42:39.649+0000: 45.197: [DefNew: 136624K->48K(153600K), 0.0015887 secs] 180680K->44104K(494976K), 0.0016591 secs] [Times: user=0.00 sys=0.00, real=0.00 secs] 
05:42:47.796 [Curator-PathChildrenCache-0] ERROR o.a.c.f.r.c.PathChildrenCache  - 
java.lang.IllegalStateException: instance must be started before calling this method
	at org.apache.curator.shaded.com.google.common.base.Preconditions.checkState(Preconditions.java:444)
	at org.apache.curator.framework.imps.CuratorFrameworkImpl.getChildren(CuratorFrameworkImpl.java:456)
	at org.apache.curator.framework.recipes.cache.PathChildrenCache.refresh(PathChildrenCache.java:521)
	at org.apache.curator.framework.recipes.cache.RefreshOperation.invoke(RefreshOperation.java:35)
	at org.apache.curator.framework.recipes.cache.PathChildrenCache$9.run(PathChildrenCache.java:786)
	at java.util.concurrent.Executors$RunnableAdapter.call(Executors.java:511)
	at java.util.concurrent.FutureTask.run(FutureTask.java:266)
	at java.util.concurrent.Executors$RunnableAdapter.call(Executors.java:511)
	at java.util.concurrent.FutureTask.run(FutureTask.java:266)
	at java.util.concurrent.ThreadPoolExecutor.runWorker(ThreadPoolExecutor.java:1149)
	at java.util.concurrent.ThreadPoolExecutor$Worker.run(ThreadPoolExecutor.java:624)
	at java.lang.Thread.run(Thread.java:748)
Heap
 def new generation   total 153600K, used 67179K [0x00000000e0c00000, 0x00000000eb2a0000, 0x00000000eb2a0000)
  eden space 136576K,  49% used [0x00000000e0c00000, 0x00000000e4d8ec80, 0x00000000e9160000)
  from space 17024K,   0% used [0x00000000ea200000, 0x00000000ea20c1c8, 0x00000000eb2a0000)
  to   space 17024K,   0% used [0x00000000e9160000, 0x00000000e9160000, 0x00000000ea200000)
 tenured generation   total 341376K, used 44056K [0x00000000eb2a0000, 0x0000000100000000, 0x0000000100000000)
   the space 341376K,  12% used [0x00000000eb2a0000, 0x00000000edda6008, 0x00000000edda6200, 0x0000000100000000)
 Metaspace       used 35540K, capacity 36480K, committed 36864K, reserved 1081344K
  class space    used 4812K, capacity 5010K, committed 5120K, reserved 1048576K
