05:17:45,525 |-INFO in ch.qos.logback.classic.LoggerContext[default] - Could NOT find resource [logback-test.xml]
05:17:45,525 |-INFO in ch.qos.logback.classic.LoggerContext[default] - Could NOT find resource [logback.groovy]
05:17:45,525 |-INFO in ch.qos.logback.classic.LoggerContext[default] - Found resource [logback.xml] at [jar:file:/root/flamestream/lib/flamestream-runtime-1.0-SNAPSHOT.jar!/logback.xml]
05:17:45,527 |-WARN in ch.qos.logback.classic.LoggerContext[default] - Resource [logback.xml] occurs multiple times on the classpath.
05:17:45,527 |-WARN in ch.qos.logback.classic.LoggerContext[default] - Resource [logback.xml] occurs at [jar:file:/root/flamestream/lib/flamestream-runtime-1.0-SNAPSHOT.jar!/logback.xml]
05:17:45,527 |-WARN in ch.qos.logback.classic.LoggerContext[default] - Resource [logback.xml] occurs at [jar:file:/root/flamestream/flamestream-runtime-1.0-SNAPSHOT.jar!/logback.xml]
05:17:45,548 |-INFO in ch.qos.logback.core.joran.spi.ConfigurationWatchList@3fb6a447 - URL [jar:file:/root/flamestream/lib/flamestream-runtime-1.0-SNAPSHOT.jar!/logback.xml] is not of type file
05:17:45,624 |-INFO in ch.qos.logback.classic.joran.action.ConfigurationAction - debug attribute not set
05:17:45,624 |-INFO in ch.qos.logback.core.joran.action.AppenderAction - About to instantiate appender of type [ch.qos.logback.core.ConsoleAppender]
05:17:45,636 |-INFO in ch.qos.logback.core.joran.action.AppenderAction - Naming appender as [STDOUT]
05:17:45,654 |-INFO in ch.qos.logback.core.joran.action.NestedComplexPropertyIA - Assuming default type [ch.qos.logback.classic.encoder.PatternLayoutEncoder] for [encoder] property
05:17:45,740 |-INFO in ch.qos.logback.core.joran.action.AppenderAction - About to instantiate appender of type [ch.qos.logback.core.rolling.RollingFileAppender]
05:17:45,745 |-INFO in ch.qos.logback.core.joran.action.AppenderAction - Naming appender as [FILE]
05:17:45,777 |-INFO in c.q.l.core.rolling.TimeBasedRollingPolicy@127618319 - No compression will be used
05:17:45,778 |-INFO in c.q.l.core.rolling.TimeBasedRollingPolicy@127618319 - Will use the pattern /tmp/application_%d{yyyy-MM-dd}.%i.log for the active file
05:17:45,781 |-INFO in ch.qos.logback.core.rolling.SizeAndTimeBasedFNATP@6b2fad11 - The date pattern is 'yyyy-MM-dd' from file name pattern '/tmp/application_%d{yyyy-MM-dd}.%i.log'.
05:17:45,781 |-INFO in ch.qos.logback.core.rolling.SizeAndTimeBasedFNATP@6b2fad11 - Roll-over at midnight.
05:17:45,786 |-INFO in ch.qos.logback.core.rolling.SizeAndTimeBasedFNATP@6b2fad11 - Setting initial period to Tue Jun 11 05:16:05 UTC 2019
05:17:45,786 |-WARN in ch.qos.logback.core.rolling.SizeAndTimeBasedFNATP@6b2fad11 - SizeAndTimeBasedFNATP is deprecated. Use SizeAndTimeBasedRollingPolicy instead
05:17:45,786 |-WARN in ch.qos.logback.core.rolling.SizeAndTimeBasedFNATP@6b2fad11 - For more information see http://logback.qos.ch/manual/appenders.html#SizeAndTimeBasedRollingPolicy
05:17:45,791 |-INFO in ch.qos.logback.core.joran.action.NestedComplexPropertyIA - Assuming default type [ch.qos.logback.classic.encoder.PatternLayoutEncoder] for [encoder] property
05:17:45,795 |-INFO in ch.qos.logback.core.rolling.RollingFileAppender[FILE] - Active log file name: /tmp/application.log
05:17:45,795 |-INFO in ch.qos.logback.core.rolling.RollingFileAppender[FILE] - File property is set to [/tmp/application.log]
05:17:45,796 |-INFO in ch.qos.logback.classic.joran.action.RootLoggerAction - Setting level of ROOT logger to WARN
05:17:45,796 |-INFO in ch.qos.logback.core.joran.action.AppenderRefAction - Attaching appender named [STDOUT] to Logger[ROOT]
05:17:45,798 |-INFO in ch.qos.logback.core.joran.action.AppenderRefAction - Attaching appender named [FILE] to Logger[ROOT]
05:17:45,798 |-INFO in ch.qos.logback.classic.joran.action.ConfigurationAction - End of configuration.
05:17:45,799 |-INFO in ch.qos.logback.classic.joran.JoranConfigurator@79698539 - Registering current configuration as safe fallback point

Ama winner
Ama winner
2019-06-11T05:17:47.112+0000: 1.773: [Full GC (Metadata GC Threshold) 2019-06-11T05:17:47.112+0000: 1.773: [Tenured: 0K->15175K(341376K), 0.0402533 secs] 114988K->15175K(494976K), [Metaspace: 20727K->20727K(1067008K)], 0.0403181 secs] [Times: user=0.03 sys=0.00, real=0.04 secs] 
05:18:07.672 [Curator-PathChildrenCache-1] WARN  o.a.c.u.ZKPaths  - The version of ZooKeeper being used doesn't support Container nodes. CreateMode.PERSISTENT will be used instead.
2019-06-11T05:18:10.047+0000: 24.707: [GC (Allocation Failure) 2019-06-11T05:18:10.047+0000: 24.707: [DefNew: 117599K->17023K(153600K), 0.0183250 secs] 132775K->32802K(494976K), 0.0183927 secs] [Times: user=0.02 sys=0.00, real=0.02 secs] 
2019-06-11T05:18:13.236+0000: 27.896: [Full GC (Metadata GC Threshold) 2019-06-11T05:18:13.236+0000: 27.896: [Tenured: 15778K->43805K(341376K), 0.0642348 secs] 155773K->43805K(494976K), [Metaspace: 34584K->34584K(1079296K)], 0.0643123 secs] [Times: user=0.06 sys=0.01, real=0.06 secs] 
2019-06-11T05:18:17.163+0000: 31.823: [GC (Allocation Failure) 2019-06-11T05:18:17.163+0000: 31.823: [DefNew: 136576K->47K(153600K), 0.0016919 secs] 180381K->43853K(494976K), 0.0017460 secs] [Times: user=0.00 sys=0.00, real=0.00 secs] 
2019-06-11T05:18:21.007+0000: 35.667: [GC (Allocation Failure) 2019-06-11T05:18:21.007+0000: 35.667: [DefNew: 136623K->57K(153600K), 0.0016460 secs] 180429K->43863K(494976K), 0.0017072 secs] [Times: user=0.01 sys=0.00, real=0.00 secs] 
2019-06-11T05:18:24.924+0000: 39.584: [GC (Allocation Failure) 2019-06-11T05:18:24.924+0000: 39.584: [DefNew: 136633K->55K(153600K), 0.0015829 secs] 180439K->43860K(494976K), 0.0016429 secs] [Times: user=0.00 sys=0.00, real=0.01 secs] 
05:18:32.127 [Curator-PathChildrenCache-0] ERROR o.a.c.f.r.c.PathChildrenCache  - 
java.lang.IllegalStateException: instance must be started before calling this method
	at org.apache.curator.shaded.com.google.common.base.Preconditions.checkState(Preconditions.java:444)
	at org.apache.curator.framework.imps.CuratorFrameworkImpl.getChildren(CuratorFrameworkImpl.java:456)
	at org.apache.curator.framework.recipes.cache.PathChildrenCache.refresh(PathChildrenCache.java:521)
	at org.apache.curator.framework.recipes.cache.RefreshOperation.invoke(RefreshOperation.java:35)
	at org.apache.curator.framework.recipes.cache.PathChildrenCache$9.run(PathChildrenCache.java:786)
	at java.util.concurrent.Executors$RunnableAdapter.call(Executors.java:511)
	at java.util.concurrent.FutureTask.run(FutureTask.java:266)
	at java.util.concurrent.Executors$RunnableAdapter.call(Executors.java:511)
	at java.util.concurrent.FutureTask.run(FutureTask.java:266)
	at java.util.concurrent.ThreadPoolExecutor.runWorker(ThreadPoolExecutor.java:1149)
	at java.util.concurrent.ThreadPoolExecutor$Worker.run(ThreadPoolExecutor.java:624)
	at java.lang.Thread.run(Thread.java:748)
Heap
 def new generation   total 153600K, used 108584K [0x00000000e0c00000, 0x00000000eb2a0000, 0x00000000eb2a0000)
  eden space 136576K,  79% used [0x00000000e0c00000, 0x00000000e75fc448, 0x00000000e9160000)
  from space 17024K,   0% used [0x00000000e9160000, 0x00000000e916dd18, 0x00000000ea200000)
  to   space 17024K,   0% used [0x00000000ea200000, 0x00000000ea200000, 0x00000000eb2a0000)
 tenured generation   total 341376K, used 43805K [0x00000000eb2a0000, 0x0000000100000000, 0x0000000100000000)
   the space 341376K,  12% used [0x00000000eb2a0000, 0x00000000edd67670, 0x00000000edd67800, 0x0000000100000000)
 Metaspace       used 35741K, capacity 36640K, committed 36864K, reserved 1081344K
  class space    used 4825K, capacity 5042K, committed 5120K, reserved 1048576K
