11:28:46,762 |-INFO in ch.qos.logback.classic.LoggerContext[default] - Could NOT find resource [logback-test.xml]
11:28:46,762 |-INFO in ch.qos.logback.classic.LoggerContext[default] - Could NOT find resource [logback.groovy]
11:28:46,762 |-INFO in ch.qos.logback.classic.LoggerContext[default] - Found resource [logback.xml] at [jar:file:/root/flamestream/lib/flamestream-runtime-1.0-SNAPSHOT.jar!/logback.xml]
11:28:46,763 |-WARN in ch.qos.logback.classic.LoggerContext[default] - Resource [logback.xml] occurs multiple times on the classpath.
11:28:46,763 |-WARN in ch.qos.logback.classic.LoggerContext[default] - Resource [logback.xml] occurs at [jar:file:/root/flamestream/lib/flamestream-runtime-1.0-SNAPSHOT.jar!/logback.xml]
11:28:46,763 |-WARN in ch.qos.logback.classic.LoggerContext[default] - Resource [logback.xml] occurs at [jar:file:/root/flamestream/flamestream-runtime-1.0-SNAPSHOT.jar!/logback.xml]
11:28:46,784 |-INFO in ch.qos.logback.core.joran.spi.ConfigurationWatchList@3fb6a447 - URL [jar:file:/root/flamestream/lib/flamestream-runtime-1.0-SNAPSHOT.jar!/logback.xml] is not of type file
11:28:46,854 |-INFO in ch.qos.logback.classic.joran.action.ConfigurationAction - debug attribute not set
11:28:46,854 |-INFO in ch.qos.logback.core.joran.action.AppenderAction - About to instantiate appender of type [ch.qos.logback.core.ConsoleAppender]
11:28:46,872 |-INFO in ch.qos.logback.core.joran.action.AppenderAction - Naming appender as [STDOUT]
11:28:46,890 |-INFO in ch.qos.logback.core.joran.action.NestedComplexPropertyIA - Assuming default type [ch.qos.logback.classic.encoder.PatternLayoutEncoder] for [encoder] property
11:28:46,971 |-INFO in ch.qos.logback.core.joran.action.AppenderAction - About to instantiate appender of type [ch.qos.logback.core.rolling.RollingFileAppender]
11:28:46,976 |-INFO in ch.qos.logback.core.joran.action.AppenderAction - Naming appender as [FILE]
11:28:47,008 |-INFO in c.q.l.core.rolling.TimeBasedRollingPolicy@127618319 - No compression will be used
11:28:47,010 |-INFO in c.q.l.core.rolling.TimeBasedRollingPolicy@127618319 - Will use the pattern /tmp/application_%d{yyyy-MM-dd}.%i.log for the active file
11:28:47,013 |-INFO in ch.qos.logback.core.rolling.SizeAndTimeBasedFNATP@6b2fad11 - The date pattern is 'yyyy-MM-dd' from file name pattern '/tmp/application_%d{yyyy-MM-dd}.%i.log'.
11:28:47,013 |-INFO in ch.qos.logback.core.rolling.SizeAndTimeBasedFNATP@6b2fad11 - Roll-over at midnight.
11:28:47,018 |-INFO in ch.qos.logback.core.rolling.SizeAndTimeBasedFNATP@6b2fad11 - Setting initial period to Tue Jun 11 11:27:27 UTC 2019
11:28:47,018 |-WARN in ch.qos.logback.core.rolling.SizeAndTimeBasedFNATP@6b2fad11 - SizeAndTimeBasedFNATP is deprecated. Use SizeAndTimeBasedRollingPolicy instead
11:28:47,018 |-WARN in ch.qos.logback.core.rolling.SizeAndTimeBasedFNATP@6b2fad11 - For more information see http://logback.qos.ch/manual/appenders.html#SizeAndTimeBasedRollingPolicy
11:28:47,022 |-INFO in ch.qos.logback.core.joran.action.NestedComplexPropertyIA - Assuming default type [ch.qos.logback.classic.encoder.PatternLayoutEncoder] for [encoder] property
11:28:47,027 |-INFO in ch.qos.logback.core.rolling.RollingFileAppender[FILE] - Active log file name: /tmp/application.log
11:28:47,027 |-INFO in ch.qos.logback.core.rolling.RollingFileAppender[FILE] - File property is set to [/tmp/application.log]
11:28:47,028 |-INFO in ch.qos.logback.classic.joran.action.RootLoggerAction - Setting level of ROOT logger to WARN
11:28:47,028 |-INFO in ch.qos.logback.core.joran.action.AppenderRefAction - Attaching appender named [STDOUT] to Logger[ROOT]
11:28:47,030 |-INFO in ch.qos.logback.core.joran.action.AppenderRefAction - Attaching appender named [FILE] to Logger[ROOT]
11:28:47,030 |-INFO in ch.qos.logback.classic.joran.action.ConfigurationAction - End of configuration.
11:28:47,031 |-INFO in ch.qos.logback.classic.joran.JoranConfigurator@79698539 - Registering current configuration as safe fallback point

Ama winner
Ama winner
2019-06-11T11:28:48.402+0000: 1.829: [Full GC (Metadata GC Threshold) 2019-06-11T11:28:48.402+0000: 1.829: [Tenured: 0K->15207K(341376K), 0.0391006 secs] 114986K->15207K(494976K), [Metaspace: 20728K->20728K(1067008K)], 0.0391677 secs] [Times: user=0.03 sys=0.00, real=0.04 secs] 
11:29:04.596 [Curator-PathChildrenCache-1] WARN  o.a.c.u.ZKPaths  - The version of ZooKeeper being used doesn't support Container nodes. CreateMode.PERSISTENT will be used instead.
2019-06-11T11:29:07.212+0000: 20.639: [GC (Allocation Failure) 2019-06-11T11:29:07.212+0000: 20.639: [DefNew: 136576K->17024K(153600K), 0.0252266 secs] 151783K->52627K(494976K), 0.0252911 secs] [Times: user=0.02 sys=0.01, real=0.02 secs] 
2019-06-11T11:29:10.271+0000: 23.698: [GC (Allocation Failure) 2019-06-11T11:29:10.271+0000: 23.698: [DefNew: 153600K->103K(153600K), 0.0093912 secs] 189203K->43932K(494976K), 0.0094509 secs] [Times: user=0.01 sys=0.00, real=0.00 secs] 
2019-06-11T11:29:13.070+0000: 26.497: [GC (Allocation Failure) 2019-06-11T11:29:13.070+0000: 26.497: [DefNew: 136679K->110K(153600K), 0.0023895 secs] 180508K->43938K(494976K), 0.0024482 secs] [Times: user=0.01 sys=0.00, real=0.00 secs] 
2019-06-11T11:29:15.978+0000: 29.405: [GC (Allocation Failure) 2019-06-11T11:29:15.978+0000: 29.405: [DefNew: 136686K->113K(153600K), 0.0024863 secs] 180514K->43941K(494976K), 0.0025520 secs] [Times: user=0.00 sys=0.01, real=0.00 secs] 
2019-06-11T11:29:18.824+0000: 32.251: [GC (Allocation Failure) 2019-06-11T11:29:18.824+0000: 32.251: [DefNew: 136689K->111K(153600K), 0.0024190 secs] 180517K->43939K(494976K), 0.0024776 secs] [Times: user=0.01 sys=0.00, real=0.00 secs] 
2019-06-11T11:29:24.562+0000: 37.989: [Full GC (Metadata GC Threshold) 2019-06-11T11:29:24.562+0000: 37.989: [Tenured: 43828K->43939K(341376K), 0.0443413 secs] 106831K->43939K(494976K), [Metaspace: 34634K->34634K(1079296K)], 0.0444164 secs] [Times: user=0.05 sys=0.00, real=0.04 secs] 
11:29:26.292 [Curator-PathChildrenCache-0] ERROR o.a.c.f.r.c.PathChildrenCache  - 
java.lang.IllegalStateException: instance must be started before calling this method
	at org.apache.curator.shaded.com.google.common.base.Preconditions.checkState(Preconditions.java:444)
	at org.apache.curator.framework.imps.CuratorFrameworkImpl.getChildren(CuratorFrameworkImpl.java:456)
	at org.apache.curator.framework.recipes.cache.PathChildrenCache.refresh(PathChildrenCache.java:521)
	at org.apache.curator.framework.recipes.cache.RefreshOperation.invoke(RefreshOperation.java:35)
	at org.apache.curator.framework.recipes.cache.PathChildrenCache$9.run(PathChildrenCache.java:786)
	at java.util.concurrent.Executors$RunnableAdapter.call(Executors.java:511)
	at java.util.concurrent.FutureTask.run(FutureTask.java:266)
	at java.util.concurrent.Executors$RunnableAdapter.call(Executors.java:511)
	at java.util.concurrent.FutureTask.run(FutureTask.java:266)
	at java.util.concurrent.ThreadPoolExecutor.runWorker(ThreadPoolExecutor.java:1149)
	at java.util.concurrent.ThreadPoolExecutor$Worker.run(ThreadPoolExecutor.java:624)
	at java.lang.Thread.run(Thread.java:748)
Heap
 def new generation   total 153600K, used 23039K [0x00000000e0c00000, 0x00000000eb2a0000, 0x00000000eb2a0000)
  eden space 136576K,  16% used [0x00000000e0c00000, 0x00000000e227fd30, 0x00000000e9160000)
  from space 17024K,   0% used [0x00000000ea200000, 0x00000000ea200000, 0x00000000eb2a0000)
  to   space 17024K,   0% used [0x00000000e9160000, 0x00000000e9160000, 0x00000000ea200000)
 tenured generation   total 341376K, used 43939K [0x00000000eb2a0000, 0x0000000100000000, 0x0000000100000000)
   the space 341376K,  12% used [0x00000000eb2a0000, 0x00000000edd88e20, 0x00000000edd89000, 0x0000000100000000)
 Metaspace       used 35500K, capacity 36338K, committed 36608K, reserved 1081344K
  class space    used 4816K, capacity 5009K, committed 5120K, reserved 1048576K
