00:23:00,699 |-INFO in ch.qos.logback.classic.LoggerContext[default] - Could NOT find resource [logback-test.xml]
00:23:00,699 |-INFO in ch.qos.logback.classic.LoggerContext[default] - Could NOT find resource [logback.groovy]
00:23:00,699 |-INFO in ch.qos.logback.classic.LoggerContext[default] - Found resource [logback.xml] at [jar:file:/home/nikitasokolov/flamestream/lib/flamestream-runtime-1.0-SNAPSHOT.jar!/logback.xml]
00:23:00,700 |-WARN in ch.qos.logback.classic.LoggerContext[default] - Resource [logback.xml] occurs multiple times on the classpath.
00:23:00,700 |-WARN in ch.qos.logback.classic.LoggerContext[default] - Resource [logback.xml] occurs at [jar:file:/home/nikitasokolov/flamestream/lib/flamestream-runtime-1.0-SNAPSHOT.jar!/logback.xml]
00:23:00,700 |-WARN in ch.qos.logback.classic.LoggerContext[default] - Resource [logback.xml] occurs at [jar:file:/home/nikitasokolov/flamestream/flamestream-runtime-1.0-SNAPSHOT.jar!/logback.xml]
00:23:00,716 |-INFO in ch.qos.logback.core.joran.spi.ConfigurationWatchList@6108b2d7 - URL [jar:file:/home/nikitasokolov/flamestream/lib/flamestream-runtime-1.0-SNAPSHOT.jar!/logback.xml] is not of type file
00:23:00,768 |-INFO in ch.qos.logback.classic.joran.action.ConfigurationAction - debug attribute not set
00:23:00,769 |-INFO in ch.qos.logback.core.joran.action.AppenderAction - About to instantiate appender of type [ch.qos.logback.core.ConsoleAppender]
00:23:00,780 |-INFO in ch.qos.logback.core.joran.action.AppenderAction - Naming appender as [STDOUT]
00:23:00,790 |-INFO in ch.qos.logback.core.joran.action.NestedComplexPropertyIA - Assuming default type [ch.qos.logback.classic.encoder.PatternLayoutEncoder] for [encoder] property
00:23:00,849 |-INFO in ch.qos.logback.core.joran.action.AppenderAction - About to instantiate appender of type [ch.qos.logback.core.rolling.RollingFileAppender]
00:23:00,854 |-INFO in ch.qos.logback.core.joran.action.AppenderAction - Naming appender as [FILE]
00:23:00,876 |-INFO in c.q.l.core.rolling.TimeBasedRollingPolicy@357863579 - No compression will be used
00:23:00,877 |-INFO in c.q.l.core.rolling.TimeBasedRollingPolicy@357863579 - Will use the pattern /tmp/application_%d{yyyy-MM-dd}.%i.log for the active file
00:23:00,880 |-INFO in ch.qos.logback.core.rolling.SizeAndTimeBasedFNATP@6bf256fa - The date pattern is 'yyyy-MM-dd' from file name pattern '/tmp/application_%d{yyyy-MM-dd}.%i.log'.
00:23:00,880 |-INFO in ch.qos.logback.core.rolling.SizeAndTimeBasedFNATP@6bf256fa - Roll-over at midnight.
00:23:00,884 |-INFO in ch.qos.logback.core.rolling.SizeAndTimeBasedFNATP@6bf256fa - Setting initial period to Mon Jun 10 00:22:18 MSK 2019
00:23:00,884 |-WARN in ch.qos.logback.core.rolling.SizeAndTimeBasedFNATP@6bf256fa - SizeAndTimeBasedFNATP is deprecated. Use SizeAndTimeBasedRollingPolicy instead
00:23:00,884 |-WARN in ch.qos.logback.core.rolling.SizeAndTimeBasedFNATP@6bf256fa - For more information see http://logback.qos.ch/manual/appenders.html#SizeAndTimeBasedRollingPolicy
00:23:00,888 |-INFO in ch.qos.logback.core.joran.action.NestedComplexPropertyIA - Assuming default type [ch.qos.logback.classic.encoder.PatternLayoutEncoder] for [encoder] property
00:23:00,890 |-INFO in ch.qos.logback.core.rolling.RollingFileAppender[FILE] - Active log file name: /tmp/application.log
00:23:00,890 |-INFO in ch.qos.logback.core.rolling.RollingFileAppender[FILE] - File property is set to [/tmp/application.log]
00:23:00,891 |-INFO in ch.qos.logback.classic.joran.action.RootLoggerAction - Setting level of ROOT logger to WARN
00:23:00,891 |-INFO in ch.qos.logback.core.joran.action.AppenderRefAction - Attaching appender named [STDOUT] to Logger[ROOT]
00:23:00,892 |-INFO in ch.qos.logback.core.joran.action.AppenderRefAction - Attaching appender named [FILE] to Logger[ROOT]
00:23:00,892 |-INFO in ch.qos.logback.classic.joran.action.ConfigurationAction - End of configuration.
00:23:00,893 |-INFO in ch.qos.logback.classic.joran.JoranConfigurator@6cd8737 - Registering current configuration as safe fallback point

2019-06-10T00:23:01.902+0300: 1.405: [GC (Metadata GC Threshold) [PSYoungGen: 108152K->15930K(149504K)] 108152K->16010K(491008K), 0.0208217 secs] [Times: user=0.04 sys=0.07, real=0.02 secs] 
2019-06-10T00:23:01.923+0300: 1.426: [Full GC (Metadata GC Threshold) [PSYoungGen: 15930K->0K(149504K)] [ParOldGen: 80K->15078K(341504K)] 16010K->15078K(491008K), [Metaspace: 20802K->20802K(1067008K)], 0.0279178 secs] [Times: user=0.18 sys=0.02, real=0.03 secs] 
00:23:10.077 [Curator-PathChildrenCache-2] WARN  o.a.c.u.ZKPaths  - The version of ZooKeeper being used doesn't support Container nodes. CreateMode.PERSISTENT will be used instead.
2019-06-10T00:23:10.726+0300: 10.229: [GC (Metadata GC Threshold) [PSYoungGen: 127049K->16717K(149504K)] 142127K->51335K(491008K), 0.0270439 secs] [Times: user=0.23 sys=0.01, real=0.03 secs] 
2019-06-10T00:23:10.754+0300: 10.256: [Full GC (Metadata GC Threshold) [PSYoungGen: 16717K->0K(149504K)] [ParOldGen: 34617K->39872K(341504K)] 51335K->39872K(491008K), [Metaspace: 34462K->34462K(1079296K)], 0.0340449 secs] [Times: user=0.20 sys=0.00, real=0.03 secs] 
2019-06-10T00:23:19.100+0300: 18.602: [GC (Allocation Failure) [PSYoungGen: 128512K->512K(149504K)] 168384K->40392K(491008K), 0.0036967 secs] [Times: user=0.00 sys=0.03, real=0.00 secs] 
2019-06-10T00:23:28.441+0300: 27.943: [GC (Allocation Failure) [PSYoungGen: 129024K->544K(149504K)] 168904K->40433K(491008K), 0.0102860 secs] [Times: user=0.09 sys=0.01, real=0.01 secs] 
2019-06-10T00:23:37.862+0300: 37.364: [GC (Allocation Failure) [PSYoungGen: 129056K->736K(129536K)] 168945K->40633K(471040K), 0.0034681 secs] [Times: user=0.01 sys=0.00, real=0.00 secs] 
2019-06-10T00:23:50.805+0300: 50.307: [GC (Allocation Failure) [PSYoungGen: 129248K->704K(148992K)] 169145K->40609K(490496K), 0.0086491 secs] [Times: user=0.06 sys=0.01, real=0.01 secs] 
00:23:53.085 [Curator-PathChildrenCache-0] ERROR o.a.c.f.r.c.PathChildrenCache  - 
java.lang.IllegalStateException: instance must be started before calling this method
	at org.apache.curator.shaded.com.google.common.base.Preconditions.checkState(Preconditions.java:444)
	at org.apache.curator.framework.imps.CuratorFrameworkImpl.getChildren(CuratorFrameworkImpl.java:456)
	at org.apache.curator.framework.recipes.cache.PathChildrenCache.refresh(PathChildrenCache.java:521)
	at org.apache.curator.framework.recipes.cache.RefreshOperation.invoke(RefreshOperation.java:35)
	at org.apache.curator.framework.recipes.cache.PathChildrenCache$9.run(PathChildrenCache.java:786)
	at java.util.concurrent.Executors$RunnableAdapter.call(Executors.java:511)
	at java.util.concurrent.FutureTask.run(FutureTask.java:266)
	at java.util.concurrent.Executors$RunnableAdapter.call(Executors.java:511)
	at java.util.concurrent.FutureTask.run(FutureTask.java:266)
	at java.util.concurrent.ThreadPoolExecutor.runWorker(ThreadPoolExecutor.java:1149)
	at java.util.concurrent.ThreadPoolExecutor$Worker.run(ThreadPoolExecutor.java:624)
	at java.lang.Thread.run(Thread.java:748)
Heap
 PSYoungGen      total 148992K, used 18953K [0x00000000f5980000, 0x0000000100000000, 0x0000000100000000)
  eden space 126976K, 14% used [0x00000000f5980000,0x00000000f6b524f0,0x00000000fd580000)
  from space 22016K, 3% used [0x00000000fea80000,0x00000000feb30080,0x0000000100000000)
  to   space 21504K, 0% used [0x00000000fd580000,0x00000000fd580000,0x00000000fea80000)
 ParOldGen       total 341504K, used 39904K [0x00000000e0c00000, 0x00000000f5980000, 0x00000000f5980000)
  object space 341504K, 11% used [0x00000000e0c00000,0x00000000e32f83d0,0x00000000f5980000)
 Metaspace       used 35970K, capacity 36926K, committed 37208K, reserved 1081344K
  class space    used 4965K, capacity 5185K, committed 5248K, reserved 1048576K
