19:58:38,959 |-INFO in ch.qos.logback.classic.LoggerContext[default] - Could NOT find resource [logback-test.xml]
19:58:38,959 |-INFO in ch.qos.logback.classic.LoggerContext[default] - Could NOT find resource [logback.groovy]
19:58:38,959 |-INFO in ch.qos.logback.classic.LoggerContext[default] - Found resource [logback.xml] at [jar:file:/home/nikitasokolov/flamestream/lib/flamestream-runtime-1.0-SNAPSHOT.jar!/logback.xml]
19:58:38,959 |-WARN in ch.qos.logback.classic.LoggerContext[default] - Resource [logback.xml] occurs multiple times on the classpath.
19:58:38,960 |-WARN in ch.qos.logback.classic.LoggerContext[default] - Resource [logback.xml] occurs at [jar:file:/home/nikitasokolov/flamestream/lib/flamestream-runtime-1.0-SNAPSHOT.jar!/logback.xml]
19:58:38,960 |-WARN in ch.qos.logback.classic.LoggerContext[default] - Resource [logback.xml] occurs at [jar:file:/home/nikitasokolov/flamestream/flamestream-runtime-1.0-SNAPSHOT.jar!/logback.xml]
19:58:38,975 |-INFO in ch.qos.logback.core.joran.spi.ConfigurationWatchList@6108b2d7 - URL [jar:file:/home/nikitasokolov/flamestream/lib/flamestream-runtime-1.0-SNAPSHOT.jar!/logback.xml] is not of type file
19:58:39,024 |-INFO in ch.qos.logback.classic.joran.action.ConfigurationAction - debug attribute not set
19:58:39,025 |-INFO in ch.qos.logback.core.joran.action.AppenderAction - About to instantiate appender of type [ch.qos.logback.core.ConsoleAppender]
19:58:39,032 |-INFO in ch.qos.logback.core.joran.action.AppenderAction - Naming appender as [STDOUT]
19:58:39,040 |-INFO in ch.qos.logback.core.joran.action.NestedComplexPropertyIA - Assuming default type [ch.qos.logback.classic.encoder.PatternLayoutEncoder] for [encoder] property
19:58:39,096 |-INFO in ch.qos.logback.core.joran.action.AppenderAction - About to instantiate appender of type [ch.qos.logback.core.rolling.RollingFileAppender]
19:58:39,102 |-INFO in ch.qos.logback.core.joran.action.AppenderAction - Naming appender as [FILE]
19:58:39,124 |-INFO in c.q.l.core.rolling.TimeBasedRollingPolicy@357863579 - No compression will be used
19:58:39,125 |-INFO in c.q.l.core.rolling.TimeBasedRollingPolicy@357863579 - Will use the pattern /tmp/application_%d{yyyy-MM-dd}.%i.log for the active file
19:58:39,128 |-INFO in ch.qos.logback.core.rolling.SizeAndTimeBasedFNATP@6bf256fa - The date pattern is 'yyyy-MM-dd' from file name pattern '/tmp/application_%d{yyyy-MM-dd}.%i.log'.
19:58:39,128 |-INFO in ch.qos.logback.core.rolling.SizeAndTimeBasedFNATP@6bf256fa - Roll-over at midnight.
19:58:39,132 |-INFO in ch.qos.logback.core.rolling.SizeAndTimeBasedFNATP@6bf256fa - Setting initial period to Sun Jun 09 19:57:55 MSK 2019
19:58:39,132 |-WARN in ch.qos.logback.core.rolling.SizeAndTimeBasedFNATP@6bf256fa - SizeAndTimeBasedFNATP is deprecated. Use SizeAndTimeBasedRollingPolicy instead
19:58:39,132 |-WARN in ch.qos.logback.core.rolling.SizeAndTimeBasedFNATP@6bf256fa - For more information see http://logback.qos.ch/manual/appenders.html#SizeAndTimeBasedRollingPolicy
19:58:39,136 |-INFO in ch.qos.logback.core.joran.action.NestedComplexPropertyIA - Assuming default type [ch.qos.logback.classic.encoder.PatternLayoutEncoder] for [encoder] property
19:58:39,139 |-INFO in ch.qos.logback.core.rolling.RollingFileAppender[FILE] - Active log file name: /tmp/application.log
19:58:39,139 |-INFO in ch.qos.logback.core.rolling.RollingFileAppender[FILE] - File property is set to [/tmp/application.log]
19:58:39,140 |-INFO in ch.qos.logback.classic.joran.action.RootLoggerAction - Setting level of ROOT logger to WARN
19:58:39,140 |-INFO in ch.qos.logback.core.joran.action.AppenderRefAction - Attaching appender named [STDOUT] to Logger[ROOT]
19:58:39,140 |-INFO in ch.qos.logback.core.joran.action.AppenderRefAction - Attaching appender named [FILE] to Logger[ROOT]
19:58:39,140 |-INFO in ch.qos.logback.classic.joran.action.ConfigurationAction - End of configuration.
19:58:39,141 |-INFO in ch.qos.logback.classic.joran.JoranConfigurator@6cd8737 - Registering current configuration as safe fallback point

2019-06-09T19:58:40.138+0300: 1.379: [GC (Metadata GC Threshold) [PSYoungGen: 108152K->15827K(149504K)] 108152K->15907K(491008K), 0.0271523 secs] [Times: user=0.06 sys=0.06, real=0.02 secs] 
2019-06-09T19:58:40.165+0300: 1.406: [Full GC (Metadata GC Threshold) [PSYoungGen: 15827K->0K(149504K)] [ParOldGen: 80K->15078K(341504K)] 15907K->15078K(491008K), [Metaspace: 20800K->20800K(1067008K)], 0.0299396 secs] [Times: user=0.15 sys=0.05, real=0.03 secs] 
19:58:50.551 [Curator-PathChildrenCache-1] WARN  o.a.c.u.ZKPaths  - The version of ZooKeeper being used doesn't support Container nodes. CreateMode.PERSISTENT will be used instead.
2019-06-09T19:58:51.738+0300: 12.979: [GC (Allocation Failure) [PSYoungGen: 128512K->20987K(149504K)] 143590K->49778K(491008K), 0.0216511 secs] [Times: user=0.20 sys=0.05, real=0.02 secs] 
2019-06-09T19:58:51.772+0300: 13.013: [GC (Metadata GC Threshold) [PSYoungGen: 27098K->20971K(149504K)] 55889K->49850K(491008K), 0.0129153 secs] [Times: user=0.15 sys=0.00, real=0.01 secs] 
2019-06-09T19:58:51.785+0300: 13.026: [Full GC (Metadata GC Threshold) [PSYoungGen: 20971K->0K(149504K)] [ParOldGen: 28879K->38198K(341504K)] 49850K->38198K(491008K), [Metaspace: 34560K->34560K(1079296K)], 0.0474892 secs] [Times: user=0.15 sys=0.03, real=0.05 secs] 
2019-06-09T19:58:59.378+0300: 20.619: [GC (Allocation Failure) [PSYoungGen: 128512K->416K(149504K)] 166710K->38622K(491008K), 0.0074039 secs] [Times: user=0.06 sys=0.00, real=0.00 secs] 
2019-06-09T19:59:07.475+0300: 28.717: [GC (Allocation Failure) [PSYoungGen: 128928K->384K(129024K)] 167134K->38598K(470528K), 0.0051805 secs] [Times: user=0.03 sys=0.00, real=0.01 secs] 
2019-06-09T19:59:15.648+0300: 36.889: [GC (Allocation Failure) [PSYoungGen: 128896K->352K(130048K)] 167110K->38574K(471552K), 0.0031153 secs] [Times: user=0.00 sys=0.00, real=0.01 secs] 
19:59:25.260 [Curator-PathChildrenCache-0] ERROR o.a.c.f.r.c.PathChildrenCache  - 
java.lang.IllegalStateException: instance must be started before calling this method
	at org.apache.curator.shaded.com.google.common.base.Preconditions.checkState(Preconditions.java:444)
	at org.apache.curator.framework.imps.CuratorFrameworkImpl.getChildren(CuratorFrameworkImpl.java:456)
	at org.apache.curator.framework.recipes.cache.PathChildrenCache.refresh(PathChildrenCache.java:521)
	at org.apache.curator.framework.recipes.cache.RefreshOperation.invoke(RefreshOperation.java:35)
	at org.apache.curator.framework.recipes.cache.PathChildrenCache$9.run(PathChildrenCache.java:786)
	at java.util.concurrent.Executors$RunnableAdapter.call(Executors.java:511)
	at java.util.concurrent.FutureTask.run(FutureTask.java:266)
	at java.util.concurrent.Executors$RunnableAdapter.call(Executors.java:511)
	at java.util.concurrent.FutureTask.run(FutureTask.java:266)
	at java.util.concurrent.ThreadPoolExecutor.runWorker(ThreadPoolExecutor.java:1149)
	at java.util.concurrent.ThreadPoolExecutor$Worker.run(ThreadPoolExecutor.java:624)
	at java.lang.Thread.run(Thread.java:748)
Heap
 PSYoungGen      total 130048K, used 69938K [0x00000000f5980000, 0x0000000100000000, 0x0000000100000000)
  eden space 89088K, 78% used [0x00000000f5980000,0x00000000f9d748d0,0x00000000fb080000)
  from space 40960K, 0% used [0x00000000fd800000,0x00000000fd858020,0x0000000100000000)
  to   space 40448K, 0% used [0x00000000fb080000,0x00000000fb080000,0x00000000fd800000)
 ParOldGen       total 341504K, used 38222K [0x00000000e0c00000, 0x00000000f5980000, 0x00000000f5980000)
  object space 341504K, 11% used [0x00000000e0c00000,0x00000000e3153af0,0x00000000f5980000)
 Metaspace       used 35625K, capacity 36478K, committed 36696K, reserved 1081344K
  class space    used 4936K, capacity 5129K, committed 5248K, reserved 1048576K
