05:40:26,772 |-INFO in ch.qos.logback.classic.LoggerContext[default] - Could NOT find resource [logback-test.xml]
05:40:26,772 |-INFO in ch.qos.logback.classic.LoggerContext[default] - Could NOT find resource [logback.groovy]
05:40:26,772 |-INFO in ch.qos.logback.classic.LoggerContext[default] - Found resource [logback.xml] at [jar:file:/home/nikitasokolov/flamestream/lib/flamestream-runtime-1.0-SNAPSHOT.jar!/logback.xml]
05:40:26,773 |-WARN in ch.qos.logback.classic.LoggerContext[default] - Resource [logback.xml] occurs multiple times on the classpath.
05:40:26,773 |-WARN in ch.qos.logback.classic.LoggerContext[default] - Resource [logback.xml] occurs at [jar:file:/home/nikitasokolov/flamestream/lib/flamestream-runtime-1.0-SNAPSHOT.jar!/logback.xml]
05:40:26,773 |-WARN in ch.qos.logback.classic.LoggerContext[default] - Resource [logback.xml] occurs at [jar:file:/home/nikitasokolov/flamestream/flamestream-runtime-1.0-SNAPSHOT.jar!/logback.xml]
05:40:26,794 |-INFO in ch.qos.logback.core.joran.spi.ConfigurationWatchList@6108b2d7 - URL [jar:file:/home/nikitasokolov/flamestream/lib/flamestream-runtime-1.0-SNAPSHOT.jar!/logback.xml] is not of type file
05:40:26,845 |-INFO in ch.qos.logback.classic.joran.action.ConfigurationAction - debug attribute not set
05:40:26,846 |-INFO in ch.qos.logback.core.joran.action.AppenderAction - About to instantiate appender of type [ch.qos.logback.core.ConsoleAppender]
05:40:26,854 |-INFO in ch.qos.logback.core.joran.action.AppenderAction - Naming appender as [STDOUT]
05:40:26,862 |-INFO in ch.qos.logback.core.joran.action.NestedComplexPropertyIA - Assuming default type [ch.qos.logback.classic.encoder.PatternLayoutEncoder] for [encoder] property
05:40:26,916 |-INFO in ch.qos.logback.core.joran.action.AppenderAction - About to instantiate appender of type [ch.qos.logback.core.rolling.RollingFileAppender]
05:40:26,921 |-INFO in ch.qos.logback.core.joran.action.AppenderAction - Naming appender as [FILE]
05:40:26,944 |-INFO in c.q.l.core.rolling.TimeBasedRollingPolicy@357863579 - No compression will be used
05:40:26,945 |-INFO in c.q.l.core.rolling.TimeBasedRollingPolicy@357863579 - Will use the pattern /tmp/application_%d{yyyy-MM-dd}.%i.log for the active file
05:40:26,948 |-INFO in ch.qos.logback.core.rolling.SizeAndTimeBasedFNATP@6bf256fa - The date pattern is 'yyyy-MM-dd' from file name pattern '/tmp/application_%d{yyyy-MM-dd}.%i.log'.
05:40:26,948 |-INFO in ch.qos.logback.core.rolling.SizeAndTimeBasedFNATP@6bf256fa - Roll-over at midnight.
05:40:26,952 |-INFO in ch.qos.logback.core.rolling.SizeAndTimeBasedFNATP@6bf256fa - Setting initial period to Mon Jun 10 05:39:40 MSK 2019
05:40:26,953 |-WARN in ch.qos.logback.core.rolling.SizeAndTimeBasedFNATP@6bf256fa - SizeAndTimeBasedFNATP is deprecated. Use SizeAndTimeBasedRollingPolicy instead
05:40:26,953 |-WARN in ch.qos.logback.core.rolling.SizeAndTimeBasedFNATP@6bf256fa - For more information see http://logback.qos.ch/manual/appenders.html#SizeAndTimeBasedRollingPolicy
05:40:26,957 |-INFO in ch.qos.logback.core.joran.action.NestedComplexPropertyIA - Assuming default type [ch.qos.logback.classic.encoder.PatternLayoutEncoder] for [encoder] property
05:40:26,959 |-INFO in ch.qos.logback.core.rolling.RollingFileAppender[FILE] - Active log file name: /tmp/application.log
05:40:26,959 |-INFO in ch.qos.logback.core.rolling.RollingFileAppender[FILE] - File property is set to [/tmp/application.log]
05:40:26,960 |-INFO in ch.qos.logback.classic.joran.action.RootLoggerAction - Setting level of ROOT logger to WARN
05:40:26,960 |-INFO in ch.qos.logback.core.joran.action.AppenderRefAction - Attaching appender named [STDOUT] to Logger[ROOT]
05:40:26,961 |-INFO in ch.qos.logback.core.joran.action.AppenderRefAction - Attaching appender named [FILE] to Logger[ROOT]
05:40:26,961 |-INFO in ch.qos.logback.classic.joran.action.ConfigurationAction - End of configuration.
05:40:26,962 |-INFO in ch.qos.logback.classic.joran.JoranConfigurator@6cd8737 - Registering current configuration as safe fallback point

2019-06-10T05:40:27.935+0300: 1.371: [GC (Metadata GC Threshold) [PSYoungGen: 108151K->15881K(149504K)] 108151K->15961K(491008K), 0.0181234 secs] [Times: user=0.05 sys=0.01, real=0.02 secs] 
2019-06-10T05:40:27.953+0300: 1.390: [Full GC (Metadata GC Threshold) [PSYoungGen: 15881K->0K(149504K)] [ParOldGen: 80K->14989K(341504K)] 15961K->14989K(491008K), [Metaspace: 20806K->20806K(1067008K)], 0.0249322 secs] [Times: user=0.15 sys=0.02, real=0.03 secs] 
05:40:36.161 [Curator-PathChildrenCache-1] WARN  o.a.c.u.ZKPaths  - The version of ZooKeeper being used doesn't support Container nodes. CreateMode.PERSISTENT will be used instead.
2019-06-10T05:40:37.041+0300: 10.477: [GC (Metadata GC Threshold) [PSYoungGen: 124817K->16446K(149504K)] 139807K->50976K(491008K), 0.0275397 secs] [Times: user=0.23 sys=0.03, real=0.02 secs] 
2019-06-10T05:40:37.068+0300: 10.505: [Full GC (Metadata GC Threshold) [PSYoungGen: 16446K->0K(149504K)] [ParOldGen: 34529K->39477K(341504K)] 50976K->39477K(491008K), [Metaspace: 34458K->34458K(1079296K)], 0.0374494 secs] [Times: user=0.23 sys=0.01, real=0.04 secs] 
2019-06-10T05:41:04.681+0300: 38.117: [GC (Allocation Failure) [PSYoungGen: 128512K->352K(149504K)] 167989K->39837K(491008K), 0.0056708 secs] [Times: user=0.02 sys=0.02, real=0.00 secs] 
2019-06-10T05:41:37.345+0300: 70.781: [GC (Allocation Failure) [PSYoungGen: 128864K->791K(149504K)] 168349K->40285K(491008K), 0.0055027 secs] [Times: user=0.02 sys=0.01, real=0.01 secs] 
05:42:00.738 [Curator-PathChildrenCache-0] ERROR o.a.c.f.r.c.PathChildrenCache  - 
java.lang.IllegalStateException: instance must be started before calling this method
	at org.apache.curator.shaded.com.google.common.base.Preconditions.checkState(Preconditions.java:444)
	at org.apache.curator.framework.imps.CuratorFrameworkImpl.getChildren(CuratorFrameworkImpl.java:456)
	at org.apache.curator.framework.recipes.cache.PathChildrenCache.refresh(PathChildrenCache.java:521)
	at org.apache.curator.framework.recipes.cache.RefreshOperation.invoke(RefreshOperation.java:35)
	at org.apache.curator.framework.recipes.cache.PathChildrenCache$9.run(PathChildrenCache.java:786)
	at java.util.concurrent.Executors$RunnableAdapter.call(Executors.java:511)
	at java.util.concurrent.FutureTask.run(FutureTask.java:266)
	at java.util.concurrent.Executors$RunnableAdapter.call(Executors.java:511)
	at java.util.concurrent.FutureTask.run(FutureTask.java:266)
	at java.util.concurrent.ThreadPoolExecutor.runWorker(ThreadPoolExecutor.java:1149)
	at java.util.concurrent.ThreadPoolExecutor$Worker.run(ThreadPoolExecutor.java:624)
	at java.lang.Thread.run(Thread.java:748)
Heap
 PSYoungGen      total 149504K, used 65905K [0x00000000f5980000, 0x0000000100000000, 0x0000000100000000)
  eden space 128512K, 50% used [0x00000000f5980000,0x00000000f99167e0,0x00000000fd700000)
  from space 20992K, 3% used [0x00000000feb80000,0x00000000fec45cf0,0x0000000100000000)
  to   space 20992K, 0% used [0x00000000fd700000,0x00000000fd700000,0x00000000feb80000)
 ParOldGen       total 341504K, used 39493K [0x00000000e0c00000, 0x00000000f5980000, 0x00000000f5980000)
  object space 341504K, 11% used [0x00000000e0c00000,0x00000000e3291720,0x00000000f5980000)
 Metaspace       used 36174K, capacity 37070K, committed 37208K, reserved 1081344K
  class space    used 4977K, capacity 5167K, committed 5248K, reserved 1048576K
