22:11:24,332 |-INFO in ch.qos.logback.classic.LoggerContext[default] - Could NOT find resource [logback-test.xml]
22:11:24,332 |-INFO in ch.qos.logback.classic.LoggerContext[default] - Could NOT find resource [logback.groovy]
22:11:24,332 |-INFO in ch.qos.logback.classic.LoggerContext[default] - Found resource [logback.xml] at [jar:file:/home/nikitasokolov/flamestream/lib/flamestream-runtime-1.0-SNAPSHOT.jar!/logback.xml]
22:11:24,333 |-WARN in ch.qos.logback.classic.LoggerContext[default] - Resource [logback.xml] occurs multiple times on the classpath.
22:11:24,333 |-WARN in ch.qos.logback.classic.LoggerContext[default] - Resource [logback.xml] occurs at [jar:file:/home/nikitasokolov/flamestream/lib/flamestream-runtime-1.0-SNAPSHOT.jar!/logback.xml]
22:11:24,333 |-WARN in ch.qos.logback.classic.LoggerContext[default] - Resource [logback.xml] occurs at [jar:file:/home/nikitasokolov/flamestream/flamestream-runtime-1.0-SNAPSHOT.jar!/logback.xml]
22:11:24,349 |-INFO in ch.qos.logback.core.joran.spi.ConfigurationWatchList@2f7a2457 - URL [jar:file:/home/nikitasokolov/flamestream/lib/flamestream-runtime-1.0-SNAPSHOT.jar!/logback.xml] is not of type file
22:11:24,400 |-INFO in ch.qos.logback.classic.joran.action.ConfigurationAction - debug attribute not set
22:11:24,401 |-INFO in ch.qos.logback.core.joran.action.AppenderAction - About to instantiate appender of type [ch.qos.logback.core.ConsoleAppender]
22:11:24,408 |-INFO in ch.qos.logback.core.joran.action.AppenderAction - Naming appender as [STDOUT]
22:11:24,416 |-INFO in ch.qos.logback.core.joran.action.NestedComplexPropertyIA - Assuming default type [ch.qos.logback.classic.encoder.PatternLayoutEncoder] for [encoder] property
22:11:24,471 |-INFO in ch.qos.logback.core.joran.action.AppenderAction - About to instantiate appender of type [ch.qos.logback.core.rolling.RollingFileAppender]
22:11:24,476 |-INFO in ch.qos.logback.core.joran.action.AppenderAction - Naming appender as [FILE]
22:11:24,499 |-INFO in c.q.l.core.rolling.TimeBasedRollingPolicy@1449621165 - No compression will be used
22:11:24,500 |-INFO in c.q.l.core.rolling.TimeBasedRollingPolicy@1449621165 - Will use the pattern /tmp/application_%d{yyyy-MM-dd}.%i.log for the active file
22:11:24,503 |-INFO in ch.qos.logback.core.rolling.SizeAndTimeBasedFNATP@6108b2d7 - The date pattern is 'yyyy-MM-dd' from file name pattern '/tmp/application_%d{yyyy-MM-dd}.%i.log'.
22:11:24,503 |-INFO in ch.qos.logback.core.rolling.SizeAndTimeBasedFNATP@6108b2d7 - Roll-over at midnight.
22:11:24,508 |-INFO in ch.qos.logback.core.rolling.SizeAndTimeBasedFNATP@6108b2d7 - Setting initial period to Tue May 28 22:08:00 MSK 2019
22:11:24,508 |-WARN in ch.qos.logback.core.rolling.SizeAndTimeBasedFNATP@6108b2d7 - SizeAndTimeBasedFNATP is deprecated. Use SizeAndTimeBasedRollingPolicy instead
22:11:24,508 |-WARN in ch.qos.logback.core.rolling.SizeAndTimeBasedFNATP@6108b2d7 - For more information see http://logback.qos.ch/manual/appenders.html#SizeAndTimeBasedRollingPolicy
22:11:24,512 |-INFO in ch.qos.logback.core.joran.action.NestedComplexPropertyIA - Assuming default type [ch.qos.logback.classic.encoder.PatternLayoutEncoder] for [encoder] property
22:11:24,514 |-INFO in ch.qos.logback.core.rolling.RollingFileAppender[FILE] - Active log file name: /tmp/application.log
22:11:24,514 |-INFO in ch.qos.logback.core.rolling.RollingFileAppender[FILE] - File property is set to [/tmp/application.log]
22:11:24,515 |-INFO in ch.qos.logback.classic.joran.action.RootLoggerAction - Setting level of ROOT logger to WARN
22:11:24,515 |-INFO in ch.qos.logback.core.joran.action.AppenderRefAction - Attaching appender named [STDOUT] to Logger[ROOT]
22:11:24,516 |-INFO in ch.qos.logback.core.joran.action.AppenderRefAction - Attaching appender named [FILE] to Logger[ROOT]
22:11:24,516 |-INFO in ch.qos.logback.classic.joran.action.ConfigurationAction - End of configuration.
22:11:24,516 |-INFO in ch.qos.logback.classic.joran.JoranConfigurator@1554909b - Registering current configuration as safe fallback point

2019-05-28T22:11:25.524+0300: 1.377: [GC (Metadata GC Threshold) [PSYoungGen: 95239K->15946K(149504K)] 95239K->16026K(491008K), 0.0293783 secs] [Times: user=0.09 sys=0.03, real=0.03 secs] 
2019-05-28T22:11:25.553+0300: 1.406: [Full GC (Metadata GC Threshold) [PSYoungGen: 15946K->0K(149504K)] [ParOldGen: 80K->15080K(341504K)] 16026K->15080K(491008K), [Metaspace: 20804K->20804K(1067008K)], 0.0263048 secs] [Times: user=0.15 sys=0.02, real=0.02 secs] 
22:11:34.277 [Curator-PathChildrenCache-1] WARN  o.a.c.u.ZKPaths  - The version of ZooKeeper being used doesn't support Container nodes. CreateMode.PERSISTENT will be used instead.
2019-05-28T22:11:34.874+0300: 10.727: [GC (Allocation Failure) [PSYoungGen: 128512K->16137K(149504K)] 143592K->50756K(491008K), 0.0271308 secs] [Times: user=0.21 sys=0.01, real=0.02 secs] 
2019-05-28T22:11:35.344+0300: 11.197: [GC (Metadata GC Threshold) [PSYoungGen: 41532K->7185K(149504K)] 76151K->41813K(491008K), 0.0046289 secs] [Times: user=0.03 sys=0.01, real=0.00 secs] 
2019-05-28T22:11:35.349+0300: 11.202: [Full GC (Metadata GC Threshold) [PSYoungGen: 7185K->0K(149504K)] [ParOldGen: 34627K->30823K(341504K)] 41813K->30823K(491008K), [Metaspace: 34517K->34517K(1079296K)], 0.0453296 secs] [Times: user=0.31 sys=0.00, real=0.05 secs] 
2019-05-28T22:11:47.209+0300: 23.063: [GC (Allocation Failure) [PSYoungGen: 128512K->480K(149504K)] 159335K->31311K(491008K), 0.0046502 secs] [Times: user=0.02 sys=0.00, real=0.01 secs] 
22:12:00.953 [Curator-PathChildrenCache-0] ERROR o.a.c.f.r.c.PathChildrenCache  - 
java.lang.IllegalStateException: instance must be started before calling this method
	at org.apache.curator.shaded.com.google.common.base.Preconditions.checkState(Preconditions.java:444)
	at org.apache.curator.framework.imps.CuratorFrameworkImpl.getChildren(CuratorFrameworkImpl.java:456)
	at org.apache.curator.framework.recipes.cache.PathChildrenCache.refresh(PathChildrenCache.java:521)
	at org.apache.curator.framework.recipes.cache.RefreshOperation.invoke(RefreshOperation.java:35)
	at org.apache.curator.framework.recipes.cache.PathChildrenCache$9.run(PathChildrenCache.java:786)
	at java.util.concurrent.Executors$RunnableAdapter.call(Executors.java:511)
	at java.util.concurrent.FutureTask.run(FutureTask.java:266)
	at java.util.concurrent.Executors$RunnableAdapter.call(Executors.java:511)
	at java.util.concurrent.FutureTask.run(FutureTask.java:266)
	at java.util.concurrent.ThreadPoolExecutor.runWorker(ThreadPoolExecutor.java:1149)
	at java.util.concurrent.ThreadPoolExecutor$Worker.run(ThreadPoolExecutor.java:624)
	at java.lang.Thread.run(Thread.java:748)
Heap
 PSYoungGen      total 149504K, used 97577K [0x00000000f5980000, 0x0000000100000000, 0x0000000100000000)
  eden space 128512K, 75% used [0x00000000f5980000,0x00000000fb852618,0x00000000fd700000)
  from space 20992K, 2% used [0x00000000feb80000,0x00000000febf8050,0x0000000100000000)
  to   space 20992K, 0% used [0x00000000fd700000,0x00000000fd700000,0x00000000feb80000)
 ParOldGen       total 341504K, used 30831K [0x00000000e0c00000, 0x00000000f5980000, 0x00000000f5980000)
  object space 341504K, 9% used [0x00000000e0c00000,0x00000000e2a1bef0,0x00000000f5980000)
 Metaspace       used 35706K, capacity 36540K, committed 36952K, reserved 1081344K
  class space    used 4932K, capacity 5126K, committed 5248K, reserved 1048576K
