01:07:15,952 |-INFO in ch.qos.logback.classic.LoggerContext[default] - Could NOT find resource [logback-test.xml]
01:07:15,952 |-INFO in ch.qos.logback.classic.LoggerContext[default] - Could NOT find resource [logback.groovy]
01:07:15,952 |-INFO in ch.qos.logback.classic.LoggerContext[default] - Found resource [logback.xml] at [jar:file:/home/nikitasokolov/flamestream/lib/flamestream-runtime-1.0-SNAPSHOT.jar!/logback.xml]
01:07:15,953 |-WARN in ch.qos.logback.classic.LoggerContext[default] - Resource [logback.xml] occurs multiple times on the classpath.
01:07:15,953 |-WARN in ch.qos.logback.classic.LoggerContext[default] - Resource [logback.xml] occurs at [jar:file:/home/nikitasokolov/flamestream/lib/flamestream-runtime-1.0-SNAPSHOT.jar!/logback.xml]
01:07:15,953 |-WARN in ch.qos.logback.classic.LoggerContext[default] - Resource [logback.xml] occurs at [jar:file:/home/nikitasokolov/flamestream/flamestream-runtime-1.0-SNAPSHOT.jar!/logback.xml]
01:07:15,969 |-INFO in ch.qos.logback.core.joran.spi.ConfigurationWatchList@6108b2d7 - URL [jar:file:/home/nikitasokolov/flamestream/lib/flamestream-runtime-1.0-SNAPSHOT.jar!/logback.xml] is not of type file
01:07:16,018 |-INFO in ch.qos.logback.classic.joran.action.ConfigurationAction - debug attribute not set
01:07:16,018 |-INFO in ch.qos.logback.core.joran.action.AppenderAction - About to instantiate appender of type [ch.qos.logback.core.ConsoleAppender]
01:07:16,026 |-INFO in ch.qos.logback.core.joran.action.AppenderAction - Naming appender as [STDOUT]
01:07:16,034 |-INFO in ch.qos.logback.core.joran.action.NestedComplexPropertyIA - Assuming default type [ch.qos.logback.classic.encoder.PatternLayoutEncoder] for [encoder] property
01:07:16,088 |-INFO in ch.qos.logback.core.joran.action.AppenderAction - About to instantiate appender of type [ch.qos.logback.core.rolling.RollingFileAppender]
01:07:16,093 |-INFO in ch.qos.logback.core.joran.action.AppenderAction - Naming appender as [FILE]
01:07:16,115 |-INFO in c.q.l.core.rolling.TimeBasedRollingPolicy@357863579 - No compression will be used
01:07:16,116 |-INFO in c.q.l.core.rolling.TimeBasedRollingPolicy@357863579 - Will use the pattern /tmp/application_%d{yyyy-MM-dd}.%i.log for the active file
01:07:16,119 |-INFO in ch.qos.logback.core.rolling.SizeAndTimeBasedFNATP@6bf256fa - The date pattern is 'yyyy-MM-dd' from file name pattern '/tmp/application_%d{yyyy-MM-dd}.%i.log'.
01:07:16,119 |-INFO in ch.qos.logback.core.rolling.SizeAndTimeBasedFNATP@6bf256fa - Roll-over at midnight.
01:07:16,123 |-INFO in ch.qos.logback.core.rolling.SizeAndTimeBasedFNATP@6bf256fa - Setting initial period to Sun Jun 09 01:06:21 MSK 2019
01:07:16,123 |-WARN in ch.qos.logback.core.rolling.SizeAndTimeBasedFNATP@6bf256fa - SizeAndTimeBasedFNATP is deprecated. Use SizeAndTimeBasedRollingPolicy instead
01:07:16,123 |-WARN in ch.qos.logback.core.rolling.SizeAndTimeBasedFNATP@6bf256fa - For more information see http://logback.qos.ch/manual/appenders.html#SizeAndTimeBasedRollingPolicy
01:07:16,128 |-INFO in ch.qos.logback.core.joran.action.NestedComplexPropertyIA - Assuming default type [ch.qos.logback.classic.encoder.PatternLayoutEncoder] for [encoder] property
01:07:16,130 |-INFO in ch.qos.logback.core.rolling.RollingFileAppender[FILE] - Active log file name: /tmp/application.log
01:07:16,130 |-INFO in ch.qos.logback.core.rolling.RollingFileAppender[FILE] - File property is set to [/tmp/application.log]
01:07:16,131 |-INFO in ch.qos.logback.classic.joran.action.RootLoggerAction - Setting level of ROOT logger to WARN
01:07:16,131 |-INFO in ch.qos.logback.core.joran.action.AppenderRefAction - Attaching appender named [STDOUT] to Logger[ROOT]
01:07:16,132 |-INFO in ch.qos.logback.core.joran.action.AppenderRefAction - Attaching appender named [FILE] to Logger[ROOT]
01:07:16,132 |-INFO in ch.qos.logback.classic.joran.action.ConfigurationAction - End of configuration.
01:07:16,133 |-INFO in ch.qos.logback.classic.joran.JoranConfigurator@6cd8737 - Registering current configuration as safe fallback point

2019-06-09T01:07:17.104+0300: 1.353: [GC (Metadata GC Threshold) [PSYoungGen: 110722K->15936K(149504K)] 110722K->16016K(491008K), 0.0211896 secs] [Times: user=0.09 sys=0.03, real=0.02 secs] 
2019-06-09T01:07:17.125+0300: 1.374: [Full GC (Metadata GC Threshold) [PSYoungGen: 15936K->0K(149504K)] [ParOldGen: 80K->15078K(341504K)] 16016K->15078K(491008K), [Metaspace: 20806K->20806K(1067008K)], 0.0282426 secs] [Times: user=0.15 sys=0.04, real=0.03 secs] 
01:07:28.217 [Curator-PathChildrenCache-1] WARN  o.a.c.u.ZKPaths  - The version of ZooKeeper being used doesn't support Container nodes. CreateMode.PERSISTENT will be used instead.
2019-06-09T01:07:29.460+0300: 13.709: [GC (Metadata GC Threshold) [PSYoungGen: 127628K->15807K(149504K)] 142706K->50424K(491008K), 0.0277659 secs] [Times: user=0.22 sys=0.02, real=0.02 secs] 
2019-06-09T01:07:29.488+0300: 13.737: [Full GC (Metadata GC Threshold) [PSYoungGen: 15807K->0K(149504K)] [ParOldGen: 34617K->38969K(341504K)] 50424K->38969K(491008K), [Metaspace: 34547K->34547K(1079296K)], 0.0359086 secs] [Times: user=0.20 sys=0.00, real=0.04 secs] 
2019-06-09T01:07:46.780+0300: 31.029: [GC (Allocation Failure) [PSYoungGen: 128512K->544K(149504K)] 167481K->39521K(491008K), 0.0055942 secs] [Times: user=0.04 sys=0.00, real=0.00 secs] 
2019-06-09T01:08:05.567+0300: 49.816: [GC (Allocation Failure) [PSYoungGen: 129056K->480K(149504K)] 168033K->39465K(491008K), 0.0039601 secs] [Times: user=0.02 sys=0.00, real=0.01 secs] 
01:08:29.658 [Curator-PathChildrenCache-0] ERROR o.a.c.f.r.c.PathChildrenCache  - 
java.lang.IllegalStateException: instance must be started before calling this method
	at org.apache.curator.shaded.com.google.common.base.Preconditions.checkState(Preconditions.java:444)
	at org.apache.curator.framework.imps.CuratorFrameworkImpl.getChildren(CuratorFrameworkImpl.java:456)
	at org.apache.curator.framework.recipes.cache.PathChildrenCache.refresh(PathChildrenCache.java:521)
	at org.apache.curator.framework.recipes.cache.RefreshOperation.invoke(RefreshOperation.java:35)
	at org.apache.curator.framework.recipes.cache.PathChildrenCache$9.run(PathChildrenCache.java:786)
	at java.util.concurrent.Executors$RunnableAdapter.call(Executors.java:511)
	at java.util.concurrent.FutureTask.run(FutureTask.java:266)
	at java.util.concurrent.Executors$RunnableAdapter.call(Executors.java:511)
	at java.util.concurrent.FutureTask.run(FutureTask.java:266)
	at java.util.concurrent.ThreadPoolExecutor.runWorker(ThreadPoolExecutor.java:1149)
	at java.util.concurrent.ThreadPoolExecutor$Worker.run(ThreadPoolExecutor.java:624)
	at java.lang.Thread.run(Thread.java:748)
Heap
 PSYoungGen      total 149504K, used 114533K [0x00000000f5980000, 0x0000000100000000, 0x0000000100000000)
  eden space 128512K, 88% used [0x00000000f5980000,0x00000000fc8e14d0,0x00000000fd700000)
  from space 20992K, 2% used [0x00000000feb80000,0x00000000febf8040,0x0000000100000000)
  to   space 20992K, 0% used [0x00000000fd700000,0x00000000fd700000,0x00000000feb80000)
 ParOldGen       total 341504K, used 38985K [0x00000000e0c00000, 0x00000000f5980000, 0x00000000f5980000)
  object space 341504K, 11% used [0x00000000e0c00000,0x00000000e3212660,0x00000000f5980000)
 Metaspace       used 36070K, capacity 36924K, committed 37208K, reserved 1081344K
  class space    used 4968K, capacity 5152K, committed 5248K, reserved 1048576K
