02:47:27,363 |-INFO in ch.qos.logback.classic.LoggerContext[default] - Could NOT find resource [logback-test.xml]
02:47:27,363 |-INFO in ch.qos.logback.classic.LoggerContext[default] - Could NOT find resource [logback.groovy]
02:47:27,363 |-INFO in ch.qos.logback.classic.LoggerContext[default] - Found resource [logback.xml] at [jar:file:/home/nikitasokolov/flamestream/lib/flamestream-runtime-1.0-SNAPSHOT.jar!/logback.xml]
02:47:27,364 |-WARN in ch.qos.logback.classic.LoggerContext[default] - Resource [logback.xml] occurs multiple times on the classpath.
02:47:27,364 |-WARN in ch.qos.logback.classic.LoggerContext[default] - Resource [logback.xml] occurs at [jar:file:/home/nikitasokolov/flamestream/lib/flamestream-runtime-1.0-SNAPSHOT.jar!/logback.xml]
02:47:27,364 |-WARN in ch.qos.logback.classic.LoggerContext[default] - Resource [logback.xml] occurs at [jar:file:/home/nikitasokolov/flamestream/flamestream-runtime-1.0-SNAPSHOT.jar!/logback.xml]
02:47:27,380 |-INFO in ch.qos.logback.core.joran.spi.ConfigurationWatchList@6108b2d7 - URL [jar:file:/home/nikitasokolov/flamestream/lib/flamestream-runtime-1.0-SNAPSHOT.jar!/logback.xml] is not of type file
02:47:27,430 |-INFO in ch.qos.logback.classic.joran.action.ConfigurationAction - debug attribute not set
02:47:27,431 |-INFO in ch.qos.logback.core.joran.action.AppenderAction - About to instantiate appender of type [ch.qos.logback.core.ConsoleAppender]
02:47:27,439 |-INFO in ch.qos.logback.core.joran.action.AppenderAction - Naming appender as [STDOUT]
02:47:27,447 |-INFO in ch.qos.logback.core.joran.action.NestedComplexPropertyIA - Assuming default type [ch.qos.logback.classic.encoder.PatternLayoutEncoder] for [encoder] property
02:47:27,501 |-INFO in ch.qos.logback.core.joran.action.AppenderAction - About to instantiate appender of type [ch.qos.logback.core.rolling.RollingFileAppender]
02:47:27,506 |-INFO in ch.qos.logback.core.joran.action.AppenderAction - Naming appender as [FILE]
02:47:27,528 |-INFO in c.q.l.core.rolling.TimeBasedRollingPolicy@357863579 - No compression will be used
02:47:27,530 |-INFO in c.q.l.core.rolling.TimeBasedRollingPolicy@357863579 - Will use the pattern /tmp/application_%d{yyyy-MM-dd}.%i.log for the active file
02:47:27,532 |-INFO in ch.qos.logback.core.rolling.SizeAndTimeBasedFNATP@6bf256fa - The date pattern is 'yyyy-MM-dd' from file name pattern '/tmp/application_%d{yyyy-MM-dd}.%i.log'.
02:47:27,532 |-INFO in ch.qos.logback.core.rolling.SizeAndTimeBasedFNATP@6bf256fa - Roll-over at midnight.
02:47:27,536 |-INFO in ch.qos.logback.core.rolling.SizeAndTimeBasedFNATP@6bf256fa - Setting initial period to Mon Jun 10 02:46:48 MSK 2019
02:47:27,536 |-WARN in ch.qos.logback.core.rolling.SizeAndTimeBasedFNATP@6bf256fa - SizeAndTimeBasedFNATP is deprecated. Use SizeAndTimeBasedRollingPolicy instead
02:47:27,537 |-WARN in ch.qos.logback.core.rolling.SizeAndTimeBasedFNATP@6bf256fa - For more information see http://logback.qos.ch/manual/appenders.html#SizeAndTimeBasedRollingPolicy
02:47:27,541 |-INFO in ch.qos.logback.core.joran.action.NestedComplexPropertyIA - Assuming default type [ch.qos.logback.classic.encoder.PatternLayoutEncoder] for [encoder] property
02:47:27,543 |-INFO in ch.qos.logback.core.rolling.RollingFileAppender[FILE] - Active log file name: /tmp/application.log
02:47:27,543 |-INFO in ch.qos.logback.core.rolling.RollingFileAppender[FILE] - File property is set to [/tmp/application.log]
02:47:27,544 |-INFO in ch.qos.logback.classic.joran.action.RootLoggerAction - Setting level of ROOT logger to WARN
02:47:27,544 |-INFO in ch.qos.logback.core.joran.action.AppenderRefAction - Attaching appender named [STDOUT] to Logger[ROOT]
02:47:27,545 |-INFO in ch.qos.logback.core.joran.action.AppenderRefAction - Attaching appender named [FILE] to Logger[ROOT]
02:47:27,545 |-INFO in ch.qos.logback.classic.joran.action.ConfigurationAction - End of configuration.
02:47:27,545 |-INFO in ch.qos.logback.classic.joran.JoranConfigurator@6cd8737 - Registering current configuration as safe fallback point

2019-06-10T02:47:28.537+0300: 1.372: [GC (Metadata GC Threshold) [PSYoungGen: 110722K->15939K(149504K)] 110722K->16019K(491008K), 0.0183215 secs] [Times: user=0.05 sys=0.01, real=0.02 secs] 
2019-06-10T02:47:28.556+0300: 1.390: [Full GC (Metadata GC Threshold) [PSYoungGen: 15939K->0K(149504K)] [ParOldGen: 80K->15078K(341504K)] 16019K->15078K(491008K), [Metaspace: 20800K->20800K(1067008K)], 0.0280055 secs] [Times: user=0.17 sys=0.01, real=0.03 secs] 
02:47:35.765 [Curator-PathChildrenCache-1] WARN  o.a.c.u.ZKPaths  - The version of ZooKeeper being used doesn't support Container nodes. CreateMode.PERSISTENT will be used instead.
2019-06-10T02:47:36.524+0300: 9.359: [GC (Metadata GC Threshold) [PSYoungGen: 124639K->16760K(149504K)] 139717K->51378K(491008K), 0.0243389 secs] [Times: user=0.18 sys=0.04, real=0.02 secs] 
2019-06-10T02:47:36.548+0300: 9.383: [Full GC (Metadata GC Threshold) [PSYoungGen: 16760K->0K(149504K)] [ParOldGen: 34617K->39682K(341504K)] 51378K->39682K(491008K), [Metaspace: 34462K->34462K(1079296K)], 0.0478967 secs] [Times: user=0.36 sys=0.00, real=0.05 secs] 
2019-06-10T02:47:40.355+0300: 13.189: [GC (Allocation Failure) [PSYoungGen: 128512K->480K(149504K)] 168194K->40170K(491008K), 0.0047052 secs] [Times: user=0.04 sys=0.00, real=0.01 secs] 
2019-06-10T02:47:44.717+0300: 17.551: [GC (Allocation Failure) [PSYoungGen: 128992K->448K(149504K)] 168682K->40138K(491008K), 0.0091449 secs] [Times: user=0.06 sys=0.04, real=0.01 secs] 
2019-06-10T02:47:53.719+0300: 26.554: [GC (Allocation Failure) [PSYoungGen: 128960K->785K(129536K)] 168650K->40483K(471040K), 0.0042134 secs] [Times: user=0.03 sys=0.00, real=0.00 secs] 
02:47:53.755 [Curator-PathChildrenCache-0] ERROR o.a.c.f.r.c.PathChildrenCache  - 
java.lang.IllegalStateException: instance must be started before calling this method
	at org.apache.curator.shaded.com.google.common.base.Preconditions.checkState(Preconditions.java:444)
	at org.apache.curator.framework.imps.CuratorFrameworkImpl.getChildren(CuratorFrameworkImpl.java:456)
	at org.apache.curator.framework.recipes.cache.PathChildrenCache.refresh(PathChildrenCache.java:521)
	at org.apache.curator.framework.recipes.cache.RefreshOperation.invoke(RefreshOperation.java:35)
	at org.apache.curator.framework.recipes.cache.PathChildrenCache$9.run(PathChildrenCache.java:786)
	at java.util.concurrent.Executors$RunnableAdapter.call(Executors.java:511)
	at java.util.concurrent.FutureTask.run(FutureTask.java:266)
	at java.util.concurrent.Executors$RunnableAdapter.call(Executors.java:511)
	at java.util.concurrent.FutureTask.run(FutureTask.java:266)
	at java.util.concurrent.ThreadPoolExecutor.runWorker(ThreadPoolExecutor.java:1149)
	at java.util.concurrent.ThreadPoolExecutor$Worker.run(ThreadPoolExecutor.java:624)
	at java.lang.Thread.run(Thread.java:748)
Heap
 PSYoungGen      total 129536K, used 12989K [0x00000000f5980000, 0x0000000100000000, 0x0000000100000000)
  eden space 128512K, 9% used [0x00000000f5980000,0x00000000f656b0e8,0x00000000fd700000)
  from space 1024K, 76% used [0x00000000fd700000,0x00000000fd7c4480,0x00000000fd800000)
  to   space 22016K, 0% used [0x00000000fea80000,0x00000000fea80000,0x0000000100000000)
 ParOldGen       total 341504K, used 39698K [0x00000000e0c00000, 0x00000000f5980000, 0x00000000f5980000)
  object space 341504K, 11% used [0x00000000e0c00000,0x00000000e32c4a18,0x00000000f5980000)
 Metaspace       used 35739K, capacity 36654K, committed 36952K, reserved 1081344K
  class space    used 4935K, capacity 5135K, committed 5248K, reserved 1048576K
