07:08:57,166 |-INFO in ch.qos.logback.classic.LoggerContext[default] - Could NOT find resource [logback-test.xml]
07:08:57,166 |-INFO in ch.qos.logback.classic.LoggerContext[default] - Could NOT find resource [logback.groovy]
07:08:57,167 |-INFO in ch.qos.logback.classic.LoggerContext[default] - Found resource [logback.xml] at [jar:file:/root/flamestream/lib/flamestream-runtime-1.0-SNAPSHOT.jar!/logback.xml]
07:08:57,167 |-WARN in ch.qos.logback.classic.LoggerContext[default] - Resource [logback.xml] occurs multiple times on the classpath.
07:08:57,168 |-WARN in ch.qos.logback.classic.LoggerContext[default] - Resource [logback.xml] occurs at [jar:file:/root/flamestream/lib/flamestream-runtime-1.0-SNAPSHOT.jar!/logback.xml]
07:08:57,168 |-WARN in ch.qos.logback.classic.LoggerContext[default] - Resource [logback.xml] occurs at [jar:file:/root/flamestream/flamestream-runtime-1.0-SNAPSHOT.jar!/logback.xml]
07:08:57,329 |-INFO in ch.qos.logback.core.joran.spi.ConfigurationWatchList@3fb6a447 - URL [jar:file:/root/flamestream/lib/flamestream-runtime-1.0-SNAPSHOT.jar!/logback.xml] is not of type file
07:08:57,658 |-INFO in ch.qos.logback.classic.joran.action.ConfigurationAction - debug attribute not set
07:08:57,659 |-INFO in ch.qos.logback.core.joran.action.AppenderAction - About to instantiate appender of type [ch.qos.logback.core.ConsoleAppender]
07:08:57,739 |-INFO in ch.qos.logback.core.joran.action.AppenderAction - Naming appender as [STDOUT]
07:08:57,801 |-INFO in ch.qos.logback.core.joran.action.NestedComplexPropertyIA - Assuming default type [ch.qos.logback.classic.encoder.PatternLayoutEncoder] for [encoder] property
07:08:58,291 |-INFO in ch.qos.logback.core.joran.action.AppenderAction - About to instantiate appender of type [ch.qos.logback.core.rolling.RollingFileAppender]
07:08:58,351 |-INFO in ch.qos.logback.core.joran.action.AppenderAction - Naming appender as [FILE]
07:08:58,557 |-INFO in c.q.l.core.rolling.TimeBasedRollingPolicy@127618319 - No compression will be used
07:08:58,558 |-INFO in c.q.l.core.rolling.TimeBasedRollingPolicy@127618319 - Will use the pattern /tmp/application_%d{yyyy-MM-dd}.%i.log for the active file
07:08:58,577 |-INFO in ch.qos.logback.core.rolling.SizeAndTimeBasedFNATP@6b2fad11 - The date pattern is 'yyyy-MM-dd' from file name pattern '/tmp/application_%d{yyyy-MM-dd}.%i.log'.
07:08:58,577 |-INFO in ch.qos.logback.core.rolling.SizeAndTimeBasedFNATP@6b2fad11 - Roll-over at midnight.
07:08:58,599 |-INFO in ch.qos.logback.core.rolling.SizeAndTimeBasedFNATP@6b2fad11 - Setting initial period to Tue Jun 11 07:07:03 UTC 2019
07:08:58,599 |-WARN in ch.qos.logback.core.rolling.SizeAndTimeBasedFNATP@6b2fad11 - SizeAndTimeBasedFNATP is deprecated. Use SizeAndTimeBasedRollingPolicy instead
07:08:58,599 |-WARN in ch.qos.logback.core.rolling.SizeAndTimeBasedFNATP@6b2fad11 - For more information see http://logback.qos.ch/manual/appenders.html#SizeAndTimeBasedRollingPolicy
07:08:58,619 |-INFO in ch.qos.logback.core.joran.action.NestedComplexPropertyIA - Assuming default type [ch.qos.logback.classic.encoder.PatternLayoutEncoder] for [encoder] property
07:08:58,658 |-INFO in ch.qos.logback.core.rolling.RollingFileAppender[FILE] - Active log file name: /tmp/application.log
07:08:58,658 |-INFO in ch.qos.logback.core.rolling.RollingFileAppender[FILE] - File property is set to [/tmp/application.log]
07:08:58,658 |-INFO in ch.qos.logback.classic.joran.action.RootLoggerAction - Setting level of ROOT logger to WARN
07:08:58,661 |-INFO in ch.qos.logback.core.joran.action.AppenderRefAction - Attaching appender named [STDOUT] to Logger[ROOT]
07:08:58,677 |-INFO in ch.qos.logback.core.joran.action.AppenderRefAction - Attaching appender named [FILE] to Logger[ROOT]
07:08:58,677 |-INFO in ch.qos.logback.classic.joran.action.ConfigurationAction - End of configuration.
07:08:58,678 |-INFO in ch.qos.logback.classic.joran.JoranConfigurator@79698539 - Registering current configuration as safe fallback point

Ama winner
Ama winner
2019-06-11T07:09:07.884+0000: 11.677: [Full GC (Metadata GC Threshold) 2019-06-11T07:09:07.884+0000: 11.677: [Tenured: 0K->15212K(341376K), 0.2076461 secs] 115117K->15212K(494976K), [Metaspace: 20724K->20724K(1067008K)], 0.2077195 secs] [Times: user=0.21 sys=0.00, real=0.21 secs] 
2019-06-11T07:09:40.915+0000: 44.708: [GC (Allocation Failure) 2019-06-11T07:09:40.915+0000: 44.708: [DefNew: 117487K->17023K(153600K), 0.1004291 secs] 132700K->33022K(494976K), 0.1005065 secs] [Times: user=0.09 sys=0.01, real=0.10 secs] 
2019-06-11T07:09:52.596+0000: 56.390: [GC (Allocation Failure) 2019-06-11T07:09:52.596+0000: 56.390: [DefNew: 153599K->490K(153600K), 0.1066839 secs] 169598K->44197K(494976K), 0.1067593 secs] [Times: user=0.08 sys=0.02, real=0.11 secs] 
2019-06-11T07:09:53.437+0000: 57.231: [Full GC (Metadata GC Threshold) 2019-06-11T07:09:53.437+0000: 57.231: [Tenured: 43707K->44167K(341376K), 0.1811817 secs] 59481K->44167K(494976K), [Metaspace: 34626K->34626K(1079296K)], 0.1812587 secs] [Times: user=0.18 sys=0.00, real=0.18 secs] 
2019-06-11T07:10:03.267+0000: 67.061: [GC (Allocation Failure) 2019-06-11T07:10:03.267+0000: 67.061: [DefNew: 136576K->63K(153600K), 0.0198764 secs] 180743K->44230K(494976K), 0.0199412 secs] [Times: user=0.02 sys=0.00, real=0.02 secs] 
07:10:19.582 [Curator-PathChildrenCache-0] ERROR o.a.c.f.r.c.PathChildrenCache  - 
java.lang.IllegalStateException: instance must be started before calling this method
	at org.apache.curator.shaded.com.google.common.base.Preconditions.checkState(Preconditions.java:444)
	at org.apache.curator.framework.imps.CuratorFrameworkImpl.getChildren(CuratorFrameworkImpl.java:456)
	at org.apache.curator.framework.recipes.cache.PathChildrenCache.refresh(PathChildrenCache.java:521)
	at org.apache.curator.framework.recipes.cache.RefreshOperation.invoke(RefreshOperation.java:35)
	at org.apache.curator.framework.recipes.cache.PathChildrenCache$9.run(PathChildrenCache.java:786)
	at java.util.concurrent.Executors$RunnableAdapter.call(Executors.java:511)
	at java.util.concurrent.FutureTask.run(FutureTask.java:266)
	at java.util.concurrent.Executors$RunnableAdapter.call(Executors.java:511)
	at java.util.concurrent.FutureTask.run(FutureTask.java:266)
	at java.util.concurrent.ThreadPoolExecutor.runWorker(ThreadPoolExecutor.java:1149)
	at java.util.concurrent.ThreadPoolExecutor$Worker.run(ThreadPoolExecutor.java:624)
	at java.lang.Thread.run(Thread.java:748)
Heap
 def new generation   total 153600K, used 120676K [0x00000000e0c00000, 0x00000000eb2a0000, 0x00000000eb2a0000)
  eden space 136576K,  88% used [0x00000000e0c00000, 0x00000000e81c9490, 0x00000000e9160000)
  from space 17024K,   0% used [0x00000000ea200000, 0x00000000ea20fe20, 0x00000000eb2a0000)
  to   space 17024K,   0% used [0x00000000e9160000, 0x00000000e9160000, 0x00000000ea200000)
 tenured generation   total 341376K, used 44167K [0x00000000eb2a0000, 0x0000000100000000, 0x0000000100000000)
   the space 341376K,  12% used [0x00000000eb2a0000, 0x00000000eddc1d60, 0x00000000eddc1e00, 0x0000000100000000)
 Metaspace       used 35932K, capacity 36806K, committed 37120K, reserved 1081344K
  class space    used 4858K, capacity 5075K, committed 5120K, reserved 1048576K
