00:38:09,160 |-INFO in ch.qos.logback.classic.LoggerContext[default] - Could NOT find resource [logback-test.xml]
00:38:09,160 |-INFO in ch.qos.logback.classic.LoggerContext[default] - Could NOT find resource [logback.groovy]
00:38:09,160 |-INFO in ch.qos.logback.classic.LoggerContext[default] - Found resource [logback.xml] at [jar:file:/home/nikitasokolov/flamestream/lib/flamestream-runtime-1.0-SNAPSHOT.jar!/logback.xml]
00:38:09,161 |-WARN in ch.qos.logback.classic.LoggerContext[default] - Resource [logback.xml] occurs multiple times on the classpath.
00:38:09,161 |-WARN in ch.qos.logback.classic.LoggerContext[default] - Resource [logback.xml] occurs at [jar:file:/home/nikitasokolov/flamestream/lib/flamestream-runtime-1.0-SNAPSHOT.jar!/logback.xml]
00:38:09,161 |-WARN in ch.qos.logback.classic.LoggerContext[default] - Resource [logback.xml] occurs at [jar:file:/home/nikitasokolov/flamestream/flamestream-runtime-1.0-SNAPSHOT.jar!/logback.xml]
00:38:09,177 |-INFO in ch.qos.logback.core.joran.spi.ConfigurationWatchList@6bf256fa - URL [jar:file:/home/nikitasokolov/flamestream/lib/flamestream-runtime-1.0-SNAPSHOT.jar!/logback.xml] is not of type file
00:38:09,229 |-INFO in ch.qos.logback.classic.joran.action.ConfigurationAction - debug attribute not set
00:38:09,229 |-INFO in ch.qos.logback.core.joran.action.AppenderAction - About to instantiate appender of type [ch.qos.logback.core.ConsoleAppender]
00:38:09,237 |-INFO in ch.qos.logback.core.joran.action.AppenderAction - Naming appender as [STDOUT]
00:38:09,245 |-INFO in ch.qos.logback.core.joran.action.NestedComplexPropertyIA - Assuming default type [ch.qos.logback.classic.encoder.PatternLayoutEncoder] for [encoder] property
00:38:09,309 |-INFO in ch.qos.logback.core.joran.action.AppenderAction - About to instantiate appender of type [ch.qos.logback.core.rolling.RollingFileAppender]
00:38:09,314 |-INFO in ch.qos.logback.core.joran.action.AppenderAction - Naming appender as [FILE]
00:38:09,336 |-INFO in c.q.l.core.rolling.TimeBasedRollingPolicy@114132791 - No compression will be used
00:38:09,337 |-INFO in c.q.l.core.rolling.TimeBasedRollingPolicy@114132791 - Will use the pattern /tmp/application_%d{yyyy-MM-dd}.%i.log for the active file
00:38:09,340 |-INFO in ch.qos.logback.core.rolling.SizeAndTimeBasedFNATP@22f71333 - The date pattern is 'yyyy-MM-dd' from file name pattern '/tmp/application_%d{yyyy-MM-dd}.%i.log'.
00:38:09,340 |-INFO in ch.qos.logback.core.rolling.SizeAndTimeBasedFNATP@22f71333 - Roll-over at midnight.
00:38:09,344 |-INFO in ch.qos.logback.core.rolling.SizeAndTimeBasedFNATP@22f71333 - Setting initial period to Thu Jun 06 22:00:24 MSK 2019
00:38:09,344 |-WARN in ch.qos.logback.core.rolling.SizeAndTimeBasedFNATP@22f71333 - SizeAndTimeBasedFNATP is deprecated. Use SizeAndTimeBasedRollingPolicy instead
00:38:09,344 |-WARN in ch.qos.logback.core.rolling.SizeAndTimeBasedFNATP@22f71333 - For more information see http://logback.qos.ch/manual/appenders.html#SizeAndTimeBasedRollingPolicy
00:38:09,348 |-INFO in ch.qos.logback.core.joran.action.NestedComplexPropertyIA - Assuming default type [ch.qos.logback.classic.encoder.PatternLayoutEncoder] for [encoder] property
00:38:09,350 |-INFO in ch.qos.logback.core.rolling.RollingFileAppender[FILE] - Active log file name: /tmp/application.log
00:38:09,350 |-INFO in ch.qos.logback.core.rolling.RollingFileAppender[FILE] - File property is set to [/tmp/application.log]
00:38:09,351 |-ERROR in ch.qos.logback.core.rolling.RollingFileAppender[FILE] - openFile(/tmp/application.log,true) call failed. java.io.FileNotFoundException: /tmp/application.log (Permission denied)
	at java.io.FileNotFoundException: /tmp/application.log (Permission denied)
	at 	at java.io.FileOutputStream.open0(Native Method)
	at 	at java.io.FileOutputStream.open(FileOutputStream.java:270)
	at 	at java.io.FileOutputStream.<init>(FileOutputStream.java:213)
	at 	at ch.qos.logback.core.recovery.ResilientFileOutputStream.<init>(ResilientFileOutputStream.java:26)
	at 	at ch.qos.logback.core.FileAppender.openFile(FileAppender.java:204)
	at 	at ch.qos.logback.core.FileAppender.start(FileAppender.java:127)
	at 	at ch.qos.logback.core.rolling.RollingFileAppender.start(RollingFileAppender.java:100)
	at 	at ch.qos.logback.core.joran.action.AppenderAction.end(AppenderAction.java:90)
	at 	at ch.qos.logback.core.joran.spi.Interpreter.callEndAction(Interpreter.java:309)
	at 	at ch.qos.logback.core.joran.spi.Interpreter.endElement(Interpreter.java:193)
	at 	at ch.qos.logback.core.joran.spi.Interpreter.endElement(Interpreter.java:179)
	at 	at ch.qos.logback.core.joran.spi.EventPlayer.play(EventPlayer.java:62)
	at 	at ch.qos.logback.core.joran.GenericConfigurator.doConfigure(GenericConfigurator.java:165)
	at 	at ch.qos.logback.core.joran.GenericConfigurator.doConfigure(GenericConfigurator.java:152)
	at 	at ch.qos.logback.core.joran.GenericConfigurator.doConfigure(GenericConfigurator.java:110)
	at 	at ch.qos.logback.core.joran.GenericConfigurator.doConfigure(GenericConfigurator.java:53)
	at 	at ch.qos.logback.classic.util.ContextInitializer.configureByResource(ContextInitializer.java:75)
	at 	at ch.qos.logback.classic.util.ContextInitializer.autoConfig(ContextInitializer.java:150)
	at 	at org.slf4j.impl.StaticLoggerBinder.init(StaticLoggerBinder.java:84)
	at 	at org.slf4j.impl.StaticLoggerBinder.<clinit>(StaticLoggerBinder.java:55)
	at 	at org.slf4j.LoggerFactory.bind(LoggerFactory.java:150)
	at 	at org.slf4j.LoggerFactory.performInitialization(LoggerFactory.java:124)
	at 	at org.slf4j.LoggerFactory.getILoggerFactory(LoggerFactory.java:412)
	at 	at org.slf4j.LoggerFactory.getLogger(LoggerFactory.java:357)
	at 	at org.slf4j.LoggerFactory.getLogger(LoggerFactory.java:383)
	at 	at com.spbsu.flamestream.runtime.WorkerApplication.<init>(WorkerApplication.java:26)
	at 	at com.spbsu.flamestream.runtime.WorkerApplication.main(WorkerApplication.java:68)
00:38:09,351 |-INFO in ch.qos.logback.classic.joran.action.RootLoggerAction - Setting level of ROOT logger to WARN
00:38:09,352 |-INFO in ch.qos.logback.core.joran.action.AppenderRefAction - Attaching appender named [STDOUT] to Logger[ROOT]
00:38:09,352 |-INFO in ch.qos.logback.core.joran.action.AppenderRefAction - Attaching appender named [FILE] to Logger[ROOT]
00:38:09,352 |-INFO in ch.qos.logback.classic.joran.action.ConfigurationAction - End of configuration.
00:38:09,353 |-INFO in ch.qos.logback.classic.joran.JoranConfigurator@3498ed - Registering current configuration as safe fallback point

2019-06-09T00:38:10.362+0300: 1.398: [GC (Metadata GC Threshold) [PSYoungGen: 97801K->15847K(149504K)] 97801K->15927K(491008K), 0.0186789 secs] [Times: user=0.08 sys=0.02, real=0.02 secs] 
2019-06-09T00:38:10.380+0300: 1.417: [Full GC (Metadata GC Threshold) [PSYoungGen: 15847K->0K(149504K)] [ParOldGen: 80K->14984K(341504K)] 15927K->14984K(491008K), [Metaspace: 20807K->20807K(1067008K)], 0.0247793 secs] [Times: user=0.14 sys=0.02, real=0.03 secs] 
00:38:18.616 [Curator-PathChildrenCache-1] WARN  o.a.c.u.ZKPaths  - The version of ZooKeeper being used doesn't support Container nodes. CreateMode.PERSISTENT will be used instead.
2019-06-09T00:38:19.296+0300: 10.333: [GC (Allocation Failure) [PSYoungGen: 128512K->15736K(149504K)] 143496K->50260K(491008K), 0.0265992 secs] [Times: user=0.20 sys=0.03, real=0.03 secs] 
2019-06-09T00:38:19.563+0300: 10.600: [GC (Metadata GC Threshold) [PSYoungGen: 27963K->5476K(149504K)] 62486K->40008K(491008K), 0.0033433 secs] [Times: user=0.03 sys=0.01, real=0.00 secs] 
2019-06-09T00:38:19.567+0300: 10.603: [Full GC (Metadata GC Threshold) [PSYoungGen: 5476K->0K(149504K)] [ParOldGen: 34531K->29119K(341504K)] 40008K->29119K(491008K), [Metaspace: 34556K->34556K(1079296K)], 0.0310270 secs] [Times: user=0.16 sys=0.00, real=0.03 secs] 
2019-06-09T00:38:23.840+0300: 14.966: [GC (Allocation Failure) [PSYoungGen: 128512K->640K(149504K)] 157631K->29767K(491008K), 0.0932110 secs] [Times: user=0.00 sys=0.02, real=0.09 secs] 
2019-06-09T00:38:28.391+0300: 19.428: [GC (Allocation Failure) [PSYoungGen: 129152K->640K(129536K)] 158279K->29775K(471040K), 0.0059652 secs] [Times: user=0.05 sys=0.01, real=0.01 secs] 
2019-06-09T00:38:32.986+0300: 24.023: [GC (Allocation Failure) [PSYoungGen: 129152K->672K(149504K)] 158287K->29815K(491008K), 0.0044744 secs] [Times: user=0.02 sys=0.01, real=0.00 secs] 
2019-06-09T00:38:37.525+0300: 28.561: [GC (Allocation Failure) [PSYoungGen: 128672K->608K(148992K)] 157815K->29759K(490496K), 0.0062244 secs] [Times: user=0.03 sys=0.01, real=0.00 secs] 
2019-06-09T00:38:42.108+0300: 33.145: [GC (Allocation Failure) [PSYoungGen: 128608K->576K(150528K)] 157759K->29735K(492032K), 0.0035558 secs] [Times: user=0.02 sys=0.00, real=0.00 secs] 
2019-06-09T00:38:46.820+0300: 37.857: [GC (Allocation Failure) [PSYoungGen: 130624K->640K(150016K)] 159783K->29807K(491520K), 0.0033615 secs] [Times: user=0.01 sys=0.00, real=0.01 secs] 
2019-06-09T00:38:51.548+0300: 42.585: [GC (Allocation Failure) [PSYoungGen: 130688K->576K(152064K)] 159855K->29751K(493568K), 0.0021258 secs] [Times: user=0.00 sys=0.00, real=0.00 secs] 
2019-06-09T00:38:56.369+0300: 47.406: [GC (Allocation Failure) [PSYoungGen: 133696K->576K(151552K)] 162871K->29759K(493056K), 0.0038670 secs] [Times: user=0.00 sys=0.02, real=0.00 secs] 
2019-06-09T00:39:01.160+0300: 52.197: [GC (Allocation Failure) [PSYoungGen: 133696K->672K(153600K)] 162879K->29863K(495104K), 0.0026159 secs] [Times: user=0.01 sys=0.01, real=0.01 secs] 
2019-06-09T00:39:06.075+0300: 57.112: [GC (Allocation Failure) [PSYoungGen: 136864K->736K(153088K)] 166055K->29935K(494592K), 0.0026325 secs] [Times: user=0.01 sys=0.00, real=0.00 secs] 
2019-06-09T00:39:10.814+0300: 61.851: [GC (Allocation Failure) [PSYoungGen: 136928K->1111K(155648K)] 166127K->30318K(497152K), 0.0040032 secs] [Times: user=0.01 sys=0.01, real=0.00 secs] 
2019-06-09T00:39:17.224+0300: 68.261: [GC (Allocation Failure) [PSYoungGen: 140887K->864K(154624K)] 170094K->30079K(496128K), 0.0028673 secs] [Times: user=0.01 sys=0.01, real=0.00 secs] 
2019-06-09T00:39:23.642+0300: 74.679: [GC (Allocation Failure) [PSYoungGen: 140640K->896K(157184K)] 169855K->30119K(498688K), 0.0026695 secs] [Times: user=0.01 sys=0.00, real=0.00 secs] 
2019-06-09T00:39:30.216+0300: 81.253: [GC (Allocation Failure) [PSYoungGen: 143744K->960K(156160K)] 172967K->30183K(497664K), 0.0038454 secs] [Times: user=0.03 sys=0.00, real=0.00 secs] 
2019-06-09T00:39:36.755+0300: 87.792: [GC (Allocation Failure) [PSYoungGen: 143808K->896K(158720K)] 173031K->30127K(500224K), 0.0027261 secs] [Times: user=0.00 sys=0.01, real=0.00 secs] 
00:39:47.281 [Curator-PathChildrenCache-0] ERROR o.a.c.f.r.c.PathChildrenCache  - 
java.lang.IllegalStateException: instance must be started before calling this method
	at org.apache.curator.shaded.com.google.common.base.Preconditions.checkState(Preconditions.java:444)
	at org.apache.curator.framework.imps.CuratorFrameworkImpl.getChildren(CuratorFrameworkImpl.java:456)
	at org.apache.curator.framework.recipes.cache.PathChildrenCache.refresh(PathChildrenCache.java:521)
	at org.apache.curator.framework.recipes.cache.RefreshOperation.invoke(RefreshOperation.java:35)
	at org.apache.curator.framework.recipes.cache.PathChildrenCache$9.run(PathChildrenCache.java:786)
	at java.util.concurrent.Executors$RunnableAdapter.call(Executors.java:511)
	at java.util.concurrent.FutureTask.run(FutureTask.java:266)
	at java.util.concurrent.Executors$RunnableAdapter.call(Executors.java:511)
	at java.util.concurrent.FutureTask.run(FutureTask.java:266)
	at java.util.concurrent.ThreadPoolExecutor.runWorker(ThreadPoolExecutor.java:1149)
	at java.util.concurrent.ThreadPoolExecutor$Worker.run(ThreadPoolExecutor.java:624)
	at java.lang.Thread.run(Thread.java:748)
00:39:47.377 [worker-akka.actor.default-dispatcher-8] ERROR c.s.f.r.WorkerApplication  - Something went wrong during trace flush
java.nio.file.AccessDeniedException: /tmp/trace.csv
	at sun.nio.fs.UnixException.translateToIOException(UnixException.java:84)
	at sun.nio.fs.UnixException.rethrowAsIOException(UnixException.java:102)
	at sun.nio.fs.UnixException.rethrowAsIOException(UnixException.java:107)
	at sun.nio.fs.UnixFileSystemProvider.newByteChannel(UnixFileSystemProvider.java:214)
	at java.nio.file.spi.FileSystemProvider.newOutputStream(FileSystemProvider.java:434)
	at java.nio.file.Files.newOutputStream(Files.java:216)
	at java.nio.file.Files.newBufferedWriter(Files.java:2860)
	at java.nio.file.Files.newBufferedWriter(Files.java:2896)
	at com.spbsu.flamestream.runtime.utils.tracing.Tracing.flush(Tracing.java:35)
	at com.spbsu.flamestream.runtime.WorkerApplication.lambda$run$0(WorkerApplication.java:109)
	at akka.actor.ActorSystemImpl$TerminationCallbacks$$anonfun$addRec$1$1.applyOrElse(ActorSystem.scala:1036)
	at akka.actor.ActorSystemImpl$TerminationCallbacks$$anonfun$addRec$1$1.applyOrElse(ActorSystem.scala:1036)
	at scala.concurrent.Future$$anonfun$andThen$1.apply(Future.scala:436)
	at scala.concurrent.Future$$anonfun$andThen$1.apply(Future.scala:435)
	at scala.concurrent.impl.CallbackRunnable.run(Promise.scala:36)
	at akka.dispatch.BatchingExecutor$AbstractBatch.processBatch(BatchingExecutor.scala:55)
	at akka.dispatch.BatchingExecutor$BlockableBatch$$anonfun$run$1.apply$mcV$sp(BatchingExecutor.scala:91)
	at akka.dispatch.BatchingExecutor$BlockableBatch$$anonfun$run$1.apply(BatchingExecutor.scala:91)
	at akka.dispatch.BatchingExecutor$BlockableBatch$$anonfun$run$1.apply(BatchingExecutor.scala:91)
	at scala.concurrent.BlockContext$.withBlockContext(BlockContext.scala:72)
	at akka.dispatch.BatchingExecutor$BlockableBatch.run(BatchingExecutor.scala:90)
	at akka.dispatch.TaskInvocation.run(AbstractDispatcher.scala:40)
	at akka.dispatch.ForkJoinExecutorConfigurator$AkkaForkJoinTask.exec(ForkJoinExecutorConfigurator.scala:44)
	at akka.dispatch.forkjoin.ForkJoinTask.doExec(ForkJoinTask.java:260)
	at akka.dispatch.forkjoin.ForkJoinPool$WorkQueue.runTask(ForkJoinPool.java:1339)
	at akka.dispatch.forkjoin.ForkJoinPool.runWorker(ForkJoinPool.java:1979)
	at akka.dispatch.forkjoin.ForkJoinWorkerThread.run(ForkJoinWorkerThread.java:107)
Heap
 PSYoungGen      total 158720K, used 79671K [0x00000000f5980000, 0x0000000100000000, 0x0000000100000000)
  eden space 145920K, 53% used [0x00000000f5980000,0x00000000fa66db38,0x00000000fe800000)
  from space 12800K, 7% used [0x00000000ff380000,0x00000000ff4600e0,0x0000000100000000)
  to   space 11776K, 0% used [0x00000000fe800000,0x00000000fe800000,0x00000000ff380000)
 ParOldGen       total 341504K, used 29231K [0x00000000e0c00000, 0x00000000f5980000, 0x00000000f5980000)
  object space 341504K, 8% used [0x00000000e0c00000,0x00000000e288bd18,0x00000000f5980000)
 Metaspace       used 36311K, capacity 37112K, committed 37464K, reserved 1081344K
  class space    used 4988K, capacity 5162K, committed 5248K, reserved 1048576K
