22:31:08,879 |-INFO in ch.qos.logback.classic.LoggerContext[default] - Could NOT find resource [logback-test.xml]
22:31:08,879 |-INFO in ch.qos.logback.classic.LoggerContext[default] - Could NOT find resource [logback.groovy]
22:31:08,879 |-INFO in ch.qos.logback.classic.LoggerContext[default] - Found resource [logback.xml] at [jar:file:/home/nikitasokolov/flamestream/lib/flamestream-runtime-1.0-SNAPSHOT.jar!/logback.xml]
22:31:08,880 |-WARN in ch.qos.logback.classic.LoggerContext[default] - Resource [logback.xml] occurs multiple times on the classpath.
22:31:08,880 |-WARN in ch.qos.logback.classic.LoggerContext[default] - Resource [logback.xml] occurs at [jar:file:/home/nikitasokolov/flamestream/lib/flamestream-runtime-1.0-SNAPSHOT.jar!/logback.xml]
22:31:08,880 |-WARN in ch.qos.logback.classic.LoggerContext[default] - Resource [logback.xml] occurs at [jar:file:/home/nikitasokolov/flamestream/flamestream-runtime-1.0-SNAPSHOT.jar!/logback.xml]
22:31:08,896 |-INFO in ch.qos.logback.core.joran.spi.ConfigurationWatchList@6aaa5eb0 - URL [jar:file:/home/nikitasokolov/flamestream/lib/flamestream-runtime-1.0-SNAPSHOT.jar!/logback.xml] is not of type file
22:31:08,948 |-INFO in ch.qos.logback.classic.joran.action.ConfigurationAction - debug attribute not set
22:31:08,948 |-INFO in ch.qos.logback.core.joran.action.AppenderAction - About to instantiate appender of type [ch.qos.logback.core.ConsoleAppender]
22:31:08,956 |-INFO in ch.qos.logback.core.joran.action.AppenderAction - Naming appender as [STDOUT]
22:31:08,963 |-INFO in ch.qos.logback.core.joran.action.NestedComplexPropertyIA - Assuming default type [ch.qos.logback.classic.encoder.PatternLayoutEncoder] for [encoder] property
22:31:09,022 |-INFO in ch.qos.logback.core.joran.action.AppenderAction - About to instantiate appender of type [ch.qos.logback.core.rolling.RollingFileAppender]
22:31:09,027 |-INFO in ch.qos.logback.core.joran.action.AppenderAction - Naming appender as [FILE]
22:31:09,050 |-INFO in c.q.l.core.rolling.TimeBasedRollingPolicy@3447021 - No compression will be used
22:31:09,051 |-INFO in c.q.l.core.rolling.TimeBasedRollingPolicy@3447021 - Will use the pattern /tmp/application_%d{yyyy-MM-dd}.%i.log for the active file
22:31:09,054 |-INFO in ch.qos.logback.core.rolling.SizeAndTimeBasedFNATP@1a407d53 - The date pattern is 'yyyy-MM-dd' from file name pattern '/tmp/application_%d{yyyy-MM-dd}.%i.log'.
22:31:09,054 |-INFO in ch.qos.logback.core.rolling.SizeAndTimeBasedFNATP@1a407d53 - Roll-over at midnight.
22:31:09,058 |-INFO in ch.qos.logback.core.rolling.SizeAndTimeBasedFNATP@1a407d53 - Setting initial period to Thu Jun 06 22:00:24 MSK 2019
22:31:09,058 |-WARN in ch.qos.logback.core.rolling.SizeAndTimeBasedFNATP@1a407d53 - SizeAndTimeBasedFNATP is deprecated. Use SizeAndTimeBasedRollingPolicy instead
22:31:09,058 |-WARN in ch.qos.logback.core.rolling.SizeAndTimeBasedFNATP@1a407d53 - For more information see http://logback.qos.ch/manual/appenders.html#SizeAndTimeBasedRollingPolicy
22:31:09,062 |-INFO in ch.qos.logback.core.joran.action.NestedComplexPropertyIA - Assuming default type [ch.qos.logback.classic.encoder.PatternLayoutEncoder] for [encoder] property
22:31:09,064 |-INFO in ch.qos.logback.core.rolling.RollingFileAppender[FILE] - Active log file name: /tmp/application.log
22:31:09,064 |-INFO in ch.qos.logback.core.rolling.RollingFileAppender[FILE] - File property is set to [/tmp/application.log]
22:31:09,065 |-ERROR in ch.qos.logback.core.rolling.RollingFileAppender[FILE] - openFile(/tmp/application.log,true) call failed. java.io.FileNotFoundException: /tmp/application.log (Permission denied)
	at java.io.FileNotFoundException: /tmp/application.log (Permission denied)
	at 	at java.io.FileOutputStream.open0(Native Method)
	at 	at java.io.FileOutputStream.open(FileOutputStream.java:270)
	at 	at java.io.FileOutputStream.<init>(FileOutputStream.java:213)
	at 	at ch.qos.logback.core.recovery.ResilientFileOutputStream.<init>(ResilientFileOutputStream.java:26)
	at 	at ch.qos.logback.core.FileAppender.openFile(FileAppender.java:204)
	at 	at ch.qos.logback.core.FileAppender.start(FileAppender.java:127)
	at 	at ch.qos.logback.core.rolling.RollingFileAppender.start(RollingFileAppender.java:100)
	at 	at ch.qos.logback.core.joran.action.AppenderAction.end(AppenderAction.java:90)
	at 	at ch.qos.logback.core.joran.spi.Interpreter.callEndAction(Interpreter.java:309)
	at 	at ch.qos.logback.core.joran.spi.Interpreter.endElement(Interpreter.java:193)
	at 	at ch.qos.logback.core.joran.spi.Interpreter.endElement(Interpreter.java:179)
	at 	at ch.qos.logback.core.joran.spi.EventPlayer.play(EventPlayer.java:62)
	at 	at ch.qos.logback.core.joran.GenericConfigurator.doConfigure(GenericConfigurator.java:165)
	at 	at ch.qos.logback.core.joran.GenericConfigurator.doConfigure(GenericConfigurator.java:152)
	at 	at ch.qos.logback.core.joran.GenericConfigurator.doConfigure(GenericConfigurator.java:110)
	at 	at ch.qos.logback.core.joran.GenericConfigurator.doConfigure(GenericConfigurator.java:53)
	at 	at ch.qos.logback.classic.util.ContextInitializer.configureByResource(ContextInitializer.java:75)
	at 	at ch.qos.logback.classic.util.ContextInitializer.autoConfig(ContextInitializer.java:150)
	at 	at org.slf4j.impl.StaticLoggerBinder.init(StaticLoggerBinder.java:84)
	at 	at org.slf4j.impl.StaticLoggerBinder.<clinit>(StaticLoggerBinder.java:55)
	at 	at org.slf4j.LoggerFactory.bind(LoggerFactory.java:150)
	at 	at org.slf4j.LoggerFactory.performInitialization(LoggerFactory.java:124)
	at 	at org.slf4j.LoggerFactory.getILoggerFactory(LoggerFactory.java:412)
	at 	at org.slf4j.LoggerFactory.getLogger(LoggerFactory.java:357)
	at 	at org.slf4j.LoggerFactory.getLogger(LoggerFactory.java:383)
	at 	at com.spbsu.flamestream.runtime.WorkerApplication.<init>(WorkerApplication.java:26)
	at 	at com.spbsu.flamestream.runtime.WorkerApplication.main(WorkerApplication.java:68)
22:31:09,066 |-INFO in ch.qos.logback.classic.joran.action.RootLoggerAction - Setting level of ROOT logger to WARN
22:31:09,066 |-INFO in ch.qos.logback.core.joran.action.AppenderRefAction - Attaching appender named [STDOUT] to Logger[ROOT]
22:31:09,066 |-INFO in ch.qos.logback.core.joran.action.AppenderRefAction - Attaching appender named [FILE] to Logger[ROOT]
22:31:09,066 |-INFO in ch.qos.logback.classic.joran.action.ConfigurationAction - End of configuration.
22:31:09,067 |-INFO in ch.qos.logback.classic.joran.JoranConfigurator@21bcffb5 - Registering current configuration as safe fallback point

Ama winner
Ama winner
2019-06-09T22:31:10.064+0300: 1.389: [GC (Metadata GC Threshold) [PSYoungGen: 92669K->15970K(149504K)] 92669K->16051K(491008K), 0.0175269 secs] [Times: user=0.06 sys=0.02, real=0.02 secs] 
2019-06-09T22:31:10.081+0300: 1.407: [Full GC (Metadata GC Threshold) [PSYoungGen: 15970K->0K(149504K)] [ParOldGen: 80K->15103K(341504K)] 16051K->15103K(491008K), [Metaspace: 20801K->20801K(1067008K)], 0.0302625 secs] [Times: user=0.16 sys=0.00, real=0.03 secs] 
22:31:18.331 [worker-akka.actor.default-dispatcher-3-SendThread(172.18.198.21:12181)] WARN  o.a.z.ClientCnxn  - Session 0x1029330d2e50712 for server null, unexpected error, closing socket connection and attempting reconnect
java.net.ConnectException: Connection refused
	at sun.nio.ch.SocketChannelImpl.checkConnect(Native Method)
	at sun.nio.ch.SocketChannelImpl.finishConnect(SocketChannelImpl.java:717)
	at org.apache.zookeeper.ClientCnxnSocketNIO.doTransport(ClientCnxnSocketNIO.java:361)
	at org.apache.zookeeper.ClientCnxn$SendThread.run(ClientCnxn.java:1141)
22:31:22.319 [Curator-PathChildrenCache-2] WARN  o.a.c.u.ZKPaths  - The version of ZooKeeper being used doesn't support Container nodes. CreateMode.PERSISTENT will be used instead.
2019-06-09T22:31:22.943+0300: 14.268: [GC (Metadata GC Threshold) [PSYoungGen: 123972K->16734K(149504K)] 139076K->51376K(491008K), 0.0257874 secs] [Times: user=0.22 sys=0.01, real=0.03 secs] 
2019-06-09T22:31:22.969+0300: 14.294: [Full GC (Metadata GC Threshold) [PSYoungGen: 16734K->0K(149504K)] [ParOldGen: 34642K->39821K(341504K)] 51376K->39821K(491008K), [Metaspace: 34376K->34375K(1079296K)], 0.0332206 secs] [Times: user=0.19 sys=0.01, real=0.03 secs] 
22:31:24.942 [worker-akka.actor.default-dispatcher-3-EventThread] ERROR o.a.c.f.r.c.NodeCache  - Calling listener
java.lang.NullPointerException: null
	at com.spbsu.flamestream.runtime.ProcessingWatcher.lambda$preStart$0(ProcessingWatcher.java:95)
	at org.apache.curator.framework.recipes.cache.NodeCache$4.apply(NodeCache.java:326)
	at org.apache.curator.framework.recipes.cache.NodeCache$4.apply(NodeCache.java:320)
	at org.apache.curator.framework.listen.ListenerContainer$1.run(ListenerContainer.java:93)
	at org.apache.curator.shaded.com.google.common.util.concurrent.MoreExecutors$DirectExecutor.execute(MoreExecutors.java:435)
	at org.apache.curator.framework.listen.ListenerContainer.forEach(ListenerContainer.java:85)
	at org.apache.curator.framework.recipes.cache.NodeCache.setNewData(NodeCache.java:318)
	at org.apache.curator.framework.recipes.cache.NodeCache.processBackgroundResult(NodeCache.java:294)
	at org.apache.curator.framework.recipes.cache.NodeCache.access$300(NodeCache.java:57)
	at org.apache.curator.framework.recipes.cache.NodeCache$3.processResult(NodeCache.java:123)
	at org.apache.curator.framework.imps.CuratorFrameworkImpl.sendToBackgroundCallback(CuratorFrameworkImpl.java:865)
	at org.apache.curator.framework.imps.CuratorFrameworkImpl.processBackgroundOperation(CuratorFrameworkImpl.java:635)
	at org.apache.curator.framework.imps.WatcherRemovalFacade.processBackgroundOperation(WatcherRemovalFacade.java:152)
	at org.apache.curator.framework.imps.ExistsBuilderImpl$1.processResult(ExistsBuilderImpl.java:166)
	at org.apache.zookeeper.ClientCnxn$EventThread.processEvent(ClientCnxn.java:563)
	at org.apache.zookeeper.ClientCnxn$EventThread.run(ClientCnxn.java:505)
22:31:24.966 [worker-akka.actor.default-dispatcher-3-EventThread] ERROR o.a.c.f.r.c.NodeCache  - Calling listener
com.esotericsoftware.kryo.KryoException: Buffer too small: capacity: 0, required: 1
	at com.esotericsoftware.kryo.io.ByteBufferInput.require(ByteBufferInput.java:192)
	at com.esotericsoftware.kryo.io.ByteBufferInput.readVarInt(ByteBufferInput.java:396)
	at com.esotericsoftware.kryo.util.DefaultClassResolver.readClass(DefaultClassResolver.java:127)
	at com.esotericsoftware.kryo.Kryo.readClass(Kryo.java:693)
	at com.esotericsoftware.kryo.Kryo.readClassAndObject(Kryo.java:804)
	at com.spbsu.flamestream.runtime.serialization.KryoSerializer.deserialize(KryoSerializer.java:31)
	at com.spbsu.flamestream.runtime.ProcessingWatcher.lambda$preStart$0(ProcessingWatcher.java:95)
	at org.apache.curator.framework.recipes.cache.NodeCache$4.apply(NodeCache.java:326)
	at org.apache.curator.framework.recipes.cache.NodeCache$4.apply(NodeCache.java:320)
	at org.apache.curator.framework.listen.ListenerContainer$1.run(ListenerContainer.java:93)
	at org.apache.curator.shaded.com.google.common.util.concurrent.MoreExecutors$DirectExecutor.execute(MoreExecutors.java:435)
	at org.apache.curator.framework.listen.ListenerContainer.forEach(ListenerContainer.java:85)
	at org.apache.curator.framework.recipes.cache.NodeCache.setNewData(NodeCache.java:318)
	at org.apache.curator.framework.recipes.cache.NodeCache.processBackgroundResult(NodeCache.java:285)
	at org.apache.curator.framework.recipes.cache.NodeCache.access$300(NodeCache.java:57)
	at org.apache.curator.framework.recipes.cache.NodeCache$3.processResult(NodeCache.java:123)
	at org.apache.curator.framework.imps.CuratorFrameworkImpl.sendToBackgroundCallback(CuratorFrameworkImpl.java:865)
	at org.apache.curator.framework.imps.CuratorFrameworkImpl.processBackgroundOperation(CuratorFrameworkImpl.java:635)
	at org.apache.curator.framework.imps.WatcherRemovalFacade.processBackgroundOperation(WatcherRemovalFacade.java:152)
	at org.apache.curator.framework.imps.GetDataBuilderImpl$3.processResult(GetDataBuilderImpl.java:272)
	at org.apache.zookeeper.ClientCnxn$EventThread.processEvent(ClientCnxn.java:569)
	at org.apache.zookeeper.ClientCnxn$EventThread.run(ClientCnxn.java:505)
2019-06-09T22:32:35.746+0300: 87.071: [GC (Allocation Failure) [PSYoungGen: 128512K->800K(149504K)] 168333K->40630K(491008K), 0.0046733 secs] [Times: user=0.02 sys=0.00, real=0.00 secs] 
22:32:54.489 [Curator-PathChildrenCache-0] ERROR o.a.c.f.r.c.PathChildrenCache  - 
java.lang.IllegalStateException: instance must be started before calling this method
	at org.apache.curator.shaded.com.google.common.base.Preconditions.checkState(Preconditions.java:444)
	at org.apache.curator.framework.imps.CuratorFrameworkImpl.getChildren(CuratorFrameworkImpl.java:456)
	at org.apache.curator.framework.recipes.cache.PathChildrenCache.refresh(PathChildrenCache.java:521)
	at org.apache.curator.framework.recipes.cache.RefreshOperation.invoke(RefreshOperation.java:35)
	at org.apache.curator.framework.recipes.cache.PathChildrenCache$9.run(PathChildrenCache.java:786)
	at java.util.concurrent.Executors$RunnableAdapter.call(Executors.java:511)
	at java.util.concurrent.FutureTask.run(FutureTask.java:266)
	at java.util.concurrent.Executors$RunnableAdapter.call(Executors.java:511)
	at java.util.concurrent.FutureTask.run(FutureTask.java:266)
	at java.util.concurrent.ThreadPoolExecutor.runWorker(ThreadPoolExecutor.java:1149)
	at java.util.concurrent.ThreadPoolExecutor$Worker.run(ThreadPoolExecutor.java:624)
	at java.lang.Thread.run(Thread.java:748)
22:32:55.591 [worker-akka.actor.default-dispatcher-2] ERROR c.s.f.r.WorkerApplication  - Something went wrong during trace flush
java.nio.file.AccessDeniedException: /tmp/trace.csv
	at sun.nio.fs.UnixException.translateToIOException(UnixException.java:84)
	at sun.nio.fs.UnixException.rethrowAsIOException(UnixException.java:102)
	at sun.nio.fs.UnixException.rethrowAsIOException(UnixException.java:107)
	at sun.nio.fs.UnixFileSystemProvider.newByteChannel(UnixFileSystemProvider.java:214)
	at java.nio.file.spi.FileSystemProvider.newOutputStream(FileSystemProvider.java:434)
	at java.nio.file.Files.newOutputStream(Files.java:216)
	at java.nio.file.Files.newBufferedWriter(Files.java:2860)
	at java.nio.file.Files.newBufferedWriter(Files.java:2896)
	at com.spbsu.flamestream.runtime.utils.tracing.Tracing.flush(Tracing.java:35)
	at com.spbsu.flamestream.runtime.WorkerApplication.lambda$run$0(WorkerApplication.java:109)
	at akka.actor.ActorSystemImpl$TerminationCallbacks$$anonfun$addRec$1$1.applyOrElse(ActorSystem.scala:1036)
	at akka.actor.ActorSystemImpl$TerminationCallbacks$$anonfun$addRec$1$1.applyOrElse(ActorSystem.scala:1036)
	at scala.concurrent.Future$$anonfun$andThen$1.apply(Future.scala:436)
	at scala.concurrent.Future$$anonfun$andThen$1.apply(Future.scala:435)
	at scala.concurrent.impl.CallbackRunnable.run(Promise.scala:36)
	at akka.dispatch.BatchingExecutor$AbstractBatch.processBatch(BatchingExecutor.scala:55)
	at akka.dispatch.BatchingExecutor$BlockableBatch$$anonfun$run$1.apply$mcV$sp(BatchingExecutor.scala:91)
	at akka.dispatch.BatchingExecutor$BlockableBatch$$anonfun$run$1.apply(BatchingExecutor.scala:91)
	at akka.dispatch.BatchingExecutor$BlockableBatch$$anonfun$run$1.apply(BatchingExecutor.scala:91)
	at scala.concurrent.BlockContext$.withBlockContext(BlockContext.scala:72)
	at akka.dispatch.BatchingExecutor$BlockableBatch.run(BatchingExecutor.scala:90)
	at akka.dispatch.TaskInvocation.run(AbstractDispatcher.scala:40)
	at akka.dispatch.ForkJoinExecutorConfigurator$AkkaForkJoinTask.exec(ForkJoinExecutorConfigurator.scala:44)
	at akka.dispatch.forkjoin.ForkJoinTask.doExec(ForkJoinTask.java:260)
	at akka.dispatch.forkjoin.ForkJoinPool$WorkQueue.runTask(ForkJoinPool.java:1339)
	at akka.dispatch.forkjoin.ForkJoinPool.runWorker(ForkJoinPool.java:1979)
	at akka.dispatch.forkjoin.ForkJoinWorkerThread.run(ForkJoinWorkerThread.java:107)
Heap
 PSYoungGen      total 149504K, used 25046K [0x00000000f5980000, 0x0000000100000000, 0x0000000100000000)
  eden space 128512K, 18% used [0x00000000f5980000,0x00000000f712dac0,0x00000000fd700000)
  from space 20992K, 3% used [0x00000000fd700000,0x00000000fd7c8040,0x00000000feb80000)
  to   space 20992K, 0% used [0x00000000feb80000,0x00000000feb80000,0x0000000100000000)
 ParOldGen       total 341504K, used 39829K [0x00000000e0c00000, 0x00000000f5980000, 0x00000000f5980000)
  object space 341504K, 11% used [0x00000000e0c00000,0x00000000e32e57d8,0x00000000f5980000)
 Metaspace       used 36450K, capacity 37400K, committed 37504K, reserved 1081344K
  class space    used 5033K, capacity 5218K, committed 5248K, reserved 1048576K
